[2024-08-25T00:00:15.945+0000] {processor.py:186} INFO - Started process (PID=38537) to work on /home/airflow/.local/lib/python3.12/site-packages/airflow/example_dags/example_display_name.py
[2024-08-25T00:00:15.948+0000] {processor.py:914} INFO - Processing file /home/airflow/.local/lib/python3.12/site-packages/airflow/example_dags/example_display_name.py for tasks to queue
[2024-08-25T00:00:15.955+0000] {logging_mixin.py:190} INFO - [2024-08-25T00:00:15.954+0000] {dagbag.py:587} INFO - Filling up the DagBag from /home/airflow/.local/lib/python3.12/site-packages/airflow/example_dags/example_display_name.py
[2024-08-25T00:00:15.975+0000] {processor.py:925} INFO - DAG(s) 'example_display_name' retrieved from /home/airflow/.local/lib/python3.12/site-packages/airflow/example_dags/example_display_name.py
[2024-08-25T00:00:16.021+0000] {logging_mixin.py:190} INFO - [2024-08-25T00:00:16.020+0000] {dag.py:3211} INFO - Sync 1 DAGs
[2024-08-25T00:00:16.062+0000] {logging_mixin.py:190} INFO - [2024-08-25T00:00:16.061+0000] {dag.py:4138} INFO - Setting next_dagrun for example_display_name to None, run_after=None
[2024-08-25T00:00:16.106+0000] {processor.py:208} INFO - Processing /home/airflow/.local/lib/python3.12/site-packages/airflow/example_dags/example_display_name.py took 0.179 seconds
[2024-08-25T00:05:57.523+0000] {processor.py:186} INFO - Started process (PID=107) to work on /home/airflow/.local/lib/python3.12/site-packages/airflow/example_dags/example_display_name.py
[2024-08-25T00:05:57.534+0000] {processor.py:914} INFO - Processing file /home/airflow/.local/lib/python3.12/site-packages/airflow/example_dags/example_display_name.py for tasks to queue
[2024-08-25T00:05:57.553+0000] {logging_mixin.py:190} INFO - [2024-08-25T00:05:57.546+0000] {dagbag.py:587} INFO - Filling up the DagBag from /home/airflow/.local/lib/python3.12/site-packages/airflow/example_dags/example_display_name.py
[2024-08-25T00:05:57.588+0000] {processor.py:925} INFO - DAG(s) 'example_display_name' retrieved from /home/airflow/.local/lib/python3.12/site-packages/airflow/example_dags/example_display_name.py
[2024-08-25T00:05:57.680+0000] {logging_mixin.py:190} INFO - [2024-08-25T00:05:57.679+0000] {dag.py:3211} INFO - Sync 1 DAGs
[2024-08-25T00:05:57.753+0000] {logging_mixin.py:190} INFO - [2024-08-25T00:05:57.752+0000] {dag.py:4138} INFO - Setting next_dagrun for example_display_name to None, run_after=None
[2024-08-25T00:05:57.828+0000] {processor.py:208} INFO - Processing /home/airflow/.local/lib/python3.12/site-packages/airflow/example_dags/example_display_name.py took 0.328 seconds
[2024-08-25T00:06:47.882+0000] {processor.py:186} INFO - Started process (PID=171) to work on /home/airflow/.local/lib/python3.12/site-packages/airflow/example_dags/example_display_name.py
[2024-08-25T00:06:47.896+0000] {processor.py:914} INFO - Processing file /home/airflow/.local/lib/python3.12/site-packages/airflow/example_dags/example_display_name.py for tasks to queue
[2024-08-25T00:06:47.931+0000] {logging_mixin.py:190} INFO - [2024-08-25T00:06:47.930+0000] {dagbag.py:587} INFO - Filling up the DagBag from /home/airflow/.local/lib/python3.12/site-packages/airflow/example_dags/example_display_name.py
[2024-08-25T00:06:48.028+0000] {processor.py:925} INFO - DAG(s) 'example_display_name' retrieved from /home/airflow/.local/lib/python3.12/site-packages/airflow/example_dags/example_display_name.py
[2024-08-25T00:06:48.217+0000] {logging_mixin.py:190} INFO - [2024-08-25T00:06:48.207+0000] {dag.py:3211} INFO - Sync 1 DAGs
[2024-08-25T00:06:48.362+0000] {logging_mixin.py:190} INFO - [2024-08-25T00:06:48.361+0000] {dag.py:4138} INFO - Setting next_dagrun for example_display_name to None, run_after=None
[2024-08-25T00:06:48.512+0000] {processor.py:208} INFO - Processing /home/airflow/.local/lib/python3.12/site-packages/airflow/example_dags/example_display_name.py took 0.671 seconds
[2024-08-25T00:07:24.292+0000] {processor.py:186} INFO - Started process (PID=234) to work on /home/airflow/.local/lib/python3.12/site-packages/airflow/example_dags/example_display_name.py
[2024-08-25T00:07:24.297+0000] {processor.py:914} INFO - Processing file /home/airflow/.local/lib/python3.12/site-packages/airflow/example_dags/example_display_name.py for tasks to queue
[2024-08-25T00:07:24.305+0000] {logging_mixin.py:190} INFO - [2024-08-25T00:07:24.304+0000] {dagbag.py:587} INFO - Filling up the DagBag from /home/airflow/.local/lib/python3.12/site-packages/airflow/example_dags/example_display_name.py
[2024-08-25T00:07:24.328+0000] {processor.py:925} INFO - DAG(s) 'example_display_name' retrieved from /home/airflow/.local/lib/python3.12/site-packages/airflow/example_dags/example_display_name.py
[2024-08-25T00:07:24.386+0000] {logging_mixin.py:190} INFO - [2024-08-25T00:07:24.384+0000] {dag.py:3211} INFO - Sync 1 DAGs
[2024-08-25T00:07:24.454+0000] {logging_mixin.py:190} INFO - [2024-08-25T00:07:24.453+0000] {dag.py:4138} INFO - Setting next_dagrun for example_display_name to None, run_after=None
[2024-08-25T00:07:24.557+0000] {processor.py:208} INFO - Processing /home/airflow/.local/lib/python3.12/site-packages/airflow/example_dags/example_display_name.py took 0.309 seconds
[2024-08-25T00:07:58.358+0000] {processor.py:186} INFO - Started process (PID=296) to work on /home/airflow/.local/lib/python3.12/site-packages/airflow/example_dags/example_display_name.py
[2024-08-25T00:07:58.387+0000] {processor.py:914} INFO - Processing file /home/airflow/.local/lib/python3.12/site-packages/airflow/example_dags/example_display_name.py for tasks to queue
[2024-08-25T00:07:58.402+0000] {logging_mixin.py:190} INFO - [2024-08-25T00:07:58.399+0000] {dagbag.py:587} INFO - Filling up the DagBag from /home/airflow/.local/lib/python3.12/site-packages/airflow/example_dags/example_display_name.py
[2024-08-25T00:07:58.497+0000] {processor.py:925} INFO - DAG(s) 'example_display_name' retrieved from /home/airflow/.local/lib/python3.12/site-packages/airflow/example_dags/example_display_name.py
[2024-08-25T00:07:58.655+0000] {logging_mixin.py:190} INFO - [2024-08-25T00:07:58.653+0000] {dag.py:3211} INFO - Sync 1 DAGs
[2024-08-25T00:07:58.765+0000] {logging_mixin.py:190} INFO - [2024-08-25T00:07:58.765+0000] {dag.py:4138} INFO - Setting next_dagrun for example_display_name to None, run_after=None
[2024-08-25T00:07:58.906+0000] {processor.py:208} INFO - Processing /home/airflow/.local/lib/python3.12/site-packages/airflow/example_dags/example_display_name.py took 0.589 seconds
[2024-08-25T00:08:31.151+0000] {processor.py:186} INFO - Started process (PID=365) to work on /home/airflow/.local/lib/python3.12/site-packages/airflow/example_dags/example_display_name.py
[2024-08-25T00:08:31.169+0000] {processor.py:914} INFO - Processing file /home/airflow/.local/lib/python3.12/site-packages/airflow/example_dags/example_display_name.py for tasks to queue
[2024-08-25T00:08:31.193+0000] {logging_mixin.py:190} INFO - [2024-08-25T00:08:31.192+0000] {dagbag.py:587} INFO - Filling up the DagBag from /home/airflow/.local/lib/python3.12/site-packages/airflow/example_dags/example_display_name.py
[2024-08-25T00:08:31.234+0000] {processor.py:925} INFO - DAG(s) 'example_display_name' retrieved from /home/airflow/.local/lib/python3.12/site-packages/airflow/example_dags/example_display_name.py
[2024-08-25T00:08:31.304+0000] {logging_mixin.py:190} INFO - [2024-08-25T00:08:31.303+0000] {dag.py:3211} INFO - Sync 1 DAGs
[2024-08-25T00:08:31.383+0000] {logging_mixin.py:190} INFO - [2024-08-25T00:08:31.382+0000] {dag.py:4138} INFO - Setting next_dagrun for example_display_name to None, run_after=None
[2024-08-25T00:08:31.495+0000] {processor.py:208} INFO - Processing /home/airflow/.local/lib/python3.12/site-packages/airflow/example_dags/example_display_name.py took 0.430 seconds
[2024-08-25T00:09:02.241+0000] {processor.py:186} INFO - Started process (PID=428) to work on /home/airflow/.local/lib/python3.12/site-packages/airflow/example_dags/example_display_name.py
[2024-08-25T00:09:02.264+0000] {processor.py:914} INFO - Processing file /home/airflow/.local/lib/python3.12/site-packages/airflow/example_dags/example_display_name.py for tasks to queue
[2024-08-25T00:09:02.283+0000] {logging_mixin.py:190} INFO - [2024-08-25T00:09:02.282+0000] {dagbag.py:587} INFO - Filling up the DagBag from /home/airflow/.local/lib/python3.12/site-packages/airflow/example_dags/example_display_name.py
[2024-08-25T00:09:02.343+0000] {processor.py:925} INFO - DAG(s) 'example_display_name' retrieved from /home/airflow/.local/lib/python3.12/site-packages/airflow/example_dags/example_display_name.py
[2024-08-25T00:09:02.542+0000] {logging_mixin.py:190} INFO - [2024-08-25T00:09:02.541+0000] {dag.py:3211} INFO - Sync 1 DAGs
[2024-08-25T00:09:02.615+0000] {logging_mixin.py:190} INFO - [2024-08-25T00:09:02.614+0000] {dag.py:4138} INFO - Setting next_dagrun for example_display_name to None, run_after=None
[2024-08-25T00:09:02.696+0000] {processor.py:208} INFO - Processing /home/airflow/.local/lib/python3.12/site-packages/airflow/example_dags/example_display_name.py took 0.506 seconds
[2024-08-25T00:09:33.057+0000] {processor.py:186} INFO - Started process (PID=492) to work on /home/airflow/.local/lib/python3.12/site-packages/airflow/example_dags/example_display_name.py
[2024-08-25T00:09:33.060+0000] {processor.py:914} INFO - Processing file /home/airflow/.local/lib/python3.12/site-packages/airflow/example_dags/example_display_name.py for tasks to queue
[2024-08-25T00:09:33.067+0000] {logging_mixin.py:190} INFO - [2024-08-25T00:09:33.066+0000] {dagbag.py:587} INFO - Filling up the DagBag from /home/airflow/.local/lib/python3.12/site-packages/airflow/example_dags/example_display_name.py
[2024-08-25T00:09:33.109+0000] {processor.py:925} INFO - DAG(s) 'example_display_name' retrieved from /home/airflow/.local/lib/python3.12/site-packages/airflow/example_dags/example_display_name.py
[2024-08-25T00:09:33.173+0000] {logging_mixin.py:190} INFO - [2024-08-25T00:09:33.172+0000] {dag.py:3211} INFO - Sync 1 DAGs
[2024-08-25T00:09:33.246+0000] {logging_mixin.py:190} INFO - [2024-08-25T00:09:33.245+0000] {dag.py:4138} INFO - Setting next_dagrun for example_display_name to None, run_after=None
[2024-08-25T00:09:33.362+0000] {processor.py:208} INFO - Processing /home/airflow/.local/lib/python3.12/site-packages/airflow/example_dags/example_display_name.py took 0.327 seconds
[2024-08-25T00:10:03.530+0000] {processor.py:186} INFO - Started process (PID=554) to work on /home/airflow/.local/lib/python3.12/site-packages/airflow/example_dags/example_display_name.py
[2024-08-25T00:10:03.532+0000] {processor.py:914} INFO - Processing file /home/airflow/.local/lib/python3.12/site-packages/airflow/example_dags/example_display_name.py for tasks to queue
[2024-08-25T00:10:03.538+0000] {logging_mixin.py:190} INFO - [2024-08-25T00:10:03.537+0000] {dagbag.py:587} INFO - Filling up the DagBag from /home/airflow/.local/lib/python3.12/site-packages/airflow/example_dags/example_display_name.py
[2024-08-25T00:10:03.554+0000] {processor.py:925} INFO - DAG(s) 'example_display_name' retrieved from /home/airflow/.local/lib/python3.12/site-packages/airflow/example_dags/example_display_name.py
[2024-08-25T00:10:03.594+0000] {logging_mixin.py:190} INFO - [2024-08-25T00:10:03.593+0000] {dag.py:3211} INFO - Sync 1 DAGs
[2024-08-25T00:10:03.627+0000] {logging_mixin.py:190} INFO - [2024-08-25T00:10:03.626+0000] {dag.py:4138} INFO - Setting next_dagrun for example_display_name to None, run_after=None
[2024-08-25T00:10:03.666+0000] {processor.py:208} INFO - Processing /home/airflow/.local/lib/python3.12/site-packages/airflow/example_dags/example_display_name.py took 0.148 seconds
[2024-08-25T00:10:36.898+0000] {processor.py:186} INFO - Started process (PID=618) to work on /home/airflow/.local/lib/python3.12/site-packages/airflow/example_dags/example_display_name.py
[2024-08-25T00:10:36.923+0000] {processor.py:914} INFO - Processing file /home/airflow/.local/lib/python3.12/site-packages/airflow/example_dags/example_display_name.py for tasks to queue
[2024-08-25T00:10:36.943+0000] {logging_mixin.py:190} INFO - [2024-08-25T00:10:36.942+0000] {dagbag.py:587} INFO - Filling up the DagBag from /home/airflow/.local/lib/python3.12/site-packages/airflow/example_dags/example_display_name.py
[2024-08-25T00:10:36.981+0000] {processor.py:925} INFO - DAG(s) 'example_display_name' retrieved from /home/airflow/.local/lib/python3.12/site-packages/airflow/example_dags/example_display_name.py
[2024-08-25T00:10:37.116+0000] {logging_mixin.py:190} INFO - [2024-08-25T00:10:37.110+0000] {dag.py:3211} INFO - Sync 1 DAGs
[2024-08-25T00:10:37.213+0000] {logging_mixin.py:190} INFO - [2024-08-25T00:10:37.213+0000] {dag.py:4138} INFO - Setting next_dagrun for example_display_name to None, run_after=None
[2024-08-25T00:10:37.351+0000] {processor.py:208} INFO - Processing /home/airflow/.local/lib/python3.12/site-packages/airflow/example_dags/example_display_name.py took 0.497 seconds
[2024-08-25T00:11:07.921+0000] {processor.py:186} INFO - Started process (PID=680) to work on /home/airflow/.local/lib/python3.12/site-packages/airflow/example_dags/example_display_name.py
[2024-08-25T00:11:07.923+0000] {processor.py:914} INFO - Processing file /home/airflow/.local/lib/python3.12/site-packages/airflow/example_dags/example_display_name.py for tasks to queue
[2024-08-25T00:11:07.952+0000] {logging_mixin.py:190} INFO - [2024-08-25T00:11:07.940+0000] {dagbag.py:587} INFO - Filling up the DagBag from /home/airflow/.local/lib/python3.12/site-packages/airflow/example_dags/example_display_name.py
[2024-08-25T00:11:08.007+0000] {processor.py:925} INFO - DAG(s) 'example_display_name' retrieved from /home/airflow/.local/lib/python3.12/site-packages/airflow/example_dags/example_display_name.py
[2024-08-25T00:11:08.153+0000] {logging_mixin.py:190} INFO - [2024-08-25T00:11:08.151+0000] {dag.py:3211} INFO - Sync 1 DAGs
[2024-08-25T00:11:08.262+0000] {logging_mixin.py:190} INFO - [2024-08-25T00:11:08.261+0000] {dag.py:4138} INFO - Setting next_dagrun for example_display_name to None, run_after=None
[2024-08-25T00:11:08.373+0000] {processor.py:208} INFO - Processing /home/airflow/.local/lib/python3.12/site-packages/airflow/example_dags/example_display_name.py took 0.517 seconds
[2024-08-25T00:11:38.949+0000] {processor.py:186} INFO - Started process (PID=743) to work on /home/airflow/.local/lib/python3.12/site-packages/airflow/example_dags/example_display_name.py
[2024-08-25T00:11:38.951+0000] {processor.py:914} INFO - Processing file /home/airflow/.local/lib/python3.12/site-packages/airflow/example_dags/example_display_name.py for tasks to queue
[2024-08-25T00:11:38.958+0000] {logging_mixin.py:190} INFO - [2024-08-25T00:11:38.957+0000] {dagbag.py:587} INFO - Filling up the DagBag from /home/airflow/.local/lib/python3.12/site-packages/airflow/example_dags/example_display_name.py
[2024-08-25T00:11:38.982+0000] {processor.py:925} INFO - DAG(s) 'example_display_name' retrieved from /home/airflow/.local/lib/python3.12/site-packages/airflow/example_dags/example_display_name.py
[2024-08-25T00:11:39.079+0000] {logging_mixin.py:190} INFO - [2024-08-25T00:11:39.077+0000] {dag.py:3211} INFO - Sync 1 DAGs
[2024-08-25T00:11:39.185+0000] {logging_mixin.py:190} INFO - [2024-08-25T00:11:39.183+0000] {dag.py:4138} INFO - Setting next_dagrun for example_display_name to None, run_after=None
[2024-08-25T00:11:39.348+0000] {processor.py:208} INFO - Processing /home/airflow/.local/lib/python3.12/site-packages/airflow/example_dags/example_display_name.py took 0.416 seconds
[2024-08-25T00:12:09.775+0000] {processor.py:186} INFO - Started process (PID=807) to work on /home/airflow/.local/lib/python3.12/site-packages/airflow/example_dags/example_display_name.py
[2024-08-25T00:12:09.785+0000] {processor.py:914} INFO - Processing file /home/airflow/.local/lib/python3.12/site-packages/airflow/example_dags/example_display_name.py for tasks to queue
[2024-08-25T00:12:09.809+0000] {logging_mixin.py:190} INFO - [2024-08-25T00:12:09.808+0000] {dagbag.py:587} INFO - Filling up the DagBag from /home/airflow/.local/lib/python3.12/site-packages/airflow/example_dags/example_display_name.py
[2024-08-25T00:12:09.883+0000] {processor.py:925} INFO - DAG(s) 'example_display_name' retrieved from /home/airflow/.local/lib/python3.12/site-packages/airflow/example_dags/example_display_name.py
[2024-08-25T00:12:09.950+0000] {logging_mixin.py:190} INFO - [2024-08-25T00:12:09.950+0000] {dag.py:3211} INFO - Sync 1 DAGs
[2024-08-25T00:12:10.013+0000] {logging_mixin.py:190} INFO - [2024-08-25T00:12:10.013+0000] {dag.py:4138} INFO - Setting next_dagrun for example_display_name to None, run_after=None
[2024-08-25T00:12:10.113+0000] {processor.py:208} INFO - Processing /home/airflow/.local/lib/python3.12/site-packages/airflow/example_dags/example_display_name.py took 0.374 seconds
[2024-08-25T00:12:41.218+0000] {processor.py:186} INFO - Started process (PID=870) to work on /home/airflow/.local/lib/python3.12/site-packages/airflow/example_dags/example_display_name.py
[2024-08-25T00:12:41.224+0000] {processor.py:914} INFO - Processing file /home/airflow/.local/lib/python3.12/site-packages/airflow/example_dags/example_display_name.py for tasks to queue
[2024-08-25T00:12:41.233+0000] {logging_mixin.py:190} INFO - [2024-08-25T00:12:41.232+0000] {dagbag.py:587} INFO - Filling up the DagBag from /home/airflow/.local/lib/python3.12/site-packages/airflow/example_dags/example_display_name.py
[2024-08-25T00:12:41.259+0000] {processor.py:925} INFO - DAG(s) 'example_display_name' retrieved from /home/airflow/.local/lib/python3.12/site-packages/airflow/example_dags/example_display_name.py
[2024-08-25T00:12:41.335+0000] {logging_mixin.py:190} INFO - [2024-08-25T00:12:41.330+0000] {dag.py:3211} INFO - Sync 1 DAGs
[2024-08-25T00:12:41.407+0000] {logging_mixin.py:190} INFO - [2024-08-25T00:12:41.406+0000] {dag.py:4138} INFO - Setting next_dagrun for example_display_name to None, run_after=None
[2024-08-25T00:12:41.453+0000] {processor.py:208} INFO - Processing /home/airflow/.local/lib/python3.12/site-packages/airflow/example_dags/example_display_name.py took 0.256 seconds
[2024-08-25T00:13:12.136+0000] {processor.py:186} INFO - Started process (PID=933) to work on /home/airflow/.local/lib/python3.12/site-packages/airflow/example_dags/example_display_name.py
[2024-08-25T00:13:12.138+0000] {processor.py:914} INFO - Processing file /home/airflow/.local/lib/python3.12/site-packages/airflow/example_dags/example_display_name.py for tasks to queue
[2024-08-25T00:13:12.144+0000] {logging_mixin.py:190} INFO - [2024-08-25T00:13:12.143+0000] {dagbag.py:587} INFO - Filling up the DagBag from /home/airflow/.local/lib/python3.12/site-packages/airflow/example_dags/example_display_name.py
[2024-08-25T00:13:12.161+0000] {processor.py:925} INFO - DAG(s) 'example_display_name' retrieved from /home/airflow/.local/lib/python3.12/site-packages/airflow/example_dags/example_display_name.py
[2024-08-25T00:13:12.243+0000] {logging_mixin.py:190} INFO - [2024-08-25T00:13:12.241+0000] {dag.py:3211} INFO - Sync 1 DAGs
[2024-08-25T00:13:12.293+0000] {logging_mixin.py:190} INFO - [2024-08-25T00:13:12.292+0000] {dag.py:4138} INFO - Setting next_dagrun for example_display_name to None, run_after=None
[2024-08-25T00:13:12.350+0000] {processor.py:208} INFO - Processing /home/airflow/.local/lib/python3.12/site-packages/airflow/example_dags/example_display_name.py took 0.228 seconds
[2024-08-25T00:13:48.498+0000] {processor.py:186} INFO - Started process (PID=996) to work on /home/airflow/.local/lib/python3.12/site-packages/airflow/example_dags/example_display_name.py
[2024-08-25T00:13:48.505+0000] {processor.py:914} INFO - Processing file /home/airflow/.local/lib/python3.12/site-packages/airflow/example_dags/example_display_name.py for tasks to queue
[2024-08-25T00:13:48.515+0000] {logging_mixin.py:190} INFO - [2024-08-25T00:13:48.514+0000] {dagbag.py:587} INFO - Filling up the DagBag from /home/airflow/.local/lib/python3.12/site-packages/airflow/example_dags/example_display_name.py
[2024-08-25T00:13:48.583+0000] {processor.py:925} INFO - DAG(s) 'example_display_name' retrieved from /home/airflow/.local/lib/python3.12/site-packages/airflow/example_dags/example_display_name.py
[2024-08-25T00:13:48.736+0000] {logging_mixin.py:190} INFO - [2024-08-25T00:13:48.735+0000] {dag.py:3211} INFO - Sync 1 DAGs
[2024-08-25T00:13:48.817+0000] {logging_mixin.py:190} INFO - [2024-08-25T00:13:48.817+0000] {dag.py:4138} INFO - Setting next_dagrun for example_display_name to None, run_after=None
[2024-08-25T00:13:48.930+0000] {processor.py:208} INFO - Processing /home/airflow/.local/lib/python3.12/site-packages/airflow/example_dags/example_display_name.py took 0.499 seconds
[2024-08-25T00:14:19.491+0000] {processor.py:186} INFO - Started process (PID=1060) to work on /home/airflow/.local/lib/python3.12/site-packages/airflow/example_dags/example_display_name.py
[2024-08-25T00:14:19.494+0000] {processor.py:914} INFO - Processing file /home/airflow/.local/lib/python3.12/site-packages/airflow/example_dags/example_display_name.py for tasks to queue
[2024-08-25T00:14:19.506+0000] {logging_mixin.py:190} INFO - [2024-08-25T00:14:19.506+0000] {dagbag.py:587} INFO - Filling up the DagBag from /home/airflow/.local/lib/python3.12/site-packages/airflow/example_dags/example_display_name.py
[2024-08-25T00:14:19.549+0000] {processor.py:925} INFO - DAG(s) 'example_display_name' retrieved from /home/airflow/.local/lib/python3.12/site-packages/airflow/example_dags/example_display_name.py
[2024-08-25T00:14:19.703+0000] {logging_mixin.py:190} INFO - [2024-08-25T00:14:19.701+0000] {dag.py:3211} INFO - Sync 1 DAGs
[2024-08-25T00:14:19.861+0000] {logging_mixin.py:190} INFO - [2024-08-25T00:14:19.861+0000] {dag.py:4138} INFO - Setting next_dagrun for example_display_name to None, run_after=None
[2024-08-25T00:14:19.989+0000] {processor.py:208} INFO - Processing /home/airflow/.local/lib/python3.12/site-packages/airflow/example_dags/example_display_name.py took 0.518 seconds
[2024-08-25T00:14:50.349+0000] {processor.py:186} INFO - Started process (PID=1123) to work on /home/airflow/.local/lib/python3.12/site-packages/airflow/example_dags/example_display_name.py
[2024-08-25T00:14:50.351+0000] {processor.py:914} INFO - Processing file /home/airflow/.local/lib/python3.12/site-packages/airflow/example_dags/example_display_name.py for tasks to queue
[2024-08-25T00:14:50.358+0000] {logging_mixin.py:190} INFO - [2024-08-25T00:14:50.357+0000] {dagbag.py:587} INFO - Filling up the DagBag from /home/airflow/.local/lib/python3.12/site-packages/airflow/example_dags/example_display_name.py
[2024-08-25T00:14:50.394+0000] {processor.py:925} INFO - DAG(s) 'example_display_name' retrieved from /home/airflow/.local/lib/python3.12/site-packages/airflow/example_dags/example_display_name.py
[2024-08-25T00:14:50.467+0000] {logging_mixin.py:190} INFO - [2024-08-25T00:14:50.466+0000] {dag.py:3211} INFO - Sync 1 DAGs
[2024-08-25T00:14:50.517+0000] {logging_mixin.py:190} INFO - [2024-08-25T00:14:50.517+0000] {dag.py:4138} INFO - Setting next_dagrun for example_display_name to None, run_after=None
[2024-08-25T00:14:50.599+0000] {processor.py:208} INFO - Processing /home/airflow/.local/lib/python3.12/site-packages/airflow/example_dags/example_display_name.py took 0.287 seconds
[2024-08-25T00:15:21.838+0000] {processor.py:186} INFO - Started process (PID=1187) to work on /home/airflow/.local/lib/python3.12/site-packages/airflow/example_dags/example_display_name.py
[2024-08-25T00:15:21.846+0000] {processor.py:914} INFO - Processing file /home/airflow/.local/lib/python3.12/site-packages/airflow/example_dags/example_display_name.py for tasks to queue
[2024-08-25T00:15:21.866+0000] {logging_mixin.py:190} INFO - [2024-08-25T00:15:21.865+0000] {dagbag.py:587} INFO - Filling up the DagBag from /home/airflow/.local/lib/python3.12/site-packages/airflow/example_dags/example_display_name.py
[2024-08-25T00:15:21.917+0000] {processor.py:925} INFO - DAG(s) 'example_display_name' retrieved from /home/airflow/.local/lib/python3.12/site-packages/airflow/example_dags/example_display_name.py
[2024-08-25T00:15:22.056+0000] {logging_mixin.py:190} INFO - [2024-08-25T00:15:22.054+0000] {dag.py:3211} INFO - Sync 1 DAGs
[2024-08-25T00:15:22.148+0000] {logging_mixin.py:190} INFO - [2024-08-25T00:15:22.147+0000] {dag.py:4138} INFO - Setting next_dagrun for example_display_name to None, run_after=None
[2024-08-25T00:15:22.240+0000] {processor.py:208} INFO - Processing /home/airflow/.local/lib/python3.12/site-packages/airflow/example_dags/example_display_name.py took 0.437 seconds
[2024-08-25T00:15:53.621+0000] {processor.py:186} INFO - Started process (PID=1251) to work on /home/airflow/.local/lib/python3.12/site-packages/airflow/example_dags/example_display_name.py
[2024-08-25T00:15:53.623+0000] {processor.py:914} INFO - Processing file /home/airflow/.local/lib/python3.12/site-packages/airflow/example_dags/example_display_name.py for tasks to queue
[2024-08-25T00:15:53.642+0000] {logging_mixin.py:190} INFO - [2024-08-25T00:15:53.641+0000] {dagbag.py:587} INFO - Filling up the DagBag from /home/airflow/.local/lib/python3.12/site-packages/airflow/example_dags/example_display_name.py
[2024-08-25T00:15:53.710+0000] {processor.py:925} INFO - DAG(s) 'example_display_name' retrieved from /home/airflow/.local/lib/python3.12/site-packages/airflow/example_dags/example_display_name.py
[2024-08-25T00:15:53.875+0000] {logging_mixin.py:190} INFO - [2024-08-25T00:15:53.874+0000] {dag.py:3211} INFO - Sync 1 DAGs
[2024-08-25T00:15:54.059+0000] {logging_mixin.py:190} INFO - [2024-08-25T00:15:54.059+0000] {dag.py:4138} INFO - Setting next_dagrun for example_display_name to None, run_after=None
[2024-08-25T00:15:54.287+0000] {processor.py:208} INFO - Processing /home/airflow/.local/lib/python3.12/site-packages/airflow/example_dags/example_display_name.py took 0.722 seconds
[2024-08-25T00:16:28.052+0000] {processor.py:186} INFO - Started process (PID=1315) to work on /home/airflow/.local/lib/python3.12/site-packages/airflow/example_dags/example_display_name.py
[2024-08-25T00:16:28.054+0000] {processor.py:914} INFO - Processing file /home/airflow/.local/lib/python3.12/site-packages/airflow/example_dags/example_display_name.py for tasks to queue
[2024-08-25T00:16:28.064+0000] {logging_mixin.py:190} INFO - [2024-08-25T00:16:28.063+0000] {dagbag.py:587} INFO - Filling up the DagBag from /home/airflow/.local/lib/python3.12/site-packages/airflow/example_dags/example_display_name.py
[2024-08-25T00:16:28.097+0000] {processor.py:925} INFO - DAG(s) 'example_display_name' retrieved from /home/airflow/.local/lib/python3.12/site-packages/airflow/example_dags/example_display_name.py
[2024-08-25T00:16:28.202+0000] {logging_mixin.py:190} INFO - [2024-08-25T00:16:28.200+0000] {dag.py:3211} INFO - Sync 1 DAGs
[2024-08-25T00:16:28.271+0000] {logging_mixin.py:190} INFO - [2024-08-25T00:16:28.271+0000] {dag.py:4138} INFO - Setting next_dagrun for example_display_name to None, run_after=None
[2024-08-25T00:16:28.337+0000] {processor.py:208} INFO - Processing /home/airflow/.local/lib/python3.12/site-packages/airflow/example_dags/example_display_name.py took 0.309 seconds
[2024-08-25T00:16:58.694+0000] {processor.py:186} INFO - Started process (PID=1378) to work on /home/airflow/.local/lib/python3.12/site-packages/airflow/example_dags/example_display_name.py
[2024-08-25T00:16:58.701+0000] {processor.py:914} INFO - Processing file /home/airflow/.local/lib/python3.12/site-packages/airflow/example_dags/example_display_name.py for tasks to queue
[2024-08-25T00:16:58.707+0000] {logging_mixin.py:190} INFO - [2024-08-25T00:16:58.706+0000] {dagbag.py:587} INFO - Filling up the DagBag from /home/airflow/.local/lib/python3.12/site-packages/airflow/example_dags/example_display_name.py
[2024-08-25T00:16:58.740+0000] {processor.py:925} INFO - DAG(s) 'example_display_name' retrieved from /home/airflow/.local/lib/python3.12/site-packages/airflow/example_dags/example_display_name.py
[2024-08-25T00:16:58.845+0000] {logging_mixin.py:190} INFO - [2024-08-25T00:16:58.843+0000] {dag.py:3211} INFO - Sync 1 DAGs
[2024-08-25T00:16:58.905+0000] {logging_mixin.py:190} INFO - [2024-08-25T00:16:58.904+0000] {dag.py:4138} INFO - Setting next_dagrun for example_display_name to None, run_after=None
[2024-08-25T00:16:58.986+0000] {processor.py:208} INFO - Processing /home/airflow/.local/lib/python3.12/site-packages/airflow/example_dags/example_display_name.py took 0.315 seconds
[2024-08-25T00:17:29.246+0000] {processor.py:186} INFO - Started process (PID=1441) to work on /home/airflow/.local/lib/python3.12/site-packages/airflow/example_dags/example_display_name.py
[2024-08-25T00:17:29.249+0000] {processor.py:914} INFO - Processing file /home/airflow/.local/lib/python3.12/site-packages/airflow/example_dags/example_display_name.py for tasks to queue
[2024-08-25T00:17:29.255+0000] {logging_mixin.py:190} INFO - [2024-08-25T00:17:29.254+0000] {dagbag.py:587} INFO - Filling up the DagBag from /home/airflow/.local/lib/python3.12/site-packages/airflow/example_dags/example_display_name.py
[2024-08-25T00:17:29.276+0000] {processor.py:925} INFO - DAG(s) 'example_display_name' retrieved from /home/airflow/.local/lib/python3.12/site-packages/airflow/example_dags/example_display_name.py
[2024-08-25T00:17:29.334+0000] {logging_mixin.py:190} INFO - [2024-08-25T00:17:29.332+0000] {dag.py:3211} INFO - Sync 1 DAGs
[2024-08-25T00:17:29.371+0000] {logging_mixin.py:190} INFO - [2024-08-25T00:17:29.370+0000] {dag.py:4138} INFO - Setting next_dagrun for example_display_name to None, run_after=None
[2024-08-25T00:17:29.421+0000] {processor.py:208} INFO - Processing /home/airflow/.local/lib/python3.12/site-packages/airflow/example_dags/example_display_name.py took 0.192 seconds
[2024-08-25T00:18:00.052+0000] {processor.py:186} INFO - Started process (PID=1504) to work on /home/airflow/.local/lib/python3.12/site-packages/airflow/example_dags/example_display_name.py
[2024-08-25T00:18:00.055+0000] {processor.py:914} INFO - Processing file /home/airflow/.local/lib/python3.12/site-packages/airflow/example_dags/example_display_name.py for tasks to queue
[2024-08-25T00:18:00.073+0000] {logging_mixin.py:190} INFO - [2024-08-25T00:18:00.072+0000] {dagbag.py:587} INFO - Filling up the DagBag from /home/airflow/.local/lib/python3.12/site-packages/airflow/example_dags/example_display_name.py
[2024-08-25T00:18:00.099+0000] {processor.py:925} INFO - DAG(s) 'example_display_name' retrieved from /home/airflow/.local/lib/python3.12/site-packages/airflow/example_dags/example_display_name.py
[2024-08-25T00:18:00.259+0000] {logging_mixin.py:190} INFO - [2024-08-25T00:18:00.247+0000] {dag.py:3211} INFO - Sync 1 DAGs
[2024-08-25T00:18:00.341+0000] {logging_mixin.py:190} INFO - [2024-08-25T00:18:00.340+0000] {dag.py:4138} INFO - Setting next_dagrun for example_display_name to None, run_after=None
[2024-08-25T00:18:00.410+0000] {processor.py:208} INFO - Processing /home/airflow/.local/lib/python3.12/site-packages/airflow/example_dags/example_display_name.py took 0.402 seconds
[2024-08-25T00:18:33.433+0000] {processor.py:186} INFO - Started process (PID=1573) to work on /home/airflow/.local/lib/python3.12/site-packages/airflow/example_dags/example_display_name.py
[2024-08-25T00:18:33.437+0000] {processor.py:914} INFO - Processing file /home/airflow/.local/lib/python3.12/site-packages/airflow/example_dags/example_display_name.py for tasks to queue
[2024-08-25T00:18:33.464+0000] {logging_mixin.py:190} INFO - [2024-08-25T00:18:33.463+0000] {dagbag.py:587} INFO - Filling up the DagBag from /home/airflow/.local/lib/python3.12/site-packages/airflow/example_dags/example_display_name.py
[2024-08-25T00:18:33.521+0000] {processor.py:925} INFO - DAG(s) 'example_display_name' retrieved from /home/airflow/.local/lib/python3.12/site-packages/airflow/example_dags/example_display_name.py
[2024-08-25T00:18:33.708+0000] {logging_mixin.py:190} INFO - [2024-08-25T00:18:33.706+0000] {dag.py:3211} INFO - Sync 1 DAGs
[2024-08-25T00:18:33.810+0000] {logging_mixin.py:190} INFO - [2024-08-25T00:18:33.809+0000] {dag.py:4138} INFO - Setting next_dagrun for example_display_name to None, run_after=None
[2024-08-25T00:18:33.957+0000] {processor.py:208} INFO - Processing /home/airflow/.local/lib/python3.12/site-packages/airflow/example_dags/example_display_name.py took 0.585 seconds
[2024-08-25T00:19:04.274+0000] {processor.py:186} INFO - Started process (PID=1636) to work on /home/airflow/.local/lib/python3.12/site-packages/airflow/example_dags/example_display_name.py
[2024-08-25T00:19:04.288+0000] {processor.py:914} INFO - Processing file /home/airflow/.local/lib/python3.12/site-packages/airflow/example_dags/example_display_name.py for tasks to queue
[2024-08-25T00:19:04.307+0000] {logging_mixin.py:190} INFO - [2024-08-25T00:19:04.305+0000] {dagbag.py:587} INFO - Filling up the DagBag from /home/airflow/.local/lib/python3.12/site-packages/airflow/example_dags/example_display_name.py
[2024-08-25T00:19:04.354+0000] {processor.py:925} INFO - DAG(s) 'example_display_name' retrieved from /home/airflow/.local/lib/python3.12/site-packages/airflow/example_dags/example_display_name.py
[2024-08-25T00:19:04.438+0000] {logging_mixin.py:190} INFO - [2024-08-25T00:19:04.437+0000] {dag.py:3211} INFO - Sync 1 DAGs
[2024-08-25T00:19:04.489+0000] {logging_mixin.py:190} INFO - [2024-08-25T00:19:04.488+0000] {dag.py:4138} INFO - Setting next_dagrun for example_display_name to None, run_after=None
[2024-08-25T00:19:04.560+0000] {processor.py:208} INFO - Processing /home/airflow/.local/lib/python3.12/site-packages/airflow/example_dags/example_display_name.py took 0.350 seconds
[2024-08-25T00:19:34.934+0000] {processor.py:186} INFO - Started process (PID=1698) to work on /home/airflow/.local/lib/python3.12/site-packages/airflow/example_dags/example_display_name.py
[2024-08-25T00:19:34.936+0000] {processor.py:914} INFO - Processing file /home/airflow/.local/lib/python3.12/site-packages/airflow/example_dags/example_display_name.py for tasks to queue
[2024-08-25T00:19:34.954+0000] {logging_mixin.py:190} INFO - [2024-08-25T00:19:34.953+0000] {dagbag.py:587} INFO - Filling up the DagBag from /home/airflow/.local/lib/python3.12/site-packages/airflow/example_dags/example_display_name.py
[2024-08-25T00:19:35.025+0000] {processor.py:925} INFO - DAG(s) 'example_display_name' retrieved from /home/airflow/.local/lib/python3.12/site-packages/airflow/example_dags/example_display_name.py
[2024-08-25T00:19:35.122+0000] {logging_mixin.py:190} INFO - [2024-08-25T00:19:35.120+0000] {dag.py:3211} INFO - Sync 1 DAGs
[2024-08-25T00:19:35.169+0000] {logging_mixin.py:190} INFO - [2024-08-25T00:19:35.169+0000] {dag.py:4138} INFO - Setting next_dagrun for example_display_name to None, run_after=None
[2024-08-25T00:19:35.232+0000] {processor.py:208} INFO - Processing /home/airflow/.local/lib/python3.12/site-packages/airflow/example_dags/example_display_name.py took 0.317 seconds
[2024-08-25T00:20:06.253+0000] {processor.py:186} INFO - Started process (PID=1763) to work on /home/airflow/.local/lib/python3.12/site-packages/airflow/example_dags/example_display_name.py
[2024-08-25T00:20:06.255+0000] {processor.py:914} INFO - Processing file /home/airflow/.local/lib/python3.12/site-packages/airflow/example_dags/example_display_name.py for tasks to queue
[2024-08-25T00:20:06.260+0000] {logging_mixin.py:190} INFO - [2024-08-25T00:20:06.259+0000] {dagbag.py:587} INFO - Filling up the DagBag from /home/airflow/.local/lib/python3.12/site-packages/airflow/example_dags/example_display_name.py
[2024-08-25T00:20:06.283+0000] {processor.py:925} INFO - DAG(s) 'example_display_name' retrieved from /home/airflow/.local/lib/python3.12/site-packages/airflow/example_dags/example_display_name.py
[2024-08-25T00:20:06.332+0000] {logging_mixin.py:190} INFO - [2024-08-25T00:20:06.331+0000] {dag.py:3211} INFO - Sync 1 DAGs
[2024-08-25T00:20:06.370+0000] {logging_mixin.py:190} INFO - [2024-08-25T00:20:06.369+0000] {dag.py:4138} INFO - Setting next_dagrun for example_display_name to None, run_after=None
[2024-08-25T00:20:06.414+0000] {processor.py:208} INFO - Processing /home/airflow/.local/lib/python3.12/site-packages/airflow/example_dags/example_display_name.py took 0.175 seconds
[2024-08-25T00:20:37.930+0000] {processor.py:186} INFO - Started process (PID=1825) to work on /home/airflow/.local/lib/python3.12/site-packages/airflow/example_dags/example_display_name.py
[2024-08-25T00:20:37.933+0000] {processor.py:914} INFO - Processing file /home/airflow/.local/lib/python3.12/site-packages/airflow/example_dags/example_display_name.py for tasks to queue
[2024-08-25T00:20:37.941+0000] {logging_mixin.py:190} INFO - [2024-08-25T00:20:37.940+0000] {dagbag.py:587} INFO - Filling up the DagBag from /home/airflow/.local/lib/python3.12/site-packages/airflow/example_dags/example_display_name.py
[2024-08-25T00:20:37.990+0000] {processor.py:925} INFO - DAG(s) 'example_display_name' retrieved from /home/airflow/.local/lib/python3.12/site-packages/airflow/example_dags/example_display_name.py
[2024-08-25T00:20:38.122+0000] {logging_mixin.py:190} INFO - [2024-08-25T00:20:38.121+0000] {dag.py:3211} INFO - Sync 1 DAGs
[2024-08-25T00:20:38.200+0000] {logging_mixin.py:190} INFO - [2024-08-25T00:20:38.199+0000] {dag.py:4138} INFO - Setting next_dagrun for example_display_name to None, run_after=None
[2024-08-25T00:20:38.290+0000] {processor.py:208} INFO - Processing /home/airflow/.local/lib/python3.12/site-packages/airflow/example_dags/example_display_name.py took 0.389 seconds
[2024-08-25T00:26:48.232+0000] {processor.py:186} INFO - Started process (PID=114) to work on /home/airflow/.local/lib/python3.12/site-packages/airflow/example_dags/example_display_name.py
[2024-08-25T00:26:48.264+0000] {processor.py:914} INFO - Processing file /home/airflow/.local/lib/python3.12/site-packages/airflow/example_dags/example_display_name.py for tasks to queue
[2024-08-25T00:26:48.299+0000] {logging_mixin.py:190} INFO - [2024-08-25T00:26:48.298+0000] {dagbag.py:587} INFO - Filling up the DagBag from /home/airflow/.local/lib/python3.12/site-packages/airflow/example_dags/example_display_name.py
[2024-08-25T00:26:48.417+0000] {processor.py:925} INFO - DAG(s) 'example_display_name' retrieved from /home/airflow/.local/lib/python3.12/site-packages/airflow/example_dags/example_display_name.py
[2024-08-25T00:26:48.970+0000] {logging_mixin.py:190} INFO - [2024-08-25T00:26:48.956+0000] {dag.py:3211} INFO - Sync 1 DAGs
[2024-08-25T00:26:49.333+0000] {logging_mixin.py:190} INFO - [2024-08-25T00:26:49.333+0000] {dag.py:4138} INFO - Setting next_dagrun for example_display_name to None, run_after=None
[2024-08-25T00:26:49.526+0000] {processor.py:208} INFO - Processing /home/airflow/.local/lib/python3.12/site-packages/airflow/example_dags/example_display_name.py took 1.394 seconds
[2024-08-25T00:27:41.905+0000] {processor.py:186} INFO - Started process (PID=183) to work on /home/airflow/.local/lib/python3.12/site-packages/airflow/example_dags/example_display_name.py
[2024-08-25T00:27:41.920+0000] {processor.py:914} INFO - Processing file /home/airflow/.local/lib/python3.12/site-packages/airflow/example_dags/example_display_name.py for tasks to queue
[2024-08-25T00:27:41.960+0000] {logging_mixin.py:190} INFO - [2024-08-25T00:27:41.947+0000] {dagbag.py:587} INFO - Filling up the DagBag from /home/airflow/.local/lib/python3.12/site-packages/airflow/example_dags/example_display_name.py
[2024-08-25T00:27:42.114+0000] {processor.py:925} INFO - DAG(s) 'example_display_name' retrieved from /home/airflow/.local/lib/python3.12/site-packages/airflow/example_dags/example_display_name.py
[2024-08-25T00:27:42.462+0000] {logging_mixin.py:190} INFO - [2024-08-25T00:27:42.446+0000] {dag.py:3211} INFO - Sync 1 DAGs
[2024-08-25T00:27:42.806+0000] {logging_mixin.py:190} INFO - [2024-08-25T00:27:42.805+0000] {dag.py:4138} INFO - Setting next_dagrun for example_display_name to None, run_after=None
[2024-08-25T00:27:42.925+0000] {processor.py:208} INFO - Processing /home/airflow/.local/lib/python3.12/site-packages/airflow/example_dags/example_display_name.py took 1.110 seconds
[2024-08-25T00:28:30.913+0000] {processor.py:186} INFO - Started process (PID=252) to work on /home/airflow/.local/lib/python3.12/site-packages/airflow/example_dags/example_display_name.py
[2024-08-25T00:28:30.920+0000] {processor.py:914} INFO - Processing file /home/airflow/.local/lib/python3.12/site-packages/airflow/example_dags/example_display_name.py for tasks to queue
[2024-08-25T00:28:30.941+0000] {logging_mixin.py:190} INFO - [2024-08-25T00:28:30.940+0000] {dagbag.py:587} INFO - Filling up the DagBag from /home/airflow/.local/lib/python3.12/site-packages/airflow/example_dags/example_display_name.py
[2024-08-25T00:28:31.061+0000] {processor.py:925} INFO - DAG(s) 'example_display_name' retrieved from /home/airflow/.local/lib/python3.12/site-packages/airflow/example_dags/example_display_name.py
[2024-08-25T00:28:31.211+0000] {logging_mixin.py:190} INFO - [2024-08-25T00:28:31.209+0000] {dag.py:3211} INFO - Sync 1 DAGs
[2024-08-25T00:28:31.442+0000] {logging_mixin.py:190} INFO - [2024-08-25T00:28:31.441+0000] {dag.py:4138} INFO - Setting next_dagrun for example_display_name to None, run_after=None
[2024-08-25T00:28:31.556+0000] {processor.py:208} INFO - Processing /home/airflow/.local/lib/python3.12/site-packages/airflow/example_dags/example_display_name.py took 0.746 seconds
[2024-08-25T00:29:02.863+0000] {processor.py:186} INFO - Started process (PID=315) to work on /home/airflow/.local/lib/python3.12/site-packages/airflow/example_dags/example_display_name.py
[2024-08-25T00:29:02.874+0000] {processor.py:914} INFO - Processing file /home/airflow/.local/lib/python3.12/site-packages/airflow/example_dags/example_display_name.py for tasks to queue
[2024-08-25T00:29:02.893+0000] {logging_mixin.py:190} INFO - [2024-08-25T00:29:02.883+0000] {dagbag.py:587} INFO - Filling up the DagBag from /home/airflow/.local/lib/python3.12/site-packages/airflow/example_dags/example_display_name.py
[2024-08-25T00:29:02.936+0000] {processor.py:925} INFO - DAG(s) 'example_display_name' retrieved from /home/airflow/.local/lib/python3.12/site-packages/airflow/example_dags/example_display_name.py
[2024-08-25T00:29:03.066+0000] {logging_mixin.py:190} INFO - [2024-08-25T00:29:03.054+0000] {dag.py:3211} INFO - Sync 1 DAGs
[2024-08-25T00:29:03.194+0000] {logging_mixin.py:190} INFO - [2024-08-25T00:29:03.194+0000] {dag.py:4138} INFO - Setting next_dagrun for example_display_name to None, run_after=None
[2024-08-25T00:29:03.345+0000] {processor.py:208} INFO - Processing /home/airflow/.local/lib/python3.12/site-packages/airflow/example_dags/example_display_name.py took 0.506 seconds
[2024-08-25T00:29:34.104+0000] {processor.py:186} INFO - Started process (PID=378) to work on /home/airflow/.local/lib/python3.12/site-packages/airflow/example_dags/example_display_name.py
[2024-08-25T00:29:34.119+0000] {processor.py:914} INFO - Processing file /home/airflow/.local/lib/python3.12/site-packages/airflow/example_dags/example_display_name.py for tasks to queue
[2024-08-25T00:29:34.137+0000] {logging_mixin.py:190} INFO - [2024-08-25T00:29:34.134+0000] {dagbag.py:587} INFO - Filling up the DagBag from /home/airflow/.local/lib/python3.12/site-packages/airflow/example_dags/example_display_name.py
[2024-08-25T00:29:34.168+0000] {processor.py:925} INFO - DAG(s) 'example_display_name' retrieved from /home/airflow/.local/lib/python3.12/site-packages/airflow/example_dags/example_display_name.py
[2024-08-25T00:29:34.270+0000] {logging_mixin.py:190} INFO - [2024-08-25T00:29:34.268+0000] {dag.py:3211} INFO - Sync 1 DAGs
[2024-08-25T00:29:34.353+0000] {logging_mixin.py:190} INFO - [2024-08-25T00:29:34.352+0000] {dag.py:4138} INFO - Setting next_dagrun for example_display_name to None, run_after=None
[2024-08-25T00:29:34.441+0000] {processor.py:208} INFO - Processing /home/airflow/.local/lib/python3.12/site-packages/airflow/example_dags/example_display_name.py took 0.365 seconds
[2024-08-25T00:30:05.384+0000] {processor.py:186} INFO - Started process (PID=441) to work on /home/airflow/.local/lib/python3.12/site-packages/airflow/example_dags/example_display_name.py
[2024-08-25T00:30:05.386+0000] {processor.py:914} INFO - Processing file /home/airflow/.local/lib/python3.12/site-packages/airflow/example_dags/example_display_name.py for tasks to queue
[2024-08-25T00:30:05.400+0000] {logging_mixin.py:190} INFO - [2024-08-25T00:30:05.399+0000] {dagbag.py:587} INFO - Filling up the DagBag from /home/airflow/.local/lib/python3.12/site-packages/airflow/example_dags/example_display_name.py
[2024-08-25T00:30:05.451+0000] {processor.py:925} INFO - DAG(s) 'example_display_name' retrieved from /home/airflow/.local/lib/python3.12/site-packages/airflow/example_dags/example_display_name.py
[2024-08-25T00:30:05.552+0000] {logging_mixin.py:190} INFO - [2024-08-25T00:30:05.550+0000] {dag.py:3211} INFO - Sync 1 DAGs
[2024-08-25T00:30:05.624+0000] {logging_mixin.py:190} INFO - [2024-08-25T00:30:05.623+0000] {dag.py:4138} INFO - Setting next_dagrun for example_display_name to None, run_after=None
[2024-08-25T00:30:05.733+0000] {processor.py:208} INFO - Processing /home/airflow/.local/lib/python3.12/site-packages/airflow/example_dags/example_display_name.py took 0.384 seconds
[2024-08-25T00:30:42.728+0000] {processor.py:186} INFO - Started process (PID=505) to work on /home/airflow/.local/lib/python3.12/site-packages/airflow/example_dags/example_display_name.py
[2024-08-25T00:30:42.731+0000] {processor.py:914} INFO - Processing file /home/airflow/.local/lib/python3.12/site-packages/airflow/example_dags/example_display_name.py for tasks to queue
[2024-08-25T00:30:42.746+0000] {logging_mixin.py:190} INFO - [2024-08-25T00:30:42.745+0000] {dagbag.py:587} INFO - Filling up the DagBag from /home/airflow/.local/lib/python3.12/site-packages/airflow/example_dags/example_display_name.py
[2024-08-25T00:30:42.780+0000] {processor.py:925} INFO - DAG(s) 'example_display_name' retrieved from /home/airflow/.local/lib/python3.12/site-packages/airflow/example_dags/example_display_name.py
[2024-08-25T00:30:42.905+0000] {logging_mixin.py:190} INFO - [2024-08-25T00:30:42.903+0000] {dag.py:3211} INFO - Sync 1 DAGs
[2024-08-25T00:30:42.973+0000] {logging_mixin.py:190} INFO - [2024-08-25T00:30:42.973+0000] {dag.py:4138} INFO - Setting next_dagrun for example_display_name to None, run_after=None
[2024-08-25T00:30:43.076+0000] {processor.py:208} INFO - Processing /home/airflow/.local/lib/python3.12/site-packages/airflow/example_dags/example_display_name.py took 0.367 seconds
[2024-08-25T00:31:25.187+0000] {processor.py:186} INFO - Started process (PID=570) to work on /home/airflow/.local/lib/python3.12/site-packages/airflow/example_dags/example_display_name.py
[2024-08-25T00:31:25.213+0000] {processor.py:914} INFO - Processing file /home/airflow/.local/lib/python3.12/site-packages/airflow/example_dags/example_display_name.py for tasks to queue
[2024-08-25T00:31:25.234+0000] {logging_mixin.py:190} INFO - [2024-08-25T00:31:25.234+0000] {dagbag.py:587} INFO - Filling up the DagBag from /home/airflow/.local/lib/python3.12/site-packages/airflow/example_dags/example_display_name.py
[2024-08-25T00:31:25.302+0000] {processor.py:925} INFO - DAG(s) 'example_display_name' retrieved from /home/airflow/.local/lib/python3.12/site-packages/airflow/example_dags/example_display_name.py
[2024-08-25T00:31:25.500+0000] {logging_mixin.py:190} INFO - [2024-08-25T00:31:25.498+0000] {dag.py:3211} INFO - Sync 1 DAGs
[2024-08-25T00:31:25.699+0000] {logging_mixin.py:190} INFO - [2024-08-25T00:31:25.697+0000] {dag.py:4138} INFO - Setting next_dagrun for example_display_name to None, run_after=None
[2024-08-25T00:31:25.923+0000] {processor.py:208} INFO - Processing /home/airflow/.local/lib/python3.12/site-packages/airflow/example_dags/example_display_name.py took 0.786 seconds
[2024-08-25T00:32:13.464+0000] {processor.py:186} INFO - Started process (PID=642) to work on /home/airflow/.local/lib/python3.12/site-packages/airflow/example_dags/example_display_name.py
[2024-08-25T00:32:13.466+0000] {processor.py:914} INFO - Processing file /home/airflow/.local/lib/python3.12/site-packages/airflow/example_dags/example_display_name.py for tasks to queue
[2024-08-25T00:32:13.475+0000] {logging_mixin.py:190} INFO - [2024-08-25T00:32:13.474+0000] {dagbag.py:587} INFO - Filling up the DagBag from /home/airflow/.local/lib/python3.12/site-packages/airflow/example_dags/example_display_name.py
[2024-08-25T00:32:13.505+0000] {processor.py:925} INFO - DAG(s) 'example_display_name' retrieved from /home/airflow/.local/lib/python3.12/site-packages/airflow/example_dags/example_display_name.py
[2024-08-25T00:32:13.566+0000] {logging_mixin.py:190} INFO - [2024-08-25T00:32:13.565+0000] {dag.py:3211} INFO - Sync 1 DAGs
[2024-08-25T00:32:13.616+0000] {logging_mixin.py:190} INFO - [2024-08-25T00:32:13.615+0000] {dag.py:4138} INFO - Setting next_dagrun for example_display_name to None, run_after=None
[2024-08-25T00:32:13.679+0000] {processor.py:208} INFO - Processing /home/airflow/.local/lib/python3.12/site-packages/airflow/example_dags/example_display_name.py took 0.241 seconds
[2024-08-25T00:32:55.416+0000] {processor.py:186} INFO - Started process (PID=706) to work on /home/airflow/.local/lib/python3.12/site-packages/airflow/example_dags/example_display_name.py
[2024-08-25T00:32:56.030+0000] {processor.py:914} INFO - Processing file /home/airflow/.local/lib/python3.12/site-packages/airflow/example_dags/example_display_name.py for tasks to queue
[2024-08-25T00:32:56.274+0000] {logging_mixin.py:190} INFO - [2024-08-25T00:32:56.267+0000] {dagbag.py:587} INFO - Filling up the DagBag from /home/airflow/.local/lib/python3.12/site-packages/airflow/example_dags/example_display_name.py
[2024-08-25T00:32:56.452+0000] {processor.py:925} INFO - DAG(s) 'example_display_name' retrieved from /home/airflow/.local/lib/python3.12/site-packages/airflow/example_dags/example_display_name.py
[2024-08-25T00:32:56.878+0000] {logging_mixin.py:190} INFO - [2024-08-25T00:32:56.867+0000] {dag.py:3211} INFO - Sync 1 DAGs
[2024-08-25T00:32:57.269+0000] {logging_mixin.py:190} INFO - [2024-08-25T00:32:57.268+0000] {dag.py:4138} INFO - Setting next_dagrun for example_display_name to None, run_after=None
[2024-08-25T00:32:57.638+0000] {processor.py:208} INFO - Processing /home/airflow/.local/lib/python3.12/site-packages/airflow/example_dags/example_display_name.py took 2.281 seconds
[2024-08-25T00:34:06.315+0000] {processor.py:186} INFO - Started process (PID=794) to work on /home/airflow/.local/lib/python3.12/site-packages/airflow/example_dags/example_display_name.py
[2024-08-25T00:34:06.317+0000] {processor.py:914} INFO - Processing file /home/airflow/.local/lib/python3.12/site-packages/airflow/example_dags/example_display_name.py for tasks to queue
[2024-08-25T00:34:06.336+0000] {logging_mixin.py:190} INFO - [2024-08-25T00:34:06.335+0000] {dagbag.py:587} INFO - Filling up the DagBag from /home/airflow/.local/lib/python3.12/site-packages/airflow/example_dags/example_display_name.py
[2024-08-25T00:34:06.405+0000] {processor.py:925} INFO - DAG(s) 'example_display_name' retrieved from /home/airflow/.local/lib/python3.12/site-packages/airflow/example_dags/example_display_name.py
[2024-08-25T00:34:06.548+0000] {logging_mixin.py:190} INFO - [2024-08-25T00:34:06.546+0000] {dag.py:3211} INFO - Sync 1 DAGs
[2024-08-25T00:34:06.619+0000] {logging_mixin.py:190} INFO - [2024-08-25T00:34:06.618+0000] {dag.py:4138} INFO - Setting next_dagrun for example_display_name to None, run_after=None
[2024-08-25T00:34:06.703+0000] {processor.py:208} INFO - Processing /home/airflow/.local/lib/python3.12/site-packages/airflow/example_dags/example_display_name.py took 0.453 seconds
[2024-08-25T00:34:39.057+0000] {processor.py:186} INFO - Started process (PID=857) to work on /home/airflow/.local/lib/python3.12/site-packages/airflow/example_dags/example_display_name.py
[2024-08-25T00:34:39.064+0000] {processor.py:914} INFO - Processing file /home/airflow/.local/lib/python3.12/site-packages/airflow/example_dags/example_display_name.py for tasks to queue
[2024-08-25T00:34:39.077+0000] {logging_mixin.py:190} INFO - [2024-08-25T00:34:39.076+0000] {dagbag.py:587} INFO - Filling up the DagBag from /home/airflow/.local/lib/python3.12/site-packages/airflow/example_dags/example_display_name.py
[2024-08-25T00:34:39.126+0000] {processor.py:925} INFO - DAG(s) 'example_display_name' retrieved from /home/airflow/.local/lib/python3.12/site-packages/airflow/example_dags/example_display_name.py
[2024-08-25T00:34:39.220+0000] {logging_mixin.py:190} INFO - [2024-08-25T00:34:39.218+0000] {dag.py:3211} INFO - Sync 1 DAGs
[2024-08-25T00:34:39.287+0000] {logging_mixin.py:190} INFO - [2024-08-25T00:34:39.286+0000] {dag.py:4138} INFO - Setting next_dagrun for example_display_name to None, run_after=None
[2024-08-25T00:34:39.348+0000] {processor.py:208} INFO - Processing /home/airflow/.local/lib/python3.12/site-packages/airflow/example_dags/example_display_name.py took 0.331 seconds
[2024-08-25T00:35:11.512+0000] {processor.py:186} INFO - Started process (PID=919) to work on /home/airflow/.local/lib/python3.12/site-packages/airflow/example_dags/example_display_name.py
[2024-08-25T00:35:11.515+0000] {processor.py:914} INFO - Processing file /home/airflow/.local/lib/python3.12/site-packages/airflow/example_dags/example_display_name.py for tasks to queue
[2024-08-25T00:35:11.525+0000] {logging_mixin.py:190} INFO - [2024-08-25T00:35:11.524+0000] {dagbag.py:587} INFO - Filling up the DagBag from /home/airflow/.local/lib/python3.12/site-packages/airflow/example_dags/example_display_name.py
[2024-08-25T00:35:11.580+0000] {processor.py:925} INFO - DAG(s) 'example_display_name' retrieved from /home/airflow/.local/lib/python3.12/site-packages/airflow/example_dags/example_display_name.py
[2024-08-25T00:35:11.703+0000] {logging_mixin.py:190} INFO - [2024-08-25T00:35:11.701+0000] {dag.py:3211} INFO - Sync 1 DAGs
[2024-08-25T00:35:11.808+0000] {logging_mixin.py:190} INFO - [2024-08-25T00:35:11.807+0000] {dag.py:4138} INFO - Setting next_dagrun for example_display_name to None, run_after=None
[2024-08-25T00:35:11.871+0000] {processor.py:208} INFO - Processing /home/airflow/.local/lib/python3.12/site-packages/airflow/example_dags/example_display_name.py took 0.380 seconds
[2024-08-25T00:35:43.425+0000] {processor.py:186} INFO - Started process (PID=982) to work on /home/airflow/.local/lib/python3.12/site-packages/airflow/example_dags/example_display_name.py
[2024-08-25T00:35:43.477+0000] {processor.py:914} INFO - Processing file /home/airflow/.local/lib/python3.12/site-packages/airflow/example_dags/example_display_name.py for tasks to queue
[2024-08-25T00:35:43.495+0000] {logging_mixin.py:190} INFO - [2024-08-25T00:35:43.494+0000] {dagbag.py:587} INFO - Filling up the DagBag from /home/airflow/.local/lib/python3.12/site-packages/airflow/example_dags/example_display_name.py
[2024-08-25T00:35:43.623+0000] {processor.py:925} INFO - DAG(s) 'example_display_name' retrieved from /home/airflow/.local/lib/python3.12/site-packages/airflow/example_dags/example_display_name.py
[2024-08-25T00:35:43.823+0000] {logging_mixin.py:190} INFO - [2024-08-25T00:35:43.810+0000] {dag.py:3211} INFO - Sync 1 DAGs
[2024-08-25T00:35:44.061+0000] {logging_mixin.py:190} INFO - [2024-08-25T00:35:44.060+0000] {dag.py:4138} INFO - Setting next_dagrun for example_display_name to None, run_after=None
[2024-08-25T00:35:44.336+0000] {processor.py:208} INFO - Processing /home/airflow/.local/lib/python3.12/site-packages/airflow/example_dags/example_display_name.py took 0.960 seconds
[2024-08-25T00:36:16.232+0000] {processor.py:186} INFO - Started process (PID=1045) to work on /home/airflow/.local/lib/python3.12/site-packages/airflow/example_dags/example_display_name.py
[2024-08-25T00:36:16.244+0000] {processor.py:914} INFO - Processing file /home/airflow/.local/lib/python3.12/site-packages/airflow/example_dags/example_display_name.py for tasks to queue
[2024-08-25T00:36:16.277+0000] {logging_mixin.py:190} INFO - [2024-08-25T00:36:16.276+0000] {dagbag.py:587} INFO - Filling up the DagBag from /home/airflow/.local/lib/python3.12/site-packages/airflow/example_dags/example_display_name.py
[2024-08-25T00:36:16.374+0000] {processor.py:925} INFO - DAG(s) 'example_display_name' retrieved from /home/airflow/.local/lib/python3.12/site-packages/airflow/example_dags/example_display_name.py
[2024-08-25T00:36:16.552+0000] {logging_mixin.py:190} INFO - [2024-08-25T00:36:16.550+0000] {dag.py:3211} INFO - Sync 1 DAGs
[2024-08-25T00:36:16.706+0000] {logging_mixin.py:190} INFO - [2024-08-25T00:36:16.696+0000] {dag.py:4138} INFO - Setting next_dagrun for example_display_name to None, run_after=None
[2024-08-25T00:36:16.945+0000] {processor.py:208} INFO - Processing /home/airflow/.local/lib/python3.12/site-packages/airflow/example_dags/example_display_name.py took 0.753 seconds
[2024-08-25T00:36:47.307+0000] {processor.py:186} INFO - Started process (PID=1108) to work on /home/airflow/.local/lib/python3.12/site-packages/airflow/example_dags/example_display_name.py
[2024-08-25T00:36:47.314+0000] {processor.py:914} INFO - Processing file /home/airflow/.local/lib/python3.12/site-packages/airflow/example_dags/example_display_name.py for tasks to queue
[2024-08-25T00:36:47.324+0000] {logging_mixin.py:190} INFO - [2024-08-25T00:36:47.323+0000] {dagbag.py:587} INFO - Filling up the DagBag from /home/airflow/.local/lib/python3.12/site-packages/airflow/example_dags/example_display_name.py
[2024-08-25T00:36:47.383+0000] {processor.py:925} INFO - DAG(s) 'example_display_name' retrieved from /home/airflow/.local/lib/python3.12/site-packages/airflow/example_dags/example_display_name.py
[2024-08-25T00:36:47.520+0000] {logging_mixin.py:190} INFO - [2024-08-25T00:36:47.518+0000] {dag.py:3211} INFO - Sync 1 DAGs
[2024-08-25T00:36:47.640+0000] {logging_mixin.py:190} INFO - [2024-08-25T00:36:47.639+0000] {dag.py:4138} INFO - Setting next_dagrun for example_display_name to None, run_after=None
[2024-08-25T00:36:47.760+0000] {processor.py:208} INFO - Processing /home/airflow/.local/lib/python3.12/site-packages/airflow/example_dags/example_display_name.py took 0.504 seconds
[2024-08-25T00:37:21.398+0000] {processor.py:186} INFO - Started process (PID=1171) to work on /home/airflow/.local/lib/python3.12/site-packages/airflow/example_dags/example_display_name.py
[2024-08-25T00:37:21.401+0000] {processor.py:914} INFO - Processing file /home/airflow/.local/lib/python3.12/site-packages/airflow/example_dags/example_display_name.py for tasks to queue
[2024-08-25T00:37:21.404+0000] {logging_mixin.py:190} INFO - [2024-08-25T00:37:21.404+0000] {dagbag.py:587} INFO - Filling up the DagBag from /home/airflow/.local/lib/python3.12/site-packages/airflow/example_dags/example_display_name.py
[2024-08-25T00:37:21.443+0000] {processor.py:925} INFO - DAG(s) 'example_display_name' retrieved from /home/airflow/.local/lib/python3.12/site-packages/airflow/example_dags/example_display_name.py
[2024-08-25T00:37:21.532+0000] {logging_mixin.py:190} INFO - [2024-08-25T00:37:21.530+0000] {dag.py:3211} INFO - Sync 1 DAGs
[2024-08-25T00:37:21.607+0000] {logging_mixin.py:190} INFO - [2024-08-25T00:37:21.606+0000] {dag.py:4138} INFO - Setting next_dagrun for example_display_name to None, run_after=None
[2024-08-25T00:37:21.672+0000] {processor.py:208} INFO - Processing /home/airflow/.local/lib/python3.12/site-packages/airflow/example_dags/example_display_name.py took 0.301 seconds
[2024-08-25T00:37:53.671+0000] {processor.py:186} INFO - Started process (PID=1233) to work on /home/airflow/.local/lib/python3.12/site-packages/airflow/example_dags/example_display_name.py
[2024-08-25T00:37:53.687+0000] {processor.py:914} INFO - Processing file /home/airflow/.local/lib/python3.12/site-packages/airflow/example_dags/example_display_name.py for tasks to queue
[2024-08-25T00:37:53.702+0000] {logging_mixin.py:190} INFO - [2024-08-25T00:37:53.701+0000] {dagbag.py:587} INFO - Filling up the DagBag from /home/airflow/.local/lib/python3.12/site-packages/airflow/example_dags/example_display_name.py
[2024-08-25T00:37:53.854+0000] {processor.py:925} INFO - DAG(s) 'example_display_name' retrieved from /home/airflow/.local/lib/python3.12/site-packages/airflow/example_dags/example_display_name.py
[2024-08-25T00:37:54.085+0000] {logging_mixin.py:190} INFO - [2024-08-25T00:37:54.072+0000] {dag.py:3211} INFO - Sync 1 DAGs
[2024-08-25T00:37:54.400+0000] {logging_mixin.py:190} INFO - [2024-08-25T00:37:54.400+0000] {dag.py:4138} INFO - Setting next_dagrun for example_display_name to None, run_after=None
[2024-08-25T00:37:54.816+0000] {processor.py:208} INFO - Processing /home/airflow/.local/lib/python3.12/site-packages/airflow/example_dags/example_display_name.py took 1.184 seconds
[2024-08-25T00:38:25.190+0000] {processor.py:186} INFO - Started process (PID=1295) to work on /home/airflow/.local/lib/python3.12/site-packages/airflow/example_dags/example_display_name.py
[2024-08-25T00:38:25.195+0000] {processor.py:914} INFO - Processing file /home/airflow/.local/lib/python3.12/site-packages/airflow/example_dags/example_display_name.py for tasks to queue
[2024-08-25T00:38:25.200+0000] {logging_mixin.py:190} INFO - [2024-08-25T00:38:25.199+0000] {dagbag.py:587} INFO - Filling up the DagBag from /home/airflow/.local/lib/python3.12/site-packages/airflow/example_dags/example_display_name.py
[2024-08-25T00:38:25.248+0000] {processor.py:925} INFO - DAG(s) 'example_display_name' retrieved from /home/airflow/.local/lib/python3.12/site-packages/airflow/example_dags/example_display_name.py
[2024-08-25T00:38:25.402+0000] {logging_mixin.py:190} INFO - [2024-08-25T00:38:25.400+0000] {dag.py:3211} INFO - Sync 1 DAGs
[2024-08-25T00:38:25.531+0000] {logging_mixin.py:190} INFO - [2024-08-25T00:38:25.531+0000] {dag.py:4138} INFO - Setting next_dagrun for example_display_name to None, run_after=None
[2024-08-25T00:38:25.641+0000] {processor.py:208} INFO - Processing /home/airflow/.local/lib/python3.12/site-packages/airflow/example_dags/example_display_name.py took 0.473 seconds
[2024-08-25T00:38:56.141+0000] {processor.py:186} INFO - Started process (PID=1357) to work on /home/airflow/.local/lib/python3.12/site-packages/airflow/example_dags/example_display_name.py
[2024-08-25T00:38:56.144+0000] {processor.py:914} INFO - Processing file /home/airflow/.local/lib/python3.12/site-packages/airflow/example_dags/example_display_name.py for tasks to queue
[2024-08-25T00:38:56.149+0000] {logging_mixin.py:190} INFO - [2024-08-25T00:38:56.148+0000] {dagbag.py:587} INFO - Filling up the DagBag from /home/airflow/.local/lib/python3.12/site-packages/airflow/example_dags/example_display_name.py
[2024-08-25T00:38:56.173+0000] {processor.py:925} INFO - DAG(s) 'example_display_name' retrieved from /home/airflow/.local/lib/python3.12/site-packages/airflow/example_dags/example_display_name.py
[2024-08-25T00:38:56.243+0000] {logging_mixin.py:190} INFO - [2024-08-25T00:38:56.242+0000] {dag.py:3211} INFO - Sync 1 DAGs
[2024-08-25T00:38:56.290+0000] {logging_mixin.py:190} INFO - [2024-08-25T00:38:56.290+0000] {dag.py:4138} INFO - Setting next_dagrun for example_display_name to None, run_after=None
[2024-08-25T00:38:56.344+0000] {processor.py:208} INFO - Processing /home/airflow/.local/lib/python3.12/site-packages/airflow/example_dags/example_display_name.py took 0.237 seconds
[2024-08-25T00:39:26.565+0000] {processor.py:186} INFO - Started process (PID=1420) to work on /home/airflow/.local/lib/python3.12/site-packages/airflow/example_dags/example_display_name.py
[2024-08-25T00:39:26.568+0000] {processor.py:914} INFO - Processing file /home/airflow/.local/lib/python3.12/site-packages/airflow/example_dags/example_display_name.py for tasks to queue
[2024-08-25T00:39:26.572+0000] {logging_mixin.py:190} INFO - [2024-08-25T00:39:26.571+0000] {dagbag.py:587} INFO - Filling up the DagBag from /home/airflow/.local/lib/python3.12/site-packages/airflow/example_dags/example_display_name.py
[2024-08-25T00:39:26.600+0000] {processor.py:925} INFO - DAG(s) 'example_display_name' retrieved from /home/airflow/.local/lib/python3.12/site-packages/airflow/example_dags/example_display_name.py
[2024-08-25T00:39:26.678+0000] {logging_mixin.py:190} INFO - [2024-08-25T00:39:26.676+0000] {dag.py:3211} INFO - Sync 1 DAGs
[2024-08-25T00:39:26.724+0000] {logging_mixin.py:190} INFO - [2024-08-25T00:39:26.723+0000] {dag.py:4138} INFO - Setting next_dagrun for example_display_name to None, run_after=None
[2024-08-25T00:39:26.767+0000] {processor.py:208} INFO - Processing /home/airflow/.local/lib/python3.12/site-packages/airflow/example_dags/example_display_name.py took 0.218 seconds
[2024-08-25T00:39:57.056+0000] {processor.py:186} INFO - Started process (PID=1482) to work on /home/airflow/.local/lib/python3.12/site-packages/airflow/example_dags/example_display_name.py
[2024-08-25T00:39:57.059+0000] {processor.py:914} INFO - Processing file /home/airflow/.local/lib/python3.12/site-packages/airflow/example_dags/example_display_name.py for tasks to queue
[2024-08-25T00:39:57.069+0000] {logging_mixin.py:190} INFO - [2024-08-25T00:39:57.068+0000] {dagbag.py:587} INFO - Filling up the DagBag from /home/airflow/.local/lib/python3.12/site-packages/airflow/example_dags/example_display_name.py
[2024-08-25T00:39:57.101+0000] {processor.py:925} INFO - DAG(s) 'example_display_name' retrieved from /home/airflow/.local/lib/python3.12/site-packages/airflow/example_dags/example_display_name.py
[2024-08-25T00:39:57.207+0000] {logging_mixin.py:190} INFO - [2024-08-25T00:39:57.205+0000] {dag.py:3211} INFO - Sync 1 DAGs
[2024-08-25T00:39:57.562+0000] {logging_mixin.py:190} INFO - [2024-08-25T00:39:57.561+0000] {dag.py:4138} INFO - Setting next_dagrun for example_display_name to None, run_after=None
[2024-08-25T00:39:57.853+0000] {processor.py:208} INFO - Processing /home/airflow/.local/lib/python3.12/site-packages/airflow/example_dags/example_display_name.py took 0.837 seconds
