[2024-08-25T00:00:16.454+0000] {processor.py:186} INFO - Started process (PID=38540) to work on /home/airflow/.local/lib/python3.12/site-packages/airflow/example_dags/example_short_circuit_operator.py
[2024-08-25T00:00:16.457+0000] {processor.py:914} INFO - Processing file /home/airflow/.local/lib/python3.12/site-packages/airflow/example_dags/example_short_circuit_operator.py for tasks to queue
[2024-08-25T00:00:16.464+0000] {logging_mixin.py:190} INFO - [2024-08-25T00:00:16.463+0000] {dagbag.py:587} INFO - Filling up the DagBag from /home/airflow/.local/lib/python3.12/site-packages/airflow/example_dags/example_short_circuit_operator.py
[2024-08-25T00:00:16.504+0000] {processor.py:925} INFO - DAG(s) 'example_short_circuit_operator' retrieved from /home/airflow/.local/lib/python3.12/site-packages/airflow/example_dags/example_short_circuit_operator.py
[2024-08-25T00:00:16.590+0000] {logging_mixin.py:190} INFO - [2024-08-25T00:00:16.589+0000] {dag.py:3211} INFO - Sync 1 DAGs
[2024-08-25T00:00:16.660+0000] {logging_mixin.py:190} INFO - [2024-08-25T00:00:16.660+0000] {dag.py:4138} INFO - Setting next_dagrun for example_short_circuit_operator to 2024-08-24 00:00:00+00:00, run_after=2024-08-25 00:00:00+00:00
[2024-08-25T00:00:16.700+0000] {processor.py:208} INFO - Processing /home/airflow/.local/lib/python3.12/site-packages/airflow/example_dags/example_short_circuit_operator.py took 0.268 seconds
[2024-08-25T00:06:00.629+0000] {processor.py:186} INFO - Started process (PID=113) to work on /home/airflow/.local/lib/python3.12/site-packages/airflow/example_dags/example_short_circuit_operator.py
[2024-08-25T00:06:00.633+0000] {processor.py:914} INFO - Processing file /home/airflow/.local/lib/python3.12/site-packages/airflow/example_dags/example_short_circuit_operator.py for tasks to queue
[2024-08-25T00:06:00.646+0000] {logging_mixin.py:190} INFO - [2024-08-25T00:06:00.644+0000] {dagbag.py:587} INFO - Filling up the DagBag from /home/airflow/.local/lib/python3.12/site-packages/airflow/example_dags/example_short_circuit_operator.py
[2024-08-25T00:06:00.687+0000] {processor.py:925} INFO - DAG(s) 'example_short_circuit_operator' retrieved from /home/airflow/.local/lib/python3.12/site-packages/airflow/example_dags/example_short_circuit_operator.py
[2024-08-25T00:06:00.800+0000] {logging_mixin.py:190} INFO - [2024-08-25T00:06:00.797+0000] {dag.py:3211} INFO - Sync 1 DAGs
[2024-08-25T00:06:00.919+0000] {logging_mixin.py:190} INFO - [2024-08-25T00:06:00.919+0000] {dag.py:4138} INFO - Setting next_dagrun for example_short_circuit_operator to 2024-08-24 00:00:00+00:00, run_after=2024-08-25 00:00:00+00:00
[2024-08-25T00:06:01.016+0000] {processor.py:208} INFO - Processing /home/airflow/.local/lib/python3.12/site-packages/airflow/example_dags/example_short_circuit_operator.py took 0.418 seconds
[2024-08-25T00:06:54.612+0000] {processor.py:186} INFO - Started process (PID=177) to work on /home/airflow/.local/lib/python3.12/site-packages/airflow/example_dags/example_short_circuit_operator.py
[2024-08-25T00:06:54.615+0000] {processor.py:914} INFO - Processing file /home/airflow/.local/lib/python3.12/site-packages/airflow/example_dags/example_short_circuit_operator.py for tasks to queue
[2024-08-25T00:06:54.628+0000] {logging_mixin.py:190} INFO - [2024-08-25T00:06:54.625+0000] {dagbag.py:587} INFO - Filling up the DagBag from /home/airflow/.local/lib/python3.12/site-packages/airflow/example_dags/example_short_circuit_operator.py
[2024-08-25T00:06:54.668+0000] {processor.py:925} INFO - DAG(s) 'example_short_circuit_operator' retrieved from /home/airflow/.local/lib/python3.12/site-packages/airflow/example_dags/example_short_circuit_operator.py
[2024-08-25T00:06:54.796+0000] {logging_mixin.py:190} INFO - [2024-08-25T00:06:54.794+0000] {dag.py:3211} INFO - Sync 1 DAGs
[2024-08-25T00:06:54.968+0000] {logging_mixin.py:190} INFO - [2024-08-25T00:06:54.967+0000] {dag.py:4138} INFO - Setting next_dagrun for example_short_circuit_operator to 2024-08-24 00:00:00+00:00, run_after=2024-08-25 00:00:00+00:00
[2024-08-25T00:06:55.064+0000] {processor.py:208} INFO - Processing /home/airflow/.local/lib/python3.12/site-packages/airflow/example_dags/example_short_circuit_operator.py took 0.476 seconds
[2024-08-25T00:07:27.335+0000] {processor.py:186} INFO - Started process (PID=240) to work on /home/airflow/.local/lib/python3.12/site-packages/airflow/example_dags/example_short_circuit_operator.py
[2024-08-25T00:07:27.347+0000] {processor.py:914} INFO - Processing file /home/airflow/.local/lib/python3.12/site-packages/airflow/example_dags/example_short_circuit_operator.py for tasks to queue
[2024-08-25T00:07:27.366+0000] {logging_mixin.py:190} INFO - [2024-08-25T00:07:27.365+0000] {dagbag.py:587} INFO - Filling up the DagBag from /home/airflow/.local/lib/python3.12/site-packages/airflow/example_dags/example_short_circuit_operator.py
[2024-08-25T00:07:27.434+0000] {processor.py:925} INFO - DAG(s) 'example_short_circuit_operator' retrieved from /home/airflow/.local/lib/python3.12/site-packages/airflow/example_dags/example_short_circuit_operator.py
[2024-08-25T00:07:27.547+0000] {logging_mixin.py:190} INFO - [2024-08-25T00:07:27.545+0000] {dag.py:3211} INFO - Sync 1 DAGs
[2024-08-25T00:07:27.636+0000] {logging_mixin.py:190} INFO - [2024-08-25T00:07:27.636+0000] {dag.py:4138} INFO - Setting next_dagrun for example_short_circuit_operator to 2024-08-24 00:00:00+00:00, run_after=2024-08-25 00:00:00+00:00
[2024-08-25T00:07:27.688+0000] {processor.py:208} INFO - Processing /home/airflow/.local/lib/python3.12/site-packages/airflow/example_dags/example_short_circuit_operator.py took 0.408 seconds
[2024-08-25T00:08:02.121+0000] {processor.py:186} INFO - Started process (PID=308) to work on /home/airflow/.local/lib/python3.12/site-packages/airflow/example_dags/example_short_circuit_operator.py
[2024-08-25T00:08:02.123+0000] {processor.py:914} INFO - Processing file /home/airflow/.local/lib/python3.12/site-packages/airflow/example_dags/example_short_circuit_operator.py for tasks to queue
[2024-08-25T00:08:02.139+0000] {logging_mixin.py:190} INFO - [2024-08-25T00:08:02.138+0000] {dagbag.py:587} INFO - Filling up the DagBag from /home/airflow/.local/lib/python3.12/site-packages/airflow/example_dags/example_short_circuit_operator.py
[2024-08-25T00:08:02.208+0000] {processor.py:925} INFO - DAG(s) 'example_short_circuit_operator' retrieved from /home/airflow/.local/lib/python3.12/site-packages/airflow/example_dags/example_short_circuit_operator.py
[2024-08-25T00:08:02.360+0000] {logging_mixin.py:190} INFO - [2024-08-25T00:08:02.358+0000] {dag.py:3211} INFO - Sync 1 DAGs
[2024-08-25T00:08:02.510+0000] {logging_mixin.py:190} INFO - [2024-08-25T00:08:02.510+0000] {dag.py:4138} INFO - Setting next_dagrun for example_short_circuit_operator to 2024-08-24 00:00:00+00:00, run_after=2024-08-25 00:00:00+00:00
[2024-08-25T00:08:02.584+0000] {processor.py:208} INFO - Processing /home/airflow/.local/lib/python3.12/site-packages/airflow/example_dags/example_short_circuit_operator.py took 0.500 seconds
[2024-08-25T00:08:34.731+0000] {processor.py:186} INFO - Started process (PID=371) to work on /home/airflow/.local/lib/python3.12/site-packages/airflow/example_dags/example_short_circuit_operator.py
[2024-08-25T00:08:34.733+0000] {processor.py:914} INFO - Processing file /home/airflow/.local/lib/python3.12/site-packages/airflow/example_dags/example_short_circuit_operator.py for tasks to queue
[2024-08-25T00:08:34.741+0000] {logging_mixin.py:190} INFO - [2024-08-25T00:08:34.740+0000] {dagbag.py:587} INFO - Filling up the DagBag from /home/airflow/.local/lib/python3.12/site-packages/airflow/example_dags/example_short_circuit_operator.py
[2024-08-25T00:08:34.801+0000] {processor.py:925} INFO - DAG(s) 'example_short_circuit_operator' retrieved from /home/airflow/.local/lib/python3.12/site-packages/airflow/example_dags/example_short_circuit_operator.py
[2024-08-25T00:08:34.956+0000] {logging_mixin.py:190} INFO - [2024-08-25T00:08:34.954+0000] {dag.py:3211} INFO - Sync 1 DAGs
[2024-08-25T00:08:35.063+0000] {logging_mixin.py:190} INFO - [2024-08-25T00:08:35.062+0000] {dag.py:4138} INFO - Setting next_dagrun for example_short_circuit_operator to 2024-08-24 00:00:00+00:00, run_after=2024-08-25 00:00:00+00:00
[2024-08-25T00:08:35.116+0000] {processor.py:208} INFO - Processing /home/airflow/.local/lib/python3.12/site-packages/airflow/example_dags/example_short_circuit_operator.py took 0.411 seconds
[2024-08-25T00:09:06.980+0000] {processor.py:186} INFO - Started process (PID=434) to work on /home/airflow/.local/lib/python3.12/site-packages/airflow/example_dags/example_short_circuit_operator.py
[2024-08-25T00:09:06.985+0000] {processor.py:914} INFO - Processing file /home/airflow/.local/lib/python3.12/site-packages/airflow/example_dags/example_short_circuit_operator.py for tasks to queue
[2024-08-25T00:09:06.997+0000] {logging_mixin.py:190} INFO - [2024-08-25T00:09:06.996+0000] {dagbag.py:587} INFO - Filling up the DagBag from /home/airflow/.local/lib/python3.12/site-packages/airflow/example_dags/example_short_circuit_operator.py
[2024-08-25T00:09:07.049+0000] {processor.py:925} INFO - DAG(s) 'example_short_circuit_operator' retrieved from /home/airflow/.local/lib/python3.12/site-packages/airflow/example_dags/example_short_circuit_operator.py
[2024-08-25T00:09:07.141+0000] {logging_mixin.py:190} INFO - [2024-08-25T00:09:07.137+0000] {dag.py:3211} INFO - Sync 1 DAGs
[2024-08-25T00:09:07.319+0000] {logging_mixin.py:190} INFO - [2024-08-25T00:09:07.319+0000] {dag.py:4138} INFO - Setting next_dagrun for example_short_circuit_operator to 2024-08-24 00:00:00+00:00, run_after=2024-08-25 00:00:00+00:00
[2024-08-25T00:09:07.456+0000] {processor.py:208} INFO - Processing /home/airflow/.local/lib/python3.12/site-packages/airflow/example_dags/example_short_circuit_operator.py took 0.503 seconds
[2024-08-25T00:09:37.966+0000] {processor.py:186} INFO - Started process (PID=498) to work on /home/airflow/.local/lib/python3.12/site-packages/airflow/example_dags/example_short_circuit_operator.py
[2024-08-25T00:09:37.968+0000] {processor.py:914} INFO - Processing file /home/airflow/.local/lib/python3.12/site-packages/airflow/example_dags/example_short_circuit_operator.py for tasks to queue
[2024-08-25T00:09:37.973+0000] {logging_mixin.py:190} INFO - [2024-08-25T00:09:37.972+0000] {dagbag.py:587} INFO - Filling up the DagBag from /home/airflow/.local/lib/python3.12/site-packages/airflow/example_dags/example_short_circuit_operator.py
[2024-08-25T00:09:38.000+0000] {processor.py:925} INFO - DAG(s) 'example_short_circuit_operator' retrieved from /home/airflow/.local/lib/python3.12/site-packages/airflow/example_dags/example_short_circuit_operator.py
[2024-08-25T00:09:38.082+0000] {logging_mixin.py:190} INFO - [2024-08-25T00:09:38.081+0000] {dag.py:3211} INFO - Sync 1 DAGs
[2024-08-25T00:09:38.162+0000] {logging_mixin.py:190} INFO - [2024-08-25T00:09:38.161+0000] {dag.py:4138} INFO - Setting next_dagrun for example_short_circuit_operator to 2024-08-24 00:00:00+00:00, run_after=2024-08-25 00:00:00+00:00
[2024-08-25T00:09:38.251+0000] {processor.py:208} INFO - Processing /home/airflow/.local/lib/python3.12/site-packages/airflow/example_dags/example_short_circuit_operator.py took 0.328 seconds
[2024-08-25T00:10:08.495+0000] {processor.py:186} INFO - Started process (PID=560) to work on /home/airflow/.local/lib/python3.12/site-packages/airflow/example_dags/example_short_circuit_operator.py
[2024-08-25T00:10:08.496+0000] {processor.py:914} INFO - Processing file /home/airflow/.local/lib/python3.12/site-packages/airflow/example_dags/example_short_circuit_operator.py for tasks to queue
[2024-08-25T00:10:08.502+0000] {logging_mixin.py:190} INFO - [2024-08-25T00:10:08.501+0000] {dagbag.py:587} INFO - Filling up the DagBag from /home/airflow/.local/lib/python3.12/site-packages/airflow/example_dags/example_short_circuit_operator.py
[2024-08-25T00:10:08.528+0000] {processor.py:925} INFO - DAG(s) 'example_short_circuit_operator' retrieved from /home/airflow/.local/lib/python3.12/site-packages/airflow/example_dags/example_short_circuit_operator.py
[2024-08-25T00:10:08.641+0000] {logging_mixin.py:190} INFO - [2024-08-25T00:10:08.639+0000] {dag.py:3211} INFO - Sync 1 DAGs
[2024-08-25T00:10:08.737+0000] {logging_mixin.py:190} INFO - [2024-08-25T00:10:08.736+0000] {dag.py:4138} INFO - Setting next_dagrun for example_short_circuit_operator to 2024-08-24 00:00:00+00:00, run_after=2024-08-25 00:00:00+00:00
[2024-08-25T00:10:08.798+0000] {processor.py:208} INFO - Processing /home/airflow/.local/lib/python3.12/site-packages/airflow/example_dags/example_short_circuit_operator.py took 0.319 seconds
[2024-08-25T00:10:39.584+0000] {processor.py:186} INFO - Started process (PID=623) to work on /home/airflow/.local/lib/python3.12/site-packages/airflow/example_dags/example_short_circuit_operator.py
[2024-08-25T00:10:39.587+0000] {processor.py:914} INFO - Processing file /home/airflow/.local/lib/python3.12/site-packages/airflow/example_dags/example_short_circuit_operator.py for tasks to queue
[2024-08-25T00:10:39.593+0000] {logging_mixin.py:190} INFO - [2024-08-25T00:10:39.592+0000] {dagbag.py:587} INFO - Filling up the DagBag from /home/airflow/.local/lib/python3.12/site-packages/airflow/example_dags/example_short_circuit_operator.py
[2024-08-25T00:10:39.622+0000] {processor.py:925} INFO - DAG(s) 'example_short_circuit_operator' retrieved from /home/airflow/.local/lib/python3.12/site-packages/airflow/example_dags/example_short_circuit_operator.py
[2024-08-25T00:10:39.706+0000] {logging_mixin.py:190} INFO - [2024-08-25T00:10:39.705+0000] {dag.py:3211} INFO - Sync 1 DAGs
[2024-08-25T00:10:39.787+0000] {logging_mixin.py:190} INFO - [2024-08-25T00:10:39.786+0000] {dag.py:4138} INFO - Setting next_dagrun for example_short_circuit_operator to 2024-08-24 00:00:00+00:00, run_after=2024-08-25 00:00:00+00:00
[2024-08-25T00:10:39.831+0000] {processor.py:208} INFO - Processing /home/airflow/.local/lib/python3.12/site-packages/airflow/example_dags/example_short_circuit_operator.py took 0.266 seconds
[2024-08-25T00:11:11.483+0000] {processor.py:186} INFO - Started process (PID=685) to work on /home/airflow/.local/lib/python3.12/site-packages/airflow/example_dags/example_short_circuit_operator.py
[2024-08-25T00:11:11.487+0000] {processor.py:914} INFO - Processing file /home/airflow/.local/lib/python3.12/site-packages/airflow/example_dags/example_short_circuit_operator.py for tasks to queue
[2024-08-25T00:11:11.494+0000] {logging_mixin.py:190} INFO - [2024-08-25T00:11:11.493+0000] {dagbag.py:587} INFO - Filling up the DagBag from /home/airflow/.local/lib/python3.12/site-packages/airflow/example_dags/example_short_circuit_operator.py
[2024-08-25T00:11:11.526+0000] {processor.py:925} INFO - DAG(s) 'example_short_circuit_operator' retrieved from /home/airflow/.local/lib/python3.12/site-packages/airflow/example_dags/example_short_circuit_operator.py
[2024-08-25T00:11:11.693+0000] {logging_mixin.py:190} INFO - [2024-08-25T00:11:11.690+0000] {dag.py:3211} INFO - Sync 1 DAGs
[2024-08-25T00:11:11.793+0000] {logging_mixin.py:190} INFO - [2024-08-25T00:11:11.792+0000] {dag.py:4138} INFO - Setting next_dagrun for example_short_circuit_operator to 2024-08-24 00:00:00+00:00, run_after=2024-08-25 00:00:00+00:00
[2024-08-25T00:11:11.945+0000] {processor.py:208} INFO - Processing /home/airflow/.local/lib/python3.12/site-packages/airflow/example_dags/example_short_circuit_operator.py took 0.486 seconds
[2024-08-25T00:11:44.881+0000] {processor.py:186} INFO - Started process (PID=748) to work on /home/airflow/.local/lib/python3.12/site-packages/airflow/example_dags/example_short_circuit_operator.py
[2024-08-25T00:11:44.904+0000] {processor.py:914} INFO - Processing file /home/airflow/.local/lib/python3.12/site-packages/airflow/example_dags/example_short_circuit_operator.py for tasks to queue
[2024-08-25T00:11:44.964+0000] {logging_mixin.py:190} INFO - [2024-08-25T00:11:44.960+0000] {dagbag.py:587} INFO - Filling up the DagBag from /home/airflow/.local/lib/python3.12/site-packages/airflow/example_dags/example_short_circuit_operator.py
[2024-08-25T00:11:45.067+0000] {processor.py:925} INFO - DAG(s) 'example_short_circuit_operator' retrieved from /home/airflow/.local/lib/python3.12/site-packages/airflow/example_dags/example_short_circuit_operator.py
[2024-08-25T00:11:45.219+0000] {logging_mixin.py:190} INFO - [2024-08-25T00:11:45.217+0000] {dag.py:3211} INFO - Sync 1 DAGs
[2024-08-25T00:11:45.315+0000] {logging_mixin.py:190} INFO - [2024-08-25T00:11:45.315+0000] {dag.py:4138} INFO - Setting next_dagrun for example_short_circuit_operator to 2024-08-24 00:00:00+00:00, run_after=2024-08-25 00:00:00+00:00
[2024-08-25T00:11:45.405+0000] {processor.py:208} INFO - Processing /home/airflow/.local/lib/python3.12/site-packages/airflow/example_dags/example_short_circuit_operator.py took 0.612 seconds
[2024-08-25T00:12:15.669+0000] {processor.py:186} INFO - Started process (PID=812) to work on /home/airflow/.local/lib/python3.12/site-packages/airflow/example_dags/example_short_circuit_operator.py
[2024-08-25T00:12:15.671+0000] {processor.py:914} INFO - Processing file /home/airflow/.local/lib/python3.12/site-packages/airflow/example_dags/example_short_circuit_operator.py for tasks to queue
[2024-08-25T00:12:15.678+0000] {logging_mixin.py:190} INFO - [2024-08-25T00:12:15.678+0000] {dagbag.py:587} INFO - Filling up the DagBag from /home/airflow/.local/lib/python3.12/site-packages/airflow/example_dags/example_short_circuit_operator.py
[2024-08-25T00:12:15.701+0000] {processor.py:925} INFO - DAG(s) 'example_short_circuit_operator' retrieved from /home/airflow/.local/lib/python3.12/site-packages/airflow/example_dags/example_short_circuit_operator.py
[2024-08-25T00:12:15.764+0000] {logging_mixin.py:190} INFO - [2024-08-25T00:12:15.763+0000] {dag.py:3211} INFO - Sync 1 DAGs
[2024-08-25T00:12:15.821+0000] {logging_mixin.py:190} INFO - [2024-08-25T00:12:15.821+0000] {dag.py:4138} INFO - Setting next_dagrun for example_short_circuit_operator to 2024-08-24 00:00:00+00:00, run_after=2024-08-25 00:00:00+00:00
[2024-08-25T00:12:15.863+0000] {processor.py:208} INFO - Processing /home/airflow/.local/lib/python3.12/site-packages/airflow/example_dags/example_short_circuit_operator.py took 0.209 seconds
[2024-08-25T00:12:46.095+0000] {processor.py:186} INFO - Started process (PID=874) to work on /home/airflow/.local/lib/python3.12/site-packages/airflow/example_dags/example_short_circuit_operator.py
[2024-08-25T00:12:46.098+0000] {processor.py:914} INFO - Processing file /home/airflow/.local/lib/python3.12/site-packages/airflow/example_dags/example_short_circuit_operator.py for tasks to queue
[2024-08-25T00:12:46.111+0000] {logging_mixin.py:190} INFO - [2024-08-25T00:12:46.109+0000] {dagbag.py:587} INFO - Filling up the DagBag from /home/airflow/.local/lib/python3.12/site-packages/airflow/example_dags/example_short_circuit_operator.py
[2024-08-25T00:12:46.144+0000] {processor.py:925} INFO - DAG(s) 'example_short_circuit_operator' retrieved from /home/airflow/.local/lib/python3.12/site-packages/airflow/example_dags/example_short_circuit_operator.py
[2024-08-25T00:12:46.204+0000] {logging_mixin.py:190} INFO - [2024-08-25T00:12:46.203+0000] {dag.py:3211} INFO - Sync 1 DAGs
[2024-08-25T00:12:46.263+0000] {logging_mixin.py:190} INFO - [2024-08-25T00:12:46.262+0000] {dag.py:4138} INFO - Setting next_dagrun for example_short_circuit_operator to 2024-08-24 00:00:00+00:00, run_after=2024-08-25 00:00:00+00:00
[2024-08-25T00:12:46.325+0000] {processor.py:208} INFO - Processing /home/airflow/.local/lib/python3.12/site-packages/airflow/example_dags/example_short_circuit_operator.py took 0.257 seconds
[2024-08-25T00:13:16.912+0000] {processor.py:186} INFO - Started process (PID=937) to work on /home/airflow/.local/lib/python3.12/site-packages/airflow/example_dags/example_short_circuit_operator.py
[2024-08-25T00:13:16.914+0000] {processor.py:914} INFO - Processing file /home/airflow/.local/lib/python3.12/site-packages/airflow/example_dags/example_short_circuit_operator.py for tasks to queue
[2024-08-25T00:13:16.920+0000] {logging_mixin.py:190} INFO - [2024-08-25T00:13:16.919+0000] {dagbag.py:587} INFO - Filling up the DagBag from /home/airflow/.local/lib/python3.12/site-packages/airflow/example_dags/example_short_circuit_operator.py
[2024-08-25T00:13:16.942+0000] {processor.py:925} INFO - DAG(s) 'example_short_circuit_operator' retrieved from /home/airflow/.local/lib/python3.12/site-packages/airflow/example_dags/example_short_circuit_operator.py
[2024-08-25T00:13:17.117+0000] {logging_mixin.py:190} INFO - [2024-08-25T00:13:17.116+0000] {dag.py:3211} INFO - Sync 1 DAGs
[2024-08-25T00:13:17.331+0000] {logging_mixin.py:190} INFO - [2024-08-25T00:13:17.331+0000] {dag.py:4138} INFO - Setting next_dagrun for example_short_circuit_operator to 2024-08-24 00:00:00+00:00, run_after=2024-08-25 00:00:00+00:00
[2024-08-25T00:13:17.487+0000] {processor.py:208} INFO - Processing /home/airflow/.local/lib/python3.12/site-packages/airflow/example_dags/example_short_circuit_operator.py took 0.591 seconds
[2024-08-25T00:13:51.016+0000] {processor.py:186} INFO - Started process (PID=1001) to work on /home/airflow/.local/lib/python3.12/site-packages/airflow/example_dags/example_short_circuit_operator.py
[2024-08-25T00:13:51.018+0000] {processor.py:914} INFO - Processing file /home/airflow/.local/lib/python3.12/site-packages/airflow/example_dags/example_short_circuit_operator.py for tasks to queue
[2024-08-25T00:13:51.030+0000] {logging_mixin.py:190} INFO - [2024-08-25T00:13:51.029+0000] {dagbag.py:587} INFO - Filling up the DagBag from /home/airflow/.local/lib/python3.12/site-packages/airflow/example_dags/example_short_circuit_operator.py
[2024-08-25T00:13:51.106+0000] {processor.py:925} INFO - DAG(s) 'example_short_circuit_operator' retrieved from /home/airflow/.local/lib/python3.12/site-packages/airflow/example_dags/example_short_circuit_operator.py
[2024-08-25T00:13:51.240+0000] {logging_mixin.py:190} INFO - [2024-08-25T00:13:51.238+0000] {dag.py:3211} INFO - Sync 1 DAGs
[2024-08-25T00:13:51.426+0000] {logging_mixin.py:190} INFO - [2024-08-25T00:13:51.425+0000] {dag.py:4138} INFO - Setting next_dagrun for example_short_circuit_operator to 2024-08-24 00:00:00+00:00, run_after=2024-08-25 00:00:00+00:00
[2024-08-25T00:13:51.534+0000] {processor.py:208} INFO - Processing /home/airflow/.local/lib/python3.12/site-packages/airflow/example_dags/example_short_circuit_operator.py took 0.585 seconds
[2024-08-25T00:14:22.686+0000] {processor.py:186} INFO - Started process (PID=1065) to work on /home/airflow/.local/lib/python3.12/site-packages/airflow/example_dags/example_short_circuit_operator.py
[2024-08-25T00:14:22.697+0000] {processor.py:914} INFO - Processing file /home/airflow/.local/lib/python3.12/site-packages/airflow/example_dags/example_short_circuit_operator.py for tasks to queue
[2024-08-25T00:14:22.714+0000] {logging_mixin.py:190} INFO - [2024-08-25T00:14:22.713+0000] {dagbag.py:587} INFO - Filling up the DagBag from /home/airflow/.local/lib/python3.12/site-packages/airflow/example_dags/example_short_circuit_operator.py
[2024-08-25T00:14:22.786+0000] {processor.py:925} INFO - DAG(s) 'example_short_circuit_operator' retrieved from /home/airflow/.local/lib/python3.12/site-packages/airflow/example_dags/example_short_circuit_operator.py
[2024-08-25T00:14:22.966+0000] {logging_mixin.py:190} INFO - [2024-08-25T00:14:22.964+0000] {dag.py:3211} INFO - Sync 1 DAGs
[2024-08-25T00:14:23.273+0000] {logging_mixin.py:190} INFO - [2024-08-25T00:14:23.272+0000] {dag.py:4138} INFO - Setting next_dagrun for example_short_circuit_operator to 2024-08-24 00:00:00+00:00, run_after=2024-08-25 00:00:00+00:00
[2024-08-25T00:14:23.370+0000] {processor.py:208} INFO - Processing /home/airflow/.local/lib/python3.12/site-packages/airflow/example_dags/example_short_circuit_operator.py took 0.709 seconds
[2024-08-25T00:14:53.788+0000] {processor.py:186} INFO - Started process (PID=1129) to work on /home/airflow/.local/lib/python3.12/site-packages/airflow/example_dags/example_short_circuit_operator.py
[2024-08-25T00:14:53.791+0000] {processor.py:914} INFO - Processing file /home/airflow/.local/lib/python3.12/site-packages/airflow/example_dags/example_short_circuit_operator.py for tasks to queue
[2024-08-25T00:14:53.796+0000] {logging_mixin.py:190} INFO - [2024-08-25T00:14:53.795+0000] {dagbag.py:587} INFO - Filling up the DagBag from /home/airflow/.local/lib/python3.12/site-packages/airflow/example_dags/example_short_circuit_operator.py
[2024-08-25T00:14:53.825+0000] {processor.py:925} INFO - DAG(s) 'example_short_circuit_operator' retrieved from /home/airflow/.local/lib/python3.12/site-packages/airflow/example_dags/example_short_circuit_operator.py
[2024-08-25T00:14:53.903+0000] {logging_mixin.py:190} INFO - [2024-08-25T00:14:53.902+0000] {dag.py:3211} INFO - Sync 1 DAGs
[2024-08-25T00:14:53.977+0000] {logging_mixin.py:190} INFO - [2024-08-25T00:14:53.976+0000] {dag.py:4138} INFO - Setting next_dagrun for example_short_circuit_operator to 2024-08-24 00:00:00+00:00, run_after=2024-08-25 00:00:00+00:00
[2024-08-25T00:14:54.026+0000] {processor.py:208} INFO - Processing /home/airflow/.local/lib/python3.12/site-packages/airflow/example_dags/example_short_circuit_operator.py took 0.255 seconds
[2024-08-25T00:15:24.516+0000] {processor.py:186} INFO - Started process (PID=1192) to work on /home/airflow/.local/lib/python3.12/site-packages/airflow/example_dags/example_short_circuit_operator.py
[2024-08-25T00:15:24.518+0000] {processor.py:914} INFO - Processing file /home/airflow/.local/lib/python3.12/site-packages/airflow/example_dags/example_short_circuit_operator.py for tasks to queue
[2024-08-25T00:15:24.525+0000] {logging_mixin.py:190} INFO - [2024-08-25T00:15:24.524+0000] {dagbag.py:587} INFO - Filling up the DagBag from /home/airflow/.local/lib/python3.12/site-packages/airflow/example_dags/example_short_circuit_operator.py
[2024-08-25T00:15:24.552+0000] {processor.py:925} INFO - DAG(s) 'example_short_circuit_operator' retrieved from /home/airflow/.local/lib/python3.12/site-packages/airflow/example_dags/example_short_circuit_operator.py
[2024-08-25T00:15:24.622+0000] {logging_mixin.py:190} INFO - [2024-08-25T00:15:24.621+0000] {dag.py:3211} INFO - Sync 1 DAGs
[2024-08-25T00:15:24.689+0000] {logging_mixin.py:190} INFO - [2024-08-25T00:15:24.689+0000] {dag.py:4138} INFO - Setting next_dagrun for example_short_circuit_operator to 2024-08-24 00:00:00+00:00, run_after=2024-08-25 00:00:00+00:00
[2024-08-25T00:15:24.737+0000] {processor.py:208} INFO - Processing /home/airflow/.local/lib/python3.12/site-packages/airflow/example_dags/example_short_circuit_operator.py took 0.237 seconds
[2024-08-25T00:15:57.384+0000] {processor.py:186} INFO - Started process (PID=1256) to work on /home/airflow/.local/lib/python3.12/site-packages/airflow/example_dags/example_short_circuit_operator.py
[2024-08-25T00:15:57.387+0000] {processor.py:914} INFO - Processing file /home/airflow/.local/lib/python3.12/site-packages/airflow/example_dags/example_short_circuit_operator.py for tasks to queue
[2024-08-25T00:15:57.416+0000] {logging_mixin.py:190} INFO - [2024-08-25T00:15:57.415+0000] {dagbag.py:587} INFO - Filling up the DagBag from /home/airflow/.local/lib/python3.12/site-packages/airflow/example_dags/example_short_circuit_operator.py
[2024-08-25T00:15:57.469+0000] {processor.py:925} INFO - DAG(s) 'example_short_circuit_operator' retrieved from /home/airflow/.local/lib/python3.12/site-packages/airflow/example_dags/example_short_circuit_operator.py
[2024-08-25T00:15:57.622+0000] {logging_mixin.py:190} INFO - [2024-08-25T00:15:57.621+0000] {dag.py:3211} INFO - Sync 1 DAGs
[2024-08-25T00:15:57.797+0000] {logging_mixin.py:190} INFO - [2024-08-25T00:15:57.797+0000] {dag.py:4138} INFO - Setting next_dagrun for example_short_circuit_operator to 2024-08-24 00:00:00+00:00, run_after=2024-08-25 00:00:00+00:00
[2024-08-25T00:15:57.921+0000] {processor.py:208} INFO - Processing /home/airflow/.local/lib/python3.12/site-packages/airflow/example_dags/example_short_circuit_operator.py took 0.603 seconds
[2024-08-25T00:16:30.035+0000] {processor.py:186} INFO - Started process (PID=1320) to work on /home/airflow/.local/lib/python3.12/site-packages/airflow/example_dags/example_short_circuit_operator.py
[2024-08-25T00:16:30.066+0000] {processor.py:914} INFO - Processing file /home/airflow/.local/lib/python3.12/site-packages/airflow/example_dags/example_short_circuit_operator.py for tasks to queue
[2024-08-25T00:16:30.151+0000] {logging_mixin.py:190} INFO - [2024-08-25T00:16:30.139+0000] {dagbag.py:587} INFO - Filling up the DagBag from /home/airflow/.local/lib/python3.12/site-packages/airflow/example_dags/example_short_circuit_operator.py
[2024-08-25T00:16:30.262+0000] {processor.py:925} INFO - DAG(s) 'example_short_circuit_operator' retrieved from /home/airflow/.local/lib/python3.12/site-packages/airflow/example_dags/example_short_circuit_operator.py
[2024-08-25T00:16:30.436+0000] {logging_mixin.py:190} INFO - [2024-08-25T00:16:30.434+0000] {dag.py:3211} INFO - Sync 1 DAGs
[2024-08-25T00:16:30.633+0000] {logging_mixin.py:190} INFO - [2024-08-25T00:16:30.632+0000] {dag.py:4138} INFO - Setting next_dagrun for example_short_circuit_operator to 2024-08-24 00:00:00+00:00, run_after=2024-08-25 00:00:00+00:00
[2024-08-25T00:16:30.804+0000] {processor.py:208} INFO - Processing /home/airflow/.local/lib/python3.12/site-packages/airflow/example_dags/example_short_circuit_operator.py took 0.816 seconds
[2024-08-25T00:17:01.268+0000] {processor.py:186} INFO - Started process (PID=1383) to work on /home/airflow/.local/lib/python3.12/site-packages/airflow/example_dags/example_short_circuit_operator.py
[2024-08-25T00:17:01.294+0000] {processor.py:914} INFO - Processing file /home/airflow/.local/lib/python3.12/site-packages/airflow/example_dags/example_short_circuit_operator.py for tasks to queue
[2024-08-25T00:17:01.316+0000] {logging_mixin.py:190} INFO - [2024-08-25T00:17:01.315+0000] {dagbag.py:587} INFO - Filling up the DagBag from /home/airflow/.local/lib/python3.12/site-packages/airflow/example_dags/example_short_circuit_operator.py
[2024-08-25T00:17:01.417+0000] {processor.py:925} INFO - DAG(s) 'example_short_circuit_operator' retrieved from /home/airflow/.local/lib/python3.12/site-packages/airflow/example_dags/example_short_circuit_operator.py
[2024-08-25T00:17:01.510+0000] {logging_mixin.py:190} INFO - [2024-08-25T00:17:01.509+0000] {dag.py:3211} INFO - Sync 1 DAGs
[2024-08-25T00:17:01.689+0000] {logging_mixin.py:190} INFO - [2024-08-25T00:17:01.687+0000] {dag.py:4138} INFO - Setting next_dagrun for example_short_circuit_operator to 2024-08-24 00:00:00+00:00, run_after=2024-08-25 00:00:00+00:00
[2024-08-25T00:17:01.755+0000] {processor.py:208} INFO - Processing /home/airflow/.local/lib/python3.12/site-packages/airflow/example_dags/example_short_circuit_operator.py took 0.544 seconds
[2024-08-25T00:17:32.032+0000] {processor.py:186} INFO - Started process (PID=1445) to work on /home/airflow/.local/lib/python3.12/site-packages/airflow/example_dags/example_short_circuit_operator.py
[2024-08-25T00:17:32.034+0000] {processor.py:914} INFO - Processing file /home/airflow/.local/lib/python3.12/site-packages/airflow/example_dags/example_short_circuit_operator.py for tasks to queue
[2024-08-25T00:17:32.040+0000] {logging_mixin.py:190} INFO - [2024-08-25T00:17:32.039+0000] {dagbag.py:587} INFO - Filling up the DagBag from /home/airflow/.local/lib/python3.12/site-packages/airflow/example_dags/example_short_circuit_operator.py
[2024-08-25T00:17:32.067+0000] {processor.py:925} INFO - DAG(s) 'example_short_circuit_operator' retrieved from /home/airflow/.local/lib/python3.12/site-packages/airflow/example_dags/example_short_circuit_operator.py
[2024-08-25T00:17:32.162+0000] {logging_mixin.py:190} INFO - [2024-08-25T00:17:32.161+0000] {dag.py:3211} INFO - Sync 1 DAGs
[2024-08-25T00:17:32.222+0000] {logging_mixin.py:190} INFO - [2024-08-25T00:17:32.221+0000] {dag.py:4138} INFO - Setting next_dagrun for example_short_circuit_operator to 2024-08-24 00:00:00+00:00, run_after=2024-08-25 00:00:00+00:00
[2024-08-25T00:17:32.260+0000] {processor.py:208} INFO - Processing /home/airflow/.local/lib/python3.12/site-packages/airflow/example_dags/example_short_circuit_operator.py took 0.241 seconds
[2024-08-25T00:18:02.956+0000] {processor.py:186} INFO - Started process (PID=1514) to work on /home/airflow/.local/lib/python3.12/site-packages/airflow/example_dags/example_short_circuit_operator.py
[2024-08-25T00:18:02.962+0000] {processor.py:914} INFO - Processing file /home/airflow/.local/lib/python3.12/site-packages/airflow/example_dags/example_short_circuit_operator.py for tasks to queue
[2024-08-25T00:18:02.971+0000] {logging_mixin.py:190} INFO - [2024-08-25T00:18:02.970+0000] {dagbag.py:587} INFO - Filling up the DagBag from /home/airflow/.local/lib/python3.12/site-packages/airflow/example_dags/example_short_circuit_operator.py
[2024-08-25T00:18:03.022+0000] {processor.py:925} INFO - DAG(s) 'example_short_circuit_operator' retrieved from /home/airflow/.local/lib/python3.12/site-packages/airflow/example_dags/example_short_circuit_operator.py
[2024-08-25T00:18:03.156+0000] {logging_mixin.py:190} INFO - [2024-08-25T00:18:03.154+0000] {dag.py:3211} INFO - Sync 1 DAGs
[2024-08-25T00:18:03.239+0000] {logging_mixin.py:190} INFO - [2024-08-25T00:18:03.239+0000] {dag.py:4138} INFO - Setting next_dagrun for example_short_circuit_operator to 2024-08-24 00:00:00+00:00, run_after=2024-08-25 00:00:00+00:00
[2024-08-25T00:18:03.388+0000] {processor.py:208} INFO - Processing /home/airflow/.local/lib/python3.12/site-packages/airflow/example_dags/example_short_circuit_operator.py took 0.457 seconds
[2024-08-25T00:18:35.625+0000] {processor.py:186} INFO - Started process (PID=1577) to work on /home/airflow/.local/lib/python3.12/site-packages/airflow/example_dags/example_short_circuit_operator.py
[2024-08-25T00:18:35.634+0000] {processor.py:914} INFO - Processing file /home/airflow/.local/lib/python3.12/site-packages/airflow/example_dags/example_short_circuit_operator.py for tasks to queue
[2024-08-25T00:18:35.642+0000] {logging_mixin.py:190} INFO - [2024-08-25T00:18:35.640+0000] {dagbag.py:587} INFO - Filling up the DagBag from /home/airflow/.local/lib/python3.12/site-packages/airflow/example_dags/example_short_circuit_operator.py
[2024-08-25T00:18:35.694+0000] {processor.py:925} INFO - DAG(s) 'example_short_circuit_operator' retrieved from /home/airflow/.local/lib/python3.12/site-packages/airflow/example_dags/example_short_circuit_operator.py
[2024-08-25T00:18:35.838+0000] {logging_mixin.py:190} INFO - [2024-08-25T00:18:35.837+0000] {dag.py:3211} INFO - Sync 1 DAGs
[2024-08-25T00:18:35.948+0000] {logging_mixin.py:190} INFO - [2024-08-25T00:18:35.947+0000] {dag.py:4138} INFO - Setting next_dagrun for example_short_circuit_operator to 2024-08-24 00:00:00+00:00, run_after=2024-08-25 00:00:00+00:00
[2024-08-25T00:18:36.049+0000] {processor.py:208} INFO - Processing /home/airflow/.local/lib/python3.12/site-packages/airflow/example_dags/example_short_circuit_operator.py took 0.451 seconds
[2024-08-25T00:19:07.186+0000] {processor.py:186} INFO - Started process (PID=1641) to work on /home/airflow/.local/lib/python3.12/site-packages/airflow/example_dags/example_short_circuit_operator.py
[2024-08-25T00:19:07.188+0000] {processor.py:914} INFO - Processing file /home/airflow/.local/lib/python3.12/site-packages/airflow/example_dags/example_short_circuit_operator.py for tasks to queue
[2024-08-25T00:19:07.208+0000] {logging_mixin.py:190} INFO - [2024-08-25T00:19:07.208+0000] {dagbag.py:587} INFO - Filling up the DagBag from /home/airflow/.local/lib/python3.12/site-packages/airflow/example_dags/example_short_circuit_operator.py
[2024-08-25T00:19:07.261+0000] {processor.py:925} INFO - DAG(s) 'example_short_circuit_operator' retrieved from /home/airflow/.local/lib/python3.12/site-packages/airflow/example_dags/example_short_circuit_operator.py
[2024-08-25T00:19:07.477+0000] {logging_mixin.py:190} INFO - [2024-08-25T00:19:07.475+0000] {dag.py:3211} INFO - Sync 1 DAGs
[2024-08-25T00:19:07.605+0000] {logging_mixin.py:190} INFO - [2024-08-25T00:19:07.604+0000] {dag.py:4138} INFO - Setting next_dagrun for example_short_circuit_operator to 2024-08-24 00:00:00+00:00, run_after=2024-08-25 00:00:00+00:00
[2024-08-25T00:19:07.710+0000] {processor.py:208} INFO - Processing /home/airflow/.local/lib/python3.12/site-packages/airflow/example_dags/example_short_circuit_operator.py took 0.561 seconds
[2024-08-25T00:19:37.972+0000] {processor.py:186} INFO - Started process (PID=1704) to work on /home/airflow/.local/lib/python3.12/site-packages/airflow/example_dags/example_short_circuit_operator.py
[2024-08-25T00:19:37.974+0000] {processor.py:914} INFO - Processing file /home/airflow/.local/lib/python3.12/site-packages/airflow/example_dags/example_short_circuit_operator.py for tasks to queue
[2024-08-25T00:19:37.994+0000] {logging_mixin.py:190} INFO - [2024-08-25T00:19:37.990+0000] {dagbag.py:587} INFO - Filling up the DagBag from /home/airflow/.local/lib/python3.12/site-packages/airflow/example_dags/example_short_circuit_operator.py
[2024-08-25T00:19:38.047+0000] {processor.py:925} INFO - DAG(s) 'example_short_circuit_operator' retrieved from /home/airflow/.local/lib/python3.12/site-packages/airflow/example_dags/example_short_circuit_operator.py
[2024-08-25T00:19:38.145+0000] {logging_mixin.py:190} INFO - [2024-08-25T00:19:38.143+0000] {dag.py:3211} INFO - Sync 1 DAGs
[2024-08-25T00:19:38.286+0000] {logging_mixin.py:190} INFO - [2024-08-25T00:19:38.285+0000] {dag.py:4138} INFO - Setting next_dagrun for example_short_circuit_operator to 2024-08-24 00:00:00+00:00, run_after=2024-08-25 00:00:00+00:00
[2024-08-25T00:19:38.706+0000] {processor.py:208} INFO - Processing /home/airflow/.local/lib/python3.12/site-packages/airflow/example_dags/example_short_circuit_operator.py took 0.755 seconds
[2024-08-25T00:20:09.762+0000] {processor.py:186} INFO - Started process (PID=1768) to work on /home/airflow/.local/lib/python3.12/site-packages/airflow/example_dags/example_short_circuit_operator.py
[2024-08-25T00:20:09.769+0000] {processor.py:914} INFO - Processing file /home/airflow/.local/lib/python3.12/site-packages/airflow/example_dags/example_short_circuit_operator.py for tasks to queue
[2024-08-25T00:20:09.791+0000] {logging_mixin.py:190} INFO - [2024-08-25T00:20:09.790+0000] {dagbag.py:587} INFO - Filling up the DagBag from /home/airflow/.local/lib/python3.12/site-packages/airflow/example_dags/example_short_circuit_operator.py
[2024-08-25T00:20:09.832+0000] {processor.py:925} INFO - DAG(s) 'example_short_circuit_operator' retrieved from /home/airflow/.local/lib/python3.12/site-packages/airflow/example_dags/example_short_circuit_operator.py
[2024-08-25T00:20:09.964+0000] {logging_mixin.py:190} INFO - [2024-08-25T00:20:09.963+0000] {dag.py:3211} INFO - Sync 1 DAGs
[2024-08-25T00:20:10.185+0000] {logging_mixin.py:190} INFO - [2024-08-25T00:20:10.184+0000] {dag.py:4138} INFO - Setting next_dagrun for example_short_circuit_operator to 2024-08-24 00:00:00+00:00, run_after=2024-08-25 00:00:00+00:00
[2024-08-25T00:20:10.318+0000] {processor.py:208} INFO - Processing /home/airflow/.local/lib/python3.12/site-packages/airflow/example_dags/example_short_circuit_operator.py took 0.580 seconds
[2024-08-25T00:20:41.223+0000] {processor.py:186} INFO - Started process (PID=1831) to work on /home/airflow/.local/lib/python3.12/site-packages/airflow/example_dags/example_short_circuit_operator.py
[2024-08-25T00:20:41.236+0000] {processor.py:914} INFO - Processing file /home/airflow/.local/lib/python3.12/site-packages/airflow/example_dags/example_short_circuit_operator.py for tasks to queue
[2024-08-25T00:20:41.250+0000] {logging_mixin.py:190} INFO - [2024-08-25T00:20:41.249+0000] {dagbag.py:587} INFO - Filling up the DagBag from /home/airflow/.local/lib/python3.12/site-packages/airflow/example_dags/example_short_circuit_operator.py
[2024-08-25T00:20:41.311+0000] {processor.py:925} INFO - DAG(s) 'example_short_circuit_operator' retrieved from /home/airflow/.local/lib/python3.12/site-packages/airflow/example_dags/example_short_circuit_operator.py
[2024-08-25T00:20:41.429+0000] {logging_mixin.py:190} INFO - [2024-08-25T00:20:41.427+0000] {dag.py:3211} INFO - Sync 1 DAGs
[2024-08-25T00:20:41.554+0000] {logging_mixin.py:190} INFO - [2024-08-25T00:20:41.553+0000] {dag.py:4138} INFO - Setting next_dagrun for example_short_circuit_operator to 2024-08-24 00:00:00+00:00, run_after=2024-08-25 00:00:00+00:00
[2024-08-25T00:20:41.647+0000] {processor.py:208} INFO - Processing /home/airflow/.local/lib/python3.12/site-packages/airflow/example_dags/example_short_circuit_operator.py took 0.458 seconds
[2024-08-25T00:26:53.845+0000] {processor.py:186} INFO - Started process (PID=120) to work on /home/airflow/.local/lib/python3.12/site-packages/airflow/example_dags/example_short_circuit_operator.py
[2024-08-25T00:26:53.847+0000] {processor.py:914} INFO - Processing file /home/airflow/.local/lib/python3.12/site-packages/airflow/example_dags/example_short_circuit_operator.py for tasks to queue
[2024-08-25T00:26:53.874+0000] {logging_mixin.py:190} INFO - [2024-08-25T00:26:53.868+0000] {dagbag.py:587} INFO - Filling up the DagBag from /home/airflow/.local/lib/python3.12/site-packages/airflow/example_dags/example_short_circuit_operator.py
[2024-08-25T00:26:53.985+0000] {processor.py:925} INFO - DAG(s) 'example_short_circuit_operator' retrieved from /home/airflow/.local/lib/python3.12/site-packages/airflow/example_dags/example_short_circuit_operator.py
[2024-08-25T00:26:54.214+0000] {logging_mixin.py:190} INFO - [2024-08-25T00:26:54.212+0000] {dag.py:3211} INFO - Sync 1 DAGs
[2024-08-25T00:26:54.349+0000] {logging_mixin.py:190} INFO - [2024-08-25T00:26:54.348+0000] {dag.py:4138} INFO - Setting next_dagrun for example_short_circuit_operator to 2024-08-24 00:00:00+00:00, run_after=2024-08-25 00:00:00+00:00
[2024-08-25T00:26:54.448+0000] {processor.py:208} INFO - Processing /home/airflow/.local/lib/python3.12/site-packages/airflow/example_dags/example_short_circuit_operator.py took 0.643 seconds
[2024-08-25T00:27:48.771+0000] {processor.py:186} INFO - Started process (PID=189) to work on /home/airflow/.local/lib/python3.12/site-packages/airflow/example_dags/example_short_circuit_operator.py
[2024-08-25T00:27:48.775+0000] {processor.py:914} INFO - Processing file /home/airflow/.local/lib/python3.12/site-packages/airflow/example_dags/example_short_circuit_operator.py for tasks to queue
[2024-08-25T00:27:48.787+0000] {logging_mixin.py:190} INFO - [2024-08-25T00:27:48.786+0000] {dagbag.py:587} INFO - Filling up the DagBag from /home/airflow/.local/lib/python3.12/site-packages/airflow/example_dags/example_short_circuit_operator.py
[2024-08-25T00:27:48.893+0000] {processor.py:925} INFO - DAG(s) 'example_short_circuit_operator' retrieved from /home/airflow/.local/lib/python3.12/site-packages/airflow/example_dags/example_short_circuit_operator.py
[2024-08-25T00:27:49.116+0000] {logging_mixin.py:190} INFO - [2024-08-25T00:27:49.111+0000] {dag.py:3211} INFO - Sync 1 DAGs
[2024-08-25T00:27:49.285+0000] {logging_mixin.py:190} INFO - [2024-08-25T00:27:49.284+0000] {dag.py:4138} INFO - Setting next_dagrun for example_short_circuit_operator to 2024-08-24 00:00:00+00:00, run_after=2024-08-25 00:00:00+00:00
[2024-08-25T00:27:49.392+0000] {processor.py:208} INFO - Processing /home/airflow/.local/lib/python3.12/site-packages/airflow/example_dags/example_short_circuit_operator.py took 0.688 seconds
[2024-08-25T00:28:36.820+0000] {processor.py:186} INFO - Started process (PID=258) to work on /home/airflow/.local/lib/python3.12/site-packages/airflow/example_dags/example_short_circuit_operator.py
[2024-08-25T00:28:36.843+0000] {processor.py:914} INFO - Processing file /home/airflow/.local/lib/python3.12/site-packages/airflow/example_dags/example_short_circuit_operator.py for tasks to queue
[2024-08-25T00:28:36.864+0000] {logging_mixin.py:190} INFO - [2024-08-25T00:28:36.863+0000] {dagbag.py:587} INFO - Filling up the DagBag from /home/airflow/.local/lib/python3.12/site-packages/airflow/example_dags/example_short_circuit_operator.py
[2024-08-25T00:28:37.008+0000] {processor.py:925} INFO - DAG(s) 'example_short_circuit_operator' retrieved from /home/airflow/.local/lib/python3.12/site-packages/airflow/example_dags/example_short_circuit_operator.py
[2024-08-25T00:28:37.249+0000] {logging_mixin.py:190} INFO - [2024-08-25T00:28:37.247+0000] {dag.py:3211} INFO - Sync 1 DAGs
[2024-08-25T00:28:37.565+0000] {logging_mixin.py:190} INFO - [2024-08-25T00:28:37.564+0000] {dag.py:4138} INFO - Setting next_dagrun for example_short_circuit_operator to 2024-08-24 00:00:00+00:00, run_after=2024-08-25 00:00:00+00:00
[2024-08-25T00:28:37.771+0000] {processor.py:208} INFO - Processing /home/airflow/.local/lib/python3.12/site-packages/airflow/example_dags/example_short_circuit_operator.py took 1.010 seconds
[2024-08-25T00:29:09.653+0000] {processor.py:186} INFO - Started process (PID=322) to work on /home/airflow/.local/lib/python3.12/site-packages/airflow/example_dags/example_short_circuit_operator.py
[2024-08-25T00:29:09.658+0000] {processor.py:914} INFO - Processing file /home/airflow/.local/lib/python3.12/site-packages/airflow/example_dags/example_short_circuit_operator.py for tasks to queue
[2024-08-25T00:29:09.667+0000] {logging_mixin.py:190} INFO - [2024-08-25T00:29:09.666+0000] {dagbag.py:587} INFO - Filling up the DagBag from /home/airflow/.local/lib/python3.12/site-packages/airflow/example_dags/example_short_circuit_operator.py
[2024-08-25T00:29:09.729+0000] {processor.py:925} INFO - DAG(s) 'example_short_circuit_operator' retrieved from /home/airflow/.local/lib/python3.12/site-packages/airflow/example_dags/example_short_circuit_operator.py
[2024-08-25T00:29:09.974+0000] {logging_mixin.py:190} INFO - [2024-08-25T00:29:09.972+0000] {dag.py:3211} INFO - Sync 1 DAGs
[2024-08-25T00:29:10.173+0000] {logging_mixin.py:190} INFO - [2024-08-25T00:29:10.172+0000] {dag.py:4138} INFO - Setting next_dagrun for example_short_circuit_operator to 2024-08-24 00:00:00+00:00, run_after=2024-08-25 00:00:00+00:00
[2024-08-25T00:29:10.370+0000] {processor.py:208} INFO - Processing /home/airflow/.local/lib/python3.12/site-packages/airflow/example_dags/example_short_circuit_operator.py took 0.743 seconds
[2024-08-25T00:29:40.724+0000] {processor.py:186} INFO - Started process (PID=385) to work on /home/airflow/.local/lib/python3.12/site-packages/airflow/example_dags/example_short_circuit_operator.py
[2024-08-25T00:29:40.727+0000] {processor.py:914} INFO - Processing file /home/airflow/.local/lib/python3.12/site-packages/airflow/example_dags/example_short_circuit_operator.py for tasks to queue
[2024-08-25T00:29:40.736+0000] {logging_mixin.py:190} INFO - [2024-08-25T00:29:40.735+0000] {dagbag.py:587} INFO - Filling up the DagBag from /home/airflow/.local/lib/python3.12/site-packages/airflow/example_dags/example_short_circuit_operator.py
[2024-08-25T00:29:40.776+0000] {processor.py:925} INFO - DAG(s) 'example_short_circuit_operator' retrieved from /home/airflow/.local/lib/python3.12/site-packages/airflow/example_dags/example_short_circuit_operator.py
[2024-08-25T00:29:40.883+0000] {logging_mixin.py:190} INFO - [2024-08-25T00:29:40.881+0000] {dag.py:3211} INFO - Sync 1 DAGs
[2024-08-25T00:29:40.975+0000] {logging_mixin.py:190} INFO - [2024-08-25T00:29:40.974+0000] {dag.py:4138} INFO - Setting next_dagrun for example_short_circuit_operator to 2024-08-24 00:00:00+00:00, run_after=2024-08-25 00:00:00+00:00
[2024-08-25T00:29:41.053+0000] {processor.py:208} INFO - Processing /home/airflow/.local/lib/python3.12/site-packages/airflow/example_dags/example_short_circuit_operator.py took 0.350 seconds
[2024-08-25T00:30:14.603+0000] {processor.py:186} INFO - Started process (PID=448) to work on /home/airflow/.local/lib/python3.12/site-packages/airflow/example_dags/example_short_circuit_operator.py
[2024-08-25T00:30:14.605+0000] {processor.py:914} INFO - Processing file /home/airflow/.local/lib/python3.12/site-packages/airflow/example_dags/example_short_circuit_operator.py for tasks to queue
[2024-08-25T00:30:14.634+0000] {logging_mixin.py:190} INFO - [2024-08-25T00:30:14.633+0000] {dagbag.py:587} INFO - Filling up the DagBag from /home/airflow/.local/lib/python3.12/site-packages/airflow/example_dags/example_short_circuit_operator.py
[2024-08-25T00:30:14.746+0000] {processor.py:925} INFO - DAG(s) 'example_short_circuit_operator' retrieved from /home/airflow/.local/lib/python3.12/site-packages/airflow/example_dags/example_short_circuit_operator.py
[2024-08-25T00:30:15.078+0000] {logging_mixin.py:190} INFO - [2024-08-25T00:30:15.076+0000] {dag.py:3211} INFO - Sync 1 DAGs
[2024-08-25T00:30:15.337+0000] {logging_mixin.py:190} INFO - [2024-08-25T00:30:15.337+0000] {dag.py:4138} INFO - Setting next_dagrun for example_short_circuit_operator to 2024-08-24 00:00:00+00:00, run_after=2024-08-25 00:00:00+00:00
[2024-08-25T00:30:15.537+0000] {processor.py:208} INFO - Processing /home/airflow/.local/lib/python3.12/site-packages/airflow/example_dags/example_short_circuit_operator.py took 0.986 seconds
[2024-08-25T00:30:46.527+0000] {processor.py:186} INFO - Started process (PID=511) to work on /home/airflow/.local/lib/python3.12/site-packages/airflow/example_dags/example_short_circuit_operator.py
[2024-08-25T00:30:46.530+0000] {processor.py:914} INFO - Processing file /home/airflow/.local/lib/python3.12/site-packages/airflow/example_dags/example_short_circuit_operator.py for tasks to queue
[2024-08-25T00:30:46.535+0000] {logging_mixin.py:190} INFO - [2024-08-25T00:30:46.534+0000] {dagbag.py:587} INFO - Filling up the DagBag from /home/airflow/.local/lib/python3.12/site-packages/airflow/example_dags/example_short_circuit_operator.py
[2024-08-25T00:30:46.559+0000] {processor.py:925} INFO - DAG(s) 'example_short_circuit_operator' retrieved from /home/airflow/.local/lib/python3.12/site-packages/airflow/example_dags/example_short_circuit_operator.py
[2024-08-25T00:30:46.619+0000] {logging_mixin.py:190} INFO - [2024-08-25T00:30:46.618+0000] {dag.py:3211} INFO - Sync 1 DAGs
[2024-08-25T00:30:46.679+0000] {logging_mixin.py:190} INFO - [2024-08-25T00:30:46.679+0000] {dag.py:4138} INFO - Setting next_dagrun for example_short_circuit_operator to 2024-08-24 00:00:00+00:00, run_after=2024-08-25 00:00:00+00:00
[2024-08-25T00:30:46.721+0000] {processor.py:208} INFO - Processing /home/airflow/.local/lib/python3.12/site-packages/airflow/example_dags/example_short_circuit_operator.py took 0.213 seconds
[2024-08-25T00:31:31.161+0000] {processor.py:186} INFO - Started process (PID=575) to work on /home/airflow/.local/lib/python3.12/site-packages/airflow/example_dags/example_short_circuit_operator.py
[2024-08-25T00:31:31.227+0000] {processor.py:914} INFO - Processing file /home/airflow/.local/lib/python3.12/site-packages/airflow/example_dags/example_short_circuit_operator.py for tasks to queue
[2024-08-25T00:31:31.349+0000] {logging_mixin.py:190} INFO - [2024-08-25T00:31:31.348+0000] {dagbag.py:587} INFO - Filling up the DagBag from /home/airflow/.local/lib/python3.12/site-packages/airflow/example_dags/example_short_circuit_operator.py
[2024-08-25T00:31:31.670+0000] {processor.py:925} INFO - DAG(s) 'example_short_circuit_operator' retrieved from /home/airflow/.local/lib/python3.12/site-packages/airflow/example_dags/example_short_circuit_operator.py
[2024-08-25T00:31:31.991+0000] {logging_mixin.py:190} INFO - [2024-08-25T00:31:31.989+0000] {dag.py:3211} INFO - Sync 1 DAGs
[2024-08-25T00:31:32.286+0000] {logging_mixin.py:190} INFO - [2024-08-25T00:31:32.277+0000] {dag.py:4138} INFO - Setting next_dagrun for example_short_circuit_operator to 2024-08-24 00:00:00+00:00, run_after=2024-08-25 00:00:00+00:00
[2024-08-25T00:31:32.503+0000] {processor.py:208} INFO - Processing /home/airflow/.local/lib/python3.12/site-packages/airflow/example_dags/example_short_circuit_operator.py took 1.411 seconds
[2024-08-25T00:32:14.937+0000] {processor.py:186} INFO - Started process (PID=647) to work on /home/airflow/.local/lib/python3.12/site-packages/airflow/example_dags/example_short_circuit_operator.py
[2024-08-25T00:32:14.940+0000] {processor.py:914} INFO - Processing file /home/airflow/.local/lib/python3.12/site-packages/airflow/example_dags/example_short_circuit_operator.py for tasks to queue
[2024-08-25T00:32:14.951+0000] {logging_mixin.py:190} INFO - [2024-08-25T00:32:14.950+0000] {dagbag.py:587} INFO - Filling up the DagBag from /home/airflow/.local/lib/python3.12/site-packages/airflow/example_dags/example_short_circuit_operator.py
[2024-08-25T00:32:15.004+0000] {processor.py:925} INFO - DAG(s) 'example_short_circuit_operator' retrieved from /home/airflow/.local/lib/python3.12/site-packages/airflow/example_dags/example_short_circuit_operator.py
[2024-08-25T00:32:15.138+0000] {logging_mixin.py:190} INFO - [2024-08-25T00:32:15.133+0000] {dag.py:3211} INFO - Sync 1 DAGs
[2024-08-25T00:32:15.229+0000] {logging_mixin.py:190} INFO - [2024-08-25T00:32:15.227+0000] {dag.py:4138} INFO - Setting next_dagrun for example_short_circuit_operator to 2024-08-24 00:00:00+00:00, run_after=2024-08-25 00:00:00+00:00
[2024-08-25T00:32:15.298+0000] {processor.py:208} INFO - Processing /home/airflow/.local/lib/python3.12/site-packages/airflow/example_dags/example_short_circuit_operator.py took 0.399 seconds
[2024-08-25T00:33:15.179+0000] {processor.py:186} INFO - Started process (PID=729) to work on /home/airflow/.local/lib/python3.12/site-packages/airflow/example_dags/example_short_circuit_operator.py
[2024-08-25T00:33:15.195+0000] {processor.py:914} INFO - Processing file /home/airflow/.local/lib/python3.12/site-packages/airflow/example_dags/example_short_circuit_operator.py for tasks to queue
[2024-08-25T00:33:15.275+0000] {logging_mixin.py:190} INFO - [2024-08-25T00:33:15.246+0000] {dagbag.py:587} INFO - Filling up the DagBag from /home/airflow/.local/lib/python3.12/site-packages/airflow/example_dags/example_short_circuit_operator.py
[2024-08-25T00:33:15.404+0000] {processor.py:925} INFO - DAG(s) 'example_short_circuit_operator' retrieved from /home/airflow/.local/lib/python3.12/site-packages/airflow/example_dags/example_short_circuit_operator.py
[2024-08-25T00:33:15.893+0000] {logging_mixin.py:190} INFO - [2024-08-25T00:33:15.892+0000] {dag.py:3211} INFO - Sync 1 DAGs
[2024-08-25T00:33:16.260+0000] {logging_mixin.py:190} INFO - [2024-08-25T00:33:16.247+0000] {dag.py:4138} INFO - Setting next_dagrun for example_short_circuit_operator to 2024-08-24 00:00:00+00:00, run_after=2024-08-25 00:00:00+00:00
[2024-08-25T00:33:16.571+0000] {processor.py:208} INFO - Processing /home/airflow/.local/lib/python3.12/site-packages/airflow/example_dags/example_short_circuit_operator.py took 1.616 seconds
[2024-08-25T00:34:09.915+0000] {processor.py:186} INFO - Started process (PID=800) to work on /home/airflow/.local/lib/python3.12/site-packages/airflow/example_dags/example_short_circuit_operator.py
[2024-08-25T00:34:09.924+0000] {processor.py:914} INFO - Processing file /home/airflow/.local/lib/python3.12/site-packages/airflow/example_dags/example_short_circuit_operator.py for tasks to queue
[2024-08-25T00:34:09.934+0000] {logging_mixin.py:190} INFO - [2024-08-25T00:34:09.933+0000] {dagbag.py:587} INFO - Filling up the DagBag from /home/airflow/.local/lib/python3.12/site-packages/airflow/example_dags/example_short_circuit_operator.py
[2024-08-25T00:34:10.005+0000] {processor.py:925} INFO - DAG(s) 'example_short_circuit_operator' retrieved from /home/airflow/.local/lib/python3.12/site-packages/airflow/example_dags/example_short_circuit_operator.py
[2024-08-25T00:34:10.166+0000] {logging_mixin.py:190} INFO - [2024-08-25T00:34:10.157+0000] {dag.py:3211} INFO - Sync 1 DAGs
[2024-08-25T00:34:10.325+0000] {logging_mixin.py:190} INFO - [2024-08-25T00:34:10.325+0000] {dag.py:4138} INFO - Setting next_dagrun for example_short_circuit_operator to 2024-08-24 00:00:00+00:00, run_after=2024-08-25 00:00:00+00:00
[2024-08-25T00:34:10.404+0000] {processor.py:208} INFO - Processing /home/airflow/.local/lib/python3.12/site-packages/airflow/example_dags/example_short_circuit_operator.py took 0.520 seconds
[2024-08-25T00:34:41.941+0000] {processor.py:186} INFO - Started process (PID=863) to work on /home/airflow/.local/lib/python3.12/site-packages/airflow/example_dags/example_short_circuit_operator.py
[2024-08-25T00:34:41.943+0000] {processor.py:914} INFO - Processing file /home/airflow/.local/lib/python3.12/site-packages/airflow/example_dags/example_short_circuit_operator.py for tasks to queue
[2024-08-25T00:34:41.952+0000] {logging_mixin.py:190} INFO - [2024-08-25T00:34:41.949+0000] {dagbag.py:587} INFO - Filling up the DagBag from /home/airflow/.local/lib/python3.12/site-packages/airflow/example_dags/example_short_circuit_operator.py
[2024-08-25T00:34:41.988+0000] {processor.py:925} INFO - DAG(s) 'example_short_circuit_operator' retrieved from /home/airflow/.local/lib/python3.12/site-packages/airflow/example_dags/example_short_circuit_operator.py
[2024-08-25T00:34:42.132+0000] {logging_mixin.py:190} INFO - [2024-08-25T00:34:42.131+0000] {dag.py:3211} INFO - Sync 1 DAGs
[2024-08-25T00:34:42.272+0000] {logging_mixin.py:190} INFO - [2024-08-25T00:34:42.260+0000] {dag.py:4138} INFO - Setting next_dagrun for example_short_circuit_operator to 2024-08-24 00:00:00+00:00, run_after=2024-08-25 00:00:00+00:00
[2024-08-25T00:34:42.442+0000] {processor.py:208} INFO - Processing /home/airflow/.local/lib/python3.12/site-packages/airflow/example_dags/example_short_circuit_operator.py took 0.520 seconds
[2024-08-25T00:35:14.002+0000] {processor.py:186} INFO - Started process (PID=925) to work on /home/airflow/.local/lib/python3.12/site-packages/airflow/example_dags/example_short_circuit_operator.py
[2024-08-25T00:35:14.012+0000] {processor.py:914} INFO - Processing file /home/airflow/.local/lib/python3.12/site-packages/airflow/example_dags/example_short_circuit_operator.py for tasks to queue
[2024-08-25T00:35:14.019+0000] {logging_mixin.py:190} INFO - [2024-08-25T00:35:14.018+0000] {dagbag.py:587} INFO - Filling up the DagBag from /home/airflow/.local/lib/python3.12/site-packages/airflow/example_dags/example_short_circuit_operator.py
[2024-08-25T00:35:14.071+0000] {processor.py:925} INFO - DAG(s) 'example_short_circuit_operator' retrieved from /home/airflow/.local/lib/python3.12/site-packages/airflow/example_dags/example_short_circuit_operator.py
[2024-08-25T00:35:14.164+0000] {logging_mixin.py:190} INFO - [2024-08-25T00:35:14.163+0000] {dag.py:3211} INFO - Sync 1 DAGs
[2024-08-25T00:35:14.258+0000] {logging_mixin.py:190} INFO - [2024-08-25T00:35:14.257+0000] {dag.py:4138} INFO - Setting next_dagrun for example_short_circuit_operator to 2024-08-24 00:00:00+00:00, run_after=2024-08-25 00:00:00+00:00
[2024-08-25T00:35:14.309+0000] {processor.py:208} INFO - Processing /home/airflow/.local/lib/python3.12/site-packages/airflow/example_dags/example_short_circuit_operator.py took 0.338 seconds
[2024-08-25T00:35:51.324+0000] {processor.py:186} INFO - Started process (PID=988) to work on /home/airflow/.local/lib/python3.12/site-packages/airflow/example_dags/example_short_circuit_operator.py
[2024-08-25T00:35:51.328+0000] {processor.py:914} INFO - Processing file /home/airflow/.local/lib/python3.12/site-packages/airflow/example_dags/example_short_circuit_operator.py for tasks to queue
[2024-08-25T00:35:51.359+0000] {logging_mixin.py:190} INFO - [2024-08-25T00:35:51.358+0000] {dagbag.py:587} INFO - Filling up the DagBag from /home/airflow/.local/lib/python3.12/site-packages/airflow/example_dags/example_short_circuit_operator.py
[2024-08-25T00:35:51.491+0000] {processor.py:925} INFO - DAG(s) 'example_short_circuit_operator' retrieved from /home/airflow/.local/lib/python3.12/site-packages/airflow/example_dags/example_short_circuit_operator.py
[2024-08-25T00:35:51.688+0000] {logging_mixin.py:190} INFO - [2024-08-25T00:35:51.687+0000] {dag.py:3211} INFO - Sync 1 DAGs
[2024-08-25T00:35:51.817+0000] {logging_mixin.py:190} INFO - [2024-08-25T00:35:51.816+0000] {dag.py:4138} INFO - Setting next_dagrun for example_short_circuit_operator to 2024-08-24 00:00:00+00:00, run_after=2024-08-25 00:00:00+00:00
[2024-08-25T00:35:51.897+0000] {processor.py:208} INFO - Processing /home/airflow/.local/lib/python3.12/site-packages/airflow/example_dags/example_short_circuit_operator.py took 0.634 seconds
[2024-08-25T00:36:22.913+0000] {processor.py:186} INFO - Started process (PID=1051) to work on /home/airflow/.local/lib/python3.12/site-packages/airflow/example_dags/example_short_circuit_operator.py
[2024-08-25T00:36:22.920+0000] {processor.py:914} INFO - Processing file /home/airflow/.local/lib/python3.12/site-packages/airflow/example_dags/example_short_circuit_operator.py for tasks to queue
[2024-08-25T00:36:22.947+0000] {logging_mixin.py:190} INFO - [2024-08-25T00:36:22.936+0000] {dagbag.py:587} INFO - Filling up the DagBag from /home/airflow/.local/lib/python3.12/site-packages/airflow/example_dags/example_short_circuit_operator.py
[2024-08-25T00:36:23.092+0000] {processor.py:925} INFO - DAG(s) 'example_short_circuit_operator' retrieved from /home/airflow/.local/lib/python3.12/site-packages/airflow/example_dags/example_short_circuit_operator.py
[2024-08-25T00:36:23.379+0000] {logging_mixin.py:190} INFO - [2024-08-25T00:36:23.367+0000] {dag.py:3211} INFO - Sync 1 DAGs
[2024-08-25T00:36:23.700+0000] {logging_mixin.py:190} INFO - [2024-08-25T00:36:23.699+0000] {dag.py:4138} INFO - Setting next_dagrun for example_short_circuit_operator to 2024-08-24 00:00:00+00:00, run_after=2024-08-25 00:00:00+00:00
[2024-08-25T00:36:23.878+0000] {processor.py:208} INFO - Processing /home/airflow/.local/lib/python3.12/site-packages/airflow/example_dags/example_short_circuit_operator.py took 1.024 seconds
[2024-08-25T00:36:54.279+0000] {processor.py:186} INFO - Started process (PID=1114) to work on /home/airflow/.local/lib/python3.12/site-packages/airflow/example_dags/example_short_circuit_operator.py
[2024-08-25T00:36:54.282+0000] {processor.py:914} INFO - Processing file /home/airflow/.local/lib/python3.12/site-packages/airflow/example_dags/example_short_circuit_operator.py for tasks to queue
[2024-08-25T00:36:54.295+0000] {logging_mixin.py:190} INFO - [2024-08-25T00:36:54.294+0000] {dagbag.py:587} INFO - Filling up the DagBag from /home/airflow/.local/lib/python3.12/site-packages/airflow/example_dags/example_short_circuit_operator.py
[2024-08-25T00:36:54.384+0000] {processor.py:925} INFO - DAG(s) 'example_short_circuit_operator' retrieved from /home/airflow/.local/lib/python3.12/site-packages/airflow/example_dags/example_short_circuit_operator.py
[2024-08-25T00:36:54.583+0000] {logging_mixin.py:190} INFO - [2024-08-25T00:36:54.582+0000] {dag.py:3211} INFO - Sync 1 DAGs
[2024-08-25T00:36:54.807+0000] {logging_mixin.py:190} INFO - [2024-08-25T00:36:54.806+0000] {dag.py:4138} INFO - Setting next_dagrun for example_short_circuit_operator to 2024-08-24 00:00:00+00:00, run_after=2024-08-25 00:00:00+00:00
[2024-08-25T00:36:54.903+0000] {processor.py:208} INFO - Processing /home/airflow/.local/lib/python3.12/site-packages/airflow/example_dags/example_short_circuit_operator.py took 0.663 seconds
[2024-08-25T00:37:25.102+0000] {processor.py:186} INFO - Started process (PID=1176) to work on /home/airflow/.local/lib/python3.12/site-packages/airflow/example_dags/example_short_circuit_operator.py
[2024-08-25T00:37:25.104+0000] {processor.py:914} INFO - Processing file /home/airflow/.local/lib/python3.12/site-packages/airflow/example_dags/example_short_circuit_operator.py for tasks to queue
[2024-08-25T00:37:25.108+0000] {logging_mixin.py:190} INFO - [2024-08-25T00:37:25.107+0000] {dagbag.py:587} INFO - Filling up the DagBag from /home/airflow/.local/lib/python3.12/site-packages/airflow/example_dags/example_short_circuit_operator.py
[2024-08-25T00:37:25.136+0000] {processor.py:925} INFO - DAG(s) 'example_short_circuit_operator' retrieved from /home/airflow/.local/lib/python3.12/site-packages/airflow/example_dags/example_short_circuit_operator.py
[2024-08-25T00:37:25.222+0000] {logging_mixin.py:190} INFO - [2024-08-25T00:37:25.222+0000] {dag.py:3211} INFO - Sync 1 DAGs
[2024-08-25T00:37:25.303+0000] {logging_mixin.py:190} INFO - [2024-08-25T00:37:25.303+0000] {dag.py:4138} INFO - Setting next_dagrun for example_short_circuit_operator to 2024-08-24 00:00:00+00:00, run_after=2024-08-25 00:00:00+00:00
[2024-08-25T00:37:25.363+0000] {processor.py:208} INFO - Processing /home/airflow/.local/lib/python3.12/site-packages/airflow/example_dags/example_short_circuit_operator.py took 0.280 seconds
[2024-08-25T00:37:57.006+0000] {processor.py:186} INFO - Started process (PID=1238) to work on /home/airflow/.local/lib/python3.12/site-packages/airflow/example_dags/example_short_circuit_operator.py
[2024-08-25T00:37:57.009+0000] {processor.py:914} INFO - Processing file /home/airflow/.local/lib/python3.12/site-packages/airflow/example_dags/example_short_circuit_operator.py for tasks to queue
[2024-08-25T00:37:57.014+0000] {logging_mixin.py:190} INFO - [2024-08-25T00:37:57.013+0000] {dagbag.py:587} INFO - Filling up the DagBag from /home/airflow/.local/lib/python3.12/site-packages/airflow/example_dags/example_short_circuit_operator.py
[2024-08-25T00:37:57.048+0000] {processor.py:925} INFO - DAG(s) 'example_short_circuit_operator' retrieved from /home/airflow/.local/lib/python3.12/site-packages/airflow/example_dags/example_short_circuit_operator.py
[2024-08-25T00:37:57.159+0000] {logging_mixin.py:190} INFO - [2024-08-25T00:37:57.157+0000] {dag.py:3211} INFO - Sync 1 DAGs
[2024-08-25T00:37:57.255+0000] {logging_mixin.py:190} INFO - [2024-08-25T00:37:57.254+0000] {dag.py:4138} INFO - Setting next_dagrun for example_short_circuit_operator to 2024-08-24 00:00:00+00:00, run_after=2024-08-25 00:00:00+00:00
[2024-08-25T00:37:57.392+0000] {processor.py:208} INFO - Processing /home/airflow/.local/lib/python3.12/site-packages/airflow/example_dags/example_short_circuit_operator.py took 0.417 seconds
[2024-08-25T00:38:27.718+0000] {processor.py:186} INFO - Started process (PID=1300) to work on /home/airflow/.local/lib/python3.12/site-packages/airflow/example_dags/example_short_circuit_operator.py
[2024-08-25T00:38:27.751+0000] {processor.py:914} INFO - Processing file /home/airflow/.local/lib/python3.12/site-packages/airflow/example_dags/example_short_circuit_operator.py for tasks to queue
[2024-08-25T00:38:27.786+0000] {logging_mixin.py:190} INFO - [2024-08-25T00:38:27.785+0000] {dagbag.py:587} INFO - Filling up the DagBag from /home/airflow/.local/lib/python3.12/site-packages/airflow/example_dags/example_short_circuit_operator.py
[2024-08-25T00:38:27.948+0000] {processor.py:925} INFO - DAG(s) 'example_short_circuit_operator' retrieved from /home/airflow/.local/lib/python3.12/site-packages/airflow/example_dags/example_short_circuit_operator.py
[2024-08-25T00:38:28.272+0000] {logging_mixin.py:190} INFO - [2024-08-25T00:38:28.264+0000] {dag.py:3211} INFO - Sync 1 DAGs
[2024-08-25T00:38:28.479+0000] {logging_mixin.py:190} INFO - [2024-08-25T00:38:28.478+0000] {dag.py:4138} INFO - Setting next_dagrun for example_short_circuit_operator to 2024-08-24 00:00:00+00:00, run_after=2024-08-25 00:00:00+00:00
[2024-08-25T00:38:28.590+0000] {processor.py:208} INFO - Processing /home/airflow/.local/lib/python3.12/site-packages/airflow/example_dags/example_short_circuit_operator.py took 0.927 seconds
[2024-08-25T00:38:58.932+0000] {processor.py:186} INFO - Started process (PID=1361) to work on /home/airflow/.local/lib/python3.12/site-packages/airflow/example_dags/example_short_circuit_operator.py
[2024-08-25T00:38:58.936+0000] {processor.py:914} INFO - Processing file /home/airflow/.local/lib/python3.12/site-packages/airflow/example_dags/example_short_circuit_operator.py for tasks to queue
[2024-08-25T00:38:58.940+0000] {logging_mixin.py:190} INFO - [2024-08-25T00:38:58.940+0000] {dagbag.py:587} INFO - Filling up the DagBag from /home/airflow/.local/lib/python3.12/site-packages/airflow/example_dags/example_short_circuit_operator.py
[2024-08-25T00:38:58.979+0000] {processor.py:925} INFO - DAG(s) 'example_short_circuit_operator' retrieved from /home/airflow/.local/lib/python3.12/site-packages/airflow/example_dags/example_short_circuit_operator.py
[2024-08-25T00:38:59.046+0000] {logging_mixin.py:190} INFO - [2024-08-25T00:38:59.045+0000] {dag.py:3211} INFO - Sync 1 DAGs
[2024-08-25T00:38:59.125+0000] {logging_mixin.py:190} INFO - [2024-08-25T00:38:59.124+0000] {dag.py:4138} INFO - Setting next_dagrun for example_short_circuit_operator to 2024-08-24 00:00:00+00:00, run_after=2024-08-25 00:00:00+00:00
[2024-08-25T00:38:59.211+0000] {processor.py:208} INFO - Processing /home/airflow/.local/lib/python3.12/site-packages/airflow/example_dags/example_short_circuit_operator.py took 0.299 seconds
[2024-08-25T00:39:29.432+0000] {processor.py:186} INFO - Started process (PID=1424) to work on /home/airflow/.local/lib/python3.12/site-packages/airflow/example_dags/example_short_circuit_operator.py
[2024-08-25T00:39:29.434+0000] {processor.py:914} INFO - Processing file /home/airflow/.local/lib/python3.12/site-packages/airflow/example_dags/example_short_circuit_operator.py for tasks to queue
[2024-08-25T00:39:29.437+0000] {logging_mixin.py:190} INFO - [2024-08-25T00:39:29.436+0000] {dagbag.py:587} INFO - Filling up the DagBag from /home/airflow/.local/lib/python3.12/site-packages/airflow/example_dags/example_short_circuit_operator.py
[2024-08-25T00:39:29.461+0000] {processor.py:925} INFO - DAG(s) 'example_short_circuit_operator' retrieved from /home/airflow/.local/lib/python3.12/site-packages/airflow/example_dags/example_short_circuit_operator.py
[2024-08-25T00:39:29.515+0000] {logging_mixin.py:190} INFO - [2024-08-25T00:39:29.514+0000] {dag.py:3211} INFO - Sync 1 DAGs
[2024-08-25T00:39:29.565+0000] {logging_mixin.py:190} INFO - [2024-08-25T00:39:29.565+0000] {dag.py:4138} INFO - Setting next_dagrun for example_short_circuit_operator to 2024-08-24 00:00:00+00:00, run_after=2024-08-25 00:00:00+00:00
[2024-08-25T00:39:29.601+0000] {processor.py:208} INFO - Processing /home/airflow/.local/lib/python3.12/site-packages/airflow/example_dags/example_short_circuit_operator.py took 0.182 seconds
[2024-08-25T00:40:00.524+0000] {processor.py:186} INFO - Started process (PID=1486) to work on /home/airflow/.local/lib/python3.12/site-packages/airflow/example_dags/example_short_circuit_operator.py
[2024-08-25T00:40:00.527+0000] {processor.py:914} INFO - Processing file /home/airflow/.local/lib/python3.12/site-packages/airflow/example_dags/example_short_circuit_operator.py for tasks to queue
[2024-08-25T00:40:00.530+0000] {logging_mixin.py:190} INFO - [2024-08-25T00:40:00.529+0000] {dagbag.py:587} INFO - Filling up the DagBag from /home/airflow/.local/lib/python3.12/site-packages/airflow/example_dags/example_short_circuit_operator.py
[2024-08-25T00:40:00.561+0000] {processor.py:925} INFO - DAG(s) 'example_short_circuit_operator' retrieved from /home/airflow/.local/lib/python3.12/site-packages/airflow/example_dags/example_short_circuit_operator.py
[2024-08-25T00:40:00.628+0000] {logging_mixin.py:190} INFO - [2024-08-25T00:40:00.627+0000] {dag.py:3211} INFO - Sync 1 DAGs
[2024-08-25T00:40:00.711+0000] {logging_mixin.py:190} INFO - [2024-08-25T00:40:00.710+0000] {dag.py:4138} INFO - Setting next_dagrun for example_short_circuit_operator to 2024-08-24 00:00:00+00:00, run_after=2024-08-25 00:00:00+00:00
[2024-08-25T00:40:00.934+0000] {processor.py:208} INFO - Processing /home/airflow/.local/lib/python3.12/site-packages/airflow/example_dags/example_short_circuit_operator.py took 0.450 seconds
[2024-08-25T00:40:33.071+0000] {processor.py:186} INFO - Started process (PID=1548) to work on /home/airflow/.local/lib/python3.12/site-packages/airflow/example_dags/example_short_circuit_operator.py
[2024-08-25T00:40:33.077+0000] {processor.py:914} INFO - Processing file /home/airflow/.local/lib/python3.12/site-packages/airflow/example_dags/example_short_circuit_operator.py for tasks to queue
[2024-08-25T00:40:33.086+0000] {logging_mixin.py:190} INFO - [2024-08-25T00:40:33.085+0000] {dagbag.py:587} INFO - Filling up the DagBag from /home/airflow/.local/lib/python3.12/site-packages/airflow/example_dags/example_short_circuit_operator.py
[2024-08-25T00:40:33.167+0000] {processor.py:925} INFO - DAG(s) 'example_short_circuit_operator' retrieved from /home/airflow/.local/lib/python3.12/site-packages/airflow/example_dags/example_short_circuit_operator.py
[2024-08-25T00:40:33.353+0000] {logging_mixin.py:190} INFO - [2024-08-25T00:40:33.351+0000] {dag.py:3211} INFO - Sync 1 DAGs
[2024-08-25T00:40:33.521+0000] {logging_mixin.py:190} INFO - [2024-08-25T00:40:33.521+0000] {dag.py:4138} INFO - Setting next_dagrun for example_short_circuit_operator to 2024-08-24 00:00:00+00:00, run_after=2024-08-25 00:00:00+00:00
[2024-08-25T00:40:33.744+0000] {processor.py:208} INFO - Processing /home/airflow/.local/lib/python3.12/site-packages/airflow/example_dags/example_short_circuit_operator.py took 0.712 seconds
[2024-08-25T00:41:07.822+0000] {processor.py:186} INFO - Started process (PID=1613) to work on /home/airflow/.local/lib/python3.12/site-packages/airflow/example_dags/example_short_circuit_operator.py
[2024-08-25T00:41:07.828+0000] {processor.py:914} INFO - Processing file /home/airflow/.local/lib/python3.12/site-packages/airflow/example_dags/example_short_circuit_operator.py for tasks to queue
[2024-08-25T00:41:07.832+0000] {logging_mixin.py:190} INFO - [2024-08-25T00:41:07.831+0000] {dagbag.py:587} INFO - Filling up the DagBag from /home/airflow/.local/lib/python3.12/site-packages/airflow/example_dags/example_short_circuit_operator.py
[2024-08-25T00:41:07.934+0000] {processor.py:925} INFO - DAG(s) 'example_short_circuit_operator' retrieved from /home/airflow/.local/lib/python3.12/site-packages/airflow/example_dags/example_short_circuit_operator.py
[2024-08-25T00:41:08.263+0000] {logging_mixin.py:190} INFO - [2024-08-25T00:41:08.262+0000] {dag.py:3211} INFO - Sync 1 DAGs
[2024-08-25T00:41:08.573+0000] {logging_mixin.py:190} INFO - [2024-08-25T00:41:08.541+0000] {dag.py:4138} INFO - Setting next_dagrun for example_short_circuit_operator to 2024-08-24 00:00:00+00:00, run_after=2024-08-25 00:00:00+00:00
[2024-08-25T00:41:08.770+0000] {processor.py:208} INFO - Processing /home/airflow/.local/lib/python3.12/site-packages/airflow/example_dags/example_short_circuit_operator.py took 0.979 seconds
[2024-08-25T00:41:39.522+0000] {processor.py:186} INFO - Started process (PID=1680) to work on /home/airflow/.local/lib/python3.12/site-packages/airflow/example_dags/example_short_circuit_operator.py
[2024-08-25T00:41:39.524+0000] {processor.py:914} INFO - Processing file /home/airflow/.local/lib/python3.12/site-packages/airflow/example_dags/example_short_circuit_operator.py for tasks to queue
[2024-08-25T00:41:39.527+0000] {logging_mixin.py:190} INFO - [2024-08-25T00:41:39.526+0000] {dagbag.py:587} INFO - Filling up the DagBag from /home/airflow/.local/lib/python3.12/site-packages/airflow/example_dags/example_short_circuit_operator.py
[2024-08-25T00:41:39.548+0000] {processor.py:925} INFO - DAG(s) 'example_short_circuit_operator' retrieved from /home/airflow/.local/lib/python3.12/site-packages/airflow/example_dags/example_short_circuit_operator.py
[2024-08-25T00:41:39.601+0000] {logging_mixin.py:190} INFO - [2024-08-25T00:41:39.600+0000] {dag.py:3211} INFO - Sync 1 DAGs
[2024-08-25T00:41:39.652+0000] {logging_mixin.py:190} INFO - [2024-08-25T00:41:39.651+0000] {dag.py:4138} INFO - Setting next_dagrun for example_short_circuit_operator to 2024-08-24 00:00:00+00:00, run_after=2024-08-25 00:00:00+00:00
[2024-08-25T00:41:39.688+0000] {processor.py:208} INFO - Processing /home/airflow/.local/lib/python3.12/site-packages/airflow/example_dags/example_short_circuit_operator.py took 0.178 seconds
