[2024-08-25T00:00:17.930+0000] {processor.py:186} INFO - Started process (PID=38549) to work on /home/airflow/.local/lib/python3.12/site-packages/airflow/example_dags/example_dynamic_task_mapping_with_no_taskflow_operators.py
[2024-08-25T00:00:17.932+0000] {processor.py:914} INFO - Processing file /home/airflow/.local/lib/python3.12/site-packages/airflow/example_dags/example_dynamic_task_mapping_with_no_taskflow_operators.py for tasks to queue
[2024-08-25T00:00:17.938+0000] {logging_mixin.py:190} INFO - [2024-08-25T00:00:17.938+0000] {dagbag.py:587} INFO - Filling up the DagBag from /home/airflow/.local/lib/python3.12/site-packages/airflow/example_dags/example_dynamic_task_mapping_with_no_taskflow_operators.py
[2024-08-25T00:00:17.961+0000] {processor.py:925} INFO - DAG(s) 'example_dynamic_task_mapping_with_no_taskflow_operators' retrieved from /home/airflow/.local/lib/python3.12/site-packages/airflow/example_dags/example_dynamic_task_mapping_with_no_taskflow_operators.py
[2024-08-25T00:00:18.011+0000] {logging_mixin.py:190} INFO - [2024-08-25T00:00:18.009+0000] {dag.py:3211} INFO - Sync 1 DAGs
[2024-08-25T00:00:18.069+0000] {logging_mixin.py:190} INFO - [2024-08-25T00:00:18.068+0000] {dag.py:4138} INFO - Setting next_dagrun for example_dynamic_task_mapping_with_no_taskflow_operators to 2024-08-24 00:00:00+00:00, run_after=2024-08-25 00:00:00+00:00
[2024-08-25T00:00:18.112+0000] {processor.py:208} INFO - Processing /home/airflow/.local/lib/python3.12/site-packages/airflow/example_dags/example_dynamic_task_mapping_with_no_taskflow_operators.py took 0.201 seconds
[2024-08-25T00:05:43.656+0000] {processor.py:186} INFO - Started process (PID=77) to work on /home/airflow/.local/lib/python3.12/site-packages/airflow/example_dags/example_dynamic_task_mapping_with_no_taskflow_operators.py
[2024-08-25T00:05:43.661+0000] {processor.py:914} INFO - Processing file /home/airflow/.local/lib/python3.12/site-packages/airflow/example_dags/example_dynamic_task_mapping_with_no_taskflow_operators.py for tasks to queue
[2024-08-25T00:05:43.668+0000] {logging_mixin.py:190} INFO - [2024-08-25T00:05:43.666+0000] {dagbag.py:587} INFO - Filling up the DagBag from /home/airflow/.local/lib/python3.12/site-packages/airflow/example_dags/example_dynamic_task_mapping_with_no_taskflow_operators.py
[2024-08-25T00:05:43.747+0000] {processor.py:925} INFO - DAG(s) 'example_dynamic_task_mapping_with_no_taskflow_operators' retrieved from /home/airflow/.local/lib/python3.12/site-packages/airflow/example_dags/example_dynamic_task_mapping_with_no_taskflow_operators.py
[2024-08-25T00:05:43.915+0000] {logging_mixin.py:190} INFO - [2024-08-25T00:05:43.913+0000] {dag.py:3211} INFO - Sync 1 DAGs
[2024-08-25T00:05:44.190+0000] {logging_mixin.py:190} INFO - [2024-08-25T00:05:44.190+0000] {dag.py:4138} INFO - Setting next_dagrun for example_dynamic_task_mapping_with_no_taskflow_operators to 2024-08-24 00:00:00+00:00, run_after=2024-08-25 00:00:00+00:00
[2024-08-25T00:05:44.413+0000] {processor.py:208} INFO - Processing /home/airflow/.local/lib/python3.12/site-packages/airflow/example_dags/example_dynamic_task_mapping_with_no_taskflow_operators.py took 0.778 seconds
[2024-08-25T00:06:15.363+0000] {processor.py:186} INFO - Started process (PID=140) to work on /home/airflow/.local/lib/python3.12/site-packages/airflow/example_dags/example_dynamic_task_mapping_with_no_taskflow_operators.py
[2024-08-25T00:06:15.366+0000] {processor.py:914} INFO - Processing file /home/airflow/.local/lib/python3.12/site-packages/airflow/example_dags/example_dynamic_task_mapping_with_no_taskflow_operators.py for tasks to queue
[2024-08-25T00:06:15.372+0000] {logging_mixin.py:190} INFO - [2024-08-25T00:06:15.371+0000] {dagbag.py:587} INFO - Filling up the DagBag from /home/airflow/.local/lib/python3.12/site-packages/airflow/example_dags/example_dynamic_task_mapping_with_no_taskflow_operators.py
[2024-08-25T00:06:15.418+0000] {processor.py:925} INFO - DAG(s) 'example_dynamic_task_mapping_with_no_taskflow_operators' retrieved from /home/airflow/.local/lib/python3.12/site-packages/airflow/example_dags/example_dynamic_task_mapping_with_no_taskflow_operators.py
[2024-08-25T00:06:15.569+0000] {logging_mixin.py:190} INFO - [2024-08-25T00:06:15.567+0000] {dag.py:3211} INFO - Sync 1 DAGs
[2024-08-25T00:06:15.771+0000] {logging_mixin.py:190} INFO - [2024-08-25T00:06:15.771+0000] {dag.py:4138} INFO - Setting next_dagrun for example_dynamic_task_mapping_with_no_taskflow_operators to 2024-08-24 00:00:00+00:00, run_after=2024-08-25 00:00:00+00:00
[2024-08-25T00:06:15.847+0000] {processor.py:208} INFO - Processing /home/airflow/.local/lib/python3.12/site-packages/airflow/example_dags/example_dynamic_task_mapping_with_no_taskflow_operators.py took 0.503 seconds
[2024-08-25T00:07:08.438+0000] {processor.py:186} INFO - Started process (PID=208) to work on /home/airflow/.local/lib/python3.12/site-packages/airflow/example_dags/example_dynamic_task_mapping_with_no_taskflow_operators.py
[2024-08-25T00:07:08.458+0000] {processor.py:914} INFO - Processing file /home/airflow/.local/lib/python3.12/site-packages/airflow/example_dags/example_dynamic_task_mapping_with_no_taskflow_operators.py for tasks to queue
[2024-08-25T00:07:08.488+0000] {logging_mixin.py:190} INFO - [2024-08-25T00:07:08.486+0000] {dagbag.py:587} INFO - Filling up the DagBag from /home/airflow/.local/lib/python3.12/site-packages/airflow/example_dags/example_dynamic_task_mapping_with_no_taskflow_operators.py
[2024-08-25T00:07:08.608+0000] {processor.py:925} INFO - DAG(s) 'example_dynamic_task_mapping_with_no_taskflow_operators' retrieved from /home/airflow/.local/lib/python3.12/site-packages/airflow/example_dags/example_dynamic_task_mapping_with_no_taskflow_operators.py
[2024-08-25T00:07:08.758+0000] {logging_mixin.py:190} INFO - [2024-08-25T00:07:08.757+0000] {dag.py:3211} INFO - Sync 1 DAGs
[2024-08-25T00:07:09.163+0000] {logging_mixin.py:190} INFO - [2024-08-25T00:07:09.162+0000] {dag.py:4138} INFO - Setting next_dagrun for example_dynamic_task_mapping_with_no_taskflow_operators to 2024-08-24 00:00:00+00:00, run_after=2024-08-25 00:00:00+00:00
[2024-08-25T00:07:09.322+0000] {processor.py:208} INFO - Processing /home/airflow/.local/lib/python3.12/site-packages/airflow/example_dags/example_dynamic_task_mapping_with_no_taskflow_operators.py took 0.922 seconds
[2024-08-25T00:07:40.883+0000] {processor.py:186} INFO - Started process (PID=270) to work on /home/airflow/.local/lib/python3.12/site-packages/airflow/example_dags/example_dynamic_task_mapping_with_no_taskflow_operators.py
[2024-08-25T00:07:40.904+0000] {processor.py:914} INFO - Processing file /home/airflow/.local/lib/python3.12/site-packages/airflow/example_dags/example_dynamic_task_mapping_with_no_taskflow_operators.py for tasks to queue
[2024-08-25T00:07:40.914+0000] {logging_mixin.py:190} INFO - [2024-08-25T00:07:40.913+0000] {dagbag.py:587} INFO - Filling up the DagBag from /home/airflow/.local/lib/python3.12/site-packages/airflow/example_dags/example_dynamic_task_mapping_with_no_taskflow_operators.py
[2024-08-25T00:07:40.996+0000] {processor.py:925} INFO - DAG(s) 'example_dynamic_task_mapping_with_no_taskflow_operators' retrieved from /home/airflow/.local/lib/python3.12/site-packages/airflow/example_dags/example_dynamic_task_mapping_with_no_taskflow_operators.py
[2024-08-25T00:07:41.215+0000] {logging_mixin.py:190} INFO - [2024-08-25T00:07:41.201+0000] {dag.py:3211} INFO - Sync 1 DAGs
[2024-08-25T00:07:41.631+0000] {logging_mixin.py:190} INFO - [2024-08-25T00:07:41.630+0000] {dag.py:4138} INFO - Setting next_dagrun for example_dynamic_task_mapping_with_no_taskflow_operators to 2024-08-24 00:00:00+00:00, run_after=2024-08-25 00:00:00+00:00
[2024-08-25T00:07:41.751+0000] {processor.py:208} INFO - Processing /home/airflow/.local/lib/python3.12/site-packages/airflow/example_dags/example_dynamic_task_mapping_with_no_taskflow_operators.py took 0.921 seconds
[2024-08-25T00:08:12.201+0000] {processor.py:186} INFO - Started process (PID=333) to work on /home/airflow/.local/lib/python3.12/site-packages/airflow/example_dags/example_dynamic_task_mapping_with_no_taskflow_operators.py
[2024-08-25T00:08:12.212+0000] {processor.py:914} INFO - Processing file /home/airflow/.local/lib/python3.12/site-packages/airflow/example_dags/example_dynamic_task_mapping_with_no_taskflow_operators.py for tasks to queue
[2024-08-25T00:08:12.225+0000] {logging_mixin.py:190} INFO - [2024-08-25T00:08:12.218+0000] {dagbag.py:587} INFO - Filling up the DagBag from /home/airflow/.local/lib/python3.12/site-packages/airflow/example_dags/example_dynamic_task_mapping_with_no_taskflow_operators.py
[2024-08-25T00:08:12.265+0000] {processor.py:925} INFO - DAG(s) 'example_dynamic_task_mapping_with_no_taskflow_operators' retrieved from /home/airflow/.local/lib/python3.12/site-packages/airflow/example_dags/example_dynamic_task_mapping_with_no_taskflow_operators.py
[2024-08-25T00:08:12.325+0000] {logging_mixin.py:190} INFO - [2024-08-25T00:08:12.323+0000] {dag.py:3211} INFO - Sync 1 DAGs
[2024-08-25T00:08:12.388+0000] {logging_mixin.py:190} INFO - [2024-08-25T00:08:12.387+0000] {dag.py:4138} INFO - Setting next_dagrun for example_dynamic_task_mapping_with_no_taskflow_operators to 2024-08-24 00:00:00+00:00, run_after=2024-08-25 00:00:00+00:00
[2024-08-25T00:08:12.430+0000] {processor.py:208} INFO - Processing /home/airflow/.local/lib/python3.12/site-packages/airflow/example_dags/example_dynamic_task_mapping_with_no_taskflow_operators.py took 0.250 seconds
[2024-08-25T00:08:45.322+0000] {processor.py:186} INFO - Started process (PID=392) to work on /home/airflow/.local/lib/python3.12/site-packages/airflow/example_dags/example_dynamic_task_mapping_with_no_taskflow_operators.py
[2024-08-25T00:08:45.336+0000] {processor.py:914} INFO - Processing file /home/airflow/.local/lib/python3.12/site-packages/airflow/example_dags/example_dynamic_task_mapping_with_no_taskflow_operators.py for tasks to queue
[2024-08-25T00:08:45.347+0000] {logging_mixin.py:190} INFO - [2024-08-25T00:08:45.346+0000] {dagbag.py:587} INFO - Filling up the DagBag from /home/airflow/.local/lib/python3.12/site-packages/airflow/example_dags/example_dynamic_task_mapping_with_no_taskflow_operators.py
[2024-08-25T00:08:45.402+0000] {processor.py:925} INFO - DAG(s) 'example_dynamic_task_mapping_with_no_taskflow_operators' retrieved from /home/airflow/.local/lib/python3.12/site-packages/airflow/example_dags/example_dynamic_task_mapping_with_no_taskflow_operators.py
[2024-08-25T00:08:45.508+0000] {logging_mixin.py:190} INFO - [2024-08-25T00:08:45.507+0000] {dag.py:3211} INFO - Sync 1 DAGs
[2024-08-25T00:08:45.586+0000] {logging_mixin.py:190} INFO - [2024-08-25T00:08:45.586+0000] {dag.py:4138} INFO - Setting next_dagrun for example_dynamic_task_mapping_with_no_taskflow_operators to 2024-08-24 00:00:00+00:00, run_after=2024-08-25 00:00:00+00:00
[2024-08-25T00:08:45.636+0000] {processor.py:208} INFO - Processing /home/airflow/.local/lib/python3.12/site-packages/airflow/example_dags/example_dynamic_task_mapping_with_no_taskflow_operators.py took 0.345 seconds
[2024-08-25T00:09:16.249+0000] {processor.py:186} INFO - Started process (PID=455) to work on /home/airflow/.local/lib/python3.12/site-packages/airflow/example_dags/example_dynamic_task_mapping_with_no_taskflow_operators.py
[2024-08-25T00:09:16.267+0000] {processor.py:914} INFO - Processing file /home/airflow/.local/lib/python3.12/site-packages/airflow/example_dags/example_dynamic_task_mapping_with_no_taskflow_operators.py for tasks to queue
[2024-08-25T00:09:16.274+0000] {logging_mixin.py:190} INFO - [2024-08-25T00:09:16.273+0000] {dagbag.py:587} INFO - Filling up the DagBag from /home/airflow/.local/lib/python3.12/site-packages/airflow/example_dags/example_dynamic_task_mapping_with_no_taskflow_operators.py
[2024-08-25T00:09:16.327+0000] {processor.py:925} INFO - DAG(s) 'example_dynamic_task_mapping_with_no_taskflow_operators' retrieved from /home/airflow/.local/lib/python3.12/site-packages/airflow/example_dags/example_dynamic_task_mapping_with_no_taskflow_operators.py
[2024-08-25T00:09:16.474+0000] {logging_mixin.py:190} INFO - [2024-08-25T00:09:16.470+0000] {dag.py:3211} INFO - Sync 1 DAGs
[2024-08-25T00:09:16.621+0000] {logging_mixin.py:190} INFO - [2024-08-25T00:09:16.620+0000] {dag.py:4138} INFO - Setting next_dagrun for example_dynamic_task_mapping_with_no_taskflow_operators to 2024-08-24 00:00:00+00:00, run_after=2024-08-25 00:00:00+00:00
[2024-08-25T00:09:16.722+0000] {processor.py:208} INFO - Processing /home/airflow/.local/lib/python3.12/site-packages/airflow/example_dags/example_dynamic_task_mapping_with_no_taskflow_operators.py took 0.511 seconds
[2024-08-25T00:09:47.644+0000] {processor.py:186} INFO - Started process (PID=519) to work on /home/airflow/.local/lib/python3.12/site-packages/airflow/example_dags/example_dynamic_task_mapping_with_no_taskflow_operators.py
[2024-08-25T00:09:47.648+0000] {processor.py:914} INFO - Processing file /home/airflow/.local/lib/python3.12/site-packages/airflow/example_dags/example_dynamic_task_mapping_with_no_taskflow_operators.py for tasks to queue
[2024-08-25T00:09:47.662+0000] {logging_mixin.py:190} INFO - [2024-08-25T00:09:47.661+0000] {dagbag.py:587} INFO - Filling up the DagBag from /home/airflow/.local/lib/python3.12/site-packages/airflow/example_dags/example_dynamic_task_mapping_with_no_taskflow_operators.py
[2024-08-25T00:09:47.705+0000] {processor.py:925} INFO - DAG(s) 'example_dynamic_task_mapping_with_no_taskflow_operators' retrieved from /home/airflow/.local/lib/python3.12/site-packages/airflow/example_dags/example_dynamic_task_mapping_with_no_taskflow_operators.py
[2024-08-25T00:09:47.885+0000] {logging_mixin.py:190} INFO - [2024-08-25T00:09:47.883+0000] {dag.py:3211} INFO - Sync 1 DAGs
[2024-08-25T00:09:48.107+0000] {logging_mixin.py:190} INFO - [2024-08-25T00:09:48.106+0000] {dag.py:4138} INFO - Setting next_dagrun for example_dynamic_task_mapping_with_no_taskflow_operators to 2024-08-24 00:00:00+00:00, run_after=2024-08-25 00:00:00+00:00
[2024-08-25T00:09:48.180+0000] {processor.py:208} INFO - Processing /home/airflow/.local/lib/python3.12/site-packages/airflow/example_dags/example_dynamic_task_mapping_with_no_taskflow_operators.py took 0.569 seconds
[2024-08-25T00:10:18.759+0000] {processor.py:186} INFO - Started process (PID=582) to work on /home/airflow/.local/lib/python3.12/site-packages/airflow/example_dags/example_dynamic_task_mapping_with_no_taskflow_operators.py
[2024-08-25T00:10:18.772+0000] {processor.py:914} INFO - Processing file /home/airflow/.local/lib/python3.12/site-packages/airflow/example_dags/example_dynamic_task_mapping_with_no_taskflow_operators.py for tasks to queue
[2024-08-25T00:10:18.790+0000] {logging_mixin.py:190} INFO - [2024-08-25T00:10:18.789+0000] {dagbag.py:587} INFO - Filling up the DagBag from /home/airflow/.local/lib/python3.12/site-packages/airflow/example_dags/example_dynamic_task_mapping_with_no_taskflow_operators.py
[2024-08-25T00:10:18.885+0000] {processor.py:925} INFO - DAG(s) 'example_dynamic_task_mapping_with_no_taskflow_operators' retrieved from /home/airflow/.local/lib/python3.12/site-packages/airflow/example_dags/example_dynamic_task_mapping_with_no_taskflow_operators.py
[2024-08-25T00:10:19.050+0000] {logging_mixin.py:190} INFO - [2024-08-25T00:10:19.049+0000] {dag.py:3211} INFO - Sync 1 DAGs
[2024-08-25T00:10:19.257+0000] {logging_mixin.py:190} INFO - [2024-08-25T00:10:19.256+0000] {dag.py:4138} INFO - Setting next_dagrun for example_dynamic_task_mapping_with_no_taskflow_operators to 2024-08-24 00:00:00+00:00, run_after=2024-08-25 00:00:00+00:00
[2024-08-25T00:10:19.435+0000] {processor.py:208} INFO - Processing /home/airflow/.local/lib/python3.12/site-packages/airflow/example_dags/example_dynamic_task_mapping_with_no_taskflow_operators.py took 0.726 seconds
[2024-08-25T00:10:49.700+0000] {processor.py:186} INFO - Started process (PID=645) to work on /home/airflow/.local/lib/python3.12/site-packages/airflow/example_dags/example_dynamic_task_mapping_with_no_taskflow_operators.py
[2024-08-25T00:10:49.704+0000] {processor.py:914} INFO - Processing file /home/airflow/.local/lib/python3.12/site-packages/airflow/example_dags/example_dynamic_task_mapping_with_no_taskflow_operators.py for tasks to queue
[2024-08-25T00:10:49.714+0000] {logging_mixin.py:190} INFO - [2024-08-25T00:10:49.710+0000] {dagbag.py:587} INFO - Filling up the DagBag from /home/airflow/.local/lib/python3.12/site-packages/airflow/example_dags/example_dynamic_task_mapping_with_no_taskflow_operators.py
[2024-08-25T00:10:49.776+0000] {processor.py:925} INFO - DAG(s) 'example_dynamic_task_mapping_with_no_taskflow_operators' retrieved from /home/airflow/.local/lib/python3.12/site-packages/airflow/example_dags/example_dynamic_task_mapping_with_no_taskflow_operators.py
[2024-08-25T00:10:49.986+0000] {logging_mixin.py:190} INFO - [2024-08-25T00:10:49.984+0000] {dag.py:3211} INFO - Sync 1 DAGs
[2024-08-25T00:10:50.123+0000] {logging_mixin.py:190} INFO - [2024-08-25T00:10:50.122+0000] {dag.py:4138} INFO - Setting next_dagrun for example_dynamic_task_mapping_with_no_taskflow_operators to 2024-08-24 00:00:00+00:00, run_after=2024-08-25 00:00:00+00:00
[2024-08-25T00:10:50.259+0000] {processor.py:208} INFO - Processing /home/airflow/.local/lib/python3.12/site-packages/airflow/example_dags/example_dynamic_task_mapping_with_no_taskflow_operators.py took 0.592 seconds
[2024-08-25T00:11:20.469+0000] {processor.py:186} INFO - Started process (PID=706) to work on /home/airflow/.local/lib/python3.12/site-packages/airflow/example_dags/example_dynamic_task_mapping_with_no_taskflow_operators.py
[2024-08-25T00:11:20.471+0000] {processor.py:914} INFO - Processing file /home/airflow/.local/lib/python3.12/site-packages/airflow/example_dags/example_dynamic_task_mapping_with_no_taskflow_operators.py for tasks to queue
[2024-08-25T00:11:20.476+0000] {logging_mixin.py:190} INFO - [2024-08-25T00:11:20.476+0000] {dagbag.py:587} INFO - Filling up the DagBag from /home/airflow/.local/lib/python3.12/site-packages/airflow/example_dags/example_dynamic_task_mapping_with_no_taskflow_operators.py
[2024-08-25T00:11:20.495+0000] {processor.py:925} INFO - DAG(s) 'example_dynamic_task_mapping_with_no_taskflow_operators' retrieved from /home/airflow/.local/lib/python3.12/site-packages/airflow/example_dags/example_dynamic_task_mapping_with_no_taskflow_operators.py
[2024-08-25T00:11:20.535+0000] {logging_mixin.py:190} INFO - [2024-08-25T00:11:20.534+0000] {dag.py:3211} INFO - Sync 1 DAGs
[2024-08-25T00:11:20.584+0000] {logging_mixin.py:190} INFO - [2024-08-25T00:11:20.584+0000] {dag.py:4138} INFO - Setting next_dagrun for example_dynamic_task_mapping_with_no_taskflow_operators to 2024-08-24 00:00:00+00:00, run_after=2024-08-25 00:00:00+00:00
[2024-08-25T00:11:20.627+0000] {processor.py:208} INFO - Processing /home/airflow/.local/lib/python3.12/site-packages/airflow/example_dags/example_dynamic_task_mapping_with_no_taskflow_operators.py took 0.171 seconds
[2024-08-25T00:11:51.487+0000] {processor.py:186} INFO - Started process (PID=757) to work on /home/airflow/.local/lib/python3.12/site-packages/airflow/example_dags/example_dynamic_task_mapping_with_no_taskflow_operators.py
[2024-08-25T00:11:51.489+0000] {processor.py:914} INFO - Processing file /home/airflow/.local/lib/python3.12/site-packages/airflow/example_dags/example_dynamic_task_mapping_with_no_taskflow_operators.py for tasks to queue
[2024-08-25T00:11:51.497+0000] {logging_mixin.py:190} INFO - [2024-08-25T00:11:51.496+0000] {dagbag.py:587} INFO - Filling up the DagBag from /home/airflow/.local/lib/python3.12/site-packages/airflow/example_dags/example_dynamic_task_mapping_with_no_taskflow_operators.py
[2024-08-25T00:11:51.529+0000] {processor.py:925} INFO - DAG(s) 'example_dynamic_task_mapping_with_no_taskflow_operators' retrieved from /home/airflow/.local/lib/python3.12/site-packages/airflow/example_dags/example_dynamic_task_mapping_with_no_taskflow_operators.py
[2024-08-25T00:11:51.677+0000] {logging_mixin.py:190} INFO - [2024-08-25T00:11:51.675+0000] {dag.py:3211} INFO - Sync 1 DAGs
[2024-08-25T00:11:51.794+0000] {logging_mixin.py:190} INFO - [2024-08-25T00:11:51.793+0000] {dag.py:4138} INFO - Setting next_dagrun for example_dynamic_task_mapping_with_no_taskflow_operators to 2024-08-24 00:00:00+00:00, run_after=2024-08-25 00:00:00+00:00
[2024-08-25T00:11:51.858+0000] {processor.py:208} INFO - Processing /home/airflow/.local/lib/python3.12/site-packages/airflow/example_dags/example_dynamic_task_mapping_with_no_taskflow_operators.py took 0.402 seconds
[2024-08-25T00:12:22.383+0000] {processor.py:186} INFO - Started process (PID=821) to work on /home/airflow/.local/lib/python3.12/site-packages/airflow/example_dags/example_dynamic_task_mapping_with_no_taskflow_operators.py
[2024-08-25T00:12:22.389+0000] {processor.py:914} INFO - Processing file /home/airflow/.local/lib/python3.12/site-packages/airflow/example_dags/example_dynamic_task_mapping_with_no_taskflow_operators.py for tasks to queue
[2024-08-25T00:12:22.412+0000] {logging_mixin.py:190} INFO - [2024-08-25T00:12:22.411+0000] {dagbag.py:587} INFO - Filling up the DagBag from /home/airflow/.local/lib/python3.12/site-packages/airflow/example_dags/example_dynamic_task_mapping_with_no_taskflow_operators.py
[2024-08-25T00:12:22.528+0000] {processor.py:925} INFO - DAG(s) 'example_dynamic_task_mapping_with_no_taskflow_operators' retrieved from /home/airflow/.local/lib/python3.12/site-packages/airflow/example_dags/example_dynamic_task_mapping_with_no_taskflow_operators.py
[2024-08-25T00:12:22.642+0000] {logging_mixin.py:190} INFO - [2024-08-25T00:12:22.638+0000] {dag.py:3211} INFO - Sync 1 DAGs
[2024-08-25T00:12:22.747+0000] {logging_mixin.py:190} INFO - [2024-08-25T00:12:22.747+0000] {dag.py:4138} INFO - Setting next_dagrun for example_dynamic_task_mapping_with_no_taskflow_operators to 2024-08-24 00:00:00+00:00, run_after=2024-08-25 00:00:00+00:00
[2024-08-25T00:12:22.810+0000] {processor.py:208} INFO - Processing /home/airflow/.local/lib/python3.12/site-packages/airflow/example_dags/example_dynamic_task_mapping_with_no_taskflow_operators.py took 0.466 seconds
[2024-08-25T00:12:53.272+0000] {processor.py:186} INFO - Started process (PID=884) to work on /home/airflow/.local/lib/python3.12/site-packages/airflow/example_dags/example_dynamic_task_mapping_with_no_taskflow_operators.py
[2024-08-25T00:12:53.274+0000] {processor.py:914} INFO - Processing file /home/airflow/.local/lib/python3.12/site-packages/airflow/example_dags/example_dynamic_task_mapping_with_no_taskflow_operators.py for tasks to queue
[2024-08-25T00:12:53.280+0000] {logging_mixin.py:190} INFO - [2024-08-25T00:12:53.279+0000] {dagbag.py:587} INFO - Filling up the DagBag from /home/airflow/.local/lib/python3.12/site-packages/airflow/example_dags/example_dynamic_task_mapping_with_no_taskflow_operators.py
[2024-08-25T00:12:53.298+0000] {processor.py:925} INFO - DAG(s) 'example_dynamic_task_mapping_with_no_taskflow_operators' retrieved from /home/airflow/.local/lib/python3.12/site-packages/airflow/example_dags/example_dynamic_task_mapping_with_no_taskflow_operators.py
[2024-08-25T00:12:53.343+0000] {logging_mixin.py:190} INFO - [2024-08-25T00:12:53.341+0000] {dag.py:3211} INFO - Sync 1 DAGs
[2024-08-25T00:12:53.402+0000] {logging_mixin.py:190} INFO - [2024-08-25T00:12:53.401+0000] {dag.py:4138} INFO - Setting next_dagrun for example_dynamic_task_mapping_with_no_taskflow_operators to 2024-08-24 00:00:00+00:00, run_after=2024-08-25 00:00:00+00:00
[2024-08-25T00:12:53.444+0000] {processor.py:208} INFO - Processing /home/airflow/.local/lib/python3.12/site-packages/airflow/example_dags/example_dynamic_task_mapping_with_no_taskflow_operators.py took 0.187 seconds
[2024-08-25T00:13:24.077+0000] {processor.py:186} INFO - Started process (PID=947) to work on /home/airflow/.local/lib/python3.12/site-packages/airflow/example_dags/example_dynamic_task_mapping_with_no_taskflow_operators.py
[2024-08-25T00:13:24.079+0000] {processor.py:914} INFO - Processing file /home/airflow/.local/lib/python3.12/site-packages/airflow/example_dags/example_dynamic_task_mapping_with_no_taskflow_operators.py for tasks to queue
[2024-08-25T00:13:24.085+0000] {logging_mixin.py:190} INFO - [2024-08-25T00:13:24.085+0000] {dagbag.py:587} INFO - Filling up the DagBag from /home/airflow/.local/lib/python3.12/site-packages/airflow/example_dags/example_dynamic_task_mapping_with_no_taskflow_operators.py
[2024-08-25T00:13:24.105+0000] {processor.py:925} INFO - DAG(s) 'example_dynamic_task_mapping_with_no_taskflow_operators' retrieved from /home/airflow/.local/lib/python3.12/site-packages/airflow/example_dags/example_dynamic_task_mapping_with_no_taskflow_operators.py
[2024-08-25T00:13:24.170+0000] {logging_mixin.py:190} INFO - [2024-08-25T00:13:24.164+0000] {dag.py:3211} INFO - Sync 1 DAGs
[2024-08-25T00:13:24.263+0000] {logging_mixin.py:190} INFO - [2024-08-25T00:13:24.263+0000] {dag.py:4138} INFO - Setting next_dagrun for example_dynamic_task_mapping_with_no_taskflow_operators to 2024-08-24 00:00:00+00:00, run_after=2024-08-25 00:00:00+00:00
[2024-08-25T00:13:24.338+0000] {processor.py:208} INFO - Processing /home/airflow/.local/lib/python3.12/site-packages/airflow/example_dags/example_dynamic_task_mapping_with_no_taskflow_operators.py took 0.277 seconds
[2024-08-25T00:13:55.092+0000] {processor.py:186} INFO - Started process (PID=1010) to work on /home/airflow/.local/lib/python3.12/site-packages/airflow/example_dags/example_dynamic_task_mapping_with_no_taskflow_operators.py
[2024-08-25T00:13:55.094+0000] {processor.py:914} INFO - Processing file /home/airflow/.local/lib/python3.12/site-packages/airflow/example_dags/example_dynamic_task_mapping_with_no_taskflow_operators.py for tasks to queue
[2024-08-25T00:13:55.101+0000] {logging_mixin.py:190} INFO - [2024-08-25T00:13:55.100+0000] {dagbag.py:587} INFO - Filling up the DagBag from /home/airflow/.local/lib/python3.12/site-packages/airflow/example_dags/example_dynamic_task_mapping_with_no_taskflow_operators.py
[2024-08-25T00:13:55.141+0000] {processor.py:925} INFO - DAG(s) 'example_dynamic_task_mapping_with_no_taskflow_operators' retrieved from /home/airflow/.local/lib/python3.12/site-packages/airflow/example_dags/example_dynamic_task_mapping_with_no_taskflow_operators.py
[2024-08-25T00:13:55.240+0000] {logging_mixin.py:190} INFO - [2024-08-25T00:13:55.236+0000] {dag.py:3211} INFO - Sync 1 DAGs
[2024-08-25T00:13:55.329+0000] {logging_mixin.py:190} INFO - [2024-08-25T00:13:55.329+0000] {dag.py:4138} INFO - Setting next_dagrun for example_dynamic_task_mapping_with_no_taskflow_operators to 2024-08-24 00:00:00+00:00, run_after=2024-08-25 00:00:00+00:00
[2024-08-25T00:13:55.381+0000] {processor.py:208} INFO - Processing /home/airflow/.local/lib/python3.12/site-packages/airflow/example_dags/example_dynamic_task_mapping_with_no_taskflow_operators.py took 0.310 seconds
[2024-08-25T00:14:25.757+0000] {processor.py:186} INFO - Started process (PID=1073) to work on /home/airflow/.local/lib/python3.12/site-packages/airflow/example_dags/example_dynamic_task_mapping_with_no_taskflow_operators.py
[2024-08-25T00:14:25.790+0000] {processor.py:914} INFO - Processing file /home/airflow/.local/lib/python3.12/site-packages/airflow/example_dags/example_dynamic_task_mapping_with_no_taskflow_operators.py for tasks to queue
[2024-08-25T00:14:25.808+0000] {logging_mixin.py:190} INFO - [2024-08-25T00:14:25.807+0000] {dagbag.py:587} INFO - Filling up the DagBag from /home/airflow/.local/lib/python3.12/site-packages/airflow/example_dags/example_dynamic_task_mapping_with_no_taskflow_operators.py
[2024-08-25T00:14:25.890+0000] {processor.py:925} INFO - DAG(s) 'example_dynamic_task_mapping_with_no_taskflow_operators' retrieved from /home/airflow/.local/lib/python3.12/site-packages/airflow/example_dags/example_dynamic_task_mapping_with_no_taskflow_operators.py
[2024-08-25T00:14:26.048+0000] {logging_mixin.py:190} INFO - [2024-08-25T00:14:26.046+0000] {dag.py:3211} INFO - Sync 1 DAGs
[2024-08-25T00:14:26.259+0000] {logging_mixin.py:190} INFO - [2024-08-25T00:14:26.259+0000] {dag.py:4138} INFO - Setting next_dagrun for example_dynamic_task_mapping_with_no_taskflow_operators to 2024-08-24 00:00:00+00:00, run_after=2024-08-25 00:00:00+00:00
[2024-08-25T00:14:26.396+0000] {processor.py:208} INFO - Processing /home/airflow/.local/lib/python3.12/site-packages/airflow/example_dags/example_dynamic_task_mapping_with_no_taskflow_operators.py took 0.689 seconds
[2024-08-25T00:14:57.098+0000] {processor.py:186} INFO - Started process (PID=1137) to work on /home/airflow/.local/lib/python3.12/site-packages/airflow/example_dags/example_dynamic_task_mapping_with_no_taskflow_operators.py
[2024-08-25T00:14:57.101+0000] {processor.py:914} INFO - Processing file /home/airflow/.local/lib/python3.12/site-packages/airflow/example_dags/example_dynamic_task_mapping_with_no_taskflow_operators.py for tasks to queue
[2024-08-25T00:14:57.106+0000] {logging_mixin.py:190} INFO - [2024-08-25T00:14:57.106+0000] {dagbag.py:587} INFO - Filling up the DagBag from /home/airflow/.local/lib/python3.12/site-packages/airflow/example_dags/example_dynamic_task_mapping_with_no_taskflow_operators.py
[2024-08-25T00:14:57.141+0000] {processor.py:925} INFO - DAG(s) 'example_dynamic_task_mapping_with_no_taskflow_operators' retrieved from /home/airflow/.local/lib/python3.12/site-packages/airflow/example_dags/example_dynamic_task_mapping_with_no_taskflow_operators.py
[2024-08-25T00:14:57.267+0000] {logging_mixin.py:190} INFO - [2024-08-25T00:14:57.265+0000] {dag.py:3211} INFO - Sync 1 DAGs
[2024-08-25T00:14:57.522+0000] {logging_mixin.py:190} INFO - [2024-08-25T00:14:57.522+0000] {dag.py:4138} INFO - Setting next_dagrun for example_dynamic_task_mapping_with_no_taskflow_operators to 2024-08-24 00:00:00+00:00, run_after=2024-08-25 00:00:00+00:00
[2024-08-25T00:14:57.721+0000] {processor.py:208} INFO - Processing /home/airflow/.local/lib/python3.12/site-packages/airflow/example_dags/example_dynamic_task_mapping_with_no_taskflow_operators.py took 0.641 seconds
[2024-08-25T00:15:28.499+0000] {processor.py:186} INFO - Started process (PID=1200) to work on /home/airflow/.local/lib/python3.12/site-packages/airflow/example_dags/example_dynamic_task_mapping_with_no_taskflow_operators.py
[2024-08-25T00:15:28.501+0000] {processor.py:914} INFO - Processing file /home/airflow/.local/lib/python3.12/site-packages/airflow/example_dags/example_dynamic_task_mapping_with_no_taskflow_operators.py for tasks to queue
[2024-08-25T00:15:28.507+0000] {logging_mixin.py:190} INFO - [2024-08-25T00:15:28.506+0000] {dagbag.py:587} INFO - Filling up the DagBag from /home/airflow/.local/lib/python3.12/site-packages/airflow/example_dags/example_dynamic_task_mapping_with_no_taskflow_operators.py
[2024-08-25T00:15:28.528+0000] {processor.py:925} INFO - DAG(s) 'example_dynamic_task_mapping_with_no_taskflow_operators' retrieved from /home/airflow/.local/lib/python3.12/site-packages/airflow/example_dags/example_dynamic_task_mapping_with_no_taskflow_operators.py
[2024-08-25T00:15:28.572+0000] {logging_mixin.py:190} INFO - [2024-08-25T00:15:28.571+0000] {dag.py:3211} INFO - Sync 1 DAGs
[2024-08-25T00:15:28.633+0000] {logging_mixin.py:190} INFO - [2024-08-25T00:15:28.633+0000] {dag.py:4138} INFO - Setting next_dagrun for example_dynamic_task_mapping_with_no_taskflow_operators to 2024-08-24 00:00:00+00:00, run_after=2024-08-25 00:00:00+00:00
[2024-08-25T00:15:28.673+0000] {processor.py:208} INFO - Processing /home/airflow/.local/lib/python3.12/site-packages/airflow/example_dags/example_dynamic_task_mapping_with_no_taskflow_operators.py took 0.189 seconds
[2024-08-25T00:16:02.413+0000] {processor.py:186} INFO - Started process (PID=1271) to work on /home/airflow/.local/lib/python3.12/site-packages/airflow/example_dags/example_dynamic_task_mapping_with_no_taskflow_operators.py
[2024-08-25T00:16:02.418+0000] {processor.py:914} INFO - Processing file /home/airflow/.local/lib/python3.12/site-packages/airflow/example_dags/example_dynamic_task_mapping_with_no_taskflow_operators.py for tasks to queue
[2024-08-25T00:16:02.438+0000] {logging_mixin.py:190} INFO - [2024-08-25T00:16:02.437+0000] {dagbag.py:587} INFO - Filling up the DagBag from /home/airflow/.local/lib/python3.12/site-packages/airflow/example_dags/example_dynamic_task_mapping_with_no_taskflow_operators.py
[2024-08-25T00:16:02.573+0000] {processor.py:925} INFO - DAG(s) 'example_dynamic_task_mapping_with_no_taskflow_operators' retrieved from /home/airflow/.local/lib/python3.12/site-packages/airflow/example_dags/example_dynamic_task_mapping_with_no_taskflow_operators.py
[2024-08-25T00:16:02.717+0000] {logging_mixin.py:190} INFO - [2024-08-25T00:16:02.715+0000] {dag.py:3211} INFO - Sync 1 DAGs
[2024-08-25T00:16:02.878+0000] {logging_mixin.py:190} INFO - [2024-08-25T00:16:02.877+0000] {dag.py:4138} INFO - Setting next_dagrun for example_dynamic_task_mapping_with_no_taskflow_operators to 2024-08-24 00:00:00+00:00, run_after=2024-08-25 00:00:00+00:00
[2024-08-25T00:16:03.046+0000] {processor.py:208} INFO - Processing /home/airflow/.local/lib/python3.12/site-packages/airflow/example_dags/example_dynamic_task_mapping_with_no_taskflow_operators.py took 0.695 seconds
[2024-08-25T00:16:34.165+0000] {processor.py:186} INFO - Started process (PID=1334) to work on /home/airflow/.local/lib/python3.12/site-packages/airflow/example_dags/example_dynamic_task_mapping_with_no_taskflow_operators.py
[2024-08-25T00:16:34.172+0000] {processor.py:914} INFO - Processing file /home/airflow/.local/lib/python3.12/site-packages/airflow/example_dags/example_dynamic_task_mapping_with_no_taskflow_operators.py for tasks to queue
[2024-08-25T00:16:34.179+0000] {logging_mixin.py:190} INFO - [2024-08-25T00:16:34.178+0000] {dagbag.py:587} INFO - Filling up the DagBag from /home/airflow/.local/lib/python3.12/site-packages/airflow/example_dags/example_dynamic_task_mapping_with_no_taskflow_operators.py
[2024-08-25T00:16:34.217+0000] {processor.py:925} INFO - DAG(s) 'example_dynamic_task_mapping_with_no_taskflow_operators' retrieved from /home/airflow/.local/lib/python3.12/site-packages/airflow/example_dags/example_dynamic_task_mapping_with_no_taskflow_operators.py
[2024-08-25T00:16:34.292+0000] {logging_mixin.py:190} INFO - [2024-08-25T00:16:34.290+0000] {dag.py:3211} INFO - Sync 1 DAGs
[2024-08-25T00:16:34.468+0000] {logging_mixin.py:190} INFO - [2024-08-25T00:16:34.466+0000] {dag.py:4138} INFO - Setting next_dagrun for example_dynamic_task_mapping_with_no_taskflow_operators to 2024-08-24 00:00:00+00:00, run_after=2024-08-25 00:00:00+00:00
[2024-08-25T00:16:34.656+0000] {processor.py:208} INFO - Processing /home/airflow/.local/lib/python3.12/site-packages/airflow/example_dags/example_dynamic_task_mapping_with_no_taskflow_operators.py took 0.525 seconds
[2024-08-25T00:17:05.333+0000] {processor.py:186} INFO - Started process (PID=1396) to work on /home/airflow/.local/lib/python3.12/site-packages/airflow/example_dags/example_dynamic_task_mapping_with_no_taskflow_operators.py
[2024-08-25T00:17:05.336+0000] {processor.py:914} INFO - Processing file /home/airflow/.local/lib/python3.12/site-packages/airflow/example_dags/example_dynamic_task_mapping_with_no_taskflow_operators.py for tasks to queue
[2024-08-25T00:17:05.352+0000] {logging_mixin.py:190} INFO - [2024-08-25T00:17:05.351+0000] {dagbag.py:587} INFO - Filling up the DagBag from /home/airflow/.local/lib/python3.12/site-packages/airflow/example_dags/example_dynamic_task_mapping_with_no_taskflow_operators.py
[2024-08-25T00:17:05.391+0000] {processor.py:925} INFO - DAG(s) 'example_dynamic_task_mapping_with_no_taskflow_operators' retrieved from /home/airflow/.local/lib/python3.12/site-packages/airflow/example_dags/example_dynamic_task_mapping_with_no_taskflow_operators.py
[2024-08-25T00:17:05.475+0000] {logging_mixin.py:190} INFO - [2024-08-25T00:17:05.473+0000] {dag.py:3211} INFO - Sync 1 DAGs
[2024-08-25T00:17:05.584+0000] {logging_mixin.py:190} INFO - [2024-08-25T00:17:05.583+0000] {dag.py:4138} INFO - Setting next_dagrun for example_dynamic_task_mapping_with_no_taskflow_operators to 2024-08-24 00:00:00+00:00, run_after=2024-08-25 00:00:00+00:00
[2024-08-25T00:17:05.655+0000] {processor.py:208} INFO - Processing /home/airflow/.local/lib/python3.12/site-packages/airflow/example_dags/example_dynamic_task_mapping_with_no_taskflow_operators.py took 0.347 seconds
[2024-08-25T00:17:36.768+0000] {processor.py:186} INFO - Started process (PID=1459) to work on /home/airflow/.local/lib/python3.12/site-packages/airflow/example_dags/example_dynamic_task_mapping_with_no_taskflow_operators.py
[2024-08-25T00:17:36.771+0000] {processor.py:914} INFO - Processing file /home/airflow/.local/lib/python3.12/site-packages/airflow/example_dags/example_dynamic_task_mapping_with_no_taskflow_operators.py for tasks to queue
[2024-08-25T00:17:36.777+0000] {logging_mixin.py:190} INFO - [2024-08-25T00:17:36.776+0000] {dagbag.py:587} INFO - Filling up the DagBag from /home/airflow/.local/lib/python3.12/site-packages/airflow/example_dags/example_dynamic_task_mapping_with_no_taskflow_operators.py
[2024-08-25T00:17:36.802+0000] {processor.py:925} INFO - DAG(s) 'example_dynamic_task_mapping_with_no_taskflow_operators' retrieved from /home/airflow/.local/lib/python3.12/site-packages/airflow/example_dags/example_dynamic_task_mapping_with_no_taskflow_operators.py
[2024-08-25T00:17:36.867+0000] {logging_mixin.py:190} INFO - [2024-08-25T00:17:36.865+0000] {dag.py:3211} INFO - Sync 1 DAGs
[2024-08-25T00:17:36.956+0000] {logging_mixin.py:190} INFO - [2024-08-25T00:17:36.955+0000] {dag.py:4138} INFO - Setting next_dagrun for example_dynamic_task_mapping_with_no_taskflow_operators to 2024-08-24 00:00:00+00:00, run_after=2024-08-25 00:00:00+00:00
[2024-08-25T00:17:37.002+0000] {processor.py:208} INFO - Processing /home/airflow/.local/lib/python3.12/site-packages/airflow/example_dags/example_dynamic_task_mapping_with_no_taskflow_operators.py took 0.251 seconds
[2024-08-25T00:18:07.325+0000] {processor.py:186} INFO - Started process (PID=1522) to work on /home/airflow/.local/lib/python3.12/site-packages/airflow/example_dags/example_dynamic_task_mapping_with_no_taskflow_operators.py
[2024-08-25T00:18:07.326+0000] {processor.py:914} INFO - Processing file /home/airflow/.local/lib/python3.12/site-packages/airflow/example_dags/example_dynamic_task_mapping_with_no_taskflow_operators.py for tasks to queue
[2024-08-25T00:18:07.331+0000] {logging_mixin.py:190} INFO - [2024-08-25T00:18:07.330+0000] {dagbag.py:587} INFO - Filling up the DagBag from /home/airflow/.local/lib/python3.12/site-packages/airflow/example_dags/example_dynamic_task_mapping_with_no_taskflow_operators.py
[2024-08-25T00:18:07.349+0000] {processor.py:925} INFO - DAG(s) 'example_dynamic_task_mapping_with_no_taskflow_operators' retrieved from /home/airflow/.local/lib/python3.12/site-packages/airflow/example_dags/example_dynamic_task_mapping_with_no_taskflow_operators.py
[2024-08-25T00:18:07.405+0000] {logging_mixin.py:190} INFO - [2024-08-25T00:18:07.403+0000] {dag.py:3211} INFO - Sync 1 DAGs
[2024-08-25T00:18:07.498+0000] {logging_mixin.py:190} INFO - [2024-08-25T00:18:07.497+0000] {dag.py:4138} INFO - Setting next_dagrun for example_dynamic_task_mapping_with_no_taskflow_operators to 2024-08-24 00:00:00+00:00, run_after=2024-08-25 00:00:00+00:00
[2024-08-25T00:18:07.552+0000] {processor.py:208} INFO - Processing /home/airflow/.local/lib/python3.12/site-packages/airflow/example_dags/example_dynamic_task_mapping_with_no_taskflow_operators.py took 0.240 seconds
[2024-08-25T00:18:38.096+0000] {processor.py:186} INFO - Started process (PID=1583) to work on /home/airflow/.local/lib/python3.12/site-packages/airflow/example_dags/example_dynamic_task_mapping_with_no_taskflow_operators.py
[2024-08-25T00:18:38.109+0000] {processor.py:914} INFO - Processing file /home/airflow/.local/lib/python3.12/site-packages/airflow/example_dags/example_dynamic_task_mapping_with_no_taskflow_operators.py for tasks to queue
[2024-08-25T00:18:38.133+0000] {logging_mixin.py:190} INFO - [2024-08-25T00:18:38.132+0000] {dagbag.py:587} INFO - Filling up the DagBag from /home/airflow/.local/lib/python3.12/site-packages/airflow/example_dags/example_dynamic_task_mapping_with_no_taskflow_operators.py
[2024-08-25T00:18:38.205+0000] {processor.py:925} INFO - DAG(s) 'example_dynamic_task_mapping_with_no_taskflow_operators' retrieved from /home/airflow/.local/lib/python3.12/site-packages/airflow/example_dags/example_dynamic_task_mapping_with_no_taskflow_operators.py
[2024-08-25T00:18:38.384+0000] {logging_mixin.py:190} INFO - [2024-08-25T00:18:38.383+0000] {dag.py:3211} INFO - Sync 1 DAGs
[2024-08-25T00:18:38.713+0000] {logging_mixin.py:190} INFO - [2024-08-25T00:18:38.712+0000] {dag.py:4138} INFO - Setting next_dagrun for example_dynamic_task_mapping_with_no_taskflow_operators to 2024-08-24 00:00:00+00:00, run_after=2024-08-25 00:00:00+00:00
[2024-08-25T00:18:38.890+0000] {processor.py:208} INFO - Processing /home/airflow/.local/lib/python3.12/site-packages/airflow/example_dags/example_dynamic_task_mapping_with_no_taskflow_operators.py took 0.845 seconds
[2024-08-25T00:19:09.427+0000] {processor.py:186} INFO - Started process (PID=1646) to work on /home/airflow/.local/lib/python3.12/site-packages/airflow/example_dags/example_dynamic_task_mapping_with_no_taskflow_operators.py
[2024-08-25T00:19:09.430+0000] {processor.py:914} INFO - Processing file /home/airflow/.local/lib/python3.12/site-packages/airflow/example_dags/example_dynamic_task_mapping_with_no_taskflow_operators.py for tasks to queue
[2024-08-25T00:19:09.436+0000] {logging_mixin.py:190} INFO - [2024-08-25T00:19:09.435+0000] {dagbag.py:587} INFO - Filling up the DagBag from /home/airflow/.local/lib/python3.12/site-packages/airflow/example_dags/example_dynamic_task_mapping_with_no_taskflow_operators.py
[2024-08-25T00:19:09.465+0000] {processor.py:925} INFO - DAG(s) 'example_dynamic_task_mapping_with_no_taskflow_operators' retrieved from /home/airflow/.local/lib/python3.12/site-packages/airflow/example_dags/example_dynamic_task_mapping_with_no_taskflow_operators.py
[2024-08-25T00:19:09.530+0000] {logging_mixin.py:190} INFO - [2024-08-25T00:19:09.528+0000] {dag.py:3211} INFO - Sync 1 DAGs
[2024-08-25T00:19:09.621+0000] {logging_mixin.py:190} INFO - [2024-08-25T00:19:09.617+0000] {dag.py:4138} INFO - Setting next_dagrun for example_dynamic_task_mapping_with_no_taskflow_operators to 2024-08-24 00:00:00+00:00, run_after=2024-08-25 00:00:00+00:00
[2024-08-25T00:19:09.690+0000] {processor.py:208} INFO - Processing /home/airflow/.local/lib/python3.12/site-packages/airflow/example_dags/example_dynamic_task_mapping_with_no_taskflow_operators.py took 0.282 seconds
[2024-08-25T00:19:41.016+0000] {processor.py:186} INFO - Started process (PID=1709) to work on /home/airflow/.local/lib/python3.12/site-packages/airflow/example_dags/example_dynamic_task_mapping_with_no_taskflow_operators.py
[2024-08-25T00:19:41.020+0000] {processor.py:914} INFO - Processing file /home/airflow/.local/lib/python3.12/site-packages/airflow/example_dags/example_dynamic_task_mapping_with_no_taskflow_operators.py for tasks to queue
[2024-08-25T00:19:41.028+0000] {logging_mixin.py:190} INFO - [2024-08-25T00:19:41.027+0000] {dagbag.py:587} INFO - Filling up the DagBag from /home/airflow/.local/lib/python3.12/site-packages/airflow/example_dags/example_dynamic_task_mapping_with_no_taskflow_operators.py
[2024-08-25T00:19:41.064+0000] {processor.py:925} INFO - DAG(s) 'example_dynamic_task_mapping_with_no_taskflow_operators' retrieved from /home/airflow/.local/lib/python3.12/site-packages/airflow/example_dags/example_dynamic_task_mapping_with_no_taskflow_operators.py
[2024-08-25T00:19:41.127+0000] {logging_mixin.py:190} INFO - [2024-08-25T00:19:41.125+0000] {dag.py:3211} INFO - Sync 1 DAGs
[2024-08-25T00:19:41.208+0000] {logging_mixin.py:190} INFO - [2024-08-25T00:19:41.204+0000] {dag.py:4138} INFO - Setting next_dagrun for example_dynamic_task_mapping_with_no_taskflow_operators to 2024-08-24 00:00:00+00:00, run_after=2024-08-25 00:00:00+00:00
[2024-08-25T00:19:41.292+0000] {processor.py:208} INFO - Processing /home/airflow/.local/lib/python3.12/site-packages/airflow/example_dags/example_dynamic_task_mapping_with_no_taskflow_operators.py took 0.298 seconds
[2024-08-25T00:20:11.571+0000] {processor.py:186} INFO - Started process (PID=1772) to work on /home/airflow/.local/lib/python3.12/site-packages/airflow/example_dags/example_dynamic_task_mapping_with_no_taskflow_operators.py
[2024-08-25T00:20:11.573+0000] {processor.py:914} INFO - Processing file /home/airflow/.local/lib/python3.12/site-packages/airflow/example_dags/example_dynamic_task_mapping_with_no_taskflow_operators.py for tasks to queue
[2024-08-25T00:20:11.578+0000] {logging_mixin.py:190} INFO - [2024-08-25T00:20:11.578+0000] {dagbag.py:587} INFO - Filling up the DagBag from /home/airflow/.local/lib/python3.12/site-packages/airflow/example_dags/example_dynamic_task_mapping_with_no_taskflow_operators.py
[2024-08-25T00:20:11.597+0000] {processor.py:925} INFO - DAG(s) 'example_dynamic_task_mapping_with_no_taskflow_operators' retrieved from /home/airflow/.local/lib/python3.12/site-packages/airflow/example_dags/example_dynamic_task_mapping_with_no_taskflow_operators.py
[2024-08-25T00:20:11.641+0000] {logging_mixin.py:190} INFO - [2024-08-25T00:20:11.640+0000] {dag.py:3211} INFO - Sync 1 DAGs
[2024-08-25T00:20:11.693+0000] {logging_mixin.py:190} INFO - [2024-08-25T00:20:11.692+0000] {dag.py:4138} INFO - Setting next_dagrun for example_dynamic_task_mapping_with_no_taskflow_operators to 2024-08-24 00:00:00+00:00, run_after=2024-08-25 00:00:00+00:00
[2024-08-25T00:20:11.728+0000] {processor.py:208} INFO - Processing /home/airflow/.local/lib/python3.12/site-packages/airflow/example_dags/example_dynamic_task_mapping_with_no_taskflow_operators.py took 0.171 seconds
[2024-08-25T00:20:41.964+0000] {processor.py:186} INFO - Started process (PID=1834) to work on /home/airflow/.local/lib/python3.12/site-packages/airflow/example_dags/example_dynamic_task_mapping_with_no_taskflow_operators.py
[2024-08-25T00:20:41.966+0000] {processor.py:914} INFO - Processing file /home/airflow/.local/lib/python3.12/site-packages/airflow/example_dags/example_dynamic_task_mapping_with_no_taskflow_operators.py for tasks to queue
[2024-08-25T00:20:41.971+0000] {logging_mixin.py:190} INFO - [2024-08-25T00:20:41.970+0000] {dagbag.py:587} INFO - Filling up the DagBag from /home/airflow/.local/lib/python3.12/site-packages/airflow/example_dags/example_dynamic_task_mapping_with_no_taskflow_operators.py
[2024-08-25T00:20:41.998+0000] {processor.py:925} INFO - DAG(s) 'example_dynamic_task_mapping_with_no_taskflow_operators' retrieved from /home/airflow/.local/lib/python3.12/site-packages/airflow/example_dags/example_dynamic_task_mapping_with_no_taskflow_operators.py
[2024-08-25T00:20:42.059+0000] {logging_mixin.py:190} INFO - [2024-08-25T00:20:42.057+0000] {dag.py:3211} INFO - Sync 1 DAGs
[2024-08-25T00:20:42.140+0000] {logging_mixin.py:190} INFO - [2024-08-25T00:20:42.140+0000] {dag.py:4138} INFO - Setting next_dagrun for example_dynamic_task_mapping_with_no_taskflow_operators to 2024-08-24 00:00:00+00:00, run_after=2024-08-25 00:00:00+00:00
[2024-08-25T00:20:42.209+0000] {processor.py:208} INFO - Processing /home/airflow/.local/lib/python3.12/site-packages/airflow/example_dags/example_dynamic_task_mapping_with_no_taskflow_operators.py took 0.261 seconds
[2024-08-25T00:26:19.112+0000] {processor.py:186} INFO - Started process (PID=84) to work on /home/airflow/.local/lib/python3.12/site-packages/airflow/example_dags/example_dynamic_task_mapping_with_no_taskflow_operators.py
[2024-08-25T00:26:19.141+0000] {processor.py:914} INFO - Processing file /home/airflow/.local/lib/python3.12/site-packages/airflow/example_dags/example_dynamic_task_mapping_with_no_taskflow_operators.py for tasks to queue
[2024-08-25T00:26:19.160+0000] {logging_mixin.py:190} INFO - [2024-08-25T00:26:19.158+0000] {dagbag.py:587} INFO - Filling up the DagBag from /home/airflow/.local/lib/python3.12/site-packages/airflow/example_dags/example_dynamic_task_mapping_with_no_taskflow_operators.py
[2024-08-25T00:26:19.319+0000] {processor.py:925} INFO - DAG(s) 'example_dynamic_task_mapping_with_no_taskflow_operators' retrieved from /home/airflow/.local/lib/python3.12/site-packages/airflow/example_dags/example_dynamic_task_mapping_with_no_taskflow_operators.py
[2024-08-25T00:26:19.524+0000] {logging_mixin.py:190} INFO - [2024-08-25T00:26:19.517+0000] {dag.py:3211} INFO - Sync 1 DAGs
[2024-08-25T00:26:19.818+0000] {logging_mixin.py:190} INFO - [2024-08-25T00:26:19.817+0000] {dag.py:4138} INFO - Setting next_dagrun for example_dynamic_task_mapping_with_no_taskflow_operators to 2024-08-24 00:00:00+00:00, run_after=2024-08-25 00:00:00+00:00
[2024-08-25T00:26:20.017+0000] {processor.py:208} INFO - Processing /home/airflow/.local/lib/python3.12/site-packages/airflow/example_dags/example_dynamic_task_mapping_with_no_taskflow_operators.py took 1.015 seconds
[2024-08-25T00:27:20.595+0000] {processor.py:186} INFO - Started process (PID=152) to work on /home/airflow/.local/lib/python3.12/site-packages/airflow/example_dags/example_dynamic_task_mapping_with_no_taskflow_operators.py
[2024-08-25T00:27:20.602+0000] {processor.py:914} INFO - Processing file /home/airflow/.local/lib/python3.12/site-packages/airflow/example_dags/example_dynamic_task_mapping_with_no_taskflow_operators.py for tasks to queue
[2024-08-25T00:27:20.625+0000] {logging_mixin.py:190} INFO - [2024-08-25T00:27:20.624+0000] {dagbag.py:587} INFO - Filling up the DagBag from /home/airflow/.local/lib/python3.12/site-packages/airflow/example_dags/example_dynamic_task_mapping_with_no_taskflow_operators.py
[2024-08-25T00:27:20.707+0000] {processor.py:925} INFO - DAG(s) 'example_dynamic_task_mapping_with_no_taskflow_operators' retrieved from /home/airflow/.local/lib/python3.12/site-packages/airflow/example_dags/example_dynamic_task_mapping_with_no_taskflow_operators.py
[2024-08-25T00:27:20.842+0000] {logging_mixin.py:190} INFO - [2024-08-25T00:27:20.840+0000] {dag.py:3211} INFO - Sync 1 DAGs
[2024-08-25T00:27:20.980+0000] {logging_mixin.py:190} INFO - [2024-08-25T00:27:20.979+0000] {dag.py:4138} INFO - Setting next_dagrun for example_dynamic_task_mapping_with_no_taskflow_operators to 2024-08-24 00:00:00+00:00, run_after=2024-08-25 00:00:00+00:00
[2024-08-25T00:27:21.094+0000] {processor.py:208} INFO - Processing /home/airflow/.local/lib/python3.12/site-packages/airflow/example_dags/example_dynamic_task_mapping_with_no_taskflow_operators.py took 0.531 seconds
[2024-08-25T00:28:07.550+0000] {processor.py:186} INFO - Started process (PID=212) to work on /home/airflow/.local/lib/python3.12/site-packages/airflow/example_dags/example_dynamic_task_mapping_with_no_taskflow_operators.py
[2024-08-25T00:28:07.567+0000] {processor.py:914} INFO - Processing file /home/airflow/.local/lib/python3.12/site-packages/airflow/example_dags/example_dynamic_task_mapping_with_no_taskflow_operators.py for tasks to queue
[2024-08-25T00:28:07.599+0000] {logging_mixin.py:190} INFO - [2024-08-25T00:28:07.598+0000] {dagbag.py:587} INFO - Filling up the DagBag from /home/airflow/.local/lib/python3.12/site-packages/airflow/example_dags/example_dynamic_task_mapping_with_no_taskflow_operators.py
[2024-08-25T00:28:07.682+0000] {processor.py:925} INFO - DAG(s) 'example_dynamic_task_mapping_with_no_taskflow_operators' retrieved from /home/airflow/.local/lib/python3.12/site-packages/airflow/example_dags/example_dynamic_task_mapping_with_no_taskflow_operators.py
[2024-08-25T00:28:07.991+0000] {logging_mixin.py:190} INFO - [2024-08-25T00:28:07.988+0000] {dag.py:3211} INFO - Sync 1 DAGs
[2024-08-25T00:28:08.186+0000] {logging_mixin.py:190} INFO - [2024-08-25T00:28:08.185+0000] {dag.py:4138} INFO - Setting next_dagrun for example_dynamic_task_mapping_with_no_taskflow_operators to 2024-08-24 00:00:00+00:00, run_after=2024-08-25 00:00:00+00:00
[2024-08-25T00:28:08.380+0000] {processor.py:208} INFO - Processing /home/airflow/.local/lib/python3.12/site-packages/airflow/example_dags/example_dynamic_task_mapping_with_no_taskflow_operators.py took 0.875 seconds
[2024-08-25T00:28:46.850+0000] {processor.py:186} INFO - Started process (PID=275) to work on /home/airflow/.local/lib/python3.12/site-packages/airflow/example_dags/example_dynamic_task_mapping_with_no_taskflow_operators.py
[2024-08-25T00:28:46.853+0000] {processor.py:914} INFO - Processing file /home/airflow/.local/lib/python3.12/site-packages/airflow/example_dags/example_dynamic_task_mapping_with_no_taskflow_operators.py for tasks to queue
[2024-08-25T00:28:46.864+0000] {logging_mixin.py:190} INFO - [2024-08-25T00:28:46.863+0000] {dagbag.py:587} INFO - Filling up the DagBag from /home/airflow/.local/lib/python3.12/site-packages/airflow/example_dags/example_dynamic_task_mapping_with_no_taskflow_operators.py
[2024-08-25T00:28:46.902+0000] {processor.py:925} INFO - DAG(s) 'example_dynamic_task_mapping_with_no_taskflow_operators' retrieved from /home/airflow/.local/lib/python3.12/site-packages/airflow/example_dags/example_dynamic_task_mapping_with_no_taskflow_operators.py
[2024-08-25T00:28:47.022+0000] {logging_mixin.py:190} INFO - [2024-08-25T00:28:47.020+0000] {dag.py:3211} INFO - Sync 1 DAGs
[2024-08-25T00:28:47.181+0000] {logging_mixin.py:190} INFO - [2024-08-25T00:28:47.180+0000] {dag.py:4138} INFO - Setting next_dagrun for example_dynamic_task_mapping_with_no_taskflow_operators to 2024-08-24 00:00:00+00:00, run_after=2024-08-25 00:00:00+00:00
[2024-08-25T00:28:47.319+0000] {processor.py:208} INFO - Processing /home/airflow/.local/lib/python3.12/site-packages/airflow/example_dags/example_dynamic_task_mapping_with_no_taskflow_operators.py took 0.515 seconds
[2024-08-25T00:29:19.685+0000] {processor.py:186} INFO - Started process (PID=338) to work on /home/airflow/.local/lib/python3.12/site-packages/airflow/example_dags/example_dynamic_task_mapping_with_no_taskflow_operators.py
[2024-08-25T00:29:19.688+0000] {processor.py:914} INFO - Processing file /home/airflow/.local/lib/python3.12/site-packages/airflow/example_dags/example_dynamic_task_mapping_with_no_taskflow_operators.py for tasks to queue
[2024-08-25T00:29:19.703+0000] {logging_mixin.py:190} INFO - [2024-08-25T00:29:19.702+0000] {dagbag.py:587} INFO - Filling up the DagBag from /home/airflow/.local/lib/python3.12/site-packages/airflow/example_dags/example_dynamic_task_mapping_with_no_taskflow_operators.py
[2024-08-25T00:29:19.738+0000] {processor.py:925} INFO - DAG(s) 'example_dynamic_task_mapping_with_no_taskflow_operators' retrieved from /home/airflow/.local/lib/python3.12/site-packages/airflow/example_dags/example_dynamic_task_mapping_with_no_taskflow_operators.py
[2024-08-25T00:29:19.844+0000] {logging_mixin.py:190} INFO - [2024-08-25T00:29:19.843+0000] {dag.py:3211} INFO - Sync 1 DAGs
[2024-08-25T00:29:20.000+0000] {logging_mixin.py:190} INFO - [2024-08-25T00:29:19.998+0000] {dag.py:4138} INFO - Setting next_dagrun for example_dynamic_task_mapping_with_no_taskflow_operators to 2024-08-24 00:00:00+00:00, run_after=2024-08-25 00:00:00+00:00
[2024-08-25T00:29:20.112+0000] {processor.py:208} INFO - Processing /home/airflow/.local/lib/python3.12/site-packages/airflow/example_dags/example_dynamic_task_mapping_with_no_taskflow_operators.py took 0.456 seconds
[2024-08-25T00:29:50.775+0000] {processor.py:186} INFO - Started process (PID=400) to work on /home/airflow/.local/lib/python3.12/site-packages/airflow/example_dags/example_dynamic_task_mapping_with_no_taskflow_operators.py
[2024-08-25T00:29:50.790+0000] {processor.py:914} INFO - Processing file /home/airflow/.local/lib/python3.12/site-packages/airflow/example_dags/example_dynamic_task_mapping_with_no_taskflow_operators.py for tasks to queue
[2024-08-25T00:29:50.814+0000] {logging_mixin.py:190} INFO - [2024-08-25T00:29:50.813+0000] {dagbag.py:587} INFO - Filling up the DagBag from /home/airflow/.local/lib/python3.12/site-packages/airflow/example_dags/example_dynamic_task_mapping_with_no_taskflow_operators.py
[2024-08-25T00:29:50.877+0000] {processor.py:925} INFO - DAG(s) 'example_dynamic_task_mapping_with_no_taskflow_operators' retrieved from /home/airflow/.local/lib/python3.12/site-packages/airflow/example_dags/example_dynamic_task_mapping_with_no_taskflow_operators.py
[2024-08-25T00:29:51.024+0000] {logging_mixin.py:190} INFO - [2024-08-25T00:29:51.018+0000] {dag.py:3211} INFO - Sync 1 DAGs
[2024-08-25T00:29:51.209+0000] {logging_mixin.py:190} INFO - [2024-08-25T00:29:51.208+0000] {dag.py:4138} INFO - Setting next_dagrun for example_dynamic_task_mapping_with_no_taskflow_operators to 2024-08-24 00:00:00+00:00, run_after=2024-08-25 00:00:00+00:00
[2024-08-25T00:29:51.313+0000] {processor.py:208} INFO - Processing /home/airflow/.local/lib/python3.12/site-packages/airflow/example_dags/example_dynamic_task_mapping_with_no_taskflow_operators.py took 0.620 seconds
[2024-08-25T00:30:25.877+0000] {processor.py:186} INFO - Started process (PID=456) to work on /home/airflow/.local/lib/python3.12/site-packages/airflow/example_dags/example_dynamic_task_mapping_with_no_taskflow_operators.py
[2024-08-25T00:30:25.893+0000] {processor.py:914} INFO - Processing file /home/airflow/.local/lib/python3.12/site-packages/airflow/example_dags/example_dynamic_task_mapping_with_no_taskflow_operators.py for tasks to queue
[2024-08-25T00:30:25.912+0000] {logging_mixin.py:190} INFO - [2024-08-25T00:30:25.911+0000] {dagbag.py:587} INFO - Filling up the DagBag from /home/airflow/.local/lib/python3.12/site-packages/airflow/example_dags/example_dynamic_task_mapping_with_no_taskflow_operators.py
[2024-08-25T00:30:25.953+0000] {processor.py:925} INFO - DAG(s) 'example_dynamic_task_mapping_with_no_taskflow_operators' retrieved from /home/airflow/.local/lib/python3.12/site-packages/airflow/example_dags/example_dynamic_task_mapping_with_no_taskflow_operators.py
[2024-08-25T00:30:26.089+0000] {logging_mixin.py:190} INFO - [2024-08-25T00:30:26.088+0000] {dag.py:3211} INFO - Sync 1 DAGs
[2024-08-25T00:30:26.273+0000] {logging_mixin.py:190} INFO - [2024-08-25T00:30:26.273+0000] {dag.py:4138} INFO - Setting next_dagrun for example_dynamic_task_mapping_with_no_taskflow_operators to 2024-08-24 00:00:00+00:00, run_after=2024-08-25 00:00:00+00:00
[2024-08-25T00:30:26.387+0000] {processor.py:208} INFO - Processing /home/airflow/.local/lib/python3.12/site-packages/airflow/example_dags/example_dynamic_task_mapping_with_no_taskflow_operators.py took 0.556 seconds
[2024-08-25T00:30:57.247+0000] {processor.py:186} INFO - Started process (PID=520) to work on /home/airflow/.local/lib/python3.12/site-packages/airflow/example_dags/example_dynamic_task_mapping_with_no_taskflow_operators.py
[2024-08-25T00:30:57.250+0000] {processor.py:914} INFO - Processing file /home/airflow/.local/lib/python3.12/site-packages/airflow/example_dags/example_dynamic_task_mapping_with_no_taskflow_operators.py for tasks to queue
[2024-08-25T00:30:57.260+0000] {logging_mixin.py:190} INFO - [2024-08-25T00:30:57.257+0000] {dagbag.py:587} INFO - Filling up the DagBag from /home/airflow/.local/lib/python3.12/site-packages/airflow/example_dags/example_dynamic_task_mapping_with_no_taskflow_operators.py
[2024-08-25T00:30:57.293+0000] {processor.py:925} INFO - DAG(s) 'example_dynamic_task_mapping_with_no_taskflow_operators' retrieved from /home/airflow/.local/lib/python3.12/site-packages/airflow/example_dags/example_dynamic_task_mapping_with_no_taskflow_operators.py
[2024-08-25T00:30:57.378+0000] {logging_mixin.py:190} INFO - [2024-08-25T00:30:57.375+0000] {dag.py:3211} INFO - Sync 1 DAGs
[2024-08-25T00:30:57.487+0000] {logging_mixin.py:190} INFO - [2024-08-25T00:30:57.486+0000] {dag.py:4138} INFO - Setting next_dagrun for example_dynamic_task_mapping_with_no_taskflow_operators to 2024-08-24 00:00:00+00:00, run_after=2024-08-25 00:00:00+00:00
[2024-08-25T00:30:57.551+0000] {processor.py:208} INFO - Processing /home/airflow/.local/lib/python3.12/site-packages/airflow/example_dags/example_dynamic_task_mapping_with_no_taskflow_operators.py took 0.366 seconds
[2024-08-25T00:31:35.561+0000] {processor.py:186} INFO - Started process (PID=586) to work on /home/airflow/.local/lib/python3.12/site-packages/airflow/example_dags/example_dynamic_task_mapping_with_no_taskflow_operators.py
[2024-08-25T00:31:35.571+0000] {processor.py:914} INFO - Processing file /home/airflow/.local/lib/python3.12/site-packages/airflow/example_dags/example_dynamic_task_mapping_with_no_taskflow_operators.py for tasks to queue
[2024-08-25T00:31:35.581+0000] {logging_mixin.py:190} INFO - [2024-08-25T00:31:35.580+0000] {dagbag.py:587} INFO - Filling up the DagBag from /home/airflow/.local/lib/python3.12/site-packages/airflow/example_dags/example_dynamic_task_mapping_with_no_taskflow_operators.py
[2024-08-25T00:31:35.657+0000] {processor.py:925} INFO - DAG(s) 'example_dynamic_task_mapping_with_no_taskflow_operators' retrieved from /home/airflow/.local/lib/python3.12/site-packages/airflow/example_dags/example_dynamic_task_mapping_with_no_taskflow_operators.py
[2024-08-25T00:31:35.842+0000] {logging_mixin.py:190} INFO - [2024-08-25T00:31:35.841+0000] {dag.py:3211} INFO - Sync 1 DAGs
[2024-08-25T00:31:36.240+0000] {logging_mixin.py:190} INFO - [2024-08-25T00:31:36.240+0000] {dag.py:4138} INFO - Setting next_dagrun for example_dynamic_task_mapping_with_no_taskflow_operators to 2024-08-24 00:00:00+00:00, run_after=2024-08-25 00:00:00+00:00
[2024-08-25T00:31:36.588+0000] {processor.py:208} INFO - Processing /home/airflow/.local/lib/python3.12/site-packages/airflow/example_dags/example_dynamic_task_mapping_with_no_taskflow_operators.py took 1.078 seconds
[2024-08-25T00:32:10.727+0000] {processor.py:186} INFO - Started process (PID=633) to work on /home/airflow/.local/lib/python3.12/site-packages/airflow/example_dags/example_dynamic_task_mapping_with_no_taskflow_operators.py
[2024-08-25T00:32:10.731+0000] {processor.py:914} INFO - Processing file /home/airflow/.local/lib/python3.12/site-packages/airflow/example_dags/example_dynamic_task_mapping_with_no_taskflow_operators.py for tasks to queue
[2024-08-25T00:32:10.745+0000] {logging_mixin.py:190} INFO - [2024-08-25T00:32:10.743+0000] {dagbag.py:587} INFO - Filling up the DagBag from /home/airflow/.local/lib/python3.12/site-packages/airflow/example_dags/example_dynamic_task_mapping_with_no_taskflow_operators.py
[2024-08-25T00:32:10.808+0000] {processor.py:925} INFO - DAG(s) 'example_dynamic_task_mapping_with_no_taskflow_operators' retrieved from /home/airflow/.local/lib/python3.12/site-packages/airflow/example_dags/example_dynamic_task_mapping_with_no_taskflow_operators.py
[2024-08-25T00:32:10.929+0000] {logging_mixin.py:190} INFO - [2024-08-25T00:32:10.926+0000] {dag.py:3211} INFO - Sync 1 DAGs
[2024-08-25T00:32:11.110+0000] {logging_mixin.py:190} INFO - [2024-08-25T00:32:11.109+0000] {dag.py:4138} INFO - Setting next_dagrun for example_dynamic_task_mapping_with_no_taskflow_operators to 2024-08-24 00:00:00+00:00, run_after=2024-08-25 00:00:00+00:00
[2024-08-25T00:32:11.181+0000] {processor.py:208} INFO - Processing /home/airflow/.local/lib/python3.12/site-packages/airflow/example_dags/example_dynamic_task_mapping_with_no_taskflow_operators.py took 0.518 seconds
[2024-08-25T00:32:46.066+0000] {processor.py:186} INFO - Started process (PID=697) to work on /home/airflow/.local/lib/python3.12/site-packages/airflow/example_dags/example_dynamic_task_mapping_with_no_taskflow_operators.py
[2024-08-25T00:32:46.070+0000] {processor.py:914} INFO - Processing file /home/airflow/.local/lib/python3.12/site-packages/airflow/example_dags/example_dynamic_task_mapping_with_no_taskflow_operators.py for tasks to queue
[2024-08-25T00:32:46.078+0000] {logging_mixin.py:190} INFO - [2024-08-25T00:32:46.077+0000] {dagbag.py:587} INFO - Filling up the DagBag from /home/airflow/.local/lib/python3.12/site-packages/airflow/example_dags/example_dynamic_task_mapping_with_no_taskflow_operators.py
[2024-08-25T00:32:46.202+0000] {processor.py:925} INFO - DAG(s) 'example_dynamic_task_mapping_with_no_taskflow_operators' retrieved from /home/airflow/.local/lib/python3.12/site-packages/airflow/example_dags/example_dynamic_task_mapping_with_no_taskflow_operators.py
[2024-08-25T00:32:46.325+0000] {logging_mixin.py:190} INFO - [2024-08-25T00:32:46.322+0000] {dag.py:3211} INFO - Sync 1 DAGs
[2024-08-25T00:32:46.552+0000] {logging_mixin.py:190} INFO - [2024-08-25T00:32:46.542+0000] {dag.py:4138} INFO - Setting next_dagrun for example_dynamic_task_mapping_with_no_taskflow_operators to 2024-08-24 00:00:00+00:00, run_after=2024-08-25 00:00:00+00:00
[2024-08-25T00:32:46.874+0000] {processor.py:208} INFO - Processing /home/airflow/.local/lib/python3.12/site-packages/airflow/example_dags/example_dynamic_task_mapping_with_no_taskflow_operators.py took 0.828 seconds
[2024-08-25T00:33:24.206+0000] {processor.py:186} INFO - Started process (PID=743) to work on /home/airflow/.local/lib/python3.12/site-packages/airflow/example_dags/example_dynamic_task_mapping_with_no_taskflow_operators.py
[2024-08-25T00:33:24.259+0000] {processor.py:914} INFO - Processing file /home/airflow/.local/lib/python3.12/site-packages/airflow/example_dags/example_dynamic_task_mapping_with_no_taskflow_operators.py for tasks to queue
[2024-08-25T00:33:24.328+0000] {logging_mixin.py:190} INFO - [2024-08-25T00:33:24.327+0000] {dagbag.py:587} INFO - Filling up the DagBag from /home/airflow/.local/lib/python3.12/site-packages/airflow/example_dags/example_dynamic_task_mapping_with_no_taskflow_operators.py
[2024-08-25T00:33:24.411+0000] {processor.py:925} INFO - DAG(s) 'example_dynamic_task_mapping_with_no_taskflow_operators' retrieved from /home/airflow/.local/lib/python3.12/site-packages/airflow/example_dags/example_dynamic_task_mapping_with_no_taskflow_operators.py
[2024-08-25T00:33:24.718+0000] {logging_mixin.py:190} INFO - [2024-08-25T00:33:24.716+0000] {dag.py:3211} INFO - Sync 1 DAGs
[2024-08-25T00:33:25.067+0000] {logging_mixin.py:190} INFO - [2024-08-25T00:33:25.066+0000] {dag.py:4138} INFO - Setting next_dagrun for example_dynamic_task_mapping_with_no_taskflow_operators to 2024-08-24 00:00:00+00:00, run_after=2024-08-25 00:00:00+00:00
[2024-08-25T00:33:25.348+0000] {processor.py:208} INFO - Processing /home/airflow/.local/lib/python3.12/site-packages/airflow/example_dags/example_dynamic_task_mapping_with_no_taskflow_operators.py took 1.198 seconds
[2024-08-25T00:34:14.591+0000] {processor.py:186} INFO - Started process (PID=812) to work on /home/airflow/.local/lib/python3.12/site-packages/airflow/example_dags/example_dynamic_task_mapping_with_no_taskflow_operators.py
[2024-08-25T00:34:14.608+0000] {processor.py:914} INFO - Processing file /home/airflow/.local/lib/python3.12/site-packages/airflow/example_dags/example_dynamic_task_mapping_with_no_taskflow_operators.py for tasks to queue
[2024-08-25T00:34:14.657+0000] {logging_mixin.py:190} INFO - [2024-08-25T00:34:14.656+0000] {dagbag.py:587} INFO - Filling up the DagBag from /home/airflow/.local/lib/python3.12/site-packages/airflow/example_dags/example_dynamic_task_mapping_with_no_taskflow_operators.py
[2024-08-25T00:34:14.739+0000] {processor.py:925} INFO - DAG(s) 'example_dynamic_task_mapping_with_no_taskflow_operators' retrieved from /home/airflow/.local/lib/python3.12/site-packages/airflow/example_dags/example_dynamic_task_mapping_with_no_taskflow_operators.py
[2024-08-25T00:34:14.960+0000] {logging_mixin.py:190} INFO - [2024-08-25T00:34:14.957+0000] {dag.py:3211} INFO - Sync 1 DAGs
[2024-08-25T00:34:15.189+0000] {logging_mixin.py:190} INFO - [2024-08-25T00:34:15.188+0000] {dag.py:4138} INFO - Setting next_dagrun for example_dynamic_task_mapping_with_no_taskflow_operators to 2024-08-24 00:00:00+00:00, run_after=2024-08-25 00:00:00+00:00
[2024-08-25T00:34:15.325+0000] {processor.py:208} INFO - Processing /home/airflow/.local/lib/python3.12/site-packages/airflow/example_dags/example_dynamic_task_mapping_with_no_taskflow_operators.py took 0.788 seconds
[2024-08-25T00:34:48.763+0000] {processor.py:186} INFO - Started process (PID=873) to work on /home/airflow/.local/lib/python3.12/site-packages/airflow/example_dags/example_dynamic_task_mapping_with_no_taskflow_operators.py
[2024-08-25T00:34:48.766+0000] {processor.py:914} INFO - Processing file /home/airflow/.local/lib/python3.12/site-packages/airflow/example_dags/example_dynamic_task_mapping_with_no_taskflow_operators.py for tasks to queue
[2024-08-25T00:34:48.779+0000] {logging_mixin.py:190} INFO - [2024-08-25T00:34:48.778+0000] {dagbag.py:587} INFO - Filling up the DagBag from /home/airflow/.local/lib/python3.12/site-packages/airflow/example_dags/example_dynamic_task_mapping_with_no_taskflow_operators.py
[2024-08-25T00:34:48.848+0000] {processor.py:925} INFO - DAG(s) 'example_dynamic_task_mapping_with_no_taskflow_operators' retrieved from /home/airflow/.local/lib/python3.12/site-packages/airflow/example_dags/example_dynamic_task_mapping_with_no_taskflow_operators.py
[2024-08-25T00:34:48.990+0000] {logging_mixin.py:190} INFO - [2024-08-25T00:34:48.988+0000] {dag.py:3211} INFO - Sync 1 DAGs
[2024-08-25T00:34:49.135+0000] {logging_mixin.py:190} INFO - [2024-08-25T00:34:49.134+0000] {dag.py:4138} INFO - Setting next_dagrun for example_dynamic_task_mapping_with_no_taskflow_operators to 2024-08-24 00:00:00+00:00, run_after=2024-08-25 00:00:00+00:00
[2024-08-25T00:34:49.275+0000] {processor.py:208} INFO - Processing /home/airflow/.local/lib/python3.12/site-packages/airflow/example_dags/example_dynamic_task_mapping_with_no_taskflow_operators.py took 0.560 seconds
[2024-08-25T00:35:19.488+0000] {processor.py:186} INFO - Started process (PID=935) to work on /home/airflow/.local/lib/python3.12/site-packages/airflow/example_dags/example_dynamic_task_mapping_with_no_taskflow_operators.py
[2024-08-25T00:35:19.491+0000] {processor.py:914} INFO - Processing file /home/airflow/.local/lib/python3.12/site-packages/airflow/example_dags/example_dynamic_task_mapping_with_no_taskflow_operators.py for tasks to queue
[2024-08-25T00:35:19.499+0000] {logging_mixin.py:190} INFO - [2024-08-25T00:35:19.498+0000] {dagbag.py:587} INFO - Filling up the DagBag from /home/airflow/.local/lib/python3.12/site-packages/airflow/example_dags/example_dynamic_task_mapping_with_no_taskflow_operators.py
[2024-08-25T00:35:19.531+0000] {processor.py:925} INFO - DAG(s) 'example_dynamic_task_mapping_with_no_taskflow_operators' retrieved from /home/airflow/.local/lib/python3.12/site-packages/airflow/example_dags/example_dynamic_task_mapping_with_no_taskflow_operators.py
[2024-08-25T00:35:19.583+0000] {logging_mixin.py:190} INFO - [2024-08-25T00:35:19.582+0000] {dag.py:3211} INFO - Sync 1 DAGs
[2024-08-25T00:35:19.660+0000] {logging_mixin.py:190} INFO - [2024-08-25T00:35:19.659+0000] {dag.py:4138} INFO - Setting next_dagrun for example_dynamic_task_mapping_with_no_taskflow_operators to 2024-08-24 00:00:00+00:00, run_after=2024-08-25 00:00:00+00:00
[2024-08-25T00:35:19.699+0000] {processor.py:208} INFO - Processing /home/airflow/.local/lib/python3.12/site-packages/airflow/example_dags/example_dynamic_task_mapping_with_no_taskflow_operators.py took 0.230 seconds
[2024-08-25T00:35:55.667+0000] {processor.py:186} INFO - Started process (PID=998) to work on /home/airflow/.local/lib/python3.12/site-packages/airflow/example_dags/example_dynamic_task_mapping_with_no_taskflow_operators.py
[2024-08-25T00:35:55.672+0000] {processor.py:914} INFO - Processing file /home/airflow/.local/lib/python3.12/site-packages/airflow/example_dags/example_dynamic_task_mapping_with_no_taskflow_operators.py for tasks to queue
[2024-08-25T00:35:55.678+0000] {logging_mixin.py:190} INFO - [2024-08-25T00:35:55.677+0000] {dagbag.py:587} INFO - Filling up the DagBag from /home/airflow/.local/lib/python3.12/site-packages/airflow/example_dags/example_dynamic_task_mapping_with_no_taskflow_operators.py
[2024-08-25T00:35:55.727+0000] {processor.py:925} INFO - DAG(s) 'example_dynamic_task_mapping_with_no_taskflow_operators' retrieved from /home/airflow/.local/lib/python3.12/site-packages/airflow/example_dags/example_dynamic_task_mapping_with_no_taskflow_operators.py
[2024-08-25T00:35:55.827+0000] {logging_mixin.py:190} INFO - [2024-08-25T00:35:55.826+0000] {dag.py:3211} INFO - Sync 1 DAGs
[2024-08-25T00:35:55.937+0000] {logging_mixin.py:190} INFO - [2024-08-25T00:35:55.936+0000] {dag.py:4138} INFO - Setting next_dagrun for example_dynamic_task_mapping_with_no_taskflow_operators to 2024-08-24 00:00:00+00:00, run_after=2024-08-25 00:00:00+00:00
[2024-08-25T00:35:56.029+0000] {processor.py:208} INFO - Processing /home/airflow/.local/lib/python3.12/site-packages/airflow/example_dags/example_dynamic_task_mapping_with_no_taskflow_operators.py took 0.383 seconds
[2024-08-25T00:36:28.386+0000] {processor.py:186} INFO - Started process (PID=1061) to work on /home/airflow/.local/lib/python3.12/site-packages/airflow/example_dags/example_dynamic_task_mapping_with_no_taskflow_operators.py
[2024-08-25T00:36:28.414+0000] {processor.py:914} INFO - Processing file /home/airflow/.local/lib/python3.12/site-packages/airflow/example_dags/example_dynamic_task_mapping_with_no_taskflow_operators.py for tasks to queue
[2024-08-25T00:36:28.443+0000] {logging_mixin.py:190} INFO - [2024-08-25T00:36:28.442+0000] {dagbag.py:587} INFO - Filling up the DagBag from /home/airflow/.local/lib/python3.12/site-packages/airflow/example_dags/example_dynamic_task_mapping_with_no_taskflow_operators.py
[2024-08-25T00:36:28.518+0000] {processor.py:925} INFO - DAG(s) 'example_dynamic_task_mapping_with_no_taskflow_operators' retrieved from /home/airflow/.local/lib/python3.12/site-packages/airflow/example_dags/example_dynamic_task_mapping_with_no_taskflow_operators.py
[2024-08-25T00:36:28.624+0000] {logging_mixin.py:190} INFO - [2024-08-25T00:36:28.622+0000] {dag.py:3211} INFO - Sync 1 DAGs
[2024-08-25T00:36:28.723+0000] {logging_mixin.py:190} INFO - [2024-08-25T00:36:28.723+0000] {dag.py:4138} INFO - Setting next_dagrun for example_dynamic_task_mapping_with_no_taskflow_operators to 2024-08-24 00:00:00+00:00, run_after=2024-08-25 00:00:00+00:00
[2024-08-25T00:36:28.806+0000] {processor.py:208} INFO - Processing /home/airflow/.local/lib/python3.12/site-packages/airflow/example_dags/example_dynamic_task_mapping_with_no_taskflow_operators.py took 0.479 seconds
[2024-08-25T00:36:59.599+0000] {processor.py:186} INFO - Started process (PID=1122) to work on /home/airflow/.local/lib/python3.12/site-packages/airflow/example_dags/example_dynamic_task_mapping_with_no_taskflow_operators.py
[2024-08-25T00:36:59.619+0000] {processor.py:914} INFO - Processing file /home/airflow/.local/lib/python3.12/site-packages/airflow/example_dags/example_dynamic_task_mapping_with_no_taskflow_operators.py for tasks to queue
[2024-08-25T00:36:59.630+0000] {logging_mixin.py:190} INFO - [2024-08-25T00:36:59.629+0000] {dagbag.py:587} INFO - Filling up the DagBag from /home/airflow/.local/lib/python3.12/site-packages/airflow/example_dags/example_dynamic_task_mapping_with_no_taskflow_operators.py
[2024-08-25T00:36:59.667+0000] {processor.py:925} INFO - DAG(s) 'example_dynamic_task_mapping_with_no_taskflow_operators' retrieved from /home/airflow/.local/lib/python3.12/site-packages/airflow/example_dags/example_dynamic_task_mapping_with_no_taskflow_operators.py
[2024-08-25T00:36:59.718+0000] {logging_mixin.py:190} INFO - [2024-08-25T00:36:59.717+0000] {dag.py:3211} INFO - Sync 1 DAGs
[2024-08-25T00:36:59.842+0000] {logging_mixin.py:190} INFO - [2024-08-25T00:36:59.841+0000] {dag.py:4138} INFO - Setting next_dagrun for example_dynamic_task_mapping_with_no_taskflow_operators to 2024-08-24 00:00:00+00:00, run_after=2024-08-25 00:00:00+00:00
[2024-08-25T00:36:59.933+0000] {processor.py:208} INFO - Processing /home/airflow/.local/lib/python3.12/site-packages/airflow/example_dags/example_dynamic_task_mapping_with_no_taskflow_operators.py took 0.368 seconds
[2024-08-25T00:37:30.201+0000] {processor.py:186} INFO - Started process (PID=1184) to work on /home/airflow/.local/lib/python3.12/site-packages/airflow/example_dags/example_dynamic_task_mapping_with_no_taskflow_operators.py
[2024-08-25T00:37:30.203+0000] {processor.py:914} INFO - Processing file /home/airflow/.local/lib/python3.12/site-packages/airflow/example_dags/example_dynamic_task_mapping_with_no_taskflow_operators.py for tasks to queue
[2024-08-25T00:37:30.208+0000] {logging_mixin.py:190} INFO - [2024-08-25T00:37:30.207+0000] {dagbag.py:587} INFO - Filling up the DagBag from /home/airflow/.local/lib/python3.12/site-packages/airflow/example_dags/example_dynamic_task_mapping_with_no_taskflow_operators.py
[2024-08-25T00:37:30.246+0000] {processor.py:925} INFO - DAG(s) 'example_dynamic_task_mapping_with_no_taskflow_operators' retrieved from /home/airflow/.local/lib/python3.12/site-packages/airflow/example_dags/example_dynamic_task_mapping_with_no_taskflow_operators.py
[2024-08-25T00:37:30.312+0000] {logging_mixin.py:190} INFO - [2024-08-25T00:37:30.309+0000] {dag.py:3211} INFO - Sync 1 DAGs
[2024-08-25T00:37:30.450+0000] {logging_mixin.py:190} INFO - [2024-08-25T00:37:30.449+0000] {dag.py:4138} INFO - Setting next_dagrun for example_dynamic_task_mapping_with_no_taskflow_operators to 2024-08-24 00:00:00+00:00, run_after=2024-08-25 00:00:00+00:00
[2024-08-25T00:37:30.529+0000] {processor.py:208} INFO - Processing /home/airflow/.local/lib/python3.12/site-packages/airflow/example_dags/example_dynamic_task_mapping_with_no_taskflow_operators.py took 0.352 seconds
[2024-08-25T00:38:01.157+0000] {processor.py:186} INFO - Started process (PID=1246) to work on /home/airflow/.local/lib/python3.12/site-packages/airflow/example_dags/example_dynamic_task_mapping_with_no_taskflow_operators.py
[2024-08-25T00:38:01.159+0000] {processor.py:914} INFO - Processing file /home/airflow/.local/lib/python3.12/site-packages/airflow/example_dags/example_dynamic_task_mapping_with_no_taskflow_operators.py for tasks to queue
[2024-08-25T00:38:01.163+0000] {logging_mixin.py:190} INFO - [2024-08-25T00:38:01.162+0000] {dagbag.py:587} INFO - Filling up the DagBag from /home/airflow/.local/lib/python3.12/site-packages/airflow/example_dags/example_dynamic_task_mapping_with_no_taskflow_operators.py
[2024-08-25T00:38:01.198+0000] {processor.py:925} INFO - DAG(s) 'example_dynamic_task_mapping_with_no_taskflow_operators' retrieved from /home/airflow/.local/lib/python3.12/site-packages/airflow/example_dags/example_dynamic_task_mapping_with_no_taskflow_operators.py
[2024-08-25T00:38:01.252+0000] {logging_mixin.py:190} INFO - [2024-08-25T00:38:01.251+0000] {dag.py:3211} INFO - Sync 1 DAGs
[2024-08-25T00:38:01.331+0000] {logging_mixin.py:190} INFO - [2024-08-25T00:38:01.331+0000] {dag.py:4138} INFO - Setting next_dagrun for example_dynamic_task_mapping_with_no_taskflow_operators to 2024-08-24 00:00:00+00:00, run_after=2024-08-25 00:00:00+00:00
[2024-08-25T00:38:01.385+0000] {processor.py:208} INFO - Processing /home/airflow/.local/lib/python3.12/site-packages/airflow/example_dags/example_dynamic_task_mapping_with_no_taskflow_operators.py took 0.247 seconds
[2024-08-25T00:38:33.907+0000] {processor.py:186} INFO - Started process (PID=1306) to work on /home/airflow/.local/lib/python3.12/site-packages/airflow/example_dags/example_dynamic_task_mapping_with_no_taskflow_operators.py
[2024-08-25T00:38:33.922+0000] {processor.py:914} INFO - Processing file /home/airflow/.local/lib/python3.12/site-packages/airflow/example_dags/example_dynamic_task_mapping_with_no_taskflow_operators.py for tasks to queue
[2024-08-25T00:38:33.956+0000] {logging_mixin.py:190} INFO - [2024-08-25T00:38:33.955+0000] {dagbag.py:587} INFO - Filling up the DagBag from /home/airflow/.local/lib/python3.12/site-packages/airflow/example_dags/example_dynamic_task_mapping_with_no_taskflow_operators.py
[2024-08-25T00:38:34.053+0000] {processor.py:925} INFO - DAG(s) 'example_dynamic_task_mapping_with_no_taskflow_operators' retrieved from /home/airflow/.local/lib/python3.12/site-packages/airflow/example_dags/example_dynamic_task_mapping_with_no_taskflow_operators.py
[2024-08-25T00:38:34.251+0000] {logging_mixin.py:190} INFO - [2024-08-25T00:38:34.249+0000] {dag.py:3211} INFO - Sync 1 DAGs
[2024-08-25T00:38:34.686+0000] {logging_mixin.py:190} INFO - [2024-08-25T00:38:34.676+0000] {dag.py:4138} INFO - Setting next_dagrun for example_dynamic_task_mapping_with_no_taskflow_operators to 2024-08-24 00:00:00+00:00, run_after=2024-08-25 00:00:00+00:00
[2024-08-25T00:38:34.852+0000] {processor.py:208} INFO - Processing /home/airflow/.local/lib/python3.12/site-packages/airflow/example_dags/example_dynamic_task_mapping_with_no_taskflow_operators.py took 1.023 seconds
[2024-08-25T00:39:05.714+0000] {processor.py:186} INFO - Started process (PID=1368) to work on /home/airflow/.local/lib/python3.12/site-packages/airflow/example_dags/example_dynamic_task_mapping_with_no_taskflow_operators.py
[2024-08-25T00:39:05.717+0000] {processor.py:914} INFO - Processing file /home/airflow/.local/lib/python3.12/site-packages/airflow/example_dags/example_dynamic_task_mapping_with_no_taskflow_operators.py for tasks to queue
[2024-08-25T00:39:05.722+0000] {logging_mixin.py:190} INFO - [2024-08-25T00:39:05.720+0000] {dagbag.py:587} INFO - Filling up the DagBag from /home/airflow/.local/lib/python3.12/site-packages/airflow/example_dags/example_dynamic_task_mapping_with_no_taskflow_operators.py
[2024-08-25T00:39:05.759+0000] {processor.py:925} INFO - DAG(s) 'example_dynamic_task_mapping_with_no_taskflow_operators' retrieved from /home/airflow/.local/lib/python3.12/site-packages/airflow/example_dags/example_dynamic_task_mapping_with_no_taskflow_operators.py
[2024-08-25T00:39:05.832+0000] {logging_mixin.py:190} INFO - [2024-08-25T00:39:05.831+0000] {dag.py:3211} INFO - Sync 1 DAGs
[2024-08-25T00:39:05.925+0000] {logging_mixin.py:190} INFO - [2024-08-25T00:39:05.923+0000] {dag.py:4138} INFO - Setting next_dagrun for example_dynamic_task_mapping_with_no_taskflow_operators to 2024-08-24 00:00:00+00:00, run_after=2024-08-25 00:00:00+00:00
[2024-08-25T00:39:06.017+0000] {processor.py:208} INFO - Processing /home/airflow/.local/lib/python3.12/site-packages/airflow/example_dags/example_dynamic_task_mapping_with_no_taskflow_operators.py took 0.327 seconds
[2024-08-25T00:39:36.168+0000] {processor.py:186} INFO - Started process (PID=1431) to work on /home/airflow/.local/lib/python3.12/site-packages/airflow/example_dags/example_dynamic_task_mapping_with_no_taskflow_operators.py
[2024-08-25T00:39:36.170+0000] {processor.py:914} INFO - Processing file /home/airflow/.local/lib/python3.12/site-packages/airflow/example_dags/example_dynamic_task_mapping_with_no_taskflow_operators.py for tasks to queue
[2024-08-25T00:39:36.173+0000] {logging_mixin.py:190} INFO - [2024-08-25T00:39:36.172+0000] {dagbag.py:587} INFO - Filling up the DagBag from /home/airflow/.local/lib/python3.12/site-packages/airflow/example_dags/example_dynamic_task_mapping_with_no_taskflow_operators.py
[2024-08-25T00:39:36.195+0000] {processor.py:925} INFO - DAG(s) 'example_dynamic_task_mapping_with_no_taskflow_operators' retrieved from /home/airflow/.local/lib/python3.12/site-packages/airflow/example_dags/example_dynamic_task_mapping_with_no_taskflow_operators.py
[2024-08-25T00:39:36.246+0000] {logging_mixin.py:190} INFO - [2024-08-25T00:39:36.245+0000] {dag.py:3211} INFO - Sync 1 DAGs
[2024-08-25T00:39:36.305+0000] {logging_mixin.py:190} INFO - [2024-08-25T00:39:36.305+0000] {dag.py:4138} INFO - Setting next_dagrun for example_dynamic_task_mapping_with_no_taskflow_operators to 2024-08-24 00:00:00+00:00, run_after=2024-08-25 00:00:00+00:00
[2024-08-25T00:39:36.343+0000] {processor.py:208} INFO - Processing /home/airflow/.local/lib/python3.12/site-packages/airflow/example_dags/example_dynamic_task_mapping_with_no_taskflow_operators.py took 0.188 seconds
[2024-08-25T00:40:06.911+0000] {processor.py:186} INFO - Started process (PID=1493) to work on /home/airflow/.local/lib/python3.12/site-packages/airflow/example_dags/example_dynamic_task_mapping_with_no_taskflow_operators.py
[2024-08-25T00:40:06.914+0000] {processor.py:914} INFO - Processing file /home/airflow/.local/lib/python3.12/site-packages/airflow/example_dags/example_dynamic_task_mapping_with_no_taskflow_operators.py for tasks to queue
[2024-08-25T00:40:06.925+0000] {logging_mixin.py:190} INFO - [2024-08-25T00:40:06.919+0000] {dagbag.py:587} INFO - Filling up the DagBag from /home/airflow/.local/lib/python3.12/site-packages/airflow/example_dags/example_dynamic_task_mapping_with_no_taskflow_operators.py
[2024-08-25T00:40:06.988+0000] {processor.py:925} INFO - DAG(s) 'example_dynamic_task_mapping_with_no_taskflow_operators' retrieved from /home/airflow/.local/lib/python3.12/site-packages/airflow/example_dags/example_dynamic_task_mapping_with_no_taskflow_operators.py
[2024-08-25T00:40:07.102+0000] {logging_mixin.py:190} INFO - [2024-08-25T00:40:07.100+0000] {dag.py:3211} INFO - Sync 1 DAGs
[2024-08-25T00:40:07.330+0000] {logging_mixin.py:190} INFO - [2024-08-25T00:40:07.330+0000] {dag.py:4138} INFO - Setting next_dagrun for example_dynamic_task_mapping_with_no_taskflow_operators to 2024-08-24 00:00:00+00:00, run_after=2024-08-25 00:00:00+00:00
[2024-08-25T00:40:07.468+0000] {processor.py:208} INFO - Processing /home/airflow/.local/lib/python3.12/site-packages/airflow/example_dags/example_dynamic_task_mapping_with_no_taskflow_operators.py took 0.594 seconds
