[2024-08-25T00:00:30.317+0000] {processor.py:186} INFO - Started process (PID=38567) to work on /home/airflow/.local/lib/python3.12/site-packages/airflow/example_dags/example_bash_operator.py
[2024-08-25T00:00:30.326+0000] {processor.py:914} INFO - Processing file /home/airflow/.local/lib/python3.12/site-packages/airflow/example_dags/example_bash_operator.py for tasks to queue
[2024-08-25T00:00:30.347+0000] {logging_mixin.py:190} INFO - [2024-08-25T00:00:30.337+0000] {dagbag.py:587} INFO - Filling up the DagBag from /home/airflow/.local/lib/python3.12/site-packages/airflow/example_dags/example_bash_operator.py
[2024-08-25T00:00:30.415+0000] {processor.py:925} INFO - DAG(s) 'example_bash_operator' retrieved from /home/airflow/.local/lib/python3.12/site-packages/airflow/example_dags/example_bash_operator.py
[2024-08-25T00:00:30.511+0000] {logging_mixin.py:190} INFO - [2024-08-25T00:00:30.510+0000] {dag.py:3211} INFO - Sync 1 DAGs
[2024-08-25T00:00:30.590+0000] {logging_mixin.py:190} INFO - [2024-08-25T00:00:30.590+0000] {dag.py:4138} INFO - Setting next_dagrun for example_bash_operator to 2024-08-24 00:00:00+00:00, run_after=2024-08-25 00:00:00+00:00
[2024-08-25T00:00:30.632+0000] {processor.py:208} INFO - Processing /home/airflow/.local/lib/python3.12/site-packages/airflow/example_dags/example_bash_operator.py took 0.366 seconds
[2024-08-25T00:05:49.434+0000] {processor.py:186} INFO - Started process (PID=84) to work on /home/airflow/.local/lib/python3.12/site-packages/airflow/example_dags/example_bash_operator.py
[2024-08-25T00:05:49.436+0000] {processor.py:914} INFO - Processing file /home/airflow/.local/lib/python3.12/site-packages/airflow/example_dags/example_bash_operator.py for tasks to queue
[2024-08-25T00:05:49.450+0000] {logging_mixin.py:190} INFO - [2024-08-25T00:05:49.449+0000] {dagbag.py:587} INFO - Filling up the DagBag from /home/airflow/.local/lib/python3.12/site-packages/airflow/example_dags/example_bash_operator.py
[2024-08-25T00:05:49.548+0000] {processor.py:925} INFO - DAG(s) 'example_bash_operator' retrieved from /home/airflow/.local/lib/python3.12/site-packages/airflow/example_dags/example_bash_operator.py
[2024-08-25T00:05:49.747+0000] {logging_mixin.py:190} INFO - [2024-08-25T00:05:49.746+0000] {dag.py:3211} INFO - Sync 1 DAGs
[2024-08-25T00:05:49.994+0000] {logging_mixin.py:190} INFO - [2024-08-25T00:05:49.993+0000] {dag.py:4138} INFO - Setting next_dagrun for example_bash_operator to 2024-08-24 00:00:00+00:00, run_after=2024-08-25 00:00:00+00:00
[2024-08-25T00:05:50.194+0000] {processor.py:208} INFO - Processing /home/airflow/.local/lib/python3.12/site-packages/airflow/example_dags/example_bash_operator.py took 0.787 seconds
[2024-08-25T00:06:22.769+0000] {processor.py:186} INFO - Started process (PID=147) to work on /home/airflow/.local/lib/python3.12/site-packages/airflow/example_dags/example_bash_operator.py
[2024-08-25T00:06:22.798+0000] {processor.py:914} INFO - Processing file /home/airflow/.local/lib/python3.12/site-packages/airflow/example_dags/example_bash_operator.py for tasks to queue
[2024-08-25T00:06:22.895+0000] {logging_mixin.py:190} INFO - [2024-08-25T00:06:22.881+0000] {dagbag.py:587} INFO - Filling up the DagBag from /home/airflow/.local/lib/python3.12/site-packages/airflow/example_dags/example_bash_operator.py
[2024-08-25T00:06:23.089+0000] {processor.py:925} INFO - DAG(s) 'example_bash_operator' retrieved from /home/airflow/.local/lib/python3.12/site-packages/airflow/example_dags/example_bash_operator.py
[2024-08-25T00:06:23.358+0000] {logging_mixin.py:190} INFO - [2024-08-25T00:06:23.357+0000] {dag.py:3211} INFO - Sync 1 DAGs
[2024-08-25T00:06:23.680+0000] {logging_mixin.py:190} INFO - [2024-08-25T00:06:23.679+0000] {dag.py:4138} INFO - Setting next_dagrun for example_bash_operator to 2024-08-24 00:00:00+00:00, run_after=2024-08-25 00:00:00+00:00
[2024-08-25T00:06:24.113+0000] {processor.py:208} INFO - Processing /home/airflow/.local/lib/python3.12/site-packages/airflow/example_dags/example_bash_operator.py took 1.427 seconds
[2024-08-25T00:07:16.170+0000] {processor.py:186} INFO - Started process (PID=215) to work on /home/airflow/.local/lib/python3.12/site-packages/airflow/example_dags/example_bash_operator.py
[2024-08-25T00:07:16.178+0000] {processor.py:914} INFO - Processing file /home/airflow/.local/lib/python3.12/site-packages/airflow/example_dags/example_bash_operator.py for tasks to queue
[2024-08-25T00:07:16.240+0000] {logging_mixin.py:190} INFO - [2024-08-25T00:07:16.240+0000] {dagbag.py:587} INFO - Filling up the DagBag from /home/airflow/.local/lib/python3.12/site-packages/airflow/example_dags/example_bash_operator.py
[2024-08-25T00:07:16.507+0000] {processor.py:925} INFO - DAG(s) 'example_bash_operator' retrieved from /home/airflow/.local/lib/python3.12/site-packages/airflow/example_dags/example_bash_operator.py
[2024-08-25T00:07:16.988+0000] {logging_mixin.py:190} INFO - [2024-08-25T00:07:16.988+0000] {dag.py:3211} INFO - Sync 1 DAGs
[2024-08-25T00:07:17.287+0000] {logging_mixin.py:190} INFO - [2024-08-25T00:07:17.285+0000] {dag.py:4138} INFO - Setting next_dagrun for example_bash_operator to 2024-08-24 00:00:00+00:00, run_after=2024-08-25 00:00:00+00:00
[2024-08-25T00:07:17.423+0000] {processor.py:208} INFO - Processing /home/airflow/.local/lib/python3.12/site-packages/airflow/example_dags/example_bash_operator.py took 1.344 seconds
[2024-08-25T00:07:49.437+0000] {processor.py:186} INFO - Started process (PID=277) to work on /home/airflow/.local/lib/python3.12/site-packages/airflow/example_dags/example_bash_operator.py
[2024-08-25T00:07:49.453+0000] {processor.py:914} INFO - Processing file /home/airflow/.local/lib/python3.12/site-packages/airflow/example_dags/example_bash_operator.py for tasks to queue
[2024-08-25T00:07:49.467+0000] {logging_mixin.py:190} INFO - [2024-08-25T00:07:49.466+0000] {dagbag.py:587} INFO - Filling up the DagBag from /home/airflow/.local/lib/python3.12/site-packages/airflow/example_dags/example_bash_operator.py
[2024-08-25T00:07:49.550+0000] {processor.py:925} INFO - DAG(s) 'example_bash_operator' retrieved from /home/airflow/.local/lib/python3.12/site-packages/airflow/example_dags/example_bash_operator.py
[2024-08-25T00:07:49.867+0000] {logging_mixin.py:190} INFO - [2024-08-25T00:07:49.865+0000] {dag.py:3211} INFO - Sync 1 DAGs
[2024-08-25T00:07:50.051+0000] {logging_mixin.py:190} INFO - [2024-08-25T00:07:50.051+0000] {dag.py:4138} INFO - Setting next_dagrun for example_bash_operator to 2024-08-24 00:00:00+00:00, run_after=2024-08-25 00:00:00+00:00
[2024-08-25T00:07:50.249+0000] {processor.py:208} INFO - Processing /home/airflow/.local/lib/python3.12/site-packages/airflow/example_dags/example_bash_operator.py took 0.870 seconds
[2024-08-25T00:08:20.936+0000] {processor.py:186} INFO - Started process (PID=341) to work on /home/airflow/.local/lib/python3.12/site-packages/airflow/example_dags/example_bash_operator.py
[2024-08-25T00:08:20.939+0000] {processor.py:914} INFO - Processing file /home/airflow/.local/lib/python3.12/site-packages/airflow/example_dags/example_bash_operator.py for tasks to queue
[2024-08-25T00:08:20.974+0000] {logging_mixin.py:190} INFO - [2024-08-25T00:08:20.973+0000] {dagbag.py:587} INFO - Filling up the DagBag from /home/airflow/.local/lib/python3.12/site-packages/airflow/example_dags/example_bash_operator.py
[2024-08-25T00:08:21.049+0000] {processor.py:925} INFO - DAG(s) 'example_bash_operator' retrieved from /home/airflow/.local/lib/python3.12/site-packages/airflow/example_dags/example_bash_operator.py
[2024-08-25T00:08:21.238+0000] {logging_mixin.py:190} INFO - [2024-08-25T00:08:21.237+0000] {dag.py:3211} INFO - Sync 1 DAGs
[2024-08-25T00:08:21.387+0000] {logging_mixin.py:190} INFO - [2024-08-25T00:08:21.386+0000] {dag.py:4138} INFO - Setting next_dagrun for example_bash_operator to 2024-08-24 00:00:00+00:00, run_after=2024-08-25 00:00:00+00:00
[2024-08-25T00:08:21.507+0000] {processor.py:208} INFO - Processing /home/airflow/.local/lib/python3.12/site-packages/airflow/example_dags/example_bash_operator.py took 0.593 seconds
[2024-08-25T00:08:52.068+0000] {processor.py:186} INFO - Started process (PID=404) to work on /home/airflow/.local/lib/python3.12/site-packages/airflow/example_dags/example_bash_operator.py
[2024-08-25T00:08:52.071+0000] {processor.py:914} INFO - Processing file /home/airflow/.local/lib/python3.12/site-packages/airflow/example_dags/example_bash_operator.py for tasks to queue
[2024-08-25T00:08:52.080+0000] {logging_mixin.py:190} INFO - [2024-08-25T00:08:52.079+0000] {dagbag.py:587} INFO - Filling up the DagBag from /home/airflow/.local/lib/python3.12/site-packages/airflow/example_dags/example_bash_operator.py
[2024-08-25T00:08:52.136+0000] {processor.py:925} INFO - DAG(s) 'example_bash_operator' retrieved from /home/airflow/.local/lib/python3.12/site-packages/airflow/example_dags/example_bash_operator.py
[2024-08-25T00:08:52.433+0000] {logging_mixin.py:190} INFO - [2024-08-25T00:08:52.432+0000] {dag.py:3211} INFO - Sync 1 DAGs
[2024-08-25T00:08:52.548+0000] {logging_mixin.py:190} INFO - [2024-08-25T00:08:52.547+0000] {dag.py:4138} INFO - Setting next_dagrun for example_bash_operator to 2024-08-24 00:00:00+00:00, run_after=2024-08-25 00:00:00+00:00
[2024-08-25T00:08:52.608+0000] {processor.py:208} INFO - Processing /home/airflow/.local/lib/python3.12/site-packages/airflow/example_dags/example_bash_operator.py took 0.565 seconds
[2024-08-25T00:09:22.760+0000] {processor.py:186} INFO - Started process (PID=467) to work on /home/airflow/.local/lib/python3.12/site-packages/airflow/example_dags/example_bash_operator.py
[2024-08-25T00:09:22.763+0000] {processor.py:914} INFO - Processing file /home/airflow/.local/lib/python3.12/site-packages/airflow/example_dags/example_bash_operator.py for tasks to queue
[2024-08-25T00:09:22.770+0000] {logging_mixin.py:190} INFO - [2024-08-25T00:09:22.769+0000] {dagbag.py:587} INFO - Filling up the DagBag from /home/airflow/.local/lib/python3.12/site-packages/airflow/example_dags/example_bash_operator.py
[2024-08-25T00:09:22.823+0000] {processor.py:925} INFO - DAG(s) 'example_bash_operator' retrieved from /home/airflow/.local/lib/python3.12/site-packages/airflow/example_dags/example_bash_operator.py
[2024-08-25T00:09:22.979+0000] {logging_mixin.py:190} INFO - [2024-08-25T00:09:22.978+0000] {dag.py:3211} INFO - Sync 1 DAGs
[2024-08-25T00:09:23.115+0000] {logging_mixin.py:190} INFO - [2024-08-25T00:09:23.114+0000] {dag.py:4138} INFO - Setting next_dagrun for example_bash_operator to 2024-08-24 00:00:00+00:00, run_after=2024-08-25 00:00:00+00:00
[2024-08-25T00:09:23.201+0000] {processor.py:208} INFO - Processing /home/airflow/.local/lib/python3.12/site-packages/airflow/example_dags/example_bash_operator.py took 0.462 seconds
[2024-08-25T00:09:53.804+0000] {processor.py:186} INFO - Started process (PID=530) to work on /home/airflow/.local/lib/python3.12/site-packages/airflow/example_dags/example_bash_operator.py
[2024-08-25T00:09:53.850+0000] {processor.py:914} INFO - Processing file /home/airflow/.local/lib/python3.12/site-packages/airflow/example_dags/example_bash_operator.py for tasks to queue
[2024-08-25T00:09:53.902+0000] {logging_mixin.py:190} INFO - [2024-08-25T00:09:53.901+0000] {dagbag.py:587} INFO - Filling up the DagBag from /home/airflow/.local/lib/python3.12/site-packages/airflow/example_dags/example_bash_operator.py
[2024-08-25T00:09:54.030+0000] {processor.py:925} INFO - DAG(s) 'example_bash_operator' retrieved from /home/airflow/.local/lib/python3.12/site-packages/airflow/example_dags/example_bash_operator.py
[2024-08-25T00:09:54.310+0000] {logging_mixin.py:190} INFO - [2024-08-25T00:09:54.310+0000] {dag.py:3211} INFO - Sync 1 DAGs
[2024-08-25T00:09:54.577+0000] {logging_mixin.py:190} INFO - [2024-08-25T00:09:54.576+0000] {dag.py:4138} INFO - Setting next_dagrun for example_bash_operator to 2024-08-24 00:00:00+00:00, run_after=2024-08-25 00:00:00+00:00
[2024-08-25T00:09:54.759+0000] {processor.py:208} INFO - Processing /home/airflow/.local/lib/python3.12/site-packages/airflow/example_dags/example_bash_operator.py took 0.994 seconds
[2024-08-25T00:10:25.938+0000] {processor.py:186} INFO - Started process (PID=592) to work on /home/airflow/.local/lib/python3.12/site-packages/airflow/example_dags/example_bash_operator.py
[2024-08-25T00:10:25.954+0000] {processor.py:914} INFO - Processing file /home/airflow/.local/lib/python3.12/site-packages/airflow/example_dags/example_bash_operator.py for tasks to queue
[2024-08-25T00:10:25.973+0000] {logging_mixin.py:190} INFO - [2024-08-25T00:10:25.971+0000] {dagbag.py:587} INFO - Filling up the DagBag from /home/airflow/.local/lib/python3.12/site-packages/airflow/example_dags/example_bash_operator.py
[2024-08-25T00:10:26.119+0000] {processor.py:925} INFO - DAG(s) 'example_bash_operator' retrieved from /home/airflow/.local/lib/python3.12/site-packages/airflow/example_dags/example_bash_operator.py
[2024-08-25T00:10:26.329+0000] {logging_mixin.py:190} INFO - [2024-08-25T00:10:26.329+0000] {dag.py:3211} INFO - Sync 1 DAGs
[2024-08-25T00:10:26.461+0000] {logging_mixin.py:190} INFO - [2024-08-25T00:10:26.458+0000] {dag.py:4138} INFO - Setting next_dagrun for example_bash_operator to 2024-08-24 00:00:00+00:00, run_after=2024-08-25 00:00:00+00:00
[2024-08-25T00:10:26.580+0000] {processor.py:208} INFO - Processing /home/airflow/.local/lib/python3.12/site-packages/airflow/example_dags/example_bash_operator.py took 0.710 seconds
[2024-08-25T00:10:57.712+0000] {processor.py:186} INFO - Started process (PID=655) to work on /home/airflow/.local/lib/python3.12/site-packages/airflow/example_dags/example_bash_operator.py
[2024-08-25T00:10:57.800+0000] {processor.py:914} INFO - Processing file /home/airflow/.local/lib/python3.12/site-packages/airflow/example_dags/example_bash_operator.py for tasks to queue
[2024-08-25T00:10:57.865+0000] {logging_mixin.py:190} INFO - [2024-08-25T00:10:57.864+0000] {dagbag.py:587} INFO - Filling up the DagBag from /home/airflow/.local/lib/python3.12/site-packages/airflow/example_dags/example_bash_operator.py
[2024-08-25T00:10:57.996+0000] {processor.py:925} INFO - DAG(s) 'example_bash_operator' retrieved from /home/airflow/.local/lib/python3.12/site-packages/airflow/example_dags/example_bash_operator.py
[2024-08-25T00:10:58.179+0000] {logging_mixin.py:190} INFO - [2024-08-25T00:10:58.178+0000] {dag.py:3211} INFO - Sync 1 DAGs
[2024-08-25T00:10:58.382+0000] {logging_mixin.py:190} INFO - [2024-08-25T00:10:58.375+0000] {dag.py:4138} INFO - Setting next_dagrun for example_bash_operator to 2024-08-24 00:00:00+00:00, run_after=2024-08-25 00:00:00+00:00
[2024-08-25T00:10:58.508+0000] {processor.py:208} INFO - Processing /home/airflow/.local/lib/python3.12/site-packages/airflow/example_dags/example_bash_operator.py took 0.832 seconds
[2024-08-25T00:11:29.250+0000] {processor.py:186} INFO - Started process (PID=717) to work on /home/airflow/.local/lib/python3.12/site-packages/airflow/example_dags/example_bash_operator.py
[2024-08-25T00:11:29.253+0000] {processor.py:914} INFO - Processing file /home/airflow/.local/lib/python3.12/site-packages/airflow/example_dags/example_bash_operator.py for tasks to queue
[2024-08-25T00:11:29.260+0000] {logging_mixin.py:190} INFO - [2024-08-25T00:11:29.259+0000] {dagbag.py:587} INFO - Filling up the DagBag from /home/airflow/.local/lib/python3.12/site-packages/airflow/example_dags/example_bash_operator.py
[2024-08-25T00:11:29.293+0000] {processor.py:925} INFO - DAG(s) 'example_bash_operator' retrieved from /home/airflow/.local/lib/python3.12/site-packages/airflow/example_dags/example_bash_operator.py
[2024-08-25T00:11:29.360+0000] {logging_mixin.py:190} INFO - [2024-08-25T00:11:29.360+0000] {dag.py:3211} INFO - Sync 1 DAGs
[2024-08-25T00:11:29.426+0000] {logging_mixin.py:190} INFO - [2024-08-25T00:11:29.426+0000] {dag.py:4138} INFO - Setting next_dagrun for example_bash_operator to 2024-08-24 00:00:00+00:00, run_after=2024-08-25 00:00:00+00:00
[2024-08-25T00:11:29.465+0000] {processor.py:208} INFO - Processing /home/airflow/.local/lib/python3.12/site-packages/airflow/example_dags/example_bash_operator.py took 0.234 seconds
[2024-08-25T00:12:02.443+0000] {processor.py:186} INFO - Started process (PID=783) to work on /home/airflow/.local/lib/python3.12/site-packages/airflow/example_dags/example_bash_operator.py
[2024-08-25T00:12:02.447+0000] {processor.py:914} INFO - Processing file /home/airflow/.local/lib/python3.12/site-packages/airflow/example_dags/example_bash_operator.py for tasks to queue
[2024-08-25T00:12:02.461+0000] {logging_mixin.py:190} INFO - [2024-08-25T00:12:02.460+0000] {dagbag.py:587} INFO - Filling up the DagBag from /home/airflow/.local/lib/python3.12/site-packages/airflow/example_dags/example_bash_operator.py
[2024-08-25T00:12:02.587+0000] {processor.py:925} INFO - DAG(s) 'example_bash_operator' retrieved from /home/airflow/.local/lib/python3.12/site-packages/airflow/example_dags/example_bash_operator.py
[2024-08-25T00:12:02.744+0000] {logging_mixin.py:190} INFO - [2024-08-25T00:12:02.744+0000] {dag.py:3211} INFO - Sync 1 DAGs
[2024-08-25T00:12:02.827+0000] {logging_mixin.py:190} INFO - [2024-08-25T00:12:02.827+0000] {dag.py:4138} INFO - Setting next_dagrun for example_bash_operator to 2024-08-24 00:00:00+00:00, run_after=2024-08-25 00:00:00+00:00
[2024-08-25T00:12:02.883+0000] {processor.py:208} INFO - Processing /home/airflow/.local/lib/python3.12/site-packages/airflow/example_dags/example_bash_operator.py took 0.488 seconds
[2024-08-25T00:12:33.300+0000] {processor.py:186} INFO - Started process (PID=846) to work on /home/airflow/.local/lib/python3.12/site-packages/airflow/example_dags/example_bash_operator.py
[2024-08-25T00:12:33.302+0000] {processor.py:914} INFO - Processing file /home/airflow/.local/lib/python3.12/site-packages/airflow/example_dags/example_bash_operator.py for tasks to queue
[2024-08-25T00:12:33.309+0000] {logging_mixin.py:190} INFO - [2024-08-25T00:12:33.308+0000] {dagbag.py:587} INFO - Filling up the DagBag from /home/airflow/.local/lib/python3.12/site-packages/airflow/example_dags/example_bash_operator.py
[2024-08-25T00:12:33.356+0000] {processor.py:925} INFO - DAG(s) 'example_bash_operator' retrieved from /home/airflow/.local/lib/python3.12/site-packages/airflow/example_dags/example_bash_operator.py
[2024-08-25T00:12:33.446+0000] {logging_mixin.py:190} INFO - [2024-08-25T00:12:33.446+0000] {dag.py:3211} INFO - Sync 1 DAGs
[2024-08-25T00:12:33.522+0000] {logging_mixin.py:190} INFO - [2024-08-25T00:12:33.522+0000] {dag.py:4138} INFO - Setting next_dagrun for example_bash_operator to 2024-08-24 00:00:00+00:00, run_after=2024-08-25 00:00:00+00:00
[2024-08-25T00:12:33.571+0000] {processor.py:208} INFO - Processing /home/airflow/.local/lib/python3.12/site-packages/airflow/example_dags/example_bash_operator.py took 0.295 seconds
[2024-08-25T00:13:04.784+0000] {processor.py:186} INFO - Started process (PID=911) to work on /home/airflow/.local/lib/python3.12/site-packages/airflow/example_dags/example_bash_operator.py
[2024-08-25T00:13:04.787+0000] {processor.py:914} INFO - Processing file /home/airflow/.local/lib/python3.12/site-packages/airflow/example_dags/example_bash_operator.py for tasks to queue
[2024-08-25T00:13:04.792+0000] {logging_mixin.py:190} INFO - [2024-08-25T00:13:04.791+0000] {dagbag.py:587} INFO - Filling up the DagBag from /home/airflow/.local/lib/python3.12/site-packages/airflow/example_dags/example_bash_operator.py
[2024-08-25T00:13:04.838+0000] {processor.py:925} INFO - DAG(s) 'example_bash_operator' retrieved from /home/airflow/.local/lib/python3.12/site-packages/airflow/example_dags/example_bash_operator.py
[2024-08-25T00:13:04.987+0000] {logging_mixin.py:190} INFO - [2024-08-25T00:13:04.986+0000] {dag.py:3211} INFO - Sync 1 DAGs
[2024-08-25T00:13:05.134+0000] {logging_mixin.py:190} INFO - [2024-08-25T00:13:05.133+0000] {dag.py:4138} INFO - Setting next_dagrun for example_bash_operator to 2024-08-24 00:00:00+00:00, run_after=2024-08-25 00:00:00+00:00
[2024-08-25T00:13:05.256+0000] {processor.py:208} INFO - Processing /home/airflow/.local/lib/python3.12/site-packages/airflow/example_dags/example_bash_operator.py took 0.490 seconds
[2024-08-25T00:13:35.736+0000] {processor.py:186} INFO - Started process (PID=974) to work on /home/airflow/.local/lib/python3.12/site-packages/airflow/example_dags/example_bash_operator.py
[2024-08-25T00:13:35.738+0000] {processor.py:914} INFO - Processing file /home/airflow/.local/lib/python3.12/site-packages/airflow/example_dags/example_bash_operator.py for tasks to queue
[2024-08-25T00:13:35.745+0000] {logging_mixin.py:190} INFO - [2024-08-25T00:13:35.744+0000] {dagbag.py:587} INFO - Filling up the DagBag from /home/airflow/.local/lib/python3.12/site-packages/airflow/example_dags/example_bash_operator.py
[2024-08-25T00:13:35.786+0000] {processor.py:925} INFO - DAG(s) 'example_bash_operator' retrieved from /home/airflow/.local/lib/python3.12/site-packages/airflow/example_dags/example_bash_operator.py
[2024-08-25T00:13:35.870+0000] {logging_mixin.py:190} INFO - [2024-08-25T00:13:35.870+0000] {dag.py:3211} INFO - Sync 1 DAGs
[2024-08-25T00:13:35.940+0000] {logging_mixin.py:190} INFO - [2024-08-25T00:13:35.939+0000] {dag.py:4138} INFO - Setting next_dagrun for example_bash_operator to 2024-08-24 00:00:00+00:00, run_after=2024-08-25 00:00:00+00:00
[2024-08-25T00:13:35.987+0000] {processor.py:208} INFO - Processing /home/airflow/.local/lib/python3.12/site-packages/airflow/example_dags/example_bash_operator.py took 0.269 seconds
[2024-08-25T00:14:06.219+0000] {processor.py:186} INFO - Started process (PID=1038) to work on /home/airflow/.local/lib/python3.12/site-packages/airflow/example_dags/example_bash_operator.py
[2024-08-25T00:14:06.222+0000] {processor.py:914} INFO - Processing file /home/airflow/.local/lib/python3.12/site-packages/airflow/example_dags/example_bash_operator.py for tasks to queue
[2024-08-25T00:14:06.229+0000] {logging_mixin.py:190} INFO - [2024-08-25T00:14:06.228+0000] {dagbag.py:587} INFO - Filling up the DagBag from /home/airflow/.local/lib/python3.12/site-packages/airflow/example_dags/example_bash_operator.py
[2024-08-25T00:14:06.271+0000] {processor.py:925} INFO - DAG(s) 'example_bash_operator' retrieved from /home/airflow/.local/lib/python3.12/site-packages/airflow/example_dags/example_bash_operator.py
[2024-08-25T00:14:06.345+0000] {logging_mixin.py:190} INFO - [2024-08-25T00:14:06.344+0000] {dag.py:3211} INFO - Sync 1 DAGs
[2024-08-25T00:14:06.415+0000] {logging_mixin.py:190} INFO - [2024-08-25T00:14:06.414+0000] {dag.py:4138} INFO - Setting next_dagrun for example_bash_operator to 2024-08-24 00:00:00+00:00, run_after=2024-08-25 00:00:00+00:00
[2024-08-25T00:14:06.462+0000] {processor.py:208} INFO - Processing /home/airflow/.local/lib/python3.12/site-packages/airflow/example_dags/example_bash_operator.py took 0.258 seconds
[2024-08-25T00:14:38.374+0000] {processor.py:186} INFO - Started process (PID=1102) to work on /home/airflow/.local/lib/python3.12/site-packages/airflow/example_dags/example_bash_operator.py
[2024-08-25T00:14:38.381+0000] {processor.py:914} INFO - Processing file /home/airflow/.local/lib/python3.12/site-packages/airflow/example_dags/example_bash_operator.py for tasks to queue
[2024-08-25T00:14:38.395+0000] {logging_mixin.py:190} INFO - [2024-08-25T00:14:38.393+0000] {dagbag.py:587} INFO - Filling up the DagBag from /home/airflow/.local/lib/python3.12/site-packages/airflow/example_dags/example_bash_operator.py
[2024-08-25T00:14:38.441+0000] {processor.py:925} INFO - DAG(s) 'example_bash_operator' retrieved from /home/airflow/.local/lib/python3.12/site-packages/airflow/example_dags/example_bash_operator.py
[2024-08-25T00:14:38.536+0000] {logging_mixin.py:190} INFO - [2024-08-25T00:14:38.536+0000] {dag.py:3211} INFO - Sync 1 DAGs
[2024-08-25T00:14:38.613+0000] {logging_mixin.py:190} INFO - [2024-08-25T00:14:38.612+0000] {dag.py:4138} INFO - Setting next_dagrun for example_bash_operator to 2024-08-24 00:00:00+00:00, run_after=2024-08-25 00:00:00+00:00
[2024-08-25T00:14:38.689+0000] {processor.py:208} INFO - Processing /home/airflow/.local/lib/python3.12/site-packages/airflow/example_dags/example_bash_operator.py took 0.370 seconds
[2024-08-25T00:15:11.057+0000] {processor.py:186} INFO - Started process (PID=1165) to work on /home/airflow/.local/lib/python3.12/site-packages/airflow/example_dags/example_bash_operator.py
[2024-08-25T00:15:11.129+0000] {processor.py:914} INFO - Processing file /home/airflow/.local/lib/python3.12/site-packages/airflow/example_dags/example_bash_operator.py for tasks to queue
[2024-08-25T00:15:11.147+0000] {logging_mixin.py:190} INFO - [2024-08-25T00:15:11.146+0000] {dagbag.py:587} INFO - Filling up the DagBag from /home/airflow/.local/lib/python3.12/site-packages/airflow/example_dags/example_bash_operator.py
[2024-08-25T00:15:11.293+0000] {processor.py:925} INFO - DAG(s) 'example_bash_operator' retrieved from /home/airflow/.local/lib/python3.12/site-packages/airflow/example_dags/example_bash_operator.py
[2024-08-25T00:15:11.574+0000] {logging_mixin.py:190} INFO - [2024-08-25T00:15:11.572+0000] {dag.py:3211} INFO - Sync 1 DAGs
[2024-08-25T00:15:11.752+0000] {logging_mixin.py:190} INFO - [2024-08-25T00:15:11.751+0000] {dag.py:4138} INFO - Setting next_dagrun for example_bash_operator to 2024-08-24 00:00:00+00:00, run_after=2024-08-25 00:00:00+00:00
[2024-08-25T00:15:11.862+0000] {processor.py:208} INFO - Processing /home/airflow/.local/lib/python3.12/site-packages/airflow/example_dags/example_bash_operator.py took 0.871 seconds
[2024-08-25T00:15:42.144+0000] {processor.py:186} INFO - Started process (PID=1229) to work on /home/airflow/.local/lib/python3.12/site-packages/airflow/example_dags/example_bash_operator.py
[2024-08-25T00:15:42.147+0000] {processor.py:914} INFO - Processing file /home/airflow/.local/lib/python3.12/site-packages/airflow/example_dags/example_bash_operator.py for tasks to queue
[2024-08-25T00:15:42.164+0000] {logging_mixin.py:190} INFO - [2024-08-25T00:15:42.163+0000] {dagbag.py:587} INFO - Filling up the DagBag from /home/airflow/.local/lib/python3.12/site-packages/airflow/example_dags/example_bash_operator.py
[2024-08-25T00:15:42.313+0000] {processor.py:925} INFO - DAG(s) 'example_bash_operator' retrieved from /home/airflow/.local/lib/python3.12/site-packages/airflow/example_dags/example_bash_operator.py
[2024-08-25T00:15:42.466+0000] {logging_mixin.py:190} INFO - [2024-08-25T00:15:42.464+0000] {dag.py:3211} INFO - Sync 1 DAGs
[2024-08-25T00:15:42.597+0000] {logging_mixin.py:190} INFO - [2024-08-25T00:15:42.597+0000] {dag.py:4138} INFO - Setting next_dagrun for example_bash_operator to 2024-08-24 00:00:00+00:00, run_after=2024-08-25 00:00:00+00:00
[2024-08-25T00:15:42.676+0000] {processor.py:208} INFO - Processing /home/airflow/.local/lib/python3.12/site-packages/airflow/example_dags/example_bash_operator.py took 0.581 seconds
[2024-08-25T00:16:16.054+0000] {processor.py:186} INFO - Started process (PID=1293) to work on /home/airflow/.local/lib/python3.12/site-packages/airflow/example_dags/example_bash_operator.py
[2024-08-25T00:16:16.056+0000] {processor.py:914} INFO - Processing file /home/airflow/.local/lib/python3.12/site-packages/airflow/example_dags/example_bash_operator.py for tasks to queue
[2024-08-25T00:16:16.064+0000] {logging_mixin.py:190} INFO - [2024-08-25T00:16:16.063+0000] {dagbag.py:587} INFO - Filling up the DagBag from /home/airflow/.local/lib/python3.12/site-packages/airflow/example_dags/example_bash_operator.py
[2024-08-25T00:16:16.132+0000] {processor.py:925} INFO - DAG(s) 'example_bash_operator' retrieved from /home/airflow/.local/lib/python3.12/site-packages/airflow/example_dags/example_bash_operator.py
[2024-08-25T00:16:16.361+0000] {logging_mixin.py:190} INFO - [2024-08-25T00:16:16.360+0000] {dag.py:3211} INFO - Sync 1 DAGs
[2024-08-25T00:16:16.586+0000] {logging_mixin.py:190} INFO - [2024-08-25T00:16:16.585+0000] {dag.py:4138} INFO - Setting next_dagrun for example_bash_operator to 2024-08-24 00:00:00+00:00, run_after=2024-08-25 00:00:00+00:00
[2024-08-25T00:16:16.693+0000] {processor.py:208} INFO - Processing /home/airflow/.local/lib/python3.12/site-packages/airflow/example_dags/example_bash_operator.py took 0.691 seconds
[2024-08-25T00:16:47.048+0000] {processor.py:186} INFO - Started process (PID=1356) to work on /home/airflow/.local/lib/python3.12/site-packages/airflow/example_dags/example_bash_operator.py
[2024-08-25T00:16:47.051+0000] {processor.py:914} INFO - Processing file /home/airflow/.local/lib/python3.12/site-packages/airflow/example_dags/example_bash_operator.py for tasks to queue
[2024-08-25T00:16:47.056+0000] {logging_mixin.py:190} INFO - [2024-08-25T00:16:47.056+0000] {dagbag.py:587} INFO - Filling up the DagBag from /home/airflow/.local/lib/python3.12/site-packages/airflow/example_dags/example_bash_operator.py
[2024-08-25T00:16:47.102+0000] {processor.py:925} INFO - DAG(s) 'example_bash_operator' retrieved from /home/airflow/.local/lib/python3.12/site-packages/airflow/example_dags/example_bash_operator.py
[2024-08-25T00:16:47.194+0000] {logging_mixin.py:190} INFO - [2024-08-25T00:16:47.194+0000] {dag.py:3211} INFO - Sync 1 DAGs
[2024-08-25T00:16:47.313+0000] {logging_mixin.py:190} INFO - [2024-08-25T00:16:47.313+0000] {dag.py:4138} INFO - Setting next_dagrun for example_bash_operator to 2024-08-24 00:00:00+00:00, run_after=2024-08-25 00:00:00+00:00
[2024-08-25T00:16:47.379+0000] {processor.py:208} INFO - Processing /home/airflow/.local/lib/python3.12/site-packages/airflow/example_dags/example_bash_operator.py took 0.350 seconds
[2024-08-25T00:17:20.499+0000] {processor.py:186} INFO - Started process (PID=1419) to work on /home/airflow/.local/lib/python3.12/site-packages/airflow/example_dags/example_bash_operator.py
[2024-08-25T00:17:20.502+0000] {processor.py:914} INFO - Processing file /home/airflow/.local/lib/python3.12/site-packages/airflow/example_dags/example_bash_operator.py for tasks to queue
[2024-08-25T00:17:20.516+0000] {logging_mixin.py:190} INFO - [2024-08-25T00:17:20.515+0000] {dagbag.py:587} INFO - Filling up the DagBag from /home/airflow/.local/lib/python3.12/site-packages/airflow/example_dags/example_bash_operator.py
[2024-08-25T00:17:20.580+0000] {processor.py:925} INFO - DAG(s) 'example_bash_operator' retrieved from /home/airflow/.local/lib/python3.12/site-packages/airflow/example_dags/example_bash_operator.py
[2024-08-25T00:17:20.692+0000] {logging_mixin.py:190} INFO - [2024-08-25T00:17:20.692+0000] {dag.py:3211} INFO - Sync 1 DAGs
[2024-08-25T00:17:20.804+0000] {logging_mixin.py:190} INFO - [2024-08-25T00:17:20.804+0000] {dag.py:4138} INFO - Setting next_dagrun for example_bash_operator to 2024-08-24 00:00:00+00:00, run_after=2024-08-25 00:00:00+00:00
[2024-08-25T00:17:20.883+0000] {processor.py:208} INFO - Processing /home/airflow/.local/lib/python3.12/site-packages/airflow/example_dags/example_bash_operator.py took 0.414 seconds
[2024-08-25T00:17:54.745+0000] {processor.py:186} INFO - Started process (PID=1482) to work on /home/airflow/.local/lib/python3.12/site-packages/airflow/example_dags/example_bash_operator.py
[2024-08-25T00:17:54.764+0000] {processor.py:914} INFO - Processing file /home/airflow/.local/lib/python3.12/site-packages/airflow/example_dags/example_bash_operator.py for tasks to queue
[2024-08-25T00:17:54.787+0000] {logging_mixin.py:190} INFO - [2024-08-25T00:17:54.776+0000] {dagbag.py:587} INFO - Filling up the DagBag from /home/airflow/.local/lib/python3.12/site-packages/airflow/example_dags/example_bash_operator.py
[2024-08-25T00:17:54.936+0000] {processor.py:925} INFO - DAG(s) 'example_bash_operator' retrieved from /home/airflow/.local/lib/python3.12/site-packages/airflow/example_dags/example_bash_operator.py
[2024-08-25T00:17:55.089+0000] {logging_mixin.py:190} INFO - [2024-08-25T00:17:55.088+0000] {dag.py:3211} INFO - Sync 1 DAGs
[2024-08-25T00:17:55.272+0000] {logging_mixin.py:190} INFO - [2024-08-25T00:17:55.271+0000] {dag.py:4138} INFO - Setting next_dagrun for example_bash_operator to 2024-08-24 00:00:00+00:00, run_after=2024-08-25 00:00:00+00:00
[2024-08-25T00:17:55.364+0000] {processor.py:208} INFO - Processing /home/airflow/.local/lib/python3.12/site-packages/airflow/example_dags/example_bash_operator.py took 0.675 seconds
[2024-08-25T00:18:26.002+0000] {processor.py:186} INFO - Started process (PID=1545) to work on /home/airflow/.local/lib/python3.12/site-packages/airflow/example_dags/example_bash_operator.py
[2024-08-25T00:18:26.004+0000] {processor.py:914} INFO - Processing file /home/airflow/.local/lib/python3.12/site-packages/airflow/example_dags/example_bash_operator.py for tasks to queue
[2024-08-25T00:18:26.012+0000] {logging_mixin.py:190} INFO - [2024-08-25T00:18:26.011+0000] {dagbag.py:587} INFO - Filling up the DagBag from /home/airflow/.local/lib/python3.12/site-packages/airflow/example_dags/example_bash_operator.py
[2024-08-25T00:18:26.091+0000] {processor.py:925} INFO - DAG(s) 'example_bash_operator' retrieved from /home/airflow/.local/lib/python3.12/site-packages/airflow/example_dags/example_bash_operator.py
[2024-08-25T00:18:26.317+0000] {logging_mixin.py:190} INFO - [2024-08-25T00:18:26.316+0000] {dag.py:3211} INFO - Sync 1 DAGs
[2024-08-25T00:18:26.529+0000] {logging_mixin.py:190} INFO - [2024-08-25T00:18:26.528+0000] {dag.py:4138} INFO - Setting next_dagrun for example_bash_operator to 2024-08-24 00:00:00+00:00, run_after=2024-08-25 00:00:00+00:00
[2024-08-25T00:18:26.633+0000] {processor.py:208} INFO - Processing /home/airflow/.local/lib/python3.12/site-packages/airflow/example_dags/example_bash_operator.py took 0.671 seconds
[2024-08-25T00:18:57.006+0000] {processor.py:186} INFO - Started process (PID=1608) to work on /home/airflow/.local/lib/python3.12/site-packages/airflow/example_dags/example_bash_operator.py
[2024-08-25T00:18:57.010+0000] {processor.py:914} INFO - Processing file /home/airflow/.local/lib/python3.12/site-packages/airflow/example_dags/example_bash_operator.py for tasks to queue
[2024-08-25T00:18:57.016+0000] {logging_mixin.py:190} INFO - [2024-08-25T00:18:57.015+0000] {dagbag.py:587} INFO - Filling up the DagBag from /home/airflow/.local/lib/python3.12/site-packages/airflow/example_dags/example_bash_operator.py
[2024-08-25T00:18:57.069+0000] {processor.py:925} INFO - DAG(s) 'example_bash_operator' retrieved from /home/airflow/.local/lib/python3.12/site-packages/airflow/example_dags/example_bash_operator.py
[2024-08-25T00:18:57.184+0000] {logging_mixin.py:190} INFO - [2024-08-25T00:18:57.184+0000] {dag.py:3211} INFO - Sync 1 DAGs
[2024-08-25T00:18:57.260+0000] {logging_mixin.py:190} INFO - [2024-08-25T00:18:57.260+0000] {dag.py:4138} INFO - Setting next_dagrun for example_bash_operator to 2024-08-24 00:00:00+00:00, run_after=2024-08-25 00:00:00+00:00
[2024-08-25T00:18:57.313+0000] {processor.py:208} INFO - Processing /home/airflow/.local/lib/python3.12/site-packages/airflow/example_dags/example_bash_operator.py took 0.327 seconds
[2024-08-25T00:19:27.539+0000] {processor.py:186} INFO - Started process (PID=1670) to work on /home/airflow/.local/lib/python3.12/site-packages/airflow/example_dags/example_bash_operator.py
[2024-08-25T00:19:27.541+0000] {processor.py:914} INFO - Processing file /home/airflow/.local/lib/python3.12/site-packages/airflow/example_dags/example_bash_operator.py for tasks to queue
[2024-08-25T00:19:27.549+0000] {logging_mixin.py:190} INFO - [2024-08-25T00:19:27.548+0000] {dagbag.py:587} INFO - Filling up the DagBag from /home/airflow/.local/lib/python3.12/site-packages/airflow/example_dags/example_bash_operator.py
[2024-08-25T00:19:27.617+0000] {processor.py:925} INFO - DAG(s) 'example_bash_operator' retrieved from /home/airflow/.local/lib/python3.12/site-packages/airflow/example_dags/example_bash_operator.py
[2024-08-25T00:19:27.681+0000] {logging_mixin.py:190} INFO - [2024-08-25T00:19:27.680+0000] {dag.py:3211} INFO - Sync 1 DAGs
[2024-08-25T00:19:27.792+0000] {logging_mixin.py:190} INFO - [2024-08-25T00:19:27.791+0000] {dag.py:4138} INFO - Setting next_dagrun for example_bash_operator to 2024-08-24 00:00:00+00:00, run_after=2024-08-25 00:00:00+00:00
[2024-08-25T00:19:27.859+0000] {processor.py:208} INFO - Processing /home/airflow/.local/lib/python3.12/site-packages/airflow/example_dags/example_bash_operator.py took 0.344 seconds
[2024-08-25T00:19:58.831+0000] {processor.py:186} INFO - Started process (PID=1733) to work on /home/airflow/.local/lib/python3.12/site-packages/airflow/example_dags/example_bash_operator.py
[2024-08-25T00:19:58.834+0000] {processor.py:914} INFO - Processing file /home/airflow/.local/lib/python3.12/site-packages/airflow/example_dags/example_bash_operator.py for tasks to queue
[2024-08-25T00:19:58.842+0000] {logging_mixin.py:190} INFO - [2024-08-25T00:19:58.841+0000] {dagbag.py:587} INFO - Filling up the DagBag from /home/airflow/.local/lib/python3.12/site-packages/airflow/example_dags/example_bash_operator.py
[2024-08-25T00:19:58.894+0000] {processor.py:925} INFO - DAG(s) 'example_bash_operator' retrieved from /home/airflow/.local/lib/python3.12/site-packages/airflow/example_dags/example_bash_operator.py
[2024-08-25T00:19:59.005+0000] {logging_mixin.py:190} INFO - [2024-08-25T00:19:59.004+0000] {dag.py:3211} INFO - Sync 1 DAGs
[2024-08-25T00:19:59.076+0000] {logging_mixin.py:190} INFO - [2024-08-25T00:19:59.075+0000] {dag.py:4138} INFO - Setting next_dagrun for example_bash_operator to 2024-08-24 00:00:00+00:00, run_after=2024-08-25 00:00:00+00:00
[2024-08-25T00:19:59.115+0000] {processor.py:208} INFO - Processing /home/airflow/.local/lib/python3.12/site-packages/airflow/example_dags/example_bash_operator.py took 0.308 seconds
[2024-08-25T00:20:29.967+0000] {processor.py:186} INFO - Started process (PID=1797) to work on /home/airflow/.local/lib/python3.12/site-packages/airflow/example_dags/example_bash_operator.py
[2024-08-25T00:20:29.997+0000] {processor.py:914} INFO - Processing file /home/airflow/.local/lib/python3.12/site-packages/airflow/example_dags/example_bash_operator.py for tasks to queue
[2024-08-25T00:20:30.023+0000] {logging_mixin.py:190} INFO - [2024-08-25T00:20:30.022+0000] {dagbag.py:587} INFO - Filling up the DagBag from /home/airflow/.local/lib/python3.12/site-packages/airflow/example_dags/example_bash_operator.py
[2024-08-25T00:20:30.131+0000] {processor.py:925} INFO - DAG(s) 'example_bash_operator' retrieved from /home/airflow/.local/lib/python3.12/site-packages/airflow/example_dags/example_bash_operator.py
[2024-08-25T00:20:30.431+0000] {logging_mixin.py:190} INFO - [2024-08-25T00:20:30.430+0000] {dag.py:3211} INFO - Sync 1 DAGs
[2024-08-25T00:20:30.605+0000] {logging_mixin.py:190} INFO - [2024-08-25T00:20:30.604+0000] {dag.py:4138} INFO - Setting next_dagrun for example_bash_operator to 2024-08-24 00:00:00+00:00, run_after=2024-08-25 00:00:00+00:00
[2024-08-25T00:20:30.746+0000] {processor.py:208} INFO - Processing /home/airflow/.local/lib/python3.12/site-packages/airflow/example_dags/example_bash_operator.py took 0.806 seconds
[2024-08-25T00:21:02.202+0000] {processor.py:186} INFO - Started process (PID=1859) to work on /home/airflow/.local/lib/python3.12/site-packages/airflow/example_dags/example_bash_operator.py
[2024-08-25T00:21:02.205+0000] {processor.py:914} INFO - Processing file /home/airflow/.local/lib/python3.12/site-packages/airflow/example_dags/example_bash_operator.py for tasks to queue
[2024-08-25T00:21:02.216+0000] {logging_mixin.py:190} INFO - [2024-08-25T00:21:02.213+0000] {dagbag.py:587} INFO - Filling up the DagBag from /home/airflow/.local/lib/python3.12/site-packages/airflow/example_dags/example_bash_operator.py
[2024-08-25T00:21:02.288+0000] {processor.py:925} INFO - DAG(s) 'example_bash_operator' retrieved from /home/airflow/.local/lib/python3.12/site-packages/airflow/example_dags/example_bash_operator.py
[2024-08-25T00:21:02.551+0000] {logging_mixin.py:190} INFO - [2024-08-25T00:21:02.551+0000] {dag.py:3211} INFO - Sync 1 DAGs
[2024-08-25T00:21:02.783+0000] {logging_mixin.py:190} INFO - [2024-08-25T00:21:02.772+0000] {dag.py:4138} INFO - Setting next_dagrun for example_bash_operator to 2024-08-24 00:00:00+00:00, run_after=2024-08-25 00:00:00+00:00
[2024-08-25T00:21:02.975+0000] {processor.py:208} INFO - Processing /home/airflow/.local/lib/python3.12/site-packages/airflow/example_dags/example_bash_operator.py took 0.802 seconds
[2024-08-25T00:26:29.869+0000] {processor.py:186} INFO - Started process (PID=97) to work on /home/airflow/.local/lib/python3.12/site-packages/airflow/example_dags/example_bash_operator.py
[2024-08-25T00:26:29.889+0000] {processor.py:914} INFO - Processing file /home/airflow/.local/lib/python3.12/site-packages/airflow/example_dags/example_bash_operator.py for tasks to queue
[2024-08-25T00:26:29.901+0000] {logging_mixin.py:190} INFO - [2024-08-25T00:26:29.900+0000] {dagbag.py:587} INFO - Filling up the DagBag from /home/airflow/.local/lib/python3.12/site-packages/airflow/example_dags/example_bash_operator.py
[2024-08-25T00:26:30.100+0000] {processor.py:925} INFO - DAG(s) 'example_bash_operator' retrieved from /home/airflow/.local/lib/python3.12/site-packages/airflow/example_dags/example_bash_operator.py
[2024-08-25T00:26:30.706+0000] {logging_mixin.py:190} INFO - [2024-08-25T00:26:30.705+0000] {dag.py:3211} INFO - Sync 1 DAGs
[2024-08-25T00:26:30.971+0000] {logging_mixin.py:190} INFO - [2024-08-25T00:26:30.971+0000] {dag.py:4138} INFO - Setting next_dagrun for example_bash_operator to 2024-08-24 00:00:00+00:00, run_after=2024-08-25 00:00:00+00:00
[2024-08-25T00:26:31.111+0000] {processor.py:208} INFO - Processing /home/airflow/.local/lib/python3.12/site-packages/airflow/example_dags/example_bash_operator.py took 1.313 seconds
[2024-08-25T00:27:27.492+0000] {processor.py:186} INFO - Started process (PID=159) to work on /home/airflow/.local/lib/python3.12/site-packages/airflow/example_dags/example_bash_operator.py
[2024-08-25T00:27:27.495+0000] {processor.py:914} INFO - Processing file /home/airflow/.local/lib/python3.12/site-packages/airflow/example_dags/example_bash_operator.py for tasks to queue
[2024-08-25T00:27:27.517+0000] {logging_mixin.py:190} INFO - [2024-08-25T00:27:27.516+0000] {dagbag.py:587} INFO - Filling up the DagBag from /home/airflow/.local/lib/python3.12/site-packages/airflow/example_dags/example_bash_operator.py
[2024-08-25T00:27:27.777+0000] {processor.py:925} INFO - DAG(s) 'example_bash_operator' retrieved from /home/airflow/.local/lib/python3.12/site-packages/airflow/example_dags/example_bash_operator.py
[2024-08-25T00:27:28.060+0000] {logging_mixin.py:190} INFO - [2024-08-25T00:27:28.060+0000] {dag.py:3211} INFO - Sync 1 DAGs
[2024-08-25T00:27:28.542+0000] {logging_mixin.py:190} INFO - [2024-08-25T00:27:28.541+0000] {dag.py:4138} INFO - Setting next_dagrun for example_bash_operator to 2024-08-24 00:00:00+00:00, run_after=2024-08-25 00:00:00+00:00
[2024-08-25T00:27:28.729+0000] {processor.py:208} INFO - Processing /home/airflow/.local/lib/python3.12/site-packages/airflow/example_dags/example_bash_operator.py took 1.313 seconds
[2024-08-25T00:28:13.616+0000] {processor.py:186} INFO - Started process (PID=219) to work on /home/airflow/.local/lib/python3.12/site-packages/airflow/example_dags/example_bash_operator.py
[2024-08-25T00:28:13.634+0000] {processor.py:914} INFO - Processing file /home/airflow/.local/lib/python3.12/site-packages/airflow/example_dags/example_bash_operator.py for tasks to queue
[2024-08-25T00:28:13.644+0000] {logging_mixin.py:190} INFO - [2024-08-25T00:28:13.643+0000] {dagbag.py:587} INFO - Filling up the DagBag from /home/airflow/.local/lib/python3.12/site-packages/airflow/example_dags/example_bash_operator.py
[2024-08-25T00:28:13.846+0000] {processor.py:925} INFO - DAG(s) 'example_bash_operator' retrieved from /home/airflow/.local/lib/python3.12/site-packages/airflow/example_dags/example_bash_operator.py
[2024-08-25T00:28:14.244+0000] {logging_mixin.py:190} INFO - [2024-08-25T00:28:14.242+0000] {dag.py:3211} INFO - Sync 1 DAGs
[2024-08-25T00:28:14.447+0000] {logging_mixin.py:190} INFO - [2024-08-25T00:28:14.446+0000] {dag.py:4138} INFO - Setting next_dagrun for example_bash_operator to 2024-08-24 00:00:00+00:00, run_after=2024-08-25 00:00:00+00:00
[2024-08-25T00:28:14.554+0000] {processor.py:208} INFO - Processing /home/airflow/.local/lib/python3.12/site-packages/airflow/example_dags/example_bash_operator.py took 0.981 seconds
[2024-08-25T00:28:49.563+0000] {processor.py:186} INFO - Started process (PID=282) to work on /home/airflow/.local/lib/python3.12/site-packages/airflow/example_dags/example_bash_operator.py
[2024-08-25T00:28:49.567+0000] {processor.py:914} INFO - Processing file /home/airflow/.local/lib/python3.12/site-packages/airflow/example_dags/example_bash_operator.py for tasks to queue
[2024-08-25T00:28:49.576+0000] {logging_mixin.py:190} INFO - [2024-08-25T00:28:49.575+0000] {dagbag.py:587} INFO - Filling up the DagBag from /home/airflow/.local/lib/python3.12/site-packages/airflow/example_dags/example_bash_operator.py
[2024-08-25T00:28:49.648+0000] {processor.py:925} INFO - DAG(s) 'example_bash_operator' retrieved from /home/airflow/.local/lib/python3.12/site-packages/airflow/example_dags/example_bash_operator.py
[2024-08-25T00:28:49.939+0000] {logging_mixin.py:190} INFO - [2024-08-25T00:28:49.938+0000] {dag.py:3211} INFO - Sync 1 DAGs
[2024-08-25T00:28:50.330+0000] {logging_mixin.py:190} INFO - [2024-08-25T00:28:50.328+0000] {dag.py:4138} INFO - Setting next_dagrun for example_bash_operator to 2024-08-24 00:00:00+00:00, run_after=2024-08-25 00:00:00+00:00
[2024-08-25T00:28:50.625+0000] {processor.py:208} INFO - Processing /home/airflow/.local/lib/python3.12/site-packages/airflow/example_dags/example_bash_operator.py took 1.091 seconds
[2024-08-25T00:29:22.142+0000] {processor.py:186} INFO - Started process (PID=345) to work on /home/airflow/.local/lib/python3.12/site-packages/airflow/example_dags/example_bash_operator.py
[2024-08-25T00:29:22.149+0000] {processor.py:914} INFO - Processing file /home/airflow/.local/lib/python3.12/site-packages/airflow/example_dags/example_bash_operator.py for tasks to queue
[2024-08-25T00:29:22.158+0000] {logging_mixin.py:190} INFO - [2024-08-25T00:29:22.157+0000] {dagbag.py:587} INFO - Filling up the DagBag from /home/airflow/.local/lib/python3.12/site-packages/airflow/example_dags/example_bash_operator.py
[2024-08-25T00:29:22.243+0000] {processor.py:925} INFO - DAG(s) 'example_bash_operator' retrieved from /home/airflow/.local/lib/python3.12/site-packages/airflow/example_dags/example_bash_operator.py
[2024-08-25T00:29:22.439+0000] {logging_mixin.py:190} INFO - [2024-08-25T00:29:22.439+0000] {dag.py:3211} INFO - Sync 1 DAGs
[2024-08-25T00:29:22.536+0000] {logging_mixin.py:190} INFO - [2024-08-25T00:29:22.535+0000] {dag.py:4138} INFO - Setting next_dagrun for example_bash_operator to 2024-08-24 00:00:00+00:00, run_after=2024-08-25 00:00:00+00:00
[2024-08-25T00:29:22.621+0000] {processor.py:208} INFO - Processing /home/airflow/.local/lib/python3.12/site-packages/airflow/example_dags/example_bash_operator.py took 0.535 seconds
[2024-08-25T00:29:55.121+0000] {processor.py:186} INFO - Started process (PID=408) to work on /home/airflow/.local/lib/python3.12/site-packages/airflow/example_dags/example_bash_operator.py
[2024-08-25T00:29:55.135+0000] {processor.py:914} INFO - Processing file /home/airflow/.local/lib/python3.12/site-packages/airflow/example_dags/example_bash_operator.py for tasks to queue
[2024-08-25T00:29:55.150+0000] {logging_mixin.py:190} INFO - [2024-08-25T00:29:55.147+0000] {dagbag.py:587} INFO - Filling up the DagBag from /home/airflow/.local/lib/python3.12/site-packages/airflow/example_dags/example_bash_operator.py
[2024-08-25T00:29:55.297+0000] {processor.py:925} INFO - DAG(s) 'example_bash_operator' retrieved from /home/airflow/.local/lib/python3.12/site-packages/airflow/example_dags/example_bash_operator.py
[2024-08-25T00:29:55.547+0000] {logging_mixin.py:190} INFO - [2024-08-25T00:29:55.546+0000] {dag.py:3211} INFO - Sync 1 DAGs
[2024-08-25T00:29:55.672+0000] {logging_mixin.py:190} INFO - [2024-08-25T00:29:55.671+0000] {dag.py:4138} INFO - Setting next_dagrun for example_bash_operator to 2024-08-24 00:00:00+00:00, run_after=2024-08-25 00:00:00+00:00
[2024-08-25T00:29:55.763+0000] {processor.py:208} INFO - Processing /home/airflow/.local/lib/python3.12/site-packages/airflow/example_dags/example_bash_operator.py took 0.693 seconds
[2024-08-25T00:30:34.571+0000] {processor.py:186} INFO - Started process (PID=477) to work on /home/airflow/.local/lib/python3.12/site-packages/airflow/example_dags/example_bash_operator.py
[2024-08-25T00:30:34.581+0000] {processor.py:914} INFO - Processing file /home/airflow/.local/lib/python3.12/site-packages/airflow/example_dags/example_bash_operator.py for tasks to queue
[2024-08-25T00:30:34.615+0000] {logging_mixin.py:190} INFO - [2024-08-25T00:30:34.614+0000] {dagbag.py:587} INFO - Filling up the DagBag from /home/airflow/.local/lib/python3.12/site-packages/airflow/example_dags/example_bash_operator.py
[2024-08-25T00:30:34.788+0000] {processor.py:925} INFO - DAG(s) 'example_bash_operator' retrieved from /home/airflow/.local/lib/python3.12/site-packages/airflow/example_dags/example_bash_operator.py
[2024-08-25T00:30:35.545+0000] {logging_mixin.py:190} INFO - [2024-08-25T00:30:35.544+0000] {dag.py:3211} INFO - Sync 1 DAGs
[2024-08-25T00:30:35.828+0000] {logging_mixin.py:190} INFO - [2024-08-25T00:30:35.827+0000] {dag.py:4138} INFO - Setting next_dagrun for example_bash_operator to 2024-08-24 00:00:00+00:00, run_after=2024-08-25 00:00:00+00:00
[2024-08-25T00:30:36.051+0000] {processor.py:208} INFO - Processing /home/airflow/.local/lib/python3.12/site-packages/airflow/example_dags/example_bash_operator.py took 1.522 seconds
[2024-08-25T00:31:07.452+0000] {processor.py:186} INFO - Started process (PID=541) to work on /home/airflow/.local/lib/python3.12/site-packages/airflow/example_dags/example_bash_operator.py
[2024-08-25T00:31:07.454+0000] {processor.py:914} INFO - Processing file /home/airflow/.local/lib/python3.12/site-packages/airflow/example_dags/example_bash_operator.py for tasks to queue
[2024-08-25T00:31:07.469+0000] {logging_mixin.py:190} INFO - [2024-08-25T00:31:07.468+0000] {dagbag.py:587} INFO - Filling up the DagBag from /home/airflow/.local/lib/python3.12/site-packages/airflow/example_dags/example_bash_operator.py
[2024-08-25T00:31:07.516+0000] {processor.py:925} INFO - DAG(s) 'example_bash_operator' retrieved from /home/airflow/.local/lib/python3.12/site-packages/airflow/example_dags/example_bash_operator.py
[2024-08-25T00:31:07.775+0000] {logging_mixin.py:190} INFO - [2024-08-25T00:31:07.774+0000] {dag.py:3211} INFO - Sync 1 DAGs
[2024-08-25T00:31:08.098+0000] {logging_mixin.py:190} INFO - [2024-08-25T00:31:08.098+0000] {dag.py:4138} INFO - Setting next_dagrun for example_bash_operator to 2024-08-24 00:00:00+00:00, run_after=2024-08-25 00:00:00+00:00
[2024-08-25T00:31:08.313+0000] {processor.py:208} INFO - Processing /home/airflow/.local/lib/python3.12/site-packages/airflow/example_dags/example_bash_operator.py took 0.878 seconds
[2024-08-25T00:31:54.889+0000] {processor.py:186} INFO - Started process (PID=600) to work on /home/airflow/.local/lib/python3.12/site-packages/airflow/example_dags/example_bash_operator.py
[2024-08-25T00:31:54.892+0000] {processor.py:914} INFO - Processing file /home/airflow/.local/lib/python3.12/site-packages/airflow/example_dags/example_bash_operator.py for tasks to queue
[2024-08-25T00:31:54.911+0000] {logging_mixin.py:190} INFO - [2024-08-25T00:31:54.910+0000] {dagbag.py:587} INFO - Filling up the DagBag from /home/airflow/.local/lib/python3.12/site-packages/airflow/example_dags/example_bash_operator.py
[2024-08-25T00:31:55.059+0000] {processor.py:925} INFO - DAG(s) 'example_bash_operator' retrieved from /home/airflow/.local/lib/python3.12/site-packages/airflow/example_dags/example_bash_operator.py
[2024-08-25T00:31:55.512+0000] {logging_mixin.py:190} INFO - [2024-08-25T00:31:55.511+0000] {dag.py:3211} INFO - Sync 1 DAGs
[2024-08-25T00:31:55.798+0000] {logging_mixin.py:190} INFO - [2024-08-25T00:31:55.760+0000] {dag.py:4138} INFO - Setting next_dagrun for example_bash_operator to 2024-08-24 00:00:00+00:00, run_after=2024-08-25 00:00:00+00:00
[2024-08-25T00:31:55.940+0000] {processor.py:208} INFO - Processing /home/airflow/.local/lib/python3.12/site-packages/airflow/example_dags/example_bash_operator.py took 1.122 seconds
[2024-08-25T00:32:26.382+0000] {processor.py:186} INFO - Started process (PID=663) to work on /home/airflow/.local/lib/python3.12/site-packages/airflow/example_dags/example_bash_operator.py
[2024-08-25T00:32:26.385+0000] {processor.py:914} INFO - Processing file /home/airflow/.local/lib/python3.12/site-packages/airflow/example_dags/example_bash_operator.py for tasks to queue
[2024-08-25T00:32:26.399+0000] {logging_mixin.py:190} INFO - [2024-08-25T00:32:26.398+0000] {dagbag.py:587} INFO - Filling up the DagBag from /home/airflow/.local/lib/python3.12/site-packages/airflow/example_dags/example_bash_operator.py
[2024-08-25T00:32:26.497+0000] {processor.py:925} INFO - DAG(s) 'example_bash_operator' retrieved from /home/airflow/.local/lib/python3.12/site-packages/airflow/example_dags/example_bash_operator.py
[2024-08-25T00:32:26.730+0000] {logging_mixin.py:190} INFO - [2024-08-25T00:32:26.729+0000] {dag.py:3211} INFO - Sync 1 DAGs
[2024-08-25T00:32:26.968+0000] {logging_mixin.py:190} INFO - [2024-08-25T00:32:26.967+0000] {dag.py:4138} INFO - Setting next_dagrun for example_bash_operator to 2024-08-24 00:00:00+00:00, run_after=2024-08-25 00:00:00+00:00
[2024-08-25T00:32:27.115+0000] {processor.py:208} INFO - Processing /home/airflow/.local/lib/python3.12/site-packages/airflow/example_dags/example_bash_operator.py took 0.775 seconds
[2024-08-25T00:33:08.225+0000] {processor.py:186} INFO - Started process (PID=722) to work on /home/airflow/.local/lib/python3.12/site-packages/airflow/example_dags/example_bash_operator.py
[2024-08-25T00:33:08.250+0000] {processor.py:914} INFO - Processing file /home/airflow/.local/lib/python3.12/site-packages/airflow/example_dags/example_bash_operator.py for tasks to queue
[2024-08-25T00:33:08.268+0000] {logging_mixin.py:190} INFO - [2024-08-25T00:33:08.267+0000] {dagbag.py:587} INFO - Filling up the DagBag from /home/airflow/.local/lib/python3.12/site-packages/airflow/example_dags/example_bash_operator.py
[2024-08-25T00:33:08.513+0000] {processor.py:925} INFO - DAG(s) 'example_bash_operator' retrieved from /home/airflow/.local/lib/python3.12/site-packages/airflow/example_dags/example_bash_operator.py
[2024-08-25T00:33:09.014+0000] {logging_mixin.py:190} INFO - [2024-08-25T00:33:09.013+0000] {dag.py:3211} INFO - Sync 1 DAGs
[2024-08-25T00:33:09.326+0000] {logging_mixin.py:190} INFO - [2024-08-25T00:33:09.325+0000] {dag.py:4138} INFO - Setting next_dagrun for example_bash_operator to 2024-08-24 00:00:00+00:00, run_after=2024-08-25 00:00:00+00:00
[2024-08-25T00:33:09.569+0000] {processor.py:208} INFO - Processing /home/airflow/.local/lib/python3.12/site-packages/airflow/example_dags/example_bash_operator.py took 1.396 seconds
[2024-08-25T00:34:01.888+0000] {processor.py:186} INFO - Started process (PID=779) to work on /home/airflow/.local/lib/python3.12/site-packages/airflow/example_dags/example_bash_operator.py
[2024-08-25T00:34:01.917+0000] {processor.py:914} INFO - Processing file /home/airflow/.local/lib/python3.12/site-packages/airflow/example_dags/example_bash_operator.py for tasks to queue
[2024-08-25T00:34:01.935+0000] {logging_mixin.py:190} INFO - [2024-08-25T00:34:01.934+0000] {dagbag.py:587} INFO - Filling up the DagBag from /home/airflow/.local/lib/python3.12/site-packages/airflow/example_dags/example_bash_operator.py
[2024-08-25T00:34:02.108+0000] {processor.py:925} INFO - DAG(s) 'example_bash_operator' retrieved from /home/airflow/.local/lib/python3.12/site-packages/airflow/example_dags/example_bash_operator.py
[2024-08-25T00:34:02.505+0000] {logging_mixin.py:190} INFO - [2024-08-25T00:34:02.504+0000] {dag.py:3211} INFO - Sync 1 DAGs
[2024-08-25T00:34:02.821+0000] {logging_mixin.py:190} INFO - [2024-08-25T00:34:02.820+0000] {dag.py:4138} INFO - Setting next_dagrun for example_bash_operator to 2024-08-24 00:00:00+00:00, run_after=2024-08-25 00:00:00+00:00
[2024-08-25T00:34:03.042+0000] {processor.py:208} INFO - Processing /home/airflow/.local/lib/python3.12/site-packages/airflow/example_dags/example_bash_operator.py took 1.210 seconds
[2024-08-25T00:34:34.466+0000] {processor.py:186} INFO - Started process (PID=843) to work on /home/airflow/.local/lib/python3.12/site-packages/airflow/example_dags/example_bash_operator.py
[2024-08-25T00:34:34.472+0000] {processor.py:914} INFO - Processing file /home/airflow/.local/lib/python3.12/site-packages/airflow/example_dags/example_bash_operator.py for tasks to queue
[2024-08-25T00:34:34.500+0000] {logging_mixin.py:190} INFO - [2024-08-25T00:34:34.499+0000] {dagbag.py:587} INFO - Filling up the DagBag from /home/airflow/.local/lib/python3.12/site-packages/airflow/example_dags/example_bash_operator.py
[2024-08-25T00:34:34.639+0000] {processor.py:925} INFO - DAG(s) 'example_bash_operator' retrieved from /home/airflow/.local/lib/python3.12/site-packages/airflow/example_dags/example_bash_operator.py
[2024-08-25T00:34:35.075+0000] {logging_mixin.py:190} INFO - [2024-08-25T00:34:35.075+0000] {dag.py:3211} INFO - Sync 1 DAGs
[2024-08-25T00:34:35.491+0000] {logging_mixin.py:190} INFO - [2024-08-25T00:34:35.491+0000] {dag.py:4138} INFO - Setting next_dagrun for example_bash_operator to 2024-08-24 00:00:00+00:00, run_after=2024-08-25 00:00:00+00:00
[2024-08-25T00:34:35.754+0000] {processor.py:208} INFO - Processing /home/airflow/.local/lib/python3.12/site-packages/airflow/example_dags/example_bash_operator.py took 1.361 seconds
[2024-08-25T00:35:08.703+0000] {processor.py:186} INFO - Started process (PID=911) to work on /home/airflow/.local/lib/python3.12/site-packages/airflow/example_dags/example_bash_operator.py
[2024-08-25T00:35:08.717+0000] {processor.py:914} INFO - Processing file /home/airflow/.local/lib/python3.12/site-packages/airflow/example_dags/example_bash_operator.py for tasks to queue
[2024-08-25T00:35:08.734+0000] {logging_mixin.py:190} INFO - [2024-08-25T00:35:08.733+0000] {dagbag.py:587} INFO - Filling up the DagBag from /home/airflow/.local/lib/python3.12/site-packages/airflow/example_dags/example_bash_operator.py
[2024-08-25T00:35:08.881+0000] {processor.py:925} INFO - DAG(s) 'example_bash_operator' retrieved from /home/airflow/.local/lib/python3.12/site-packages/airflow/example_dags/example_bash_operator.py
[2024-08-25T00:35:09.115+0000] {logging_mixin.py:190} INFO - [2024-08-25T00:35:09.114+0000] {dag.py:3211} INFO - Sync 1 DAGs
[2024-08-25T00:35:09.365+0000] {logging_mixin.py:190} INFO - [2024-08-25T00:35:09.364+0000] {dag.py:4138} INFO - Setting next_dagrun for example_bash_operator to 2024-08-24 00:00:00+00:00, run_after=2024-08-25 00:00:00+00:00
[2024-08-25T00:35:09.557+0000] {processor.py:208} INFO - Processing /home/airflow/.local/lib/python3.12/site-packages/airflow/example_dags/example_bash_operator.py took 0.916 seconds
[2024-08-25T00:35:39.754+0000] {processor.py:186} INFO - Started process (PID=974) to work on /home/airflow/.local/lib/python3.12/site-packages/airflow/example_dags/example_bash_operator.py
[2024-08-25T00:35:39.756+0000] {processor.py:914} INFO - Processing file /home/airflow/.local/lib/python3.12/site-packages/airflow/example_dags/example_bash_operator.py for tasks to queue
[2024-08-25T00:35:39.764+0000] {logging_mixin.py:190} INFO - [2024-08-25T00:35:39.764+0000] {dagbag.py:587} INFO - Filling up the DagBag from /home/airflow/.local/lib/python3.12/site-packages/airflow/example_dags/example_bash_operator.py
[2024-08-25T00:35:39.803+0000] {processor.py:925} INFO - DAG(s) 'example_bash_operator' retrieved from /home/airflow/.local/lib/python3.12/site-packages/airflow/example_dags/example_bash_operator.py
[2024-08-25T00:35:39.885+0000] {logging_mixin.py:190} INFO - [2024-08-25T00:35:39.884+0000] {dag.py:3211} INFO - Sync 1 DAGs
[2024-08-25T00:35:39.998+0000] {logging_mixin.py:190} INFO - [2024-08-25T00:35:39.998+0000] {dag.py:4138} INFO - Setting next_dagrun for example_bash_operator to 2024-08-24 00:00:00+00:00, run_after=2024-08-25 00:00:00+00:00
[2024-08-25T00:35:40.074+0000] {processor.py:208} INFO - Processing /home/airflow/.local/lib/python3.12/site-packages/airflow/example_dags/example_bash_operator.py took 0.335 seconds
[2024-08-25T00:36:10.788+0000] {processor.py:186} INFO - Started process (PID=1037) to work on /home/airflow/.local/lib/python3.12/site-packages/airflow/example_dags/example_bash_operator.py
[2024-08-25T00:36:10.791+0000] {processor.py:914} INFO - Processing file /home/airflow/.local/lib/python3.12/site-packages/airflow/example_dags/example_bash_operator.py for tasks to queue
[2024-08-25T00:36:10.802+0000] {logging_mixin.py:190} INFO - [2024-08-25T00:36:10.800+0000] {dagbag.py:587} INFO - Filling up the DagBag from /home/airflow/.local/lib/python3.12/site-packages/airflow/example_dags/example_bash_operator.py
[2024-08-25T00:36:10.858+0000] {processor.py:925} INFO - DAG(s) 'example_bash_operator' retrieved from /home/airflow/.local/lib/python3.12/site-packages/airflow/example_dags/example_bash_operator.py
[2024-08-25T00:36:10.959+0000] {logging_mixin.py:190} INFO - [2024-08-25T00:36:10.958+0000] {dag.py:3211} INFO - Sync 1 DAGs
[2024-08-25T00:36:11.039+0000] {logging_mixin.py:190} INFO - [2024-08-25T00:36:11.038+0000] {dag.py:4138} INFO - Setting next_dagrun for example_bash_operator to 2024-08-24 00:00:00+00:00, run_after=2024-08-25 00:00:00+00:00
[2024-08-25T00:36:11.091+0000] {processor.py:208} INFO - Processing /home/airflow/.local/lib/python3.12/site-packages/airflow/example_dags/example_bash_operator.py took 0.326 seconds
[2024-08-25T00:36:41.638+0000] {processor.py:186} INFO - Started process (PID=1101) to work on /home/airflow/.local/lib/python3.12/site-packages/airflow/example_dags/example_bash_operator.py
[2024-08-25T00:36:41.641+0000] {processor.py:914} INFO - Processing file /home/airflow/.local/lib/python3.12/site-packages/airflow/example_dags/example_bash_operator.py for tasks to queue
[2024-08-25T00:36:41.648+0000] {logging_mixin.py:190} INFO - [2024-08-25T00:36:41.647+0000] {dagbag.py:587} INFO - Filling up the DagBag from /home/airflow/.local/lib/python3.12/site-packages/airflow/example_dags/example_bash_operator.py
[2024-08-25T00:36:41.698+0000] {processor.py:925} INFO - DAG(s) 'example_bash_operator' retrieved from /home/airflow/.local/lib/python3.12/site-packages/airflow/example_dags/example_bash_operator.py
[2024-08-25T00:36:41.773+0000] {logging_mixin.py:190} INFO - [2024-08-25T00:36:41.773+0000] {dag.py:3211} INFO - Sync 1 DAGs
[2024-08-25T00:36:41.835+0000] {logging_mixin.py:190} INFO - [2024-08-25T00:36:41.835+0000] {dag.py:4138} INFO - Setting next_dagrun for example_bash_operator to 2024-08-24 00:00:00+00:00, run_after=2024-08-25 00:00:00+00:00
[2024-08-25T00:36:41.884+0000] {processor.py:208} INFO - Processing /home/airflow/.local/lib/python3.12/site-packages/airflow/example_dags/example_bash_operator.py took 0.265 seconds
[2024-08-25T00:37:16.234+0000] {processor.py:186} INFO - Started process (PID=1158) to work on /home/airflow/.local/lib/python3.12/site-packages/airflow/example_dags/example_bash_operator.py
[2024-08-25T00:37:16.237+0000] {processor.py:914} INFO - Processing file /home/airflow/.local/lib/python3.12/site-packages/airflow/example_dags/example_bash_operator.py for tasks to queue
[2024-08-25T00:37:16.242+0000] {logging_mixin.py:190} INFO - [2024-08-25T00:37:16.241+0000] {dagbag.py:587} INFO - Filling up the DagBag from /home/airflow/.local/lib/python3.12/site-packages/airflow/example_dags/example_bash_operator.py
[2024-08-25T00:37:16.372+0000] {processor.py:925} INFO - DAG(s) 'example_bash_operator' retrieved from /home/airflow/.local/lib/python3.12/site-packages/airflow/example_dags/example_bash_operator.py
[2024-08-25T00:37:16.552+0000] {logging_mixin.py:190} INFO - [2024-08-25T00:37:16.551+0000] {dag.py:3211} INFO - Sync 1 DAGs
[2024-08-25T00:37:16.668+0000] {logging_mixin.py:190} INFO - [2024-08-25T00:37:16.667+0000] {dag.py:4138} INFO - Setting next_dagrun for example_bash_operator to 2024-08-24 00:00:00+00:00, run_after=2024-08-25 00:00:00+00:00
[2024-08-25T00:37:16.753+0000] {processor.py:208} INFO - Processing /home/airflow/.local/lib/python3.12/site-packages/airflow/example_dags/example_bash_operator.py took 0.569 seconds
[2024-08-25T00:37:47.395+0000] {processor.py:186} INFO - Started process (PID=1220) to work on /home/airflow/.local/lib/python3.12/site-packages/airflow/example_dags/example_bash_operator.py
[2024-08-25T00:37:47.398+0000] {processor.py:914} INFO - Processing file /home/airflow/.local/lib/python3.12/site-packages/airflow/example_dags/example_bash_operator.py for tasks to queue
[2024-08-25T00:37:47.402+0000] {logging_mixin.py:190} INFO - [2024-08-25T00:37:47.401+0000] {dagbag.py:587} INFO - Filling up the DagBag from /home/airflow/.local/lib/python3.12/site-packages/airflow/example_dags/example_bash_operator.py
[2024-08-25T00:37:47.477+0000] {processor.py:925} INFO - DAG(s) 'example_bash_operator' retrieved from /home/airflow/.local/lib/python3.12/site-packages/airflow/example_dags/example_bash_operator.py
[2024-08-25T00:37:47.628+0000] {logging_mixin.py:190} INFO - [2024-08-25T00:37:47.628+0000] {dag.py:3211} INFO - Sync 1 DAGs
[2024-08-25T00:37:47.810+0000] {logging_mixin.py:190} INFO - [2024-08-25T00:37:47.802+0000] {dag.py:4138} INFO - Setting next_dagrun for example_bash_operator to 2024-08-24 00:00:00+00:00, run_after=2024-08-25 00:00:00+00:00
[2024-08-25T00:37:47.984+0000] {processor.py:208} INFO - Processing /home/airflow/.local/lib/python3.12/site-packages/airflow/example_dags/example_bash_operator.py took 0.615 seconds
[2024-08-25T00:38:18.212+0000] {processor.py:186} INFO - Started process (PID=1282) to work on /home/airflow/.local/lib/python3.12/site-packages/airflow/example_dags/example_bash_operator.py
[2024-08-25T00:38:18.215+0000] {processor.py:914} INFO - Processing file /home/airflow/.local/lib/python3.12/site-packages/airflow/example_dags/example_bash_operator.py for tasks to queue
[2024-08-25T00:38:18.222+0000] {logging_mixin.py:190} INFO - [2024-08-25T00:38:18.221+0000] {dagbag.py:587} INFO - Filling up the DagBag from /home/airflow/.local/lib/python3.12/site-packages/airflow/example_dags/example_bash_operator.py
[2024-08-25T00:38:18.301+0000] {processor.py:925} INFO - DAG(s) 'example_bash_operator' retrieved from /home/airflow/.local/lib/python3.12/site-packages/airflow/example_dags/example_bash_operator.py
[2024-08-25T00:38:18.458+0000] {logging_mixin.py:190} INFO - [2024-08-25T00:38:18.457+0000] {dag.py:3211} INFO - Sync 1 DAGs
[2024-08-25T00:38:18.561+0000] {logging_mixin.py:190} INFO - [2024-08-25T00:38:18.560+0000] {dag.py:4138} INFO - Setting next_dagrun for example_bash_operator to 2024-08-24 00:00:00+00:00, run_after=2024-08-25 00:00:00+00:00
[2024-08-25T00:38:18.621+0000] {processor.py:208} INFO - Processing /home/airflow/.local/lib/python3.12/site-packages/airflow/example_dags/example_bash_operator.py took 0.427 seconds
[2024-08-25T00:38:49.656+0000] {processor.py:186} INFO - Started process (PID=1344) to work on /home/airflow/.local/lib/python3.12/site-packages/airflow/example_dags/example_bash_operator.py
[2024-08-25T00:38:49.658+0000] {processor.py:914} INFO - Processing file /home/airflow/.local/lib/python3.12/site-packages/airflow/example_dags/example_bash_operator.py for tasks to queue
[2024-08-25T00:38:49.662+0000] {logging_mixin.py:190} INFO - [2024-08-25T00:38:49.661+0000] {dagbag.py:587} INFO - Filling up the DagBag from /home/airflow/.local/lib/python3.12/site-packages/airflow/example_dags/example_bash_operator.py
[2024-08-25T00:38:49.722+0000] {processor.py:925} INFO - DAG(s) 'example_bash_operator' retrieved from /home/airflow/.local/lib/python3.12/site-packages/airflow/example_dags/example_bash_operator.py
[2024-08-25T00:38:49.843+0000] {logging_mixin.py:190} INFO - [2024-08-25T00:38:49.843+0000] {dag.py:3211} INFO - Sync 1 DAGs
[2024-08-25T00:38:49.947+0000] {logging_mixin.py:190} INFO - [2024-08-25T00:38:49.946+0000] {dag.py:4138} INFO - Setting next_dagrun for example_bash_operator to 2024-08-24 00:00:00+00:00, run_after=2024-08-25 00:00:00+00:00
[2024-08-25T00:38:50.023+0000] {processor.py:208} INFO - Processing /home/airflow/.local/lib/python3.12/site-packages/airflow/example_dags/example_bash_operator.py took 0.387 seconds
[2024-08-25T00:39:21.919+0000] {processor.py:186} INFO - Started process (PID=1407) to work on /home/airflow/.local/lib/python3.12/site-packages/airflow/example_dags/example_bash_operator.py
[2024-08-25T00:39:21.922+0000] {processor.py:914} INFO - Processing file /home/airflow/.local/lib/python3.12/site-packages/airflow/example_dags/example_bash_operator.py for tasks to queue
[2024-08-25T00:39:21.926+0000] {logging_mixin.py:190} INFO - [2024-08-25T00:39:21.925+0000] {dagbag.py:587} INFO - Filling up the DagBag from /home/airflow/.local/lib/python3.12/site-packages/airflow/example_dags/example_bash_operator.py
[2024-08-25T00:39:22.051+0000] {processor.py:925} INFO - DAG(s) 'example_bash_operator' retrieved from /home/airflow/.local/lib/python3.12/site-packages/airflow/example_dags/example_bash_operator.py
[2024-08-25T00:39:22.206+0000] {logging_mixin.py:190} INFO - [2024-08-25T00:39:22.206+0000] {dag.py:3211} INFO - Sync 1 DAGs
[2024-08-25T00:39:22.282+0000] {logging_mixin.py:190} INFO - [2024-08-25T00:39:22.281+0000] {dag.py:4138} INFO - Setting next_dagrun for example_bash_operator to 2024-08-24 00:00:00+00:00, run_after=2024-08-25 00:00:00+00:00
[2024-08-25T00:39:22.336+0000] {processor.py:208} INFO - Processing /home/airflow/.local/lib/python3.12/site-packages/airflow/example_dags/example_bash_operator.py took 0.474 seconds
[2024-08-25T00:39:53.318+0000] {processor.py:186} INFO - Started process (PID=1469) to work on /home/airflow/.local/lib/python3.12/site-packages/airflow/example_dags/example_bash_operator.py
[2024-08-25T00:39:53.320+0000] {processor.py:914} INFO - Processing file /home/airflow/.local/lib/python3.12/site-packages/airflow/example_dags/example_bash_operator.py for tasks to queue
[2024-08-25T00:39:53.328+0000] {logging_mixin.py:190} INFO - [2024-08-25T00:39:53.325+0000] {dagbag.py:587} INFO - Filling up the DagBag from /home/airflow/.local/lib/python3.12/site-packages/airflow/example_dags/example_bash_operator.py
[2024-08-25T00:39:53.392+0000] {processor.py:925} INFO - DAG(s) 'example_bash_operator' retrieved from /home/airflow/.local/lib/python3.12/site-packages/airflow/example_dags/example_bash_operator.py
[2024-08-25T00:39:53.517+0000] {logging_mixin.py:190} INFO - [2024-08-25T00:39:53.516+0000] {dag.py:3211} INFO - Sync 1 DAGs
[2024-08-25T00:39:53.680+0000] {logging_mixin.py:190} INFO - [2024-08-25T00:39:53.679+0000] {dag.py:4138} INFO - Setting next_dagrun for example_bash_operator to 2024-08-24 00:00:00+00:00, run_after=2024-08-25 00:00:00+00:00
[2024-08-25T00:39:53.812+0000] {processor.py:208} INFO - Processing /home/airflow/.local/lib/python3.12/site-packages/airflow/example_dags/example_bash_operator.py took 0.521 seconds
[2024-08-25T00:40:26.532+0000] {processor.py:186} INFO - Started process (PID=1529) to work on /home/airflow/.local/lib/python3.12/site-packages/airflow/example_dags/example_bash_operator.py
[2024-08-25T00:40:26.537+0000] {processor.py:914} INFO - Processing file /home/airflow/.local/lib/python3.12/site-packages/airflow/example_dags/example_bash_operator.py for tasks to queue
[2024-08-25T00:40:26.543+0000] {logging_mixin.py:190} INFO - [2024-08-25T00:40:26.542+0000] {dagbag.py:587} INFO - Filling up the DagBag from /home/airflow/.local/lib/python3.12/site-packages/airflow/example_dags/example_bash_operator.py
[2024-08-25T00:40:26.665+0000] {processor.py:925} INFO - DAG(s) 'example_bash_operator' retrieved from /home/airflow/.local/lib/python3.12/site-packages/airflow/example_dags/example_bash_operator.py
[2024-08-25T00:40:26.857+0000] {logging_mixin.py:190} INFO - [2024-08-25T00:40:26.856+0000] {dag.py:3211} INFO - Sync 1 DAGs
[2024-08-25T00:40:26.997+0000] {logging_mixin.py:190} INFO - [2024-08-25T00:40:26.997+0000] {dag.py:4138} INFO - Setting next_dagrun for example_bash_operator to 2024-08-24 00:00:00+00:00, run_after=2024-08-25 00:00:00+00:00
[2024-08-25T00:40:27.088+0000] {processor.py:208} INFO - Processing /home/airflow/.local/lib/python3.12/site-packages/airflow/example_dags/example_bash_operator.py took 0.620 seconds
[2024-08-25T00:40:57.345+0000] {processor.py:186} INFO - Started process (PID=1591) to work on /home/airflow/.local/lib/python3.12/site-packages/airflow/example_dags/example_bash_operator.py
[2024-08-25T00:40:57.347+0000] {processor.py:914} INFO - Processing file /home/airflow/.local/lib/python3.12/site-packages/airflow/example_dags/example_bash_operator.py for tasks to queue
[2024-08-25T00:40:57.350+0000] {logging_mixin.py:190} INFO - [2024-08-25T00:40:57.349+0000] {dagbag.py:587} INFO - Filling up the DagBag from /home/airflow/.local/lib/python3.12/site-packages/airflow/example_dags/example_bash_operator.py
[2024-08-25T00:40:57.391+0000] {processor.py:925} INFO - DAG(s) 'example_bash_operator' retrieved from /home/airflow/.local/lib/python3.12/site-packages/airflow/example_dags/example_bash_operator.py
[2024-08-25T00:40:57.477+0000] {logging_mixin.py:190} INFO - [2024-08-25T00:40:57.477+0000] {dag.py:3211} INFO - Sync 1 DAGs
[2024-08-25T00:40:57.532+0000] {logging_mixin.py:190} INFO - [2024-08-25T00:40:57.531+0000] {dag.py:4138} INFO - Setting next_dagrun for example_bash_operator to 2024-08-24 00:00:00+00:00, run_after=2024-08-25 00:00:00+00:00
[2024-08-25T00:40:57.565+0000] {processor.py:208} INFO - Processing /home/airflow/.local/lib/python3.12/site-packages/airflow/example_dags/example_bash_operator.py took 0.239 seconds
[2024-08-25T00:41:29.264+0000] {processor.py:186} INFO - Started process (PID=1653) to work on /home/airflow/.local/lib/python3.12/site-packages/airflow/example_dags/example_bash_operator.py
[2024-08-25T00:41:29.266+0000] {processor.py:914} INFO - Processing file /home/airflow/.local/lib/python3.12/site-packages/airflow/example_dags/example_bash_operator.py for tasks to queue
[2024-08-25T00:41:29.270+0000] {logging_mixin.py:190} INFO - [2024-08-25T00:41:29.270+0000] {dagbag.py:587} INFO - Filling up the DagBag from /home/airflow/.local/lib/python3.12/site-packages/airflow/example_dags/example_bash_operator.py
[2024-08-25T00:41:29.315+0000] {processor.py:925} INFO - DAG(s) 'example_bash_operator' retrieved from /home/airflow/.local/lib/python3.12/site-packages/airflow/example_dags/example_bash_operator.py
[2024-08-25T00:41:29.420+0000] {logging_mixin.py:190} INFO - [2024-08-25T00:41:29.419+0000] {dag.py:3211} INFO - Sync 1 DAGs
[2024-08-25T00:41:29.510+0000] {logging_mixin.py:190} INFO - [2024-08-25T00:41:29.509+0000] {dag.py:4138} INFO - Setting next_dagrun for example_bash_operator to 2024-08-24 00:00:00+00:00, run_after=2024-08-25 00:00:00+00:00
[2024-08-25T00:41:29.566+0000] {processor.py:208} INFO - Processing /home/airflow/.local/lib/python3.12/site-packages/airflow/example_dags/example_bash_operator.py took 0.320 seconds
