[2024-08-25T00:00:28.547+0000] {processor.py:186} INFO - Started process (PID=38564) to work on /home/airflow/.local/lib/python3.12/site-packages/airflow/example_dags/example_branch_python_dop_operator_3.py
[2024-08-25T00:00:28.549+0000] {processor.py:914} INFO - Processing file /home/airflow/.local/lib/python3.12/site-packages/airflow/example_dags/example_branch_python_dop_operator_3.py for tasks to queue
[2024-08-25T00:00:28.567+0000] {logging_mixin.py:190} INFO - [2024-08-25T00:00:28.567+0000] {dagbag.py:587} INFO - Filling up the DagBag from /home/airflow/.local/lib/python3.12/site-packages/airflow/example_dags/example_branch_python_dop_operator_3.py
[2024-08-25T00:00:28.616+0000] {processor.py:925} INFO - DAG(s) 'example_branch_dop_operator_v3' retrieved from /home/airflow/.local/lib/python3.12/site-packages/airflow/example_dags/example_branch_python_dop_operator_3.py
[2024-08-25T00:00:28.681+0000] {logging_mixin.py:190} INFO - [2024-08-25T00:00:28.680+0000] {dag.py:3211} INFO - Sync 1 DAGs
[2024-08-25T00:00:28.780+0000] {logging_mixin.py:190} INFO - [2024-08-25T00:00:28.779+0000] {dag.py:4138} INFO - Setting next_dagrun for example_branch_dop_operator_v3 to 2024-08-24 23:59:00+00:00, run_after=2024-08-25 00:00:00+00:00
[2024-08-25T00:00:28.844+0000] {processor.py:208} INFO - Processing /home/airflow/.local/lib/python3.12/site-packages/airflow/example_dags/example_branch_python_dop_operator_3.py took 0.314 seconds
[2024-08-25T00:05:46.035+0000] {processor.py:186} INFO - Started process (PID=81) to work on /home/airflow/.local/lib/python3.12/site-packages/airflow/example_dags/example_branch_python_dop_operator_3.py
[2024-08-25T00:05:46.038+0000] {processor.py:914} INFO - Processing file /home/airflow/.local/lib/python3.12/site-packages/airflow/example_dags/example_branch_python_dop_operator_3.py for tasks to queue
[2024-08-25T00:05:46.058+0000] {logging_mixin.py:190} INFO - [2024-08-25T00:05:46.057+0000] {dagbag.py:587} INFO - Filling up the DagBag from /home/airflow/.local/lib/python3.12/site-packages/airflow/example_dags/example_branch_python_dop_operator_3.py
[2024-08-25T00:05:46.131+0000] {processor.py:925} INFO - DAG(s) 'example_branch_dop_operator_v3' retrieved from /home/airflow/.local/lib/python3.12/site-packages/airflow/example_dags/example_branch_python_dop_operator_3.py
[2024-08-25T00:05:46.295+0000] {logging_mixin.py:190} INFO - [2024-08-25T00:05:46.293+0000] {dag.py:3211} INFO - Sync 1 DAGs
[2024-08-25T00:05:46.754+0000] {logging_mixin.py:190} INFO - [2024-08-25T00:05:46.742+0000] {dag.py:4138} INFO - Setting next_dagrun for example_branch_dop_operator_v3 to 2024-08-25 00:04:00+00:00, run_after=2024-08-25 00:05:00+00:00
[2024-08-25T00:05:46.999+0000] {processor.py:208} INFO - Processing /home/airflow/.local/lib/python3.12/site-packages/airflow/example_dags/example_branch_python_dop_operator_3.py took 1.017 seconds
[2024-08-25T00:06:18.206+0000] {processor.py:186} INFO - Started process (PID=143) to work on /home/airflow/.local/lib/python3.12/site-packages/airflow/example_dags/example_branch_python_dop_operator_3.py
[2024-08-25T00:06:18.219+0000] {processor.py:914} INFO - Processing file /home/airflow/.local/lib/python3.12/site-packages/airflow/example_dags/example_branch_python_dop_operator_3.py for tasks to queue
[2024-08-25T00:06:18.781+0000] {logging_mixin.py:190} INFO - [2024-08-25T00:06:18.780+0000] {dagbag.py:587} INFO - Filling up the DagBag from /home/airflow/.local/lib/python3.12/site-packages/airflow/example_dags/example_branch_python_dop_operator_3.py
[2024-08-25T00:06:18.959+0000] {processor.py:925} INFO - DAG(s) 'example_branch_dop_operator_v3' retrieved from /home/airflow/.local/lib/python3.12/site-packages/airflow/example_dags/example_branch_python_dop_operator_3.py
[2024-08-25T00:06:19.453+0000] {logging_mixin.py:190} INFO - [2024-08-25T00:06:19.451+0000] {dag.py:3211} INFO - Sync 1 DAGs
[2024-08-25T00:06:19.666+0000] {logging_mixin.py:190} INFO - [2024-08-25T00:06:19.665+0000] {dag.py:4138} INFO - Setting next_dagrun for example_branch_dop_operator_v3 to 2024-08-25 00:05:00+00:00, run_after=2024-08-25 00:06:00+00:00
[2024-08-25T00:06:19.905+0000] {processor.py:208} INFO - Processing /home/airflow/.local/lib/python3.12/site-packages/airflow/example_dags/example_branch_python_dop_operator_3.py took 1.738 seconds
[2024-08-25T00:07:14.018+0000] {processor.py:186} INFO - Started process (PID=212) to work on /home/airflow/.local/lib/python3.12/site-packages/airflow/example_dags/example_branch_python_dop_operator_3.py
[2024-08-25T00:07:14.021+0000] {processor.py:914} INFO - Processing file /home/airflow/.local/lib/python3.12/site-packages/airflow/example_dags/example_branch_python_dop_operator_3.py for tasks to queue
[2024-08-25T00:07:14.056+0000] {logging_mixin.py:190} INFO - [2024-08-25T00:07:14.055+0000] {dagbag.py:587} INFO - Filling up the DagBag from /home/airflow/.local/lib/python3.12/site-packages/airflow/example_dags/example_branch_python_dop_operator_3.py
[2024-08-25T00:07:14.204+0000] {processor.py:925} INFO - DAG(s) 'example_branch_dop_operator_v3' retrieved from /home/airflow/.local/lib/python3.12/site-packages/airflow/example_dags/example_branch_python_dop_operator_3.py
[2024-08-25T00:07:14.412+0000] {logging_mixin.py:190} INFO - [2024-08-25T00:07:14.410+0000] {dag.py:3211} INFO - Sync 1 DAGs
[2024-08-25T00:07:14.754+0000] {logging_mixin.py:190} INFO - [2024-08-25T00:07:14.746+0000] {dag.py:4138} INFO - Setting next_dagrun for example_branch_dop_operator_v3 to 2024-08-25 00:06:00+00:00, run_after=2024-08-25 00:07:00+00:00
[2024-08-25T00:07:14.944+0000] {processor.py:208} INFO - Processing /home/airflow/.local/lib/python3.12/site-packages/airflow/example_dags/example_branch_python_dop_operator_3.py took 1.033 seconds
[2024-08-25T00:07:45.609+0000] {processor.py:186} INFO - Started process (PID=274) to work on /home/airflow/.local/lib/python3.12/site-packages/airflow/example_dags/example_branch_python_dop_operator_3.py
[2024-08-25T00:07:45.625+0000] {processor.py:914} INFO - Processing file /home/airflow/.local/lib/python3.12/site-packages/airflow/example_dags/example_branch_python_dop_operator_3.py for tasks to queue
[2024-08-25T00:07:45.647+0000] {logging_mixin.py:190} INFO - [2024-08-25T00:07:45.634+0000] {dagbag.py:587} INFO - Filling up the DagBag from /home/airflow/.local/lib/python3.12/site-packages/airflow/example_dags/example_branch_python_dop_operator_3.py
[2024-08-25T00:07:45.839+0000] {processor.py:925} INFO - DAG(s) 'example_branch_dop_operator_v3' retrieved from /home/airflow/.local/lib/python3.12/site-packages/airflow/example_dags/example_branch_python_dop_operator_3.py
[2024-08-25T00:07:46.338+0000] {logging_mixin.py:190} INFO - [2024-08-25T00:07:46.293+0000] {dag.py:3211} INFO - Sync 1 DAGs
[2024-08-25T00:07:46.883+0000] {logging_mixin.py:190} INFO - [2024-08-25T00:07:46.882+0000] {dag.py:4138} INFO - Setting next_dagrun for example_branch_dop_operator_v3 to 2024-08-25 00:06:00+00:00, run_after=2024-08-25 00:07:00+00:00
[2024-08-25T00:07:47.044+0000] {processor.py:208} INFO - Processing /home/airflow/.local/lib/python3.12/site-packages/airflow/example_dags/example_branch_python_dop_operator_3.py took 1.483 seconds
[2024-08-25T00:08:17.978+0000] {processor.py:186} INFO - Started process (PID=336) to work on /home/airflow/.local/lib/python3.12/site-packages/airflow/example_dags/example_branch_python_dop_operator_3.py
[2024-08-25T00:08:17.980+0000] {processor.py:914} INFO - Processing file /home/airflow/.local/lib/python3.12/site-packages/airflow/example_dags/example_branch_python_dop_operator_3.py for tasks to queue
[2024-08-25T00:08:18.000+0000] {logging_mixin.py:190} INFO - [2024-08-25T00:08:17.999+0000] {dagbag.py:587} INFO - Filling up the DagBag from /home/airflow/.local/lib/python3.12/site-packages/airflow/example_dags/example_branch_python_dop_operator_3.py
[2024-08-25T00:08:18.042+0000] {processor.py:925} INFO - DAG(s) 'example_branch_dop_operator_v3' retrieved from /home/airflow/.local/lib/python3.12/site-packages/airflow/example_dags/example_branch_python_dop_operator_3.py
[2024-08-25T00:08:18.124+0000] {logging_mixin.py:190} INFO - [2024-08-25T00:08:18.122+0000] {dag.py:3211} INFO - Sync 1 DAGs
[2024-08-25T00:08:18.263+0000] {logging_mixin.py:190} INFO - [2024-08-25T00:08:18.262+0000] {dag.py:4138} INFO - Setting next_dagrun for example_branch_dop_operator_v3 to 2024-08-25 00:07:00+00:00, run_after=2024-08-25 00:08:00+00:00
[2024-08-25T00:08:18.330+0000] {processor.py:208} INFO - Processing /home/airflow/.local/lib/python3.12/site-packages/airflow/example_dags/example_branch_python_dop_operator_3.py took 0.423 seconds
[2024-08-25T00:08:48.505+0000] {processor.py:186} INFO - Started process (PID=399) to work on /home/airflow/.local/lib/python3.12/site-packages/airflow/example_dags/example_branch_python_dop_operator_3.py
[2024-08-25T00:08:48.507+0000] {processor.py:914} INFO - Processing file /home/airflow/.local/lib/python3.12/site-packages/airflow/example_dags/example_branch_python_dop_operator_3.py for tasks to queue
[2024-08-25T00:08:48.514+0000] {logging_mixin.py:190} INFO - [2024-08-25T00:08:48.511+0000] {dagbag.py:587} INFO - Filling up the DagBag from /home/airflow/.local/lib/python3.12/site-packages/airflow/example_dags/example_branch_python_dop_operator_3.py
[2024-08-25T00:08:48.545+0000] {processor.py:925} INFO - DAG(s) 'example_branch_dop_operator_v3' retrieved from /home/airflow/.local/lib/python3.12/site-packages/airflow/example_dags/example_branch_python_dop_operator_3.py
[2024-08-25T00:08:48.593+0000] {logging_mixin.py:190} INFO - [2024-08-25T00:08:48.592+0000] {dag.py:3211} INFO - Sync 1 DAGs
[2024-08-25T00:08:48.661+0000] {logging_mixin.py:190} INFO - [2024-08-25T00:08:48.660+0000] {dag.py:4138} INFO - Setting next_dagrun for example_branch_dop_operator_v3 to 2024-08-25 00:07:00+00:00, run_after=2024-08-25 00:08:00+00:00
[2024-08-25T00:08:48.702+0000] {processor.py:208} INFO - Processing /home/airflow/.local/lib/python3.12/site-packages/airflow/example_dags/example_branch_python_dop_operator_3.py took 0.211 seconds
[2024-08-25T00:09:20.368+0000] {processor.py:186} INFO - Started process (PID=462) to work on /home/airflow/.local/lib/python3.12/site-packages/airflow/example_dags/example_branch_python_dop_operator_3.py
[2024-08-25T00:09:20.379+0000] {processor.py:914} INFO - Processing file /home/airflow/.local/lib/python3.12/site-packages/airflow/example_dags/example_branch_python_dop_operator_3.py for tasks to queue
[2024-08-25T00:09:20.389+0000] {logging_mixin.py:190} INFO - [2024-08-25T00:09:20.388+0000] {dagbag.py:587} INFO - Filling up the DagBag from /home/airflow/.local/lib/python3.12/site-packages/airflow/example_dags/example_branch_python_dop_operator_3.py
[2024-08-25T00:09:20.476+0000] {processor.py:925} INFO - DAG(s) 'example_branch_dop_operator_v3' retrieved from /home/airflow/.local/lib/python3.12/site-packages/airflow/example_dags/example_branch_python_dop_operator_3.py
[2024-08-25T00:09:20.583+0000] {logging_mixin.py:190} INFO - [2024-08-25T00:09:20.573+0000] {dag.py:3211} INFO - Sync 1 DAGs
[2024-08-25T00:09:20.827+0000] {logging_mixin.py:190} INFO - [2024-08-25T00:09:20.827+0000] {dag.py:4138} INFO - Setting next_dagrun for example_branch_dop_operator_v3 to 2024-08-25 00:08:00+00:00, run_after=2024-08-25 00:09:00+00:00
[2024-08-25T00:09:20.966+0000] {processor.py:208} INFO - Processing /home/airflow/.local/lib/python3.12/site-packages/airflow/example_dags/example_branch_python_dop_operator_3.py took 0.634 seconds
[2024-08-25T00:09:51.221+0000] {processor.py:186} INFO - Started process (PID=526) to work on /home/airflow/.local/lib/python3.12/site-packages/airflow/example_dags/example_branch_python_dop_operator_3.py
[2024-08-25T00:09:51.222+0000] {processor.py:914} INFO - Processing file /home/airflow/.local/lib/python3.12/site-packages/airflow/example_dags/example_branch_python_dop_operator_3.py for tasks to queue
[2024-08-25T00:09:51.229+0000] {logging_mixin.py:190} INFO - [2024-08-25T00:09:51.228+0000] {dagbag.py:587} INFO - Filling up the DagBag from /home/airflow/.local/lib/python3.12/site-packages/airflow/example_dags/example_branch_python_dop_operator_3.py
[2024-08-25T00:09:51.252+0000] {processor.py:925} INFO - DAG(s) 'example_branch_dop_operator_v3' retrieved from /home/airflow/.local/lib/python3.12/site-packages/airflow/example_dags/example_branch_python_dop_operator_3.py
[2024-08-25T00:09:51.298+0000] {logging_mixin.py:190} INFO - [2024-08-25T00:09:51.297+0000] {dag.py:3211} INFO - Sync 1 DAGs
[2024-08-25T00:09:51.360+0000] {logging_mixin.py:190} INFO - [2024-08-25T00:09:51.359+0000] {dag.py:4138} INFO - Setting next_dagrun for example_branch_dop_operator_v3 to 2024-08-25 00:08:00+00:00, run_after=2024-08-25 00:09:00+00:00
[2024-08-25T00:09:51.402+0000] {processor.py:208} INFO - Processing /home/airflow/.local/lib/python3.12/site-packages/airflow/example_dags/example_branch_python_dop_operator_3.py took 0.195 seconds
[2024-08-25T00:10:21.595+0000] {processor.py:186} INFO - Started process (PID=589) to work on /home/airflow/.local/lib/python3.12/site-packages/airflow/example_dags/example_branch_python_dop_operator_3.py
[2024-08-25T00:10:21.597+0000] {processor.py:914} INFO - Processing file /home/airflow/.local/lib/python3.12/site-packages/airflow/example_dags/example_branch_python_dop_operator_3.py for tasks to queue
[2024-08-25T00:10:21.602+0000] {logging_mixin.py:190} INFO - [2024-08-25T00:10:21.602+0000] {dagbag.py:587} INFO - Filling up the DagBag from /home/airflow/.local/lib/python3.12/site-packages/airflow/example_dags/example_branch_python_dop_operator_3.py
[2024-08-25T00:10:21.633+0000] {processor.py:925} INFO - DAG(s) 'example_branch_dop_operator_v3' retrieved from /home/airflow/.local/lib/python3.12/site-packages/airflow/example_dags/example_branch_python_dop_operator_3.py
[2024-08-25T00:10:21.698+0000] {logging_mixin.py:190} INFO - [2024-08-25T00:10:21.696+0000] {dag.py:3211} INFO - Sync 1 DAGs
[2024-08-25T00:10:21.777+0000] {logging_mixin.py:190} INFO - [2024-08-25T00:10:21.776+0000] {dag.py:4138} INFO - Setting next_dagrun for example_branch_dop_operator_v3 to 2024-08-25 00:09:00+00:00, run_after=2024-08-25 00:10:00+00:00
[2024-08-25T00:10:21.829+0000] {processor.py:208} INFO - Processing /home/airflow/.local/lib/python3.12/site-packages/airflow/example_dags/example_branch_python_dop_operator_3.py took 0.263 seconds
[2024-08-25T00:10:51.974+0000] {processor.py:186} INFO - Started process (PID=652) to work on /home/airflow/.local/lib/python3.12/site-packages/airflow/example_dags/example_branch_python_dop_operator_3.py
[2024-08-25T00:10:51.977+0000] {processor.py:914} INFO - Processing file /home/airflow/.local/lib/python3.12/site-packages/airflow/example_dags/example_branch_python_dop_operator_3.py for tasks to queue
[2024-08-25T00:10:51.987+0000] {logging_mixin.py:190} INFO - [2024-08-25T00:10:51.986+0000] {dagbag.py:587} INFO - Filling up the DagBag from /home/airflow/.local/lib/python3.12/site-packages/airflow/example_dags/example_branch_python_dop_operator_3.py
[2024-08-25T00:10:52.016+0000] {processor.py:925} INFO - DAG(s) 'example_branch_dop_operator_v3' retrieved from /home/airflow/.local/lib/python3.12/site-packages/airflow/example_dags/example_branch_python_dop_operator_3.py
[2024-08-25T00:10:52.110+0000] {logging_mixin.py:190} INFO - [2024-08-25T00:10:52.108+0000] {dag.py:3211} INFO - Sync 1 DAGs
[2024-08-25T00:10:52.221+0000] {logging_mixin.py:190} INFO - [2024-08-25T00:10:52.220+0000] {dag.py:4138} INFO - Setting next_dagrun for example_branch_dop_operator_v3 to 2024-08-25 00:09:00+00:00, run_after=2024-08-25 00:10:00+00:00
[2024-08-25T00:10:52.289+0000] {processor.py:208} INFO - Processing /home/airflow/.local/lib/python3.12/site-packages/airflow/example_dags/example_branch_python_dop_operator_3.py took 0.332 seconds
[2024-08-25T00:11:22.687+0000] {processor.py:186} INFO - Started process (PID=711) to work on /home/airflow/.local/lib/python3.12/site-packages/airflow/example_dags/example_branch_python_dop_operator_3.py
[2024-08-25T00:11:22.690+0000] {processor.py:914} INFO - Processing file /home/airflow/.local/lib/python3.12/site-packages/airflow/example_dags/example_branch_python_dop_operator_3.py for tasks to queue
[2024-08-25T00:11:22.697+0000] {logging_mixin.py:190} INFO - [2024-08-25T00:11:22.694+0000] {dagbag.py:587} INFO - Filling up the DagBag from /home/airflow/.local/lib/python3.12/site-packages/airflow/example_dags/example_branch_python_dop_operator_3.py
[2024-08-25T00:11:22.726+0000] {processor.py:925} INFO - DAG(s) 'example_branch_dop_operator_v3' retrieved from /home/airflow/.local/lib/python3.12/site-packages/airflow/example_dags/example_branch_python_dop_operator_3.py
[2024-08-25T00:11:22.778+0000] {logging_mixin.py:190} INFO - [2024-08-25T00:11:22.777+0000] {dag.py:3211} INFO - Sync 1 DAGs
[2024-08-25T00:11:22.855+0000] {logging_mixin.py:190} INFO - [2024-08-25T00:11:22.855+0000] {dag.py:4138} INFO - Setting next_dagrun for example_branch_dop_operator_v3 to 2024-08-25 00:10:00+00:00, run_after=2024-08-25 00:11:00+00:00
[2024-08-25T00:11:22.900+0000] {processor.py:208} INFO - Processing /home/airflow/.local/lib/python3.12/site-packages/airflow/example_dags/example_branch_python_dop_operator_3.py took 0.230 seconds
[2024-08-25T00:12:01.622+0000] {processor.py:186} INFO - Started process (PID=780) to work on /home/airflow/.local/lib/python3.12/site-packages/airflow/example_dags/example_branch_python_dop_operator_3.py
[2024-08-25T00:12:01.625+0000] {processor.py:914} INFO - Processing file /home/airflow/.local/lib/python3.12/site-packages/airflow/example_dags/example_branch_python_dop_operator_3.py for tasks to queue
[2024-08-25T00:12:01.632+0000] {logging_mixin.py:190} INFO - [2024-08-25T00:12:01.632+0000] {dagbag.py:587} INFO - Filling up the DagBag from /home/airflow/.local/lib/python3.12/site-packages/airflow/example_dags/example_branch_python_dop_operator_3.py
[2024-08-25T00:12:01.689+0000] {processor.py:925} INFO - DAG(s) 'example_branch_dop_operator_v3' retrieved from /home/airflow/.local/lib/python3.12/site-packages/airflow/example_dags/example_branch_python_dop_operator_3.py
[2024-08-25T00:12:01.772+0000] {logging_mixin.py:190} INFO - [2024-08-25T00:12:01.770+0000] {dag.py:3211} INFO - Sync 1 DAGs
[2024-08-25T00:12:01.984+0000] {logging_mixin.py:190} INFO - [2024-08-25T00:12:01.983+0000] {dag.py:4138} INFO - Setting next_dagrun for example_branch_dop_operator_v3 to 2024-08-25 00:11:00+00:00, run_after=2024-08-25 00:12:00+00:00
[2024-08-25T00:12:02.214+0000] {processor.py:208} INFO - Processing /home/airflow/.local/lib/python3.12/site-packages/airflow/example_dags/example_branch_python_dop_operator_3.py took 0.617 seconds
[2024-08-25T00:12:32.583+0000] {processor.py:186} INFO - Started process (PID=844) to work on /home/airflow/.local/lib/python3.12/site-packages/airflow/example_dags/example_branch_python_dop_operator_3.py
[2024-08-25T00:12:32.586+0000] {processor.py:914} INFO - Processing file /home/airflow/.local/lib/python3.12/site-packages/airflow/example_dags/example_branch_python_dop_operator_3.py for tasks to queue
[2024-08-25T00:12:32.592+0000] {logging_mixin.py:190} INFO - [2024-08-25T00:12:32.591+0000] {dagbag.py:587} INFO - Filling up the DagBag from /home/airflow/.local/lib/python3.12/site-packages/airflow/example_dags/example_branch_python_dop_operator_3.py
[2024-08-25T00:12:32.622+0000] {processor.py:925} INFO - DAG(s) 'example_branch_dop_operator_v3' retrieved from /home/airflow/.local/lib/python3.12/site-packages/airflow/example_dags/example_branch_python_dop_operator_3.py
[2024-08-25T00:12:32.682+0000] {logging_mixin.py:190} INFO - [2024-08-25T00:12:32.680+0000] {dag.py:3211} INFO - Sync 1 DAGs
[2024-08-25T00:12:32.756+0000] {logging_mixin.py:190} INFO - [2024-08-25T00:12:32.755+0000] {dag.py:4138} INFO - Setting next_dagrun for example_branch_dop_operator_v3 to 2024-08-25 00:11:00+00:00, run_after=2024-08-25 00:12:00+00:00
[2024-08-25T00:12:32.850+0000] {processor.py:208} INFO - Processing /home/airflow/.local/lib/python3.12/site-packages/airflow/example_dags/example_branch_python_dop_operator_3.py took 0.276 seconds
[2024-08-25T00:13:04.406+0000] {processor.py:186} INFO - Started process (PID=909) to work on /home/airflow/.local/lib/python3.12/site-packages/airflow/example_dags/example_branch_python_dop_operator_3.py
[2024-08-25T00:13:04.416+0000] {processor.py:914} INFO - Processing file /home/airflow/.local/lib/python3.12/site-packages/airflow/example_dags/example_branch_python_dop_operator_3.py for tasks to queue
[2024-08-25T00:13:04.427+0000] {logging_mixin.py:190} INFO - [2024-08-25T00:13:04.426+0000] {dagbag.py:587} INFO - Filling up the DagBag from /home/airflow/.local/lib/python3.12/site-packages/airflow/example_dags/example_branch_python_dop_operator_3.py
[2024-08-25T00:13:04.462+0000] {processor.py:925} INFO - DAG(s) 'example_branch_dop_operator_v3' retrieved from /home/airflow/.local/lib/python3.12/site-packages/airflow/example_dags/example_branch_python_dop_operator_3.py
[2024-08-25T00:13:04.526+0000] {logging_mixin.py:190} INFO - [2024-08-25T00:13:04.524+0000] {dag.py:3211} INFO - Sync 1 DAGs
[2024-08-25T00:13:04.623+0000] {logging_mixin.py:190} INFO - [2024-08-25T00:13:04.622+0000] {dag.py:4138} INFO - Setting next_dagrun for example_branch_dop_operator_v3 to 2024-08-25 00:12:00+00:00, run_after=2024-08-25 00:13:00+00:00
[2024-08-25T00:13:04.678+0000] {processor.py:208} INFO - Processing /home/airflow/.local/lib/python3.12/site-packages/airflow/example_dags/example_branch_python_dop_operator_3.py took 0.309 seconds
[2024-08-25T00:13:35.342+0000] {processor.py:186} INFO - Started process (PID=972) to work on /home/airflow/.local/lib/python3.12/site-packages/airflow/example_dags/example_branch_python_dop_operator_3.py
[2024-08-25T00:13:35.352+0000] {processor.py:914} INFO - Processing file /home/airflow/.local/lib/python3.12/site-packages/airflow/example_dags/example_branch_python_dop_operator_3.py for tasks to queue
[2024-08-25T00:13:35.360+0000] {logging_mixin.py:190} INFO - [2024-08-25T00:13:35.358+0000] {dagbag.py:587} INFO - Filling up the DagBag from /home/airflow/.local/lib/python3.12/site-packages/airflow/example_dags/example_branch_python_dop_operator_3.py
[2024-08-25T00:13:35.401+0000] {processor.py:925} INFO - DAG(s) 'example_branch_dop_operator_v3' retrieved from /home/airflow/.local/lib/python3.12/site-packages/airflow/example_dags/example_branch_python_dop_operator_3.py
[2024-08-25T00:13:35.462+0000] {logging_mixin.py:190} INFO - [2024-08-25T00:13:35.461+0000] {dag.py:3211} INFO - Sync 1 DAGs
[2024-08-25T00:13:35.599+0000] {logging_mixin.py:190} INFO - [2024-08-25T00:13:35.598+0000] {dag.py:4138} INFO - Setting next_dagrun for example_branch_dop_operator_v3 to 2024-08-25 00:12:00+00:00, run_after=2024-08-25 00:13:00+00:00
[2024-08-25T00:13:35.648+0000] {processor.py:208} INFO - Processing /home/airflow/.local/lib/python3.12/site-packages/airflow/example_dags/example_branch_python_dop_operator_3.py took 0.334 seconds
[2024-08-25T00:14:05.962+0000] {processor.py:186} INFO - Started process (PID=1036) to work on /home/airflow/.local/lib/python3.12/site-packages/airflow/example_dags/example_branch_python_dop_operator_3.py
[2024-08-25T00:14:05.964+0000] {processor.py:914} INFO - Processing file /home/airflow/.local/lib/python3.12/site-packages/airflow/example_dags/example_branch_python_dop_operator_3.py for tasks to queue
[2024-08-25T00:14:05.969+0000] {logging_mixin.py:190} INFO - [2024-08-25T00:14:05.969+0000] {dagbag.py:587} INFO - Filling up the DagBag from /home/airflow/.local/lib/python3.12/site-packages/airflow/example_dags/example_branch_python_dop_operator_3.py
[2024-08-25T00:14:05.995+0000] {processor.py:925} INFO - DAG(s) 'example_branch_dop_operator_v3' retrieved from /home/airflow/.local/lib/python3.12/site-packages/airflow/example_dags/example_branch_python_dop_operator_3.py
[2024-08-25T00:14:06.049+0000] {logging_mixin.py:190} INFO - [2024-08-25T00:14:06.047+0000] {dag.py:3211} INFO - Sync 1 DAGs
[2024-08-25T00:14:06.115+0000] {logging_mixin.py:190} INFO - [2024-08-25T00:14:06.114+0000] {dag.py:4138} INFO - Setting next_dagrun for example_branch_dop_operator_v3 to 2024-08-25 00:13:00+00:00, run_after=2024-08-25 00:14:00+00:00
[2024-08-25T00:14:06.152+0000] {processor.py:208} INFO - Processing /home/airflow/.local/lib/python3.12/site-packages/airflow/example_dags/example_branch_python_dop_operator_3.py took 0.208 seconds
[2024-08-25T00:14:37.266+0000] {processor.py:186} INFO - Started process (PID=1099) to work on /home/airflow/.local/lib/python3.12/site-packages/airflow/example_dags/example_branch_python_dop_operator_3.py
[2024-08-25T00:14:37.268+0000] {processor.py:914} INFO - Processing file /home/airflow/.local/lib/python3.12/site-packages/airflow/example_dags/example_branch_python_dop_operator_3.py for tasks to queue
[2024-08-25T00:14:37.275+0000] {logging_mixin.py:190} INFO - [2024-08-25T00:14:37.274+0000] {dagbag.py:587} INFO - Filling up the DagBag from /home/airflow/.local/lib/python3.12/site-packages/airflow/example_dags/example_branch_python_dop_operator_3.py
[2024-08-25T00:14:37.303+0000] {processor.py:925} INFO - DAG(s) 'example_branch_dop_operator_v3' retrieved from /home/airflow/.local/lib/python3.12/site-packages/airflow/example_dags/example_branch_python_dop_operator_3.py
[2024-08-25T00:14:37.427+0000] {logging_mixin.py:190} INFO - [2024-08-25T00:14:37.405+0000] {dag.py:3211} INFO - Sync 1 DAGs
[2024-08-25T00:14:37.595+0000] {logging_mixin.py:190} INFO - [2024-08-25T00:14:37.594+0000] {dag.py:4138} INFO - Setting next_dagrun for example_branch_dop_operator_v3 to 2024-08-25 00:13:00+00:00, run_after=2024-08-25 00:14:00+00:00
[2024-08-25T00:14:37.676+0000] {processor.py:208} INFO - Processing /home/airflow/.local/lib/python3.12/site-packages/airflow/example_dags/example_branch_python_dop_operator_3.py took 0.430 seconds
[2024-08-25T00:15:08.855+0000] {processor.py:186} INFO - Started process (PID=1162) to work on /home/airflow/.local/lib/python3.12/site-packages/airflow/example_dags/example_branch_python_dop_operator_3.py
[2024-08-25T00:15:08.872+0000] {processor.py:914} INFO - Processing file /home/airflow/.local/lib/python3.12/site-packages/airflow/example_dags/example_branch_python_dop_operator_3.py for tasks to queue
[2024-08-25T00:15:08.903+0000] {logging_mixin.py:190} INFO - [2024-08-25T00:15:08.891+0000] {dagbag.py:587} INFO - Filling up the DagBag from /home/airflow/.local/lib/python3.12/site-packages/airflow/example_dags/example_branch_python_dop_operator_3.py
[2024-08-25T00:15:09.078+0000] {processor.py:925} INFO - DAG(s) 'example_branch_dop_operator_v3' retrieved from /home/airflow/.local/lib/python3.12/site-packages/airflow/example_dags/example_branch_python_dop_operator_3.py
[2024-08-25T00:15:09.384+0000] {logging_mixin.py:190} INFO - [2024-08-25T00:15:09.383+0000] {dag.py:3211} INFO - Sync 1 DAGs
[2024-08-25T00:15:09.709+0000] {logging_mixin.py:190} INFO - [2024-08-25T00:15:09.681+0000] {dag.py:4138} INFO - Setting next_dagrun for example_branch_dop_operator_v3 to 2024-08-25 00:14:00+00:00, run_after=2024-08-25 00:15:00+00:00
[2024-08-25T00:15:10.000+0000] {processor.py:208} INFO - Processing /home/airflow/.local/lib/python3.12/site-packages/airflow/example_dags/example_branch_python_dop_operator_3.py took 1.201 seconds
[2024-08-25T00:15:40.705+0000] {processor.py:186} INFO - Started process (PID=1226) to work on /home/airflow/.local/lib/python3.12/site-packages/airflow/example_dags/example_branch_python_dop_operator_3.py
[2024-08-25T00:15:40.707+0000] {processor.py:914} INFO - Processing file /home/airflow/.local/lib/python3.12/site-packages/airflow/example_dags/example_branch_python_dop_operator_3.py for tasks to queue
[2024-08-25T00:15:40.714+0000] {logging_mixin.py:190} INFO - [2024-08-25T00:15:40.713+0000] {dagbag.py:587} INFO - Filling up the DagBag from /home/airflow/.local/lib/python3.12/site-packages/airflow/example_dags/example_branch_python_dop_operator_3.py
[2024-08-25T00:15:40.748+0000] {processor.py:925} INFO - DAG(s) 'example_branch_dop_operator_v3' retrieved from /home/airflow/.local/lib/python3.12/site-packages/airflow/example_dags/example_branch_python_dop_operator_3.py
[2024-08-25T00:15:40.812+0000] {logging_mixin.py:190} INFO - [2024-08-25T00:15:40.811+0000] {dag.py:3211} INFO - Sync 1 DAGs
[2024-08-25T00:15:40.901+0000] {logging_mixin.py:190} INFO - [2024-08-25T00:15:40.900+0000] {dag.py:4138} INFO - Setting next_dagrun for example_branch_dop_operator_v3 to 2024-08-25 00:14:00+00:00, run_after=2024-08-25 00:15:00+00:00
[2024-08-25T00:15:40.967+0000] {processor.py:208} INFO - Processing /home/airflow/.local/lib/python3.12/site-packages/airflow/example_dags/example_branch_python_dop_operator_3.py took 0.290 seconds
[2024-08-25T00:16:15.129+0000] {processor.py:186} INFO - Started process (PID=1290) to work on /home/airflow/.local/lib/python3.12/site-packages/airflow/example_dags/example_branch_python_dop_operator_3.py
[2024-08-25T00:16:15.135+0000] {processor.py:914} INFO - Processing file /home/airflow/.local/lib/python3.12/site-packages/airflow/example_dags/example_branch_python_dop_operator_3.py for tasks to queue
[2024-08-25T00:16:15.148+0000] {logging_mixin.py:190} INFO - [2024-08-25T00:16:15.145+0000] {dagbag.py:587} INFO - Filling up the DagBag from /home/airflow/.local/lib/python3.12/site-packages/airflow/example_dags/example_branch_python_dop_operator_3.py
[2024-08-25T00:16:15.210+0000] {processor.py:925} INFO - DAG(s) 'example_branch_dop_operator_v3' retrieved from /home/airflow/.local/lib/python3.12/site-packages/airflow/example_dags/example_branch_python_dop_operator_3.py
[2024-08-25T00:16:15.445+0000] {logging_mixin.py:190} INFO - [2024-08-25T00:16:15.443+0000] {dag.py:3211} INFO - Sync 1 DAGs
[2024-08-25T00:16:15.672+0000] {logging_mixin.py:190} INFO - [2024-08-25T00:16:15.671+0000] {dag.py:4138} INFO - Setting next_dagrun for example_branch_dop_operator_v3 to 2024-08-25 00:15:00+00:00, run_after=2024-08-25 00:16:00+00:00
[2024-08-25T00:16:15.769+0000] {processor.py:208} INFO - Processing /home/airflow/.local/lib/python3.12/site-packages/airflow/example_dags/example_branch_python_dop_operator_3.py took 0.673 seconds
[2024-08-25T00:16:46.488+0000] {processor.py:186} INFO - Started process (PID=1353) to work on /home/airflow/.local/lib/python3.12/site-packages/airflow/example_dags/example_branch_python_dop_operator_3.py
[2024-08-25T00:16:46.495+0000] {processor.py:914} INFO - Processing file /home/airflow/.local/lib/python3.12/site-packages/airflow/example_dags/example_branch_python_dop_operator_3.py for tasks to queue
[2024-08-25T00:16:46.501+0000] {logging_mixin.py:190} INFO - [2024-08-25T00:16:46.500+0000] {dagbag.py:587} INFO - Filling up the DagBag from /home/airflow/.local/lib/python3.12/site-packages/airflow/example_dags/example_branch_python_dop_operator_3.py
[2024-08-25T00:16:46.550+0000] {processor.py:925} INFO - DAG(s) 'example_branch_dop_operator_v3' retrieved from /home/airflow/.local/lib/python3.12/site-packages/airflow/example_dags/example_branch_python_dop_operator_3.py
[2024-08-25T00:16:46.675+0000] {logging_mixin.py:190} INFO - [2024-08-25T00:16:46.673+0000] {dag.py:3211} INFO - Sync 1 DAGs
[2024-08-25T00:16:46.842+0000] {logging_mixin.py:190} INFO - [2024-08-25T00:16:46.841+0000] {dag.py:4138} INFO - Setting next_dagrun for example_branch_dop_operator_v3 to 2024-08-25 00:15:00+00:00, run_after=2024-08-25 00:16:00+00:00
[2024-08-25T00:16:46.949+0000] {processor.py:208} INFO - Processing /home/airflow/.local/lib/python3.12/site-packages/airflow/example_dags/example_branch_python_dop_operator_3.py took 0.491 seconds
[2024-08-25T00:17:19.687+0000] {processor.py:186} INFO - Started process (PID=1416) to work on /home/airflow/.local/lib/python3.12/site-packages/airflow/example_dags/example_branch_python_dop_operator_3.py
[2024-08-25T00:17:19.689+0000] {processor.py:914} INFO - Processing file /home/airflow/.local/lib/python3.12/site-packages/airflow/example_dags/example_branch_python_dop_operator_3.py for tasks to queue
[2024-08-25T00:17:19.702+0000] {logging_mixin.py:190} INFO - [2024-08-25T00:17:19.701+0000] {dagbag.py:587} INFO - Filling up the DagBag from /home/airflow/.local/lib/python3.12/site-packages/airflow/example_dags/example_branch_python_dop_operator_3.py
[2024-08-25T00:17:19.742+0000] {processor.py:925} INFO - DAG(s) 'example_branch_dop_operator_v3' retrieved from /home/airflow/.local/lib/python3.12/site-packages/airflow/example_dags/example_branch_python_dop_operator_3.py
[2024-08-25T00:17:19.879+0000] {logging_mixin.py:190} INFO - [2024-08-25T00:17:19.877+0000] {dag.py:3211} INFO - Sync 1 DAGs
[2024-08-25T00:17:20.130+0000] {logging_mixin.py:190} INFO - [2024-08-25T00:17:20.129+0000] {dag.py:4138} INFO - Setting next_dagrun for example_branch_dop_operator_v3 to 2024-08-25 00:16:00+00:00, run_after=2024-08-25 00:17:00+00:00
[2024-08-25T00:17:20.300+0000] {processor.py:208} INFO - Processing /home/airflow/.local/lib/python3.12/site-packages/airflow/example_dags/example_branch_python_dop_operator_3.py took 0.634 seconds
[2024-08-25T00:17:53.013+0000] {processor.py:186} INFO - Started process (PID=1479) to work on /home/airflow/.local/lib/python3.12/site-packages/airflow/example_dags/example_branch_python_dop_operator_3.py
[2024-08-25T00:17:53.140+0000] {processor.py:914} INFO - Processing file /home/airflow/.local/lib/python3.12/site-packages/airflow/example_dags/example_branch_python_dop_operator_3.py for tasks to queue
[2024-08-25T00:17:53.221+0000] {logging_mixin.py:190} INFO - [2024-08-25T00:17:53.221+0000] {dagbag.py:587} INFO - Filling up the DagBag from /home/airflow/.local/lib/python3.12/site-packages/airflow/example_dags/example_branch_python_dop_operator_3.py
[2024-08-25T00:17:53.402+0000] {processor.py:925} INFO - DAG(s) 'example_branch_dop_operator_v3' retrieved from /home/airflow/.local/lib/python3.12/site-packages/airflow/example_dags/example_branch_python_dop_operator_3.py
[2024-08-25T00:17:53.684+0000] {logging_mixin.py:190} INFO - [2024-08-25T00:17:53.682+0000] {dag.py:3211} INFO - Sync 1 DAGs
[2024-08-25T00:17:53.971+0000] {logging_mixin.py:190} INFO - [2024-08-25T00:17:53.958+0000] {dag.py:4138} INFO - Setting next_dagrun for example_branch_dop_operator_v3 to 2024-08-25 00:16:00+00:00, run_after=2024-08-25 00:17:00+00:00
[2024-08-25T00:17:54.119+0000] {processor.py:208} INFO - Processing /home/airflow/.local/lib/python3.12/site-packages/airflow/example_dags/example_branch_python_dop_operator_3.py took 1.147 seconds
[2024-08-25T00:18:24.823+0000] {processor.py:186} INFO - Started process (PID=1541) to work on /home/airflow/.local/lib/python3.12/site-packages/airflow/example_dags/example_branch_python_dop_operator_3.py
[2024-08-25T00:18:24.830+0000] {processor.py:914} INFO - Processing file /home/airflow/.local/lib/python3.12/site-packages/airflow/example_dags/example_branch_python_dop_operator_3.py for tasks to queue
[2024-08-25T00:18:24.846+0000] {logging_mixin.py:190} INFO - [2024-08-25T00:18:24.845+0000] {dagbag.py:587} INFO - Filling up the DagBag from /home/airflow/.local/lib/python3.12/site-packages/airflow/example_dags/example_branch_python_dop_operator_3.py
[2024-08-25T00:18:24.887+0000] {processor.py:925} INFO - DAG(s) 'example_branch_dop_operator_v3' retrieved from /home/airflow/.local/lib/python3.12/site-packages/airflow/example_dags/example_branch_python_dop_operator_3.py
[2024-08-25T00:18:24.970+0000] {logging_mixin.py:190} INFO - [2024-08-25T00:18:24.969+0000] {dag.py:3211} INFO - Sync 1 DAGs
[2024-08-25T00:18:25.076+0000] {logging_mixin.py:190} INFO - [2024-08-25T00:18:25.075+0000] {dag.py:4138} INFO - Setting next_dagrun for example_branch_dop_operator_v3 to 2024-08-25 00:17:00+00:00, run_after=2024-08-25 00:18:00+00:00
[2024-08-25T00:18:25.141+0000] {processor.py:208} INFO - Processing /home/airflow/.local/lib/python3.12/site-packages/airflow/example_dags/example_branch_python_dop_operator_3.py took 0.344 seconds
[2024-08-25T00:18:55.809+0000] {processor.py:186} INFO - Started process (PID=1603) to work on /home/airflow/.local/lib/python3.12/site-packages/airflow/example_dags/example_branch_python_dop_operator_3.py
[2024-08-25T00:18:55.812+0000] {processor.py:914} INFO - Processing file /home/airflow/.local/lib/python3.12/site-packages/airflow/example_dags/example_branch_python_dop_operator_3.py for tasks to queue
[2024-08-25T00:18:55.819+0000] {logging_mixin.py:190} INFO - [2024-08-25T00:18:55.818+0000] {dagbag.py:587} INFO - Filling up the DagBag from /home/airflow/.local/lib/python3.12/site-packages/airflow/example_dags/example_branch_python_dop_operator_3.py
[2024-08-25T00:18:55.849+0000] {processor.py:925} INFO - DAG(s) 'example_branch_dop_operator_v3' retrieved from /home/airflow/.local/lib/python3.12/site-packages/airflow/example_dags/example_branch_python_dop_operator_3.py
[2024-08-25T00:18:55.916+0000] {logging_mixin.py:190} INFO - [2024-08-25T00:18:55.914+0000] {dag.py:3211} INFO - Sync 1 DAGs
[2024-08-25T00:18:56.009+0000] {logging_mixin.py:190} INFO - [2024-08-25T00:18:56.009+0000] {dag.py:4138} INFO - Setting next_dagrun for example_branch_dop_operator_v3 to 2024-08-25 00:17:00+00:00, run_after=2024-08-25 00:18:00+00:00
[2024-08-25T00:18:56.063+0000] {processor.py:208} INFO - Processing /home/airflow/.local/lib/python3.12/site-packages/airflow/example_dags/example_branch_python_dop_operator_3.py took 0.271 seconds
[2024-08-25T00:19:26.675+0000] {processor.py:186} INFO - Started process (PID=1666) to work on /home/airflow/.local/lib/python3.12/site-packages/airflow/example_dags/example_branch_python_dop_operator_3.py
[2024-08-25T00:19:26.677+0000] {processor.py:914} INFO - Processing file /home/airflow/.local/lib/python3.12/site-packages/airflow/example_dags/example_branch_python_dop_operator_3.py for tasks to queue
[2024-08-25T00:19:26.684+0000] {logging_mixin.py:190} INFO - [2024-08-25T00:19:26.683+0000] {dagbag.py:587} INFO - Filling up the DagBag from /home/airflow/.local/lib/python3.12/site-packages/airflow/example_dags/example_branch_python_dop_operator_3.py
[2024-08-25T00:19:26.737+0000] {processor.py:925} INFO - DAG(s) 'example_branch_dop_operator_v3' retrieved from /home/airflow/.local/lib/python3.12/site-packages/airflow/example_dags/example_branch_python_dop_operator_3.py
[2024-08-25T00:19:26.818+0000] {logging_mixin.py:190} INFO - [2024-08-25T00:19:26.817+0000] {dag.py:3211} INFO - Sync 1 DAGs
[2024-08-25T00:19:26.931+0000] {logging_mixin.py:190} INFO - [2024-08-25T00:19:26.931+0000] {dag.py:4138} INFO - Setting next_dagrun for example_branch_dop_operator_v3 to 2024-08-25 00:18:00+00:00, run_after=2024-08-25 00:19:00+00:00
[2024-08-25T00:19:26.986+0000] {processor.py:208} INFO - Processing /home/airflow/.local/lib/python3.12/site-packages/airflow/example_dags/example_branch_python_dop_operator_3.py took 0.343 seconds
[2024-08-25T00:19:57.208+0000] {processor.py:186} INFO - Started process (PID=1729) to work on /home/airflow/.local/lib/python3.12/site-packages/airflow/example_dags/example_branch_python_dop_operator_3.py
[2024-08-25T00:19:57.211+0000] {processor.py:914} INFO - Processing file /home/airflow/.local/lib/python3.12/site-packages/airflow/example_dags/example_branch_python_dop_operator_3.py for tasks to queue
[2024-08-25T00:19:57.219+0000] {logging_mixin.py:190} INFO - [2024-08-25T00:19:57.218+0000] {dagbag.py:587} INFO - Filling up the DagBag from /home/airflow/.local/lib/python3.12/site-packages/airflow/example_dags/example_branch_python_dop_operator_3.py
[2024-08-25T00:19:57.249+0000] {processor.py:925} INFO - DAG(s) 'example_branch_dop_operator_v3' retrieved from /home/airflow/.local/lib/python3.12/site-packages/airflow/example_dags/example_branch_python_dop_operator_3.py
[2024-08-25T00:19:57.314+0000] {logging_mixin.py:190} INFO - [2024-08-25T00:19:57.313+0000] {dag.py:3211} INFO - Sync 1 DAGs
[2024-08-25T00:19:57.406+0000] {logging_mixin.py:190} INFO - [2024-08-25T00:19:57.405+0000] {dag.py:4138} INFO - Setting next_dagrun for example_branch_dop_operator_v3 to 2024-08-25 00:18:00+00:00, run_after=2024-08-25 00:19:00+00:00
[2024-08-25T00:19:57.461+0000] {processor.py:208} INFO - Processing /home/airflow/.local/lib/python3.12/site-packages/airflow/example_dags/example_branch_python_dop_operator_3.py took 0.275 seconds
[2024-08-25T00:20:28.463+0000] {processor.py:186} INFO - Started process (PID=1793) to work on /home/airflow/.local/lib/python3.12/site-packages/airflow/example_dags/example_branch_python_dop_operator_3.py
[2024-08-25T00:20:28.467+0000] {processor.py:914} INFO - Processing file /home/airflow/.local/lib/python3.12/site-packages/airflow/example_dags/example_branch_python_dop_operator_3.py for tasks to queue
[2024-08-25T00:20:28.476+0000] {logging_mixin.py:190} INFO - [2024-08-25T00:20:28.475+0000] {dagbag.py:587} INFO - Filling up the DagBag from /home/airflow/.local/lib/python3.12/site-packages/airflow/example_dags/example_branch_python_dop_operator_3.py
[2024-08-25T00:20:28.556+0000] {processor.py:925} INFO - DAG(s) 'example_branch_dop_operator_v3' retrieved from /home/airflow/.local/lib/python3.12/site-packages/airflow/example_dags/example_branch_python_dop_operator_3.py
[2024-08-25T00:20:28.691+0000] {logging_mixin.py:190} INFO - [2024-08-25T00:20:28.689+0000] {dag.py:3211} INFO - Sync 1 DAGs
[2024-08-25T00:20:28.903+0000] {logging_mixin.py:190} INFO - [2024-08-25T00:20:28.902+0000] {dag.py:4138} INFO - Setting next_dagrun for example_branch_dop_operator_v3 to 2024-08-25 00:19:00+00:00, run_after=2024-08-25 00:20:00+00:00
[2024-08-25T00:20:29.010+0000] {processor.py:208} INFO - Processing /home/airflow/.local/lib/python3.12/site-packages/airflow/example_dags/example_branch_python_dop_operator_3.py took 0.577 seconds
[2024-08-25T00:20:59.491+0000] {processor.py:186} INFO - Started process (PID=1854) to work on /home/airflow/.local/lib/python3.12/site-packages/airflow/example_dags/example_branch_python_dop_operator_3.py
[2024-08-25T00:20:59.498+0000] {processor.py:914} INFO - Processing file /home/airflow/.local/lib/python3.12/site-packages/airflow/example_dags/example_branch_python_dop_operator_3.py for tasks to queue
[2024-08-25T00:20:59.510+0000] {logging_mixin.py:190} INFO - [2024-08-25T00:20:59.509+0000] {dagbag.py:587} INFO - Filling up the DagBag from /home/airflow/.local/lib/python3.12/site-packages/airflow/example_dags/example_branch_python_dop_operator_3.py
[2024-08-25T00:20:59.614+0000] {processor.py:925} INFO - DAG(s) 'example_branch_dop_operator_v3' retrieved from /home/airflow/.local/lib/python3.12/site-packages/airflow/example_dags/example_branch_python_dop_operator_3.py
[2024-08-25T00:20:59.753+0000] {logging_mixin.py:190} INFO - [2024-08-25T00:20:59.751+0000] {dag.py:3211} INFO - Sync 1 DAGs
[2024-08-25T00:21:00.048+0000] {logging_mixin.py:190} INFO - [2024-08-25T00:21:00.047+0000] {dag.py:4138} INFO - Setting next_dagrun for example_branch_dop_operator_v3 to 2024-08-25 00:20:00+00:00, run_after=2024-08-25 00:21:00+00:00
[2024-08-25T00:21:00.405+0000] {processor.py:208} INFO - Processing /home/airflow/.local/lib/python3.12/site-packages/airflow/example_dags/example_branch_python_dop_operator_3.py took 0.945 seconds
[2024-08-25T00:26:25.299+0000] {processor.py:186} INFO - Started process (PID=88) to work on /home/airflow/.local/lib/python3.12/site-packages/airflow/example_dags/example_branch_python_dop_operator_3.py
[2024-08-25T00:26:25.319+0000] {processor.py:914} INFO - Processing file /home/airflow/.local/lib/python3.12/site-packages/airflow/example_dags/example_branch_python_dop_operator_3.py for tasks to queue
[2024-08-25T00:26:25.335+0000] {logging_mixin.py:190} INFO - [2024-08-25T00:26:25.334+0000] {dagbag.py:587} INFO - Filling up the DagBag from /home/airflow/.local/lib/python3.12/site-packages/airflow/example_dags/example_branch_python_dop_operator_3.py
[2024-08-25T00:26:25.423+0000] {processor.py:925} INFO - DAG(s) 'example_branch_dop_operator_v3' retrieved from /home/airflow/.local/lib/python3.12/site-packages/airflow/example_dags/example_branch_python_dop_operator_3.py
[2024-08-25T00:26:25.726+0000] {logging_mixin.py:190} INFO - [2024-08-25T00:26:25.724+0000] {dag.py:3211} INFO - Sync 1 DAGs
[2024-08-25T00:26:26.261+0000] {logging_mixin.py:190} INFO - [2024-08-25T00:26:26.259+0000] {dag.py:4138} INFO - Setting next_dagrun for example_branch_dop_operator_v3 to 2024-08-25 00:25:00+00:00, run_after=2024-08-25 00:26:00+00:00
[2024-08-25T00:26:26.520+0000] {processor.py:208} INFO - Processing /home/airflow/.local/lib/python3.12/site-packages/airflow/example_dags/example_branch_python_dop_operator_3.py took 1.272 seconds
[2024-08-25T00:27:23.083+0000] {processor.py:186} INFO - Started process (PID=156) to work on /home/airflow/.local/lib/python3.12/site-packages/airflow/example_dags/example_branch_python_dop_operator_3.py
[2024-08-25T00:27:23.160+0000] {processor.py:914} INFO - Processing file /home/airflow/.local/lib/python3.12/site-packages/airflow/example_dags/example_branch_python_dop_operator_3.py for tasks to queue
[2024-08-25T00:27:23.180+0000] {logging_mixin.py:190} INFO - [2024-08-25T00:27:23.179+0000] {dagbag.py:587} INFO - Filling up the DagBag from /home/airflow/.local/lib/python3.12/site-packages/airflow/example_dags/example_branch_python_dop_operator_3.py
[2024-08-25T00:27:23.393+0000] {processor.py:925} INFO - DAG(s) 'example_branch_dop_operator_v3' retrieved from /home/airflow/.local/lib/python3.12/site-packages/airflow/example_dags/example_branch_python_dop_operator_3.py
[2024-08-25T00:27:23.648+0000] {logging_mixin.py:190} INFO - [2024-08-25T00:27:23.647+0000] {dag.py:3211} INFO - Sync 1 DAGs
[2024-08-25T00:27:24.268+0000] {logging_mixin.py:190} INFO - [2024-08-25T00:27:24.267+0000] {dag.py:4138} INFO - Setting next_dagrun for example_branch_dop_operator_v3 to 2024-08-25 00:26:00+00:00, run_after=2024-08-25 00:27:00+00:00
[2024-08-25T00:27:24.547+0000] {processor.py:208} INFO - Processing /home/airflow/.local/lib/python3.12/site-packages/airflow/example_dags/example_branch_python_dop_operator_3.py took 1.652 seconds
[2024-08-25T00:28:11.764+0000] {processor.py:186} INFO - Started process (PID=216) to work on /home/airflow/.local/lib/python3.12/site-packages/airflow/example_dags/example_branch_python_dop_operator_3.py
[2024-08-25T00:28:11.779+0000] {processor.py:914} INFO - Processing file /home/airflow/.local/lib/python3.12/site-packages/airflow/example_dags/example_branch_python_dop_operator_3.py for tasks to queue
[2024-08-25T00:28:11.807+0000] {logging_mixin.py:190} INFO - [2024-08-25T00:28:11.806+0000] {dagbag.py:587} INFO - Filling up the DagBag from /home/airflow/.local/lib/python3.12/site-packages/airflow/example_dags/example_branch_python_dop_operator_3.py
[2024-08-25T00:28:11.945+0000] {processor.py:925} INFO - DAG(s) 'example_branch_dop_operator_v3' retrieved from /home/airflow/.local/lib/python3.12/site-packages/airflow/example_dags/example_branch_python_dop_operator_3.py
[2024-08-25T00:28:12.171+0000] {logging_mixin.py:190} INFO - [2024-08-25T00:28:12.159+0000] {dag.py:3211} INFO - Sync 1 DAGs
[2024-08-25T00:28:12.550+0000] {logging_mixin.py:190} INFO - [2024-08-25T00:28:12.549+0000] {dag.py:4138} INFO - Setting next_dagrun for example_branch_dop_operator_v3 to 2024-08-25 00:27:00+00:00, run_after=2024-08-25 00:28:00+00:00
[2024-08-25T00:28:12.815+0000] {processor.py:208} INFO - Processing /home/airflow/.local/lib/python3.12/site-packages/airflow/example_dags/example_branch_python_dop_operator_3.py took 1.100 seconds
[2024-08-25T00:28:48.714+0000] {processor.py:186} INFO - Started process (PID=279) to work on /home/airflow/.local/lib/python3.12/site-packages/airflow/example_dags/example_branch_python_dop_operator_3.py
[2024-08-25T00:28:48.716+0000] {processor.py:914} INFO - Processing file /home/airflow/.local/lib/python3.12/site-packages/airflow/example_dags/example_branch_python_dop_operator_3.py for tasks to queue
[2024-08-25T00:28:48.733+0000] {logging_mixin.py:190} INFO - [2024-08-25T00:28:48.733+0000] {dagbag.py:587} INFO - Filling up the DagBag from /home/airflow/.local/lib/python3.12/site-packages/airflow/example_dags/example_branch_python_dop_operator_3.py
[2024-08-25T00:28:48.805+0000] {processor.py:925} INFO - DAG(s) 'example_branch_dop_operator_v3' retrieved from /home/airflow/.local/lib/python3.12/site-packages/airflow/example_dags/example_branch_python_dop_operator_3.py
[2024-08-25T00:28:48.904+0000] {logging_mixin.py:190} INFO - [2024-08-25T00:28:48.901+0000] {dag.py:3211} INFO - Sync 1 DAGs
[2024-08-25T00:28:49.057+0000] {logging_mixin.py:190} INFO - [2024-08-25T00:28:49.055+0000] {dag.py:4138} INFO - Setting next_dagrun for example_branch_dop_operator_v3 to 2024-08-25 00:27:00+00:00, run_after=2024-08-25 00:28:00+00:00
[2024-08-25T00:28:49.152+0000] {processor.py:208} INFO - Processing /home/airflow/.local/lib/python3.12/site-packages/airflow/example_dags/example_branch_python_dop_operator_3.py took 0.466 seconds
[2024-08-25T00:29:21.252+0000] {processor.py:186} INFO - Started process (PID=342) to work on /home/airflow/.local/lib/python3.12/site-packages/airflow/example_dags/example_branch_python_dop_operator_3.py
[2024-08-25T00:29:21.254+0000] {processor.py:914} INFO - Processing file /home/airflow/.local/lib/python3.12/site-packages/airflow/example_dags/example_branch_python_dop_operator_3.py for tasks to queue
[2024-08-25T00:29:21.266+0000] {logging_mixin.py:190} INFO - [2024-08-25T00:29:21.264+0000] {dagbag.py:587} INFO - Filling up the DagBag from /home/airflow/.local/lib/python3.12/site-packages/airflow/example_dags/example_branch_python_dop_operator_3.py
[2024-08-25T00:29:21.302+0000] {processor.py:925} INFO - DAG(s) 'example_branch_dop_operator_v3' retrieved from /home/airflow/.local/lib/python3.12/site-packages/airflow/example_dags/example_branch_python_dop_operator_3.py
[2024-08-25T00:29:21.386+0000] {logging_mixin.py:190} INFO - [2024-08-25T00:29:21.385+0000] {dag.py:3211} INFO - Sync 1 DAGs
[2024-08-25T00:29:21.512+0000] {logging_mixin.py:190} INFO - [2024-08-25T00:29:21.507+0000] {dag.py:4138} INFO - Setting next_dagrun for example_branch_dop_operator_v3 to 2024-08-25 00:28:00+00:00, run_after=2024-08-25 00:29:00+00:00
[2024-08-25T00:29:21.571+0000] {processor.py:208} INFO - Processing /home/airflow/.local/lib/python3.12/site-packages/airflow/example_dags/example_branch_python_dop_operator_3.py took 0.349 seconds
[2024-08-25T00:29:53.646+0000] {processor.py:186} INFO - Started process (PID=405) to work on /home/airflow/.local/lib/python3.12/site-packages/airflow/example_dags/example_branch_python_dop_operator_3.py
[2024-08-25T00:29:53.649+0000] {processor.py:914} INFO - Processing file /home/airflow/.local/lib/python3.12/site-packages/airflow/example_dags/example_branch_python_dop_operator_3.py for tasks to queue
[2024-08-25T00:29:53.667+0000] {logging_mixin.py:190} INFO - [2024-08-25T00:29:53.666+0000] {dagbag.py:587} INFO - Filling up the DagBag from /home/airflow/.local/lib/python3.12/site-packages/airflow/example_dags/example_branch_python_dop_operator_3.py
[2024-08-25T00:29:53.783+0000] {processor.py:925} INFO - DAG(s) 'example_branch_dop_operator_v3' retrieved from /home/airflow/.local/lib/python3.12/site-packages/airflow/example_dags/example_branch_python_dop_operator_3.py
[2024-08-25T00:29:53.945+0000] {logging_mixin.py:190} INFO - [2024-08-25T00:29:53.941+0000] {dag.py:3211} INFO - Sync 1 DAGs
[2024-08-25T00:29:54.094+0000] {logging_mixin.py:190} INFO - [2024-08-25T00:29:54.093+0000] {dag.py:4138} INFO - Setting next_dagrun for example_branch_dop_operator_v3 to 2024-08-25 00:28:00+00:00, run_after=2024-08-25 00:29:00+00:00
[2024-08-25T00:29:54.178+0000] {processor.py:208} INFO - Processing /home/airflow/.local/lib/python3.12/site-packages/airflow/example_dags/example_branch_python_dop_operator_3.py took 0.565 seconds
[2024-08-25T00:30:33.201+0000] {processor.py:186} INFO - Started process (PID=474) to work on /home/airflow/.local/lib/python3.12/site-packages/airflow/example_dags/example_branch_python_dop_operator_3.py
[2024-08-25T00:30:33.214+0000] {processor.py:914} INFO - Processing file /home/airflow/.local/lib/python3.12/site-packages/airflow/example_dags/example_branch_python_dop_operator_3.py for tasks to queue
[2024-08-25T00:30:33.226+0000] {logging_mixin.py:190} INFO - [2024-08-25T00:30:33.226+0000] {dagbag.py:587} INFO - Filling up the DagBag from /home/airflow/.local/lib/python3.12/site-packages/airflow/example_dags/example_branch_python_dop_operator_3.py
[2024-08-25T00:30:33.268+0000] {processor.py:925} INFO - DAG(s) 'example_branch_dop_operator_v3' retrieved from /home/airflow/.local/lib/python3.12/site-packages/airflow/example_dags/example_branch_python_dop_operator_3.py
[2024-08-25T00:30:33.365+0000] {logging_mixin.py:190} INFO - [2024-08-25T00:30:33.363+0000] {dag.py:3211} INFO - Sync 1 DAGs
[2024-08-25T00:30:33.458+0000] {logging_mixin.py:190} INFO - [2024-08-25T00:30:33.458+0000] {dag.py:4138} INFO - Setting next_dagrun for example_branch_dop_operator_v3 to 2024-08-25 00:29:00+00:00, run_after=2024-08-25 00:30:00+00:00
[2024-08-25T00:30:33.531+0000] {processor.py:208} INFO - Processing /home/airflow/.local/lib/python3.12/site-packages/airflow/example_dags/example_branch_python_dop_operator_3.py took 0.350 seconds
[2024-08-25T00:31:05.417+0000] {processor.py:186} INFO - Started process (PID=538) to work on /home/airflow/.local/lib/python3.12/site-packages/airflow/example_dags/example_branch_python_dop_operator_3.py
[2024-08-25T00:31:05.434+0000] {processor.py:914} INFO - Processing file /home/airflow/.local/lib/python3.12/site-packages/airflow/example_dags/example_branch_python_dop_operator_3.py for tasks to queue
[2024-08-25T00:31:05.447+0000] {logging_mixin.py:190} INFO - [2024-08-25T00:31:05.445+0000] {dagbag.py:587} INFO - Filling up the DagBag from /home/airflow/.local/lib/python3.12/site-packages/airflow/example_dags/example_branch_python_dop_operator_3.py
[2024-08-25T00:31:05.624+0000] {processor.py:925} INFO - DAG(s) 'example_branch_dop_operator_v3' retrieved from /home/airflow/.local/lib/python3.12/site-packages/airflow/example_dags/example_branch_python_dop_operator_3.py
[2024-08-25T00:31:05.941+0000] {logging_mixin.py:190} INFO - [2024-08-25T00:31:05.940+0000] {dag.py:3211} INFO - Sync 1 DAGs
[2024-08-25T00:31:06.170+0000] {logging_mixin.py:190} INFO - [2024-08-25T00:31:06.169+0000] {dag.py:4138} INFO - Setting next_dagrun for example_branch_dop_operator_v3 to 2024-08-25 00:30:00+00:00, run_after=2024-08-25 00:31:00+00:00
[2024-08-25T00:31:06.335+0000] {processor.py:208} INFO - Processing /home/airflow/.local/lib/python3.12/site-packages/airflow/example_dags/example_branch_python_dop_operator_3.py took 0.958 seconds
[2024-08-25T00:31:52.704+0000] {processor.py:186} INFO - Started process (PID=597) to work on /home/airflow/.local/lib/python3.12/site-packages/airflow/example_dags/example_branch_python_dop_operator_3.py
[2024-08-25T00:31:52.716+0000] {processor.py:914} INFO - Processing file /home/airflow/.local/lib/python3.12/site-packages/airflow/example_dags/example_branch_python_dop_operator_3.py for tasks to queue
[2024-08-25T00:31:52.825+0000] {logging_mixin.py:190} INFO - [2024-08-25T00:31:52.811+0000] {dagbag.py:587} INFO - Filling up the DagBag from /home/airflow/.local/lib/python3.12/site-packages/airflow/example_dags/example_branch_python_dop_operator_3.py
[2024-08-25T00:31:53.082+0000] {processor.py:925} INFO - DAG(s) 'example_branch_dop_operator_v3' retrieved from /home/airflow/.local/lib/python3.12/site-packages/airflow/example_dags/example_branch_python_dop_operator_3.py
[2024-08-25T00:31:53.331+0000] {logging_mixin.py:190} INFO - [2024-08-25T00:31:53.330+0000] {dag.py:3211} INFO - Sync 1 DAGs
[2024-08-25T00:31:53.696+0000] {logging_mixin.py:190} INFO - [2024-08-25T00:31:53.681+0000] {dag.py:4138} INFO - Setting next_dagrun for example_branch_dop_operator_v3 to 2024-08-25 00:30:00+00:00, run_after=2024-08-25 00:31:00+00:00
[2024-08-25T00:31:53.813+0000] {processor.py:208} INFO - Processing /home/airflow/.local/lib/python3.12/site-packages/airflow/example_dags/example_branch_python_dop_operator_3.py took 1.180 seconds
[2024-08-25T00:32:24.069+0000] {processor.py:186} INFO - Started process (PID=660) to work on /home/airflow/.local/lib/python3.12/site-packages/airflow/example_dags/example_branch_python_dop_operator_3.py
[2024-08-25T00:32:24.082+0000] {processor.py:914} INFO - Processing file /home/airflow/.local/lib/python3.12/site-packages/airflow/example_dags/example_branch_python_dop_operator_3.py for tasks to queue
[2024-08-25T00:32:24.102+0000] {logging_mixin.py:190} INFO - [2024-08-25T00:32:24.101+0000] {dagbag.py:587} INFO - Filling up the DagBag from /home/airflow/.local/lib/python3.12/site-packages/airflow/example_dags/example_branch_python_dop_operator_3.py
[2024-08-25T00:32:24.170+0000] {processor.py:925} INFO - DAG(s) 'example_branch_dop_operator_v3' retrieved from /home/airflow/.local/lib/python3.12/site-packages/airflow/example_dags/example_branch_python_dop_operator_3.py
[2024-08-25T00:32:24.283+0000] {logging_mixin.py:190} INFO - [2024-08-25T00:32:24.281+0000] {dag.py:3211} INFO - Sync 1 DAGs
[2024-08-25T00:32:24.493+0000] {logging_mixin.py:190} INFO - [2024-08-25T00:32:24.492+0000] {dag.py:4138} INFO - Setting next_dagrun for example_branch_dop_operator_v3 to 2024-08-25 00:31:00+00:00, run_after=2024-08-25 00:32:00+00:00
[2024-08-25T00:32:24.628+0000] {processor.py:208} INFO - Processing /home/airflow/.local/lib/python3.12/site-packages/airflow/example_dags/example_branch_python_dop_operator_3.py took 0.593 seconds
[2024-08-25T00:33:04.928+0000] {processor.py:186} INFO - Started process (PID=719) to work on /home/airflow/.local/lib/python3.12/site-packages/airflow/example_dags/example_branch_python_dop_operator_3.py
[2024-08-25T00:33:04.943+0000] {processor.py:914} INFO - Processing file /home/airflow/.local/lib/python3.12/site-packages/airflow/example_dags/example_branch_python_dop_operator_3.py for tasks to queue
[2024-08-25T00:33:04.961+0000] {logging_mixin.py:190} INFO - [2024-08-25T00:33:04.960+0000] {dagbag.py:587} INFO - Filling up the DagBag from /home/airflow/.local/lib/python3.12/site-packages/airflow/example_dags/example_branch_python_dop_operator_3.py
[2024-08-25T00:33:05.106+0000] {processor.py:925} INFO - DAG(s) 'example_branch_dop_operator_v3' retrieved from /home/airflow/.local/lib/python3.12/site-packages/airflow/example_dags/example_branch_python_dop_operator_3.py
[2024-08-25T00:33:05.307+0000] {logging_mixin.py:190} INFO - [2024-08-25T00:33:05.305+0000] {dag.py:3211} INFO - Sync 1 DAGs
[2024-08-25T00:33:05.527+0000] {logging_mixin.py:190} INFO - [2024-08-25T00:33:05.527+0000] {dag.py:4138} INFO - Setting next_dagrun for example_branch_dop_operator_v3 to 2024-08-25 00:32:00+00:00, run_after=2024-08-25 00:33:00+00:00
[2024-08-25T00:33:05.693+0000] {processor.py:208} INFO - Processing /home/airflow/.local/lib/python3.12/site-packages/airflow/example_dags/example_branch_python_dop_operator_3.py took 0.894 seconds
[2024-08-25T00:34:00.200+0000] {processor.py:186} INFO - Started process (PID=776) to work on /home/airflow/.local/lib/python3.12/site-packages/airflow/example_dags/example_branch_python_dop_operator_3.py
[2024-08-25T00:34:00.209+0000] {processor.py:914} INFO - Processing file /home/airflow/.local/lib/python3.12/site-packages/airflow/example_dags/example_branch_python_dop_operator_3.py for tasks to queue
[2024-08-25T00:34:00.245+0000] {logging_mixin.py:190} INFO - [2024-08-25T00:34:00.244+0000] {dagbag.py:587} INFO - Filling up the DagBag from /home/airflow/.local/lib/python3.12/site-packages/airflow/example_dags/example_branch_python_dop_operator_3.py
[2024-08-25T00:34:00.408+0000] {processor.py:925} INFO - DAG(s) 'example_branch_dop_operator_v3' retrieved from /home/airflow/.local/lib/python3.12/site-packages/airflow/example_dags/example_branch_python_dop_operator_3.py
[2024-08-25T00:34:00.769+0000] {logging_mixin.py:190} INFO - [2024-08-25T00:34:00.768+0000] {dag.py:3211} INFO - Sync 1 DAGs
[2024-08-25T00:34:01.193+0000] {logging_mixin.py:190} INFO - [2024-08-25T00:34:01.193+0000] {dag.py:4138} INFO - Setting next_dagrun for example_branch_dop_operator_v3 to 2024-08-25 00:33:00+00:00, run_after=2024-08-25 00:34:00+00:00
[2024-08-25T00:34:01.399+0000] {processor.py:208} INFO - Processing /home/airflow/.local/lib/python3.12/site-packages/airflow/example_dags/example_branch_python_dop_operator_3.py took 1.252 seconds
[2024-08-25T00:34:32.738+0000] {processor.py:186} INFO - Started process (PID=840) to work on /home/airflow/.local/lib/python3.12/site-packages/airflow/example_dags/example_branch_python_dop_operator_3.py
[2024-08-25T00:34:32.754+0000] {processor.py:914} INFO - Processing file /home/airflow/.local/lib/python3.12/site-packages/airflow/example_dags/example_branch_python_dop_operator_3.py for tasks to queue
[2024-08-25T00:34:32.835+0000] {logging_mixin.py:190} INFO - [2024-08-25T00:34:32.823+0000] {dagbag.py:587} INFO - Filling up the DagBag from /home/airflow/.local/lib/python3.12/site-packages/airflow/example_dags/example_branch_python_dop_operator_3.py
[2024-08-25T00:34:32.939+0000] {processor.py:925} INFO - DAG(s) 'example_branch_dop_operator_v3' retrieved from /home/airflow/.local/lib/python3.12/site-packages/airflow/example_dags/example_branch_python_dop_operator_3.py
[2024-08-25T00:34:33.191+0000] {logging_mixin.py:190} INFO - [2024-08-25T00:34:33.173+0000] {dag.py:3211} INFO - Sync 1 DAGs
[2024-08-25T00:34:33.505+0000] {logging_mixin.py:190} INFO - [2024-08-25T00:34:33.504+0000] {dag.py:4138} INFO - Setting next_dagrun for example_branch_dop_operator_v3 to 2024-08-25 00:33:00+00:00, run_after=2024-08-25 00:34:00+00:00
[2024-08-25T00:34:33.616+0000] {processor.py:208} INFO - Processing /home/airflow/.local/lib/python3.12/site-packages/airflow/example_dags/example_branch_python_dop_operator_3.py took 0.960 seconds
[2024-08-25T00:35:05.247+0000] {processor.py:186} INFO - Started process (PID=903) to work on /home/airflow/.local/lib/python3.12/site-packages/airflow/example_dags/example_branch_python_dop_operator_3.py
[2024-08-25T00:35:05.266+0000] {processor.py:914} INFO - Processing file /home/airflow/.local/lib/python3.12/site-packages/airflow/example_dags/example_branch_python_dop_operator_3.py for tasks to queue
[2024-08-25T00:35:05.285+0000] {logging_mixin.py:190} INFO - [2024-08-25T00:35:05.284+0000] {dagbag.py:587} INFO - Filling up the DagBag from /home/airflow/.local/lib/python3.12/site-packages/airflow/example_dags/example_branch_python_dop_operator_3.py
[2024-08-25T00:35:05.432+0000] {processor.py:925} INFO - DAG(s) 'example_branch_dop_operator_v3' retrieved from /home/airflow/.local/lib/python3.12/site-packages/airflow/example_dags/example_branch_python_dop_operator_3.py
[2024-08-25T00:35:05.776+0000] {logging_mixin.py:190} INFO - [2024-08-25T00:35:05.761+0000] {dag.py:3211} INFO - Sync 1 DAGs
[2024-08-25T00:35:06.081+0000] {logging_mixin.py:190} INFO - [2024-08-25T00:35:06.077+0000] {dag.py:4138} INFO - Setting next_dagrun for example_branch_dop_operator_v3 to 2024-08-25 00:34:00+00:00, run_after=2024-08-25 00:35:00+00:00
[2024-08-25T00:35:06.414+0000] {processor.py:208} INFO - Processing /home/airflow/.local/lib/python3.12/site-packages/airflow/example_dags/example_branch_python_dop_operator_3.py took 1.229 seconds
[2024-08-25T00:35:37.129+0000] {processor.py:186} INFO - Started process (PID=970) to work on /home/airflow/.local/lib/python3.12/site-packages/airflow/example_dags/example_branch_python_dop_operator_3.py
[2024-08-25T00:35:37.132+0000] {processor.py:914} INFO - Processing file /home/airflow/.local/lib/python3.12/site-packages/airflow/example_dags/example_branch_python_dop_operator_3.py for tasks to queue
[2024-08-25T00:35:37.140+0000] {logging_mixin.py:190} INFO - [2024-08-25T00:35:37.139+0000] {dagbag.py:587} INFO - Filling up the DagBag from /home/airflow/.local/lib/python3.12/site-packages/airflow/example_dags/example_branch_python_dop_operator_3.py
[2024-08-25T00:35:37.183+0000] {processor.py:925} INFO - DAG(s) 'example_branch_dop_operator_v3' retrieved from /home/airflow/.local/lib/python3.12/site-packages/airflow/example_dags/example_branch_python_dop_operator_3.py
[2024-08-25T00:35:37.279+0000] {logging_mixin.py:190} INFO - [2024-08-25T00:35:37.277+0000] {dag.py:3211} INFO - Sync 1 DAGs
[2024-08-25T00:35:37.419+0000] {logging_mixin.py:190} INFO - [2024-08-25T00:35:37.418+0000] {dag.py:4138} INFO - Setting next_dagrun for example_branch_dop_operator_v3 to 2024-08-25 00:34:00+00:00, run_after=2024-08-25 00:35:00+00:00
[2024-08-25T00:35:37.582+0000] {processor.py:208} INFO - Processing /home/airflow/.local/lib/python3.12/site-packages/airflow/example_dags/example_branch_python_dop_operator_3.py took 0.478 seconds
[2024-08-25T00:36:08.546+0000] {processor.py:186} INFO - Started process (PID=1029) to work on /home/airflow/.local/lib/python3.12/site-packages/airflow/example_dags/example_branch_python_dop_operator_3.py
[2024-08-25T00:36:08.551+0000] {processor.py:914} INFO - Processing file /home/airflow/.local/lib/python3.12/site-packages/airflow/example_dags/example_branch_python_dop_operator_3.py for tasks to queue
[2024-08-25T00:36:08.558+0000] {logging_mixin.py:190} INFO - [2024-08-25T00:36:08.557+0000] {dagbag.py:587} INFO - Filling up the DagBag from /home/airflow/.local/lib/python3.12/site-packages/airflow/example_dags/example_branch_python_dop_operator_3.py
[2024-08-25T00:36:08.606+0000] {processor.py:925} INFO - DAG(s) 'example_branch_dop_operator_v3' retrieved from /home/airflow/.local/lib/python3.12/site-packages/airflow/example_dags/example_branch_python_dop_operator_3.py
[2024-08-25T00:36:08.676+0000] {logging_mixin.py:190} INFO - [2024-08-25T00:36:08.675+0000] {dag.py:3211} INFO - Sync 1 DAGs
[2024-08-25T00:36:08.836+0000] {logging_mixin.py:190} INFO - [2024-08-25T00:36:08.823+0000] {dag.py:4138} INFO - Setting next_dagrun for example_branch_dop_operator_v3 to 2024-08-25 00:35:00+00:00, run_after=2024-08-25 00:36:00+00:00
[2024-08-25T00:36:08.992+0000] {processor.py:208} INFO - Processing /home/airflow/.local/lib/python3.12/site-packages/airflow/example_dags/example_branch_python_dop_operator_3.py took 0.472 seconds
[2024-08-25T00:36:39.762+0000] {processor.py:186} INFO - Started process (PID=1092) to work on /home/airflow/.local/lib/python3.12/site-packages/airflow/example_dags/example_branch_python_dop_operator_3.py
[2024-08-25T00:36:39.765+0000] {processor.py:914} INFO - Processing file /home/airflow/.local/lib/python3.12/site-packages/airflow/example_dags/example_branch_python_dop_operator_3.py for tasks to queue
[2024-08-25T00:36:39.775+0000] {logging_mixin.py:190} INFO - [2024-08-25T00:36:39.774+0000] {dagbag.py:587} INFO - Filling up the DagBag from /home/airflow/.local/lib/python3.12/site-packages/airflow/example_dags/example_branch_python_dop_operator_3.py
[2024-08-25T00:36:39.816+0000] {processor.py:925} INFO - DAG(s) 'example_branch_dop_operator_v3' retrieved from /home/airflow/.local/lib/python3.12/site-packages/airflow/example_dags/example_branch_python_dop_operator_3.py
[2024-08-25T00:36:39.906+0000] {logging_mixin.py:190} INFO - [2024-08-25T00:36:39.904+0000] {dag.py:3211} INFO - Sync 1 DAGs
[2024-08-25T00:36:40.011+0000] {logging_mixin.py:190} INFO - [2024-08-25T00:36:40.011+0000] {dag.py:4138} INFO - Setting next_dagrun for example_branch_dop_operator_v3 to 2024-08-25 00:35:00+00:00, run_after=2024-08-25 00:36:00+00:00
[2024-08-25T00:36:40.059+0000] {processor.py:208} INFO - Processing /home/airflow/.local/lib/python3.12/site-packages/airflow/example_dags/example_branch_python_dop_operator_3.py took 0.317 seconds
[2024-08-25T00:37:13.924+0000] {processor.py:186} INFO - Started process (PID=1155) to work on /home/airflow/.local/lib/python3.12/site-packages/airflow/example_dags/example_branch_python_dop_operator_3.py
[2024-08-25T00:37:13.938+0000] {processor.py:914} INFO - Processing file /home/airflow/.local/lib/python3.12/site-packages/airflow/example_dags/example_branch_python_dop_operator_3.py for tasks to queue
[2024-08-25T00:37:13.957+0000] {logging_mixin.py:190} INFO - [2024-08-25T00:37:13.956+0000] {dagbag.py:587} INFO - Filling up the DagBag from /home/airflow/.local/lib/python3.12/site-packages/airflow/example_dags/example_branch_python_dop_operator_3.py
[2024-08-25T00:37:14.142+0000] {processor.py:925} INFO - DAG(s) 'example_branch_dop_operator_v3' retrieved from /home/airflow/.local/lib/python3.12/site-packages/airflow/example_dags/example_branch_python_dop_operator_3.py
[2024-08-25T00:37:14.383+0000] {logging_mixin.py:190} INFO - [2024-08-25T00:37:14.381+0000] {dag.py:3211} INFO - Sync 1 DAGs
[2024-08-25T00:37:14.887+0000] {logging_mixin.py:190} INFO - [2024-08-25T00:37:14.885+0000] {dag.py:4138} INFO - Setting next_dagrun for example_branch_dop_operator_v3 to 2024-08-25 00:36:00+00:00, run_after=2024-08-25 00:37:00+00:00
[2024-08-25T00:37:15.083+0000] {processor.py:208} INFO - Processing /home/airflow/.local/lib/python3.12/site-packages/airflow/example_dags/example_branch_python_dop_operator_3.py took 1.240 seconds
[2024-08-25T00:37:46.153+0000] {processor.py:186} INFO - Started process (PID=1217) to work on /home/airflow/.local/lib/python3.12/site-packages/airflow/example_dags/example_branch_python_dop_operator_3.py
[2024-08-25T00:37:46.157+0000] {processor.py:914} INFO - Processing file /home/airflow/.local/lib/python3.12/site-packages/airflow/example_dags/example_branch_python_dop_operator_3.py for tasks to queue
[2024-08-25T00:37:46.163+0000] {logging_mixin.py:190} INFO - [2024-08-25T00:37:46.162+0000] {dagbag.py:587} INFO - Filling up the DagBag from /home/airflow/.local/lib/python3.12/site-packages/airflow/example_dags/example_branch_python_dop_operator_3.py
[2024-08-25T00:37:46.212+0000] {processor.py:925} INFO - DAG(s) 'example_branch_dop_operator_v3' retrieved from /home/airflow/.local/lib/python3.12/site-packages/airflow/example_dags/example_branch_python_dop_operator_3.py
[2024-08-25T00:37:46.285+0000] {logging_mixin.py:190} INFO - [2024-08-25T00:37:46.283+0000] {dag.py:3211} INFO - Sync 1 DAGs
[2024-08-25T00:37:46.403+0000] {logging_mixin.py:190} INFO - [2024-08-25T00:37:46.402+0000] {dag.py:4138} INFO - Setting next_dagrun for example_branch_dop_operator_v3 to 2024-08-25 00:36:00+00:00, run_after=2024-08-25 00:37:00+00:00
[2024-08-25T00:37:46.480+0000] {processor.py:208} INFO - Processing /home/airflow/.local/lib/python3.12/site-packages/airflow/example_dags/example_branch_python_dop_operator_3.py took 0.348 seconds
[2024-08-25T00:38:17.338+0000] {processor.py:186} INFO - Started process (PID=1278) to work on /home/airflow/.local/lib/python3.12/site-packages/airflow/example_dags/example_branch_python_dop_operator_3.py
[2024-08-25T00:38:17.340+0000] {processor.py:914} INFO - Processing file /home/airflow/.local/lib/python3.12/site-packages/airflow/example_dags/example_branch_python_dop_operator_3.py for tasks to queue
[2024-08-25T00:38:17.343+0000] {logging_mixin.py:190} INFO - [2024-08-25T00:38:17.343+0000] {dagbag.py:587} INFO - Filling up the DagBag from /home/airflow/.local/lib/python3.12/site-packages/airflow/example_dags/example_branch_python_dop_operator_3.py
[2024-08-25T00:38:17.395+0000] {processor.py:925} INFO - DAG(s) 'example_branch_dop_operator_v3' retrieved from /home/airflow/.local/lib/python3.12/site-packages/airflow/example_dags/example_branch_python_dop_operator_3.py
[2024-08-25T00:38:17.474+0000] {logging_mixin.py:190} INFO - [2024-08-25T00:38:17.472+0000] {dag.py:3211} INFO - Sync 1 DAGs
[2024-08-25T00:38:17.558+0000] {logging_mixin.py:190} INFO - [2024-08-25T00:38:17.558+0000] {dag.py:4138} INFO - Setting next_dagrun for example_branch_dop_operator_v3 to 2024-08-25 00:37:00+00:00, run_after=2024-08-25 00:38:00+00:00
[2024-08-25T00:38:17.619+0000] {processor.py:208} INFO - Processing /home/airflow/.local/lib/python3.12/site-packages/airflow/example_dags/example_branch_python_dop_operator_3.py took 0.304 seconds
[2024-08-25T00:38:48.388+0000] {processor.py:186} INFO - Started process (PID=1340) to work on /home/airflow/.local/lib/python3.12/site-packages/airflow/example_dags/example_branch_python_dop_operator_3.py
[2024-08-25T00:38:48.390+0000] {processor.py:914} INFO - Processing file /home/airflow/.local/lib/python3.12/site-packages/airflow/example_dags/example_branch_python_dop_operator_3.py for tasks to queue
[2024-08-25T00:38:48.394+0000] {logging_mixin.py:190} INFO - [2024-08-25T00:38:48.393+0000] {dagbag.py:587} INFO - Filling up the DagBag from /home/airflow/.local/lib/python3.12/site-packages/airflow/example_dags/example_branch_python_dop_operator_3.py
[2024-08-25T00:38:48.449+0000] {processor.py:925} INFO - DAG(s) 'example_branch_dop_operator_v3' retrieved from /home/airflow/.local/lib/python3.12/site-packages/airflow/example_dags/example_branch_python_dop_operator_3.py
[2024-08-25T00:38:48.560+0000] {logging_mixin.py:190} INFO - [2024-08-25T00:38:48.548+0000] {dag.py:3211} INFO - Sync 1 DAGs
[2024-08-25T00:38:48.662+0000] {logging_mixin.py:190} INFO - [2024-08-25T00:38:48.662+0000] {dag.py:4138} INFO - Setting next_dagrun for example_branch_dop_operator_v3 to 2024-08-25 00:37:00+00:00, run_after=2024-08-25 00:38:00+00:00
[2024-08-25T00:38:48.722+0000] {processor.py:208} INFO - Processing /home/airflow/.local/lib/python3.12/site-packages/airflow/example_dags/example_branch_python_dop_operator_3.py took 0.366 seconds
[2024-08-25T00:39:20.052+0000] {processor.py:186} INFO - Started process (PID=1402) to work on /home/airflow/.local/lib/python3.12/site-packages/airflow/example_dags/example_branch_python_dop_operator_3.py
[2024-08-25T00:39:20.054+0000] {processor.py:914} INFO - Processing file /home/airflow/.local/lib/python3.12/site-packages/airflow/example_dags/example_branch_python_dop_operator_3.py for tasks to queue
[2024-08-25T00:39:20.059+0000] {logging_mixin.py:190} INFO - [2024-08-25T00:39:20.058+0000] {dagbag.py:587} INFO - Filling up the DagBag from /home/airflow/.local/lib/python3.12/site-packages/airflow/example_dags/example_branch_python_dop_operator_3.py
[2024-08-25T00:39:20.104+0000] {processor.py:925} INFO - DAG(s) 'example_branch_dop_operator_v3' retrieved from /home/airflow/.local/lib/python3.12/site-packages/airflow/example_dags/example_branch_python_dop_operator_3.py
[2024-08-25T00:39:20.177+0000] {logging_mixin.py:190} INFO - [2024-08-25T00:39:20.175+0000] {dag.py:3211} INFO - Sync 1 DAGs
[2024-08-25T00:39:20.328+0000] {logging_mixin.py:190} INFO - [2024-08-25T00:39:20.328+0000] {dag.py:4138} INFO - Setting next_dagrun for example_branch_dop_operator_v3 to 2024-08-25 00:38:00+00:00, run_after=2024-08-25 00:39:00+00:00
[2024-08-25T00:39:20.472+0000] {processor.py:208} INFO - Processing /home/airflow/.local/lib/python3.12/site-packages/airflow/example_dags/example_branch_python_dop_operator_3.py took 0.440 seconds
[2024-08-25T00:39:51.170+0000] {processor.py:186} INFO - Started process (PID=1464) to work on /home/airflow/.local/lib/python3.12/site-packages/airflow/example_dags/example_branch_python_dop_operator_3.py
[2024-08-25T00:39:51.174+0000] {processor.py:914} INFO - Processing file /home/airflow/.local/lib/python3.12/site-packages/airflow/example_dags/example_branch_python_dop_operator_3.py for tasks to queue
[2024-08-25T00:39:51.181+0000] {logging_mixin.py:190} INFO - [2024-08-25T00:39:51.178+0000] {dagbag.py:587} INFO - Filling up the DagBag from /home/airflow/.local/lib/python3.12/site-packages/airflow/example_dags/example_branch_python_dop_operator_3.py
[2024-08-25T00:39:51.264+0000] {processor.py:925} INFO - DAG(s) 'example_branch_dop_operator_v3' retrieved from /home/airflow/.local/lib/python3.12/site-packages/airflow/example_dags/example_branch_python_dop_operator_3.py
[2024-08-25T00:39:51.546+0000] {logging_mixin.py:190} INFO - [2024-08-25T00:39:51.545+0000] {dag.py:3211} INFO - Sync 1 DAGs
[2024-08-25T00:39:51.644+0000] {logging_mixin.py:190} INFO - [2024-08-25T00:39:51.643+0000] {dag.py:4138} INFO - Setting next_dagrun for example_branch_dop_operator_v3 to 2024-08-25 00:38:00+00:00, run_after=2024-08-25 00:39:00+00:00
[2024-08-25T00:39:51.698+0000] {processor.py:208} INFO - Processing /home/airflow/.local/lib/python3.12/site-packages/airflow/example_dags/example_branch_python_dop_operator_3.py took 0.548 seconds
[2024-08-25T00:40:25.353+0000] {processor.py:186} INFO - Started process (PID=1526) to work on /home/airflow/.local/lib/python3.12/site-packages/airflow/example_dags/example_branch_python_dop_operator_3.py
[2024-08-25T00:40:25.356+0000] {processor.py:914} INFO - Processing file /home/airflow/.local/lib/python3.12/site-packages/airflow/example_dags/example_branch_python_dop_operator_3.py for tasks to queue
[2024-08-25T00:40:25.361+0000] {logging_mixin.py:190} INFO - [2024-08-25T00:40:25.359+0000] {dagbag.py:587} INFO - Filling up the DagBag from /home/airflow/.local/lib/python3.12/site-packages/airflow/example_dags/example_branch_python_dop_operator_3.py
[2024-08-25T00:40:25.398+0000] {processor.py:925} INFO - DAG(s) 'example_branch_dop_operator_v3' retrieved from /home/airflow/.local/lib/python3.12/site-packages/airflow/example_dags/example_branch_python_dop_operator_3.py
[2024-08-25T00:40:25.475+0000] {logging_mixin.py:190} INFO - [2024-08-25T00:40:25.473+0000] {dag.py:3211} INFO - Sync 1 DAGs
[2024-08-25T00:40:25.582+0000] {logging_mixin.py:190} INFO - [2024-08-25T00:40:25.582+0000] {dag.py:4138} INFO - Setting next_dagrun for example_branch_dop_operator_v3 to 2024-08-25 00:39:00+00:00, run_after=2024-08-25 00:40:00+00:00
[2024-08-25T00:40:25.704+0000] {processor.py:208} INFO - Processing /home/airflow/.local/lib/python3.12/site-packages/airflow/example_dags/example_branch_python_dop_operator_3.py took 0.373 seconds
[2024-08-25T00:40:55.809+0000] {processor.py:186} INFO - Started process (PID=1587) to work on /home/airflow/.local/lib/python3.12/site-packages/airflow/example_dags/example_branch_python_dop_operator_3.py
[2024-08-25T00:40:55.811+0000] {processor.py:914} INFO - Processing file /home/airflow/.local/lib/python3.12/site-packages/airflow/example_dags/example_branch_python_dop_operator_3.py for tasks to queue
[2024-08-25T00:40:55.814+0000] {logging_mixin.py:190} INFO - [2024-08-25T00:40:55.813+0000] {dagbag.py:587} INFO - Filling up the DagBag from /home/airflow/.local/lib/python3.12/site-packages/airflow/example_dags/example_branch_python_dop_operator_3.py
[2024-08-25T00:40:55.836+0000] {processor.py:925} INFO - DAG(s) 'example_branch_dop_operator_v3' retrieved from /home/airflow/.local/lib/python3.12/site-packages/airflow/example_dags/example_branch_python_dop_operator_3.py
[2024-08-25T00:40:55.887+0000] {logging_mixin.py:190} INFO - [2024-08-25T00:40:55.885+0000] {dag.py:3211} INFO - Sync 1 DAGs
[2024-08-25T00:40:55.947+0000] {logging_mixin.py:190} INFO - [2024-08-25T00:40:55.947+0000] {dag.py:4138} INFO - Setting next_dagrun for example_branch_dop_operator_v3 to 2024-08-25 00:39:00+00:00, run_after=2024-08-25 00:40:00+00:00
[2024-08-25T00:40:55.985+0000] {processor.py:208} INFO - Processing /home/airflow/.local/lib/python3.12/site-packages/airflow/example_dags/example_branch_python_dop_operator_3.py took 0.188 seconds
[2024-08-25T00:41:27.000+0000] {processor.py:186} INFO - Started process (PID=1645) to work on /home/airflow/.local/lib/python3.12/site-packages/airflow/example_dags/example_branch_python_dop_operator_3.py
[2024-08-25T00:41:27.005+0000] {processor.py:914} INFO - Processing file /home/airflow/.local/lib/python3.12/site-packages/airflow/example_dags/example_branch_python_dop_operator_3.py for tasks to queue
[2024-08-25T00:41:27.009+0000] {logging_mixin.py:190} INFO - [2024-08-25T00:41:27.008+0000] {dagbag.py:587} INFO - Filling up the DagBag from /home/airflow/.local/lib/python3.12/site-packages/airflow/example_dags/example_branch_python_dop_operator_3.py
[2024-08-25T00:41:27.068+0000] {processor.py:925} INFO - DAG(s) 'example_branch_dop_operator_v3' retrieved from /home/airflow/.local/lib/python3.12/site-packages/airflow/example_dags/example_branch_python_dop_operator_3.py
[2024-08-25T00:41:27.174+0000] {logging_mixin.py:190} INFO - [2024-08-25T00:41:27.171+0000] {dag.py:3211} INFO - Sync 1 DAGs
[2024-08-25T00:41:27.323+0000] {logging_mixin.py:190} INFO - [2024-08-25T00:41:27.323+0000] {dag.py:4138} INFO - Setting next_dagrun for example_branch_dop_operator_v3 to 2024-08-25 00:40:00+00:00, run_after=2024-08-25 00:41:00+00:00
[2024-08-25T00:41:27.393+0000] {processor.py:208} INFO - Processing /home/airflow/.local/lib/python3.12/site-packages/airflow/example_dags/example_branch_python_dop_operator_3.py took 0.417 seconds
