[2024-08-25T00:00:17.281+0000] {processor.py:186} INFO - Started process (PID=38545) to work on /home/airflow/.local/lib/python3.12/site-packages/airflow/example_dags/example_xcom.py
[2024-08-25T00:00:17.283+0000] {processor.py:914} INFO - Processing file /home/airflow/.local/lib/python3.12/site-packages/airflow/example_dags/example_xcom.py for tasks to queue
[2024-08-25T00:00:17.290+0000] {logging_mixin.py:190} INFO - [2024-08-25T00:00:17.289+0000] {dagbag.py:587} INFO - Filling up the DagBag from /home/airflow/.local/lib/python3.12/site-packages/airflow/example_dags/example_xcom.py
[2024-08-25T00:00:17.319+0000] {processor.py:925} INFO - DAG(s) 'example_xcom' retrieved from /home/airflow/.local/lib/python3.12/site-packages/airflow/example_dags/example_xcom.py
[2024-08-25T00:00:17.376+0000] {logging_mixin.py:190} INFO - [2024-08-25T00:00:17.375+0000] {dag.py:3211} INFO - Sync 1 DAGs
[2024-08-25T00:00:17.446+0000] {logging_mixin.py:190} INFO - [2024-08-25T00:00:17.444+0000] {dag.py:4138} INFO - Setting next_dagrun for example_xcom to 2021-01-01 00:00:00+00:00, run_after=2021-01-01 00:00:00+00:00
[2024-08-25T00:00:17.491+0000] {processor.py:208} INFO - Processing /home/airflow/.local/lib/python3.12/site-packages/airflow/example_dags/example_xcom.py took 0.229 seconds
[2024-08-25T00:06:03.139+0000] {processor.py:186} INFO - Started process (PID=118) to work on /home/airflow/.local/lib/python3.12/site-packages/airflow/example_dags/example_xcom.py
[2024-08-25T00:06:03.141+0000] {processor.py:914} INFO - Processing file /home/airflow/.local/lib/python3.12/site-packages/airflow/example_dags/example_xcom.py for tasks to queue
[2024-08-25T00:06:03.159+0000] {logging_mixin.py:190} INFO - [2024-08-25T00:06:03.157+0000] {dagbag.py:587} INFO - Filling up the DagBag from /home/airflow/.local/lib/python3.12/site-packages/airflow/example_dags/example_xcom.py
[2024-08-25T00:06:03.223+0000] {processor.py:925} INFO - DAG(s) 'example_xcom' retrieved from /home/airflow/.local/lib/python3.12/site-packages/airflow/example_dags/example_xcom.py
[2024-08-25T00:06:03.518+0000] {logging_mixin.py:190} INFO - [2024-08-25T00:06:03.517+0000] {dag.py:3211} INFO - Sync 1 DAGs
[2024-08-25T00:06:03.680+0000] {logging_mixin.py:190} INFO - [2024-08-25T00:06:03.679+0000] {dag.py:4138} INFO - Setting next_dagrun for example_xcom to 2021-01-01 00:00:00+00:00, run_after=2021-01-01 00:00:00+00:00
[2024-08-25T00:06:03.764+0000] {processor.py:208} INFO - Processing /home/airflow/.local/lib/python3.12/site-packages/airflow/example_dags/example_xcom.py took 0.652 seconds
[2024-08-25T00:06:56.154+0000] {processor.py:186} INFO - Started process (PID=182) to work on /home/airflow/.local/lib/python3.12/site-packages/airflow/example_dags/example_xcom.py
[2024-08-25T00:06:56.159+0000] {processor.py:914} INFO - Processing file /home/airflow/.local/lib/python3.12/site-packages/airflow/example_dags/example_xcom.py for tasks to queue
[2024-08-25T00:06:56.175+0000] {logging_mixin.py:190} INFO - [2024-08-25T00:06:56.165+0000] {dagbag.py:587} INFO - Filling up the DagBag from /home/airflow/.local/lib/python3.12/site-packages/airflow/example_dags/example_xcom.py
[2024-08-25T00:06:56.249+0000] {processor.py:925} INFO - DAG(s) 'example_xcom' retrieved from /home/airflow/.local/lib/python3.12/site-packages/airflow/example_dags/example_xcom.py
[2024-08-25T00:06:56.429+0000] {logging_mixin.py:190} INFO - [2024-08-25T00:06:56.429+0000] {dag.py:3211} INFO - Sync 1 DAGs
[2024-08-25T00:06:56.525+0000] {logging_mixin.py:190} INFO - [2024-08-25T00:06:56.524+0000] {dag.py:4138} INFO - Setting next_dagrun for example_xcom to 2021-01-01 00:00:00+00:00, run_after=2021-01-01 00:00:00+00:00
[2024-08-25T00:06:56.610+0000] {processor.py:208} INFO - Processing /home/airflow/.local/lib/python3.12/site-packages/airflow/example_dags/example_xcom.py took 0.487 seconds
[2024-08-25T00:07:29.190+0000] {processor.py:186} INFO - Started process (PID=250) to work on /home/airflow/.local/lib/python3.12/site-packages/airflow/example_dags/example_xcom.py
[2024-08-25T00:07:29.192+0000] {processor.py:914} INFO - Processing file /home/airflow/.local/lib/python3.12/site-packages/airflow/example_dags/example_xcom.py for tasks to queue
[2024-08-25T00:07:29.199+0000] {logging_mixin.py:190} INFO - [2024-08-25T00:07:29.198+0000] {dagbag.py:587} INFO - Filling up the DagBag from /home/airflow/.local/lib/python3.12/site-packages/airflow/example_dags/example_xcom.py
[2024-08-25T00:07:29.228+0000] {processor.py:925} INFO - DAG(s) 'example_xcom' retrieved from /home/airflow/.local/lib/python3.12/site-packages/airflow/example_dags/example_xcom.py
[2024-08-25T00:07:29.284+0000] {logging_mixin.py:190} INFO - [2024-08-25T00:07:29.283+0000] {dag.py:3211} INFO - Sync 1 DAGs
[2024-08-25T00:07:29.353+0000] {logging_mixin.py:190} INFO - [2024-08-25T00:07:29.353+0000] {dag.py:4138} INFO - Setting next_dagrun for example_xcom to 2021-01-01 00:00:00+00:00, run_after=2021-01-01 00:00:00+00:00
[2024-08-25T00:07:29.421+0000] {processor.py:208} INFO - Processing /home/airflow/.local/lib/python3.12/site-packages/airflow/example_dags/example_xcom.py took 0.257 seconds
[2024-08-25T00:08:03.671+0000] {processor.py:186} INFO - Started process (PID=313) to work on /home/airflow/.local/lib/python3.12/site-packages/airflow/example_dags/example_xcom.py
[2024-08-25T00:08:03.674+0000] {processor.py:914} INFO - Processing file /home/airflow/.local/lib/python3.12/site-packages/airflow/example_dags/example_xcom.py for tasks to queue
[2024-08-25T00:08:03.686+0000] {logging_mixin.py:190} INFO - [2024-08-25T00:08:03.685+0000] {dagbag.py:587} INFO - Filling up the DagBag from /home/airflow/.local/lib/python3.12/site-packages/airflow/example_dags/example_xcom.py
[2024-08-25T00:08:03.769+0000] {processor.py:925} INFO - DAG(s) 'example_xcom' retrieved from /home/airflow/.local/lib/python3.12/site-packages/airflow/example_dags/example_xcom.py
[2024-08-25T00:08:03.933+0000] {logging_mixin.py:190} INFO - [2024-08-25T00:08:03.921+0000] {dag.py:3211} INFO - Sync 1 DAGs
[2024-08-25T00:08:04.136+0000] {logging_mixin.py:190} INFO - [2024-08-25T00:08:04.136+0000] {dag.py:4138} INFO - Setting next_dagrun for example_xcom to 2021-01-01 00:00:00+00:00, run_after=2021-01-01 00:00:00+00:00
[2024-08-25T00:08:04.252+0000] {processor.py:208} INFO - Processing /home/airflow/.local/lib/python3.12/site-packages/airflow/example_dags/example_xcom.py took 0.608 seconds
[2024-08-25T00:08:36.047+0000] {processor.py:186} INFO - Started process (PID=376) to work on /home/airflow/.local/lib/python3.12/site-packages/airflow/example_dags/example_xcom.py
[2024-08-25T00:08:36.049+0000] {processor.py:914} INFO - Processing file /home/airflow/.local/lib/python3.12/site-packages/airflow/example_dags/example_xcom.py for tasks to queue
[2024-08-25T00:08:36.056+0000] {logging_mixin.py:190} INFO - [2024-08-25T00:08:36.055+0000] {dagbag.py:587} INFO - Filling up the DagBag from /home/airflow/.local/lib/python3.12/site-packages/airflow/example_dags/example_xcom.py
[2024-08-25T00:08:36.091+0000] {processor.py:925} INFO - DAG(s) 'example_xcom' retrieved from /home/airflow/.local/lib/python3.12/site-packages/airflow/example_dags/example_xcom.py
[2024-08-25T00:08:36.158+0000] {logging_mixin.py:190} INFO - [2024-08-25T00:08:36.158+0000] {dag.py:3211} INFO - Sync 1 DAGs
[2024-08-25T00:08:36.229+0000] {logging_mixin.py:190} INFO - [2024-08-25T00:08:36.229+0000] {dag.py:4138} INFO - Setting next_dagrun for example_xcom to 2021-01-01 00:00:00+00:00, run_after=2021-01-01 00:00:00+00:00
[2024-08-25T00:08:36.283+0000] {processor.py:208} INFO - Processing /home/airflow/.local/lib/python3.12/site-packages/airflow/example_dags/example_xcom.py took 0.256 seconds
[2024-08-25T00:09:09.675+0000] {processor.py:186} INFO - Started process (PID=439) to work on /home/airflow/.local/lib/python3.12/site-packages/airflow/example_dags/example_xcom.py
[2024-08-25T00:09:09.677+0000] {processor.py:914} INFO - Processing file /home/airflow/.local/lib/python3.12/site-packages/airflow/example_dags/example_xcom.py for tasks to queue
[2024-08-25T00:09:09.684+0000] {logging_mixin.py:190} INFO - [2024-08-25T00:09:09.683+0000] {dagbag.py:587} INFO - Filling up the DagBag from /home/airflow/.local/lib/python3.12/site-packages/airflow/example_dags/example_xcom.py
[2024-08-25T00:09:09.718+0000] {processor.py:925} INFO - DAG(s) 'example_xcom' retrieved from /home/airflow/.local/lib/python3.12/site-packages/airflow/example_dags/example_xcom.py
[2024-08-25T00:09:09.808+0000] {logging_mixin.py:190} INFO - [2024-08-25T00:09:09.806+0000] {dag.py:3211} INFO - Sync 1 DAGs
[2024-08-25T00:09:09.933+0000] {logging_mixin.py:190} INFO - [2024-08-25T00:09:09.932+0000] {dag.py:4138} INFO - Setting next_dagrun for example_xcom to 2021-01-01 00:00:00+00:00, run_after=2021-01-01 00:00:00+00:00
[2024-08-25T00:09:10.021+0000] {processor.py:208} INFO - Processing /home/airflow/.local/lib/python3.12/site-packages/airflow/example_dags/example_xcom.py took 0.368 seconds
[2024-08-25T00:09:40.763+0000] {processor.py:186} INFO - Started process (PID=503) to work on /home/airflow/.local/lib/python3.12/site-packages/airflow/example_dags/example_xcom.py
[2024-08-25T00:09:40.765+0000] {processor.py:914} INFO - Processing file /home/airflow/.local/lib/python3.12/site-packages/airflow/example_dags/example_xcom.py for tasks to queue
[2024-08-25T00:09:40.777+0000] {logging_mixin.py:190} INFO - [2024-08-25T00:09:40.776+0000] {dagbag.py:587} INFO - Filling up the DagBag from /home/airflow/.local/lib/python3.12/site-packages/airflow/example_dags/example_xcom.py
[2024-08-25T00:09:40.818+0000] {processor.py:925} INFO - DAG(s) 'example_xcom' retrieved from /home/airflow/.local/lib/python3.12/site-packages/airflow/example_dags/example_xcom.py
[2024-08-25T00:09:40.899+0000] {logging_mixin.py:190} INFO - [2024-08-25T00:09:40.898+0000] {dag.py:3211} INFO - Sync 1 DAGs
[2024-08-25T00:09:41.009+0000] {logging_mixin.py:190} INFO - [2024-08-25T00:09:41.008+0000] {dag.py:4138} INFO - Setting next_dagrun for example_xcom to 2021-01-01 00:00:00+00:00, run_after=2021-01-01 00:00:00+00:00
[2024-08-25T00:09:41.135+0000] {processor.py:208} INFO - Processing /home/airflow/.local/lib/python3.12/site-packages/airflow/example_dags/example_xcom.py took 0.399 seconds
[2024-08-25T00:10:11.327+0000] {processor.py:186} INFO - Started process (PID=565) to work on /home/airflow/.local/lib/python3.12/site-packages/airflow/example_dags/example_xcom.py
[2024-08-25T00:10:11.329+0000] {processor.py:914} INFO - Processing file /home/airflow/.local/lib/python3.12/site-packages/airflow/example_dags/example_xcom.py for tasks to queue
[2024-08-25T00:10:11.338+0000] {logging_mixin.py:190} INFO - [2024-08-25T00:10:11.334+0000] {dagbag.py:587} INFO - Filling up the DagBag from /home/airflow/.local/lib/python3.12/site-packages/airflow/example_dags/example_xcom.py
[2024-08-25T00:10:11.367+0000] {processor.py:925} INFO - DAG(s) 'example_xcom' retrieved from /home/airflow/.local/lib/python3.12/site-packages/airflow/example_dags/example_xcom.py
[2024-08-25T00:10:11.430+0000] {logging_mixin.py:190} INFO - [2024-08-25T00:10:11.429+0000] {dag.py:3211} INFO - Sync 1 DAGs
[2024-08-25T00:10:11.495+0000] {logging_mixin.py:190} INFO - [2024-08-25T00:10:11.494+0000] {dag.py:4138} INFO - Setting next_dagrun for example_xcom to 2021-01-01 00:00:00+00:00, run_after=2021-01-01 00:00:00+00:00
[2024-08-25T00:10:11.551+0000] {processor.py:208} INFO - Processing /home/airflow/.local/lib/python3.12/site-packages/airflow/example_dags/example_xcom.py took 0.243 seconds
[2024-08-25T00:10:41.884+0000] {processor.py:186} INFO - Started process (PID=628) to work on /home/airflow/.local/lib/python3.12/site-packages/airflow/example_dags/example_xcom.py
[2024-08-25T00:10:41.886+0000] {processor.py:914} INFO - Processing file /home/airflow/.local/lib/python3.12/site-packages/airflow/example_dags/example_xcom.py for tasks to queue
[2024-08-25T00:10:41.893+0000] {logging_mixin.py:190} INFO - [2024-08-25T00:10:41.892+0000] {dagbag.py:587} INFO - Filling up the DagBag from /home/airflow/.local/lib/python3.12/site-packages/airflow/example_dags/example_xcom.py
[2024-08-25T00:10:41.924+0000] {processor.py:925} INFO - DAG(s) 'example_xcom' retrieved from /home/airflow/.local/lib/python3.12/site-packages/airflow/example_dags/example_xcom.py
[2024-08-25T00:10:41.978+0000] {logging_mixin.py:190} INFO - [2024-08-25T00:10:41.977+0000] {dag.py:3211} INFO - Sync 1 DAGs
[2024-08-25T00:10:42.092+0000] {logging_mixin.py:190} INFO - [2024-08-25T00:10:42.091+0000] {dag.py:4138} INFO - Setting next_dagrun for example_xcom to 2021-01-01 00:00:00+00:00, run_after=2021-01-01 00:00:00+00:00
[2024-08-25T00:10:42.155+0000] {processor.py:208} INFO - Processing /home/airflow/.local/lib/python3.12/site-packages/airflow/example_dags/example_xcom.py took 0.291 seconds
[2024-08-25T00:11:13.510+0000] {processor.py:186} INFO - Started process (PID=690) to work on /home/airflow/.local/lib/python3.12/site-packages/airflow/example_dags/example_xcom.py
[2024-08-25T00:11:13.513+0000] {processor.py:914} INFO - Processing file /home/airflow/.local/lib/python3.12/site-packages/airflow/example_dags/example_xcom.py for tasks to queue
[2024-08-25T00:11:13.521+0000] {logging_mixin.py:190} INFO - [2024-08-25T00:11:13.520+0000] {dagbag.py:587} INFO - Filling up the DagBag from /home/airflow/.local/lib/python3.12/site-packages/airflow/example_dags/example_xcom.py
[2024-08-25T00:11:13.568+0000] {processor.py:925} INFO - DAG(s) 'example_xcom' retrieved from /home/airflow/.local/lib/python3.12/site-packages/airflow/example_dags/example_xcom.py
[2024-08-25T00:11:13.634+0000] {logging_mixin.py:190} INFO - [2024-08-25T00:11:13.633+0000] {dag.py:3211} INFO - Sync 1 DAGs
[2024-08-25T00:11:13.699+0000] {logging_mixin.py:190} INFO - [2024-08-25T00:11:13.698+0000] {dag.py:4138} INFO - Setting next_dagrun for example_xcom to 2021-01-01 00:00:00+00:00, run_after=2021-01-01 00:00:00+00:00
[2024-08-25T00:11:13.751+0000] {processor.py:208} INFO - Processing /home/airflow/.local/lib/python3.12/site-packages/airflow/example_dags/example_xcom.py took 0.264 seconds
[2024-08-25T00:11:49.071+0000] {processor.py:186} INFO - Started process (PID=753) to work on /home/airflow/.local/lib/python3.12/site-packages/airflow/example_dags/example_xcom.py
[2024-08-25T00:11:49.287+0000] {processor.py:914} INFO - Processing file /home/airflow/.local/lib/python3.12/site-packages/airflow/example_dags/example_xcom.py for tasks to queue
[2024-08-25T00:11:49.296+0000] {logging_mixin.py:190} INFO - [2024-08-25T00:11:49.295+0000] {dagbag.py:587} INFO - Filling up the DagBag from /home/airflow/.local/lib/python3.12/site-packages/airflow/example_dags/example_xcom.py
[2024-08-25T00:11:49.401+0000] {processor.py:925} INFO - DAG(s) 'example_xcom' retrieved from /home/airflow/.local/lib/python3.12/site-packages/airflow/example_dags/example_xcom.py
[2024-08-25T00:11:49.590+0000] {logging_mixin.py:190} INFO - [2024-08-25T00:11:49.589+0000] {dag.py:3211} INFO - Sync 1 DAGs
[2024-08-25T00:11:49.867+0000] {logging_mixin.py:190} INFO - [2024-08-25T00:11:49.867+0000] {dag.py:4138} INFO - Setting next_dagrun for example_xcom to 2021-01-01 00:00:00+00:00, run_after=2021-01-01 00:00:00+00:00
[2024-08-25T00:11:50.054+0000] {processor.py:208} INFO - Processing /home/airflow/.local/lib/python3.12/site-packages/airflow/example_dags/example_xcom.py took 1.046 seconds
[2024-08-25T00:12:20.206+0000] {processor.py:186} INFO - Started process (PID=817) to work on /home/airflow/.local/lib/python3.12/site-packages/airflow/example_dags/example_xcom.py
[2024-08-25T00:12:20.208+0000] {processor.py:914} INFO - Processing file /home/airflow/.local/lib/python3.12/site-packages/airflow/example_dags/example_xcom.py for tasks to queue
[2024-08-25T00:12:20.222+0000] {logging_mixin.py:190} INFO - [2024-08-25T00:12:20.218+0000] {dagbag.py:587} INFO - Filling up the DagBag from /home/airflow/.local/lib/python3.12/site-packages/airflow/example_dags/example_xcom.py
[2024-08-25T00:12:20.274+0000] {processor.py:925} INFO - DAG(s) 'example_xcom' retrieved from /home/airflow/.local/lib/python3.12/site-packages/airflow/example_dags/example_xcom.py
[2024-08-25T00:12:20.327+0000] {logging_mixin.py:190} INFO - [2024-08-25T00:12:20.326+0000] {dag.py:3211} INFO - Sync 1 DAGs
[2024-08-25T00:12:20.386+0000] {logging_mixin.py:190} INFO - [2024-08-25T00:12:20.385+0000] {dag.py:4138} INFO - Setting next_dagrun for example_xcom to 2021-01-01 00:00:00+00:00, run_after=2021-01-01 00:00:00+00:00
[2024-08-25T00:12:20.435+0000] {processor.py:208} INFO - Processing /home/airflow/.local/lib/python3.12/site-packages/airflow/example_dags/example_xcom.py took 0.253 seconds
[2024-08-25T00:12:50.652+0000] {processor.py:186} INFO - Started process (PID=880) to work on /home/airflow/.local/lib/python3.12/site-packages/airflow/example_dags/example_xcom.py
[2024-08-25T00:12:50.654+0000] {processor.py:914} INFO - Processing file /home/airflow/.local/lib/python3.12/site-packages/airflow/example_dags/example_xcom.py for tasks to queue
[2024-08-25T00:12:50.664+0000] {logging_mixin.py:190} INFO - [2024-08-25T00:12:50.663+0000] {dagbag.py:587} INFO - Filling up the DagBag from /home/airflow/.local/lib/python3.12/site-packages/airflow/example_dags/example_xcom.py
[2024-08-25T00:12:50.701+0000] {processor.py:925} INFO - DAG(s) 'example_xcom' retrieved from /home/airflow/.local/lib/python3.12/site-packages/airflow/example_dags/example_xcom.py
[2024-08-25T00:12:50.755+0000] {logging_mixin.py:190} INFO - [2024-08-25T00:12:50.755+0000] {dag.py:3211} INFO - Sync 1 DAGs
[2024-08-25T00:12:50.827+0000] {logging_mixin.py:190} INFO - [2024-08-25T00:12:50.826+0000] {dag.py:4138} INFO - Setting next_dagrun for example_xcom to 2021-01-01 00:00:00+00:00, run_after=2021-01-01 00:00:00+00:00
[2024-08-25T00:12:50.903+0000] {processor.py:208} INFO - Processing /home/airflow/.local/lib/python3.12/site-packages/airflow/example_dags/example_xcom.py took 0.264 seconds
[2024-08-25T00:13:21.616+0000] {processor.py:186} INFO - Started process (PID=943) to work on /home/airflow/.local/lib/python3.12/site-packages/airflow/example_dags/example_xcom.py
[2024-08-25T00:13:21.618+0000] {processor.py:914} INFO - Processing file /home/airflow/.local/lib/python3.12/site-packages/airflow/example_dags/example_xcom.py for tasks to queue
[2024-08-25T00:13:21.624+0000] {logging_mixin.py:190} INFO - [2024-08-25T00:13:21.623+0000] {dagbag.py:587} INFO - Filling up the DagBag from /home/airflow/.local/lib/python3.12/site-packages/airflow/example_dags/example_xcom.py
[2024-08-25T00:13:21.660+0000] {processor.py:925} INFO - DAG(s) 'example_xcom' retrieved from /home/airflow/.local/lib/python3.12/site-packages/airflow/example_dags/example_xcom.py
[2024-08-25T00:13:21.766+0000] {logging_mixin.py:190} INFO - [2024-08-25T00:13:21.765+0000] {dag.py:3211} INFO - Sync 1 DAGs
[2024-08-25T00:13:21.887+0000] {logging_mixin.py:190} INFO - [2024-08-25T00:13:21.887+0000] {dag.py:4138} INFO - Setting next_dagrun for example_xcom to 2021-01-01 00:00:00+00:00, run_after=2021-01-01 00:00:00+00:00
[2024-08-25T00:13:21.948+0000] {processor.py:208} INFO - Processing /home/airflow/.local/lib/python3.12/site-packages/airflow/example_dags/example_xcom.py took 0.347 seconds
[2024-08-25T00:13:52.136+0000] {processor.py:186} INFO - Started process (PID=1005) to work on /home/airflow/.local/lib/python3.12/site-packages/airflow/example_dags/example_xcom.py
[2024-08-25T00:13:52.138+0000] {processor.py:914} INFO - Processing file /home/airflow/.local/lib/python3.12/site-packages/airflow/example_dags/example_xcom.py for tasks to queue
[2024-08-25T00:13:52.144+0000] {logging_mixin.py:190} INFO - [2024-08-25T00:13:52.144+0000] {dagbag.py:587} INFO - Filling up the DagBag from /home/airflow/.local/lib/python3.12/site-packages/airflow/example_dags/example_xcom.py
[2024-08-25T00:13:52.174+0000] {processor.py:925} INFO - DAG(s) 'example_xcom' retrieved from /home/airflow/.local/lib/python3.12/site-packages/airflow/example_dags/example_xcom.py
[2024-08-25T00:13:52.239+0000] {logging_mixin.py:190} INFO - [2024-08-25T00:13:52.239+0000] {dag.py:3211} INFO - Sync 1 DAGs
[2024-08-25T00:13:52.360+0000] {logging_mixin.py:190} INFO - [2024-08-25T00:13:52.358+0000] {dag.py:4138} INFO - Setting next_dagrun for example_xcom to 2021-01-01 00:00:00+00:00, run_after=2021-01-01 00:00:00+00:00
[2024-08-25T00:13:52.421+0000] {processor.py:208} INFO - Processing /home/airflow/.local/lib/python3.12/site-packages/airflow/example_dags/example_xcom.py took 0.305 seconds
[2024-08-25T00:14:24.088+0000] {processor.py:186} INFO - Started process (PID=1069) to work on /home/airflow/.local/lib/python3.12/site-packages/airflow/example_dags/example_xcom.py
[2024-08-25T00:14:24.090+0000] {processor.py:914} INFO - Processing file /home/airflow/.local/lib/python3.12/site-packages/airflow/example_dags/example_xcom.py for tasks to queue
[2024-08-25T00:14:24.096+0000] {logging_mixin.py:190} INFO - [2024-08-25T00:14:24.096+0000] {dagbag.py:587} INFO - Filling up the DagBag from /home/airflow/.local/lib/python3.12/site-packages/airflow/example_dags/example_xcom.py
[2024-08-25T00:14:24.123+0000] {processor.py:925} INFO - DAG(s) 'example_xcom' retrieved from /home/airflow/.local/lib/python3.12/site-packages/airflow/example_dags/example_xcom.py
[2024-08-25T00:14:24.178+0000] {logging_mixin.py:190} INFO - [2024-08-25T00:14:24.176+0000] {dag.py:3211} INFO - Sync 1 DAGs
[2024-08-25T00:14:24.249+0000] {logging_mixin.py:190} INFO - [2024-08-25T00:14:24.249+0000] {dag.py:4138} INFO - Setting next_dagrun for example_xcom to 2021-01-01 00:00:00+00:00, run_after=2021-01-01 00:00:00+00:00
[2024-08-25T00:14:24.311+0000] {processor.py:208} INFO - Processing /home/airflow/.local/lib/python3.12/site-packages/airflow/example_dags/example_xcom.py took 0.240 seconds
[2024-08-25T00:14:55.394+0000] {processor.py:186} INFO - Started process (PID=1133) to work on /home/airflow/.local/lib/python3.12/site-packages/airflow/example_dags/example_xcom.py
[2024-08-25T00:14:55.409+0000] {processor.py:914} INFO - Processing file /home/airflow/.local/lib/python3.12/site-packages/airflow/example_dags/example_xcom.py for tasks to queue
[2024-08-25T00:14:55.427+0000] {logging_mixin.py:190} INFO - [2024-08-25T00:14:55.416+0000] {dagbag.py:587} INFO - Filling up the DagBag from /home/airflow/.local/lib/python3.12/site-packages/airflow/example_dags/example_xcom.py
[2024-08-25T00:14:55.487+0000] {processor.py:925} INFO - DAG(s) 'example_xcom' retrieved from /home/airflow/.local/lib/python3.12/site-packages/airflow/example_dags/example_xcom.py
[2024-08-25T00:14:55.572+0000] {logging_mixin.py:190} INFO - [2024-08-25T00:14:55.572+0000] {dag.py:3211} INFO - Sync 1 DAGs
[2024-08-25T00:14:55.641+0000] {logging_mixin.py:190} INFO - [2024-08-25T00:14:55.640+0000] {dag.py:4138} INFO - Setting next_dagrun for example_xcom to 2021-01-01 00:00:00+00:00, run_after=2021-01-01 00:00:00+00:00
[2024-08-25T00:14:55.684+0000] {processor.py:208} INFO - Processing /home/airflow/.local/lib/python3.12/site-packages/airflow/example_dags/example_xcom.py took 0.335 seconds
[2024-08-25T00:15:25.871+0000] {processor.py:186} INFO - Started process (PID=1196) to work on /home/airflow/.local/lib/python3.12/site-packages/airflow/example_dags/example_xcom.py
[2024-08-25T00:15:25.873+0000] {processor.py:914} INFO - Processing file /home/airflow/.local/lib/python3.12/site-packages/airflow/example_dags/example_xcom.py for tasks to queue
[2024-08-25T00:15:25.879+0000] {logging_mixin.py:190} INFO - [2024-08-25T00:15:25.878+0000] {dagbag.py:587} INFO - Filling up the DagBag from /home/airflow/.local/lib/python3.12/site-packages/airflow/example_dags/example_xcom.py
[2024-08-25T00:15:25.908+0000] {processor.py:925} INFO - DAG(s) 'example_xcom' retrieved from /home/airflow/.local/lib/python3.12/site-packages/airflow/example_dags/example_xcom.py
[2024-08-25T00:15:25.976+0000] {logging_mixin.py:190} INFO - [2024-08-25T00:15:25.976+0000] {dag.py:3211} INFO - Sync 1 DAGs
[2024-08-25T00:15:26.047+0000] {logging_mixin.py:190} INFO - [2024-08-25T00:15:26.046+0000] {dag.py:4138} INFO - Setting next_dagrun for example_xcom to 2021-01-01 00:00:00+00:00, run_after=2021-01-01 00:00:00+00:00
[2024-08-25T00:15:26.097+0000] {processor.py:208} INFO - Processing /home/airflow/.local/lib/python3.12/site-packages/airflow/example_dags/example_xcom.py took 0.242 seconds
[2024-08-25T00:16:00.215+0000] {processor.py:186} INFO - Started process (PID=1261) to work on /home/airflow/.local/lib/python3.12/site-packages/airflow/example_dags/example_xcom.py
[2024-08-25T00:16:00.219+0000] {processor.py:914} INFO - Processing file /home/airflow/.local/lib/python3.12/site-packages/airflow/example_dags/example_xcom.py for tasks to queue
[2024-08-25T00:16:00.237+0000] {logging_mixin.py:190} INFO - [2024-08-25T00:16:00.236+0000] {dagbag.py:587} INFO - Filling up the DagBag from /home/airflow/.local/lib/python3.12/site-packages/airflow/example_dags/example_xcom.py
[2024-08-25T00:16:00.450+0000] {processor.py:925} INFO - DAG(s) 'example_xcom' retrieved from /home/airflow/.local/lib/python3.12/site-packages/airflow/example_dags/example_xcom.py
[2024-08-25T00:16:00.673+0000] {logging_mixin.py:190} INFO - [2024-08-25T00:16:00.672+0000] {dag.py:3211} INFO - Sync 1 DAGs
[2024-08-25T00:16:01.001+0000] {logging_mixin.py:190} INFO - [2024-08-25T00:16:00.990+0000] {dag.py:4138} INFO - Setting next_dagrun for example_xcom to 2021-01-01 00:00:00+00:00, run_after=2021-01-01 00:00:00+00:00
[2024-08-25T00:16:01.157+0000] {processor.py:208} INFO - Processing /home/airflow/.local/lib/python3.12/site-packages/airflow/example_dags/example_xcom.py took 1.034 seconds
[2024-08-25T00:16:33.201+0000] {processor.py:186} INFO - Started process (PID=1331) to work on /home/airflow/.local/lib/python3.12/site-packages/airflow/example_dags/example_xcom.py
[2024-08-25T00:16:33.204+0000] {processor.py:914} INFO - Processing file /home/airflow/.local/lib/python3.12/site-packages/airflow/example_dags/example_xcom.py for tasks to queue
[2024-08-25T00:16:33.223+0000] {logging_mixin.py:190} INFO - [2024-08-25T00:16:33.222+0000] {dagbag.py:587} INFO - Filling up the DagBag from /home/airflow/.local/lib/python3.12/site-packages/airflow/example_dags/example_xcom.py
[2024-08-25T00:16:33.289+0000] {processor.py:925} INFO - DAG(s) 'example_xcom' retrieved from /home/airflow/.local/lib/python3.12/site-packages/airflow/example_dags/example_xcom.py
[2024-08-25T00:16:33.439+0000] {logging_mixin.py:190} INFO - [2024-08-25T00:16:33.436+0000] {dag.py:3211} INFO - Sync 1 DAGs
[2024-08-25T00:16:33.587+0000] {logging_mixin.py:190} INFO - [2024-08-25T00:16:33.586+0000] {dag.py:4138} INFO - Setting next_dagrun for example_xcom to 2021-01-01 00:00:00+00:00, run_after=2021-01-01 00:00:00+00:00
[2024-08-25T00:16:33.772+0000] {processor.py:208} INFO - Processing /home/airflow/.local/lib/python3.12/site-packages/airflow/example_dags/example_xcom.py took 0.600 seconds
[2024-08-25T00:17:04.389+0000] {processor.py:186} INFO - Started process (PID=1394) to work on /home/airflow/.local/lib/python3.12/site-packages/airflow/example_dags/example_xcom.py
[2024-08-25T00:17:04.397+0000] {processor.py:914} INFO - Processing file /home/airflow/.local/lib/python3.12/site-packages/airflow/example_dags/example_xcom.py for tasks to queue
[2024-08-25T00:17:04.404+0000] {logging_mixin.py:190} INFO - [2024-08-25T00:17:04.403+0000] {dagbag.py:587} INFO - Filling up the DagBag from /home/airflow/.local/lib/python3.12/site-packages/airflow/example_dags/example_xcom.py
[2024-08-25T00:17:04.491+0000] {processor.py:925} INFO - DAG(s) 'example_xcom' retrieved from /home/airflow/.local/lib/python3.12/site-packages/airflow/example_dags/example_xcom.py
[2024-08-25T00:17:04.725+0000] {logging_mixin.py:190} INFO - [2024-08-25T00:17:04.724+0000] {dag.py:3211} INFO - Sync 1 DAGs
[2024-08-25T00:17:04.975+0000] {logging_mixin.py:190} INFO - [2024-08-25T00:17:04.973+0000] {dag.py:4138} INFO - Setting next_dagrun for example_xcom to 2021-01-01 00:00:00+00:00, run_after=2021-01-01 00:00:00+00:00
[2024-08-25T00:17:05.115+0000] {processor.py:208} INFO - Processing /home/airflow/.local/lib/python3.12/site-packages/airflow/example_dags/example_xcom.py took 0.751 seconds
[2024-08-25T00:17:35.730+0000] {processor.py:186} INFO - Started process (PID=1457) to work on /home/airflow/.local/lib/python3.12/site-packages/airflow/example_dags/example_xcom.py
[2024-08-25T00:17:35.732+0000] {processor.py:914} INFO - Processing file /home/airflow/.local/lib/python3.12/site-packages/airflow/example_dags/example_xcom.py for tasks to queue
[2024-08-25T00:17:35.739+0000] {logging_mixin.py:190} INFO - [2024-08-25T00:17:35.738+0000] {dagbag.py:587} INFO - Filling up the DagBag from /home/airflow/.local/lib/python3.12/site-packages/airflow/example_dags/example_xcom.py
[2024-08-25T00:17:35.768+0000] {processor.py:925} INFO - DAG(s) 'example_xcom' retrieved from /home/airflow/.local/lib/python3.12/site-packages/airflow/example_dags/example_xcom.py
[2024-08-25T00:17:35.851+0000] {logging_mixin.py:190} INFO - [2024-08-25T00:17:35.851+0000] {dag.py:3211} INFO - Sync 1 DAGs
[2024-08-25T00:17:35.938+0000] {logging_mixin.py:190} INFO - [2024-08-25T00:17:35.937+0000] {dag.py:4138} INFO - Setting next_dagrun for example_xcom to 2021-01-01 00:00:00+00:00, run_after=2021-01-01 00:00:00+00:00
[2024-08-25T00:17:35.992+0000] {processor.py:208} INFO - Processing /home/airflow/.local/lib/python3.12/site-packages/airflow/example_dags/example_xcom.py took 0.281 seconds
[2024-08-25T00:18:06.957+0000] {processor.py:186} INFO - Started process (PID=1520) to work on /home/airflow/.local/lib/python3.12/site-packages/airflow/example_dags/example_xcom.py
[2024-08-25T00:18:06.970+0000] {processor.py:914} INFO - Processing file /home/airflow/.local/lib/python3.12/site-packages/airflow/example_dags/example_xcom.py for tasks to queue
[2024-08-25T00:18:06.978+0000] {logging_mixin.py:190} INFO - [2024-08-25T00:18:06.977+0000] {dagbag.py:587} INFO - Filling up the DagBag from /home/airflow/.local/lib/python3.12/site-packages/airflow/example_dags/example_xcom.py
[2024-08-25T00:18:07.022+0000] {processor.py:925} INFO - DAG(s) 'example_xcom' retrieved from /home/airflow/.local/lib/python3.12/site-packages/airflow/example_dags/example_xcom.py
[2024-08-25T00:18:07.092+0000] {logging_mixin.py:190} INFO - [2024-08-25T00:18:07.091+0000] {dag.py:3211} INFO - Sync 1 DAGs
[2024-08-25T00:18:07.208+0000] {logging_mixin.py:190} INFO - [2024-08-25T00:18:07.207+0000] {dag.py:4138} INFO - Setting next_dagrun for example_xcom to 2021-01-01 00:00:00+00:00, run_after=2021-01-01 00:00:00+00:00
[2024-08-25T00:18:07.266+0000] {processor.py:208} INFO - Processing /home/airflow/.local/lib/python3.12/site-packages/airflow/example_dags/example_xcom.py took 0.333 seconds
[2024-08-25T00:18:38.710+0000] {processor.py:186} INFO - Started process (PID=1584) to work on /home/airflow/.local/lib/python3.12/site-packages/airflow/example_dags/example_xcom.py
[2024-08-25T00:18:38.734+0000] {processor.py:914} INFO - Processing file /home/airflow/.local/lib/python3.12/site-packages/airflow/example_dags/example_xcom.py for tasks to queue
[2024-08-25T00:18:38.742+0000] {logging_mixin.py:190} INFO - [2024-08-25T00:18:38.741+0000] {dagbag.py:587} INFO - Filling up the DagBag from /home/airflow/.local/lib/python3.12/site-packages/airflow/example_dags/example_xcom.py
[2024-08-25T00:18:38.837+0000] {processor.py:925} INFO - DAG(s) 'example_xcom' retrieved from /home/airflow/.local/lib/python3.12/site-packages/airflow/example_dags/example_xcom.py
[2024-08-25T00:18:39.038+0000] {logging_mixin.py:190} INFO - [2024-08-25T00:18:39.037+0000] {dag.py:3211} INFO - Sync 1 DAGs
[2024-08-25T00:18:39.223+0000] {logging_mixin.py:190} INFO - [2024-08-25T00:18:39.223+0000] {dag.py:4138} INFO - Setting next_dagrun for example_xcom to 2021-01-01 00:00:00+00:00, run_after=2021-01-01 00:00:00+00:00
[2024-08-25T00:18:39.367+0000] {processor.py:208} INFO - Processing /home/airflow/.local/lib/python3.12/site-packages/airflow/example_dags/example_xcom.py took 0.693 seconds
[2024-08-25T00:19:09.813+0000] {processor.py:186} INFO - Started process (PID=1647) to work on /home/airflow/.local/lib/python3.12/site-packages/airflow/example_dags/example_xcom.py
[2024-08-25T00:19:09.816+0000] {processor.py:914} INFO - Processing file /home/airflow/.local/lib/python3.12/site-packages/airflow/example_dags/example_xcom.py for tasks to queue
[2024-08-25T00:19:09.825+0000] {logging_mixin.py:190} INFO - [2024-08-25T00:19:09.823+0000] {dagbag.py:587} INFO - Filling up the DagBag from /home/airflow/.local/lib/python3.12/site-packages/airflow/example_dags/example_xcom.py
[2024-08-25T00:19:09.885+0000] {processor.py:925} INFO - DAG(s) 'example_xcom' retrieved from /home/airflow/.local/lib/python3.12/site-packages/airflow/example_dags/example_xcom.py
[2024-08-25T00:19:10.081+0000] {logging_mixin.py:190} INFO - [2024-08-25T00:19:10.080+0000] {dag.py:3211} INFO - Sync 1 DAGs
[2024-08-25T00:19:10.357+0000] {logging_mixin.py:190} INFO - [2024-08-25T00:19:10.356+0000] {dag.py:4138} INFO - Setting next_dagrun for example_xcom to 2021-01-01 00:00:00+00:00, run_after=2021-01-01 00:00:00+00:00
[2024-08-25T00:19:10.532+0000] {processor.py:208} INFO - Processing /home/airflow/.local/lib/python3.12/site-packages/airflow/example_dags/example_xcom.py took 0.752 seconds
[2024-08-25T00:19:42.125+0000] {processor.py:186} INFO - Started process (PID=1710) to work on /home/airflow/.local/lib/python3.12/site-packages/airflow/example_dags/example_xcom.py
[2024-08-25T00:19:42.140+0000] {processor.py:914} INFO - Processing file /home/airflow/.local/lib/python3.12/site-packages/airflow/example_dags/example_xcom.py for tasks to queue
[2024-08-25T00:19:42.175+0000] {logging_mixin.py:190} INFO - [2024-08-25T00:19:42.173+0000] {dagbag.py:587} INFO - Filling up the DagBag from /home/airflow/.local/lib/python3.12/site-packages/airflow/example_dags/example_xcom.py
[2024-08-25T00:19:42.266+0000] {processor.py:925} INFO - DAG(s) 'example_xcom' retrieved from /home/airflow/.local/lib/python3.12/site-packages/airflow/example_dags/example_xcom.py
[2024-08-25T00:19:42.447+0000] {logging_mixin.py:190} INFO - [2024-08-25T00:19:42.447+0000] {dag.py:3211} INFO - Sync 1 DAGs
[2024-08-25T00:19:42.639+0000] {logging_mixin.py:190} INFO - [2024-08-25T00:19:42.628+0000] {dag.py:4138} INFO - Setting next_dagrun for example_xcom to 2021-01-01 00:00:00+00:00, run_after=2021-01-01 00:00:00+00:00
[2024-08-25T00:19:42.785+0000] {processor.py:208} INFO - Processing /home/airflow/.local/lib/python3.12/site-packages/airflow/example_dags/example_xcom.py took 0.710 seconds
[2024-08-25T00:20:13.554+0000] {processor.py:186} INFO - Started process (PID=1774) to work on /home/airflow/.local/lib/python3.12/site-packages/airflow/example_dags/example_xcom.py
[2024-08-25T00:20:13.557+0000] {processor.py:914} INFO - Processing file /home/airflow/.local/lib/python3.12/site-packages/airflow/example_dags/example_xcom.py for tasks to queue
[2024-08-25T00:20:13.564+0000] {logging_mixin.py:190} INFO - [2024-08-25T00:20:13.563+0000] {dagbag.py:587} INFO - Filling up the DagBag from /home/airflow/.local/lib/python3.12/site-packages/airflow/example_dags/example_xcom.py
[2024-08-25T00:20:13.595+0000] {processor.py:925} INFO - DAG(s) 'example_xcom' retrieved from /home/airflow/.local/lib/python3.12/site-packages/airflow/example_dags/example_xcom.py
[2024-08-25T00:20:13.665+0000] {logging_mixin.py:190} INFO - [2024-08-25T00:20:13.665+0000] {dag.py:3211} INFO - Sync 1 DAGs
[2024-08-25T00:20:13.753+0000] {logging_mixin.py:190} INFO - [2024-08-25T00:20:13.752+0000] {dag.py:4138} INFO - Setting next_dagrun for example_xcom to 2021-01-01 00:00:00+00:00, run_after=2021-01-01 00:00:00+00:00
[2024-08-25T00:20:13.818+0000] {processor.py:208} INFO - Processing /home/airflow/.local/lib/python3.12/site-packages/airflow/example_dags/example_xcom.py took 0.282 seconds
[2024-08-25T00:20:44.094+0000] {processor.py:186} INFO - Started process (PID=1836) to work on /home/airflow/.local/lib/python3.12/site-packages/airflow/example_dags/example_xcom.py
[2024-08-25T00:20:44.096+0000] {processor.py:914} INFO - Processing file /home/airflow/.local/lib/python3.12/site-packages/airflow/example_dags/example_xcom.py for tasks to queue
[2024-08-25T00:20:44.101+0000] {logging_mixin.py:190} INFO - [2024-08-25T00:20:44.100+0000] {dagbag.py:587} INFO - Filling up the DagBag from /home/airflow/.local/lib/python3.12/site-packages/airflow/example_dags/example_xcom.py
[2024-08-25T00:20:44.124+0000] {processor.py:925} INFO - DAG(s) 'example_xcom' retrieved from /home/airflow/.local/lib/python3.12/site-packages/airflow/example_dags/example_xcom.py
[2024-08-25T00:20:44.184+0000] {logging_mixin.py:190} INFO - [2024-08-25T00:20:44.184+0000] {dag.py:3211} INFO - Sync 1 DAGs
[2024-08-25T00:20:44.275+0000] {logging_mixin.py:190} INFO - [2024-08-25T00:20:44.274+0000] {dag.py:4138} INFO - Setting next_dagrun for example_xcom to 2021-01-01 00:00:00+00:00, run_after=2021-01-01 00:00:00+00:00
[2024-08-25T00:20:44.341+0000] {processor.py:208} INFO - Processing /home/airflow/.local/lib/python3.12/site-packages/airflow/example_dags/example_xcom.py took 0.261 seconds
[2024-08-25T00:26:57.554+0000] {processor.py:186} INFO - Started process (PID=125) to work on /home/airflow/.local/lib/python3.12/site-packages/airflow/example_dags/example_xcom.py
[2024-08-25T00:26:57.556+0000] {processor.py:914} INFO - Processing file /home/airflow/.local/lib/python3.12/site-packages/airflow/example_dags/example_xcom.py for tasks to queue
[2024-08-25T00:26:57.565+0000] {logging_mixin.py:190} INFO - [2024-08-25T00:26:57.564+0000] {dagbag.py:587} INFO - Filling up the DagBag from /home/airflow/.local/lib/python3.12/site-packages/airflow/example_dags/example_xcom.py
[2024-08-25T00:26:57.635+0000] {processor.py:925} INFO - DAG(s) 'example_xcom' retrieved from /home/airflow/.local/lib/python3.12/site-packages/airflow/example_dags/example_xcom.py
[2024-08-25T00:26:57.934+0000] {logging_mixin.py:190} INFO - [2024-08-25T00:26:57.933+0000] {dag.py:3211} INFO - Sync 1 DAGs
[2024-08-25T00:26:58.130+0000] {logging_mixin.py:190} INFO - [2024-08-25T00:26:58.129+0000] {dag.py:4138} INFO - Setting next_dagrun for example_xcom to 2021-01-01 00:00:00+00:00, run_after=2021-01-01 00:00:00+00:00
[2024-08-25T00:26:58.320+0000] {processor.py:208} INFO - Processing /home/airflow/.local/lib/python3.12/site-packages/airflow/example_dags/example_xcom.py took 0.802 seconds
[2024-08-25T00:27:53.376+0000] {processor.py:186} INFO - Started process (PID=194) to work on /home/airflow/.local/lib/python3.12/site-packages/airflow/example_dags/example_xcom.py
[2024-08-25T00:27:53.440+0000] {processor.py:914} INFO - Processing file /home/airflow/.local/lib/python3.12/site-packages/airflow/example_dags/example_xcom.py for tasks to queue
[2024-08-25T00:27:53.863+0000] {logging_mixin.py:190} INFO - [2024-08-25T00:27:53.862+0000] {dagbag.py:587} INFO - Filling up the DagBag from /home/airflow/.local/lib/python3.12/site-packages/airflow/example_dags/example_xcom.py
[2024-08-25T00:27:54.445+0000] {processor.py:925} INFO - DAG(s) 'example_xcom' retrieved from /home/airflow/.local/lib/python3.12/site-packages/airflow/example_dags/example_xcom.py
[2024-08-25T00:27:55.129+0000] {logging_mixin.py:190} INFO - [2024-08-25T00:27:55.129+0000] {dag.py:3211} INFO - Sync 1 DAGs
[2024-08-25T00:27:55.616+0000] {logging_mixin.py:190} INFO - [2024-08-25T00:27:55.616+0000] {dag.py:4138} INFO - Setting next_dagrun for example_xcom to 2021-01-01 00:00:00+00:00, run_after=2021-01-01 00:00:00+00:00
[2024-08-25T00:27:56.034+0000] {processor.py:208} INFO - Processing /home/airflow/.local/lib/python3.12/site-packages/airflow/example_dags/example_xcom.py took 2.745 seconds
[2024-08-25T00:28:39.467+0000] {processor.py:186} INFO - Started process (PID=264) to work on /home/airflow/.local/lib/python3.12/site-packages/airflow/example_dags/example_xcom.py
[2024-08-25T00:28:39.479+0000] {processor.py:914} INFO - Processing file /home/airflow/.local/lib/python3.12/site-packages/airflow/example_dags/example_xcom.py for tasks to queue
[2024-08-25T00:28:39.495+0000] {logging_mixin.py:190} INFO - [2024-08-25T00:28:39.494+0000] {dagbag.py:587} INFO - Filling up the DagBag from /home/airflow/.local/lib/python3.12/site-packages/airflow/example_dags/example_xcom.py
[2024-08-25T00:28:39.596+0000] {processor.py:925} INFO - DAG(s) 'example_xcom' retrieved from /home/airflow/.local/lib/python3.12/site-packages/airflow/example_dags/example_xcom.py
[2024-08-25T00:28:40.025+0000] {logging_mixin.py:190} INFO - [2024-08-25T00:28:40.023+0000] {dag.py:3211} INFO - Sync 1 DAGs
[2024-08-25T00:28:40.254+0000] {logging_mixin.py:190} INFO - [2024-08-25T00:28:40.252+0000] {dag.py:4138} INFO - Setting next_dagrun for example_xcom to 2021-01-01 00:00:00+00:00, run_after=2021-01-01 00:00:00+00:00
[2024-08-25T00:28:40.367+0000] {processor.py:208} INFO - Processing /home/airflow/.local/lib/python3.12/site-packages/airflow/example_dags/example_xcom.py took 0.937 seconds
[2024-08-25T00:29:11.257+0000] {processor.py:186} INFO - Started process (PID=326) to work on /home/airflow/.local/lib/python3.12/site-packages/airflow/example_dags/example_xcom.py
[2024-08-25T00:29:11.261+0000] {processor.py:914} INFO - Processing file /home/airflow/.local/lib/python3.12/site-packages/airflow/example_dags/example_xcom.py for tasks to queue
[2024-08-25T00:29:11.270+0000] {logging_mixin.py:190} INFO - [2024-08-25T00:29:11.268+0000] {dagbag.py:587} INFO - Filling up the DagBag from /home/airflow/.local/lib/python3.12/site-packages/airflow/example_dags/example_xcom.py
[2024-08-25T00:29:11.318+0000] {processor.py:925} INFO - DAG(s) 'example_xcom' retrieved from /home/airflow/.local/lib/python3.12/site-packages/airflow/example_dags/example_xcom.py
[2024-08-25T00:29:11.427+0000] {logging_mixin.py:190} INFO - [2024-08-25T00:29:11.426+0000] {dag.py:3211} INFO - Sync 1 DAGs
[2024-08-25T00:29:11.585+0000] {logging_mixin.py:190} INFO - [2024-08-25T00:29:11.584+0000] {dag.py:4138} INFO - Setting next_dagrun for example_xcom to 2021-01-01 00:00:00+00:00, run_after=2021-01-01 00:00:00+00:00
[2024-08-25T00:29:11.707+0000] {processor.py:208} INFO - Processing /home/airflow/.local/lib/python3.12/site-packages/airflow/example_dags/example_xcom.py took 0.474 seconds
[2024-08-25T00:29:42.332+0000] {processor.py:186} INFO - Started process (PID=389) to work on /home/airflow/.local/lib/python3.12/site-packages/airflow/example_dags/example_xcom.py
[2024-08-25T00:29:42.338+0000] {processor.py:914} INFO - Processing file /home/airflow/.local/lib/python3.12/site-packages/airflow/example_dags/example_xcom.py for tasks to queue
[2024-08-25T00:29:42.346+0000] {logging_mixin.py:190} INFO - [2024-08-25T00:29:42.345+0000] {dagbag.py:587} INFO - Filling up the DagBag from /home/airflow/.local/lib/python3.12/site-packages/airflow/example_dags/example_xcom.py
[2024-08-25T00:29:42.392+0000] {processor.py:925} INFO - DAG(s) 'example_xcom' retrieved from /home/airflow/.local/lib/python3.12/site-packages/airflow/example_dags/example_xcom.py
[2024-08-25T00:29:42.511+0000] {logging_mixin.py:190} INFO - [2024-08-25T00:29:42.510+0000] {dag.py:3211} INFO - Sync 1 DAGs
[2024-08-25T00:29:42.630+0000] {logging_mixin.py:190} INFO - [2024-08-25T00:29:42.629+0000] {dag.py:4138} INFO - Setting next_dagrun for example_xcom to 2021-01-01 00:00:00+00:00, run_after=2021-01-01 00:00:00+00:00
[2024-08-25T00:29:42.709+0000] {processor.py:208} INFO - Processing /home/airflow/.local/lib/python3.12/site-packages/airflow/example_dags/example_xcom.py took 0.401 seconds
[2024-08-25T00:30:22.507+0000] {processor.py:186} INFO - Started process (PID=452) to work on /home/airflow/.local/lib/python3.12/site-packages/airflow/example_dags/example_xcom.py
[2024-08-25T00:30:22.521+0000] {processor.py:914} INFO - Processing file /home/airflow/.local/lib/python3.12/site-packages/airflow/example_dags/example_xcom.py for tasks to queue
[2024-08-25T00:30:22.587+0000] {logging_mixin.py:190} INFO - [2024-08-25T00:30:22.586+0000] {dagbag.py:587} INFO - Filling up the DagBag from /home/airflow/.local/lib/python3.12/site-packages/airflow/example_dags/example_xcom.py
[2024-08-25T00:30:22.699+0000] {processor.py:925} INFO - DAG(s) 'example_xcom' retrieved from /home/airflow/.local/lib/python3.12/site-packages/airflow/example_dags/example_xcom.py
[2024-08-25T00:30:22.966+0000] {logging_mixin.py:190} INFO - [2024-08-25T00:30:22.965+0000] {dag.py:3211} INFO - Sync 1 DAGs
[2024-08-25T00:30:23.270+0000] {logging_mixin.py:190} INFO - [2024-08-25T00:30:23.270+0000] {dag.py:4138} INFO - Setting next_dagrun for example_xcom to 2021-01-01 00:00:00+00:00, run_after=2021-01-01 00:00:00+00:00
[2024-08-25T00:30:23.577+0000] {processor.py:208} INFO - Processing /home/airflow/.local/lib/python3.12/site-packages/airflow/example_dags/example_xcom.py took 1.150 seconds
[2024-08-25T00:30:53.763+0000] {processor.py:186} INFO - Started process (PID=516) to work on /home/airflow/.local/lib/python3.12/site-packages/airflow/example_dags/example_xcom.py
[2024-08-25T00:30:53.782+0000] {processor.py:914} INFO - Processing file /home/airflow/.local/lib/python3.12/site-packages/airflow/example_dags/example_xcom.py for tasks to queue
[2024-08-25T00:30:53.791+0000] {logging_mixin.py:190} INFO - [2024-08-25T00:30:53.789+0000] {dagbag.py:587} INFO - Filling up the DagBag from /home/airflow/.local/lib/python3.12/site-packages/airflow/example_dags/example_xcom.py
[2024-08-25T00:30:53.840+0000] {processor.py:925} INFO - DAG(s) 'example_xcom' retrieved from /home/airflow/.local/lib/python3.12/site-packages/airflow/example_dags/example_xcom.py
[2024-08-25T00:30:53.933+0000] {logging_mixin.py:190} INFO - [2024-08-25T00:30:53.932+0000] {dag.py:3211} INFO - Sync 1 DAGs
[2024-08-25T00:30:54.046+0000] {logging_mixin.py:190} INFO - [2024-08-25T00:30:54.046+0000] {dag.py:4138} INFO - Setting next_dagrun for example_xcom to 2021-01-01 00:00:00+00:00, run_after=2021-01-01 00:00:00+00:00
[2024-08-25T00:30:54.131+0000] {processor.py:208} INFO - Processing /home/airflow/.local/lib/python3.12/site-packages/airflow/example_dags/example_xcom.py took 0.390 seconds
[2024-08-25T00:31:43.544+0000] {processor.py:186} INFO - Started process (PID=592) to work on /home/airflow/.local/lib/python3.12/site-packages/airflow/example_dags/example_xcom.py
[2024-08-25T00:31:43.557+0000] {processor.py:914} INFO - Processing file /home/airflow/.local/lib/python3.12/site-packages/airflow/example_dags/example_xcom.py for tasks to queue
[2024-08-25T00:31:43.592+0000] {logging_mixin.py:190} INFO - [2024-08-25T00:31:43.591+0000] {dagbag.py:587} INFO - Filling up the DagBag from /home/airflow/.local/lib/python3.12/site-packages/airflow/example_dags/example_xcom.py
[2024-08-25T00:31:43.933+0000] {processor.py:925} INFO - DAG(s) 'example_xcom' retrieved from /home/airflow/.local/lib/python3.12/site-packages/airflow/example_dags/example_xcom.py
[2024-08-25T00:31:44.541+0000] {logging_mixin.py:190} INFO - [2024-08-25T00:31:44.533+0000] {dag.py:3211} INFO - Sync 1 DAGs
[2024-08-25T00:31:44.861+0000] {logging_mixin.py:190} INFO - [2024-08-25T00:31:44.849+0000] {dag.py:4138} INFO - Setting next_dagrun for example_xcom to 2021-01-01 00:00:00+00:00, run_after=2021-01-01 00:00:00+00:00
[2024-08-25T00:31:45.155+0000] {processor.py:208} INFO - Processing /home/airflow/.local/lib/python3.12/site-packages/airflow/example_dags/example_xcom.py took 1.743 seconds
[2024-08-25T00:32:17.033+0000] {processor.py:186} INFO - Started process (PID=655) to work on /home/airflow/.local/lib/python3.12/site-packages/airflow/example_dags/example_xcom.py
[2024-08-25T00:32:17.038+0000] {processor.py:914} INFO - Processing file /home/airflow/.local/lib/python3.12/site-packages/airflow/example_dags/example_xcom.py for tasks to queue
[2024-08-25T00:32:17.048+0000] {logging_mixin.py:190} INFO - [2024-08-25T00:32:17.047+0000] {dagbag.py:587} INFO - Filling up the DagBag from /home/airflow/.local/lib/python3.12/site-packages/airflow/example_dags/example_xcom.py
[2024-08-25T00:32:17.117+0000] {processor.py:925} INFO - DAG(s) 'example_xcom' retrieved from /home/airflow/.local/lib/python3.12/site-packages/airflow/example_dags/example_xcom.py
[2024-08-25T00:32:17.354+0000] {logging_mixin.py:190} INFO - [2024-08-25T00:32:17.353+0000] {dag.py:3211} INFO - Sync 1 DAGs
[2024-08-25T00:32:17.548+0000] {logging_mixin.py:190} INFO - [2024-08-25T00:32:17.547+0000] {dag.py:4138} INFO - Setting next_dagrun for example_xcom to 2021-01-01 00:00:00+00:00, run_after=2021-01-01 00:00:00+00:00
[2024-08-25T00:32:17.607+0000] {processor.py:208} INFO - Processing /home/airflow/.local/lib/python3.12/site-packages/airflow/example_dags/example_xcom.py took 0.611 seconds
[2024-08-25T00:33:20.106+0000] {processor.py:186} INFO - Started process (PID=733) to work on /home/airflow/.local/lib/python3.12/site-packages/airflow/example_dags/example_xcom.py
[2024-08-25T00:33:20.123+0000] {processor.py:914} INFO - Processing file /home/airflow/.local/lib/python3.12/site-packages/airflow/example_dags/example_xcom.py for tasks to queue
[2024-08-25T00:33:20.135+0000] {logging_mixin.py:190} INFO - [2024-08-25T00:33:20.131+0000] {dagbag.py:587} INFO - Filling up the DagBag from /home/airflow/.local/lib/python3.12/site-packages/airflow/example_dags/example_xcom.py
[2024-08-25T00:33:20.181+0000] {processor.py:925} INFO - DAG(s) 'example_xcom' retrieved from /home/airflow/.local/lib/python3.12/site-packages/airflow/example_dags/example_xcom.py
[2024-08-25T00:33:20.389+0000] {logging_mixin.py:190} INFO - [2024-08-25T00:33:20.384+0000] {dag.py:3211} INFO - Sync 1 DAGs
[2024-08-25T00:33:20.516+0000] {logging_mixin.py:190} INFO - [2024-08-25T00:33:20.515+0000] {dag.py:4138} INFO - Setting next_dagrun for example_xcom to 2021-01-01 00:00:00+00:00, run_after=2021-01-01 00:00:00+00:00
[2024-08-25T00:33:20.610+0000] {processor.py:208} INFO - Processing /home/airflow/.local/lib/python3.12/site-packages/airflow/example_dags/example_xcom.py took 0.531 seconds
[2024-08-25T00:34:11.005+0000] {processor.py:186} INFO - Started process (PID=804) to work on /home/airflow/.local/lib/python3.12/site-packages/airflow/example_dags/example_xcom.py
[2024-08-25T00:34:11.007+0000] {processor.py:914} INFO - Processing file /home/airflow/.local/lib/python3.12/site-packages/airflow/example_dags/example_xcom.py for tasks to queue
[2024-08-25T00:34:11.019+0000] {logging_mixin.py:190} INFO - [2024-08-25T00:34:11.018+0000] {dagbag.py:587} INFO - Filling up the DagBag from /home/airflow/.local/lib/python3.12/site-packages/airflow/example_dags/example_xcom.py
[2024-08-25T00:34:11.055+0000] {processor.py:925} INFO - DAG(s) 'example_xcom' retrieved from /home/airflow/.local/lib/python3.12/site-packages/airflow/example_dags/example_xcom.py
[2024-08-25T00:34:11.142+0000] {logging_mixin.py:190} INFO - [2024-08-25T00:34:11.142+0000] {dag.py:3211} INFO - Sync 1 DAGs
[2024-08-25T00:34:11.247+0000] {logging_mixin.py:190} INFO - [2024-08-25T00:34:11.246+0000] {dag.py:4138} INFO - Setting next_dagrun for example_xcom to 2021-01-01 00:00:00+00:00, run_after=2021-01-01 00:00:00+00:00
[2024-08-25T00:34:11.321+0000] {processor.py:208} INFO - Processing /home/airflow/.local/lib/python3.12/site-packages/airflow/example_dags/example_xcom.py took 0.336 seconds
[2024-08-25T00:34:44.145+0000] {processor.py:186} INFO - Started process (PID=867) to work on /home/airflow/.local/lib/python3.12/site-packages/airflow/example_dags/example_xcom.py
[2024-08-25T00:34:44.148+0000] {processor.py:914} INFO - Processing file /home/airflow/.local/lib/python3.12/site-packages/airflow/example_dags/example_xcom.py for tasks to queue
[2024-08-25T00:34:44.178+0000] {logging_mixin.py:190} INFO - [2024-08-25T00:34:44.177+0000] {dagbag.py:587} INFO - Filling up the DagBag from /home/airflow/.local/lib/python3.12/site-packages/airflow/example_dags/example_xcom.py
[2024-08-25T00:34:44.307+0000] {processor.py:925} INFO - DAG(s) 'example_xcom' retrieved from /home/airflow/.local/lib/python3.12/site-packages/airflow/example_dags/example_xcom.py
[2024-08-25T00:34:44.561+0000] {logging_mixin.py:190} INFO - [2024-08-25T00:34:44.560+0000] {dag.py:3211} INFO - Sync 1 DAGs
[2024-08-25T00:34:44.857+0000] {logging_mixin.py:190} INFO - [2024-08-25T00:34:44.857+0000] {dag.py:4138} INFO - Setting next_dagrun for example_xcom to 2021-01-01 00:00:00+00:00, run_after=2021-01-01 00:00:00+00:00
[2024-08-25T00:34:45.067+0000] {processor.py:208} INFO - Processing /home/airflow/.local/lib/python3.12/site-packages/airflow/example_dags/example_xcom.py took 0.982 seconds
[2024-08-25T00:35:15.299+0000] {processor.py:186} INFO - Started process (PID=929) to work on /home/airflow/.local/lib/python3.12/site-packages/airflow/example_dags/example_xcom.py
[2024-08-25T00:35:15.301+0000] {processor.py:914} INFO - Processing file /home/airflow/.local/lib/python3.12/site-packages/airflow/example_dags/example_xcom.py for tasks to queue
[2024-08-25T00:35:15.309+0000] {logging_mixin.py:190} INFO - [2024-08-25T00:35:15.308+0000] {dagbag.py:587} INFO - Filling up the DagBag from /home/airflow/.local/lib/python3.12/site-packages/airflow/example_dags/example_xcom.py
[2024-08-25T00:35:15.346+0000] {processor.py:925} INFO - DAG(s) 'example_xcom' retrieved from /home/airflow/.local/lib/python3.12/site-packages/airflow/example_dags/example_xcom.py
[2024-08-25T00:35:15.423+0000] {logging_mixin.py:190} INFO - [2024-08-25T00:35:15.422+0000] {dag.py:3211} INFO - Sync 1 DAGs
[2024-08-25T00:35:15.508+0000] {logging_mixin.py:190} INFO - [2024-08-25T00:35:15.506+0000] {dag.py:4138} INFO - Setting next_dagrun for example_xcom to 2021-01-01 00:00:00+00:00, run_after=2021-01-01 00:00:00+00:00
[2024-08-25T00:35:15.588+0000] {processor.py:208} INFO - Processing /home/airflow/.local/lib/python3.12/site-packages/airflow/example_dags/example_xcom.py took 0.314 seconds
[2024-08-25T00:35:53.174+0000] {processor.py:186} INFO - Started process (PID=992) to work on /home/airflow/.local/lib/python3.12/site-packages/airflow/example_dags/example_xcom.py
[2024-08-25T00:35:53.182+0000] {processor.py:914} INFO - Processing file /home/airflow/.local/lib/python3.12/site-packages/airflow/example_dags/example_xcom.py for tasks to queue
[2024-08-25T00:35:53.196+0000] {logging_mixin.py:190} INFO - [2024-08-25T00:35:53.190+0000] {dagbag.py:587} INFO - Filling up the DagBag from /home/airflow/.local/lib/python3.12/site-packages/airflow/example_dags/example_xcom.py
[2024-08-25T00:35:53.241+0000] {processor.py:925} INFO - DAG(s) 'example_xcom' retrieved from /home/airflow/.local/lib/python3.12/site-packages/airflow/example_dags/example_xcom.py
[2024-08-25T00:35:53.346+0000] {logging_mixin.py:190} INFO - [2024-08-25T00:35:53.345+0000] {dag.py:3211} INFO - Sync 1 DAGs
[2024-08-25T00:35:53.526+0000] {logging_mixin.py:190} INFO - [2024-08-25T00:35:53.525+0000] {dag.py:4138} INFO - Setting next_dagrun for example_xcom to 2021-01-01 00:00:00+00:00, run_after=2021-01-01 00:00:00+00:00
[2024-08-25T00:35:53.660+0000] {processor.py:208} INFO - Processing /home/airflow/.local/lib/python3.12/site-packages/airflow/example_dags/example_xcom.py took 0.527 seconds
[2024-08-25T00:36:26.521+0000] {processor.py:186} INFO - Started process (PID=1055) to work on /home/airflow/.local/lib/python3.12/site-packages/airflow/example_dags/example_xcom.py
[2024-08-25T00:36:26.524+0000] {processor.py:914} INFO - Processing file /home/airflow/.local/lib/python3.12/site-packages/airflow/example_dags/example_xcom.py for tasks to queue
[2024-08-25T00:36:26.535+0000] {logging_mixin.py:190} INFO - [2024-08-25T00:36:26.534+0000] {dagbag.py:587} INFO - Filling up the DagBag from /home/airflow/.local/lib/python3.12/site-packages/airflow/example_dags/example_xcom.py
[2024-08-25T00:36:26.579+0000] {processor.py:925} INFO - DAG(s) 'example_xcom' retrieved from /home/airflow/.local/lib/python3.12/site-packages/airflow/example_dags/example_xcom.py
[2024-08-25T00:36:26.650+0000] {logging_mixin.py:190} INFO - [2024-08-25T00:36:26.649+0000] {dag.py:3211} INFO - Sync 1 DAGs
[2024-08-25T00:36:26.743+0000] {logging_mixin.py:190} INFO - [2024-08-25T00:36:26.742+0000] {dag.py:4138} INFO - Setting next_dagrun for example_xcom to 2021-01-01 00:00:00+00:00, run_after=2021-01-01 00:00:00+00:00
[2024-08-25T00:36:26.808+0000] {processor.py:208} INFO - Processing /home/airflow/.local/lib/python3.12/site-packages/airflow/example_dags/example_xcom.py took 0.308 seconds
[2024-08-25T00:36:58.577+0000] {processor.py:186} INFO - Started process (PID=1119) to work on /home/airflow/.local/lib/python3.12/site-packages/airflow/example_dags/example_xcom.py
[2024-08-25T00:36:58.578+0000] {processor.py:914} INFO - Processing file /home/airflow/.local/lib/python3.12/site-packages/airflow/example_dags/example_xcom.py for tasks to queue
[2024-08-25T00:36:58.582+0000] {logging_mixin.py:190} INFO - [2024-08-25T00:36:58.581+0000] {dagbag.py:587} INFO - Filling up the DagBag from /home/airflow/.local/lib/python3.12/site-packages/airflow/example_dags/example_xcom.py
[2024-08-25T00:36:58.608+0000] {processor.py:925} INFO - DAG(s) 'example_xcom' retrieved from /home/airflow/.local/lib/python3.12/site-packages/airflow/example_dags/example_xcom.py
[2024-08-25T00:36:58.709+0000] {logging_mixin.py:190} INFO - [2024-08-25T00:36:58.708+0000] {dag.py:3211} INFO - Sync 1 DAGs
[2024-08-25T00:36:58.799+0000] {logging_mixin.py:190} INFO - [2024-08-25T00:36:58.798+0000] {dag.py:4138} INFO - Setting next_dagrun for example_xcom to 2021-01-01 00:00:00+00:00, run_after=2021-01-01 00:00:00+00:00
[2024-08-25T00:36:58.854+0000] {processor.py:208} INFO - Processing /home/airflow/.local/lib/python3.12/site-packages/airflow/example_dags/example_xcom.py took 0.294 seconds
[2024-08-25T00:37:29.136+0000] {processor.py:186} INFO - Started process (PID=1181) to work on /home/airflow/.local/lib/python3.12/site-packages/airflow/example_dags/example_xcom.py
[2024-08-25T00:37:29.138+0000] {processor.py:914} INFO - Processing file /home/airflow/.local/lib/python3.12/site-packages/airflow/example_dags/example_xcom.py for tasks to queue
[2024-08-25T00:37:29.141+0000] {logging_mixin.py:190} INFO - [2024-08-25T00:37:29.140+0000] {dagbag.py:587} INFO - Filling up the DagBag from /home/airflow/.local/lib/python3.12/site-packages/airflow/example_dags/example_xcom.py
[2024-08-25T00:37:29.175+0000] {processor.py:925} INFO - DAG(s) 'example_xcom' retrieved from /home/airflow/.local/lib/python3.12/site-packages/airflow/example_dags/example_xcom.py
[2024-08-25T00:37:29.246+0000] {logging_mixin.py:190} INFO - [2024-08-25T00:37:29.245+0000] {dag.py:3211} INFO - Sync 1 DAGs
[2024-08-25T00:37:29.338+0000] {logging_mixin.py:190} INFO - [2024-08-25T00:37:29.337+0000] {dag.py:4138} INFO - Setting next_dagrun for example_xcom to 2021-01-01 00:00:00+00:00, run_after=2021-01-01 00:00:00+00:00
[2024-08-25T00:37:29.394+0000] {processor.py:208} INFO - Processing /home/airflow/.local/lib/python3.12/site-packages/airflow/example_dags/example_xcom.py took 0.276 seconds
[2024-08-25T00:37:59.509+0000] {processor.py:186} INFO - Started process (PID=1242) to work on /home/airflow/.local/lib/python3.12/site-packages/airflow/example_dags/example_xcom.py
[2024-08-25T00:37:59.512+0000] {processor.py:914} INFO - Processing file /home/airflow/.local/lib/python3.12/site-packages/airflow/example_dags/example_xcom.py for tasks to queue
[2024-08-25T00:37:59.516+0000] {logging_mixin.py:190} INFO - [2024-08-25T00:37:59.514+0000] {dagbag.py:587} INFO - Filling up the DagBag from /home/airflow/.local/lib/python3.12/site-packages/airflow/example_dags/example_xcom.py
[2024-08-25T00:37:59.566+0000] {processor.py:925} INFO - DAG(s) 'example_xcom' retrieved from /home/airflow/.local/lib/python3.12/site-packages/airflow/example_dags/example_xcom.py
[2024-08-25T00:37:59.671+0000] {logging_mixin.py:190} INFO - [2024-08-25T00:37:59.670+0000] {dag.py:3211} INFO - Sync 1 DAGs
[2024-08-25T00:37:59.773+0000] {logging_mixin.py:190} INFO - [2024-08-25T00:37:59.773+0000] {dag.py:4138} INFO - Setting next_dagrun for example_xcom to 2021-01-01 00:00:00+00:00, run_after=2021-01-01 00:00:00+00:00
[2024-08-25T00:37:59.818+0000] {processor.py:208} INFO - Processing /home/airflow/.local/lib/python3.12/site-packages/airflow/example_dags/example_xcom.py took 0.326 seconds
[2024-08-25T00:38:35.185+0000] {processor.py:186} INFO - Started process (PID=1308) to work on /home/airflow/.local/lib/python3.12/site-packages/airflow/example_dags/example_xcom.py
[2024-08-25T00:38:35.199+0000] {processor.py:914} INFO - Processing file /home/airflow/.local/lib/python3.12/site-packages/airflow/example_dags/example_xcom.py for tasks to queue
[2024-08-25T00:38:35.215+0000] {logging_mixin.py:190} INFO - [2024-08-25T00:38:35.204+0000] {dagbag.py:587} INFO - Filling up the DagBag from /home/airflow/.local/lib/python3.12/site-packages/airflow/example_dags/example_xcom.py
[2024-08-25T00:38:35.330+0000] {processor.py:925} INFO - DAG(s) 'example_xcom' retrieved from /home/airflow/.local/lib/python3.12/site-packages/airflow/example_dags/example_xcom.py
[2024-08-25T00:38:35.600+0000] {logging_mixin.py:190} INFO - [2024-08-25T00:38:35.588+0000] {dag.py:3211} INFO - Sync 1 DAGs
[2024-08-25T00:38:35.939+0000] {logging_mixin.py:190} INFO - [2024-08-25T00:38:35.925+0000] {dag.py:4138} INFO - Setting next_dagrun for example_xcom to 2021-01-01 00:00:00+00:00, run_after=2021-01-01 00:00:00+00:00
[2024-08-25T00:38:36.229+0000] {processor.py:208} INFO - Processing /home/airflow/.local/lib/python3.12/site-packages/airflow/example_dags/example_xcom.py took 1.108 seconds
[2024-08-25T00:39:06.873+0000] {processor.py:186} INFO - Started process (PID=1369) to work on /home/airflow/.local/lib/python3.12/site-packages/airflow/example_dags/example_xcom.py
[2024-08-25T00:39:06.877+0000] {processor.py:914} INFO - Processing file /home/airflow/.local/lib/python3.12/site-packages/airflow/example_dags/example_xcom.py for tasks to queue
[2024-08-25T00:39:06.880+0000] {logging_mixin.py:190} INFO - [2024-08-25T00:39:06.879+0000] {dagbag.py:587} INFO - Filling up the DagBag from /home/airflow/.local/lib/python3.12/site-packages/airflow/example_dags/example_xcom.py
[2024-08-25T00:39:06.914+0000] {processor.py:925} INFO - DAG(s) 'example_xcom' retrieved from /home/airflow/.local/lib/python3.12/site-packages/airflow/example_dags/example_xcom.py
[2024-08-25T00:39:06.997+0000] {logging_mixin.py:190} INFO - [2024-08-25T00:39:06.996+0000] {dag.py:3211} INFO - Sync 1 DAGs
[2024-08-25T00:39:07.082+0000] {logging_mixin.py:190} INFO - [2024-08-25T00:39:07.081+0000] {dag.py:4138} INFO - Setting next_dagrun for example_xcom to 2021-01-01 00:00:00+00:00, run_after=2021-01-01 00:00:00+00:00
[2024-08-25T00:39:07.177+0000] {processor.py:208} INFO - Processing /home/airflow/.local/lib/python3.12/site-packages/airflow/example_dags/example_xcom.py took 0.323 seconds
[2024-08-25T00:39:37.302+0000] {processor.py:186} INFO - Started process (PID=1432) to work on /home/airflow/.local/lib/python3.12/site-packages/airflow/example_dags/example_xcom.py
[2024-08-25T00:39:37.304+0000] {processor.py:914} INFO - Processing file /home/airflow/.local/lib/python3.12/site-packages/airflow/example_dags/example_xcom.py for tasks to queue
[2024-08-25T00:39:37.307+0000] {logging_mixin.py:190} INFO - [2024-08-25T00:39:37.307+0000] {dagbag.py:587} INFO - Filling up the DagBag from /home/airflow/.local/lib/python3.12/site-packages/airflow/example_dags/example_xcom.py
[2024-08-25T00:39:37.332+0000] {processor.py:925} INFO - DAG(s) 'example_xcom' retrieved from /home/airflow/.local/lib/python3.12/site-packages/airflow/example_dags/example_xcom.py
[2024-08-25T00:39:37.380+0000] {logging_mixin.py:190} INFO - [2024-08-25T00:39:37.380+0000] {dag.py:3211} INFO - Sync 1 DAGs
[2024-08-25T00:39:37.436+0000] {logging_mixin.py:190} INFO - [2024-08-25T00:39:37.435+0000] {dag.py:4138} INFO - Setting next_dagrun for example_xcom to 2021-01-01 00:00:00+00:00, run_after=2021-01-01 00:00:00+00:00
[2024-08-25T00:39:37.474+0000] {processor.py:208} INFO - Processing /home/airflow/.local/lib/python3.12/site-packages/airflow/example_dags/example_xcom.py took 0.185 seconds
[2024-08-25T00:40:07.587+0000] {processor.py:186} INFO - Started process (PID=1494) to work on /home/airflow/.local/lib/python3.12/site-packages/airflow/example_dags/example_xcom.py
[2024-08-25T00:40:07.590+0000] {processor.py:914} INFO - Processing file /home/airflow/.local/lib/python3.12/site-packages/airflow/example_dags/example_xcom.py for tasks to queue
[2024-08-25T00:40:07.593+0000] {logging_mixin.py:190} INFO - [2024-08-25T00:40:07.592+0000] {dagbag.py:587} INFO - Filling up the DagBag from /home/airflow/.local/lib/python3.12/site-packages/airflow/example_dags/example_xcom.py
[2024-08-25T00:40:07.677+0000] {processor.py:925} INFO - DAG(s) 'example_xcom' retrieved from /home/airflow/.local/lib/python3.12/site-packages/airflow/example_dags/example_xcom.py
[2024-08-25T00:40:07.783+0000] {logging_mixin.py:190} INFO - [2024-08-25T00:40:07.783+0000] {dag.py:3211} INFO - Sync 1 DAGs
[2024-08-25T00:40:07.896+0000] {logging_mixin.py:190} INFO - [2024-08-25T00:40:07.895+0000] {dag.py:4138} INFO - Setting next_dagrun for example_xcom to 2021-01-01 00:00:00+00:00, run_after=2021-01-01 00:00:00+00:00
[2024-08-25T00:40:08.041+0000] {processor.py:208} INFO - Processing /home/airflow/.local/lib/python3.12/site-packages/airflow/example_dags/example_xcom.py took 0.476 seconds
