[2024-08-25T00:00:01.575+0000] {processor.py:186} INFO - Started process (PID=38509) to work on /home/airflow/.local/lib/python3.12/site-packages/airflow/example_dags/example_skip_dag.py
[2024-08-25T00:00:01.576+0000] {processor.py:914} INFO - Processing file /home/airflow/.local/lib/python3.12/site-packages/airflow/example_dags/example_skip_dag.py for tasks to queue
[2024-08-25T00:00:01.582+0000] {logging_mixin.py:190} INFO - [2024-08-25T00:00:01.581+0000] {dagbag.py:587} INFO - Filling up the DagBag from /home/airflow/.local/lib/python3.12/site-packages/airflow/example_dags/example_skip_dag.py
[2024-08-25T00:00:01.610+0000] {processor.py:925} INFO - DAG(s) 'example_skip_dag' retrieved from /home/airflow/.local/lib/python3.12/site-packages/airflow/example_dags/example_skip_dag.py
[2024-08-25T00:00:01.682+0000] {logging_mixin.py:190} INFO - [2024-08-25T00:00:01.681+0000] {dag.py:3211} INFO - Sync 1 DAGs
[2024-08-25T00:00:01.752+0000] {logging_mixin.py:190} INFO - [2024-08-25T00:00:01.751+0000] {dag.py:4138} INFO - Setting next_dagrun for example_skip_dag to 2024-08-24 00:00:00+00:00, run_after=2024-08-25 00:00:00+00:00
[2024-08-25T00:00:01.805+0000] {processor.py:208} INFO - Processing /home/airflow/.local/lib/python3.12/site-packages/airflow/example_dags/example_skip_dag.py took 0.248 seconds
[2024-08-25T00:00:32.650+0000] {processor.py:186} INFO - Started process (PID=38572) to work on /home/airflow/.local/lib/python3.12/site-packages/airflow/example_dags/example_skip_dag.py
[2024-08-25T00:00:32.681+0000] {processor.py:914} INFO - Processing file /home/airflow/.local/lib/python3.12/site-packages/airflow/example_dags/example_skip_dag.py for tasks to queue
[2024-08-25T00:00:32.721+0000] {logging_mixin.py:190} INFO - [2024-08-25T00:00:32.701+0000] {dagbag.py:587} INFO - Filling up the DagBag from /home/airflow/.local/lib/python3.12/site-packages/airflow/example_dags/example_skip_dag.py
[2024-08-25T00:00:32.805+0000] {processor.py:925} INFO - DAG(s) 'example_skip_dag' retrieved from /home/airflow/.local/lib/python3.12/site-packages/airflow/example_dags/example_skip_dag.py
[2024-08-25T00:00:33.022+0000] {logging_mixin.py:190} INFO - [2024-08-25T00:00:33.020+0000] {dag.py:3211} INFO - Sync 1 DAGs
[2024-08-25T00:00:33.572+0000] {logging_mixin.py:190} INFO - [2024-08-25T00:00:33.571+0000] {dag.py:4138} INFO - Setting next_dagrun for example_skip_dag to 2024-08-24 00:00:00+00:00, run_after=2024-08-25 00:00:00+00:00
[2024-08-25T00:00:33.639+0000] {processor.py:208} INFO - Processing /home/airflow/.local/lib/python3.12/site-packages/airflow/example_dags/example_skip_dag.py took 1.016 seconds
[2024-08-25T00:06:06.226+0000] {processor.py:186} INFO - Started process (PID=125) to work on /home/airflow/.local/lib/python3.12/site-packages/airflow/example_dags/example_skip_dag.py
[2024-08-25T00:06:06.236+0000] {processor.py:914} INFO - Processing file /home/airflow/.local/lib/python3.12/site-packages/airflow/example_dags/example_skip_dag.py for tasks to queue
[2024-08-25T00:06:06.246+0000] {logging_mixin.py:190} INFO - [2024-08-25T00:06:06.245+0000] {dagbag.py:587} INFO - Filling up the DagBag from /home/airflow/.local/lib/python3.12/site-packages/airflow/example_dags/example_skip_dag.py
[2024-08-25T00:06:06.284+0000] {processor.py:925} INFO - DAG(s) 'example_skip_dag' retrieved from /home/airflow/.local/lib/python3.12/site-packages/airflow/example_dags/example_skip_dag.py
[2024-08-25T00:06:06.684+0000] {logging_mixin.py:190} INFO - [2024-08-25T00:06:06.674+0000] {dag.py:3211} INFO - Sync 1 DAGs
[2024-08-25T00:06:06.997+0000] {logging_mixin.py:190} INFO - [2024-08-25T00:06:06.996+0000] {dag.py:4138} INFO - Setting next_dagrun for example_skip_dag to 2024-08-24 00:00:00+00:00, run_after=2024-08-25 00:00:00+00:00
[2024-08-25T00:06:07.102+0000] {processor.py:208} INFO - Processing /home/airflow/.local/lib/python3.12/site-packages/airflow/example_dags/example_skip_dag.py took 0.913 seconds
[2024-08-25T00:07:00.317+0000] {processor.py:186} INFO - Started process (PID=195) to work on /home/airflow/.local/lib/python3.12/site-packages/airflow/example_dags/example_skip_dag.py
[2024-08-25T00:07:00.339+0000] {processor.py:914} INFO - Processing file /home/airflow/.local/lib/python3.12/site-packages/airflow/example_dags/example_skip_dag.py for tasks to queue
[2024-08-25T00:07:00.356+0000] {logging_mixin.py:190} INFO - [2024-08-25T00:07:00.355+0000] {dagbag.py:587} INFO - Filling up the DagBag from /home/airflow/.local/lib/python3.12/site-packages/airflow/example_dags/example_skip_dag.py
[2024-08-25T00:07:00.428+0000] {processor.py:925} INFO - DAG(s) 'example_skip_dag' retrieved from /home/airflow/.local/lib/python3.12/site-packages/airflow/example_dags/example_skip_dag.py
[2024-08-25T00:07:00.698+0000] {logging_mixin.py:190} INFO - [2024-08-25T00:07:00.696+0000] {dag.py:3211} INFO - Sync 1 DAGs
[2024-08-25T00:07:00.945+0000] {logging_mixin.py:190} INFO - [2024-08-25T00:07:00.944+0000] {dag.py:4138} INFO - Setting next_dagrun for example_skip_dag to 2024-08-24 00:00:00+00:00, run_after=2024-08-25 00:00:00+00:00
[2024-08-25T00:07:01.106+0000] {processor.py:208} INFO - Processing /home/airflow/.local/lib/python3.12/site-packages/airflow/example_dags/example_skip_dag.py took 0.830 seconds
[2024-08-25T00:07:31.659+0000] {processor.py:186} INFO - Started process (PID=256) to work on /home/airflow/.local/lib/python3.12/site-packages/airflow/example_dags/example_skip_dag.py
[2024-08-25T00:07:31.662+0000] {processor.py:914} INFO - Processing file /home/airflow/.local/lib/python3.12/site-packages/airflow/example_dags/example_skip_dag.py for tasks to queue
[2024-08-25T00:07:31.669+0000] {logging_mixin.py:190} INFO - [2024-08-25T00:07:31.668+0000] {dagbag.py:587} INFO - Filling up the DagBag from /home/airflow/.local/lib/python3.12/site-packages/airflow/example_dags/example_skip_dag.py
[2024-08-25T00:07:31.699+0000] {processor.py:925} INFO - DAG(s) 'example_skip_dag' retrieved from /home/airflow/.local/lib/python3.12/site-packages/airflow/example_dags/example_skip_dag.py
[2024-08-25T00:07:31.828+0000] {logging_mixin.py:190} INFO - [2024-08-25T00:07:31.826+0000] {dag.py:3211} INFO - Sync 1 DAGs
[2024-08-25T00:07:32.039+0000] {logging_mixin.py:190} INFO - [2024-08-25T00:07:32.038+0000] {dag.py:4138} INFO - Setting next_dagrun for example_skip_dag to 2024-08-24 00:00:00+00:00, run_after=2024-08-25 00:00:00+00:00
[2024-08-25T00:07:32.154+0000] {processor.py:208} INFO - Processing /home/airflow/.local/lib/python3.12/site-packages/airflow/example_dags/example_skip_dag.py took 0.511 seconds
[2024-08-25T00:08:08.178+0000] {processor.py:186} INFO - Started process (PID=320) to work on /home/airflow/.local/lib/python3.12/site-packages/airflow/example_dags/example_skip_dag.py
[2024-08-25T00:08:08.183+0000] {processor.py:914} INFO - Processing file /home/airflow/.local/lib/python3.12/site-packages/airflow/example_dags/example_skip_dag.py for tasks to queue
[2024-08-25T00:08:08.194+0000] {logging_mixin.py:190} INFO - [2024-08-25T00:08:08.193+0000] {dagbag.py:587} INFO - Filling up the DagBag from /home/airflow/.local/lib/python3.12/site-packages/airflow/example_dags/example_skip_dag.py
[2024-08-25T00:08:08.243+0000] {processor.py:925} INFO - DAG(s) 'example_skip_dag' retrieved from /home/airflow/.local/lib/python3.12/site-packages/airflow/example_dags/example_skip_dag.py
[2024-08-25T00:08:08.375+0000] {logging_mixin.py:190} INFO - [2024-08-25T00:08:08.373+0000] {dag.py:3211} INFO - Sync 1 DAGs
[2024-08-25T00:08:08.587+0000] {logging_mixin.py:190} INFO - [2024-08-25T00:08:08.587+0000] {dag.py:4138} INFO - Setting next_dagrun for example_skip_dag to 2024-08-24 00:00:00+00:00, run_after=2024-08-25 00:00:00+00:00
[2024-08-25T00:08:08.709+0000] {processor.py:208} INFO - Processing /home/airflow/.local/lib/python3.12/site-packages/airflow/example_dags/example_skip_dag.py took 0.573 seconds
[2024-08-25T00:08:39.071+0000] {processor.py:186} INFO - Started process (PID=382) to work on /home/airflow/.local/lib/python3.12/site-packages/airflow/example_dags/example_skip_dag.py
[2024-08-25T00:08:39.081+0000] {processor.py:914} INFO - Processing file /home/airflow/.local/lib/python3.12/site-packages/airflow/example_dags/example_skip_dag.py for tasks to queue
[2024-08-25T00:08:39.091+0000] {logging_mixin.py:190} INFO - [2024-08-25T00:08:39.090+0000] {dagbag.py:587} INFO - Filling up the DagBag from /home/airflow/.local/lib/python3.12/site-packages/airflow/example_dags/example_skip_dag.py
[2024-08-25T00:08:39.135+0000] {processor.py:925} INFO - DAG(s) 'example_skip_dag' retrieved from /home/airflow/.local/lib/python3.12/site-packages/airflow/example_dags/example_skip_dag.py
[2024-08-25T00:08:39.208+0000] {logging_mixin.py:190} INFO - [2024-08-25T00:08:39.206+0000] {dag.py:3211} INFO - Sync 1 DAGs
[2024-08-25T00:08:39.285+0000] {logging_mixin.py:190} INFO - [2024-08-25T00:08:39.285+0000] {dag.py:4138} INFO - Setting next_dagrun for example_skip_dag to 2024-08-24 00:00:00+00:00, run_after=2024-08-25 00:00:00+00:00
[2024-08-25T00:08:39.332+0000] {processor.py:208} INFO - Processing /home/airflow/.local/lib/python3.12/site-packages/airflow/example_dags/example_skip_dag.py took 0.298 seconds
[2024-08-25T00:09:11.069+0000] {processor.py:186} INFO - Started process (PID=445) to work on /home/airflow/.local/lib/python3.12/site-packages/airflow/example_dags/example_skip_dag.py
[2024-08-25T00:09:11.071+0000] {processor.py:914} INFO - Processing file /home/airflow/.local/lib/python3.12/site-packages/airflow/example_dags/example_skip_dag.py for tasks to queue
[2024-08-25T00:09:11.088+0000] {logging_mixin.py:190} INFO - [2024-08-25T00:09:11.087+0000] {dagbag.py:587} INFO - Filling up the DagBag from /home/airflow/.local/lib/python3.12/site-packages/airflow/example_dags/example_skip_dag.py
[2024-08-25T00:09:11.133+0000] {processor.py:925} INFO - DAG(s) 'example_skip_dag' retrieved from /home/airflow/.local/lib/python3.12/site-packages/airflow/example_dags/example_skip_dag.py
[2024-08-25T00:09:11.252+0000] {logging_mixin.py:190} INFO - [2024-08-25T00:09:11.240+0000] {dag.py:3211} INFO - Sync 1 DAGs
[2024-08-25T00:09:11.441+0000] {logging_mixin.py:190} INFO - [2024-08-25T00:09:11.440+0000] {dag.py:4138} INFO - Setting next_dagrun for example_skip_dag to 2024-08-24 00:00:00+00:00, run_after=2024-08-25 00:00:00+00:00
[2024-08-25T00:09:11.630+0000] {processor.py:208} INFO - Processing /home/airflow/.local/lib/python3.12/site-packages/airflow/example_dags/example_skip_dag.py took 0.585 seconds
[2024-08-25T00:09:43.372+0000] {processor.py:186} INFO - Started process (PID=509) to work on /home/airflow/.local/lib/python3.12/site-packages/airflow/example_dags/example_skip_dag.py
[2024-08-25T00:09:43.375+0000] {processor.py:914} INFO - Processing file /home/airflow/.local/lib/python3.12/site-packages/airflow/example_dags/example_skip_dag.py for tasks to queue
[2024-08-25T00:09:43.384+0000] {logging_mixin.py:190} INFO - [2024-08-25T00:09:43.382+0000] {dagbag.py:587} INFO - Filling up the DagBag from /home/airflow/.local/lib/python3.12/site-packages/airflow/example_dags/example_skip_dag.py
[2024-08-25T00:09:43.407+0000] {processor.py:925} INFO - DAG(s) 'example_skip_dag' retrieved from /home/airflow/.local/lib/python3.12/site-packages/airflow/example_dags/example_skip_dag.py
[2024-08-25T00:09:43.477+0000] {logging_mixin.py:190} INFO - [2024-08-25T00:09:43.476+0000] {dag.py:3211} INFO - Sync 1 DAGs
[2024-08-25T00:09:43.558+0000] {logging_mixin.py:190} INFO - [2024-08-25T00:09:43.557+0000] {dag.py:4138} INFO - Setting next_dagrun for example_skip_dag to 2024-08-24 00:00:00+00:00, run_after=2024-08-25 00:00:00+00:00
[2024-08-25T00:09:43.628+0000] {processor.py:208} INFO - Processing /home/airflow/.local/lib/python3.12/site-packages/airflow/example_dags/example_skip_dag.py took 0.276 seconds
[2024-08-25T00:10:13.963+0000] {processor.py:186} INFO - Started process (PID=572) to work on /home/airflow/.local/lib/python3.12/site-packages/airflow/example_dags/example_skip_dag.py
[2024-08-25T00:10:13.965+0000] {processor.py:914} INFO - Processing file /home/airflow/.local/lib/python3.12/site-packages/airflow/example_dags/example_skip_dag.py for tasks to queue
[2024-08-25T00:10:13.969+0000] {logging_mixin.py:190} INFO - [2024-08-25T00:10:13.969+0000] {dagbag.py:587} INFO - Filling up the DagBag from /home/airflow/.local/lib/python3.12/site-packages/airflow/example_dags/example_skip_dag.py
[2024-08-25T00:10:13.986+0000] {processor.py:925} INFO - DAG(s) 'example_skip_dag' retrieved from /home/airflow/.local/lib/python3.12/site-packages/airflow/example_dags/example_skip_dag.py
[2024-08-25T00:10:14.035+0000] {logging_mixin.py:190} INFO - [2024-08-25T00:10:14.034+0000] {dag.py:3211} INFO - Sync 1 DAGs
[2024-08-25T00:10:14.091+0000] {logging_mixin.py:190} INFO - [2024-08-25T00:10:14.091+0000] {dag.py:4138} INFO - Setting next_dagrun for example_skip_dag to 2024-08-24 00:00:00+00:00, run_after=2024-08-25 00:00:00+00:00
[2024-08-25T00:10:14.128+0000] {processor.py:208} INFO - Processing /home/airflow/.local/lib/python3.12/site-packages/airflow/example_dags/example_skip_dag.py took 0.178 seconds
[2024-08-25T00:10:46.141+0000] {processor.py:186} INFO - Started process (PID=635) to work on /home/airflow/.local/lib/python3.12/site-packages/airflow/example_dags/example_skip_dag.py
[2024-08-25T00:10:46.150+0000] {processor.py:914} INFO - Processing file /home/airflow/.local/lib/python3.12/site-packages/airflow/example_dags/example_skip_dag.py for tasks to queue
[2024-08-25T00:10:46.169+0000] {logging_mixin.py:190} INFO - [2024-08-25T00:10:46.168+0000] {dagbag.py:587} INFO - Filling up the DagBag from /home/airflow/.local/lib/python3.12/site-packages/airflow/example_dags/example_skip_dag.py
[2024-08-25T00:10:46.193+0000] {processor.py:925} INFO - DAG(s) 'example_skip_dag' retrieved from /home/airflow/.local/lib/python3.12/site-packages/airflow/example_dags/example_skip_dag.py
[2024-08-25T00:10:46.281+0000] {logging_mixin.py:190} INFO - [2024-08-25T00:10:46.279+0000] {dag.py:3211} INFO - Sync 1 DAGs
[2024-08-25T00:10:46.362+0000] {logging_mixin.py:190} INFO - [2024-08-25T00:10:46.361+0000] {dag.py:4138} INFO - Setting next_dagrun for example_skip_dag to 2024-08-24 00:00:00+00:00, run_after=2024-08-25 00:00:00+00:00
[2024-08-25T00:10:46.425+0000] {processor.py:208} INFO - Processing /home/airflow/.local/lib/python3.12/site-packages/airflow/example_dags/example_skip_dag.py took 0.326 seconds
[2024-08-25T00:11:16.713+0000] {processor.py:186} INFO - Started process (PID=697) to work on /home/airflow/.local/lib/python3.12/site-packages/airflow/example_dags/example_skip_dag.py
[2024-08-25T00:11:16.715+0000] {processor.py:914} INFO - Processing file /home/airflow/.local/lib/python3.12/site-packages/airflow/example_dags/example_skip_dag.py for tasks to queue
[2024-08-25T00:11:16.720+0000] {logging_mixin.py:190} INFO - [2024-08-25T00:11:16.720+0000] {dagbag.py:587} INFO - Filling up the DagBag from /home/airflow/.local/lib/python3.12/site-packages/airflow/example_dags/example_skip_dag.py
[2024-08-25T00:11:16.740+0000] {processor.py:925} INFO - DAG(s) 'example_skip_dag' retrieved from /home/airflow/.local/lib/python3.12/site-packages/airflow/example_dags/example_skip_dag.py
[2024-08-25T00:11:16.793+0000] {logging_mixin.py:190} INFO - [2024-08-25T00:11:16.792+0000] {dag.py:3211} INFO - Sync 1 DAGs
[2024-08-25T00:11:16.850+0000] {logging_mixin.py:190} INFO - [2024-08-25T00:11:16.849+0000] {dag.py:4138} INFO - Setting next_dagrun for example_skip_dag to 2024-08-24 00:00:00+00:00, run_after=2024-08-25 00:00:00+00:00
[2024-08-25T00:11:16.891+0000] {processor.py:208} INFO - Processing /home/airflow/.local/lib/python3.12/site-packages/airflow/example_dags/example_skip_dag.py took 0.193 seconds
[2024-08-25T00:11:54.162+0000] {processor.py:186} INFO - Started process (PID=763) to work on /home/airflow/.local/lib/python3.12/site-packages/airflow/example_dags/example_skip_dag.py
[2024-08-25T00:11:54.165+0000] {processor.py:914} INFO - Processing file /home/airflow/.local/lib/python3.12/site-packages/airflow/example_dags/example_skip_dag.py for tasks to queue
[2024-08-25T00:11:54.180+0000] {logging_mixin.py:190} INFO - [2024-08-25T00:11:54.179+0000] {dagbag.py:587} INFO - Filling up the DagBag from /home/airflow/.local/lib/python3.12/site-packages/airflow/example_dags/example_skip_dag.py
[2024-08-25T00:11:54.219+0000] {processor.py:925} INFO - DAG(s) 'example_skip_dag' retrieved from /home/airflow/.local/lib/python3.12/site-packages/airflow/example_dags/example_skip_dag.py
[2024-08-25T00:11:54.431+0000] {logging_mixin.py:190} INFO - [2024-08-25T00:11:54.419+0000] {dag.py:3211} INFO - Sync 1 DAGs
[2024-08-25T00:11:54.899+0000] {logging_mixin.py:190} INFO - [2024-08-25T00:11:54.899+0000] {dag.py:4138} INFO - Setting next_dagrun for example_skip_dag to 2024-08-24 00:00:00+00:00, run_after=2024-08-25 00:00:00+00:00
[2024-08-25T00:11:55.198+0000] {processor.py:208} INFO - Processing /home/airflow/.local/lib/python3.12/site-packages/airflow/example_dags/example_skip_dag.py took 1.078 seconds
[2024-08-25T00:12:25.839+0000] {processor.py:186} INFO - Started process (PID=826) to work on /home/airflow/.local/lib/python3.12/site-packages/airflow/example_dags/example_skip_dag.py
[2024-08-25T00:12:25.841+0000] {processor.py:914} INFO - Processing file /home/airflow/.local/lib/python3.12/site-packages/airflow/example_dags/example_skip_dag.py for tasks to queue
[2024-08-25T00:12:25.848+0000] {logging_mixin.py:190} INFO - [2024-08-25T00:12:25.847+0000] {dagbag.py:587} INFO - Filling up the DagBag from /home/airflow/.local/lib/python3.12/site-packages/airflow/example_dags/example_skip_dag.py
[2024-08-25T00:12:25.879+0000] {processor.py:925} INFO - DAG(s) 'example_skip_dag' retrieved from /home/airflow/.local/lib/python3.12/site-packages/airflow/example_dags/example_skip_dag.py
[2024-08-25T00:12:25.945+0000] {logging_mixin.py:190} INFO - [2024-08-25T00:12:25.944+0000] {dag.py:3211} INFO - Sync 1 DAGs
[2024-08-25T00:12:26.017+0000] {logging_mixin.py:190} INFO - [2024-08-25T00:12:26.016+0000] {dag.py:4138} INFO - Setting next_dagrun for example_skip_dag to 2024-08-24 00:00:00+00:00, run_after=2024-08-25 00:00:00+00:00
[2024-08-25T00:12:26.064+0000] {processor.py:208} INFO - Processing /home/airflow/.local/lib/python3.12/site-packages/airflow/example_dags/example_skip_dag.py took 0.243 seconds
[2024-08-25T00:12:56.262+0000] {processor.py:186} INFO - Started process (PID=889) to work on /home/airflow/.local/lib/python3.12/site-packages/airflow/example_dags/example_skip_dag.py
[2024-08-25T00:12:56.264+0000] {processor.py:914} INFO - Processing file /home/airflow/.local/lib/python3.12/site-packages/airflow/example_dags/example_skip_dag.py for tasks to queue
[2024-08-25T00:12:56.270+0000] {logging_mixin.py:190} INFO - [2024-08-25T00:12:56.269+0000] {dagbag.py:587} INFO - Filling up the DagBag from /home/airflow/.local/lib/python3.12/site-packages/airflow/example_dags/example_skip_dag.py
[2024-08-25T00:12:56.289+0000] {processor.py:925} INFO - DAG(s) 'example_skip_dag' retrieved from /home/airflow/.local/lib/python3.12/site-packages/airflow/example_dags/example_skip_dag.py
[2024-08-25T00:12:56.358+0000] {logging_mixin.py:190} INFO - [2024-08-25T00:12:56.357+0000] {dag.py:3211} INFO - Sync 1 DAGs
[2024-08-25T00:12:56.432+0000] {logging_mixin.py:190} INFO - [2024-08-25T00:12:56.431+0000] {dag.py:4138} INFO - Setting next_dagrun for example_skip_dag to 2024-08-24 00:00:00+00:00, run_after=2024-08-25 00:00:00+00:00
[2024-08-25T00:12:56.480+0000] {processor.py:208} INFO - Processing /home/airflow/.local/lib/python3.12/site-packages/airflow/example_dags/example_skip_dag.py took 0.238 seconds
[2024-08-25T00:13:27.051+0000] {processor.py:186} INFO - Started process (PID=952) to work on /home/airflow/.local/lib/python3.12/site-packages/airflow/example_dags/example_skip_dag.py
[2024-08-25T00:13:27.053+0000] {processor.py:914} INFO - Processing file /home/airflow/.local/lib/python3.12/site-packages/airflow/example_dags/example_skip_dag.py for tasks to queue
[2024-08-25T00:13:27.061+0000] {logging_mixin.py:190} INFO - [2024-08-25T00:13:27.060+0000] {dagbag.py:587} INFO - Filling up the DagBag from /home/airflow/.local/lib/python3.12/site-packages/airflow/example_dags/example_skip_dag.py
[2024-08-25T00:13:27.082+0000] {processor.py:925} INFO - DAG(s) 'example_skip_dag' retrieved from /home/airflow/.local/lib/python3.12/site-packages/airflow/example_dags/example_skip_dag.py
[2024-08-25T00:13:27.139+0000] {logging_mixin.py:190} INFO - [2024-08-25T00:13:27.138+0000] {dag.py:3211} INFO - Sync 1 DAGs
[2024-08-25T00:13:27.196+0000] {logging_mixin.py:190} INFO - [2024-08-25T00:13:27.195+0000] {dag.py:4138} INFO - Setting next_dagrun for example_skip_dag to 2024-08-24 00:00:00+00:00, run_after=2024-08-25 00:00:00+00:00
[2024-08-25T00:13:27.238+0000] {processor.py:208} INFO - Processing /home/airflow/.local/lib/python3.12/site-packages/airflow/example_dags/example_skip_dag.py took 0.205 seconds
[2024-08-25T00:13:58.043+0000] {processor.py:186} INFO - Started process (PID=1015) to work on /home/airflow/.local/lib/python3.12/site-packages/airflow/example_dags/example_skip_dag.py
[2024-08-25T00:13:58.045+0000] {processor.py:914} INFO - Processing file /home/airflow/.local/lib/python3.12/site-packages/airflow/example_dags/example_skip_dag.py for tasks to queue
[2024-08-25T00:13:58.058+0000] {logging_mixin.py:190} INFO - [2024-08-25T00:13:58.056+0000] {dagbag.py:587} INFO - Filling up the DagBag from /home/airflow/.local/lib/python3.12/site-packages/airflow/example_dags/example_skip_dag.py
[2024-08-25T00:13:58.100+0000] {processor.py:925} INFO - DAG(s) 'example_skip_dag' retrieved from /home/airflow/.local/lib/python3.12/site-packages/airflow/example_dags/example_skip_dag.py
[2024-08-25T00:13:58.197+0000] {logging_mixin.py:190} INFO - [2024-08-25T00:13:58.195+0000] {dag.py:3211} INFO - Sync 1 DAGs
[2024-08-25T00:13:58.297+0000] {logging_mixin.py:190} INFO - [2024-08-25T00:13:58.296+0000] {dag.py:4138} INFO - Setting next_dagrun for example_skip_dag to 2024-08-24 00:00:00+00:00, run_after=2024-08-25 00:00:00+00:00
[2024-08-25T00:13:58.342+0000] {processor.py:208} INFO - Processing /home/airflow/.local/lib/python3.12/site-packages/airflow/example_dags/example_skip_dag.py took 0.323 seconds
[2024-08-25T00:14:28.984+0000] {processor.py:186} INFO - Started process (PID=1079) to work on /home/airflow/.local/lib/python3.12/site-packages/airflow/example_dags/example_skip_dag.py
[2024-08-25T00:14:28.987+0000] {processor.py:914} INFO - Processing file /home/airflow/.local/lib/python3.12/site-packages/airflow/example_dags/example_skip_dag.py for tasks to queue
[2024-08-25T00:14:28.999+0000] {logging_mixin.py:190} INFO - [2024-08-25T00:14:28.998+0000] {dagbag.py:587} INFO - Filling up the DagBag from /home/airflow/.local/lib/python3.12/site-packages/airflow/example_dags/example_skip_dag.py
[2024-08-25T00:14:29.063+0000] {processor.py:925} INFO - DAG(s) 'example_skip_dag' retrieved from /home/airflow/.local/lib/python3.12/site-packages/airflow/example_dags/example_skip_dag.py
[2024-08-25T00:14:29.174+0000] {logging_mixin.py:190} INFO - [2024-08-25T00:14:29.172+0000] {dag.py:3211} INFO - Sync 1 DAGs
[2024-08-25T00:14:29.271+0000] {logging_mixin.py:190} INFO - [2024-08-25T00:14:29.270+0000] {dag.py:4138} INFO - Setting next_dagrun for example_skip_dag to 2024-08-24 00:00:00+00:00, run_after=2024-08-25 00:00:00+00:00
[2024-08-25T00:14:29.342+0000] {processor.py:208} INFO - Processing /home/airflow/.local/lib/python3.12/site-packages/airflow/example_dags/example_skip_dag.py took 0.389 seconds
[2024-08-25T00:15:02.426+0000] {processor.py:186} INFO - Started process (PID=1149) to work on /home/airflow/.local/lib/python3.12/site-packages/airflow/example_dags/example_skip_dag.py
[2024-08-25T00:15:02.428+0000] {processor.py:914} INFO - Processing file /home/airflow/.local/lib/python3.12/site-packages/airflow/example_dags/example_skip_dag.py for tasks to queue
[2024-08-25T00:15:02.447+0000] {logging_mixin.py:190} INFO - [2024-08-25T00:15:02.438+0000] {dagbag.py:587} INFO - Filling up the DagBag from /home/airflow/.local/lib/python3.12/site-packages/airflow/example_dags/example_skip_dag.py
[2024-08-25T00:15:02.506+0000] {processor.py:925} INFO - DAG(s) 'example_skip_dag' retrieved from /home/airflow/.local/lib/python3.12/site-packages/airflow/example_dags/example_skip_dag.py
[2024-08-25T00:15:02.773+0000] {logging_mixin.py:190} INFO - [2024-08-25T00:15:02.760+0000] {dag.py:3211} INFO - Sync 1 DAGs
[2024-08-25T00:15:02.940+0000] {logging_mixin.py:190} INFO - [2024-08-25T00:15:02.939+0000] {dag.py:4138} INFO - Setting next_dagrun for example_skip_dag to 2024-08-24 00:00:00+00:00, run_after=2024-08-25 00:00:00+00:00
[2024-08-25T00:15:03.059+0000] {processor.py:208} INFO - Processing /home/airflow/.local/lib/python3.12/site-packages/airflow/example_dags/example_skip_dag.py took 0.664 seconds
[2024-08-25T00:15:33.702+0000] {processor.py:186} INFO - Started process (PID=1212) to work on /home/airflow/.local/lib/python3.12/site-packages/airflow/example_dags/example_skip_dag.py
[2024-08-25T00:15:33.704+0000] {processor.py:914} INFO - Processing file /home/airflow/.local/lib/python3.12/site-packages/airflow/example_dags/example_skip_dag.py for tasks to queue
[2024-08-25T00:15:33.709+0000] {logging_mixin.py:190} INFO - [2024-08-25T00:15:33.708+0000] {dagbag.py:587} INFO - Filling up the DagBag from /home/airflow/.local/lib/python3.12/site-packages/airflow/example_dags/example_skip_dag.py
[2024-08-25T00:15:33.734+0000] {processor.py:925} INFO - DAG(s) 'example_skip_dag' retrieved from /home/airflow/.local/lib/python3.12/site-packages/airflow/example_dags/example_skip_dag.py
[2024-08-25T00:15:33.799+0000] {logging_mixin.py:190} INFO - [2024-08-25T00:15:33.796+0000] {dag.py:3211} INFO - Sync 1 DAGs
[2024-08-25T00:15:33.868+0000] {logging_mixin.py:190} INFO - [2024-08-25T00:15:33.868+0000] {dag.py:4138} INFO - Setting next_dagrun for example_skip_dag to 2024-08-24 00:00:00+00:00, run_after=2024-08-25 00:00:00+00:00
[2024-08-25T00:15:33.914+0000] {processor.py:208} INFO - Processing /home/airflow/.local/lib/python3.12/site-packages/airflow/example_dags/example_skip_dag.py took 0.229 seconds
[2024-08-25T00:16:04.201+0000] {processor.py:186} INFO - Started process (PID=1275) to work on /home/airflow/.local/lib/python3.12/site-packages/airflow/example_dags/example_skip_dag.py
[2024-08-25T00:16:04.217+0000] {processor.py:914} INFO - Processing file /home/airflow/.local/lib/python3.12/site-packages/airflow/example_dags/example_skip_dag.py for tasks to queue
[2024-08-25T00:16:04.233+0000] {logging_mixin.py:190} INFO - [2024-08-25T00:16:04.232+0000] {dagbag.py:587} INFO - Filling up the DagBag from /home/airflow/.local/lib/python3.12/site-packages/airflow/example_dags/example_skip_dag.py
[2024-08-25T00:16:04.328+0000] {processor.py:925} INFO - DAG(s) 'example_skip_dag' retrieved from /home/airflow/.local/lib/python3.12/site-packages/airflow/example_dags/example_skip_dag.py
[2024-08-25T00:16:04.495+0000] {logging_mixin.py:190} INFO - [2024-08-25T00:16:04.493+0000] {dag.py:3211} INFO - Sync 1 DAGs
[2024-08-25T00:16:04.690+0000] {logging_mixin.py:190} INFO - [2024-08-25T00:16:04.689+0000] {dag.py:4138} INFO - Setting next_dagrun for example_skip_dag to 2024-08-24 00:00:00+00:00, run_after=2024-08-25 00:00:00+00:00
[2024-08-25T00:16:04.974+0000] {processor.py:208} INFO - Processing /home/airflow/.local/lib/python3.12/site-packages/airflow/example_dags/example_skip_dag.py took 0.828 seconds
[2024-08-25T00:16:35.289+0000] {processor.py:186} INFO - Started process (PID=1337) to work on /home/airflow/.local/lib/python3.12/site-packages/airflow/example_dags/example_skip_dag.py
[2024-08-25T00:16:35.293+0000] {processor.py:914} INFO - Processing file /home/airflow/.local/lib/python3.12/site-packages/airflow/example_dags/example_skip_dag.py for tasks to queue
[2024-08-25T00:16:35.306+0000] {logging_mixin.py:190} INFO - [2024-08-25T00:16:35.305+0000] {dagbag.py:587} INFO - Filling up the DagBag from /home/airflow/.local/lib/python3.12/site-packages/airflow/example_dags/example_skip_dag.py
[2024-08-25T00:16:35.341+0000] {processor.py:925} INFO - DAG(s) 'example_skip_dag' retrieved from /home/airflow/.local/lib/python3.12/site-packages/airflow/example_dags/example_skip_dag.py
[2024-08-25T00:16:35.440+0000] {logging_mixin.py:190} INFO - [2024-08-25T00:16:35.438+0000] {dag.py:3211} INFO - Sync 1 DAGs
[2024-08-25T00:16:35.554+0000] {logging_mixin.py:190} INFO - [2024-08-25T00:16:35.553+0000] {dag.py:4138} INFO - Setting next_dagrun for example_skip_dag to 2024-08-24 00:00:00+00:00, run_after=2024-08-25 00:00:00+00:00
[2024-08-25T00:16:35.655+0000] {processor.py:208} INFO - Processing /home/airflow/.local/lib/python3.12/site-packages/airflow/example_dags/example_skip_dag.py took 0.397 seconds
[2024-08-25T00:17:06.980+0000] {processor.py:186} INFO - Started process (PID=1401) to work on /home/airflow/.local/lib/python3.12/site-packages/airflow/example_dags/example_skip_dag.py
[2024-08-25T00:17:06.984+0000] {processor.py:914} INFO - Processing file /home/airflow/.local/lib/python3.12/site-packages/airflow/example_dags/example_skip_dag.py for tasks to queue
[2024-08-25T00:17:06.995+0000] {logging_mixin.py:190} INFO - [2024-08-25T00:17:06.994+0000] {dagbag.py:587} INFO - Filling up the DagBag from /home/airflow/.local/lib/python3.12/site-packages/airflow/example_dags/example_skip_dag.py
[2024-08-25T00:17:07.035+0000] {processor.py:925} INFO - DAG(s) 'example_skip_dag' retrieved from /home/airflow/.local/lib/python3.12/site-packages/airflow/example_dags/example_skip_dag.py
[2024-08-25T00:17:07.202+0000] {logging_mixin.py:190} INFO - [2024-08-25T00:17:07.200+0000] {dag.py:3211} INFO - Sync 1 DAGs
[2024-08-25T00:17:07.346+0000] {logging_mixin.py:190} INFO - [2024-08-25T00:17:07.346+0000] {dag.py:4138} INFO - Setting next_dagrun for example_skip_dag to 2024-08-24 00:00:00+00:00, run_after=2024-08-25 00:00:00+00:00
[2024-08-25T00:17:07.437+0000] {processor.py:208} INFO - Processing /home/airflow/.local/lib/python3.12/site-packages/airflow/example_dags/example_skip_dag.py took 0.485 seconds
[2024-08-25T00:17:37.824+0000] {processor.py:186} INFO - Started process (PID=1464) to work on /home/airflow/.local/lib/python3.12/site-packages/airflow/example_dags/example_skip_dag.py
[2024-08-25T00:17:37.826+0000] {processor.py:914} INFO - Processing file /home/airflow/.local/lib/python3.12/site-packages/airflow/example_dags/example_skip_dag.py for tasks to queue
[2024-08-25T00:17:37.833+0000] {logging_mixin.py:190} INFO - [2024-08-25T00:17:37.832+0000] {dagbag.py:587} INFO - Filling up the DagBag from /home/airflow/.local/lib/python3.12/site-packages/airflow/example_dags/example_skip_dag.py
[2024-08-25T00:17:37.856+0000] {processor.py:925} INFO - DAG(s) 'example_skip_dag' retrieved from /home/airflow/.local/lib/python3.12/site-packages/airflow/example_dags/example_skip_dag.py
[2024-08-25T00:17:37.908+0000] {logging_mixin.py:190} INFO - [2024-08-25T00:17:37.907+0000] {dag.py:3211} INFO - Sync 1 DAGs
[2024-08-25T00:17:37.977+0000] {logging_mixin.py:190} INFO - [2024-08-25T00:17:37.976+0000] {dag.py:4138} INFO - Setting next_dagrun for example_skip_dag to 2024-08-24 00:00:00+00:00, run_after=2024-08-25 00:00:00+00:00
[2024-08-25T00:17:38.018+0000] {processor.py:208} INFO - Processing /home/airflow/.local/lib/python3.12/site-packages/airflow/example_dags/example_skip_dag.py took 0.213 seconds
[2024-08-25T00:18:08.635+0000] {processor.py:186} INFO - Started process (PID=1527) to work on /home/airflow/.local/lib/python3.12/site-packages/airflow/example_dags/example_skip_dag.py
[2024-08-25T00:18:08.638+0000] {processor.py:914} INFO - Processing file /home/airflow/.local/lib/python3.12/site-packages/airflow/example_dags/example_skip_dag.py for tasks to queue
[2024-08-25T00:18:08.647+0000] {logging_mixin.py:190} INFO - [2024-08-25T00:18:08.647+0000] {dagbag.py:587} INFO - Filling up the DagBag from /home/airflow/.local/lib/python3.12/site-packages/airflow/example_dags/example_skip_dag.py
[2024-08-25T00:18:08.671+0000] {processor.py:925} INFO - DAG(s) 'example_skip_dag' retrieved from /home/airflow/.local/lib/python3.12/site-packages/airflow/example_dags/example_skip_dag.py
[2024-08-25T00:18:08.760+0000] {logging_mixin.py:190} INFO - [2024-08-25T00:18:08.752+0000] {dag.py:3211} INFO - Sync 1 DAGs
[2024-08-25T00:18:08.860+0000] {logging_mixin.py:190} INFO - [2024-08-25T00:18:08.859+0000] {dag.py:4138} INFO - Setting next_dagrun for example_skip_dag to 2024-08-24 00:00:00+00:00, run_after=2024-08-25 00:00:00+00:00
[2024-08-25T00:18:08.897+0000] {processor.py:208} INFO - Processing /home/airflow/.local/lib/python3.12/site-packages/airflow/example_dags/example_skip_dag.py took 0.292 seconds
[2024-08-25T00:18:41.201+0000] {processor.py:186} INFO - Started process (PID=1590) to work on /home/airflow/.local/lib/python3.12/site-packages/airflow/example_dags/example_skip_dag.py
[2024-08-25T00:18:41.203+0000] {processor.py:914} INFO - Processing file /home/airflow/.local/lib/python3.12/site-packages/airflow/example_dags/example_skip_dag.py for tasks to queue
[2024-08-25T00:18:41.212+0000] {logging_mixin.py:190} INFO - [2024-08-25T00:18:41.211+0000] {dagbag.py:587} INFO - Filling up the DagBag from /home/airflow/.local/lib/python3.12/site-packages/airflow/example_dags/example_skip_dag.py
[2024-08-25T00:18:41.244+0000] {processor.py:925} INFO - DAG(s) 'example_skip_dag' retrieved from /home/airflow/.local/lib/python3.12/site-packages/airflow/example_dags/example_skip_dag.py
[2024-08-25T00:18:41.345+0000] {logging_mixin.py:190} INFO - [2024-08-25T00:18:41.344+0000] {dag.py:3211} INFO - Sync 1 DAGs
[2024-08-25T00:18:41.456+0000] {logging_mixin.py:190} INFO - [2024-08-25T00:18:41.456+0000] {dag.py:4138} INFO - Setting next_dagrun for example_skip_dag to 2024-08-24 00:00:00+00:00, run_after=2024-08-25 00:00:00+00:00
[2024-08-25T00:18:41.515+0000] {processor.py:208} INFO - Processing /home/airflow/.local/lib/python3.12/site-packages/airflow/example_dags/example_skip_dag.py took 0.339 seconds
[2024-08-25T00:19:13.004+0000] {processor.py:186} INFO - Started process (PID=1653) to work on /home/airflow/.local/lib/python3.12/site-packages/airflow/example_dags/example_skip_dag.py
[2024-08-25T00:19:13.008+0000] {processor.py:914} INFO - Processing file /home/airflow/.local/lib/python3.12/site-packages/airflow/example_dags/example_skip_dag.py for tasks to queue
[2024-08-25T00:19:13.036+0000] {logging_mixin.py:190} INFO - [2024-08-25T00:19:13.035+0000] {dagbag.py:587} INFO - Filling up the DagBag from /home/airflow/.local/lib/python3.12/site-packages/airflow/example_dags/example_skip_dag.py
[2024-08-25T00:19:13.144+0000] {processor.py:925} INFO - DAG(s) 'example_skip_dag' retrieved from /home/airflow/.local/lib/python3.12/site-packages/airflow/example_dags/example_skip_dag.py
[2024-08-25T00:19:13.447+0000] {logging_mixin.py:190} INFO - [2024-08-25T00:19:13.434+0000] {dag.py:3211} INFO - Sync 1 DAGs
[2024-08-25T00:19:13.715+0000] {logging_mixin.py:190} INFO - [2024-08-25T00:19:13.714+0000] {dag.py:4138} INFO - Setting next_dagrun for example_skip_dag to 2024-08-24 00:00:00+00:00, run_after=2024-08-25 00:00:00+00:00
[2024-08-25T00:19:13.863+0000] {processor.py:208} INFO - Processing /home/airflow/.local/lib/python3.12/site-packages/airflow/example_dags/example_skip_dag.py took 0.924 seconds
[2024-08-25T00:19:44.122+0000] {processor.py:186} INFO - Started process (PID=1716) to work on /home/airflow/.local/lib/python3.12/site-packages/airflow/example_dags/example_skip_dag.py
[2024-08-25T00:19:44.125+0000] {processor.py:914} INFO - Processing file /home/airflow/.local/lib/python3.12/site-packages/airflow/example_dags/example_skip_dag.py for tasks to queue
[2024-08-25T00:19:44.149+0000] {logging_mixin.py:190} INFO - [2024-08-25T00:19:44.148+0000] {dagbag.py:587} INFO - Filling up the DagBag from /home/airflow/.local/lib/python3.12/site-packages/airflow/example_dags/example_skip_dag.py
[2024-08-25T00:19:44.228+0000] {processor.py:925} INFO - DAG(s) 'example_skip_dag' retrieved from /home/airflow/.local/lib/python3.12/site-packages/airflow/example_dags/example_skip_dag.py
[2024-08-25T00:19:44.390+0000] {logging_mixin.py:190} INFO - [2024-08-25T00:19:44.389+0000] {dag.py:3211} INFO - Sync 1 DAGs
[2024-08-25T00:19:44.644+0000] {logging_mixin.py:190} INFO - [2024-08-25T00:19:44.643+0000] {dag.py:4138} INFO - Setting next_dagrun for example_skip_dag to 2024-08-24 00:00:00+00:00, run_after=2024-08-25 00:00:00+00:00
[2024-08-25T00:19:44.764+0000] {processor.py:208} INFO - Processing /home/airflow/.local/lib/python3.12/site-packages/airflow/example_dags/example_skip_dag.py took 0.670 seconds
[2024-08-25T00:20:15.414+0000] {processor.py:186} INFO - Started process (PID=1780) to work on /home/airflow/.local/lib/python3.12/site-packages/airflow/example_dags/example_skip_dag.py
[2024-08-25T00:20:15.418+0000] {processor.py:914} INFO - Processing file /home/airflow/.local/lib/python3.12/site-packages/airflow/example_dags/example_skip_dag.py for tasks to queue
[2024-08-25T00:20:15.432+0000] {logging_mixin.py:190} INFO - [2024-08-25T00:20:15.431+0000] {dagbag.py:587} INFO - Filling up the DagBag from /home/airflow/.local/lib/python3.12/site-packages/airflow/example_dags/example_skip_dag.py
[2024-08-25T00:20:15.477+0000] {processor.py:925} INFO - DAG(s) 'example_skip_dag' retrieved from /home/airflow/.local/lib/python3.12/site-packages/airflow/example_dags/example_skip_dag.py
[2024-08-25T00:20:15.581+0000] {logging_mixin.py:190} INFO - [2024-08-25T00:20:15.580+0000] {dag.py:3211} INFO - Sync 1 DAGs
[2024-08-25T00:20:15.665+0000] {logging_mixin.py:190} INFO - [2024-08-25T00:20:15.664+0000] {dag.py:4138} INFO - Setting next_dagrun for example_skip_dag to 2024-08-24 00:00:00+00:00, run_after=2024-08-25 00:00:00+00:00
[2024-08-25T00:20:15.719+0000] {processor.py:208} INFO - Processing /home/airflow/.local/lib/python3.12/site-packages/airflow/example_dags/example_skip_dag.py took 0.337 seconds
[2024-08-25T00:20:46.225+0000] {processor.py:186} INFO - Started process (PID=1842) to work on /home/airflow/.local/lib/python3.12/site-packages/airflow/example_dags/example_skip_dag.py
[2024-08-25T00:20:46.227+0000] {processor.py:914} INFO - Processing file /home/airflow/.local/lib/python3.12/site-packages/airflow/example_dags/example_skip_dag.py for tasks to queue
[2024-08-25T00:20:46.234+0000] {logging_mixin.py:190} INFO - [2024-08-25T00:20:46.233+0000] {dagbag.py:587} INFO - Filling up the DagBag from /home/airflow/.local/lib/python3.12/site-packages/airflow/example_dags/example_skip_dag.py
[2024-08-25T00:20:46.252+0000] {processor.py:925} INFO - DAG(s) 'example_skip_dag' retrieved from /home/airflow/.local/lib/python3.12/site-packages/airflow/example_dags/example_skip_dag.py
[2024-08-25T00:20:46.311+0000] {logging_mixin.py:190} INFO - [2024-08-25T00:20:46.310+0000] {dag.py:3211} INFO - Sync 1 DAGs
[2024-08-25T00:20:46.370+0000] {logging_mixin.py:190} INFO - [2024-08-25T00:20:46.369+0000] {dag.py:4138} INFO - Setting next_dagrun for example_skip_dag to 2024-08-24 00:00:00+00:00, run_after=2024-08-25 00:00:00+00:00
[2024-08-25T00:20:46.415+0000] {processor.py:208} INFO - Processing /home/airflow/.local/lib/python3.12/site-packages/airflow/example_dags/example_skip_dag.py took 0.212 seconds
[2024-08-25T00:27:07.783+0000] {processor.py:186} INFO - Started process (PID=137) to work on /home/airflow/.local/lib/python3.12/site-packages/airflow/example_dags/example_skip_dag.py
[2024-08-25T00:27:07.797+0000] {processor.py:914} INFO - Processing file /home/airflow/.local/lib/python3.12/site-packages/airflow/example_dags/example_skip_dag.py for tasks to queue
[2024-08-25T00:27:07.848+0000] {logging_mixin.py:190} INFO - [2024-08-25T00:27:07.848+0000] {dagbag.py:587} INFO - Filling up the DagBag from /home/airflow/.local/lib/python3.12/site-packages/airflow/example_dags/example_skip_dag.py
[2024-08-25T00:27:07.994+0000] {processor.py:925} INFO - DAG(s) 'example_skip_dag' retrieved from /home/airflow/.local/lib/python3.12/site-packages/airflow/example_dags/example_skip_dag.py
[2024-08-25T00:27:08.365+0000] {logging_mixin.py:190} INFO - [2024-08-25T00:27:08.363+0000] {dag.py:3211} INFO - Sync 1 DAGs
[2024-08-25T00:27:08.730+0000] {logging_mixin.py:190} INFO - [2024-08-25T00:27:08.730+0000] {dag.py:4138} INFO - Setting next_dagrun for example_skip_dag to 2024-08-24 00:00:00+00:00, run_after=2024-08-25 00:00:00+00:00
[2024-08-25T00:27:09.093+0000] {processor.py:208} INFO - Processing /home/airflow/.local/lib/python3.12/site-packages/airflow/example_dags/example_skip_dag.py took 1.409 seconds
[2024-08-25T00:28:03.075+0000] {processor.py:186} INFO - Started process (PID=207) to work on /home/airflow/.local/lib/python3.12/site-packages/airflow/example_dags/example_skip_dag.py
[2024-08-25T00:28:03.094+0000] {processor.py:914} INFO - Processing file /home/airflow/.local/lib/python3.12/site-packages/airflow/example_dags/example_skip_dag.py for tasks to queue
[2024-08-25T00:28:03.116+0000] {logging_mixin.py:190} INFO - [2024-08-25T00:28:03.115+0000] {dagbag.py:587} INFO - Filling up the DagBag from /home/airflow/.local/lib/python3.12/site-packages/airflow/example_dags/example_skip_dag.py
[2024-08-25T00:28:03.210+0000] {processor.py:925} INFO - DAG(s) 'example_skip_dag' retrieved from /home/airflow/.local/lib/python3.12/site-packages/airflow/example_dags/example_skip_dag.py
[2024-08-25T00:28:03.744+0000] {logging_mixin.py:190} INFO - [2024-08-25T00:28:03.741+0000] {dag.py:3211} INFO - Sync 1 DAGs
[2024-08-25T00:28:04.188+0000] {logging_mixin.py:190} INFO - [2024-08-25T00:28:04.188+0000] {dag.py:4138} INFO - Setting next_dagrun for example_skip_dag to 2024-08-24 00:00:00+00:00, run_after=2024-08-25 00:00:00+00:00
[2024-08-25T00:28:04.405+0000] {processor.py:208} INFO - Processing /home/airflow/.local/lib/python3.12/site-packages/airflow/example_dags/example_skip_dag.py took 1.403 seconds
[2024-08-25T00:28:43.978+0000] {processor.py:186} INFO - Started process (PID=271) to work on /home/airflow/.local/lib/python3.12/site-packages/airflow/example_dags/example_skip_dag.py
[2024-08-25T00:28:43.982+0000] {processor.py:914} INFO - Processing file /home/airflow/.local/lib/python3.12/site-packages/airflow/example_dags/example_skip_dag.py for tasks to queue
[2024-08-25T00:28:43.998+0000] {logging_mixin.py:190} INFO - [2024-08-25T00:28:43.997+0000] {dagbag.py:587} INFO - Filling up the DagBag from /home/airflow/.local/lib/python3.12/site-packages/airflow/example_dags/example_skip_dag.py
[2024-08-25T00:28:44.058+0000] {processor.py:925} INFO - DAG(s) 'example_skip_dag' retrieved from /home/airflow/.local/lib/python3.12/site-packages/airflow/example_dags/example_skip_dag.py
[2024-08-25T00:28:44.224+0000] {logging_mixin.py:190} INFO - [2024-08-25T00:28:44.216+0000] {dag.py:3211} INFO - Sync 1 DAGs
[2024-08-25T00:28:44.484+0000] {logging_mixin.py:190} INFO - [2024-08-25T00:28:44.483+0000] {dag.py:4138} INFO - Setting next_dagrun for example_skip_dag to 2024-08-24 00:00:00+00:00, run_after=2024-08-25 00:00:00+00:00
[2024-08-25T00:28:44.670+0000] {processor.py:208} INFO - Processing /home/airflow/.local/lib/python3.12/site-packages/airflow/example_dags/example_skip_dag.py took 0.727 seconds
[2024-08-25T00:29:16.575+0000] {processor.py:186} INFO - Started process (PID=333) to work on /home/airflow/.local/lib/python3.12/site-packages/airflow/example_dags/example_skip_dag.py
[2024-08-25T00:29:16.607+0000] {processor.py:914} INFO - Processing file /home/airflow/.local/lib/python3.12/site-packages/airflow/example_dags/example_skip_dag.py for tasks to queue
[2024-08-25T00:29:16.642+0000] {logging_mixin.py:190} INFO - [2024-08-25T00:29:16.641+0000] {dagbag.py:587} INFO - Filling up the DagBag from /home/airflow/.local/lib/python3.12/site-packages/airflow/example_dags/example_skip_dag.py
[2024-08-25T00:29:16.811+0000] {processor.py:925} INFO - DAG(s) 'example_skip_dag' retrieved from /home/airflow/.local/lib/python3.12/site-packages/airflow/example_dags/example_skip_dag.py
[2024-08-25T00:29:17.153+0000] {logging_mixin.py:190} INFO - [2024-08-25T00:29:17.152+0000] {dag.py:3211} INFO - Sync 1 DAGs
[2024-08-25T00:29:17.409+0000] {logging_mixin.py:190} INFO - [2024-08-25T00:29:17.403+0000] {dag.py:4138} INFO - Setting next_dagrun for example_skip_dag to 2024-08-24 00:00:00+00:00, run_after=2024-08-25 00:00:00+00:00
[2024-08-25T00:29:17.608+0000] {processor.py:208} INFO - Processing /home/airflow/.local/lib/python3.12/site-packages/airflow/example_dags/example_skip_dag.py took 1.099 seconds
[2024-08-25T00:29:48.865+0000] {processor.py:186} INFO - Started process (PID=397) to work on /home/airflow/.local/lib/python3.12/site-packages/airflow/example_dags/example_skip_dag.py
[2024-08-25T00:29:48.878+0000] {processor.py:914} INFO - Processing file /home/airflow/.local/lib/python3.12/site-packages/airflow/example_dags/example_skip_dag.py for tasks to queue
[2024-08-25T00:29:48.896+0000] {logging_mixin.py:190} INFO - [2024-08-25T00:29:48.885+0000] {dagbag.py:587} INFO - Filling up the DagBag from /home/airflow/.local/lib/python3.12/site-packages/airflow/example_dags/example_skip_dag.py
[2024-08-25T00:29:48.971+0000] {processor.py:925} INFO - DAG(s) 'example_skip_dag' retrieved from /home/airflow/.local/lib/python3.12/site-packages/airflow/example_dags/example_skip_dag.py
[2024-08-25T00:29:49.087+0000] {logging_mixin.py:190} INFO - [2024-08-25T00:29:49.085+0000] {dag.py:3211} INFO - Sync 1 DAGs
[2024-08-25T00:29:49.226+0000] {logging_mixin.py:190} INFO - [2024-08-25T00:29:49.226+0000] {dag.py:4138} INFO - Setting next_dagrun for example_skip_dag to 2024-08-24 00:00:00+00:00, run_after=2024-08-25 00:00:00+00:00
[2024-08-25T00:29:49.327+0000] {processor.py:208} INFO - Processing /home/airflow/.local/lib/python3.12/site-packages/airflow/example_dags/example_skip_dag.py took 0.513 seconds
[2024-08-25T00:30:30.876+0000] {processor.py:186} INFO - Started process (PID=464) to work on /home/airflow/.local/lib/python3.12/site-packages/airflow/example_dags/example_skip_dag.py
[2024-08-25T00:30:30.882+0000] {processor.py:914} INFO - Processing file /home/airflow/.local/lib/python3.12/site-packages/airflow/example_dags/example_skip_dag.py for tasks to queue
[2024-08-25T00:30:30.897+0000] {logging_mixin.py:190} INFO - [2024-08-25T00:30:30.896+0000] {dagbag.py:587} INFO - Filling up the DagBag from /home/airflow/.local/lib/python3.12/site-packages/airflow/example_dags/example_skip_dag.py
[2024-08-25T00:30:30.949+0000] {processor.py:925} INFO - DAG(s) 'example_skip_dag' retrieved from /home/airflow/.local/lib/python3.12/site-packages/airflow/example_dags/example_skip_dag.py
[2024-08-25T00:30:31.121+0000] {logging_mixin.py:190} INFO - [2024-08-25T00:30:31.119+0000] {dag.py:3211} INFO - Sync 1 DAGs
[2024-08-25T00:30:31.306+0000] {logging_mixin.py:190} INFO - [2024-08-25T00:30:31.306+0000] {dag.py:4138} INFO - Setting next_dagrun for example_skip_dag to 2024-08-24 00:00:00+00:00, run_after=2024-08-25 00:00:00+00:00
[2024-08-25T00:30:31.613+0000] {processor.py:208} INFO - Processing /home/airflow/.local/lib/python3.12/site-packages/airflow/example_dags/example_skip_dag.py took 0.779 seconds
[2024-08-25T00:31:03.282+0000] {processor.py:186} INFO - Started process (PID=535) to work on /home/airflow/.local/lib/python3.12/site-packages/airflow/example_dags/example_skip_dag.py
[2024-08-25T00:31:03.300+0000] {processor.py:914} INFO - Processing file /home/airflow/.local/lib/python3.12/site-packages/airflow/example_dags/example_skip_dag.py for tasks to queue
[2024-08-25T00:31:03.321+0000] {logging_mixin.py:190} INFO - [2024-08-25T00:31:03.320+0000] {dagbag.py:587} INFO - Filling up the DagBag from /home/airflow/.local/lib/python3.12/site-packages/airflow/example_dags/example_skip_dag.py
[2024-08-25T00:31:03.444+0000] {processor.py:925} INFO - DAG(s) 'example_skip_dag' retrieved from /home/airflow/.local/lib/python3.12/site-packages/airflow/example_dags/example_skip_dag.py
[2024-08-25T00:31:03.642+0000] {logging_mixin.py:190} INFO - [2024-08-25T00:31:03.641+0000] {dag.py:3211} INFO - Sync 1 DAGs
[2024-08-25T00:31:03.867+0000] {logging_mixin.py:190} INFO - [2024-08-25T00:31:03.867+0000] {dag.py:4138} INFO - Setting next_dagrun for example_skip_dag to 2024-08-24 00:00:00+00:00, run_after=2024-08-25 00:00:00+00:00
[2024-08-25T00:31:04.024+0000] {processor.py:208} INFO - Processing /home/airflow/.local/lib/python3.12/site-packages/airflow/example_dags/example_skip_dag.py took 0.816 seconds
[2024-08-25T00:32:05.801+0000] {processor.py:186} INFO - Started process (PID=621) to work on /home/airflow/.local/lib/python3.12/site-packages/airflow/example_dags/example_skip_dag.py
[2024-08-25T00:32:05.819+0000] {processor.py:914} INFO - Processing file /home/airflow/.local/lib/python3.12/site-packages/airflow/example_dags/example_skip_dag.py for tasks to queue
[2024-08-25T00:32:05.843+0000] {logging_mixin.py:190} INFO - [2024-08-25T00:32:05.842+0000] {dagbag.py:587} INFO - Filling up the DagBag from /home/airflow/.local/lib/python3.12/site-packages/airflow/example_dags/example_skip_dag.py
[2024-08-25T00:32:05.924+0000] {processor.py:925} INFO - DAG(s) 'example_skip_dag' retrieved from /home/airflow/.local/lib/python3.12/site-packages/airflow/example_dags/example_skip_dag.py
[2024-08-25T00:32:06.077+0000] {logging_mixin.py:190} INFO - [2024-08-25T00:32:06.075+0000] {dag.py:3211} INFO - Sync 1 DAGs
[2024-08-25T00:32:06.201+0000] {logging_mixin.py:190} INFO - [2024-08-25T00:32:06.200+0000] {dag.py:4138} INFO - Setting next_dagrun for example_skip_dag to 2024-08-24 00:00:00+00:00, run_after=2024-08-25 00:00:00+00:00
[2024-08-25T00:32:06.303+0000] {processor.py:208} INFO - Processing /home/airflow/.local/lib/python3.12/site-packages/airflow/example_dags/example_skip_dag.py took 0.661 seconds
[2024-08-25T00:32:39.254+0000] {processor.py:186} INFO - Started process (PID=684) to work on /home/airflow/.local/lib/python3.12/site-packages/airflow/example_dags/example_skip_dag.py
[2024-08-25T00:32:39.300+0000] {processor.py:914} INFO - Processing file /home/airflow/.local/lib/python3.12/site-packages/airflow/example_dags/example_skip_dag.py for tasks to queue
[2024-08-25T00:32:39.381+0000] {logging_mixin.py:190} INFO - [2024-08-25T00:32:39.380+0000] {dagbag.py:587} INFO - Filling up the DagBag from /home/airflow/.local/lib/python3.12/site-packages/airflow/example_dags/example_skip_dag.py
[2024-08-25T00:32:39.649+0000] {processor.py:925} INFO - DAG(s) 'example_skip_dag' retrieved from /home/airflow/.local/lib/python3.12/site-packages/airflow/example_dags/example_skip_dag.py
[2024-08-25T00:32:40.064+0000] {logging_mixin.py:190} INFO - [2024-08-25T00:32:40.050+0000] {dag.py:3211} INFO - Sync 1 DAGs
[2024-08-25T00:32:40.365+0000] {logging_mixin.py:190} INFO - [2024-08-25T00:32:40.353+0000] {dag.py:4138} INFO - Setting next_dagrun for example_skip_dag to 2024-08-24 00:00:00+00:00, run_after=2024-08-25 00:00:00+00:00
[2024-08-25T00:32:40.655+0000] {processor.py:208} INFO - Processing /home/airflow/.local/lib/python3.12/site-packages/airflow/example_dags/example_skip_dag.py took 1.580 seconds
[2024-08-25T00:33:46.745+0000] {processor.py:186} INFO - Started process (PID=764) to work on /home/airflow/.local/lib/python3.12/site-packages/airflow/example_dags/example_skip_dag.py
[2024-08-25T00:33:46.953+0000] {processor.py:914} INFO - Processing file /home/airflow/.local/lib/python3.12/site-packages/airflow/example_dags/example_skip_dag.py for tasks to queue
[2024-08-25T00:33:47.031+0000] {logging_mixin.py:190} INFO - [2024-08-25T00:33:47.030+0000] {dagbag.py:587} INFO - Filling up the DagBag from /home/airflow/.local/lib/python3.12/site-packages/airflow/example_dags/example_skip_dag.py
[2024-08-25T00:33:47.300+0000] {processor.py:925} INFO - DAG(s) 'example_skip_dag' retrieved from /home/airflow/.local/lib/python3.12/site-packages/airflow/example_dags/example_skip_dag.py
[2024-08-25T00:33:47.617+0000] {logging_mixin.py:190} INFO - [2024-08-25T00:33:47.604+0000] {dag.py:3211} INFO - Sync 1 DAGs
[2024-08-25T00:33:47.967+0000] {logging_mixin.py:190} INFO - [2024-08-25T00:33:47.966+0000] {dag.py:4138} INFO - Setting next_dagrun for example_skip_dag to 2024-08-24 00:00:00+00:00, run_after=2024-08-25 00:00:00+00:00
[2024-08-25T00:33:48.276+0000] {processor.py:208} INFO - Processing /home/airflow/.local/lib/python3.12/site-packages/airflow/example_dags/example_skip_dag.py took 1.659 seconds
[2024-08-25T00:34:21.804+0000] {processor.py:186} INFO - Started process (PID=828) to work on /home/airflow/.local/lib/python3.12/site-packages/airflow/example_dags/example_skip_dag.py
[2024-08-25T00:34:21.808+0000] {processor.py:914} INFO - Processing file /home/airflow/.local/lib/python3.12/site-packages/airflow/example_dags/example_skip_dag.py for tasks to queue
[2024-08-25T00:34:21.817+0000] {logging_mixin.py:190} INFO - [2024-08-25T00:34:21.815+0000] {dagbag.py:587} INFO - Filling up the DagBag from /home/airflow/.local/lib/python3.12/site-packages/airflow/example_dags/example_skip_dag.py
[2024-08-25T00:34:21.845+0000] {processor.py:925} INFO - DAG(s) 'example_skip_dag' retrieved from /home/airflow/.local/lib/python3.12/site-packages/airflow/example_dags/example_skip_dag.py
[2024-08-25T00:34:21.933+0000] {logging_mixin.py:190} INFO - [2024-08-25T00:34:21.932+0000] {dag.py:3211} INFO - Sync 1 DAGs
[2024-08-25T00:34:22.047+0000] {logging_mixin.py:190} INFO - [2024-08-25T00:34:22.046+0000] {dag.py:4138} INFO - Setting next_dagrun for example_skip_dag to 2024-08-24 00:00:00+00:00, run_after=2024-08-25 00:00:00+00:00
[2024-08-25T00:34:22.108+0000] {processor.py:208} INFO - Processing /home/airflow/.local/lib/python3.12/site-packages/airflow/example_dags/example_skip_dag.py took 0.324 seconds
[2024-08-25T00:34:53.930+0000] {processor.py:186} INFO - Started process (PID=891) to work on /home/airflow/.local/lib/python3.12/site-packages/airflow/example_dags/example_skip_dag.py
[2024-08-25T00:34:53.933+0000] {processor.py:914} INFO - Processing file /home/airflow/.local/lib/python3.12/site-packages/airflow/example_dags/example_skip_dag.py for tasks to queue
[2024-08-25T00:34:53.944+0000] {logging_mixin.py:190} INFO - [2024-08-25T00:34:53.942+0000] {dagbag.py:587} INFO - Filling up the DagBag from /home/airflow/.local/lib/python3.12/site-packages/airflow/example_dags/example_skip_dag.py
[2024-08-25T00:34:53.980+0000] {processor.py:925} INFO - DAG(s) 'example_skip_dag' retrieved from /home/airflow/.local/lib/python3.12/site-packages/airflow/example_dags/example_skip_dag.py
[2024-08-25T00:34:54.066+0000] {logging_mixin.py:190} INFO - [2024-08-25T00:34:54.065+0000] {dag.py:3211} INFO - Sync 1 DAGs
[2024-08-25T00:34:54.139+0000] {logging_mixin.py:190} INFO - [2024-08-25T00:34:54.139+0000] {dag.py:4138} INFO - Setting next_dagrun for example_skip_dag to 2024-08-24 00:00:00+00:00, run_after=2024-08-25 00:00:00+00:00
[2024-08-25T00:34:54.195+0000] {processor.py:208} INFO - Processing /home/airflow/.local/lib/python3.12/site-packages/airflow/example_dags/example_skip_dag.py took 0.293 seconds
[2024-08-25T00:35:30.798+0000] {processor.py:186} INFO - Started process (PID=952) to work on /home/airflow/.local/lib/python3.12/site-packages/airflow/example_dags/example_skip_dag.py
[2024-08-25T00:35:30.821+0000] {processor.py:914} INFO - Processing file /home/airflow/.local/lib/python3.12/site-packages/airflow/example_dags/example_skip_dag.py for tasks to queue
[2024-08-25T00:35:30.902+0000] {logging_mixin.py:190} INFO - [2024-08-25T00:35:30.901+0000] {dagbag.py:587} INFO - Filling up the DagBag from /home/airflow/.local/lib/python3.12/site-packages/airflow/example_dags/example_skip_dag.py
[2024-08-25T00:35:31.009+0000] {processor.py:925} INFO - DAG(s) 'example_skip_dag' retrieved from /home/airflow/.local/lib/python3.12/site-packages/airflow/example_dags/example_skip_dag.py
[2024-08-25T00:35:31.230+0000] {logging_mixin.py:190} INFO - [2024-08-25T00:35:31.219+0000] {dag.py:3211} INFO - Sync 1 DAGs
[2024-08-25T00:35:31.446+0000] {logging_mixin.py:190} INFO - [2024-08-25T00:35:31.445+0000] {dag.py:4138} INFO - Setting next_dagrun for example_skip_dag to 2024-08-24 00:00:00+00:00, run_after=2024-08-25 00:00:00+00:00
[2024-08-25T00:35:31.669+0000] {processor.py:208} INFO - Processing /home/airflow/.local/lib/python3.12/site-packages/airflow/example_dags/example_skip_dag.py took 0.909 seconds
[2024-08-25T00:36:07.100+0000] {processor.py:186} INFO - Started process (PID=1024) to work on /home/airflow/.local/lib/python3.12/site-packages/airflow/example_dags/example_skip_dag.py
[2024-08-25T00:36:07.103+0000] {processor.py:914} INFO - Processing file /home/airflow/.local/lib/python3.12/site-packages/airflow/example_dags/example_skip_dag.py for tasks to queue
[2024-08-25T00:36:07.110+0000] {logging_mixin.py:190} INFO - [2024-08-25T00:36:07.109+0000] {dagbag.py:587} INFO - Filling up the DagBag from /home/airflow/.local/lib/python3.12/site-packages/airflow/example_dags/example_skip_dag.py
[2024-08-25T00:36:07.142+0000] {processor.py:925} INFO - DAG(s) 'example_skip_dag' retrieved from /home/airflow/.local/lib/python3.12/site-packages/airflow/example_dags/example_skip_dag.py
[2024-08-25T00:36:07.218+0000] {logging_mixin.py:190} INFO - [2024-08-25T00:36:07.217+0000] {dag.py:3211} INFO - Sync 1 DAGs
[2024-08-25T00:36:07.304+0000] {logging_mixin.py:190} INFO - [2024-08-25T00:36:07.303+0000] {dag.py:4138} INFO - Setting next_dagrun for example_skip_dag to 2024-08-24 00:00:00+00:00, run_after=2024-08-25 00:00:00+00:00
[2024-08-25T00:36:07.364+0000] {processor.py:208} INFO - Processing /home/airflow/.local/lib/python3.12/site-packages/airflow/example_dags/example_skip_dag.py took 0.284 seconds
[2024-08-25T00:36:37.801+0000] {processor.py:186} INFO - Started process (PID=1087) to work on /home/airflow/.local/lib/python3.12/site-packages/airflow/example_dags/example_skip_dag.py
[2024-08-25T00:36:37.803+0000] {processor.py:914} INFO - Processing file /home/airflow/.local/lib/python3.12/site-packages/airflow/example_dags/example_skip_dag.py for tasks to queue
[2024-08-25T00:36:37.818+0000] {logging_mixin.py:190} INFO - [2024-08-25T00:36:37.816+0000] {dagbag.py:587} INFO - Filling up the DagBag from /home/airflow/.local/lib/python3.12/site-packages/airflow/example_dags/example_skip_dag.py
[2024-08-25T00:36:37.853+0000] {processor.py:925} INFO - DAG(s) 'example_skip_dag' retrieved from /home/airflow/.local/lib/python3.12/site-packages/airflow/example_dags/example_skip_dag.py
[2024-08-25T00:36:38.005+0000] {logging_mixin.py:190} INFO - [2024-08-25T00:36:38.003+0000] {dag.py:3211} INFO - Sync 1 DAGs
[2024-08-25T00:36:38.252+0000] {logging_mixin.py:190} INFO - [2024-08-25T00:36:38.251+0000] {dag.py:4138} INFO - Setting next_dagrun for example_skip_dag to 2024-08-24 00:00:00+00:00, run_after=2024-08-25 00:00:00+00:00
[2024-08-25T00:36:38.391+0000] {processor.py:208} INFO - Processing /home/airflow/.local/lib/python3.12/site-packages/airflow/example_dags/example_skip_dag.py took 0.614 seconds
[2024-08-25T00:37:09.787+0000] {processor.py:186} INFO - Started process (PID=1149) to work on /home/airflow/.local/lib/python3.12/site-packages/airflow/example_dags/example_skip_dag.py
[2024-08-25T00:37:09.790+0000] {processor.py:914} INFO - Processing file /home/airflow/.local/lib/python3.12/site-packages/airflow/example_dags/example_skip_dag.py for tasks to queue
[2024-08-25T00:37:09.795+0000] {logging_mixin.py:190} INFO - [2024-08-25T00:37:09.794+0000] {dagbag.py:587} INFO - Filling up the DagBag from /home/airflow/.local/lib/python3.12/site-packages/airflow/example_dags/example_skip_dag.py
[2024-08-25T00:37:09.827+0000] {processor.py:925} INFO - DAG(s) 'example_skip_dag' retrieved from /home/airflow/.local/lib/python3.12/site-packages/airflow/example_dags/example_skip_dag.py
[2024-08-25T00:37:09.946+0000] {logging_mixin.py:190} INFO - [2024-08-25T00:37:09.944+0000] {dag.py:3211} INFO - Sync 1 DAGs
[2024-08-25T00:37:10.102+0000] {logging_mixin.py:190} INFO - [2024-08-25T00:37:10.100+0000] {dag.py:4138} INFO - Setting next_dagrun for example_skip_dag to 2024-08-24 00:00:00+00:00, run_after=2024-08-25 00:00:00+00:00
[2024-08-25T00:37:10.213+0000] {processor.py:208} INFO - Processing /home/airflow/.local/lib/python3.12/site-packages/airflow/example_dags/example_skip_dag.py took 0.467 seconds
[2024-08-25T00:37:40.714+0000] {processor.py:186} INFO - Started process (PID=1211) to work on /home/airflow/.local/lib/python3.12/site-packages/airflow/example_dags/example_skip_dag.py
[2024-08-25T00:37:40.721+0000] {processor.py:914} INFO - Processing file /home/airflow/.local/lib/python3.12/site-packages/airflow/example_dags/example_skip_dag.py for tasks to queue
[2024-08-25T00:37:40.726+0000] {logging_mixin.py:190} INFO - [2024-08-25T00:37:40.725+0000] {dagbag.py:587} INFO - Filling up the DagBag from /home/airflow/.local/lib/python3.12/site-packages/airflow/example_dags/example_skip_dag.py
[2024-08-25T00:37:40.812+0000] {processor.py:925} INFO - DAG(s) 'example_skip_dag' retrieved from /home/airflow/.local/lib/python3.12/site-packages/airflow/example_dags/example_skip_dag.py
[2024-08-25T00:37:40.926+0000] {logging_mixin.py:190} INFO - [2024-08-25T00:37:40.925+0000] {dag.py:3211} INFO - Sync 1 DAGs
[2024-08-25T00:37:41.048+0000] {logging_mixin.py:190} INFO - [2024-08-25T00:37:41.048+0000] {dag.py:4138} INFO - Setting next_dagrun for example_skip_dag to 2024-08-24 00:00:00+00:00, run_after=2024-08-25 00:00:00+00:00
[2024-08-25T00:37:41.104+0000] {processor.py:208} INFO - Processing /home/airflow/.local/lib/python3.12/site-packages/airflow/example_dags/example_skip_dag.py took 0.426 seconds
[2024-08-25T00:38:11.267+0000] {processor.py:186} INFO - Started process (PID=1272) to work on /home/airflow/.local/lib/python3.12/site-packages/airflow/example_dags/example_skip_dag.py
[2024-08-25T00:38:11.273+0000] {processor.py:914} INFO - Processing file /home/airflow/.local/lib/python3.12/site-packages/airflow/example_dags/example_skip_dag.py for tasks to queue
[2024-08-25T00:38:11.282+0000] {logging_mixin.py:190} INFO - [2024-08-25T00:38:11.280+0000] {dagbag.py:587} INFO - Filling up the DagBag from /home/airflow/.local/lib/python3.12/site-packages/airflow/example_dags/example_skip_dag.py
[2024-08-25T00:38:11.360+0000] {processor.py:925} INFO - DAG(s) 'example_skip_dag' retrieved from /home/airflow/.local/lib/python3.12/site-packages/airflow/example_dags/example_skip_dag.py
[2024-08-25T00:38:11.523+0000] {logging_mixin.py:190} INFO - [2024-08-25T00:38:11.521+0000] {dag.py:3211} INFO - Sync 1 DAGs
[2024-08-25T00:38:11.657+0000] {logging_mixin.py:190} INFO - [2024-08-25T00:38:11.656+0000] {dag.py:4138} INFO - Setting next_dagrun for example_skip_dag to 2024-08-24 00:00:00+00:00, run_after=2024-08-25 00:00:00+00:00
[2024-08-25T00:38:11.729+0000] {processor.py:208} INFO - Processing /home/airflow/.local/lib/python3.12/site-packages/airflow/example_dags/example_skip_dag.py took 0.494 seconds
[2024-08-25T00:38:44.136+0000] {processor.py:186} INFO - Started process (PID=1336) to work on /home/airflow/.local/lib/python3.12/site-packages/airflow/example_dags/example_skip_dag.py
[2024-08-25T00:38:44.139+0000] {processor.py:914} INFO - Processing file /home/airflow/.local/lib/python3.12/site-packages/airflow/example_dags/example_skip_dag.py for tasks to queue
[2024-08-25T00:38:44.143+0000] {logging_mixin.py:190} INFO - [2024-08-25T00:38:44.142+0000] {dagbag.py:587} INFO - Filling up the DagBag from /home/airflow/.local/lib/python3.12/site-packages/airflow/example_dags/example_skip_dag.py
[2024-08-25T00:38:44.198+0000] {processor.py:925} INFO - DAG(s) 'example_skip_dag' retrieved from /home/airflow/.local/lib/python3.12/site-packages/airflow/example_dags/example_skip_dag.py
[2024-08-25T00:38:44.343+0000] {logging_mixin.py:190} INFO - [2024-08-25T00:38:44.341+0000] {dag.py:3211} INFO - Sync 1 DAGs
[2024-08-25T00:38:44.457+0000] {logging_mixin.py:190} INFO - [2024-08-25T00:38:44.456+0000] {dag.py:4138} INFO - Setting next_dagrun for example_skip_dag to 2024-08-24 00:00:00+00:00, run_after=2024-08-25 00:00:00+00:00
[2024-08-25T00:38:44.540+0000] {processor.py:208} INFO - Processing /home/airflow/.local/lib/python3.12/site-packages/airflow/example_dags/example_skip_dag.py took 0.435 seconds
[2024-08-25T00:39:18.650+0000] {processor.py:186} INFO - Started process (PID=1399) to work on /home/airflow/.local/lib/python3.12/site-packages/airflow/example_dags/example_skip_dag.py
[2024-08-25T00:39:18.658+0000] {processor.py:914} INFO - Processing file /home/airflow/.local/lib/python3.12/site-packages/airflow/example_dags/example_skip_dag.py for tasks to queue
[2024-08-25T00:39:18.665+0000] {logging_mixin.py:190} INFO - [2024-08-25T00:39:18.664+0000] {dagbag.py:587} INFO - Filling up the DagBag from /home/airflow/.local/lib/python3.12/site-packages/airflow/example_dags/example_skip_dag.py
[2024-08-25T00:39:18.704+0000] {processor.py:925} INFO - DAG(s) 'example_skip_dag' retrieved from /home/airflow/.local/lib/python3.12/site-packages/airflow/example_dags/example_skip_dag.py
[2024-08-25T00:39:18.839+0000] {logging_mixin.py:190} INFO - [2024-08-25T00:39:18.832+0000] {dag.py:3211} INFO - Sync 1 DAGs
[2024-08-25T00:39:19.046+0000] {logging_mixin.py:190} INFO - [2024-08-25T00:39:19.045+0000] {dag.py:4138} INFO - Setting next_dagrun for example_skip_dag to 2024-08-24 00:00:00+00:00, run_after=2024-08-25 00:00:00+00:00
[2024-08-25T00:39:19.245+0000] {processor.py:208} INFO - Processing /home/airflow/.local/lib/python3.12/site-packages/airflow/example_dags/example_skip_dag.py took 0.625 seconds
[2024-08-25T00:39:49.745+0000] {processor.py:186} INFO - Started process (PID=1461) to work on /home/airflow/.local/lib/python3.12/site-packages/airflow/example_dags/example_skip_dag.py
[2024-08-25T00:39:49.748+0000] {processor.py:914} INFO - Processing file /home/airflow/.local/lib/python3.12/site-packages/airflow/example_dags/example_skip_dag.py for tasks to queue
[2024-08-25T00:39:49.753+0000] {logging_mixin.py:190} INFO - [2024-08-25T00:39:49.752+0000] {dagbag.py:587} INFO - Filling up the DagBag from /home/airflow/.local/lib/python3.12/site-packages/airflow/example_dags/example_skip_dag.py
[2024-08-25T00:39:49.786+0000] {processor.py:925} INFO - DAG(s) 'example_skip_dag' retrieved from /home/airflow/.local/lib/python3.12/site-packages/airflow/example_dags/example_skip_dag.py
[2024-08-25T00:39:49.859+0000] {logging_mixin.py:190} INFO - [2024-08-25T00:39:49.858+0000] {dag.py:3211} INFO - Sync 1 DAGs
[2024-08-25T00:39:49.952+0000] {logging_mixin.py:190} INFO - [2024-08-25T00:39:49.952+0000] {dag.py:4138} INFO - Setting next_dagrun for example_skip_dag to 2024-08-24 00:00:00+00:00, run_after=2024-08-25 00:00:00+00:00
[2024-08-25T00:39:50.021+0000] {processor.py:208} INFO - Processing /home/airflow/.local/lib/python3.12/site-packages/airflow/example_dags/example_skip_dag.py took 0.314 seconds
