[2024-08-25T00:00:19.244+0000] {processor.py:186} INFO - Started process (PID=38551) to work on /home/airflow/.local/lib/python3.12/site-packages/airflow/example_dags/example_task_group_decorator.py
[2024-08-25T00:00:19.247+0000] {processor.py:914} INFO - Processing file /home/airflow/.local/lib/python3.12/site-packages/airflow/example_dags/example_task_group_decorator.py for tasks to queue
[2024-08-25T00:00:19.252+0000] {logging_mixin.py:190} INFO - [2024-08-25T00:00:19.251+0000] {dagbag.py:587} INFO - Filling up the DagBag from /home/airflow/.local/lib/python3.12/site-packages/airflow/example_dags/example_task_group_decorator.py
[2024-08-25T00:00:19.303+0000] {processor.py:925} INFO - DAG(s) 'example_task_group_decorator' retrieved from /home/airflow/.local/lib/python3.12/site-packages/airflow/example_dags/example_task_group_decorator.py
[2024-08-25T00:00:19.382+0000] {logging_mixin.py:190} INFO - [2024-08-25T00:00:19.381+0000] {dag.py:3211} INFO - Sync 1 DAGs
[2024-08-25T00:00:19.445+0000] {logging_mixin.py:190} INFO - [2024-08-25T00:00:19.445+0000] {dag.py:4138} INFO - Setting next_dagrun for example_task_group_decorator to 2024-08-24 00:00:00+00:00, run_after=2024-08-25 00:00:00+00:00
[2024-08-25T00:00:19.521+0000] {processor.py:208} INFO - Processing /home/airflow/.local/lib/python3.12/site-packages/airflow/example_dags/example_task_group_decorator.py took 0.292 seconds
[2024-08-25T00:06:08.408+0000] {processor.py:186} INFO - Started process (PID=128) to work on /home/airflow/.local/lib/python3.12/site-packages/airflow/example_dags/example_task_group_decorator.py
[2024-08-25T00:06:08.418+0000] {processor.py:914} INFO - Processing file /home/airflow/.local/lib/python3.12/site-packages/airflow/example_dags/example_task_group_decorator.py for tasks to queue
[2024-08-25T00:06:08.427+0000] {logging_mixin.py:190} INFO - [2024-08-25T00:06:08.426+0000] {dagbag.py:587} INFO - Filling up the DagBag from /home/airflow/.local/lib/python3.12/site-packages/airflow/example_dags/example_task_group_decorator.py
[2024-08-25T00:06:08.598+0000] {processor.py:925} INFO - DAG(s) 'example_task_group_decorator' retrieved from /home/airflow/.local/lib/python3.12/site-packages/airflow/example_dags/example_task_group_decorator.py
[2024-08-25T00:06:08.951+0000] {logging_mixin.py:190} INFO - [2024-08-25T00:06:08.950+0000] {dag.py:3211} INFO - Sync 1 DAGs
[2024-08-25T00:06:09.071+0000] {logging_mixin.py:190} INFO - [2024-08-25T00:06:09.070+0000] {dag.py:4138} INFO - Setting next_dagrun for example_task_group_decorator to 2024-08-24 00:00:00+00:00, run_after=2024-08-25 00:00:00+00:00
[2024-08-25T00:06:09.349+0000] {processor.py:208} INFO - Processing /home/airflow/.local/lib/python3.12/site-packages/airflow/example_dags/example_task_group_decorator.py took 1.027 seconds
[2024-08-25T00:07:02.726+0000] {processor.py:186} INFO - Started process (PID=198) to work on /home/airflow/.local/lib/python3.12/site-packages/airflow/example_dags/example_task_group_decorator.py
[2024-08-25T00:07:02.729+0000] {processor.py:914} INFO - Processing file /home/airflow/.local/lib/python3.12/site-packages/airflow/example_dags/example_task_group_decorator.py for tasks to queue
[2024-08-25T00:07:02.736+0000] {logging_mixin.py:190} INFO - [2024-08-25T00:07:02.735+0000] {dagbag.py:587} INFO - Filling up the DagBag from /home/airflow/.local/lib/python3.12/site-packages/airflow/example_dags/example_task_group_decorator.py
[2024-08-25T00:07:02.809+0000] {processor.py:925} INFO - DAG(s) 'example_task_group_decorator' retrieved from /home/airflow/.local/lib/python3.12/site-packages/airflow/example_dags/example_task_group_decorator.py
[2024-08-25T00:07:02.954+0000] {logging_mixin.py:190} INFO - [2024-08-25T00:07:02.953+0000] {dag.py:3211} INFO - Sync 1 DAGs
[2024-08-25T00:07:03.046+0000] {logging_mixin.py:190} INFO - [2024-08-25T00:07:03.046+0000] {dag.py:4138} INFO - Setting next_dagrun for example_task_group_decorator to 2024-08-24 00:00:00+00:00, run_after=2024-08-25 00:00:00+00:00
[2024-08-25T00:07:03.109+0000] {processor.py:208} INFO - Processing /home/airflow/.local/lib/python3.12/site-packages/airflow/example_dags/example_task_group_decorator.py took 0.411 seconds
[2024-08-25T00:07:33.542+0000] {processor.py:186} INFO - Started process (PID=260) to work on /home/airflow/.local/lib/python3.12/site-packages/airflow/example_dags/example_task_group_decorator.py
[2024-08-25T00:07:33.544+0000] {processor.py:914} INFO - Processing file /home/airflow/.local/lib/python3.12/site-packages/airflow/example_dags/example_task_group_decorator.py for tasks to queue
[2024-08-25T00:07:33.550+0000] {logging_mixin.py:190} INFO - [2024-08-25T00:07:33.549+0000] {dagbag.py:587} INFO - Filling up the DagBag from /home/airflow/.local/lib/python3.12/site-packages/airflow/example_dags/example_task_group_decorator.py
[2024-08-25T00:07:33.606+0000] {processor.py:925} INFO - DAG(s) 'example_task_group_decorator' retrieved from /home/airflow/.local/lib/python3.12/site-packages/airflow/example_dags/example_task_group_decorator.py
[2024-08-25T00:07:33.717+0000] {logging_mixin.py:190} INFO - [2024-08-25T00:07:33.715+0000] {dag.py:3211} INFO - Sync 1 DAGs
[2024-08-25T00:07:33.822+0000] {logging_mixin.py:190} INFO - [2024-08-25T00:07:33.820+0000] {dag.py:4138} INFO - Setting next_dagrun for example_task_group_decorator to 2024-08-24 00:00:00+00:00, run_after=2024-08-25 00:00:00+00:00
[2024-08-25T00:07:33.948+0000] {processor.py:208} INFO - Processing /home/airflow/.local/lib/python3.12/site-packages/airflow/example_dags/example_task_group_decorator.py took 0.421 seconds
[2024-08-25T00:08:10.559+0000] {processor.py:186} INFO - Started process (PID=323) to work on /home/airflow/.local/lib/python3.12/site-packages/airflow/example_dags/example_task_group_decorator.py
[2024-08-25T00:08:10.561+0000] {processor.py:914} INFO - Processing file /home/airflow/.local/lib/python3.12/site-packages/airflow/example_dags/example_task_group_decorator.py for tasks to queue
[2024-08-25T00:08:10.576+0000] {logging_mixin.py:190} INFO - [2024-08-25T00:08:10.575+0000] {dagbag.py:587} INFO - Filling up the DagBag from /home/airflow/.local/lib/python3.12/site-packages/airflow/example_dags/example_task_group_decorator.py
[2024-08-25T00:08:10.660+0000] {processor.py:925} INFO - DAG(s) 'example_task_group_decorator' retrieved from /home/airflow/.local/lib/python3.12/site-packages/airflow/example_dags/example_task_group_decorator.py
[2024-08-25T00:08:10.801+0000] {logging_mixin.py:190} INFO - [2024-08-25T00:08:10.800+0000] {dag.py:3211} INFO - Sync 1 DAGs
[2024-08-25T00:08:10.958+0000] {logging_mixin.py:190} INFO - [2024-08-25T00:08:10.954+0000] {dag.py:4138} INFO - Setting next_dagrun for example_task_group_decorator to 2024-08-24 00:00:00+00:00, run_after=2024-08-25 00:00:00+00:00
[2024-08-25T00:08:11.045+0000] {processor.py:208} INFO - Processing /home/airflow/.local/lib/python3.12/site-packages/airflow/example_dags/example_task_group_decorator.py took 0.517 seconds
[2024-08-25T00:08:42.823+0000] {processor.py:186} INFO - Started process (PID=386) to work on /home/airflow/.local/lib/python3.12/site-packages/airflow/example_dags/example_task_group_decorator.py
[2024-08-25T00:08:42.826+0000] {processor.py:914} INFO - Processing file /home/airflow/.local/lib/python3.12/site-packages/airflow/example_dags/example_task_group_decorator.py for tasks to queue
[2024-08-25T00:08:42.835+0000] {logging_mixin.py:190} INFO - [2024-08-25T00:08:42.834+0000] {dagbag.py:587} INFO - Filling up the DagBag from /home/airflow/.local/lib/python3.12/site-packages/airflow/example_dags/example_task_group_decorator.py
[2024-08-25T00:08:42.893+0000] {processor.py:925} INFO - DAG(s) 'example_task_group_decorator' retrieved from /home/airflow/.local/lib/python3.12/site-packages/airflow/example_dags/example_task_group_decorator.py
[2024-08-25T00:08:43.000+0000] {logging_mixin.py:190} INFO - [2024-08-25T00:08:42.999+0000] {dag.py:3211} INFO - Sync 1 DAGs
[2024-08-25T00:08:43.075+0000] {logging_mixin.py:190} INFO - [2024-08-25T00:08:43.075+0000] {dag.py:4138} INFO - Setting next_dagrun for example_task_group_decorator to 2024-08-24 00:00:00+00:00, run_after=2024-08-25 00:00:00+00:00
[2024-08-25T00:08:43.124+0000] {processor.py:208} INFO - Processing /home/airflow/.local/lib/python3.12/site-packages/airflow/example_dags/example_task_group_decorator.py took 0.323 seconds
[2024-08-25T00:09:13.796+0000] {processor.py:186} INFO - Started process (PID=449) to work on /home/airflow/.local/lib/python3.12/site-packages/airflow/example_dags/example_task_group_decorator.py
[2024-08-25T00:09:13.799+0000] {processor.py:914} INFO - Processing file /home/airflow/.local/lib/python3.12/site-packages/airflow/example_dags/example_task_group_decorator.py for tasks to queue
[2024-08-25T00:09:13.806+0000] {logging_mixin.py:190} INFO - [2024-08-25T00:09:13.805+0000] {dagbag.py:587} INFO - Filling up the DagBag from /home/airflow/.local/lib/python3.12/site-packages/airflow/example_dags/example_task_group_decorator.py
[2024-08-25T00:09:13.858+0000] {processor.py:925} INFO - DAG(s) 'example_task_group_decorator' retrieved from /home/airflow/.local/lib/python3.12/site-packages/airflow/example_dags/example_task_group_decorator.py
[2024-08-25T00:09:13.976+0000] {logging_mixin.py:190} INFO - [2024-08-25T00:09:13.974+0000] {dag.py:3211} INFO - Sync 1 DAGs
[2024-08-25T00:09:14.086+0000] {logging_mixin.py:190} INFO - [2024-08-25T00:09:14.086+0000] {dag.py:4138} INFO - Setting next_dagrun for example_task_group_decorator to 2024-08-24 00:00:00+00:00, run_after=2024-08-25 00:00:00+00:00
[2024-08-25T00:09:14.215+0000] {processor.py:208} INFO - Processing /home/airflow/.local/lib/python3.12/site-packages/airflow/example_dags/example_task_group_decorator.py took 0.437 seconds
[2024-08-25T00:09:44.695+0000] {processor.py:186} INFO - Started process (PID=513) to work on /home/airflow/.local/lib/python3.12/site-packages/airflow/example_dags/example_task_group_decorator.py
[2024-08-25T00:09:44.697+0000] {processor.py:914} INFO - Processing file /home/airflow/.local/lib/python3.12/site-packages/airflow/example_dags/example_task_group_decorator.py for tasks to queue
[2024-08-25T00:09:44.707+0000] {logging_mixin.py:190} INFO - [2024-08-25T00:09:44.706+0000] {dagbag.py:587} INFO - Filling up the DagBag from /home/airflow/.local/lib/python3.12/site-packages/airflow/example_dags/example_task_group_decorator.py
[2024-08-25T00:09:44.778+0000] {processor.py:925} INFO - DAG(s) 'example_task_group_decorator' retrieved from /home/airflow/.local/lib/python3.12/site-packages/airflow/example_dags/example_task_group_decorator.py
[2024-08-25T00:09:44.930+0000] {logging_mixin.py:190} INFO - [2024-08-25T00:09:44.928+0000] {dag.py:3211} INFO - Sync 1 DAGs
[2024-08-25T00:09:45.282+0000] {logging_mixin.py:190} INFO - [2024-08-25T00:09:45.281+0000] {dag.py:4138} INFO - Setting next_dagrun for example_task_group_decorator to 2024-08-24 00:00:00+00:00, run_after=2024-08-25 00:00:00+00:00
[2024-08-25T00:09:45.439+0000] {processor.py:208} INFO - Processing /home/airflow/.local/lib/python3.12/site-packages/airflow/example_dags/example_task_group_decorator.py took 0.763 seconds
[2024-08-25T00:10:15.754+0000] {processor.py:186} INFO - Started process (PID=575) to work on /home/airflow/.local/lib/python3.12/site-packages/airflow/example_dags/example_task_group_decorator.py
[2024-08-25T00:10:15.756+0000] {processor.py:914} INFO - Processing file /home/airflow/.local/lib/python3.12/site-packages/airflow/example_dags/example_task_group_decorator.py for tasks to queue
[2024-08-25T00:10:15.761+0000] {logging_mixin.py:190} INFO - [2024-08-25T00:10:15.760+0000] {dagbag.py:587} INFO - Filling up the DagBag from /home/airflow/.local/lib/python3.12/site-packages/airflow/example_dags/example_task_group_decorator.py
[2024-08-25T00:10:15.798+0000] {processor.py:925} INFO - DAG(s) 'example_task_group_decorator' retrieved from /home/airflow/.local/lib/python3.12/site-packages/airflow/example_dags/example_task_group_decorator.py
[2024-08-25T00:10:15.855+0000] {logging_mixin.py:190} INFO - [2024-08-25T00:10:15.854+0000] {dag.py:3211} INFO - Sync 1 DAGs
[2024-08-25T00:10:15.915+0000] {logging_mixin.py:190} INFO - [2024-08-25T00:10:15.914+0000] {dag.py:4138} INFO - Setting next_dagrun for example_task_group_decorator to 2024-08-24 00:00:00+00:00, run_after=2024-08-25 00:00:00+00:00
[2024-08-25T00:10:15.955+0000] {processor.py:208} INFO - Processing /home/airflow/.local/lib/python3.12/site-packages/airflow/example_dags/example_task_group_decorator.py took 0.215 seconds
[2024-08-25T00:10:46.765+0000] {processor.py:186} INFO - Started process (PID=638) to work on /home/airflow/.local/lib/python3.12/site-packages/airflow/example_dags/example_task_group_decorator.py
[2024-08-25T00:10:46.767+0000] {processor.py:914} INFO - Processing file /home/airflow/.local/lib/python3.12/site-packages/airflow/example_dags/example_task_group_decorator.py for tasks to queue
[2024-08-25T00:10:46.775+0000] {logging_mixin.py:190} INFO - [2024-08-25T00:10:46.774+0000] {dagbag.py:587} INFO - Filling up the DagBag from /home/airflow/.local/lib/python3.12/site-packages/airflow/example_dags/example_task_group_decorator.py
[2024-08-25T00:10:46.842+0000] {processor.py:925} INFO - DAG(s) 'example_task_group_decorator' retrieved from /home/airflow/.local/lib/python3.12/site-packages/airflow/example_dags/example_task_group_decorator.py
[2024-08-25T00:10:46.942+0000] {logging_mixin.py:190} INFO - [2024-08-25T00:10:46.941+0000] {dag.py:3211} INFO - Sync 1 DAGs
[2024-08-25T00:10:47.014+0000] {logging_mixin.py:190} INFO - [2024-08-25T00:10:47.013+0000] {dag.py:4138} INFO - Setting next_dagrun for example_task_group_decorator to 2024-08-24 00:00:00+00:00, run_after=2024-08-25 00:00:00+00:00
[2024-08-25T00:10:47.076+0000] {processor.py:208} INFO - Processing /home/airflow/.local/lib/python3.12/site-packages/airflow/example_dags/example_task_group_decorator.py took 0.343 seconds
[2024-08-25T00:11:17.333+0000] {processor.py:186} INFO - Started process (PID=700) to work on /home/airflow/.local/lib/python3.12/site-packages/airflow/example_dags/example_task_group_decorator.py
[2024-08-25T00:11:17.335+0000] {processor.py:914} INFO - Processing file /home/airflow/.local/lib/python3.12/site-packages/airflow/example_dags/example_task_group_decorator.py for tasks to queue
[2024-08-25T00:11:17.346+0000] {logging_mixin.py:190} INFO - [2024-08-25T00:11:17.345+0000] {dagbag.py:587} INFO - Filling up the DagBag from /home/airflow/.local/lib/python3.12/site-packages/airflow/example_dags/example_task_group_decorator.py
[2024-08-25T00:11:17.456+0000] {processor.py:925} INFO - DAG(s) 'example_task_group_decorator' retrieved from /home/airflow/.local/lib/python3.12/site-packages/airflow/example_dags/example_task_group_decorator.py
[2024-08-25T00:11:17.559+0000] {logging_mixin.py:190} INFO - [2024-08-25T00:11:17.556+0000] {dag.py:3211} INFO - Sync 1 DAGs
[2024-08-25T00:11:17.622+0000] {logging_mixin.py:190} INFO - [2024-08-25T00:11:17.621+0000] {dag.py:4138} INFO - Setting next_dagrun for example_task_group_decorator to 2024-08-24 00:00:00+00:00, run_after=2024-08-25 00:00:00+00:00
[2024-08-25T00:11:17.665+0000] {processor.py:208} INFO - Processing /home/airflow/.local/lib/python3.12/site-packages/airflow/example_dags/example_task_group_decorator.py took 0.349 seconds
[2024-08-25T00:11:58.914+0000] {processor.py:186} INFO - Started process (PID=766) to work on /home/airflow/.local/lib/python3.12/site-packages/airflow/example_dags/example_task_group_decorator.py
[2024-08-25T00:11:58.916+0000] {processor.py:914} INFO - Processing file /home/airflow/.local/lib/python3.12/site-packages/airflow/example_dags/example_task_group_decorator.py for tasks to queue
[2024-08-25T00:11:58.926+0000] {logging_mixin.py:190} INFO - [2024-08-25T00:11:58.925+0000] {dagbag.py:587} INFO - Filling up the DagBag from /home/airflow/.local/lib/python3.12/site-packages/airflow/example_dags/example_task_group_decorator.py
[2024-08-25T00:11:58.989+0000] {processor.py:925} INFO - DAG(s) 'example_task_group_decorator' retrieved from /home/airflow/.local/lib/python3.12/site-packages/airflow/example_dags/example_task_group_decorator.py
[2024-08-25T00:11:59.090+0000] {logging_mixin.py:190} INFO - [2024-08-25T00:11:59.089+0000] {dag.py:3211} INFO - Sync 1 DAGs
[2024-08-25T00:11:59.169+0000] {logging_mixin.py:190} INFO - [2024-08-25T00:11:59.169+0000] {dag.py:4138} INFO - Setting next_dagrun for example_task_group_decorator to 2024-08-24 00:00:00+00:00, run_after=2024-08-25 00:00:00+00:00
[2024-08-25T00:11:59.259+0000] {processor.py:208} INFO - Processing /home/airflow/.local/lib/python3.12/site-packages/airflow/example_dags/example_task_group_decorator.py took 0.369 seconds
[2024-08-25T00:12:29.756+0000] {processor.py:186} INFO - Started process (PID=830) to work on /home/airflow/.local/lib/python3.12/site-packages/airflow/example_dags/example_task_group_decorator.py
[2024-08-25T00:12:29.761+0000] {processor.py:914} INFO - Processing file /home/airflow/.local/lib/python3.12/site-packages/airflow/example_dags/example_task_group_decorator.py for tasks to queue
[2024-08-25T00:12:29.781+0000] {logging_mixin.py:190} INFO - [2024-08-25T00:12:29.780+0000] {dagbag.py:587} INFO - Filling up the DagBag from /home/airflow/.local/lib/python3.12/site-packages/airflow/example_dags/example_task_group_decorator.py
[2024-08-25T00:12:29.991+0000] {processor.py:925} INFO - DAG(s) 'example_task_group_decorator' retrieved from /home/airflow/.local/lib/python3.12/site-packages/airflow/example_dags/example_task_group_decorator.py
[2024-08-25T00:12:30.109+0000] {logging_mixin.py:190} INFO - [2024-08-25T00:12:30.108+0000] {dag.py:3211} INFO - Sync 1 DAGs
[2024-08-25T00:12:30.182+0000] {logging_mixin.py:190} INFO - [2024-08-25T00:12:30.181+0000] {dag.py:4138} INFO - Setting next_dagrun for example_task_group_decorator to 2024-08-24 00:00:00+00:00, run_after=2024-08-25 00:00:00+00:00
[2024-08-25T00:12:30.236+0000] {processor.py:208} INFO - Processing /home/airflow/.local/lib/python3.12/site-packages/airflow/example_dags/example_task_group_decorator.py took 0.547 seconds
[2024-08-25T00:13:00.769+0000] {processor.py:186} INFO - Started process (PID=899) to work on /home/airflow/.local/lib/python3.12/site-packages/airflow/example_dags/example_task_group_decorator.py
[2024-08-25T00:13:00.772+0000] {processor.py:914} INFO - Processing file /home/airflow/.local/lib/python3.12/site-packages/airflow/example_dags/example_task_group_decorator.py for tasks to queue
[2024-08-25T00:13:00.789+0000] {logging_mixin.py:190} INFO - [2024-08-25T00:13:00.787+0000] {dagbag.py:587} INFO - Filling up the DagBag from /home/airflow/.local/lib/python3.12/site-packages/airflow/example_dags/example_task_group_decorator.py
[2024-08-25T00:13:00.849+0000] {processor.py:925} INFO - DAG(s) 'example_task_group_decorator' retrieved from /home/airflow/.local/lib/python3.12/site-packages/airflow/example_dags/example_task_group_decorator.py
[2024-08-25T00:13:00.931+0000] {logging_mixin.py:190} INFO - [2024-08-25T00:13:00.930+0000] {dag.py:3211} INFO - Sync 1 DAGs
[2024-08-25T00:13:01.003+0000] {logging_mixin.py:190} INFO - [2024-08-25T00:13:01.003+0000] {dag.py:4138} INFO - Setting next_dagrun for example_task_group_decorator to 2024-08-24 00:00:00+00:00, run_after=2024-08-25 00:00:00+00:00
[2024-08-25T00:13:01.052+0000] {processor.py:208} INFO - Processing /home/airflow/.local/lib/python3.12/site-packages/airflow/example_dags/example_task_group_decorator.py took 0.302 seconds
[2024-08-25T00:13:31.167+0000] {processor.py:186} INFO - Started process (PID=961) to work on /home/airflow/.local/lib/python3.12/site-packages/airflow/example_dags/example_task_group_decorator.py
[2024-08-25T00:13:31.169+0000] {processor.py:914} INFO - Processing file /home/airflow/.local/lib/python3.12/site-packages/airflow/example_dags/example_task_group_decorator.py for tasks to queue
[2024-08-25T00:13:31.174+0000] {logging_mixin.py:190} INFO - [2024-08-25T00:13:31.174+0000] {dagbag.py:587} INFO - Filling up the DagBag from /home/airflow/.local/lib/python3.12/site-packages/airflow/example_dags/example_task_group_decorator.py
[2024-08-25T00:13:31.210+0000] {processor.py:925} INFO - DAG(s) 'example_task_group_decorator' retrieved from /home/airflow/.local/lib/python3.12/site-packages/airflow/example_dags/example_task_group_decorator.py
[2024-08-25T00:13:31.265+0000] {logging_mixin.py:190} INFO - [2024-08-25T00:13:31.264+0000] {dag.py:3211} INFO - Sync 1 DAGs
[2024-08-25T00:13:31.313+0000] {logging_mixin.py:190} INFO - [2024-08-25T00:13:31.312+0000] {dag.py:4138} INFO - Setting next_dagrun for example_task_group_decorator to 2024-08-24 00:00:00+00:00, run_after=2024-08-25 00:00:00+00:00
[2024-08-25T00:13:31.368+0000] {processor.py:208} INFO - Processing /home/airflow/.local/lib/python3.12/site-packages/airflow/example_dags/example_task_group_decorator.py took 0.216 seconds
[2024-08-25T00:14:01.837+0000] {processor.py:186} INFO - Started process (PID=1026) to work on /home/airflow/.local/lib/python3.12/site-packages/airflow/example_dags/example_task_group_decorator.py
[2024-08-25T00:14:01.841+0000] {processor.py:914} INFO - Processing file /home/airflow/.local/lib/python3.12/site-packages/airflow/example_dags/example_task_group_decorator.py for tasks to queue
[2024-08-25T00:14:01.856+0000] {logging_mixin.py:190} INFO - [2024-08-25T00:14:01.850+0000] {dagbag.py:587} INFO - Filling up the DagBag from /home/airflow/.local/lib/python3.12/site-packages/airflow/example_dags/example_task_group_decorator.py
[2024-08-25T00:14:01.917+0000] {processor.py:925} INFO - DAG(s) 'example_task_group_decorator' retrieved from /home/airflow/.local/lib/python3.12/site-packages/airflow/example_dags/example_task_group_decorator.py
[2024-08-25T00:14:02.004+0000] {logging_mixin.py:190} INFO - [2024-08-25T00:14:02.003+0000] {dag.py:3211} INFO - Sync 1 DAGs
[2024-08-25T00:14:02.085+0000] {logging_mixin.py:190} INFO - [2024-08-25T00:14:02.084+0000] {dag.py:4138} INFO - Setting next_dagrun for example_task_group_decorator to 2024-08-24 00:00:00+00:00, run_after=2024-08-25 00:00:00+00:00
[2024-08-25T00:14:02.131+0000] {processor.py:208} INFO - Processing /home/airflow/.local/lib/python3.12/site-packages/airflow/example_dags/example_task_group_decorator.py took 0.328 seconds
[2024-08-25T00:14:32.313+0000] {processor.py:186} INFO - Started process (PID=1090) to work on /home/airflow/.local/lib/python3.12/site-packages/airflow/example_dags/example_task_group_decorator.py
[2024-08-25T00:14:32.315+0000] {processor.py:914} INFO - Processing file /home/airflow/.local/lib/python3.12/site-packages/airflow/example_dags/example_task_group_decorator.py for tasks to queue
[2024-08-25T00:14:32.324+0000] {logging_mixin.py:190} INFO - [2024-08-25T00:14:32.322+0000] {dagbag.py:587} INFO - Filling up the DagBag from /home/airflow/.local/lib/python3.12/site-packages/airflow/example_dags/example_task_group_decorator.py
[2024-08-25T00:14:32.411+0000] {processor.py:925} INFO - DAG(s) 'example_task_group_decorator' retrieved from /home/airflow/.local/lib/python3.12/site-packages/airflow/example_dags/example_task_group_decorator.py
[2024-08-25T00:14:32.513+0000] {logging_mixin.py:190} INFO - [2024-08-25T00:14:32.512+0000] {dag.py:3211} INFO - Sync 1 DAGs
[2024-08-25T00:14:32.602+0000] {logging_mixin.py:190} INFO - [2024-08-25T00:14:32.601+0000] {dag.py:4138} INFO - Setting next_dagrun for example_task_group_decorator to 2024-08-24 00:00:00+00:00, run_after=2024-08-25 00:00:00+00:00
[2024-08-25T00:14:32.688+0000] {processor.py:208} INFO - Processing /home/airflow/.local/lib/python3.12/site-packages/airflow/example_dags/example_task_group_decorator.py took 0.394 seconds
[2024-08-25T00:15:04.858+0000] {processor.py:186} INFO - Started process (PID=1153) to work on /home/airflow/.local/lib/python3.12/site-packages/airflow/example_dags/example_task_group_decorator.py
[2024-08-25T00:15:04.861+0000] {processor.py:914} INFO - Processing file /home/airflow/.local/lib/python3.12/site-packages/airflow/example_dags/example_task_group_decorator.py for tasks to queue
[2024-08-25T00:15:04.879+0000] {logging_mixin.py:190} INFO - [2024-08-25T00:15:04.872+0000] {dagbag.py:587} INFO - Filling up the DagBag from /home/airflow/.local/lib/python3.12/site-packages/airflow/example_dags/example_task_group_decorator.py
[2024-08-25T00:15:04.979+0000] {processor.py:925} INFO - DAG(s) 'example_task_group_decorator' retrieved from /home/airflow/.local/lib/python3.12/site-packages/airflow/example_dags/example_task_group_decorator.py
[2024-08-25T00:15:05.111+0000] {logging_mixin.py:190} INFO - [2024-08-25T00:15:05.109+0000] {dag.py:3211} INFO - Sync 1 DAGs
[2024-08-25T00:15:05.393+0000] {logging_mixin.py:190} INFO - [2024-08-25T00:15:05.390+0000] {dag.py:4138} INFO - Setting next_dagrun for example_task_group_decorator to 2024-08-24 00:00:00+00:00, run_after=2024-08-25 00:00:00+00:00
[2024-08-25T00:15:05.506+0000] {processor.py:208} INFO - Processing /home/airflow/.local/lib/python3.12/site-packages/airflow/example_dags/example_task_group_decorator.py took 0.678 seconds
[2024-08-25T00:15:35.978+0000] {processor.py:186} INFO - Started process (PID=1217) to work on /home/airflow/.local/lib/python3.12/site-packages/airflow/example_dags/example_task_group_decorator.py
[2024-08-25T00:15:35.980+0000] {processor.py:914} INFO - Processing file /home/airflow/.local/lib/python3.12/site-packages/airflow/example_dags/example_task_group_decorator.py for tasks to queue
[2024-08-25T00:15:35.989+0000] {logging_mixin.py:190} INFO - [2024-08-25T00:15:35.988+0000] {dagbag.py:587} INFO - Filling up the DagBag from /home/airflow/.local/lib/python3.12/site-packages/airflow/example_dags/example_task_group_decorator.py
[2024-08-25T00:15:36.059+0000] {processor.py:925} INFO - DAG(s) 'example_task_group_decorator' retrieved from /home/airflow/.local/lib/python3.12/site-packages/airflow/example_dags/example_task_group_decorator.py
[2024-08-25T00:15:36.161+0000] {logging_mixin.py:190} INFO - [2024-08-25T00:15:36.160+0000] {dag.py:3211} INFO - Sync 1 DAGs
[2024-08-25T00:15:36.257+0000] {logging_mixin.py:190} INFO - [2024-08-25T00:15:36.257+0000] {dag.py:4138} INFO - Setting next_dagrun for example_task_group_decorator to 2024-08-24 00:00:00+00:00, run_after=2024-08-25 00:00:00+00:00
[2024-08-25T00:15:36.328+0000] {processor.py:208} INFO - Processing /home/airflow/.local/lib/python3.12/site-packages/airflow/example_dags/example_task_group_decorator.py took 0.373 seconds
[2024-08-25T00:16:11.011+0000] {processor.py:186} INFO - Started process (PID=1284) to work on /home/airflow/.local/lib/python3.12/site-packages/airflow/example_dags/example_task_group_decorator.py
[2024-08-25T00:16:11.034+0000] {processor.py:914} INFO - Processing file /home/airflow/.local/lib/python3.12/site-packages/airflow/example_dags/example_task_group_decorator.py for tasks to queue
[2024-08-25T00:16:11.057+0000] {logging_mixin.py:190} INFO - [2024-08-25T00:16:11.056+0000] {dagbag.py:587} INFO - Filling up the DagBag from /home/airflow/.local/lib/python3.12/site-packages/airflow/example_dags/example_task_group_decorator.py
[2024-08-25T00:16:11.242+0000] {processor.py:925} INFO - DAG(s) 'example_task_group_decorator' retrieved from /home/airflow/.local/lib/python3.12/site-packages/airflow/example_dags/example_task_group_decorator.py
[2024-08-25T00:16:11.528+0000] {logging_mixin.py:190} INFO - [2024-08-25T00:16:11.526+0000] {dag.py:3211} INFO - Sync 1 DAGs
[2024-08-25T00:16:11.806+0000] {logging_mixin.py:190} INFO - [2024-08-25T00:16:11.795+0000] {dag.py:4138} INFO - Setting next_dagrun for example_task_group_decorator to 2024-08-24 00:00:00+00:00, run_after=2024-08-25 00:00:00+00:00
[2024-08-25T00:16:11.980+0000] {processor.py:208} INFO - Processing /home/airflow/.local/lib/python3.12/site-packages/airflow/example_dags/example_task_group_decorator.py took 1.036 seconds
[2024-08-25T00:16:42.352+0000] {processor.py:186} INFO - Started process (PID=1346) to work on /home/airflow/.local/lib/python3.12/site-packages/airflow/example_dags/example_task_group_decorator.py
[2024-08-25T00:16:42.354+0000] {processor.py:914} INFO - Processing file /home/airflow/.local/lib/python3.12/site-packages/airflow/example_dags/example_task_group_decorator.py for tasks to queue
[2024-08-25T00:16:42.360+0000] {logging_mixin.py:190} INFO - [2024-08-25T00:16:42.360+0000] {dagbag.py:587} INFO - Filling up the DagBag from /home/airflow/.local/lib/python3.12/site-packages/airflow/example_dags/example_task_group_decorator.py
[2024-08-25T00:16:42.426+0000] {processor.py:925} INFO - DAG(s) 'example_task_group_decorator' retrieved from /home/airflow/.local/lib/python3.12/site-packages/airflow/example_dags/example_task_group_decorator.py
[2024-08-25T00:16:42.534+0000] {logging_mixin.py:190} INFO - [2024-08-25T00:16:42.529+0000] {dag.py:3211} INFO - Sync 1 DAGs
[2024-08-25T00:16:42.678+0000] {logging_mixin.py:190} INFO - [2024-08-25T00:16:42.677+0000] {dag.py:4138} INFO - Setting next_dagrun for example_task_group_decorator to 2024-08-24 00:00:00+00:00, run_after=2024-08-25 00:00:00+00:00
[2024-08-25T00:16:42.767+0000] {processor.py:208} INFO - Processing /home/airflow/.local/lib/python3.12/site-packages/airflow/example_dags/example_task_group_decorator.py took 0.434 seconds
[2024-08-25T00:17:17.878+0000] {processor.py:186} INFO - Started process (PID=1412) to work on /home/airflow/.local/lib/python3.12/site-packages/airflow/example_dags/example_task_group_decorator.py
[2024-08-25T00:17:17.882+0000] {processor.py:914} INFO - Processing file /home/airflow/.local/lib/python3.12/site-packages/airflow/example_dags/example_task_group_decorator.py for tasks to queue
[2024-08-25T00:17:17.890+0000] {logging_mixin.py:190} INFO - [2024-08-25T00:17:17.890+0000] {dagbag.py:587} INFO - Filling up the DagBag from /home/airflow/.local/lib/python3.12/site-packages/airflow/example_dags/example_task_group_decorator.py
[2024-08-25T00:17:17.992+0000] {processor.py:925} INFO - DAG(s) 'example_task_group_decorator' retrieved from /home/airflow/.local/lib/python3.12/site-packages/airflow/example_dags/example_task_group_decorator.py
[2024-08-25T00:17:18.157+0000] {logging_mixin.py:190} INFO - [2024-08-25T00:17:18.155+0000] {dag.py:3211} INFO - Sync 1 DAGs
[2024-08-25T00:17:18.285+0000] {logging_mixin.py:190} INFO - [2024-08-25T00:17:18.285+0000] {dag.py:4138} INFO - Setting next_dagrun for example_task_group_decorator to 2024-08-24 00:00:00+00:00, run_after=2024-08-25 00:00:00+00:00
[2024-08-25T00:17:18.409+0000] {processor.py:208} INFO - Processing /home/airflow/.local/lib/python3.12/site-packages/airflow/example_dags/example_task_group_decorator.py took 0.555 seconds
[2024-08-25T00:17:51.211+0000] {processor.py:186} INFO - Started process (PID=1475) to work on /home/airflow/.local/lib/python3.12/site-packages/airflow/example_dags/example_task_group_decorator.py
[2024-08-25T00:17:51.214+0000] {processor.py:914} INFO - Processing file /home/airflow/.local/lib/python3.12/site-packages/airflow/example_dags/example_task_group_decorator.py for tasks to queue
[2024-08-25T00:17:51.244+0000] {logging_mixin.py:190} INFO - [2024-08-25T00:17:51.234+0000] {dagbag.py:587} INFO - Filling up the DagBag from /home/airflow/.local/lib/python3.12/site-packages/airflow/example_dags/example_task_group_decorator.py
[2024-08-25T00:17:51.429+0000] {processor.py:925} INFO - DAG(s) 'example_task_group_decorator' retrieved from /home/airflow/.local/lib/python3.12/site-packages/airflow/example_dags/example_task_group_decorator.py
[2024-08-25T00:17:51.576+0000] {logging_mixin.py:190} INFO - [2024-08-25T00:17:51.575+0000] {dag.py:3211} INFO - Sync 1 DAGs
[2024-08-25T00:17:51.675+0000] {logging_mixin.py:190} INFO - [2024-08-25T00:17:51.674+0000] {dag.py:4138} INFO - Setting next_dagrun for example_task_group_decorator to 2024-08-24 00:00:00+00:00, run_after=2024-08-25 00:00:00+00:00
[2024-08-25T00:17:51.762+0000] {processor.py:208} INFO - Processing /home/airflow/.local/lib/python3.12/site-packages/airflow/example_dags/example_task_group_decorator.py took 0.591 seconds
[2024-08-25T00:18:22.003+0000] {processor.py:186} INFO - Started process (PID=1537) to work on /home/airflow/.local/lib/python3.12/site-packages/airflow/example_dags/example_task_group_decorator.py
[2024-08-25T00:18:22.005+0000] {processor.py:914} INFO - Processing file /home/airflow/.local/lib/python3.12/site-packages/airflow/example_dags/example_task_group_decorator.py for tasks to queue
[2024-08-25T00:18:22.020+0000] {logging_mixin.py:190} INFO - [2024-08-25T00:18:22.019+0000] {dagbag.py:587} INFO - Filling up the DagBag from /home/airflow/.local/lib/python3.12/site-packages/airflow/example_dags/example_task_group_decorator.py
[2024-08-25T00:18:22.097+0000] {processor.py:925} INFO - DAG(s) 'example_task_group_decorator' retrieved from /home/airflow/.local/lib/python3.12/site-packages/airflow/example_dags/example_task_group_decorator.py
[2024-08-25T00:18:22.351+0000] {logging_mixin.py:190} INFO - [2024-08-25T00:18:22.350+0000] {dag.py:3211} INFO - Sync 1 DAGs
[2024-08-25T00:18:22.572+0000] {logging_mixin.py:190} INFO - [2024-08-25T00:18:22.572+0000] {dag.py:4138} INFO - Setting next_dagrun for example_task_group_decorator to 2024-08-24 00:00:00+00:00, run_after=2024-08-25 00:00:00+00:00
[2024-08-25T00:18:22.824+0000] {processor.py:208} INFO - Processing /home/airflow/.local/lib/python3.12/site-packages/airflow/example_dags/example_task_group_decorator.py took 0.839 seconds
[2024-08-25T00:18:53.364+0000] {processor.py:186} INFO - Started process (PID=1600) to work on /home/airflow/.local/lib/python3.12/site-packages/airflow/example_dags/example_task_group_decorator.py
[2024-08-25T00:18:53.366+0000] {processor.py:914} INFO - Processing file /home/airflow/.local/lib/python3.12/site-packages/airflow/example_dags/example_task_group_decorator.py for tasks to queue
[2024-08-25T00:18:53.383+0000] {logging_mixin.py:190} INFO - [2024-08-25T00:18:53.382+0000] {dagbag.py:587} INFO - Filling up the DagBag from /home/airflow/.local/lib/python3.12/site-packages/airflow/example_dags/example_task_group_decorator.py
[2024-08-25T00:18:53.514+0000] {processor.py:925} INFO - DAG(s) 'example_task_group_decorator' retrieved from /home/airflow/.local/lib/python3.12/site-packages/airflow/example_dags/example_task_group_decorator.py
[2024-08-25T00:18:53.690+0000] {logging_mixin.py:190} INFO - [2024-08-25T00:18:53.687+0000] {dag.py:3211} INFO - Sync 1 DAGs
[2024-08-25T00:18:53.821+0000] {logging_mixin.py:190} INFO - [2024-08-25T00:18:53.820+0000] {dag.py:4138} INFO - Setting next_dagrun for example_task_group_decorator to 2024-08-24 00:00:00+00:00, run_after=2024-08-25 00:00:00+00:00
[2024-08-25T00:18:53.894+0000] {processor.py:208} INFO - Processing /home/airflow/.local/lib/python3.12/site-packages/airflow/example_dags/example_task_group_decorator.py took 0.569 seconds
[2024-08-25T00:19:24.091+0000] {processor.py:186} INFO - Started process (PID=1662) to work on /home/airflow/.local/lib/python3.12/site-packages/airflow/example_dags/example_task_group_decorator.py
[2024-08-25T00:19:24.093+0000] {processor.py:914} INFO - Processing file /home/airflow/.local/lib/python3.12/site-packages/airflow/example_dags/example_task_group_decorator.py for tasks to queue
[2024-08-25T00:19:24.102+0000] {logging_mixin.py:190} INFO - [2024-08-25T00:19:24.101+0000] {dagbag.py:587} INFO - Filling up the DagBag from /home/airflow/.local/lib/python3.12/site-packages/airflow/example_dags/example_task_group_decorator.py
[2024-08-25T00:19:24.240+0000] {processor.py:925} INFO - DAG(s) 'example_task_group_decorator' retrieved from /home/airflow/.local/lib/python3.12/site-packages/airflow/example_dags/example_task_group_decorator.py
[2024-08-25T00:19:24.345+0000] {logging_mixin.py:190} INFO - [2024-08-25T00:19:24.344+0000] {dag.py:3211} INFO - Sync 1 DAGs
[2024-08-25T00:19:24.440+0000] {logging_mixin.py:190} INFO - [2024-08-25T00:19:24.439+0000] {dag.py:4138} INFO - Setting next_dagrun for example_task_group_decorator to 2024-08-24 00:00:00+00:00, run_after=2024-08-25 00:00:00+00:00
[2024-08-25T00:19:24.503+0000] {processor.py:208} INFO - Processing /home/airflow/.local/lib/python3.12/site-packages/airflow/example_dags/example_task_group_decorator.py took 0.440 seconds
[2024-08-25T00:19:55.166+0000] {processor.py:186} INFO - Started process (PID=1725) to work on /home/airflow/.local/lib/python3.12/site-packages/airflow/example_dags/example_task_group_decorator.py
[2024-08-25T00:19:55.169+0000] {processor.py:914} INFO - Processing file /home/airflow/.local/lib/python3.12/site-packages/airflow/example_dags/example_task_group_decorator.py for tasks to queue
[2024-08-25T00:19:55.178+0000] {logging_mixin.py:190} INFO - [2024-08-25T00:19:55.177+0000] {dagbag.py:587} INFO - Filling up the DagBag from /home/airflow/.local/lib/python3.12/site-packages/airflow/example_dags/example_task_group_decorator.py
[2024-08-25T00:19:55.245+0000] {processor.py:925} INFO - DAG(s) 'example_task_group_decorator' retrieved from /home/airflow/.local/lib/python3.12/site-packages/airflow/example_dags/example_task_group_decorator.py
[2024-08-25T00:19:55.326+0000] {logging_mixin.py:190} INFO - [2024-08-25T00:19:55.325+0000] {dag.py:3211} INFO - Sync 1 DAGs
[2024-08-25T00:19:55.400+0000] {logging_mixin.py:190} INFO - [2024-08-25T00:19:55.399+0000] {dag.py:4138} INFO - Setting next_dagrun for example_task_group_decorator to 2024-08-24 00:00:00+00:00, run_after=2024-08-25 00:00:00+00:00
[2024-08-25T00:19:55.441+0000] {processor.py:208} INFO - Processing /home/airflow/.local/lib/python3.12/site-packages/airflow/example_dags/example_task_group_decorator.py took 0.319 seconds
[2024-08-25T00:20:25.892+0000] {processor.py:186} INFO - Started process (PID=1789) to work on /home/airflow/.local/lib/python3.12/site-packages/airflow/example_dags/example_task_group_decorator.py
[2024-08-25T00:20:25.895+0000] {processor.py:914} INFO - Processing file /home/airflow/.local/lib/python3.12/site-packages/airflow/example_dags/example_task_group_decorator.py for tasks to queue
[2024-08-25T00:20:25.902+0000] {logging_mixin.py:190} INFO - [2024-08-25T00:20:25.901+0000] {dagbag.py:587} INFO - Filling up the DagBag from /home/airflow/.local/lib/python3.12/site-packages/airflow/example_dags/example_task_group_decorator.py
[2024-08-25T00:20:25.948+0000] {processor.py:925} INFO - DAG(s) 'example_task_group_decorator' retrieved from /home/airflow/.local/lib/python3.12/site-packages/airflow/example_dags/example_task_group_decorator.py
[2024-08-25T00:20:26.019+0000] {logging_mixin.py:190} INFO - [2024-08-25T00:20:26.017+0000] {dag.py:3211} INFO - Sync 1 DAGs
[2024-08-25T00:20:26.084+0000] {logging_mixin.py:190} INFO - [2024-08-25T00:20:26.083+0000] {dag.py:4138} INFO - Setting next_dagrun for example_task_group_decorator to 2024-08-24 00:00:00+00:00, run_after=2024-08-25 00:00:00+00:00
[2024-08-25T00:20:26.138+0000] {processor.py:208} INFO - Processing /home/airflow/.local/lib/python3.12/site-packages/airflow/example_dags/example_task_group_decorator.py took 0.263 seconds
[2024-08-25T00:20:57.522+0000] {processor.py:186} INFO - Started process (PID=1851) to work on /home/airflow/.local/lib/python3.12/site-packages/airflow/example_dags/example_task_group_decorator.py
[2024-08-25T00:20:57.527+0000] {processor.py:914} INFO - Processing file /home/airflow/.local/lib/python3.12/site-packages/airflow/example_dags/example_task_group_decorator.py for tasks to queue
[2024-08-25T00:20:57.549+0000] {logging_mixin.py:190} INFO - [2024-08-25T00:20:57.548+0000] {dagbag.py:587} INFO - Filling up the DagBag from /home/airflow/.local/lib/python3.12/site-packages/airflow/example_dags/example_task_group_decorator.py
[2024-08-25T00:20:57.688+0000] {processor.py:925} INFO - DAG(s) 'example_task_group_decorator' retrieved from /home/airflow/.local/lib/python3.12/site-packages/airflow/example_dags/example_task_group_decorator.py
[2024-08-25T00:20:57.784+0000] {logging_mixin.py:190} INFO - [2024-08-25T00:20:57.782+0000] {dag.py:3211} INFO - Sync 1 DAGs
[2024-08-25T00:20:57.860+0000] {logging_mixin.py:190} INFO - [2024-08-25T00:20:57.860+0000] {dag.py:4138} INFO - Setting next_dagrun for example_task_group_decorator to 2024-08-24 00:00:00+00:00, run_after=2024-08-25 00:00:00+00:00
[2024-08-25T00:20:57.920+0000] {processor.py:208} INFO - Processing /home/airflow/.local/lib/python3.12/site-packages/airflow/example_dags/example_task_group_decorator.py took 0.440 seconds
[2024-08-25T00:27:12.823+0000] {processor.py:186} INFO - Started process (PID=140) to work on /home/airflow/.local/lib/python3.12/site-packages/airflow/example_dags/example_task_group_decorator.py
[2024-08-25T00:27:12.825+0000] {processor.py:914} INFO - Processing file /home/airflow/.local/lib/python3.12/site-packages/airflow/example_dags/example_task_group_decorator.py for tasks to queue
[2024-08-25T00:27:12.863+0000] {logging_mixin.py:190} INFO - [2024-08-25T00:27:12.863+0000] {dagbag.py:587} INFO - Filling up the DagBag from /home/airflow/.local/lib/python3.12/site-packages/airflow/example_dags/example_task_group_decorator.py
[2024-08-25T00:27:13.425+0000] {processor.py:925} INFO - DAG(s) 'example_task_group_decorator' retrieved from /home/airflow/.local/lib/python3.12/site-packages/airflow/example_dags/example_task_group_decorator.py
[2024-08-25T00:27:13.991+0000] {logging_mixin.py:190} INFO - [2024-08-25T00:27:13.989+0000] {dag.py:3211} INFO - Sync 1 DAGs
[2024-08-25T00:27:14.459+0000] {logging_mixin.py:190} INFO - [2024-08-25T00:27:14.458+0000] {dag.py:4138} INFO - Setting next_dagrun for example_task_group_decorator to 2024-08-24 00:00:00+00:00, run_after=2024-08-25 00:00:00+00:00
[2024-08-25T00:27:14.873+0000] {processor.py:208} INFO - Processing /home/airflow/.local/lib/python3.12/site-packages/airflow/example_dags/example_task_group_decorator.py took 2.242 seconds
[2024-08-25T00:28:16.757+0000] {processor.py:186} INFO - Started process (PID=224) to work on /home/airflow/.local/lib/python3.12/site-packages/airflow/example_dags/example_task_group_decorator.py
[2024-08-25T00:28:16.770+0000] {processor.py:914} INFO - Processing file /home/airflow/.local/lib/python3.12/site-packages/airflow/example_dags/example_task_group_decorator.py for tasks to queue
[2024-08-25T00:28:16.799+0000] {logging_mixin.py:190} INFO - [2024-08-25T00:28:16.787+0000] {dagbag.py:587} INFO - Filling up the DagBag from /home/airflow/.local/lib/python3.12/site-packages/airflow/example_dags/example_task_group_decorator.py
[2024-08-25T00:28:17.175+0000] {processor.py:925} INFO - DAG(s) 'example_task_group_decorator' retrieved from /home/airflow/.local/lib/python3.12/site-packages/airflow/example_dags/example_task_group_decorator.py
[2024-08-25T00:28:17.439+0000] {logging_mixin.py:190} INFO - [2024-08-25T00:28:17.438+0000] {dag.py:3211} INFO - Sync 1 DAGs
[2024-08-25T00:28:17.664+0000] {logging_mixin.py:190} INFO - [2024-08-25T00:28:17.663+0000] {dag.py:4138} INFO - Setting next_dagrun for example_task_group_decorator to 2024-08-24 00:00:00+00:00, run_after=2024-08-25 00:00:00+00:00
[2024-08-25T00:28:17.814+0000] {processor.py:208} INFO - Processing /home/airflow/.local/lib/python3.12/site-packages/airflow/example_dags/example_task_group_decorator.py took 1.123 seconds
[2024-08-25T00:28:52.425+0000] {processor.py:186} INFO - Started process (PID=287) to work on /home/airflow/.local/lib/python3.12/site-packages/airflow/example_dags/example_task_group_decorator.py
[2024-08-25T00:28:52.429+0000] {processor.py:914} INFO - Processing file /home/airflow/.local/lib/python3.12/site-packages/airflow/example_dags/example_task_group_decorator.py for tasks to queue
[2024-08-25T00:28:52.439+0000] {logging_mixin.py:190} INFO - [2024-08-25T00:28:52.438+0000] {dagbag.py:587} INFO - Filling up the DagBag from /home/airflow/.local/lib/python3.12/site-packages/airflow/example_dags/example_task_group_decorator.py
[2024-08-25T00:28:52.537+0000] {processor.py:925} INFO - DAG(s) 'example_task_group_decorator' retrieved from /home/airflow/.local/lib/python3.12/site-packages/airflow/example_dags/example_task_group_decorator.py
[2024-08-25T00:28:52.693+0000] {logging_mixin.py:190} INFO - [2024-08-25T00:28:52.692+0000] {dag.py:3211} INFO - Sync 1 DAGs
[2024-08-25T00:28:52.871+0000] {logging_mixin.py:190} INFO - [2024-08-25T00:28:52.870+0000] {dag.py:4138} INFO - Setting next_dagrun for example_task_group_decorator to 2024-08-24 00:00:00+00:00, run_after=2024-08-25 00:00:00+00:00
[2024-08-25T00:28:53.048+0000] {processor.py:208} INFO - Processing /home/airflow/.local/lib/python3.12/site-packages/airflow/example_dags/example_task_group_decorator.py took 0.655 seconds
[2024-08-25T00:29:23.461+0000] {processor.py:186} INFO - Started process (PID=350) to work on /home/airflow/.local/lib/python3.12/site-packages/airflow/example_dags/example_task_group_decorator.py
[2024-08-25T00:29:23.463+0000] {processor.py:914} INFO - Processing file /home/airflow/.local/lib/python3.12/site-packages/airflow/example_dags/example_task_group_decorator.py for tasks to queue
[2024-08-25T00:29:23.471+0000] {logging_mixin.py:190} INFO - [2024-08-25T00:29:23.470+0000] {dagbag.py:587} INFO - Filling up the DagBag from /home/airflow/.local/lib/python3.12/site-packages/airflow/example_dags/example_task_group_decorator.py
[2024-08-25T00:29:23.533+0000] {processor.py:925} INFO - DAG(s) 'example_task_group_decorator' retrieved from /home/airflow/.local/lib/python3.12/site-packages/airflow/example_dags/example_task_group_decorator.py
[2024-08-25T00:29:23.618+0000] {logging_mixin.py:190} INFO - [2024-08-25T00:29:23.617+0000] {dag.py:3211} INFO - Sync 1 DAGs
[2024-08-25T00:29:23.691+0000] {logging_mixin.py:190} INFO - [2024-08-25T00:29:23.690+0000] {dag.py:4138} INFO - Setting next_dagrun for example_task_group_decorator to 2024-08-24 00:00:00+00:00, run_after=2024-08-25 00:00:00+00:00
[2024-08-25T00:29:23.747+0000] {processor.py:208} INFO - Processing /home/airflow/.local/lib/python3.12/site-packages/airflow/example_dags/example_task_group_decorator.py took 0.309 seconds
[2024-08-25T00:29:57.048+0000] {processor.py:186} INFO - Started process (PID=413) to work on /home/airflow/.local/lib/python3.12/site-packages/airflow/example_dags/example_task_group_decorator.py
[2024-08-25T00:29:57.051+0000] {processor.py:914} INFO - Processing file /home/airflow/.local/lib/python3.12/site-packages/airflow/example_dags/example_task_group_decorator.py for tasks to queue
[2024-08-25T00:29:57.060+0000] {logging_mixin.py:190} INFO - [2024-08-25T00:29:57.056+0000] {dagbag.py:587} INFO - Filling up the DagBag from /home/airflow/.local/lib/python3.12/site-packages/airflow/example_dags/example_task_group_decorator.py
[2024-08-25T00:29:57.132+0000] {processor.py:925} INFO - DAG(s) 'example_task_group_decorator' retrieved from /home/airflow/.local/lib/python3.12/site-packages/airflow/example_dags/example_task_group_decorator.py
[2024-08-25T00:29:57.238+0000] {logging_mixin.py:190} INFO - [2024-08-25T00:29:57.236+0000] {dag.py:3211} INFO - Sync 1 DAGs
[2024-08-25T00:29:57.388+0000] {logging_mixin.py:190} INFO - [2024-08-25T00:29:57.388+0000] {dag.py:4138} INFO - Setting next_dagrun for example_task_group_decorator to 2024-08-24 00:00:00+00:00, run_after=2024-08-25 00:00:00+00:00
[2024-08-25T00:29:57.639+0000] {processor.py:208} INFO - Processing /home/airflow/.local/lib/python3.12/site-packages/airflow/example_dags/example_task_group_decorator.py took 0.614 seconds
[2024-08-25T00:30:40.034+0000] {processor.py:186} INFO - Started process (PID=489) to work on /home/airflow/.local/lib/python3.12/site-packages/airflow/example_dags/example_task_group_decorator.py
[2024-08-25T00:30:40.036+0000] {processor.py:914} INFO - Processing file /home/airflow/.local/lib/python3.12/site-packages/airflow/example_dags/example_task_group_decorator.py for tasks to queue
[2024-08-25T00:30:40.044+0000] {logging_mixin.py:190} INFO - [2024-08-25T00:30:40.043+0000] {dagbag.py:587} INFO - Filling up the DagBag from /home/airflow/.local/lib/python3.12/site-packages/airflow/example_dags/example_task_group_decorator.py
[2024-08-25T00:30:40.111+0000] {processor.py:925} INFO - DAG(s) 'example_task_group_decorator' retrieved from /home/airflow/.local/lib/python3.12/site-packages/airflow/example_dags/example_task_group_decorator.py
[2024-08-25T00:30:40.267+0000] {logging_mixin.py:190} INFO - [2024-08-25T00:30:40.266+0000] {dag.py:3211} INFO - Sync 1 DAGs
[2024-08-25T00:30:40.385+0000] {logging_mixin.py:190} INFO - [2024-08-25T00:30:40.385+0000] {dag.py:4138} INFO - Setting next_dagrun for example_task_group_decorator to 2024-08-24 00:00:00+00:00, run_after=2024-08-25 00:00:00+00:00
[2024-08-25T00:30:40.480+0000] {processor.py:208} INFO - Processing /home/airflow/.local/lib/python3.12/site-packages/airflow/example_dags/example_task_group_decorator.py took 0.466 seconds
[2024-08-25T00:31:14.873+0000] {processor.py:186} INFO - Started process (PID=554) to work on /home/airflow/.local/lib/python3.12/site-packages/airflow/example_dags/example_task_group_decorator.py
[2024-08-25T00:31:14.890+0000] {processor.py:914} INFO - Processing file /home/airflow/.local/lib/python3.12/site-packages/airflow/example_dags/example_task_group_decorator.py for tasks to queue
[2024-08-25T00:31:14.918+0000] {logging_mixin.py:190} INFO - [2024-08-25T00:31:14.917+0000] {dagbag.py:587} INFO - Filling up the DagBag from /home/airflow/.local/lib/python3.12/site-packages/airflow/example_dags/example_task_group_decorator.py
[2024-08-25T00:31:15.207+0000] {processor.py:925} INFO - DAG(s) 'example_task_group_decorator' retrieved from /home/airflow/.local/lib/python3.12/site-packages/airflow/example_dags/example_task_group_decorator.py
[2024-08-25T00:31:15.421+0000] {logging_mixin.py:190} INFO - [2024-08-25T00:31:15.419+0000] {dag.py:3211} INFO - Sync 1 DAGs
[2024-08-25T00:31:15.604+0000] {logging_mixin.py:190} INFO - [2024-08-25T00:31:15.602+0000] {dag.py:4138} INFO - Setting next_dagrun for example_task_group_decorator to 2024-08-24 00:00:00+00:00, run_after=2024-08-25 00:00:00+00:00
[2024-08-25T00:31:15.741+0000] {processor.py:208} INFO - Processing /home/airflow/.local/lib/python3.12/site-packages/airflow/example_dags/example_task_group_decorator.py took 1.011 seconds
[2024-08-25T00:32:07.339+0000] {processor.py:186} INFO - Started process (PID=624) to work on /home/airflow/.local/lib/python3.12/site-packages/airflow/example_dags/example_task_group_decorator.py
[2024-08-25T00:32:07.343+0000] {processor.py:914} INFO - Processing file /home/airflow/.local/lib/python3.12/site-packages/airflow/example_dags/example_task_group_decorator.py for tasks to queue
[2024-08-25T00:32:07.354+0000] {logging_mixin.py:190} INFO - [2024-08-25T00:32:07.351+0000] {dagbag.py:587} INFO - Filling up the DagBag from /home/airflow/.local/lib/python3.12/site-packages/airflow/example_dags/example_task_group_decorator.py
[2024-08-25T00:32:07.465+0000] {processor.py:925} INFO - DAG(s) 'example_task_group_decorator' retrieved from /home/airflow/.local/lib/python3.12/site-packages/airflow/example_dags/example_task_group_decorator.py
[2024-08-25T00:32:07.822+0000] {logging_mixin.py:190} INFO - [2024-08-25T00:32:07.818+0000] {dag.py:3211} INFO - Sync 1 DAGs
[2024-08-25T00:32:07.968+0000] {logging_mixin.py:190} INFO - [2024-08-25T00:32:07.967+0000] {dag.py:4138} INFO - Setting next_dagrun for example_task_group_decorator to 2024-08-24 00:00:00+00:00, run_after=2024-08-25 00:00:00+00:00
[2024-08-25T00:32:08.104+0000] {processor.py:208} INFO - Processing /home/airflow/.local/lib/python3.12/site-packages/airflow/example_dags/example_task_group_decorator.py took 0.795 seconds
[2024-08-25T00:32:44.313+0000] {processor.py:186} INFO - Started process (PID=689) to work on /home/airflow/.local/lib/python3.12/site-packages/airflow/example_dags/example_task_group_decorator.py
[2024-08-25T00:32:44.329+0000] {processor.py:914} INFO - Processing file /home/airflow/.local/lib/python3.12/site-packages/airflow/example_dags/example_task_group_decorator.py for tasks to queue
[2024-08-25T00:32:44.353+0000] {logging_mixin.py:190} INFO - [2024-08-25T00:32:44.352+0000] {dagbag.py:587} INFO - Filling up the DagBag from /home/airflow/.local/lib/python3.12/site-packages/airflow/example_dags/example_task_group_decorator.py
[2024-08-25T00:32:44.459+0000] {processor.py:925} INFO - DAG(s) 'example_task_group_decorator' retrieved from /home/airflow/.local/lib/python3.12/site-packages/airflow/example_dags/example_task_group_decorator.py
[2024-08-25T00:32:44.559+0000] {logging_mixin.py:190} INFO - [2024-08-25T00:32:44.558+0000] {dag.py:3211} INFO - Sync 1 DAGs
[2024-08-25T00:32:44.665+0000] {logging_mixin.py:190} INFO - [2024-08-25T00:32:44.664+0000] {dag.py:4138} INFO - Setting next_dagrun for example_task_group_decorator to 2024-08-24 00:00:00+00:00, run_after=2024-08-25 00:00:00+00:00
[2024-08-25T00:32:44.733+0000] {processor.py:208} INFO - Processing /home/airflow/.local/lib/python3.12/site-packages/airflow/example_dags/example_task_group_decorator.py took 0.482 seconds
[2024-08-25T00:33:51.060+0000] {processor.py:186} INFO - Started process (PID=767) to work on /home/airflow/.local/lib/python3.12/site-packages/airflow/example_dags/example_task_group_decorator.py
[2024-08-25T00:33:51.101+0000] {processor.py:914} INFO - Processing file /home/airflow/.local/lib/python3.12/site-packages/airflow/example_dags/example_task_group_decorator.py for tasks to queue
[2024-08-25T00:33:51.137+0000] {logging_mixin.py:190} INFO - [2024-08-25T00:33:51.136+0000] {dagbag.py:587} INFO - Filling up the DagBag from /home/airflow/.local/lib/python3.12/site-packages/airflow/example_dags/example_task_group_decorator.py
[2024-08-25T00:33:51.395+0000] {processor.py:925} INFO - DAG(s) 'example_task_group_decorator' retrieved from /home/airflow/.local/lib/python3.12/site-packages/airflow/example_dags/example_task_group_decorator.py
[2024-08-25T00:33:51.837+0000] {logging_mixin.py:190} INFO - [2024-08-25T00:33:51.835+0000] {dag.py:3211} INFO - Sync 1 DAGs
[2024-08-25T00:33:52.124+0000] {logging_mixin.py:190} INFO - [2024-08-25T00:33:52.123+0000] {dag.py:4138} INFO - Setting next_dagrun for example_task_group_decorator to 2024-08-24 00:00:00+00:00, run_after=2024-08-25 00:00:00+00:00
[2024-08-25T00:33:52.264+0000] {processor.py:208} INFO - Processing /home/airflow/.local/lib/python3.12/site-packages/airflow/example_dags/example_task_group_decorator.py took 1.243 seconds
[2024-08-25T00:34:23.358+0000] {processor.py:186} INFO - Started process (PID=831) to work on /home/airflow/.local/lib/python3.12/site-packages/airflow/example_dags/example_task_group_decorator.py
[2024-08-25T00:34:23.364+0000] {processor.py:914} INFO - Processing file /home/airflow/.local/lib/python3.12/site-packages/airflow/example_dags/example_task_group_decorator.py for tasks to queue
[2024-08-25T00:34:23.381+0000] {logging_mixin.py:190} INFO - [2024-08-25T00:34:23.380+0000] {dagbag.py:587} INFO - Filling up the DagBag from /home/airflow/.local/lib/python3.12/site-packages/airflow/example_dags/example_task_group_decorator.py
[2024-08-25T00:34:23.456+0000] {processor.py:925} INFO - DAG(s) 'example_task_group_decorator' retrieved from /home/airflow/.local/lib/python3.12/site-packages/airflow/example_dags/example_task_group_decorator.py
[2024-08-25T00:34:23.581+0000] {logging_mixin.py:190} INFO - [2024-08-25T00:34:23.580+0000] {dag.py:3211} INFO - Sync 1 DAGs
[2024-08-25T00:34:23.731+0000] {logging_mixin.py:190} INFO - [2024-08-25T00:34:23.729+0000] {dag.py:4138} INFO - Setting next_dagrun for example_task_group_decorator to 2024-08-24 00:00:00+00:00, run_after=2024-08-25 00:00:00+00:00
[2024-08-25T00:34:23.879+0000] {processor.py:208} INFO - Processing /home/airflow/.local/lib/python3.12/site-packages/airflow/example_dags/example_task_group_decorator.py took 0.552 seconds
[2024-08-25T00:34:54.890+0000] {processor.py:186} INFO - Started process (PID=894) to work on /home/airflow/.local/lib/python3.12/site-packages/airflow/example_dags/example_task_group_decorator.py
[2024-08-25T00:34:54.895+0000] {processor.py:914} INFO - Processing file /home/airflow/.local/lib/python3.12/site-packages/airflow/example_dags/example_task_group_decorator.py for tasks to queue
[2024-08-25T00:34:54.901+0000] {logging_mixin.py:190} INFO - [2024-08-25T00:34:54.900+0000] {dagbag.py:587} INFO - Filling up the DagBag from /home/airflow/.local/lib/python3.12/site-packages/airflow/example_dags/example_task_group_decorator.py
[2024-08-25T00:34:54.984+0000] {processor.py:925} INFO - DAG(s) 'example_task_group_decorator' retrieved from /home/airflow/.local/lib/python3.12/site-packages/airflow/example_dags/example_task_group_decorator.py
[2024-08-25T00:34:55.187+0000] {logging_mixin.py:190} INFO - [2024-08-25T00:34:55.183+0000] {dag.py:3211} INFO - Sync 1 DAGs
[2024-08-25T00:34:55.347+0000] {logging_mixin.py:190} INFO - [2024-08-25T00:34:55.346+0000] {dag.py:4138} INFO - Setting next_dagrun for example_task_group_decorator to 2024-08-24 00:00:00+00:00, run_after=2024-08-25 00:00:00+00:00
[2024-08-25T00:34:55.421+0000] {processor.py:208} INFO - Processing /home/airflow/.local/lib/python3.12/site-packages/airflow/example_dags/example_task_group_decorator.py took 0.549 seconds
[2024-08-25T00:35:35.671+0000] {processor.py:186} INFO - Started process (PID=958) to work on /home/airflow/.local/lib/python3.12/site-packages/airflow/example_dags/example_task_group_decorator.py
[2024-08-25T00:35:35.682+0000] {processor.py:914} INFO - Processing file /home/airflow/.local/lib/python3.12/site-packages/airflow/example_dags/example_task_group_decorator.py for tasks to queue
[2024-08-25T00:35:35.690+0000] {logging_mixin.py:190} INFO - [2024-08-25T00:35:35.689+0000] {dagbag.py:587} INFO - Filling up the DagBag from /home/airflow/.local/lib/python3.12/site-packages/airflow/example_dags/example_task_group_decorator.py
[2024-08-25T00:35:35.811+0000] {processor.py:925} INFO - DAG(s) 'example_task_group_decorator' retrieved from /home/airflow/.local/lib/python3.12/site-packages/airflow/example_dags/example_task_group_decorator.py
[2024-08-25T00:35:35.931+0000] {logging_mixin.py:190} INFO - [2024-08-25T00:35:35.929+0000] {dag.py:3211} INFO - Sync 1 DAGs
[2024-08-25T00:35:36.006+0000] {logging_mixin.py:190} INFO - [2024-08-25T00:35:36.006+0000] {dag.py:4138} INFO - Setting next_dagrun for example_task_group_decorator to 2024-08-24 00:00:00+00:00, run_after=2024-08-25 00:00:00+00:00
[2024-08-25T00:35:36.081+0000] {processor.py:208} INFO - Processing /home/airflow/.local/lib/python3.12/site-packages/airflow/example_dags/example_task_group_decorator.py took 0.451 seconds
[2024-08-25T00:36:08.084+0000] {processor.py:186} INFO - Started process (PID=1027) to work on /home/airflow/.local/lib/python3.12/site-packages/airflow/example_dags/example_task_group_decorator.py
[2024-08-25T00:36:08.086+0000] {processor.py:914} INFO - Processing file /home/airflow/.local/lib/python3.12/site-packages/airflow/example_dags/example_task_group_decorator.py for tasks to queue
[2024-08-25T00:36:08.092+0000] {logging_mixin.py:190} INFO - [2024-08-25T00:36:08.092+0000] {dagbag.py:587} INFO - Filling up the DagBag from /home/airflow/.local/lib/python3.12/site-packages/airflow/example_dags/example_task_group_decorator.py
[2024-08-25T00:36:08.154+0000] {processor.py:925} INFO - DAG(s) 'example_task_group_decorator' retrieved from /home/airflow/.local/lib/python3.12/site-packages/airflow/example_dags/example_task_group_decorator.py
[2024-08-25T00:36:08.256+0000] {logging_mixin.py:190} INFO - [2024-08-25T00:36:08.254+0000] {dag.py:3211} INFO - Sync 1 DAGs
[2024-08-25T00:36:08.372+0000] {logging_mixin.py:190} INFO - [2024-08-25T00:36:08.371+0000] {dag.py:4138} INFO - Setting next_dagrun for example_task_group_decorator to 2024-08-24 00:00:00+00:00, run_after=2024-08-25 00:00:00+00:00
[2024-08-25T00:36:08.437+0000] {processor.py:208} INFO - Processing /home/airflow/.local/lib/python3.12/site-packages/airflow/example_dags/example_task_group_decorator.py took 0.373 seconds
[2024-08-25T00:36:39.848+0000] {processor.py:186} INFO - Started process (PID=1093) to work on /home/airflow/.local/lib/python3.12/site-packages/airflow/example_dags/example_task_group_decorator.py
[2024-08-25T00:36:39.853+0000] {processor.py:914} INFO - Processing file /home/airflow/.local/lib/python3.12/site-packages/airflow/example_dags/example_task_group_decorator.py for tasks to queue
[2024-08-25T00:36:39.865+0000] {logging_mixin.py:190} INFO - [2024-08-25T00:36:39.864+0000] {dagbag.py:587} INFO - Filling up the DagBag from /home/airflow/.local/lib/python3.12/site-packages/airflow/example_dags/example_task_group_decorator.py
[2024-08-25T00:36:39.944+0000] {processor.py:925} INFO - DAG(s) 'example_task_group_decorator' retrieved from /home/airflow/.local/lib/python3.12/site-packages/airflow/example_dags/example_task_group_decorator.py
[2024-08-25T00:36:40.038+0000] {logging_mixin.py:190} INFO - [2024-08-25T00:36:40.036+0000] {dag.py:3211} INFO - Sync 1 DAGs
[2024-08-25T00:36:40.113+0000] {logging_mixin.py:190} INFO - [2024-08-25T00:36:40.112+0000] {dag.py:4138} INFO - Setting next_dagrun for example_task_group_decorator to 2024-08-24 00:00:00+00:00, run_after=2024-08-25 00:00:00+00:00
[2024-08-25T00:36:40.173+0000] {processor.py:208} INFO - Processing /home/airflow/.local/lib/python3.12/site-packages/airflow/example_dags/example_task_group_decorator.py took 0.341 seconds
[2024-08-25T00:37:17.979+0000] {processor.py:186} INFO - Started process (PID=1162) to work on /home/airflow/.local/lib/python3.12/site-packages/airflow/example_dags/example_task_group_decorator.py
[2024-08-25T00:37:17.983+0000] {processor.py:914} INFO - Processing file /home/airflow/.local/lib/python3.12/site-packages/airflow/example_dags/example_task_group_decorator.py for tasks to queue
[2024-08-25T00:37:17.997+0000] {logging_mixin.py:190} INFO - [2024-08-25T00:37:17.996+0000] {dagbag.py:587} INFO - Filling up the DagBag from /home/airflow/.local/lib/python3.12/site-packages/airflow/example_dags/example_task_group_decorator.py
[2024-08-25T00:37:18.137+0000] {processor.py:925} INFO - DAG(s) 'example_task_group_decorator' retrieved from /home/airflow/.local/lib/python3.12/site-packages/airflow/example_dags/example_task_group_decorator.py
[2024-08-25T00:37:18.461+0000] {logging_mixin.py:190} INFO - [2024-08-25T00:37:18.459+0000] {dag.py:3211} INFO - Sync 1 DAGs
[2024-08-25T00:37:18.783+0000] {logging_mixin.py:190} INFO - [2024-08-25T00:37:18.782+0000] {dag.py:4138} INFO - Setting next_dagrun for example_task_group_decorator to 2024-08-24 00:00:00+00:00, run_after=2024-08-25 00:00:00+00:00
[2024-08-25T00:37:18.918+0000] {processor.py:208} INFO - Processing /home/airflow/.local/lib/python3.12/site-packages/airflow/example_dags/example_task_group_decorator.py took 0.979 seconds
[2024-08-25T00:37:49.501+0000] {processor.py:186} INFO - Started process (PID=1224) to work on /home/airflow/.local/lib/python3.12/site-packages/airflow/example_dags/example_task_group_decorator.py
[2024-08-25T00:37:49.504+0000] {processor.py:914} INFO - Processing file /home/airflow/.local/lib/python3.12/site-packages/airflow/example_dags/example_task_group_decorator.py for tasks to queue
[2024-08-25T00:37:49.513+0000] {logging_mixin.py:190} INFO - [2024-08-25T00:37:49.512+0000] {dagbag.py:587} INFO - Filling up the DagBag from /home/airflow/.local/lib/python3.12/site-packages/airflow/example_dags/example_task_group_decorator.py
[2024-08-25T00:37:49.675+0000] {processor.py:925} INFO - DAG(s) 'example_task_group_decorator' retrieved from /home/airflow/.local/lib/python3.12/site-packages/airflow/example_dags/example_task_group_decorator.py
[2024-08-25T00:37:49.971+0000] {logging_mixin.py:190} INFO - [2024-08-25T00:37:49.969+0000] {dag.py:3211} INFO - Sync 1 DAGs
[2024-08-25T00:37:50.113+0000] {logging_mixin.py:190} INFO - [2024-08-25T00:37:50.112+0000] {dag.py:4138} INFO - Setting next_dagrun for example_task_group_decorator to 2024-08-24 00:00:00+00:00, run_after=2024-08-25 00:00:00+00:00
[2024-08-25T00:37:50.210+0000] {processor.py:208} INFO - Processing /home/airflow/.local/lib/python3.12/site-packages/airflow/example_dags/example_task_group_decorator.py took 0.756 seconds
[2024-08-25T00:38:21.079+0000] {processor.py:186} INFO - Started process (PID=1286) to work on /home/airflow/.local/lib/python3.12/site-packages/airflow/example_dags/example_task_group_decorator.py
[2024-08-25T00:38:21.081+0000] {processor.py:914} INFO - Processing file /home/airflow/.local/lib/python3.12/site-packages/airflow/example_dags/example_task_group_decorator.py for tasks to queue
[2024-08-25T00:38:21.085+0000] {logging_mixin.py:190} INFO - [2024-08-25T00:38:21.084+0000] {dagbag.py:587} INFO - Filling up the DagBag from /home/airflow/.local/lib/python3.12/site-packages/airflow/example_dags/example_task_group_decorator.py
[2024-08-25T00:38:21.149+0000] {processor.py:925} INFO - DAG(s) 'example_task_group_decorator' retrieved from /home/airflow/.local/lib/python3.12/site-packages/airflow/example_dags/example_task_group_decorator.py
[2024-08-25T00:38:21.254+0000] {logging_mixin.py:190} INFO - [2024-08-25T00:38:21.252+0000] {dag.py:3211} INFO - Sync 1 DAGs
[2024-08-25T00:38:21.333+0000] {logging_mixin.py:190} INFO - [2024-08-25T00:38:21.332+0000] {dag.py:4138} INFO - Setting next_dagrun for example_task_group_decorator to 2024-08-24 00:00:00+00:00, run_after=2024-08-25 00:00:00+00:00
[2024-08-25T00:38:21.392+0000] {processor.py:208} INFO - Processing /home/airflow/.local/lib/python3.12/site-packages/airflow/example_dags/example_task_group_decorator.py took 0.333 seconds
[2024-08-25T00:38:51.808+0000] {processor.py:186} INFO - Started process (PID=1348) to work on /home/airflow/.local/lib/python3.12/site-packages/airflow/example_dags/example_task_group_decorator.py
[2024-08-25T00:38:51.813+0000] {processor.py:914} INFO - Processing file /home/airflow/.local/lib/python3.12/site-packages/airflow/example_dags/example_task_group_decorator.py for tasks to queue
[2024-08-25T00:38:51.819+0000] {logging_mixin.py:190} INFO - [2024-08-25T00:38:51.818+0000] {dagbag.py:587} INFO - Filling up the DagBag from /home/airflow/.local/lib/python3.12/site-packages/airflow/example_dags/example_task_group_decorator.py
[2024-08-25T00:38:51.899+0000] {processor.py:925} INFO - DAG(s) 'example_task_group_decorator' retrieved from /home/airflow/.local/lib/python3.12/site-packages/airflow/example_dags/example_task_group_decorator.py
[2024-08-25T00:38:52.023+0000] {logging_mixin.py:190} INFO - [2024-08-25T00:38:52.022+0000] {dag.py:3211} INFO - Sync 1 DAGs
[2024-08-25T00:38:52.137+0000] {logging_mixin.py:190} INFO - [2024-08-25T00:38:52.136+0000] {dag.py:4138} INFO - Setting next_dagrun for example_task_group_decorator to 2024-08-24 00:00:00+00:00, run_after=2024-08-25 00:00:00+00:00
[2024-08-25T00:38:52.214+0000] {processor.py:208} INFO - Processing /home/airflow/.local/lib/python3.12/site-packages/airflow/example_dags/example_task_group_decorator.py took 0.432 seconds
[2024-08-25T00:39:22.851+0000] {processor.py:186} INFO - Started process (PID=1411) to work on /home/airflow/.local/lib/python3.12/site-packages/airflow/example_dags/example_task_group_decorator.py
[2024-08-25T00:39:22.854+0000] {processor.py:914} INFO - Processing file /home/airflow/.local/lib/python3.12/site-packages/airflow/example_dags/example_task_group_decorator.py for tasks to queue
[2024-08-25T00:39:22.857+0000] {logging_mixin.py:190} INFO - [2024-08-25T00:39:22.856+0000] {dagbag.py:587} INFO - Filling up the DagBag from /home/airflow/.local/lib/python3.12/site-packages/airflow/example_dags/example_task_group_decorator.py
[2024-08-25T00:39:22.914+0000] {processor.py:925} INFO - DAG(s) 'example_task_group_decorator' retrieved from /home/airflow/.local/lib/python3.12/site-packages/airflow/example_dags/example_task_group_decorator.py
[2024-08-25T00:39:23.012+0000] {logging_mixin.py:190} INFO - [2024-08-25T00:39:23.010+0000] {dag.py:3211} INFO - Sync 1 DAGs
[2024-08-25T00:39:23.135+0000] {logging_mixin.py:190} INFO - [2024-08-25T00:39:23.135+0000] {dag.py:4138} INFO - Setting next_dagrun for example_task_group_decorator to 2024-08-24 00:00:00+00:00, run_after=2024-08-25 00:00:00+00:00
[2024-08-25T00:39:23.207+0000] {processor.py:208} INFO - Processing /home/airflow/.local/lib/python3.12/site-packages/airflow/example_dags/example_task_group_decorator.py took 0.374 seconds
[2024-08-25T00:39:54.741+0000] {processor.py:186} INFO - Started process (PID=1473) to work on /home/airflow/.local/lib/python3.12/site-packages/airflow/example_dags/example_task_group_decorator.py
[2024-08-25T00:39:54.743+0000] {processor.py:914} INFO - Processing file /home/airflow/.local/lib/python3.12/site-packages/airflow/example_dags/example_task_group_decorator.py for tasks to queue
[2024-08-25T00:39:54.746+0000] {logging_mixin.py:190} INFO - [2024-08-25T00:39:54.745+0000] {dagbag.py:587} INFO - Filling up the DagBag from /home/airflow/.local/lib/python3.12/site-packages/airflow/example_dags/example_task_group_decorator.py
[2024-08-25T00:39:54.812+0000] {processor.py:925} INFO - DAG(s) 'example_task_group_decorator' retrieved from /home/airflow/.local/lib/python3.12/site-packages/airflow/example_dags/example_task_group_decorator.py
[2024-08-25T00:39:54.894+0000] {logging_mixin.py:190} INFO - [2024-08-25T00:39:54.892+0000] {dag.py:3211} INFO - Sync 1 DAGs
[2024-08-25T00:39:54.963+0000] {logging_mixin.py:190} INFO - [2024-08-25T00:39:54.963+0000] {dag.py:4138} INFO - Setting next_dagrun for example_task_group_decorator to 2024-08-24 00:00:00+00:00, run_after=2024-08-25 00:00:00+00:00
[2024-08-25T00:39:55.006+0000] {processor.py:208} INFO - Processing /home/airflow/.local/lib/python3.12/site-packages/airflow/example_dags/example_task_group_decorator.py took 0.289 seconds
[2024-08-25T00:40:30.019+0000] {processor.py:186} INFO - Started process (PID=1538) to work on /home/airflow/.local/lib/python3.12/site-packages/airflow/example_dags/example_task_group_decorator.py
[2024-08-25T00:40:30.023+0000] {processor.py:914} INFO - Processing file /home/airflow/.local/lib/python3.12/site-packages/airflow/example_dags/example_task_group_decorator.py for tasks to queue
[2024-08-25T00:40:30.029+0000] {logging_mixin.py:190} INFO - [2024-08-25T00:40:30.027+0000] {dagbag.py:587} INFO - Filling up the DagBag from /home/airflow/.local/lib/python3.12/site-packages/airflow/example_dags/example_task_group_decorator.py
[2024-08-25T00:40:30.104+0000] {processor.py:925} INFO - DAG(s) 'example_task_group_decorator' retrieved from /home/airflow/.local/lib/python3.12/site-packages/airflow/example_dags/example_task_group_decorator.py
[2024-08-25T00:40:30.234+0000] {logging_mixin.py:190} INFO - [2024-08-25T00:40:30.230+0000] {dag.py:3211} INFO - Sync 1 DAGs
[2024-08-25T00:40:30.334+0000] {logging_mixin.py:190} INFO - [2024-08-25T00:40:30.333+0000] {dag.py:4138} INFO - Setting next_dagrun for example_task_group_decorator to 2024-08-24 00:00:00+00:00, run_after=2024-08-25 00:00:00+00:00
[2024-08-25T00:40:30.394+0000] {processor.py:208} INFO - Processing /home/airflow/.local/lib/python3.12/site-packages/airflow/example_dags/example_task_group_decorator.py took 0.397 seconds
[2024-08-25T00:41:00.545+0000] {processor.py:186} INFO - Started process (PID=1600) to work on /home/airflow/.local/lib/python3.12/site-packages/airflow/example_dags/example_task_group_decorator.py
[2024-08-25T00:41:00.547+0000] {processor.py:914} INFO - Processing file /home/airflow/.local/lib/python3.12/site-packages/airflow/example_dags/example_task_group_decorator.py for tasks to queue
[2024-08-25T00:41:00.551+0000] {logging_mixin.py:190} INFO - [2024-08-25T00:41:00.550+0000] {dagbag.py:587} INFO - Filling up the DagBag from /home/airflow/.local/lib/python3.12/site-packages/airflow/example_dags/example_task_group_decorator.py
[2024-08-25T00:41:00.604+0000] {processor.py:925} INFO - DAG(s) 'example_task_group_decorator' retrieved from /home/airflow/.local/lib/python3.12/site-packages/airflow/example_dags/example_task_group_decorator.py
[2024-08-25T00:41:00.679+0000] {logging_mixin.py:190} INFO - [2024-08-25T00:41:00.678+0000] {dag.py:3211} INFO - Sync 1 DAGs
[2024-08-25T00:41:00.741+0000] {logging_mixin.py:190} INFO - [2024-08-25T00:41:00.740+0000] {dag.py:4138} INFO - Setting next_dagrun for example_task_group_decorator to 2024-08-24 00:00:00+00:00, run_after=2024-08-25 00:00:00+00:00
[2024-08-25T00:41:00.836+0000] {processor.py:208} INFO - Processing /home/airflow/.local/lib/python3.12/site-packages/airflow/example_dags/example_task_group_decorator.py took 0.310 seconds
[2024-08-25T00:41:31.686+0000] {processor.py:186} INFO - Started process (PID=1662) to work on /home/airflow/.local/lib/python3.12/site-packages/airflow/example_dags/example_task_group_decorator.py
[2024-08-25T00:41:31.688+0000] {processor.py:914} INFO - Processing file /home/airflow/.local/lib/python3.12/site-packages/airflow/example_dags/example_task_group_decorator.py for tasks to queue
[2024-08-25T00:41:31.692+0000] {logging_mixin.py:190} INFO - [2024-08-25T00:41:31.691+0000] {dagbag.py:587} INFO - Filling up the DagBag from /home/airflow/.local/lib/python3.12/site-packages/airflow/example_dags/example_task_group_decorator.py
[2024-08-25T00:41:31.739+0000] {processor.py:925} INFO - DAG(s) 'example_task_group_decorator' retrieved from /home/airflow/.local/lib/python3.12/site-packages/airflow/example_dags/example_task_group_decorator.py
[2024-08-25T00:41:31.811+0000] {logging_mixin.py:190} INFO - [2024-08-25T00:41:31.809+0000] {dag.py:3211} INFO - Sync 1 DAGs
[2024-08-25T00:41:31.883+0000] {logging_mixin.py:190} INFO - [2024-08-25T00:41:31.882+0000] {dag.py:4138} INFO - Setting next_dagrun for example_task_group_decorator to 2024-08-24 00:00:00+00:00, run_after=2024-08-25 00:00:00+00:00
[2024-08-25T00:41:31.927+0000] {processor.py:208} INFO - Processing /home/airflow/.local/lib/python3.12/site-packages/airflow/example_dags/example_task_group_decorator.py took 0.257 seconds
