[2024-08-25T00:00:28.011+0000] {processor.py:186} INFO - Started process (PID=38562) to work on /home/airflow/.local/lib/python3.12/site-packages/airflow/example_dags/example_params_ui_tutorial.py
[2024-08-25T00:00:28.014+0000] {processor.py:914} INFO - Processing file /home/airflow/.local/lib/python3.12/site-packages/airflow/example_dags/example_params_ui_tutorial.py for tasks to queue
[2024-08-25T00:00:28.020+0000] {logging_mixin.py:190} INFO - [2024-08-25T00:00:28.019+0000] {dagbag.py:587} INFO - Filling up the DagBag from /home/airflow/.local/lib/python3.12/site-packages/airflow/example_dags/example_params_ui_tutorial.py
[2024-08-25T00:00:28.063+0000] {processor.py:925} INFO - DAG(s) 'example_params_ui_tutorial' retrieved from /home/airflow/.local/lib/python3.12/site-packages/airflow/example_dags/example_params_ui_tutorial.py
[2024-08-25T00:00:28.627+0000] {logging_mixin.py:190} INFO - [2024-08-25T00:00:28.627+0000] {dag.py:3211} INFO - Sync 1 DAGs
[2024-08-25T00:00:28.678+0000] {logging_mixin.py:190} INFO - [2024-08-25T00:00:28.678+0000] {dag.py:4138} INFO - Setting next_dagrun for example_params_ui_tutorial to None, run_after=None
[2024-08-25T00:00:28.733+0000] {processor.py:208} INFO - Processing /home/airflow/.local/lib/python3.12/site-packages/airflow/example_dags/example_params_ui_tutorial.py took 0.754 seconds
[2024-08-25T00:05:44.727+0000] {processor.py:186} INFO - Started process (PID=78) to work on /home/airflow/.local/lib/python3.12/site-packages/airflow/example_dags/example_params_ui_tutorial.py
[2024-08-25T00:05:44.729+0000] {processor.py:914} INFO - Processing file /home/airflow/.local/lib/python3.12/site-packages/airflow/example_dags/example_params_ui_tutorial.py for tasks to queue
[2024-08-25T00:05:44.756+0000] {logging_mixin.py:190} INFO - [2024-08-25T00:05:44.755+0000] {dagbag.py:587} INFO - Filling up the DagBag from /home/airflow/.local/lib/python3.12/site-packages/airflow/example_dags/example_params_ui_tutorial.py
[2024-08-25T00:05:44.840+0000] {processor.py:925} INFO - DAG(s) 'example_params_ui_tutorial' retrieved from /home/airflow/.local/lib/python3.12/site-packages/airflow/example_dags/example_params_ui_tutorial.py
[2024-08-25T00:05:45.114+0000] {logging_mixin.py:190} INFO - [2024-08-25T00:05:45.113+0000] {dag.py:3211} INFO - Sync 1 DAGs
[2024-08-25T00:05:45.165+0000] {logging_mixin.py:190} INFO - [2024-08-25T00:05:45.164+0000] {dag.py:4138} INFO - Setting next_dagrun for example_params_ui_tutorial to None, run_after=None
[2024-08-25T00:05:45.261+0000] {processor.py:208} INFO - Processing /home/airflow/.local/lib/python3.12/site-packages/airflow/example_dags/example_params_ui_tutorial.py took 0.620 seconds
[2024-08-25T00:06:16.014+0000] {processor.py:186} INFO - Started process (PID=141) to work on /home/airflow/.local/lib/python3.12/site-packages/airflow/example_dags/example_params_ui_tutorial.py
[2024-08-25T00:06:16.016+0000] {processor.py:914} INFO - Processing file /home/airflow/.local/lib/python3.12/site-packages/airflow/example_dags/example_params_ui_tutorial.py for tasks to queue
[2024-08-25T00:06:16.037+0000] {logging_mixin.py:190} INFO - [2024-08-25T00:06:16.036+0000] {dagbag.py:587} INFO - Filling up the DagBag from /home/airflow/.local/lib/python3.12/site-packages/airflow/example_dags/example_params_ui_tutorial.py
[2024-08-25T00:06:16.092+0000] {processor.py:925} INFO - DAG(s) 'example_params_ui_tutorial' retrieved from /home/airflow/.local/lib/python3.12/site-packages/airflow/example_dags/example_params_ui_tutorial.py
[2024-08-25T00:06:16.400+0000] {logging_mixin.py:190} INFO - [2024-08-25T00:06:16.399+0000] {dag.py:3211} INFO - Sync 1 DAGs
[2024-08-25T00:06:16.577+0000] {logging_mixin.py:190} INFO - [2024-08-25T00:06:16.576+0000] {dag.py:4138} INFO - Setting next_dagrun for example_params_ui_tutorial to None, run_after=None
[2024-08-25T00:06:16.756+0000] {processor.py:208} INFO - Processing /home/airflow/.local/lib/python3.12/site-packages/airflow/example_dags/example_params_ui_tutorial.py took 0.782 seconds
[2024-08-25T00:07:08.793+0000] {processor.py:186} INFO - Started process (PID=209) to work on /home/airflow/.local/lib/python3.12/site-packages/airflow/example_dags/example_params_ui_tutorial.py
[2024-08-25T00:07:08.943+0000] {processor.py:914} INFO - Processing file /home/airflow/.local/lib/python3.12/site-packages/airflow/example_dags/example_params_ui_tutorial.py for tasks to queue
[2024-08-25T00:07:09.010+0000] {logging_mixin.py:190} INFO - [2024-08-25T00:07:09.009+0000] {dagbag.py:587} INFO - Filling up the DagBag from /home/airflow/.local/lib/python3.12/site-packages/airflow/example_dags/example_params_ui_tutorial.py
[2024-08-25T00:07:09.153+0000] {processor.py:925} INFO - DAG(s) 'example_params_ui_tutorial' retrieved from /home/airflow/.local/lib/python3.12/site-packages/airflow/example_dags/example_params_ui_tutorial.py
[2024-08-25T00:07:09.706+0000] {logging_mixin.py:190} INFO - [2024-08-25T00:07:09.705+0000] {dag.py:3211} INFO - Sync 1 DAGs
[2024-08-25T00:07:10.074+0000] {logging_mixin.py:190} INFO - [2024-08-25T00:07:10.062+0000] {dag.py:4138} INFO - Setting next_dagrun for example_params_ui_tutorial to None, run_after=None
[2024-08-25T00:07:10.368+0000] {processor.py:208} INFO - Processing /home/airflow/.local/lib/python3.12/site-packages/airflow/example_dags/example_params_ui_tutorial.py took 1.661 seconds
[2024-08-25T00:07:41.636+0000] {processor.py:186} INFO - Started process (PID=271) to work on /home/airflow/.local/lib/python3.12/site-packages/airflow/example_dags/example_params_ui_tutorial.py
[2024-08-25T00:07:41.647+0000] {processor.py:914} INFO - Processing file /home/airflow/.local/lib/python3.12/site-packages/airflow/example_dags/example_params_ui_tutorial.py for tasks to queue
[2024-08-25T00:07:41.663+0000] {logging_mixin.py:190} INFO - [2024-08-25T00:07:41.662+0000] {dagbag.py:587} INFO - Filling up the DagBag from /home/airflow/.local/lib/python3.12/site-packages/airflow/example_dags/example_params_ui_tutorial.py
[2024-08-25T00:07:41.776+0000] {processor.py:925} INFO - DAG(s) 'example_params_ui_tutorial' retrieved from /home/airflow/.local/lib/python3.12/site-packages/airflow/example_dags/example_params_ui_tutorial.py
[2024-08-25T00:07:42.227+0000] {logging_mixin.py:190} INFO - [2024-08-25T00:07:42.226+0000] {dag.py:3211} INFO - Sync 1 DAGs
[2024-08-25T00:07:42.457+0000] {logging_mixin.py:190} INFO - [2024-08-25T00:07:42.457+0000] {dag.py:4138} INFO - Setting next_dagrun for example_params_ui_tutorial to None, run_after=None
[2024-08-25T00:07:42.818+0000] {processor.py:208} INFO - Processing /home/airflow/.local/lib/python3.12/site-packages/airflow/example_dags/example_params_ui_tutorial.py took 1.254 seconds
[2024-08-25T00:08:13.317+0000] {processor.py:186} INFO - Started process (PID=334) to work on /home/airflow/.local/lib/python3.12/site-packages/airflow/example_dags/example_params_ui_tutorial.py
[2024-08-25T00:08:13.320+0000] {processor.py:914} INFO - Processing file /home/airflow/.local/lib/python3.12/site-packages/airflow/example_dags/example_params_ui_tutorial.py for tasks to queue
[2024-08-25T00:08:13.329+0000] {logging_mixin.py:190} INFO - [2024-08-25T00:08:13.328+0000] {dagbag.py:587} INFO - Filling up the DagBag from /home/airflow/.local/lib/python3.12/site-packages/airflow/example_dags/example_params_ui_tutorial.py
[2024-08-25T00:08:13.375+0000] {processor.py:925} INFO - DAG(s) 'example_params_ui_tutorial' retrieved from /home/airflow/.local/lib/python3.12/site-packages/airflow/example_dags/example_params_ui_tutorial.py
[2024-08-25T00:08:13.572+0000] {logging_mixin.py:190} INFO - [2024-08-25T00:08:13.570+0000] {dag.py:3211} INFO - Sync 1 DAGs
[2024-08-25T00:08:13.621+0000] {logging_mixin.py:190} INFO - [2024-08-25T00:08:13.620+0000] {dag.py:4138} INFO - Setting next_dagrun for example_params_ui_tutorial to None, run_after=None
[2024-08-25T00:08:13.671+0000] {processor.py:208} INFO - Processing /home/airflow/.local/lib/python3.12/site-packages/airflow/example_dags/example_params_ui_tutorial.py took 0.389 seconds
[2024-08-25T00:08:46.154+0000] {processor.py:186} INFO - Started process (PID=397) to work on /home/airflow/.local/lib/python3.12/site-packages/airflow/example_dags/example_params_ui_tutorial.py
[2024-08-25T00:08:46.158+0000] {processor.py:914} INFO - Processing file /home/airflow/.local/lib/python3.12/site-packages/airflow/example_dags/example_params_ui_tutorial.py for tasks to queue
[2024-08-25T00:08:46.167+0000] {logging_mixin.py:190} INFO - [2024-08-25T00:08:46.166+0000] {dagbag.py:587} INFO - Filling up the DagBag from /home/airflow/.local/lib/python3.12/site-packages/airflow/example_dags/example_params_ui_tutorial.py
[2024-08-25T00:08:46.196+0000] {processor.py:925} INFO - DAG(s) 'example_params_ui_tutorial' retrieved from /home/airflow/.local/lib/python3.12/site-packages/airflow/example_dags/example_params_ui_tutorial.py
[2024-08-25T00:08:46.385+0000] {logging_mixin.py:190} INFO - [2024-08-25T00:08:46.385+0000] {dag.py:3211} INFO - Sync 1 DAGs
[2024-08-25T00:08:46.426+0000] {logging_mixin.py:190} INFO - [2024-08-25T00:08:46.426+0000] {dag.py:4138} INFO - Setting next_dagrun for example_params_ui_tutorial to None, run_after=None
[2024-08-25T00:08:46.468+0000] {processor.py:208} INFO - Processing /home/airflow/.local/lib/python3.12/site-packages/airflow/example_dags/example_params_ui_tutorial.py took 0.337 seconds
[2024-08-25T00:09:17.570+0000] {processor.py:186} INFO - Started process (PID=461) to work on /home/airflow/.local/lib/python3.12/site-packages/airflow/example_dags/example_params_ui_tutorial.py
[2024-08-25T00:09:17.576+0000] {processor.py:914} INFO - Processing file /home/airflow/.local/lib/python3.12/site-packages/airflow/example_dags/example_params_ui_tutorial.py for tasks to queue
[2024-08-25T00:09:17.601+0000] {logging_mixin.py:190} INFO - [2024-08-25T00:09:17.591+0000] {dagbag.py:587} INFO - Filling up the DagBag from /home/airflow/.local/lib/python3.12/site-packages/airflow/example_dags/example_params_ui_tutorial.py
[2024-08-25T00:09:17.683+0000] {processor.py:925} INFO - DAG(s) 'example_params_ui_tutorial' retrieved from /home/airflow/.local/lib/python3.12/site-packages/airflow/example_dags/example_params_ui_tutorial.py
[2024-08-25T00:09:18.100+0000] {logging_mixin.py:190} INFO - [2024-08-25T00:09:18.099+0000] {dag.py:3211} INFO - Sync 1 DAGs
[2024-08-25T00:09:18.216+0000] {logging_mixin.py:190} INFO - [2024-08-25T00:09:18.215+0000] {dag.py:4138} INFO - Setting next_dagrun for example_params_ui_tutorial to None, run_after=None
[2024-08-25T00:09:18.351+0000] {processor.py:208} INFO - Processing /home/airflow/.local/lib/python3.12/site-packages/airflow/example_dags/example_params_ui_tutorial.py took 0.833 seconds
[2024-08-25T00:09:48.833+0000] {processor.py:186} INFO - Started process (PID=524) to work on /home/airflow/.local/lib/python3.12/site-packages/airflow/example_dags/example_params_ui_tutorial.py
[2024-08-25T00:09:48.841+0000] {processor.py:914} INFO - Processing file /home/airflow/.local/lib/python3.12/site-packages/airflow/example_dags/example_params_ui_tutorial.py for tasks to queue
[2024-08-25T00:09:48.848+0000] {logging_mixin.py:190} INFO - [2024-08-25T00:09:48.848+0000] {dagbag.py:587} INFO - Filling up the DagBag from /home/airflow/.local/lib/python3.12/site-packages/airflow/example_dags/example_params_ui_tutorial.py
[2024-08-25T00:09:48.882+0000] {processor.py:925} INFO - DAG(s) 'example_params_ui_tutorial' retrieved from /home/airflow/.local/lib/python3.12/site-packages/airflow/example_dags/example_params_ui_tutorial.py
[2024-08-25T00:09:49.029+0000] {logging_mixin.py:190} INFO - [2024-08-25T00:09:49.028+0000] {dag.py:3211} INFO - Sync 1 DAGs
[2024-08-25T00:09:49.072+0000] {logging_mixin.py:190} INFO - [2024-08-25T00:09:49.071+0000] {dag.py:4138} INFO - Setting next_dagrun for example_params_ui_tutorial to None, run_after=None
[2024-08-25T00:09:49.117+0000] {processor.py:208} INFO - Processing /home/airflow/.local/lib/python3.12/site-packages/airflow/example_dags/example_params_ui_tutorial.py took 0.314 seconds
[2024-08-25T00:10:19.621+0000] {processor.py:186} INFO - Started process (PID=583) to work on /home/airflow/.local/lib/python3.12/site-packages/airflow/example_dags/example_params_ui_tutorial.py
[2024-08-25T00:10:19.625+0000] {processor.py:914} INFO - Processing file /home/airflow/.local/lib/python3.12/site-packages/airflow/example_dags/example_params_ui_tutorial.py for tasks to queue
[2024-08-25T00:10:19.633+0000] {logging_mixin.py:190} INFO - [2024-08-25T00:10:19.631+0000] {dagbag.py:587} INFO - Filling up the DagBag from /home/airflow/.local/lib/python3.12/site-packages/airflow/example_dags/example_params_ui_tutorial.py
[2024-08-25T00:10:19.670+0000] {processor.py:925} INFO - DAG(s) 'example_params_ui_tutorial' retrieved from /home/airflow/.local/lib/python3.12/site-packages/airflow/example_dags/example_params_ui_tutorial.py
[2024-08-25T00:10:19.895+0000] {logging_mixin.py:190} INFO - [2024-08-25T00:10:19.894+0000] {dag.py:3211} INFO - Sync 1 DAGs
[2024-08-25T00:10:19.978+0000] {logging_mixin.py:190} INFO - [2024-08-25T00:10:19.977+0000] {dag.py:4138} INFO - Setting next_dagrun for example_params_ui_tutorial to None, run_after=None
[2024-08-25T00:10:20.051+0000] {processor.py:208} INFO - Processing /home/airflow/.local/lib/python3.12/site-packages/airflow/example_dags/example_params_ui_tutorial.py took 0.455 seconds
[2024-08-25T00:10:50.555+0000] {processor.py:186} INFO - Started process (PID=646) to work on /home/airflow/.local/lib/python3.12/site-packages/airflow/example_dags/example_params_ui_tutorial.py
[2024-08-25T00:10:50.558+0000] {processor.py:914} INFO - Processing file /home/airflow/.local/lib/python3.12/site-packages/airflow/example_dags/example_params_ui_tutorial.py for tasks to queue
[2024-08-25T00:10:50.601+0000] {logging_mixin.py:190} INFO - [2024-08-25T00:10:50.600+0000] {dagbag.py:587} INFO - Filling up the DagBag from /home/airflow/.local/lib/python3.12/site-packages/airflow/example_dags/example_params_ui_tutorial.py
[2024-08-25T00:10:50.682+0000] {processor.py:925} INFO - DAG(s) 'example_params_ui_tutorial' retrieved from /home/airflow/.local/lib/python3.12/site-packages/airflow/example_dags/example_params_ui_tutorial.py
[2024-08-25T00:10:51.200+0000] {logging_mixin.py:190} INFO - [2024-08-25T00:10:51.200+0000] {dag.py:3211} INFO - Sync 1 DAGs
[2024-08-25T00:10:51.279+0000] {logging_mixin.py:190} INFO - [2024-08-25T00:10:51.278+0000] {dag.py:4138} INFO - Setting next_dagrun for example_params_ui_tutorial to None, run_after=None
[2024-08-25T00:10:51.380+0000] {processor.py:208} INFO - Processing /home/airflow/.local/lib/python3.12/site-packages/airflow/example_dags/example_params_ui_tutorial.py took 0.875 seconds
[2024-08-25T00:11:21.808+0000] {processor.py:186} INFO - Started process (PID=708) to work on /home/airflow/.local/lib/python3.12/site-packages/airflow/example_dags/example_params_ui_tutorial.py
[2024-08-25T00:11:21.822+0000] {processor.py:914} INFO - Processing file /home/airflow/.local/lib/python3.12/site-packages/airflow/example_dags/example_params_ui_tutorial.py for tasks to queue
[2024-08-25T00:11:21.847+0000] {logging_mixin.py:190} INFO - [2024-08-25T00:11:21.846+0000] {dagbag.py:587} INFO - Filling up the DagBag from /home/airflow/.local/lib/python3.12/site-packages/airflow/example_dags/example_params_ui_tutorial.py
[2024-08-25T00:11:21.929+0000] {processor.py:925} INFO - DAG(s) 'example_params_ui_tutorial' retrieved from /home/airflow/.local/lib/python3.12/site-packages/airflow/example_dags/example_params_ui_tutorial.py
[2024-08-25T00:11:22.342+0000] {logging_mixin.py:190} INFO - [2024-08-25T00:11:22.341+0000] {dag.py:3211} INFO - Sync 1 DAGs
[2024-08-25T00:11:22.427+0000] {logging_mixin.py:190} INFO - [2024-08-25T00:11:22.426+0000] {dag.py:4138} INFO - Setting next_dagrun for example_params_ui_tutorial to None, run_after=None
[2024-08-25T00:11:22.519+0000] {processor.py:208} INFO - Processing /home/airflow/.local/lib/python3.12/site-packages/airflow/example_dags/example_params_ui_tutorial.py took 0.749 seconds
[2024-08-25T00:12:00.510+0000] {processor.py:186} INFO - Started process (PID=771) to work on /home/airflow/.local/lib/python3.12/site-packages/airflow/example_dags/example_params_ui_tutorial.py
[2024-08-25T00:12:00.521+0000] {processor.py:914} INFO - Processing file /home/airflow/.local/lib/python3.12/site-packages/airflow/example_dags/example_params_ui_tutorial.py for tasks to queue
[2024-08-25T00:12:00.532+0000] {logging_mixin.py:190} INFO - [2024-08-25T00:12:00.530+0000] {dagbag.py:587} INFO - Filling up the DagBag from /home/airflow/.local/lib/python3.12/site-packages/airflow/example_dags/example_params_ui_tutorial.py
[2024-08-25T00:12:00.637+0000] {processor.py:925} INFO - DAG(s) 'example_params_ui_tutorial' retrieved from /home/airflow/.local/lib/python3.12/site-packages/airflow/example_dags/example_params_ui_tutorial.py
[2024-08-25T00:12:00.997+0000] {logging_mixin.py:190} INFO - [2024-08-25T00:12:00.996+0000] {dag.py:3211} INFO - Sync 1 DAGs
[2024-08-25T00:12:01.165+0000] {logging_mixin.py:190} INFO - [2024-08-25T00:12:01.162+0000] {dag.py:4138} INFO - Setting next_dagrun for example_params_ui_tutorial to None, run_after=None
[2024-08-25T00:12:01.249+0000] {processor.py:208} INFO - Processing /home/airflow/.local/lib/python3.12/site-packages/airflow/example_dags/example_params_ui_tutorial.py took 0.803 seconds
[2024-08-25T00:12:31.587+0000] {processor.py:186} INFO - Started process (PID=841) to work on /home/airflow/.local/lib/python3.12/site-packages/airflow/example_dags/example_params_ui_tutorial.py
[2024-08-25T00:12:31.590+0000] {processor.py:914} INFO - Processing file /home/airflow/.local/lib/python3.12/site-packages/airflow/example_dags/example_params_ui_tutorial.py for tasks to queue
[2024-08-25T00:12:31.597+0000] {logging_mixin.py:190} INFO - [2024-08-25T00:12:31.596+0000] {dagbag.py:587} INFO - Filling up the DagBag from /home/airflow/.local/lib/python3.12/site-packages/airflow/example_dags/example_params_ui_tutorial.py
[2024-08-25T00:12:31.624+0000] {processor.py:925} INFO - DAG(s) 'example_params_ui_tutorial' retrieved from /home/airflow/.local/lib/python3.12/site-packages/airflow/example_dags/example_params_ui_tutorial.py
[2024-08-25T00:12:31.771+0000] {logging_mixin.py:190} INFO - [2024-08-25T00:12:31.770+0000] {dag.py:3211} INFO - Sync 1 DAGs
[2024-08-25T00:12:31.806+0000] {logging_mixin.py:190} INFO - [2024-08-25T00:12:31.806+0000] {dag.py:4138} INFO - Setting next_dagrun for example_params_ui_tutorial to None, run_after=None
[2024-08-25T00:12:31.846+0000] {processor.py:208} INFO - Processing /home/airflow/.local/lib/python3.12/site-packages/airflow/example_dags/example_params_ui_tutorial.py took 0.278 seconds
[2024-08-25T00:13:02.707+0000] {processor.py:186} INFO - Started process (PID=904) to work on /home/airflow/.local/lib/python3.12/site-packages/airflow/example_dags/example_params_ui_tutorial.py
[2024-08-25T00:13:02.715+0000] {processor.py:914} INFO - Processing file /home/airflow/.local/lib/python3.12/site-packages/airflow/example_dags/example_params_ui_tutorial.py for tasks to queue
[2024-08-25T00:13:02.738+0000] {logging_mixin.py:190} INFO - [2024-08-25T00:13:02.737+0000] {dagbag.py:587} INFO - Filling up the DagBag from /home/airflow/.local/lib/python3.12/site-packages/airflow/example_dags/example_params_ui_tutorial.py
[2024-08-25T00:13:02.839+0000] {processor.py:925} INFO - DAG(s) 'example_params_ui_tutorial' retrieved from /home/airflow/.local/lib/python3.12/site-packages/airflow/example_dags/example_params_ui_tutorial.py
[2024-08-25T00:13:03.256+0000] {logging_mixin.py:190} INFO - [2024-08-25T00:13:03.256+0000] {dag.py:3211} INFO - Sync 1 DAGs
[2024-08-25T00:13:03.312+0000] {logging_mixin.py:190} INFO - [2024-08-25T00:13:03.310+0000] {dag.py:4138} INFO - Setting next_dagrun for example_params_ui_tutorial to None, run_after=None
[2024-08-25T00:13:03.372+0000] {processor.py:208} INFO - Processing /home/airflow/.local/lib/python3.12/site-packages/airflow/example_dags/example_params_ui_tutorial.py took 0.690 seconds
[2024-08-25T00:13:34.257+0000] {processor.py:186} INFO - Started process (PID=967) to work on /home/airflow/.local/lib/python3.12/site-packages/airflow/example_dags/example_params_ui_tutorial.py
[2024-08-25T00:13:34.259+0000] {processor.py:914} INFO - Processing file /home/airflow/.local/lib/python3.12/site-packages/airflow/example_dags/example_params_ui_tutorial.py for tasks to queue
[2024-08-25T00:13:34.267+0000] {logging_mixin.py:190} INFO - [2024-08-25T00:13:34.266+0000] {dagbag.py:587} INFO - Filling up the DagBag from /home/airflow/.local/lib/python3.12/site-packages/airflow/example_dags/example_params_ui_tutorial.py
[2024-08-25T00:13:34.298+0000] {processor.py:925} INFO - DAG(s) 'example_params_ui_tutorial' retrieved from /home/airflow/.local/lib/python3.12/site-packages/airflow/example_dags/example_params_ui_tutorial.py
[2024-08-25T00:13:34.482+0000] {logging_mixin.py:190} INFO - [2024-08-25T00:13:34.481+0000] {dag.py:3211} INFO - Sync 1 DAGs
[2024-08-25T00:13:34.534+0000] {logging_mixin.py:190} INFO - [2024-08-25T00:13:34.534+0000] {dag.py:4138} INFO - Setting next_dagrun for example_params_ui_tutorial to None, run_after=None
[2024-08-25T00:13:34.590+0000] {processor.py:208} INFO - Processing /home/airflow/.local/lib/python3.12/site-packages/airflow/example_dags/example_params_ui_tutorial.py took 0.362 seconds
[2024-08-25T00:14:05.047+0000] {processor.py:186} INFO - Started process (PID=1031) to work on /home/airflow/.local/lib/python3.12/site-packages/airflow/example_dags/example_params_ui_tutorial.py
[2024-08-25T00:14:05.049+0000] {processor.py:914} INFO - Processing file /home/airflow/.local/lib/python3.12/site-packages/airflow/example_dags/example_params_ui_tutorial.py for tasks to queue
[2024-08-25T00:14:05.054+0000] {logging_mixin.py:190} INFO - [2024-08-25T00:14:05.053+0000] {dagbag.py:587} INFO - Filling up the DagBag from /home/airflow/.local/lib/python3.12/site-packages/airflow/example_dags/example_params_ui_tutorial.py
[2024-08-25T00:14:05.077+0000] {processor.py:925} INFO - DAG(s) 'example_params_ui_tutorial' retrieved from /home/airflow/.local/lib/python3.12/site-packages/airflow/example_dags/example_params_ui_tutorial.py
[2024-08-25T00:14:05.306+0000] {logging_mixin.py:190} INFO - [2024-08-25T00:14:05.305+0000] {dag.py:3211} INFO - Sync 1 DAGs
[2024-08-25T00:14:05.375+0000] {logging_mixin.py:190} INFO - [2024-08-25T00:14:05.374+0000] {dag.py:4138} INFO - Setting next_dagrun for example_params_ui_tutorial to None, run_after=None
[2024-08-25T00:14:05.411+0000] {processor.py:208} INFO - Processing /home/airflow/.local/lib/python3.12/site-packages/airflow/example_dags/example_params_ui_tutorial.py took 0.376 seconds
[2024-08-25T00:14:35.780+0000] {processor.py:186} INFO - Started process (PID=1095) to work on /home/airflow/.local/lib/python3.12/site-packages/airflow/example_dags/example_params_ui_tutorial.py
[2024-08-25T00:14:35.783+0000] {processor.py:914} INFO - Processing file /home/airflow/.local/lib/python3.12/site-packages/airflow/example_dags/example_params_ui_tutorial.py for tasks to queue
[2024-08-25T00:14:35.806+0000] {logging_mixin.py:190} INFO - [2024-08-25T00:14:35.805+0000] {dagbag.py:587} INFO - Filling up the DagBag from /home/airflow/.local/lib/python3.12/site-packages/airflow/example_dags/example_params_ui_tutorial.py
[2024-08-25T00:14:35.876+0000] {processor.py:925} INFO - DAG(s) 'example_params_ui_tutorial' retrieved from /home/airflow/.local/lib/python3.12/site-packages/airflow/example_dags/example_params_ui_tutorial.py
[2024-08-25T00:14:36.076+0000] {logging_mixin.py:190} INFO - [2024-08-25T00:14:36.075+0000] {dag.py:3211} INFO - Sync 1 DAGs
[2024-08-25T00:14:36.120+0000] {logging_mixin.py:190} INFO - [2024-08-25T00:14:36.119+0000] {dag.py:4138} INFO - Setting next_dagrun for example_params_ui_tutorial to None, run_after=None
[2024-08-25T00:14:36.170+0000] {processor.py:208} INFO - Processing /home/airflow/.local/lib/python3.12/site-packages/airflow/example_dags/example_params_ui_tutorial.py took 0.434 seconds
[2024-08-25T00:15:06.337+0000] {processor.py:186} INFO - Started process (PID=1157) to work on /home/airflow/.local/lib/python3.12/site-packages/airflow/example_dags/example_params_ui_tutorial.py
[2024-08-25T00:15:06.340+0000] {processor.py:914} INFO - Processing file /home/airflow/.local/lib/python3.12/site-packages/airflow/example_dags/example_params_ui_tutorial.py for tasks to queue
[2024-08-25T00:15:06.360+0000] {logging_mixin.py:190} INFO - [2024-08-25T00:15:06.359+0000] {dagbag.py:587} INFO - Filling up the DagBag from /home/airflow/.local/lib/python3.12/site-packages/airflow/example_dags/example_params_ui_tutorial.py
[2024-08-25T00:15:06.444+0000] {processor.py:925} INFO - DAG(s) 'example_params_ui_tutorial' retrieved from /home/airflow/.local/lib/python3.12/site-packages/airflow/example_dags/example_params_ui_tutorial.py
[2024-08-25T00:15:06.694+0000] {logging_mixin.py:190} INFO - [2024-08-25T00:15:06.694+0000] {dag.py:3211} INFO - Sync 1 DAGs
[2024-08-25T00:15:06.762+0000] {logging_mixin.py:190} INFO - [2024-08-25T00:15:06.761+0000] {dag.py:4138} INFO - Setting next_dagrun for example_params_ui_tutorial to None, run_after=None
[2024-08-25T00:15:06.855+0000] {processor.py:208} INFO - Processing /home/airflow/.local/lib/python3.12/site-packages/airflow/example_dags/example_params_ui_tutorial.py took 0.548 seconds
[2024-08-25T00:15:37.242+0000] {processor.py:186} INFO - Started process (PID=1222) to work on /home/airflow/.local/lib/python3.12/site-packages/airflow/example_dags/example_params_ui_tutorial.py
[2024-08-25T00:15:37.243+0000] {processor.py:914} INFO - Processing file /home/airflow/.local/lib/python3.12/site-packages/airflow/example_dags/example_params_ui_tutorial.py for tasks to queue
[2024-08-25T00:15:37.250+0000] {logging_mixin.py:190} INFO - [2024-08-25T00:15:37.249+0000] {dagbag.py:587} INFO - Filling up the DagBag from /home/airflow/.local/lib/python3.12/site-packages/airflow/example_dags/example_params_ui_tutorial.py
[2024-08-25T00:15:37.275+0000] {processor.py:925} INFO - DAG(s) 'example_params_ui_tutorial' retrieved from /home/airflow/.local/lib/python3.12/site-packages/airflow/example_dags/example_params_ui_tutorial.py
[2024-08-25T00:15:37.600+0000] {logging_mixin.py:190} INFO - [2024-08-25T00:15:37.599+0000] {dag.py:3211} INFO - Sync 1 DAGs
[2024-08-25T00:15:37.739+0000] {logging_mixin.py:190} INFO - [2024-08-25T00:15:37.738+0000] {dag.py:4138} INFO - Setting next_dagrun for example_params_ui_tutorial to None, run_after=None
[2024-08-25T00:15:37.794+0000] {processor.py:208} INFO - Processing /home/airflow/.local/lib/python3.12/site-packages/airflow/example_dags/example_params_ui_tutorial.py took 0.569 seconds
[2024-08-25T00:16:09.648+0000] {processor.py:186} INFO - Started process (PID=1282) to work on /home/airflow/.local/lib/python3.12/site-packages/airflow/example_dags/example_params_ui_tutorial.py
[2024-08-25T00:16:09.654+0000] {processor.py:914} INFO - Processing file /home/airflow/.local/lib/python3.12/site-packages/airflow/example_dags/example_params_ui_tutorial.py for tasks to queue
[2024-08-25T00:16:09.688+0000] {logging_mixin.py:190} INFO - [2024-08-25T00:16:09.687+0000] {dagbag.py:587} INFO - Filling up the DagBag from /home/airflow/.local/lib/python3.12/site-packages/airflow/example_dags/example_params_ui_tutorial.py
[2024-08-25T00:16:09.766+0000] {processor.py:925} INFO - DAG(s) 'example_params_ui_tutorial' retrieved from /home/airflow/.local/lib/python3.12/site-packages/airflow/example_dags/example_params_ui_tutorial.py
[2024-08-25T00:16:10.361+0000] {logging_mixin.py:190} INFO - [2024-08-25T00:16:10.360+0000] {dag.py:3211} INFO - Sync 1 DAGs
[2024-08-25T00:16:10.576+0000] {logging_mixin.py:190} INFO - [2024-08-25T00:16:10.576+0000] {dag.py:4138} INFO - Setting next_dagrun for example_params_ui_tutorial to None, run_after=None
[2024-08-25T00:16:10.704+0000] {processor.py:208} INFO - Processing /home/airflow/.local/lib/python3.12/site-packages/airflow/example_dags/example_params_ui_tutorial.py took 1.081 seconds
[2024-08-25T00:16:41.845+0000] {processor.py:186} INFO - Started process (PID=1345) to work on /home/airflow/.local/lib/python3.12/site-packages/airflow/example_dags/example_params_ui_tutorial.py
[2024-08-25T00:16:41.847+0000] {processor.py:914} INFO - Processing file /home/airflow/.local/lib/python3.12/site-packages/airflow/example_dags/example_params_ui_tutorial.py for tasks to queue
[2024-08-25T00:16:41.856+0000] {logging_mixin.py:190} INFO - [2024-08-25T00:16:41.855+0000] {dagbag.py:587} INFO - Filling up the DagBag from /home/airflow/.local/lib/python3.12/site-packages/airflow/example_dags/example_params_ui_tutorial.py
[2024-08-25T00:16:41.896+0000] {processor.py:925} INFO - DAG(s) 'example_params_ui_tutorial' retrieved from /home/airflow/.local/lib/python3.12/site-packages/airflow/example_dags/example_params_ui_tutorial.py
[2024-08-25T00:16:42.126+0000] {logging_mixin.py:190} INFO - [2024-08-25T00:16:42.126+0000] {dag.py:3211} INFO - Sync 1 DAGs
[2024-08-25T00:16:42.176+0000] {logging_mixin.py:190} INFO - [2024-08-25T00:16:42.176+0000] {dag.py:4138} INFO - Setting next_dagrun for example_params_ui_tutorial to None, run_after=None
[2024-08-25T00:16:42.227+0000] {processor.py:208} INFO - Processing /home/airflow/.local/lib/python3.12/site-packages/airflow/example_dags/example_params_ui_tutorial.py took 0.417 seconds
[2024-08-25T00:17:14.602+0000] {processor.py:186} INFO - Started process (PID=1406) to work on /home/airflow/.local/lib/python3.12/site-packages/airflow/example_dags/example_params_ui_tutorial.py
[2024-08-25T00:17:14.605+0000] {processor.py:914} INFO - Processing file /home/airflow/.local/lib/python3.12/site-packages/airflow/example_dags/example_params_ui_tutorial.py for tasks to queue
[2024-08-25T00:17:14.617+0000] {logging_mixin.py:190} INFO - [2024-08-25T00:17:14.611+0000] {dagbag.py:587} INFO - Filling up the DagBag from /home/airflow/.local/lib/python3.12/site-packages/airflow/example_dags/example_params_ui_tutorial.py
[2024-08-25T00:17:14.676+0000] {processor.py:925} INFO - DAG(s) 'example_params_ui_tutorial' retrieved from /home/airflow/.local/lib/python3.12/site-packages/airflow/example_dags/example_params_ui_tutorial.py
[2024-08-25T00:17:15.201+0000] {logging_mixin.py:190} INFO - [2024-08-25T00:17:15.200+0000] {dag.py:3211} INFO - Sync 1 DAGs
[2024-08-25T00:17:15.333+0000] {logging_mixin.py:190} INFO - [2024-08-25T00:17:15.332+0000] {dag.py:4138} INFO - Setting next_dagrun for example_params_ui_tutorial to None, run_after=None
[2024-08-25T00:17:15.453+0000] {processor.py:208} INFO - Processing /home/airflow/.local/lib/python3.12/site-packages/airflow/example_dags/example_params_ui_tutorial.py took 0.888 seconds
[2024-08-25T00:17:46.027+0000] {processor.py:186} INFO - Started process (PID=1469) to work on /home/airflow/.local/lib/python3.12/site-packages/airflow/example_dags/example_params_ui_tutorial.py
[2024-08-25T00:17:46.032+0000] {processor.py:914} INFO - Processing file /home/airflow/.local/lib/python3.12/site-packages/airflow/example_dags/example_params_ui_tutorial.py for tasks to queue
[2024-08-25T00:17:46.040+0000] {logging_mixin.py:190} INFO - [2024-08-25T00:17:46.039+0000] {dagbag.py:587} INFO - Filling up the DagBag from /home/airflow/.local/lib/python3.12/site-packages/airflow/example_dags/example_params_ui_tutorial.py
[2024-08-25T00:17:46.078+0000] {processor.py:925} INFO - DAG(s) 'example_params_ui_tutorial' retrieved from /home/airflow/.local/lib/python3.12/site-packages/airflow/example_dags/example_params_ui_tutorial.py
[2024-08-25T00:17:46.321+0000] {logging_mixin.py:190} INFO - [2024-08-25T00:17:46.321+0000] {dag.py:3211} INFO - Sync 1 DAGs
[2024-08-25T00:17:46.438+0000] {logging_mixin.py:190} INFO - [2024-08-25T00:17:46.438+0000] {dag.py:4138} INFO - Setting next_dagrun for example_params_ui_tutorial to None, run_after=None
[2024-08-25T00:17:46.592+0000] {processor.py:208} INFO - Processing /home/airflow/.local/lib/python3.12/site-packages/airflow/example_dags/example_params_ui_tutorial.py took 0.586 seconds
[2024-08-25T00:18:18.059+0000] {processor.py:186} INFO - Started process (PID=1532) to work on /home/airflow/.local/lib/python3.12/site-packages/airflow/example_dags/example_params_ui_tutorial.py
[2024-08-25T00:18:18.068+0000] {processor.py:914} INFO - Processing file /home/airflow/.local/lib/python3.12/site-packages/airflow/example_dags/example_params_ui_tutorial.py for tasks to queue
[2024-08-25T00:18:18.097+0000] {logging_mixin.py:190} INFO - [2024-08-25T00:18:18.096+0000] {dagbag.py:587} INFO - Filling up the DagBag from /home/airflow/.local/lib/python3.12/site-packages/airflow/example_dags/example_params_ui_tutorial.py
[2024-08-25T00:18:18.171+0000] {processor.py:925} INFO - DAG(s) 'example_params_ui_tutorial' retrieved from /home/airflow/.local/lib/python3.12/site-packages/airflow/example_dags/example_params_ui_tutorial.py
[2024-08-25T00:18:18.589+0000] {logging_mixin.py:190} INFO - [2024-08-25T00:18:18.588+0000] {dag.py:3211} INFO - Sync 1 DAGs
[2024-08-25T00:18:18.642+0000] {logging_mixin.py:190} INFO - [2024-08-25T00:18:18.642+0000] {dag.py:4138} INFO - Setting next_dagrun for example_params_ui_tutorial to None, run_after=None
[2024-08-25T00:18:18.679+0000] {processor.py:208} INFO - Processing /home/airflow/.local/lib/python3.12/site-packages/airflow/example_dags/example_params_ui_tutorial.py took 0.657 seconds
[2024-08-25T00:18:49.146+0000] {processor.py:186} INFO - Started process (PID=1595) to work on /home/airflow/.local/lib/python3.12/site-packages/airflow/example_dags/example_params_ui_tutorial.py
[2024-08-25T00:18:49.148+0000] {processor.py:914} INFO - Processing file /home/airflow/.local/lib/python3.12/site-packages/airflow/example_dags/example_params_ui_tutorial.py for tasks to queue
[2024-08-25T00:18:49.156+0000] {logging_mixin.py:190} INFO - [2024-08-25T00:18:49.155+0000] {dagbag.py:587} INFO - Filling up the DagBag from /home/airflow/.local/lib/python3.12/site-packages/airflow/example_dags/example_params_ui_tutorial.py
[2024-08-25T00:18:49.184+0000] {processor.py:925} INFO - DAG(s) 'example_params_ui_tutorial' retrieved from /home/airflow/.local/lib/python3.12/site-packages/airflow/example_dags/example_params_ui_tutorial.py
[2024-08-25T00:18:49.346+0000] {logging_mixin.py:190} INFO - [2024-08-25T00:18:49.345+0000] {dag.py:3211} INFO - Sync 1 DAGs
[2024-08-25T00:18:49.428+0000] {logging_mixin.py:190} INFO - [2024-08-25T00:18:49.427+0000] {dag.py:4138} INFO - Setting next_dagrun for example_params_ui_tutorial to None, run_after=None
[2024-08-25T00:18:49.510+0000] {processor.py:208} INFO - Processing /home/airflow/.local/lib/python3.12/site-packages/airflow/example_dags/example_params_ui_tutorial.py took 0.400 seconds
[2024-08-25T00:19:19.745+0000] {processor.py:186} INFO - Started process (PID=1658) to work on /home/airflow/.local/lib/python3.12/site-packages/airflow/example_dags/example_params_ui_tutorial.py
[2024-08-25T00:19:19.747+0000] {processor.py:914} INFO - Processing file /home/airflow/.local/lib/python3.12/site-packages/airflow/example_dags/example_params_ui_tutorial.py for tasks to queue
[2024-08-25T00:19:19.755+0000] {logging_mixin.py:190} INFO - [2024-08-25T00:19:19.754+0000] {dagbag.py:587} INFO - Filling up the DagBag from /home/airflow/.local/lib/python3.12/site-packages/airflow/example_dags/example_params_ui_tutorial.py
[2024-08-25T00:19:19.787+0000] {processor.py:925} INFO - DAG(s) 'example_params_ui_tutorial' retrieved from /home/airflow/.local/lib/python3.12/site-packages/airflow/example_dags/example_params_ui_tutorial.py
[2024-08-25T00:19:20.118+0000] {logging_mixin.py:190} INFO - [2024-08-25T00:19:20.117+0000] {dag.py:3211} INFO - Sync 1 DAGs
[2024-08-25T00:19:20.264+0000] {logging_mixin.py:190} INFO - [2024-08-25T00:19:20.263+0000] {dag.py:4138} INFO - Setting next_dagrun for example_params_ui_tutorial to None, run_after=None
[2024-08-25T00:19:20.400+0000] {processor.py:208} INFO - Processing /home/airflow/.local/lib/python3.12/site-packages/airflow/example_dags/example_params_ui_tutorial.py took 0.679 seconds
[2024-08-25T00:19:51.193+0000] {processor.py:186} INFO - Started process (PID=1721) to work on /home/airflow/.local/lib/python3.12/site-packages/airflow/example_dags/example_params_ui_tutorial.py
[2024-08-25T00:19:51.198+0000] {processor.py:914} INFO - Processing file /home/airflow/.local/lib/python3.12/site-packages/airflow/example_dags/example_params_ui_tutorial.py for tasks to queue
[2024-08-25T00:19:51.206+0000] {logging_mixin.py:190} INFO - [2024-08-25T00:19:51.205+0000] {dagbag.py:587} INFO - Filling up the DagBag from /home/airflow/.local/lib/python3.12/site-packages/airflow/example_dags/example_params_ui_tutorial.py
[2024-08-25T00:19:51.249+0000] {processor.py:925} INFO - DAG(s) 'example_params_ui_tutorial' retrieved from /home/airflow/.local/lib/python3.12/site-packages/airflow/example_dags/example_params_ui_tutorial.py
[2024-08-25T00:19:51.439+0000] {logging_mixin.py:190} INFO - [2024-08-25T00:19:51.438+0000] {dag.py:3211} INFO - Sync 1 DAGs
[2024-08-25T00:19:51.501+0000] {logging_mixin.py:190} INFO - [2024-08-25T00:19:51.500+0000] {dag.py:4138} INFO - Setting next_dagrun for example_params_ui_tutorial to None, run_after=None
[2024-08-25T00:19:51.562+0000] {processor.py:208} INFO - Processing /home/airflow/.local/lib/python3.12/site-packages/airflow/example_dags/example_params_ui_tutorial.py took 0.390 seconds
[2024-08-25T00:20:22.289+0000] {processor.py:186} INFO - Started process (PID=1784) to work on /home/airflow/.local/lib/python3.12/site-packages/airflow/example_dags/example_params_ui_tutorial.py
[2024-08-25T00:20:22.301+0000] {processor.py:914} INFO - Processing file /home/airflow/.local/lib/python3.12/site-packages/airflow/example_dags/example_params_ui_tutorial.py for tasks to queue
[2024-08-25T00:20:22.310+0000] {logging_mixin.py:190} INFO - [2024-08-25T00:20:22.309+0000] {dagbag.py:587} INFO - Filling up the DagBag from /home/airflow/.local/lib/python3.12/site-packages/airflow/example_dags/example_params_ui_tutorial.py
[2024-08-25T00:20:22.390+0000] {processor.py:925} INFO - DAG(s) 'example_params_ui_tutorial' retrieved from /home/airflow/.local/lib/python3.12/site-packages/airflow/example_dags/example_params_ui_tutorial.py
[2024-08-25T00:20:22.574+0000] {logging_mixin.py:190} INFO - [2024-08-25T00:20:22.574+0000] {dag.py:3211} INFO - Sync 1 DAGs
[2024-08-25T00:20:22.625+0000] {logging_mixin.py:190} INFO - [2024-08-25T00:20:22.625+0000] {dag.py:4138} INFO - Setting next_dagrun for example_params_ui_tutorial to None, run_after=None
[2024-08-25T00:20:22.676+0000] {processor.py:208} INFO - Processing /home/airflow/.local/lib/python3.12/site-packages/airflow/example_dags/example_params_ui_tutorial.py took 0.415 seconds
[2024-08-25T00:20:53.196+0000] {processor.py:186} INFO - Started process (PID=1846) to work on /home/airflow/.local/lib/python3.12/site-packages/airflow/example_dags/example_params_ui_tutorial.py
[2024-08-25T00:20:53.199+0000] {processor.py:914} INFO - Processing file /home/airflow/.local/lib/python3.12/site-packages/airflow/example_dags/example_params_ui_tutorial.py for tasks to queue
[2024-08-25T00:20:53.205+0000] {logging_mixin.py:190} INFO - [2024-08-25T00:20:53.205+0000] {dagbag.py:587} INFO - Filling up the DagBag from /home/airflow/.local/lib/python3.12/site-packages/airflow/example_dags/example_params_ui_tutorial.py
[2024-08-25T00:20:53.236+0000] {processor.py:925} INFO - DAG(s) 'example_params_ui_tutorial' retrieved from /home/airflow/.local/lib/python3.12/site-packages/airflow/example_dags/example_params_ui_tutorial.py
[2024-08-25T00:20:53.376+0000] {logging_mixin.py:190} INFO - [2024-08-25T00:20:53.375+0000] {dag.py:3211} INFO - Sync 1 DAGs
[2024-08-25T00:20:53.429+0000] {logging_mixin.py:190} INFO - [2024-08-25T00:20:53.428+0000] {dag.py:4138} INFO - Setting next_dagrun for example_params_ui_tutorial to None, run_after=None
[2024-08-25T00:20:53.559+0000] {processor.py:208} INFO - Processing /home/airflow/.local/lib/python3.12/site-packages/airflow/example_dags/example_params_ui_tutorial.py took 0.401 seconds
[2024-08-25T00:26:20.595+0000] {processor.py:186} INFO - Started process (PID=85) to work on /home/airflow/.local/lib/python3.12/site-packages/airflow/example_dags/example_params_ui_tutorial.py
[2024-08-25T00:26:20.612+0000] {processor.py:914} INFO - Processing file /home/airflow/.local/lib/python3.12/site-packages/airflow/example_dags/example_params_ui_tutorial.py for tasks to queue
[2024-08-25T00:26:20.623+0000] {logging_mixin.py:190} INFO - [2024-08-25T00:26:20.622+0000] {dagbag.py:587} INFO - Filling up the DagBag from /home/airflow/.local/lib/python3.12/site-packages/airflow/example_dags/example_params_ui_tutorial.py
[2024-08-25T00:26:20.986+0000] {processor.py:925} INFO - DAG(s) 'example_params_ui_tutorial' retrieved from /home/airflow/.local/lib/python3.12/site-packages/airflow/example_dags/example_params_ui_tutorial.py
[2024-08-25T00:26:22.438+0000] {logging_mixin.py:190} INFO - [2024-08-25T00:26:22.436+0000] {dag.py:3211} INFO - Sync 1 DAGs
[2024-08-25T00:26:22.721+0000] {logging_mixin.py:190} INFO - [2024-08-25T00:26:22.708+0000] {dag.py:4138} INFO - Setting next_dagrun for example_params_ui_tutorial to None, run_after=None
[2024-08-25T00:26:23.441+0000] {processor.py:208} INFO - Processing /home/airflow/.local/lib/python3.12/site-packages/airflow/example_dags/example_params_ui_tutorial.py took 2.891 seconds
[2024-08-25T00:27:20.760+0000] {processor.py:186} INFO - Started process (PID=153) to work on /home/airflow/.local/lib/python3.12/site-packages/airflow/example_dags/example_params_ui_tutorial.py
[2024-08-25T00:27:20.777+0000] {processor.py:914} INFO - Processing file /home/airflow/.local/lib/python3.12/site-packages/airflow/example_dags/example_params_ui_tutorial.py for tasks to queue
[2024-08-25T00:27:20.787+0000] {logging_mixin.py:190} INFO - [2024-08-25T00:27:20.785+0000] {dagbag.py:587} INFO - Filling up the DagBag from /home/airflow/.local/lib/python3.12/site-packages/airflow/example_dags/example_params_ui_tutorial.py
[2024-08-25T00:27:20.845+0000] {processor.py:925} INFO - DAG(s) 'example_params_ui_tutorial' retrieved from /home/airflow/.local/lib/python3.12/site-packages/airflow/example_dags/example_params_ui_tutorial.py
[2024-08-25T00:27:21.448+0000] {logging_mixin.py:190} INFO - [2024-08-25T00:27:21.447+0000] {dag.py:3211} INFO - Sync 1 DAGs
[2024-08-25T00:27:21.791+0000] {logging_mixin.py:190} INFO - [2024-08-25T00:27:21.790+0000] {dag.py:4138} INFO - Setting next_dagrun for example_params_ui_tutorial to None, run_after=None
[2024-08-25T00:27:21.988+0000] {processor.py:208} INFO - Processing /home/airflow/.local/lib/python3.12/site-packages/airflow/example_dags/example_params_ui_tutorial.py took 1.263 seconds
[2024-08-25T00:28:08.037+0000] {processor.py:186} INFO - Started process (PID=213) to work on /home/airflow/.local/lib/python3.12/site-packages/airflow/example_dags/example_params_ui_tutorial.py
[2024-08-25T00:28:08.050+0000] {processor.py:914} INFO - Processing file /home/airflow/.local/lib/python3.12/site-packages/airflow/example_dags/example_params_ui_tutorial.py for tasks to queue
[2024-08-25T00:28:08.066+0000] {logging_mixin.py:190} INFO - [2024-08-25T00:28:08.065+0000] {dagbag.py:587} INFO - Filling up the DagBag from /home/airflow/.local/lib/python3.12/site-packages/airflow/example_dags/example_params_ui_tutorial.py
[2024-08-25T00:28:08.142+0000] {processor.py:925} INFO - DAG(s) 'example_params_ui_tutorial' retrieved from /home/airflow/.local/lib/python3.12/site-packages/airflow/example_dags/example_params_ui_tutorial.py
[2024-08-25T00:28:08.556+0000] {logging_mixin.py:190} INFO - [2024-08-25T00:28:08.555+0000] {dag.py:3211} INFO - Sync 1 DAGs
[2024-08-25T00:28:08.644+0000] {logging_mixin.py:190} INFO - [2024-08-25T00:28:08.639+0000] {dag.py:4138} INFO - Setting next_dagrun for example_params_ui_tutorial to None, run_after=None
[2024-08-25T00:28:08.783+0000] {processor.py:208} INFO - Processing /home/airflow/.local/lib/python3.12/site-packages/airflow/example_dags/example_params_ui_tutorial.py took 0.780 seconds
[2024-08-25T00:28:47.381+0000] {processor.py:186} INFO - Started process (PID=276) to work on /home/airflow/.local/lib/python3.12/site-packages/airflow/example_dags/example_params_ui_tutorial.py
[2024-08-25T00:28:47.384+0000] {processor.py:914} INFO - Processing file /home/airflow/.local/lib/python3.12/site-packages/airflow/example_dags/example_params_ui_tutorial.py for tasks to queue
[2024-08-25T00:28:47.397+0000] {logging_mixin.py:190} INFO - [2024-08-25T00:28:47.396+0000] {dagbag.py:587} INFO - Filling up the DagBag from /home/airflow/.local/lib/python3.12/site-packages/airflow/example_dags/example_params_ui_tutorial.py
[2024-08-25T00:28:47.452+0000] {processor.py:925} INFO - DAG(s) 'example_params_ui_tutorial' retrieved from /home/airflow/.local/lib/python3.12/site-packages/airflow/example_dags/example_params_ui_tutorial.py
[2024-08-25T00:28:47.922+0000] {logging_mixin.py:190} INFO - [2024-08-25T00:28:47.922+0000] {dag.py:3211} INFO - Sync 1 DAGs
[2024-08-25T00:28:48.004+0000] {logging_mixin.py:190} INFO - [2024-08-25T00:28:48.003+0000] {dag.py:4138} INFO - Setting next_dagrun for example_params_ui_tutorial to None, run_after=None
[2024-08-25T00:28:48.083+0000] {processor.py:208} INFO - Processing /home/airflow/.local/lib/python3.12/site-packages/airflow/example_dags/example_params_ui_tutorial.py took 0.741 seconds
[2024-08-25T00:29:20.038+0000] {processor.py:186} INFO - Started process (PID=339) to work on /home/airflow/.local/lib/python3.12/site-packages/airflow/example_dags/example_params_ui_tutorial.py
[2024-08-25T00:29:20.043+0000] {processor.py:914} INFO - Processing file /home/airflow/.local/lib/python3.12/site-packages/airflow/example_dags/example_params_ui_tutorial.py for tasks to queue
[2024-08-25T00:29:20.050+0000] {logging_mixin.py:190} INFO - [2024-08-25T00:29:20.049+0000] {dagbag.py:587} INFO - Filling up the DagBag from /home/airflow/.local/lib/python3.12/site-packages/airflow/example_dags/example_params_ui_tutorial.py
[2024-08-25T00:29:20.268+0000] {processor.py:925} INFO - DAG(s) 'example_params_ui_tutorial' retrieved from /home/airflow/.local/lib/python3.12/site-packages/airflow/example_dags/example_params_ui_tutorial.py
[2024-08-25T00:29:20.647+0000] {logging_mixin.py:190} INFO - [2024-08-25T00:29:20.647+0000] {dag.py:3211} INFO - Sync 1 DAGs
[2024-08-25T00:29:20.712+0000] {logging_mixin.py:190} INFO - [2024-08-25T00:29:20.711+0000] {dag.py:4138} INFO - Setting next_dagrun for example_params_ui_tutorial to None, run_after=None
[2024-08-25T00:29:20.776+0000] {processor.py:208} INFO - Processing /home/airflow/.local/lib/python3.12/site-packages/airflow/example_dags/example_params_ui_tutorial.py took 0.760 seconds
[2024-08-25T00:29:51.484+0000] {processor.py:186} INFO - Started process (PID=402) to work on /home/airflow/.local/lib/python3.12/site-packages/airflow/example_dags/example_params_ui_tutorial.py
[2024-08-25T00:29:51.491+0000] {processor.py:914} INFO - Processing file /home/airflow/.local/lib/python3.12/site-packages/airflow/example_dags/example_params_ui_tutorial.py for tasks to queue
[2024-08-25T00:29:51.497+0000] {logging_mixin.py:190} INFO - [2024-08-25T00:29:51.496+0000] {dagbag.py:587} INFO - Filling up the DagBag from /home/airflow/.local/lib/python3.12/site-packages/airflow/example_dags/example_params_ui_tutorial.py
[2024-08-25T00:29:51.539+0000] {processor.py:925} INFO - DAG(s) 'example_params_ui_tutorial' retrieved from /home/airflow/.local/lib/python3.12/site-packages/airflow/example_dags/example_params_ui_tutorial.py
[2024-08-25T00:29:51.882+0000] {logging_mixin.py:190} INFO - [2024-08-25T00:29:51.878+0000] {dag.py:3211} INFO - Sync 1 DAGs
[2024-08-25T00:29:52.012+0000] {logging_mixin.py:190} INFO - [2024-08-25T00:29:52.011+0000] {dag.py:4138} INFO - Setting next_dagrun for example_params_ui_tutorial to None, run_after=None
[2024-08-25T00:29:52.146+0000] {processor.py:208} INFO - Processing /home/airflow/.local/lib/python3.12/site-packages/airflow/example_dags/example_params_ui_tutorial.py took 0.688 seconds
[2024-08-25T00:30:26.469+0000] {processor.py:186} INFO - Started process (PID=457) to work on /home/airflow/.local/lib/python3.12/site-packages/airflow/example_dags/example_params_ui_tutorial.py
[2024-08-25T00:30:26.486+0000] {processor.py:914} INFO - Processing file /home/airflow/.local/lib/python3.12/site-packages/airflow/example_dags/example_params_ui_tutorial.py for tasks to queue
[2024-08-25T00:30:26.506+0000] {logging_mixin.py:190} INFO - [2024-08-25T00:30:26.505+0000] {dagbag.py:587} INFO - Filling up the DagBag from /home/airflow/.local/lib/python3.12/site-packages/airflow/example_dags/example_params_ui_tutorial.py
[2024-08-25T00:30:26.588+0000] {processor.py:925} INFO - DAG(s) 'example_params_ui_tutorial' retrieved from /home/airflow/.local/lib/python3.12/site-packages/airflow/example_dags/example_params_ui_tutorial.py
[2024-08-25T00:30:27.057+0000] {logging_mixin.py:190} INFO - [2024-08-25T00:30:27.057+0000] {dag.py:3211} INFO - Sync 1 DAGs
[2024-08-25T00:30:27.165+0000] {logging_mixin.py:190} INFO - [2024-08-25T00:30:27.164+0000] {dag.py:4138} INFO - Setting next_dagrun for example_params_ui_tutorial to None, run_after=None
[2024-08-25T00:30:27.317+0000] {processor.py:208} INFO - Processing /home/airflow/.local/lib/python3.12/site-packages/airflow/example_dags/example_params_ui_tutorial.py took 0.873 seconds
[2024-08-25T00:30:57.722+0000] {processor.py:186} INFO - Started process (PID=521) to work on /home/airflow/.local/lib/python3.12/site-packages/airflow/example_dags/example_params_ui_tutorial.py
[2024-08-25T00:30:57.724+0000] {processor.py:914} INFO - Processing file /home/airflow/.local/lib/python3.12/site-packages/airflow/example_dags/example_params_ui_tutorial.py for tasks to queue
[2024-08-25T00:30:57.741+0000] {logging_mixin.py:190} INFO - [2024-08-25T00:30:57.740+0000] {dagbag.py:587} INFO - Filling up the DagBag from /home/airflow/.local/lib/python3.12/site-packages/airflow/example_dags/example_params_ui_tutorial.py
[2024-08-25T00:30:57.795+0000] {processor.py:925} INFO - DAG(s) 'example_params_ui_tutorial' retrieved from /home/airflow/.local/lib/python3.12/site-packages/airflow/example_dags/example_params_ui_tutorial.py
[2024-08-25T00:30:57.994+0000] {logging_mixin.py:190} INFO - [2024-08-25T00:30:57.993+0000] {dag.py:3211} INFO - Sync 1 DAGs
[2024-08-25T00:30:58.053+0000] {logging_mixin.py:190} INFO - [2024-08-25T00:30:58.052+0000] {dag.py:4138} INFO - Setting next_dagrun for example_params_ui_tutorial to None, run_after=None
[2024-08-25T00:30:58.146+0000] {processor.py:208} INFO - Processing /home/airflow/.local/lib/python3.12/site-packages/airflow/example_dags/example_params_ui_tutorial.py took 0.465 seconds
[2024-08-25T00:31:35.667+0000] {processor.py:186} INFO - Started process (PID=587) to work on /home/airflow/.local/lib/python3.12/site-packages/airflow/example_dags/example_params_ui_tutorial.py
[2024-08-25T00:31:35.741+0000] {processor.py:914} INFO - Processing file /home/airflow/.local/lib/python3.12/site-packages/airflow/example_dags/example_params_ui_tutorial.py for tasks to queue
[2024-08-25T00:31:35.875+0000] {logging_mixin.py:190} INFO - [2024-08-25T00:31:35.874+0000] {dagbag.py:587} INFO - Filling up the DagBag from /home/airflow/.local/lib/python3.12/site-packages/airflow/example_dags/example_params_ui_tutorial.py
[2024-08-25T00:31:36.092+0000] {processor.py:925} INFO - DAG(s) 'example_params_ui_tutorial' retrieved from /home/airflow/.local/lib/python3.12/site-packages/airflow/example_dags/example_params_ui_tutorial.py
[2024-08-25T00:31:36.837+0000] {logging_mixin.py:190} INFO - [2024-08-25T00:31:36.837+0000] {dag.py:3211} INFO - Sync 1 DAGs
[2024-08-25T00:31:37.146+0000] {logging_mixin.py:190} INFO - [2024-08-25T00:31:37.146+0000] {dag.py:4138} INFO - Setting next_dagrun for example_params_ui_tutorial to None, run_after=None
[2024-08-25T00:31:37.361+0000] {processor.py:208} INFO - Processing /home/airflow/.local/lib/python3.12/site-packages/airflow/example_dags/example_params_ui_tutorial.py took 1.782 seconds
[2024-08-25T00:32:11.154+0000] {processor.py:186} INFO - Started process (PID=634) to work on /home/airflow/.local/lib/python3.12/site-packages/airflow/example_dags/example_params_ui_tutorial.py
[2024-08-25T00:32:11.157+0000] {processor.py:914} INFO - Processing file /home/airflow/.local/lib/python3.12/site-packages/airflow/example_dags/example_params_ui_tutorial.py for tasks to queue
[2024-08-25T00:32:11.164+0000] {logging_mixin.py:190} INFO - [2024-08-25T00:32:11.163+0000] {dagbag.py:587} INFO - Filling up the DagBag from /home/airflow/.local/lib/python3.12/site-packages/airflow/example_dags/example_params_ui_tutorial.py
[2024-08-25T00:32:11.205+0000] {processor.py:925} INFO - DAG(s) 'example_params_ui_tutorial' retrieved from /home/airflow/.local/lib/python3.12/site-packages/airflow/example_dags/example_params_ui_tutorial.py
[2024-08-25T00:32:11.547+0000] {logging_mixin.py:190} INFO - [2024-08-25T00:32:11.538+0000] {dag.py:3211} INFO - Sync 1 DAGs
[2024-08-25T00:32:11.625+0000] {logging_mixin.py:190} INFO - [2024-08-25T00:32:11.625+0000] {dag.py:4138} INFO - Setting next_dagrun for example_params_ui_tutorial to None, run_after=None
[2024-08-25T00:32:11.768+0000] {processor.py:208} INFO - Processing /home/airflow/.local/lib/python3.12/site-packages/airflow/example_dags/example_params_ui_tutorial.py took 0.637 seconds
[2024-08-25T00:32:46.434+0000] {processor.py:186} INFO - Started process (PID=698) to work on /home/airflow/.local/lib/python3.12/site-packages/airflow/example_dags/example_params_ui_tutorial.py
[2024-08-25T00:32:46.459+0000] {processor.py:914} INFO - Processing file /home/airflow/.local/lib/python3.12/site-packages/airflow/example_dags/example_params_ui_tutorial.py for tasks to queue
[2024-08-25T00:32:46.467+0000] {logging_mixin.py:190} INFO - [2024-08-25T00:32:46.466+0000] {dagbag.py:587} INFO - Filling up the DagBag from /home/airflow/.local/lib/python3.12/site-packages/airflow/example_dags/example_params_ui_tutorial.py
[2024-08-25T00:32:46.539+0000] {processor.py:925} INFO - DAG(s) 'example_params_ui_tutorial' retrieved from /home/airflow/.local/lib/python3.12/site-packages/airflow/example_dags/example_params_ui_tutorial.py
[2024-08-25T00:32:47.204+0000] {logging_mixin.py:190} INFO - [2024-08-25T00:32:47.203+0000] {dag.py:3211} INFO - Sync 1 DAGs
[2024-08-25T00:32:47.363+0000] {logging_mixin.py:190} INFO - [2024-08-25T00:32:47.362+0000] {dag.py:4138} INFO - Setting next_dagrun for example_params_ui_tutorial to None, run_after=None
[2024-08-25T00:32:47.544+0000] {processor.py:208} INFO - Processing /home/airflow/.local/lib/python3.12/site-packages/airflow/example_dags/example_params_ui_tutorial.py took 1.166 seconds
[2024-08-25T00:33:25.981+0000] {processor.py:186} INFO - Started process (PID=744) to work on /home/airflow/.local/lib/python3.12/site-packages/airflow/example_dags/example_params_ui_tutorial.py
[2024-08-25T00:33:26.027+0000] {processor.py:914} INFO - Processing file /home/airflow/.local/lib/python3.12/site-packages/airflow/example_dags/example_params_ui_tutorial.py for tasks to queue
[2024-08-25T00:33:26.037+0000] {logging_mixin.py:190} INFO - [2024-08-25T00:33:26.034+0000] {dagbag.py:587} INFO - Filling up the DagBag from /home/airflow/.local/lib/python3.12/site-packages/airflow/example_dags/example_params_ui_tutorial.py
[2024-08-25T00:33:26.145+0000] {processor.py:925} INFO - DAG(s) 'example_params_ui_tutorial' retrieved from /home/airflow/.local/lib/python3.12/site-packages/airflow/example_dags/example_params_ui_tutorial.py
[2024-08-25T00:33:26.945+0000] {logging_mixin.py:190} INFO - [2024-08-25T00:33:26.945+0000] {dag.py:3211} INFO - Sync 1 DAGs
[2024-08-25T00:33:27.148+0000] {logging_mixin.py:190} INFO - [2024-08-25T00:33:27.147+0000] {dag.py:4138} INFO - Setting next_dagrun for example_params_ui_tutorial to None, run_after=None
[2024-08-25T00:33:27.376+0000] {processor.py:208} INFO - Processing /home/airflow/.local/lib/python3.12/site-packages/airflow/example_dags/example_params_ui_tutorial.py took 1.486 seconds
[2024-08-25T00:34:15.374+0000] {processor.py:186} INFO - Started process (PID=813) to work on /home/airflow/.local/lib/python3.12/site-packages/airflow/example_dags/example_params_ui_tutorial.py
[2024-08-25T00:34:15.388+0000] {processor.py:914} INFO - Processing file /home/airflow/.local/lib/python3.12/site-packages/airflow/example_dags/example_params_ui_tutorial.py for tasks to queue
[2024-08-25T00:34:15.406+0000] {logging_mixin.py:190} INFO - [2024-08-25T00:34:15.405+0000] {dagbag.py:587} INFO - Filling up the DagBag from /home/airflow/.local/lib/python3.12/site-packages/airflow/example_dags/example_params_ui_tutorial.py
[2024-08-25T00:34:15.522+0000] {processor.py:925} INFO - DAG(s) 'example_params_ui_tutorial' retrieved from /home/airflow/.local/lib/python3.12/site-packages/airflow/example_dags/example_params_ui_tutorial.py
[2024-08-25T00:34:16.186+0000] {logging_mixin.py:190} INFO - [2024-08-25T00:34:16.185+0000] {dag.py:3211} INFO - Sync 1 DAGs
[2024-08-25T00:34:16.355+0000] {logging_mixin.py:190} INFO - [2024-08-25T00:34:16.353+0000] {dag.py:4138} INFO - Setting next_dagrun for example_params_ui_tutorial to None, run_after=None
[2024-08-25T00:34:16.562+0000] {processor.py:208} INFO - Processing /home/airflow/.local/lib/python3.12/site-packages/airflow/example_dags/example_params_ui_tutorial.py took 1.262 seconds
[2024-08-25T00:34:49.039+0000] {processor.py:186} INFO - Started process (PID=874) to work on /home/airflow/.local/lib/python3.12/site-packages/airflow/example_dags/example_params_ui_tutorial.py
[2024-08-25T00:34:49.044+0000] {processor.py:914} INFO - Processing file /home/airflow/.local/lib/python3.12/site-packages/airflow/example_dags/example_params_ui_tutorial.py for tasks to queue
[2024-08-25T00:34:49.051+0000] {logging_mixin.py:190} INFO - [2024-08-25T00:34:49.050+0000] {dagbag.py:587} INFO - Filling up the DagBag from /home/airflow/.local/lib/python3.12/site-packages/airflow/example_dags/example_params_ui_tutorial.py
[2024-08-25T00:34:49.104+0000] {processor.py:925} INFO - DAG(s) 'example_params_ui_tutorial' retrieved from /home/airflow/.local/lib/python3.12/site-packages/airflow/example_dags/example_params_ui_tutorial.py
[2024-08-25T00:34:49.575+0000] {logging_mixin.py:190} INFO - [2024-08-25T00:34:49.573+0000] {dag.py:3211} INFO - Sync 1 DAGs
[2024-08-25T00:34:49.732+0000] {logging_mixin.py:190} INFO - [2024-08-25T00:34:49.732+0000] {dag.py:4138} INFO - Setting next_dagrun for example_params_ui_tutorial to None, run_after=None
[2024-08-25T00:34:49.948+0000] {processor.py:208} INFO - Processing /home/airflow/.local/lib/python3.12/site-packages/airflow/example_dags/example_params_ui_tutorial.py took 0.936 seconds
[2024-08-25T00:35:20.692+0000] {processor.py:186} INFO - Started process (PID=936) to work on /home/airflow/.local/lib/python3.12/site-packages/airflow/example_dags/example_params_ui_tutorial.py
[2024-08-25T00:35:20.694+0000] {processor.py:914} INFO - Processing file /home/airflow/.local/lib/python3.12/site-packages/airflow/example_dags/example_params_ui_tutorial.py for tasks to queue
[2024-08-25T00:35:20.701+0000] {logging_mixin.py:190} INFO - [2024-08-25T00:35:20.700+0000] {dagbag.py:587} INFO - Filling up the DagBag from /home/airflow/.local/lib/python3.12/site-packages/airflow/example_dags/example_params_ui_tutorial.py
[2024-08-25T00:35:20.758+0000] {processor.py:925} INFO - DAG(s) 'example_params_ui_tutorial' retrieved from /home/airflow/.local/lib/python3.12/site-packages/airflow/example_dags/example_params_ui_tutorial.py
[2024-08-25T00:35:21.332+0000] {logging_mixin.py:190} INFO - [2024-08-25T00:35:21.332+0000] {dag.py:3211} INFO - Sync 1 DAGs
[2024-08-25T00:35:21.468+0000] {logging_mixin.py:190} INFO - [2024-08-25T00:35:21.467+0000] {dag.py:4138} INFO - Setting next_dagrun for example_params_ui_tutorial to None, run_after=None
[2024-08-25T00:35:21.602+0000] {processor.py:208} INFO - Processing /home/airflow/.local/lib/python3.12/site-packages/airflow/example_dags/example_params_ui_tutorial.py took 0.935 seconds
[2024-08-25T00:35:55.804+0000] {processor.py:186} INFO - Started process (PID=999) to work on /home/airflow/.local/lib/python3.12/site-packages/airflow/example_dags/example_params_ui_tutorial.py
[2024-08-25T00:35:55.808+0000] {processor.py:914} INFO - Processing file /home/airflow/.local/lib/python3.12/site-packages/airflow/example_dags/example_params_ui_tutorial.py for tasks to queue
[2024-08-25T00:35:55.819+0000] {logging_mixin.py:190} INFO - [2024-08-25T00:35:55.816+0000] {dagbag.py:587} INFO - Filling up the DagBag from /home/airflow/.local/lib/python3.12/site-packages/airflow/example_dags/example_params_ui_tutorial.py
[2024-08-25T00:35:55.859+0000] {processor.py:925} INFO - DAG(s) 'example_params_ui_tutorial' retrieved from /home/airflow/.local/lib/python3.12/site-packages/airflow/example_dags/example_params_ui_tutorial.py
[2024-08-25T00:35:56.124+0000] {logging_mixin.py:190} INFO - [2024-08-25T00:35:56.123+0000] {dag.py:3211} INFO - Sync 1 DAGs
[2024-08-25T00:35:56.285+0000] {logging_mixin.py:190} INFO - [2024-08-25T00:35:56.273+0000] {dag.py:4138} INFO - Setting next_dagrun for example_params_ui_tutorial to None, run_after=None
[2024-08-25T00:35:56.427+0000] {processor.py:208} INFO - Processing /home/airflow/.local/lib/python3.12/site-packages/airflow/example_dags/example_params_ui_tutorial.py took 0.648 seconds
[2024-08-25T00:36:28.497+0000] {processor.py:186} INFO - Started process (PID=1062) to work on /home/airflow/.local/lib/python3.12/site-packages/airflow/example_dags/example_params_ui_tutorial.py
[2024-08-25T00:36:28.523+0000] {processor.py:914} INFO - Processing file /home/airflow/.local/lib/python3.12/site-packages/airflow/example_dags/example_params_ui_tutorial.py for tasks to queue
[2024-08-25T00:36:28.532+0000] {logging_mixin.py:190} INFO - [2024-08-25T00:36:28.531+0000] {dagbag.py:587} INFO - Filling up the DagBag from /home/airflow/.local/lib/python3.12/site-packages/airflow/example_dags/example_params_ui_tutorial.py
[2024-08-25T00:36:28.598+0000] {processor.py:925} INFO - DAG(s) 'example_params_ui_tutorial' retrieved from /home/airflow/.local/lib/python3.12/site-packages/airflow/example_dags/example_params_ui_tutorial.py
[2024-08-25T00:36:28.855+0000] {logging_mixin.py:190} INFO - [2024-08-25T00:36:28.855+0000] {dag.py:3211} INFO - Sync 1 DAGs
[2024-08-25T00:36:28.948+0000] {logging_mixin.py:190} INFO - [2024-08-25T00:36:28.947+0000] {dag.py:4138} INFO - Setting next_dagrun for example_params_ui_tutorial to None, run_after=None
[2024-08-25T00:36:29.032+0000] {processor.py:208} INFO - Processing /home/airflow/.local/lib/python3.12/site-packages/airflow/example_dags/example_params_ui_tutorial.py took 0.592 seconds
[2024-08-25T00:37:00.577+0000] {processor.py:186} INFO - Started process (PID=1126) to work on /home/airflow/.local/lib/python3.12/site-packages/airflow/example_dags/example_params_ui_tutorial.py
[2024-08-25T00:37:00.589+0000] {processor.py:914} INFO - Processing file /home/airflow/.local/lib/python3.12/site-packages/airflow/example_dags/example_params_ui_tutorial.py for tasks to queue
[2024-08-25T00:37:00.595+0000] {logging_mixin.py:190} INFO - [2024-08-25T00:37:00.594+0000] {dagbag.py:587} INFO - Filling up the DagBag from /home/airflow/.local/lib/python3.12/site-packages/airflow/example_dags/example_params_ui_tutorial.py
[2024-08-25T00:37:00.688+0000] {processor.py:925} INFO - DAG(s) 'example_params_ui_tutorial' retrieved from /home/airflow/.local/lib/python3.12/site-packages/airflow/example_dags/example_params_ui_tutorial.py
[2024-08-25T00:37:01.090+0000] {logging_mixin.py:190} INFO - [2024-08-25T00:37:01.089+0000] {dag.py:3211} INFO - Sync 1 DAGs
[2024-08-25T00:37:01.212+0000] {logging_mixin.py:190} INFO - [2024-08-25T00:37:01.212+0000] {dag.py:4138} INFO - Setting next_dagrun for example_params_ui_tutorial to None, run_after=None
[2024-08-25T00:37:01.316+0000] {processor.py:208} INFO - Processing /home/airflow/.local/lib/python3.12/site-packages/airflow/example_dags/example_params_ui_tutorial.py took 0.782 seconds
[2024-08-25T00:37:32.213+0000] {processor.py:186} INFO - Started process (PID=1188) to work on /home/airflow/.local/lib/python3.12/site-packages/airflow/example_dags/example_params_ui_tutorial.py
[2024-08-25T00:37:32.217+0000] {processor.py:914} INFO - Processing file /home/airflow/.local/lib/python3.12/site-packages/airflow/example_dags/example_params_ui_tutorial.py for tasks to queue
[2024-08-25T00:37:32.223+0000] {logging_mixin.py:190} INFO - [2024-08-25T00:37:32.222+0000] {dagbag.py:587} INFO - Filling up the DagBag from /home/airflow/.local/lib/python3.12/site-packages/airflow/example_dags/example_params_ui_tutorial.py
[2024-08-25T00:37:32.254+0000] {processor.py:925} INFO - DAG(s) 'example_params_ui_tutorial' retrieved from /home/airflow/.local/lib/python3.12/site-packages/airflow/example_dags/example_params_ui_tutorial.py
[2024-08-25T00:37:32.418+0000] {logging_mixin.py:190} INFO - [2024-08-25T00:37:32.415+0000] {dag.py:3211} INFO - Sync 1 DAGs
[2024-08-25T00:37:32.509+0000] {logging_mixin.py:190} INFO - [2024-08-25T00:37:32.508+0000] {dag.py:4138} INFO - Setting next_dagrun for example_params_ui_tutorial to None, run_after=None
[2024-08-25T00:37:32.565+0000] {processor.py:208} INFO - Processing /home/airflow/.local/lib/python3.12/site-packages/airflow/example_dags/example_params_ui_tutorial.py took 0.372 seconds
[2024-08-25T00:38:02.764+0000] {processor.py:186} INFO - Started process (PID=1250) to work on /home/airflow/.local/lib/python3.12/site-packages/airflow/example_dags/example_params_ui_tutorial.py
[2024-08-25T00:38:02.770+0000] {processor.py:914} INFO - Processing file /home/airflow/.local/lib/python3.12/site-packages/airflow/example_dags/example_params_ui_tutorial.py for tasks to queue
[2024-08-25T00:38:02.774+0000] {logging_mixin.py:190} INFO - [2024-08-25T00:38:02.773+0000] {dagbag.py:587} INFO - Filling up the DagBag from /home/airflow/.local/lib/python3.12/site-packages/airflow/example_dags/example_params_ui_tutorial.py
[2024-08-25T00:38:02.827+0000] {processor.py:925} INFO - DAG(s) 'example_params_ui_tutorial' retrieved from /home/airflow/.local/lib/python3.12/site-packages/airflow/example_dags/example_params_ui_tutorial.py
[2024-08-25T00:38:03.125+0000] {logging_mixin.py:190} INFO - [2024-08-25T00:38:03.124+0000] {dag.py:3211} INFO - Sync 1 DAGs
[2024-08-25T00:38:03.184+0000] {logging_mixin.py:190} INFO - [2024-08-25T00:38:03.183+0000] {dag.py:4138} INFO - Setting next_dagrun for example_params_ui_tutorial to None, run_after=None
[2024-08-25T00:38:03.251+0000] {processor.py:208} INFO - Processing /home/airflow/.local/lib/python3.12/site-packages/airflow/example_dags/example_params_ui_tutorial.py took 0.514 seconds
[2024-08-25T00:38:37.234+0000] {processor.py:186} INFO - Started process (PID=1310) to work on /home/airflow/.local/lib/python3.12/site-packages/airflow/example_dags/example_params_ui_tutorial.py
[2024-08-25T00:38:37.236+0000] {processor.py:914} INFO - Processing file /home/airflow/.local/lib/python3.12/site-packages/airflow/example_dags/example_params_ui_tutorial.py for tasks to queue
[2024-08-25T00:38:37.250+0000] {logging_mixin.py:190} INFO - [2024-08-25T00:38:37.244+0000] {dagbag.py:587} INFO - Filling up the DagBag from /home/airflow/.local/lib/python3.12/site-packages/airflow/example_dags/example_params_ui_tutorial.py
[2024-08-25T00:38:37.311+0000] {processor.py:925} INFO - DAG(s) 'example_params_ui_tutorial' retrieved from /home/airflow/.local/lib/python3.12/site-packages/airflow/example_dags/example_params_ui_tutorial.py
[2024-08-25T00:38:37.956+0000] {logging_mixin.py:190} INFO - [2024-08-25T00:38:37.955+0000] {dag.py:3211} INFO - Sync 1 DAGs
[2024-08-25T00:38:38.185+0000] {logging_mixin.py:190} INFO - [2024-08-25T00:38:38.184+0000] {dag.py:4138} INFO - Setting next_dagrun for example_params_ui_tutorial to None, run_after=None
[2024-08-25T00:38:38.288+0000] {processor.py:208} INFO - Processing /home/airflow/.local/lib/python3.12/site-packages/airflow/example_dags/example_params_ui_tutorial.py took 1.094 seconds
[2024-08-25T00:39:08.752+0000] {processor.py:186} INFO - Started process (PID=1379) to work on /home/airflow/.local/lib/python3.12/site-packages/airflow/example_dags/example_params_ui_tutorial.py
[2024-08-25T00:39:08.755+0000] {processor.py:914} INFO - Processing file /home/airflow/.local/lib/python3.12/site-packages/airflow/example_dags/example_params_ui_tutorial.py for tasks to queue
[2024-08-25T00:39:08.769+0000] {logging_mixin.py:190} INFO - [2024-08-25T00:39:08.768+0000] {dagbag.py:587} INFO - Filling up the DagBag from /home/airflow/.local/lib/python3.12/site-packages/airflow/example_dags/example_params_ui_tutorial.py
[2024-08-25T00:39:08.847+0000] {processor.py:925} INFO - DAG(s) 'example_params_ui_tutorial' retrieved from /home/airflow/.local/lib/python3.12/site-packages/airflow/example_dags/example_params_ui_tutorial.py
[2024-08-25T00:39:09.211+0000] {logging_mixin.py:190} INFO - [2024-08-25T00:39:09.210+0000] {dag.py:3211} INFO - Sync 1 DAGs
[2024-08-25T00:39:09.432+0000] {logging_mixin.py:190} INFO - [2024-08-25T00:39:09.431+0000] {dag.py:4138} INFO - Setting next_dagrun for example_params_ui_tutorial to None, run_after=None
[2024-08-25T00:39:09.529+0000] {processor.py:208} INFO - Processing /home/airflow/.local/lib/python3.12/site-packages/airflow/example_dags/example_params_ui_tutorial.py took 0.804 seconds
[2024-08-25T00:39:39.698+0000] {processor.py:186} INFO - Started process (PID=1440) to work on /home/airflow/.local/lib/python3.12/site-packages/airflow/example_dags/example_params_ui_tutorial.py
[2024-08-25T00:39:39.700+0000] {processor.py:914} INFO - Processing file /home/airflow/.local/lib/python3.12/site-packages/airflow/example_dags/example_params_ui_tutorial.py for tasks to queue
[2024-08-25T00:39:39.703+0000] {logging_mixin.py:190} INFO - [2024-08-25T00:39:39.702+0000] {dagbag.py:587} INFO - Filling up the DagBag from /home/airflow/.local/lib/python3.12/site-packages/airflow/example_dags/example_params_ui_tutorial.py
[2024-08-25T00:39:39.727+0000] {processor.py:925} INFO - DAG(s) 'example_params_ui_tutorial' retrieved from /home/airflow/.local/lib/python3.12/site-packages/airflow/example_dags/example_params_ui_tutorial.py
[2024-08-25T00:39:39.901+0000] {logging_mixin.py:190} INFO - [2024-08-25T00:39:39.900+0000] {dag.py:3211} INFO - Sync 1 DAGs
[2024-08-25T00:39:39.946+0000] {logging_mixin.py:190} INFO - [2024-08-25T00:39:39.946+0000] {dag.py:4138} INFO - Setting next_dagrun for example_params_ui_tutorial to None, run_after=None
[2024-08-25T00:39:39.983+0000] {processor.py:208} INFO - Processing /home/airflow/.local/lib/python3.12/site-packages/airflow/example_dags/example_params_ui_tutorial.py took 0.299 seconds
[2024-08-25T00:40:10.225+0000] {processor.py:186} INFO - Started process (PID=1502) to work on /home/airflow/.local/lib/python3.12/site-packages/airflow/example_dags/example_params_ui_tutorial.py
[2024-08-25T00:40:10.228+0000] {processor.py:914} INFO - Processing file /home/airflow/.local/lib/python3.12/site-packages/airflow/example_dags/example_params_ui_tutorial.py for tasks to queue
[2024-08-25T00:40:10.231+0000] {logging_mixin.py:190} INFO - [2024-08-25T00:40:10.231+0000] {dagbag.py:587} INFO - Filling up the DagBag from /home/airflow/.local/lib/python3.12/site-packages/airflow/example_dags/example_params_ui_tutorial.py
[2024-08-25T00:40:10.252+0000] {processor.py:925} INFO - DAG(s) 'example_params_ui_tutorial' retrieved from /home/airflow/.local/lib/python3.12/site-packages/airflow/example_dags/example_params_ui_tutorial.py
[2024-08-25T00:40:10.488+0000] {logging_mixin.py:190} INFO - [2024-08-25T00:40:10.487+0000] {dag.py:3211} INFO - Sync 1 DAGs
[2024-08-25T00:40:10.546+0000] {logging_mixin.py:190} INFO - [2024-08-25T00:40:10.546+0000] {dag.py:4138} INFO - Setting next_dagrun for example_params_ui_tutorial to None, run_after=None
[2024-08-25T00:40:10.646+0000] {processor.py:208} INFO - Processing /home/airflow/.local/lib/python3.12/site-packages/airflow/example_dags/example_params_ui_tutorial.py took 0.445 seconds
[2024-08-25T00:40:40.773+0000] {processor.py:186} INFO - Started process (PID=1564) to work on /home/airflow/.local/lib/python3.12/site-packages/airflow/example_dags/example_params_ui_tutorial.py
[2024-08-25T00:40:40.779+0000] {processor.py:914} INFO - Processing file /home/airflow/.local/lib/python3.12/site-packages/airflow/example_dags/example_params_ui_tutorial.py for tasks to queue
[2024-08-25T00:40:40.788+0000] {logging_mixin.py:190} INFO - [2024-08-25T00:40:40.787+0000] {dagbag.py:587} INFO - Filling up the DagBag from /home/airflow/.local/lib/python3.12/site-packages/airflow/example_dags/example_params_ui_tutorial.py
[2024-08-25T00:40:40.855+0000] {processor.py:925} INFO - DAG(s) 'example_params_ui_tutorial' retrieved from /home/airflow/.local/lib/python3.12/site-packages/airflow/example_dags/example_params_ui_tutorial.py
[2024-08-25T00:40:41.067+0000] {logging_mixin.py:190} INFO - [2024-08-25T00:40:41.067+0000] {dag.py:3211} INFO - Sync 1 DAGs
[2024-08-25T00:40:41.127+0000] {logging_mixin.py:190} INFO - [2024-08-25T00:40:41.127+0000] {dag.py:4138} INFO - Setting next_dagrun for example_params_ui_tutorial to None, run_after=None
[2024-08-25T00:40:41.164+0000] {processor.py:208} INFO - Processing /home/airflow/.local/lib/python3.12/site-packages/airflow/example_dags/example_params_ui_tutorial.py took 0.425 seconds
[2024-08-25T00:41:13.803+0000] {processor.py:186} INFO - Started process (PID=1626) to work on /home/airflow/.local/lib/python3.12/site-packages/airflow/example_dags/example_params_ui_tutorial.py
[2024-08-25T00:41:13.806+0000] {processor.py:914} INFO - Processing file /home/airflow/.local/lib/python3.12/site-packages/airflow/example_dags/example_params_ui_tutorial.py for tasks to queue
[2024-08-25T00:41:13.818+0000] {logging_mixin.py:190} INFO - [2024-08-25T00:41:13.817+0000] {dagbag.py:587} INFO - Filling up the DagBag from /home/airflow/.local/lib/python3.12/site-packages/airflow/example_dags/example_params_ui_tutorial.py
[2024-08-25T00:41:13.922+0000] {processor.py:925} INFO - DAG(s) 'example_params_ui_tutorial' retrieved from /home/airflow/.local/lib/python3.12/site-packages/airflow/example_dags/example_params_ui_tutorial.py
[2024-08-25T00:41:14.535+0000] {logging_mixin.py:190} INFO - [2024-08-25T00:41:14.534+0000] {dag.py:3211} INFO - Sync 1 DAGs
[2024-08-25T00:41:14.716+0000] {logging_mixin.py:190} INFO - [2024-08-25T00:41:14.715+0000] {dag.py:4138} INFO - Setting next_dagrun for example_params_ui_tutorial to None, run_after=None
[2024-08-25T00:41:14.965+0000] {processor.py:208} INFO - Processing /home/airflow/.local/lib/python3.12/site-packages/airflow/example_dags/example_params_ui_tutorial.py took 1.198 seconds
[2024-08-25T00:41:45.185+0000] {processor.py:186} INFO - Started process (PID=1689) to work on /home/airflow/.local/lib/python3.12/site-packages/airflow/example_dags/example_params_ui_tutorial.py
[2024-08-25T00:41:45.188+0000] {processor.py:914} INFO - Processing file /home/airflow/.local/lib/python3.12/site-packages/airflow/example_dags/example_params_ui_tutorial.py for tasks to queue
[2024-08-25T00:41:45.192+0000] {logging_mixin.py:190} INFO - [2024-08-25T00:41:45.191+0000] {dagbag.py:587} INFO - Filling up the DagBag from /home/airflow/.local/lib/python3.12/site-packages/airflow/example_dags/example_params_ui_tutorial.py
[2024-08-25T00:41:45.220+0000] {processor.py:925} INFO - DAG(s) 'example_params_ui_tutorial' retrieved from /home/airflow/.local/lib/python3.12/site-packages/airflow/example_dags/example_params_ui_tutorial.py
[2024-08-25T00:41:45.421+0000] {logging_mixin.py:190} INFO - [2024-08-25T00:41:45.420+0000] {dag.py:3211} INFO - Sync 1 DAGs
[2024-08-25T00:41:45.523+0000] {logging_mixin.py:190} INFO - [2024-08-25T00:41:45.522+0000] {dag.py:4138} INFO - Setting next_dagrun for example_params_ui_tutorial to None, run_after=None
[2024-08-25T00:41:45.572+0000] {processor.py:208} INFO - Processing /home/airflow/.local/lib/python3.12/site-packages/airflow/example_dags/example_params_ui_tutorial.py took 0.406 seconds
