[2024-08-25T00:00:14.472+0000] {processor.py:186} INFO - Started process (PID=38532) to work on /home/airflow/.local/lib/python3.12/site-packages/airflow/example_dags/example_xcomargs.py
[2024-08-25T00:00:14.486+0000] {processor.py:914} INFO - Processing file /home/airflow/.local/lib/python3.12/site-packages/airflow/example_dags/example_xcomargs.py for tasks to queue
[2024-08-25T00:00:14.508+0000] {logging_mixin.py:190} INFO - [2024-08-25T00:00:14.508+0000] {dagbag.py:587} INFO - Filling up the DagBag from /home/airflow/.local/lib/python3.12/site-packages/airflow/example_dags/example_xcomargs.py
[2024-08-25T00:00:14.599+0000] {processor.py:925} INFO - DAG(s) 'example_xcom_args_with_operators', 'example_xcom_args' retrieved from /home/airflow/.local/lib/python3.12/site-packages/airflow/example_dags/example_xcomargs.py
[2024-08-25T00:00:14.772+0000] {logging_mixin.py:190} INFO - [2024-08-25T00:00:14.761+0000] {dag.py:3211} INFO - Sync 2 DAGs
[2024-08-25T00:00:14.893+0000] {logging_mixin.py:190} INFO - [2024-08-25T00:00:14.889+0000] {dag.py:4138} INFO - Setting next_dagrun for example_xcom_args to None, run_after=None
[2024-08-25T00:00:14.934+0000] {logging_mixin.py:190} INFO - [2024-08-25T00:00:14.933+0000] {dag.py:4138} INFO - Setting next_dagrun for example_xcom_args_with_operators to None, run_after=None
[2024-08-25T00:00:15.057+0000] {processor.py:208} INFO - Processing /home/airflow/.local/lib/python3.12/site-packages/airflow/example_dags/example_xcomargs.py took 0.632 seconds
[2024-08-25T00:05:55.728+0000] {processor.py:186} INFO - Started process (PID=96) to work on /home/airflow/.local/lib/python3.12/site-packages/airflow/example_dags/example_xcomargs.py
[2024-08-25T00:05:55.736+0000] {processor.py:914} INFO - Processing file /home/airflow/.local/lib/python3.12/site-packages/airflow/example_dags/example_xcomargs.py for tasks to queue
[2024-08-25T00:05:55.743+0000] {logging_mixin.py:190} INFO - [2024-08-25T00:05:55.743+0000] {dagbag.py:587} INFO - Filling up the DagBag from /home/airflow/.local/lib/python3.12/site-packages/airflow/example_dags/example_xcomargs.py
[2024-08-25T00:05:55.789+0000] {processor.py:925} INFO - DAG(s) 'example_xcom_args', 'example_xcom_args_with_operators' retrieved from /home/airflow/.local/lib/python3.12/site-packages/airflow/example_dags/example_xcomargs.py
[2024-08-25T00:05:55.866+0000] {logging_mixin.py:190} INFO - [2024-08-25T00:05:55.865+0000] {dag.py:3211} INFO - Sync 2 DAGs
[2024-08-25T00:05:55.919+0000] {logging_mixin.py:190} INFO - [2024-08-25T00:05:55.918+0000] {dag.py:4138} INFO - Setting next_dagrun for example_xcom_args to None, run_after=None
[2024-08-25T00:05:55.930+0000] {logging_mixin.py:190} INFO - [2024-08-25T00:05:55.929+0000] {dag.py:4138} INFO - Setting next_dagrun for example_xcom_args_with_operators to None, run_after=None
[2024-08-25T00:05:55.998+0000] {processor.py:208} INFO - Processing /home/airflow/.local/lib/python3.12/site-packages/airflow/example_dags/example_xcomargs.py took 0.304 seconds
[2024-08-25T00:06:39.164+0000] {processor.py:186} INFO - Started process (PID=164) to work on /home/airflow/.local/lib/python3.12/site-packages/airflow/example_dags/example_xcomargs.py
[2024-08-25T00:06:39.259+0000] {processor.py:914} INFO - Processing file /home/airflow/.local/lib/python3.12/site-packages/airflow/example_dags/example_xcomargs.py for tasks to queue
[2024-08-25T00:06:39.381+0000] {logging_mixin.py:190} INFO - [2024-08-25T00:06:39.380+0000] {dagbag.py:587} INFO - Filling up the DagBag from /home/airflow/.local/lib/python3.12/site-packages/airflow/example_dags/example_xcomargs.py
[2024-08-25T00:06:39.494+0000] {processor.py:925} INFO - DAG(s) 'example_xcom_args', 'example_xcom_args_with_operators' retrieved from /home/airflow/.local/lib/python3.12/site-packages/airflow/example_dags/example_xcomargs.py
[2024-08-25T00:06:39.815+0000] {logging_mixin.py:190} INFO - [2024-08-25T00:06:39.814+0000] {dag.py:3211} INFO - Sync 2 DAGs
[2024-08-25T00:06:40.051+0000] {logging_mixin.py:190} INFO - [2024-08-25T00:06:40.050+0000] {dag.py:4138} INFO - Setting next_dagrun for example_xcom_args to None, run_after=None
[2024-08-25T00:06:40.281+0000] {logging_mixin.py:190} INFO - [2024-08-25T00:06:40.280+0000] {dag.py:4138} INFO - Setting next_dagrun for example_xcom_args_with_operators to None, run_after=None
[2024-08-25T00:06:40.671+0000] {processor.py:208} INFO - Processing /home/airflow/.local/lib/python3.12/site-packages/airflow/example_dags/example_xcomargs.py took 1.556 seconds
[2024-08-25T00:07:22.981+0000] {processor.py:186} INFO - Started process (PID=229) to work on /home/airflow/.local/lib/python3.12/site-packages/airflow/example_dags/example_xcomargs.py
[2024-08-25T00:07:22.985+0000] {processor.py:914} INFO - Processing file /home/airflow/.local/lib/python3.12/site-packages/airflow/example_dags/example_xcomargs.py for tasks to queue
[2024-08-25T00:07:22.993+0000] {logging_mixin.py:190} INFO - [2024-08-25T00:07:22.992+0000] {dagbag.py:587} INFO - Filling up the DagBag from /home/airflow/.local/lib/python3.12/site-packages/airflow/example_dags/example_xcomargs.py
[2024-08-25T00:07:23.056+0000] {processor.py:925} INFO - DAG(s) 'example_xcom_args', 'example_xcom_args_with_operators' retrieved from /home/airflow/.local/lib/python3.12/site-packages/airflow/example_dags/example_xcomargs.py
[2024-08-25T00:07:23.158+0000] {logging_mixin.py:190} INFO - [2024-08-25T00:07:23.157+0000] {dag.py:3211} INFO - Sync 2 DAGs
[2024-08-25T00:07:23.218+0000] {logging_mixin.py:190} INFO - [2024-08-25T00:07:23.218+0000] {dag.py:4138} INFO - Setting next_dagrun for example_xcom_args to None, run_after=None
[2024-08-25T00:07:23.239+0000] {logging_mixin.py:190} INFO - [2024-08-25T00:07:23.238+0000] {dag.py:4138} INFO - Setting next_dagrun for example_xcom_args_with_operators to None, run_after=None
[2024-08-25T00:07:23.334+0000] {processor.py:208} INFO - Processing /home/airflow/.local/lib/python3.12/site-packages/airflow/example_dags/example_xcomargs.py took 0.384 seconds
[2024-08-25T00:07:56.670+0000] {processor.py:186} INFO - Started process (PID=291) to work on /home/airflow/.local/lib/python3.12/site-packages/airflow/example_dags/example_xcomargs.py
[2024-08-25T00:07:56.679+0000] {processor.py:914} INFO - Processing file /home/airflow/.local/lib/python3.12/site-packages/airflow/example_dags/example_xcomargs.py for tasks to queue
[2024-08-25T00:07:56.686+0000] {logging_mixin.py:190} INFO - [2024-08-25T00:07:56.684+0000] {dagbag.py:587} INFO - Filling up the DagBag from /home/airflow/.local/lib/python3.12/site-packages/airflow/example_dags/example_xcomargs.py
[2024-08-25T00:07:56.721+0000] {processor.py:925} INFO - DAG(s) 'example_xcom_args', 'example_xcom_args_with_operators' retrieved from /home/airflow/.local/lib/python3.12/site-packages/airflow/example_dags/example_xcomargs.py
[2024-08-25T00:07:56.820+0000] {logging_mixin.py:190} INFO - [2024-08-25T00:07:56.819+0000] {dag.py:3211} INFO - Sync 2 DAGs
[2024-08-25T00:07:56.873+0000] {logging_mixin.py:190} INFO - [2024-08-25T00:07:56.872+0000] {dag.py:4138} INFO - Setting next_dagrun for example_xcom_args to None, run_after=None
[2024-08-25T00:07:56.887+0000] {logging_mixin.py:190} INFO - [2024-08-25T00:07:56.886+0000] {dag.py:4138} INFO - Setting next_dagrun for example_xcom_args_with_operators to None, run_after=None
[2024-08-25T00:07:56.937+0000] {processor.py:208} INFO - Processing /home/airflow/.local/lib/python3.12/site-packages/airflow/example_dags/example_xcomargs.py took 0.290 seconds
[2024-08-25T00:08:29.055+0000] {processor.py:186} INFO - Started process (PID=360) to work on /home/airflow/.local/lib/python3.12/site-packages/airflow/example_dags/example_xcomargs.py
[2024-08-25T00:08:29.063+0000] {processor.py:914} INFO - Processing file /home/airflow/.local/lib/python3.12/site-packages/airflow/example_dags/example_xcomargs.py for tasks to queue
[2024-08-25T00:08:29.116+0000] {logging_mixin.py:190} INFO - [2024-08-25T00:08:29.113+0000] {dagbag.py:587} INFO - Filling up the DagBag from /home/airflow/.local/lib/python3.12/site-packages/airflow/example_dags/example_xcomargs.py
[2024-08-25T00:08:29.271+0000] {processor.py:925} INFO - DAG(s) 'example_xcom_args_with_operators', 'example_xcom_args' retrieved from /home/airflow/.local/lib/python3.12/site-packages/airflow/example_dags/example_xcomargs.py
[2024-08-25T00:08:29.624+0000] {logging_mixin.py:190} INFO - [2024-08-25T00:08:29.624+0000] {dag.py:3211} INFO - Sync 2 DAGs
[2024-08-25T00:08:29.763+0000] {logging_mixin.py:190} INFO - [2024-08-25T00:08:29.762+0000] {dag.py:4138} INFO - Setting next_dagrun for example_xcom_args to None, run_after=None
[2024-08-25T00:08:29.823+0000] {logging_mixin.py:190} INFO - [2024-08-25T00:08:29.823+0000] {dag.py:4138} INFO - Setting next_dagrun for example_xcom_args_with_operators to None, run_after=None
[2024-08-25T00:08:29.948+0000] {processor.py:208} INFO - Processing /home/airflow/.local/lib/python3.12/site-packages/airflow/example_dags/example_xcomargs.py took 0.948 seconds
[2024-08-25T00:09:00.395+0000] {processor.py:186} INFO - Started process (PID=423) to work on /home/airflow/.local/lib/python3.12/site-packages/airflow/example_dags/example_xcomargs.py
[2024-08-25T00:09:00.398+0000] {processor.py:914} INFO - Processing file /home/airflow/.local/lib/python3.12/site-packages/airflow/example_dags/example_xcomargs.py for tasks to queue
[2024-08-25T00:09:00.406+0000] {logging_mixin.py:190} INFO - [2024-08-25T00:09:00.405+0000] {dagbag.py:587} INFO - Filling up the DagBag from /home/airflow/.local/lib/python3.12/site-packages/airflow/example_dags/example_xcomargs.py
[2024-08-25T00:09:00.466+0000] {processor.py:925} INFO - DAG(s) 'example_xcom_args_with_operators', 'example_xcom_args' retrieved from /home/airflow/.local/lib/python3.12/site-packages/airflow/example_dags/example_xcomargs.py
[2024-08-25T00:09:00.603+0000] {logging_mixin.py:190} INFO - [2024-08-25T00:09:00.602+0000] {dag.py:3211} INFO - Sync 2 DAGs
[2024-08-25T00:09:00.699+0000] {logging_mixin.py:190} INFO - [2024-08-25T00:09:00.698+0000] {dag.py:4138} INFO - Setting next_dagrun for example_xcom_args to None, run_after=None
[2024-08-25T00:09:00.718+0000] {logging_mixin.py:190} INFO - [2024-08-25T00:09:00.717+0000] {dag.py:4138} INFO - Setting next_dagrun for example_xcom_args_with_operators to None, run_after=None
[2024-08-25T00:09:00.803+0000] {processor.py:208} INFO - Processing /home/airflow/.local/lib/python3.12/site-packages/airflow/example_dags/example_xcomargs.py took 0.443 seconds
[2024-08-25T00:09:31.093+0000] {processor.py:186} INFO - Started process (PID=487) to work on /home/airflow/.local/lib/python3.12/site-packages/airflow/example_dags/example_xcomargs.py
[2024-08-25T00:09:31.095+0000] {processor.py:914} INFO - Processing file /home/airflow/.local/lib/python3.12/site-packages/airflow/example_dags/example_xcomargs.py for tasks to queue
[2024-08-25T00:09:31.112+0000] {logging_mixin.py:190} INFO - [2024-08-25T00:09:31.111+0000] {dagbag.py:587} INFO - Filling up the DagBag from /home/airflow/.local/lib/python3.12/site-packages/airflow/example_dags/example_xcomargs.py
[2024-08-25T00:09:31.188+0000] {processor.py:925} INFO - DAG(s) 'example_xcom_args_with_operators', 'example_xcom_args' retrieved from /home/airflow/.local/lib/python3.12/site-packages/airflow/example_dags/example_xcomargs.py
[2024-08-25T00:09:31.285+0000] {logging_mixin.py:190} INFO - [2024-08-25T00:09:31.285+0000] {dag.py:3211} INFO - Sync 2 DAGs
[2024-08-25T00:09:31.335+0000] {logging_mixin.py:190} INFO - [2024-08-25T00:09:31.334+0000] {dag.py:4138} INFO - Setting next_dagrun for example_xcom_args to None, run_after=None
[2024-08-25T00:09:31.349+0000] {logging_mixin.py:190} INFO - [2024-08-25T00:09:31.348+0000] {dag.py:4138} INFO - Setting next_dagrun for example_xcom_args_with_operators to None, run_after=None
[2024-08-25T00:09:31.509+0000] {processor.py:208} INFO - Processing /home/airflow/.local/lib/python3.12/site-packages/airflow/example_dags/example_xcomargs.py took 0.457 seconds
[2024-08-25T00:10:02.627+0000] {processor.py:186} INFO - Started process (PID=550) to work on /home/airflow/.local/lib/python3.12/site-packages/airflow/example_dags/example_xcomargs.py
[2024-08-25T00:10:02.629+0000] {processor.py:914} INFO - Processing file /home/airflow/.local/lib/python3.12/site-packages/airflow/example_dags/example_xcomargs.py for tasks to queue
[2024-08-25T00:10:02.641+0000] {logging_mixin.py:190} INFO - [2024-08-25T00:10:02.640+0000] {dagbag.py:587} INFO - Filling up the DagBag from /home/airflow/.local/lib/python3.12/site-packages/airflow/example_dags/example_xcomargs.py
[2024-08-25T00:10:02.710+0000] {processor.py:925} INFO - DAG(s) 'example_xcom_args_with_operators', 'example_xcom_args' retrieved from /home/airflow/.local/lib/python3.12/site-packages/airflow/example_dags/example_xcomargs.py
[2024-08-25T00:10:02.841+0000] {logging_mixin.py:190} INFO - [2024-08-25T00:10:02.841+0000] {dag.py:3211} INFO - Sync 2 DAGs
[2024-08-25T00:10:02.889+0000] {logging_mixin.py:190} INFO - [2024-08-25T00:10:02.888+0000] {dag.py:4138} INFO - Setting next_dagrun for example_xcom_args to None, run_after=None
[2024-08-25T00:10:02.900+0000] {logging_mixin.py:190} INFO - [2024-08-25T00:10:02.898+0000] {dag.py:4138} INFO - Setting next_dagrun for example_xcom_args_with_operators to None, run_after=None
[2024-08-25T00:10:02.944+0000] {processor.py:208} INFO - Processing /home/airflow/.local/lib/python3.12/site-packages/airflow/example_dags/example_xcomargs.py took 0.348 seconds
[2024-08-25T00:10:34.667+0000] {processor.py:186} INFO - Started process (PID=613) to work on /home/airflow/.local/lib/python3.12/site-packages/airflow/example_dags/example_xcomargs.py
[2024-08-25T00:10:34.673+0000] {processor.py:914} INFO - Processing file /home/airflow/.local/lib/python3.12/site-packages/airflow/example_dags/example_xcomargs.py for tasks to queue
[2024-08-25T00:10:34.743+0000] {logging_mixin.py:190} INFO - [2024-08-25T00:10:34.742+0000] {dagbag.py:587} INFO - Filling up the DagBag from /home/airflow/.local/lib/python3.12/site-packages/airflow/example_dags/example_xcomargs.py
[2024-08-25T00:10:34.917+0000] {processor.py:925} INFO - DAG(s) 'example_xcom_args', 'example_xcom_args_with_operators' retrieved from /home/airflow/.local/lib/python3.12/site-packages/airflow/example_dags/example_xcomargs.py
[2024-08-25T00:10:35.130+0000] {logging_mixin.py:190} INFO - [2024-08-25T00:10:35.129+0000] {dag.py:3211} INFO - Sync 2 DAGs
[2024-08-25T00:10:35.261+0000] {logging_mixin.py:190} INFO - [2024-08-25T00:10:35.260+0000] {dag.py:4138} INFO - Setting next_dagrun for example_xcom_args to None, run_after=None
[2024-08-25T00:10:35.293+0000] {logging_mixin.py:190} INFO - [2024-08-25T00:10:35.292+0000] {dag.py:4138} INFO - Setting next_dagrun for example_xcom_args_with_operators to None, run_after=None
[2024-08-25T00:10:35.433+0000] {processor.py:208} INFO - Processing /home/airflow/.local/lib/python3.12/site-packages/airflow/example_dags/example_xcomargs.py took 0.881 seconds
[2024-08-25T00:11:05.658+0000] {processor.py:186} INFO - Started process (PID=675) to work on /home/airflow/.local/lib/python3.12/site-packages/airflow/example_dags/example_xcomargs.py
[2024-08-25T00:11:05.660+0000] {processor.py:914} INFO - Processing file /home/airflow/.local/lib/python3.12/site-packages/airflow/example_dags/example_xcomargs.py for tasks to queue
[2024-08-25T00:11:05.668+0000] {logging_mixin.py:190} INFO - [2024-08-25T00:11:05.667+0000] {dagbag.py:587} INFO - Filling up the DagBag from /home/airflow/.local/lib/python3.12/site-packages/airflow/example_dags/example_xcomargs.py
[2024-08-25T00:11:05.702+0000] {processor.py:925} INFO - DAG(s) 'example_xcom_args', 'example_xcom_args_with_operators' retrieved from /home/airflow/.local/lib/python3.12/site-packages/airflow/example_dags/example_xcomargs.py
[2024-08-25T00:11:05.840+0000] {logging_mixin.py:190} INFO - [2024-08-25T00:11:05.839+0000] {dag.py:3211} INFO - Sync 2 DAGs
[2024-08-25T00:11:05.909+0000] {logging_mixin.py:190} INFO - [2024-08-25T00:11:05.909+0000] {dag.py:4138} INFO - Setting next_dagrun for example_xcom_args to None, run_after=None
[2024-08-25T00:11:05.925+0000] {logging_mixin.py:190} INFO - [2024-08-25T00:11:05.924+0000] {dag.py:4138} INFO - Setting next_dagrun for example_xcom_args_with_operators to None, run_after=None
[2024-08-25T00:11:06.020+0000] {processor.py:208} INFO - Processing /home/airflow/.local/lib/python3.12/site-packages/airflow/example_dags/example_xcomargs.py took 0.382 seconds
[2024-08-25T00:11:36.295+0000] {processor.py:186} INFO - Started process (PID=738) to work on /home/airflow/.local/lib/python3.12/site-packages/airflow/example_dags/example_xcomargs.py
[2024-08-25T00:11:36.297+0000] {processor.py:914} INFO - Processing file /home/airflow/.local/lib/python3.12/site-packages/airflow/example_dags/example_xcomargs.py for tasks to queue
[2024-08-25T00:11:36.302+0000] {logging_mixin.py:190} INFO - [2024-08-25T00:11:36.301+0000] {dagbag.py:587} INFO - Filling up the DagBag from /home/airflow/.local/lib/python3.12/site-packages/airflow/example_dags/example_xcomargs.py
[2024-08-25T00:11:36.331+0000] {processor.py:925} INFO - DAG(s) 'example_xcom_args_with_operators', 'example_xcom_args' retrieved from /home/airflow/.local/lib/python3.12/site-packages/airflow/example_dags/example_xcomargs.py
[2024-08-25T00:11:36.387+0000] {logging_mixin.py:190} INFO - [2024-08-25T00:11:36.386+0000] {dag.py:3211} INFO - Sync 2 DAGs
[2024-08-25T00:11:36.427+0000] {logging_mixin.py:190} INFO - [2024-08-25T00:11:36.426+0000] {dag.py:4138} INFO - Setting next_dagrun for example_xcom_args to None, run_after=None
[2024-08-25T00:11:36.436+0000] {logging_mixin.py:190} INFO - [2024-08-25T00:11:36.436+0000] {dag.py:4138} INFO - Setting next_dagrun for example_xcom_args_with_operators to None, run_after=None
[2024-08-25T00:11:36.471+0000] {processor.py:208} INFO - Processing /home/airflow/.local/lib/python3.12/site-packages/airflow/example_dags/example_xcomargs.py took 0.192 seconds
[2024-08-25T00:12:06.818+0000] {processor.py:186} INFO - Started process (PID=802) to work on /home/airflow/.local/lib/python3.12/site-packages/airflow/example_dags/example_xcomargs.py
[2024-08-25T00:12:06.821+0000] {processor.py:914} INFO - Processing file /home/airflow/.local/lib/python3.12/site-packages/airflow/example_dags/example_xcomargs.py for tasks to queue
[2024-08-25T00:12:06.828+0000] {logging_mixin.py:190} INFO - [2024-08-25T00:12:06.827+0000] {dagbag.py:587} INFO - Filling up the DagBag from /home/airflow/.local/lib/python3.12/site-packages/airflow/example_dags/example_xcomargs.py
[2024-08-25T00:12:06.870+0000] {processor.py:925} INFO - DAG(s) 'example_xcom_args', 'example_xcom_args_with_operators' retrieved from /home/airflow/.local/lib/python3.12/site-packages/airflow/example_dags/example_xcomargs.py
[2024-08-25T00:12:06.951+0000] {logging_mixin.py:190} INFO - [2024-08-25T00:12:06.950+0000] {dag.py:3211} INFO - Sync 2 DAGs
[2024-08-25T00:12:07.006+0000] {logging_mixin.py:190} INFO - [2024-08-25T00:12:07.005+0000] {dag.py:4138} INFO - Setting next_dagrun for example_xcom_args to None, run_after=None
[2024-08-25T00:12:07.024+0000] {logging_mixin.py:190} INFO - [2024-08-25T00:12:07.023+0000] {dag.py:4138} INFO - Setting next_dagrun for example_xcom_args_with_operators to None, run_after=None
[2024-08-25T00:12:07.057+0000] {processor.py:208} INFO - Processing /home/airflow/.local/lib/python3.12/site-packages/airflow/example_dags/example_xcomargs.py took 0.263 seconds
[2024-08-25T00:12:37.373+0000] {processor.py:186} INFO - Started process (PID=865) to work on /home/airflow/.local/lib/python3.12/site-packages/airflow/example_dags/example_xcomargs.py
[2024-08-25T00:12:37.374+0000] {processor.py:914} INFO - Processing file /home/airflow/.local/lib/python3.12/site-packages/airflow/example_dags/example_xcomargs.py for tasks to queue
[2024-08-25T00:12:37.380+0000] {logging_mixin.py:190} INFO - [2024-08-25T00:12:37.379+0000] {dagbag.py:587} INFO - Filling up the DagBag from /home/airflow/.local/lib/python3.12/site-packages/airflow/example_dags/example_xcomargs.py
[2024-08-25T00:12:37.406+0000] {processor.py:925} INFO - DAG(s) 'example_xcom_args', 'example_xcom_args_with_operators' retrieved from /home/airflow/.local/lib/python3.12/site-packages/airflow/example_dags/example_xcomargs.py
[2024-08-25T00:12:37.465+0000] {logging_mixin.py:190} INFO - [2024-08-25T00:12:37.464+0000] {dag.py:3211} INFO - Sync 2 DAGs
[2024-08-25T00:12:37.509+0000] {logging_mixin.py:190} INFO - [2024-08-25T00:12:37.509+0000] {dag.py:4138} INFO - Setting next_dagrun for example_xcom_args to None, run_after=None
[2024-08-25T00:12:37.520+0000] {logging_mixin.py:190} INFO - [2024-08-25T00:12:37.520+0000] {dag.py:4138} INFO - Setting next_dagrun for example_xcom_args_with_operators to None, run_after=None
[2024-08-25T00:12:37.567+0000] {processor.py:208} INFO - Processing /home/airflow/.local/lib/python3.12/site-packages/airflow/example_dags/example_xcomargs.py took 0.209 seconds
[2024-08-25T00:13:08.092+0000] {processor.py:186} INFO - Started process (PID=928) to work on /home/airflow/.local/lib/python3.12/site-packages/airflow/example_dags/example_xcomargs.py
[2024-08-25T00:13:08.095+0000] {processor.py:914} INFO - Processing file /home/airflow/.local/lib/python3.12/site-packages/airflow/example_dags/example_xcomargs.py for tasks to queue
[2024-08-25T00:13:08.103+0000] {logging_mixin.py:190} INFO - [2024-08-25T00:13:08.102+0000] {dagbag.py:587} INFO - Filling up the DagBag from /home/airflow/.local/lib/python3.12/site-packages/airflow/example_dags/example_xcomargs.py
[2024-08-25T00:13:08.160+0000] {processor.py:925} INFO - DAG(s) 'example_xcom_args_with_operators', 'example_xcom_args' retrieved from /home/airflow/.local/lib/python3.12/site-packages/airflow/example_dags/example_xcomargs.py
[2024-08-25T00:13:08.272+0000] {logging_mixin.py:190} INFO - [2024-08-25T00:13:08.272+0000] {dag.py:3211} INFO - Sync 2 DAGs
[2024-08-25T00:13:08.365+0000] {logging_mixin.py:190} INFO - [2024-08-25T00:13:08.364+0000] {dag.py:4138} INFO - Setting next_dagrun for example_xcom_args to None, run_after=None
[2024-08-25T00:13:08.377+0000] {logging_mixin.py:190} INFO - [2024-08-25T00:13:08.376+0000] {dag.py:4138} INFO - Setting next_dagrun for example_xcom_args_with_operators to None, run_after=None
[2024-08-25T00:13:08.425+0000] {processor.py:208} INFO - Processing /home/airflow/.local/lib/python3.12/site-packages/airflow/example_dags/example_xcomargs.py took 0.356 seconds
[2024-08-25T00:13:43.638+0000] {processor.py:186} INFO - Started process (PID=991) to work on /home/airflow/.local/lib/python3.12/site-packages/airflow/example_dags/example_xcomargs.py
[2024-08-25T00:13:43.747+0000] {processor.py:914} INFO - Processing file /home/airflow/.local/lib/python3.12/site-packages/airflow/example_dags/example_xcomargs.py for tasks to queue
[2024-08-25T00:13:43.794+0000] {logging_mixin.py:190} INFO - [2024-08-25T00:13:43.793+0000] {dagbag.py:587} INFO - Filling up the DagBag from /home/airflow/.local/lib/python3.12/site-packages/airflow/example_dags/example_xcomargs.py
[2024-08-25T00:13:43.934+0000] {processor.py:925} INFO - DAG(s) 'example_xcom_args_with_operators', 'example_xcom_args' retrieved from /home/airflow/.local/lib/python3.12/site-packages/airflow/example_dags/example_xcomargs.py
[2024-08-25T00:13:44.345+0000] {logging_mixin.py:190} INFO - [2024-08-25T00:13:44.344+0000] {dag.py:3211} INFO - Sync 2 DAGs
[2024-08-25T00:13:44.626+0000] {logging_mixin.py:190} INFO - [2024-08-25T00:13:44.625+0000] {dag.py:4138} INFO - Setting next_dagrun for example_xcom_args to None, run_after=None
[2024-08-25T00:13:44.690+0000] {logging_mixin.py:190} INFO - [2024-08-25T00:13:44.689+0000] {dag.py:4138} INFO - Setting next_dagrun for example_xcom_args_with_operators to None, run_after=None
[2024-08-25T00:13:44.866+0000] {processor.py:208} INFO - Processing /home/airflow/.local/lib/python3.12/site-packages/airflow/example_dags/example_xcomargs.py took 1.311 seconds
[2024-08-25T00:14:15.820+0000] {processor.py:186} INFO - Started process (PID=1055) to work on /home/airflow/.local/lib/python3.12/site-packages/airflow/example_dags/example_xcomargs.py
[2024-08-25T00:14:15.823+0000] {processor.py:914} INFO - Processing file /home/airflow/.local/lib/python3.12/site-packages/airflow/example_dags/example_xcomargs.py for tasks to queue
[2024-08-25T00:14:15.829+0000] {logging_mixin.py:190} INFO - [2024-08-25T00:14:15.828+0000] {dagbag.py:587} INFO - Filling up the DagBag from /home/airflow/.local/lib/python3.12/site-packages/airflow/example_dags/example_xcomargs.py
[2024-08-25T00:14:15.860+0000] {processor.py:925} INFO - DAG(s) 'example_xcom_args_with_operators', 'example_xcom_args' retrieved from /home/airflow/.local/lib/python3.12/site-packages/airflow/example_dags/example_xcomargs.py
[2024-08-25T00:14:15.929+0000] {logging_mixin.py:190} INFO - [2024-08-25T00:14:15.928+0000] {dag.py:3211} INFO - Sync 2 DAGs
[2024-08-25T00:14:15.967+0000] {logging_mixin.py:190} INFO - [2024-08-25T00:14:15.966+0000] {dag.py:4138} INFO - Setting next_dagrun for example_xcom_args to None, run_after=None
[2024-08-25T00:14:15.974+0000] {logging_mixin.py:190} INFO - [2024-08-25T00:14:15.974+0000] {dag.py:4138} INFO - Setting next_dagrun for example_xcom_args_with_operators to None, run_after=None
[2024-08-25T00:14:16.007+0000] {processor.py:208} INFO - Processing /home/airflow/.local/lib/python3.12/site-packages/airflow/example_dags/example_xcomargs.py took 0.204 seconds
[2024-08-25T00:14:46.457+0000] {processor.py:186} INFO - Started process (PID=1119) to work on /home/airflow/.local/lib/python3.12/site-packages/airflow/example_dags/example_xcomargs.py
[2024-08-25T00:14:46.460+0000] {processor.py:914} INFO - Processing file /home/airflow/.local/lib/python3.12/site-packages/airflow/example_dags/example_xcomargs.py for tasks to queue
[2024-08-25T00:14:46.466+0000] {logging_mixin.py:190} INFO - [2024-08-25T00:14:46.465+0000] {dagbag.py:587} INFO - Filling up the DagBag from /home/airflow/.local/lib/python3.12/site-packages/airflow/example_dags/example_xcomargs.py
[2024-08-25T00:14:46.498+0000] {processor.py:925} INFO - DAG(s) 'example_xcom_args', 'example_xcom_args_with_operators' retrieved from /home/airflow/.local/lib/python3.12/site-packages/airflow/example_dags/example_xcomargs.py
[2024-08-25T00:14:46.558+0000] {logging_mixin.py:190} INFO - [2024-08-25T00:14:46.558+0000] {dag.py:3211} INFO - Sync 2 DAGs
[2024-08-25T00:14:46.602+0000] {logging_mixin.py:190} INFO - [2024-08-25T00:14:46.602+0000] {dag.py:4138} INFO - Setting next_dagrun for example_xcom_args to None, run_after=None
[2024-08-25T00:14:46.612+0000] {logging_mixin.py:190} INFO - [2024-08-25T00:14:46.611+0000] {dag.py:4138} INFO - Setting next_dagrun for example_xcom_args_with_operators to None, run_after=None
[2024-08-25T00:14:46.649+0000] {processor.py:208} INFO - Processing /home/airflow/.local/lib/python3.12/site-packages/airflow/example_dags/example_xcomargs.py took 0.208 seconds
[2024-08-25T00:15:20.609+0000] {processor.py:186} INFO - Started process (PID=1182) to work on /home/airflow/.local/lib/python3.12/site-packages/airflow/example_dags/example_xcomargs.py
[2024-08-25T00:15:20.613+0000] {processor.py:914} INFO - Processing file /home/airflow/.local/lib/python3.12/site-packages/airflow/example_dags/example_xcomargs.py for tasks to queue
[2024-08-25T00:15:20.619+0000] {logging_mixin.py:190} INFO - [2024-08-25T00:15:20.618+0000] {dagbag.py:587} INFO - Filling up the DagBag from /home/airflow/.local/lib/python3.12/site-packages/airflow/example_dags/example_xcomargs.py
[2024-08-25T00:15:20.653+0000] {processor.py:925} INFO - DAG(s) 'example_xcom_args', 'example_xcom_args_with_operators' retrieved from /home/airflow/.local/lib/python3.12/site-packages/airflow/example_dags/example_xcomargs.py
[2024-08-25T00:15:20.721+0000] {logging_mixin.py:190} INFO - [2024-08-25T00:15:20.721+0000] {dag.py:3211} INFO - Sync 2 DAGs
[2024-08-25T00:15:20.765+0000] {logging_mixin.py:190} INFO - [2024-08-25T00:15:20.765+0000] {dag.py:4138} INFO - Setting next_dagrun for example_xcom_args to None, run_after=None
[2024-08-25T00:15:20.777+0000] {logging_mixin.py:190} INFO - [2024-08-25T00:15:20.776+0000] {dag.py:4138} INFO - Setting next_dagrun for example_xcom_args_with_operators to None, run_after=None
[2024-08-25T00:15:20.820+0000] {processor.py:208} INFO - Processing /home/airflow/.local/lib/python3.12/site-packages/airflow/example_dags/example_xcomargs.py took 0.229 seconds
[2024-08-25T00:15:51.587+0000] {processor.py:186} INFO - Started process (PID=1246) to work on /home/airflow/.local/lib/python3.12/site-packages/airflow/example_dags/example_xcomargs.py
[2024-08-25T00:15:51.595+0000] {processor.py:914} INFO - Processing file /home/airflow/.local/lib/python3.12/site-packages/airflow/example_dags/example_xcomargs.py for tasks to queue
[2024-08-25T00:15:51.606+0000] {logging_mixin.py:190} INFO - [2024-08-25T00:15:51.606+0000] {dagbag.py:587} INFO - Filling up the DagBag from /home/airflow/.local/lib/python3.12/site-packages/airflow/example_dags/example_xcomargs.py
[2024-08-25T00:15:51.668+0000] {processor.py:925} INFO - DAG(s) 'example_xcom_args_with_operators', 'example_xcom_args' retrieved from /home/airflow/.local/lib/python3.12/site-packages/airflow/example_dags/example_xcomargs.py
[2024-08-25T00:15:51.777+0000] {logging_mixin.py:190} INFO - [2024-08-25T00:15:51.777+0000] {dag.py:3211} INFO - Sync 2 DAGs
[2024-08-25T00:15:51.842+0000] {logging_mixin.py:190} INFO - [2024-08-25T00:15:51.840+0000] {dag.py:4138} INFO - Setting next_dagrun for example_xcom_args to None, run_after=None
[2024-08-25T00:15:51.852+0000] {logging_mixin.py:190} INFO - [2024-08-25T00:15:51.852+0000] {dag.py:4138} INFO - Setting next_dagrun for example_xcom_args_with_operators to None, run_after=None
[2024-08-25T00:15:51.906+0000] {processor.py:208} INFO - Processing /home/airflow/.local/lib/python3.12/site-packages/airflow/example_dags/example_xcomargs.py took 0.356 seconds
[2024-08-25T00:16:25.892+0000] {processor.py:186} INFO - Started process (PID=1310) to work on /home/airflow/.local/lib/python3.12/site-packages/airflow/example_dags/example_xcomargs.py
[2024-08-25T00:16:25.906+0000] {processor.py:914} INFO - Processing file /home/airflow/.local/lib/python3.12/site-packages/airflow/example_dags/example_xcomargs.py for tasks to queue
[2024-08-25T00:16:25.927+0000] {logging_mixin.py:190} INFO - [2024-08-25T00:16:25.926+0000] {dagbag.py:587} INFO - Filling up the DagBag from /home/airflow/.local/lib/python3.12/site-packages/airflow/example_dags/example_xcomargs.py
[2024-08-25T00:16:26.008+0000] {processor.py:925} INFO - DAG(s) 'example_xcom_args', 'example_xcom_args_with_operators' retrieved from /home/airflow/.local/lib/python3.12/site-packages/airflow/example_dags/example_xcomargs.py
[2024-08-25T00:16:26.206+0000] {logging_mixin.py:190} INFO - [2024-08-25T00:16:26.205+0000] {dag.py:3211} INFO - Sync 2 DAGs
[2024-08-25T00:16:26.342+0000] {logging_mixin.py:190} INFO - [2024-08-25T00:16:26.341+0000] {dag.py:4138} INFO - Setting next_dagrun for example_xcom_args to None, run_after=None
[2024-08-25T00:16:26.410+0000] {logging_mixin.py:190} INFO - [2024-08-25T00:16:26.409+0000] {dag.py:4138} INFO - Setting next_dagrun for example_xcom_args_with_operators to None, run_after=None
[2024-08-25T00:16:26.669+0000] {processor.py:208} INFO - Processing /home/airflow/.local/lib/python3.12/site-packages/airflow/example_dags/example_xcomargs.py took 0.854 seconds
[2024-08-25T00:16:57.468+0000] {processor.py:186} INFO - Started process (PID=1373) to work on /home/airflow/.local/lib/python3.12/site-packages/airflow/example_dags/example_xcomargs.py
[2024-08-25T00:16:57.470+0000] {processor.py:914} INFO - Processing file /home/airflow/.local/lib/python3.12/site-packages/airflow/example_dags/example_xcomargs.py for tasks to queue
[2024-08-25T00:16:57.476+0000] {logging_mixin.py:190} INFO - [2024-08-25T00:16:57.475+0000] {dagbag.py:587} INFO - Filling up the DagBag from /home/airflow/.local/lib/python3.12/site-packages/airflow/example_dags/example_xcomargs.py
[2024-08-25T00:16:57.511+0000] {processor.py:925} INFO - DAG(s) 'example_xcom_args_with_operators', 'example_xcom_args' retrieved from /home/airflow/.local/lib/python3.12/site-packages/airflow/example_dags/example_xcomargs.py
[2024-08-25T00:16:57.584+0000] {logging_mixin.py:190} INFO - [2024-08-25T00:16:57.583+0000] {dag.py:3211} INFO - Sync 2 DAGs
[2024-08-25T00:16:57.644+0000] {logging_mixin.py:190} INFO - [2024-08-25T00:16:57.643+0000] {dag.py:4138} INFO - Setting next_dagrun for example_xcom_args to None, run_after=None
[2024-08-25T00:16:57.660+0000] {logging_mixin.py:190} INFO - [2024-08-25T00:16:57.659+0000] {dag.py:4138} INFO - Setting next_dagrun for example_xcom_args_with_operators to None, run_after=None
[2024-08-25T00:16:57.713+0000] {processor.py:208} INFO - Processing /home/airflow/.local/lib/python3.12/site-packages/airflow/example_dags/example_xcomargs.py took 0.264 seconds
[2024-08-25T00:17:27.915+0000] {processor.py:186} INFO - Started process (PID=1436) to work on /home/airflow/.local/lib/python3.12/site-packages/airflow/example_dags/example_xcomargs.py
[2024-08-25T00:17:27.917+0000] {processor.py:914} INFO - Processing file /home/airflow/.local/lib/python3.12/site-packages/airflow/example_dags/example_xcomargs.py for tasks to queue
[2024-08-25T00:17:27.925+0000] {logging_mixin.py:190} INFO - [2024-08-25T00:17:27.924+0000] {dagbag.py:587} INFO - Filling up the DagBag from /home/airflow/.local/lib/python3.12/site-packages/airflow/example_dags/example_xcomargs.py
[2024-08-25T00:17:27.964+0000] {processor.py:925} INFO - DAG(s) 'example_xcom_args', 'example_xcom_args_with_operators' retrieved from /home/airflow/.local/lib/python3.12/site-packages/airflow/example_dags/example_xcomargs.py
[2024-08-25T00:17:28.029+0000] {logging_mixin.py:190} INFO - [2024-08-25T00:17:28.028+0000] {dag.py:3211} INFO - Sync 2 DAGs
[2024-08-25T00:17:28.092+0000] {logging_mixin.py:190} INFO - [2024-08-25T00:17:28.092+0000] {dag.py:4138} INFO - Setting next_dagrun for example_xcom_args to None, run_after=None
[2024-08-25T00:17:28.112+0000] {logging_mixin.py:190} INFO - [2024-08-25T00:17:28.112+0000] {dag.py:4138} INFO - Setting next_dagrun for example_xcom_args_with_operators to None, run_after=None
[2024-08-25T00:17:28.219+0000] {processor.py:208} INFO - Processing /home/airflow/.local/lib/python3.12/site-packages/airflow/example_dags/example_xcomargs.py took 0.321 seconds
[2024-08-25T00:17:58.431+0000] {processor.py:186} INFO - Started process (PID=1499) to work on /home/airflow/.local/lib/python3.12/site-packages/airflow/example_dags/example_xcomargs.py
[2024-08-25T00:17:58.434+0000] {processor.py:914} INFO - Processing file /home/airflow/.local/lib/python3.12/site-packages/airflow/example_dags/example_xcomargs.py for tasks to queue
[2024-08-25T00:17:58.441+0000] {logging_mixin.py:190} INFO - [2024-08-25T00:17:58.440+0000] {dagbag.py:587} INFO - Filling up the DagBag from /home/airflow/.local/lib/python3.12/site-packages/airflow/example_dags/example_xcomargs.py
[2024-08-25T00:17:58.475+0000] {processor.py:925} INFO - DAG(s) 'example_xcom_args', 'example_xcom_args_with_operators' retrieved from /home/airflow/.local/lib/python3.12/site-packages/airflow/example_dags/example_xcomargs.py
[2024-08-25T00:17:58.548+0000] {logging_mixin.py:190} INFO - [2024-08-25T00:17:58.547+0000] {dag.py:3211} INFO - Sync 2 DAGs
[2024-08-25T00:17:58.598+0000] {logging_mixin.py:190} INFO - [2024-08-25T00:17:58.597+0000] {dag.py:4138} INFO - Setting next_dagrun for example_xcom_args to None, run_after=None
[2024-08-25T00:17:58.607+0000] {logging_mixin.py:190} INFO - [2024-08-25T00:17:58.607+0000] {dag.py:4138} INFO - Setting next_dagrun for example_xcom_args_with_operators to None, run_after=None
[2024-08-25T00:17:58.662+0000] {processor.py:208} INFO - Processing /home/airflow/.local/lib/python3.12/site-packages/airflow/example_dags/example_xcomargs.py took 0.268 seconds
[2024-08-25T00:18:31.406+0000] {processor.py:186} INFO - Started process (PID=1562) to work on /home/airflow/.local/lib/python3.12/site-packages/airflow/example_dags/example_xcomargs.py
[2024-08-25T00:18:31.420+0000] {processor.py:914} INFO - Processing file /home/airflow/.local/lib/python3.12/site-packages/airflow/example_dags/example_xcomargs.py for tasks to queue
[2024-08-25T00:18:31.437+0000] {logging_mixin.py:190} INFO - [2024-08-25T00:18:31.436+0000] {dagbag.py:587} INFO - Filling up the DagBag from /home/airflow/.local/lib/python3.12/site-packages/airflow/example_dags/example_xcomargs.py
[2024-08-25T00:18:31.500+0000] {processor.py:925} INFO - DAG(s) 'example_xcom_args_with_operators', 'example_xcom_args' retrieved from /home/airflow/.local/lib/python3.12/site-packages/airflow/example_dags/example_xcomargs.py
[2024-08-25T00:18:31.598+0000] {logging_mixin.py:190} INFO - [2024-08-25T00:18:31.597+0000] {dag.py:3211} INFO - Sync 2 DAGs
[2024-08-25T00:18:31.679+0000] {logging_mixin.py:190} INFO - [2024-08-25T00:18:31.674+0000] {dag.py:4138} INFO - Setting next_dagrun for example_xcom_args to None, run_after=None
[2024-08-25T00:18:31.693+0000] {logging_mixin.py:190} INFO - [2024-08-25T00:18:31.692+0000] {dag.py:4138} INFO - Setting next_dagrun for example_xcom_args_with_operators to None, run_after=None
[2024-08-25T00:18:31.764+0000] {processor.py:208} INFO - Processing /home/airflow/.local/lib/python3.12/site-packages/airflow/example_dags/example_xcomargs.py took 0.404 seconds
[2024-08-25T00:19:02.222+0000] {processor.py:186} INFO - Started process (PID=1625) to work on /home/airflow/.local/lib/python3.12/site-packages/airflow/example_dags/example_xcomargs.py
[2024-08-25T00:19:02.225+0000] {processor.py:914} INFO - Processing file /home/airflow/.local/lib/python3.12/site-packages/airflow/example_dags/example_xcomargs.py for tasks to queue
[2024-08-25T00:19:02.232+0000] {logging_mixin.py:190} INFO - [2024-08-25T00:19:02.231+0000] {dagbag.py:587} INFO - Filling up the DagBag from /home/airflow/.local/lib/python3.12/site-packages/airflow/example_dags/example_xcomargs.py
[2024-08-25T00:19:02.283+0000] {processor.py:925} INFO - DAG(s) 'example_xcom_args_with_operators', 'example_xcom_args' retrieved from /home/airflow/.local/lib/python3.12/site-packages/airflow/example_dags/example_xcomargs.py
[2024-08-25T00:19:02.396+0000] {logging_mixin.py:190} INFO - [2024-08-25T00:19:02.395+0000] {dag.py:3211} INFO - Sync 2 DAGs
[2024-08-25T00:19:02.491+0000] {logging_mixin.py:190} INFO - [2024-08-25T00:19:02.490+0000] {dag.py:4138} INFO - Setting next_dagrun for example_xcom_args to None, run_after=None
[2024-08-25T00:19:02.549+0000] {logging_mixin.py:190} INFO - [2024-08-25T00:19:02.548+0000] {dag.py:4138} INFO - Setting next_dagrun for example_xcom_args_with_operators to None, run_after=None
[2024-08-25T00:19:02.609+0000] {processor.py:208} INFO - Processing /home/airflow/.local/lib/python3.12/site-packages/airflow/example_dags/example_xcomargs.py took 0.408 seconds
[2024-08-25T00:19:33.581+0000] {processor.py:186} INFO - Started process (PID=1688) to work on /home/airflow/.local/lib/python3.12/site-packages/airflow/example_dags/example_xcomargs.py
[2024-08-25T00:19:33.595+0000] {processor.py:914} INFO - Processing file /home/airflow/.local/lib/python3.12/site-packages/airflow/example_dags/example_xcomargs.py for tasks to queue
[2024-08-25T00:19:33.620+0000] {logging_mixin.py:190} INFO - [2024-08-25T00:19:33.609+0000] {dagbag.py:587} INFO - Filling up the DagBag from /home/airflow/.local/lib/python3.12/site-packages/airflow/example_dags/example_xcomargs.py
[2024-08-25T00:19:33.754+0000] {processor.py:925} INFO - DAG(s) 'example_xcom_args_with_operators', 'example_xcom_args' retrieved from /home/airflow/.local/lib/python3.12/site-packages/airflow/example_dags/example_xcomargs.py
[2024-08-25T00:19:33.951+0000] {logging_mixin.py:190} INFO - [2024-08-25T00:19:33.951+0000] {dag.py:3211} INFO - Sync 2 DAGs
[2024-08-25T00:19:34.066+0000] {logging_mixin.py:190} INFO - [2024-08-25T00:19:34.065+0000] {dag.py:4138} INFO - Setting next_dagrun for example_xcom_args to None, run_after=None
[2024-08-25T00:19:34.100+0000] {logging_mixin.py:190} INFO - [2024-08-25T00:19:34.100+0000] {dag.py:4138} INFO - Setting next_dagrun for example_xcom_args_with_operators to None, run_after=None
[2024-08-25T00:19:34.225+0000] {processor.py:208} INFO - Processing /home/airflow/.local/lib/python3.12/site-packages/airflow/example_dags/example_xcomargs.py took 0.704 seconds
[2024-08-25T00:20:04.438+0000] {processor.py:186} INFO - Started process (PID=1758) to work on /home/airflow/.local/lib/python3.12/site-packages/airflow/example_dags/example_xcomargs.py
[2024-08-25T00:20:04.442+0000] {processor.py:914} INFO - Processing file /home/airflow/.local/lib/python3.12/site-packages/airflow/example_dags/example_xcomargs.py for tasks to queue
[2024-08-25T00:20:04.452+0000] {logging_mixin.py:190} INFO - [2024-08-25T00:20:04.450+0000] {dagbag.py:587} INFO - Filling up the DagBag from /home/airflow/.local/lib/python3.12/site-packages/airflow/example_dags/example_xcomargs.py
[2024-08-25T00:20:04.517+0000] {processor.py:925} INFO - DAG(s) 'example_xcom_args', 'example_xcom_args_with_operators' retrieved from /home/airflow/.local/lib/python3.12/site-packages/airflow/example_dags/example_xcomargs.py
[2024-08-25T00:20:04.585+0000] {logging_mixin.py:190} INFO - [2024-08-25T00:20:04.584+0000] {dag.py:3211} INFO - Sync 2 DAGs
[2024-08-25T00:20:04.630+0000] {logging_mixin.py:190} INFO - [2024-08-25T00:20:04.629+0000] {dag.py:4138} INFO - Setting next_dagrun for example_xcom_args to None, run_after=None
[2024-08-25T00:20:04.637+0000] {logging_mixin.py:190} INFO - [2024-08-25T00:20:04.637+0000] {dag.py:4138} INFO - Setting next_dagrun for example_xcom_args_with_operators to None, run_after=None
[2024-08-25T00:20:04.668+0000] {processor.py:208} INFO - Processing /home/airflow/.local/lib/python3.12/site-packages/airflow/example_dags/example_xcomargs.py took 0.243 seconds
[2024-08-25T00:20:35.706+0000] {processor.py:186} INFO - Started process (PID=1820) to work on /home/airflow/.local/lib/python3.12/site-packages/airflow/example_dags/example_xcomargs.py
[2024-08-25T00:20:35.709+0000] {processor.py:914} INFO - Processing file /home/airflow/.local/lib/python3.12/site-packages/airflow/example_dags/example_xcomargs.py for tasks to queue
[2024-08-25T00:20:35.714+0000] {logging_mixin.py:190} INFO - [2024-08-25T00:20:35.714+0000] {dagbag.py:587} INFO - Filling up the DagBag from /home/airflow/.local/lib/python3.12/site-packages/airflow/example_dags/example_xcomargs.py
[2024-08-25T00:20:35.743+0000] {processor.py:925} INFO - DAG(s) 'example_xcom_args_with_operators', 'example_xcom_args' retrieved from /home/airflow/.local/lib/python3.12/site-packages/airflow/example_dags/example_xcomargs.py
[2024-08-25T00:20:35.818+0000] {logging_mixin.py:190} INFO - [2024-08-25T00:20:35.817+0000] {dag.py:3211} INFO - Sync 2 DAGs
[2024-08-25T00:20:35.870+0000] {logging_mixin.py:190} INFO - [2024-08-25T00:20:35.869+0000] {dag.py:4138} INFO - Setting next_dagrun for example_xcom_args to None, run_after=None
[2024-08-25T00:20:35.882+0000] {logging_mixin.py:190} INFO - [2024-08-25T00:20:35.882+0000] {dag.py:4138} INFO - Setting next_dagrun for example_xcom_args_with_operators to None, run_after=None
[2024-08-25T00:20:35.921+0000] {processor.py:208} INFO - Processing /home/airflow/.local/lib/python3.12/site-packages/airflow/example_dags/example_xcomargs.py took 0.230 seconds
[2024-08-25T00:26:42.407+0000] {processor.py:186} INFO - Started process (PID=109) to work on /home/airflow/.local/lib/python3.12/site-packages/airflow/example_dags/example_xcomargs.py
[2024-08-25T00:26:42.423+0000] {processor.py:914} INFO - Processing file /home/airflow/.local/lib/python3.12/site-packages/airflow/example_dags/example_xcomargs.py for tasks to queue
[2024-08-25T00:26:42.442+0000] {logging_mixin.py:190} INFO - [2024-08-25T00:26:42.440+0000] {dagbag.py:587} INFO - Filling up the DagBag from /home/airflow/.local/lib/python3.12/site-packages/airflow/example_dags/example_xcomargs.py
[2024-08-25T00:26:42.781+0000] {processor.py:925} INFO - DAG(s) 'example_xcom_args_with_operators', 'example_xcom_args' retrieved from /home/airflow/.local/lib/python3.12/site-packages/airflow/example_dags/example_xcomargs.py
[2024-08-25T00:26:43.161+0000] {logging_mixin.py:190} INFO - [2024-08-25T00:26:43.160+0000] {dag.py:3211} INFO - Sync 2 DAGs
[2024-08-25T00:26:43.487+0000] {logging_mixin.py:190} INFO - [2024-08-25T00:26:43.483+0000] {dag.py:4138} INFO - Setting next_dagrun for example_xcom_args to None, run_after=None
[2024-08-25T00:26:43.541+0000] {logging_mixin.py:190} INFO - [2024-08-25T00:26:43.541+0000] {dag.py:4138} INFO - Setting next_dagrun for example_xcom_args_with_operators to None, run_after=None
[2024-08-25T00:26:43.692+0000] {processor.py:208} INFO - Processing /home/airflow/.local/lib/python3.12/site-packages/airflow/example_dags/example_xcomargs.py took 1.415 seconds
[2024-08-25T00:27:38.246+0000] {processor.py:186} INFO - Started process (PID=178) to work on /home/airflow/.local/lib/python3.12/site-packages/airflow/example_dags/example_xcomargs.py
[2024-08-25T00:27:38.253+0000] {processor.py:914} INFO - Processing file /home/airflow/.local/lib/python3.12/site-packages/airflow/example_dags/example_xcomargs.py for tasks to queue
[2024-08-25T00:27:38.269+0000] {logging_mixin.py:190} INFO - [2024-08-25T00:27:38.268+0000] {dagbag.py:587} INFO - Filling up the DagBag from /home/airflow/.local/lib/python3.12/site-packages/airflow/example_dags/example_xcomargs.py
[2024-08-25T00:27:38.331+0000] {processor.py:925} INFO - DAG(s) 'example_xcom_args_with_operators', 'example_xcom_args' retrieved from /home/airflow/.local/lib/python3.12/site-packages/airflow/example_dags/example_xcomargs.py
[2024-08-25T00:27:38.542+0000] {logging_mixin.py:190} INFO - [2024-08-25T00:27:38.535+0000] {dag.py:3211} INFO - Sync 2 DAGs
[2024-08-25T00:27:38.703+0000] {logging_mixin.py:190} INFO - [2024-08-25T00:27:38.702+0000] {dag.py:4138} INFO - Setting next_dagrun for example_xcom_args to None, run_after=None
[2024-08-25T00:27:38.737+0000] {logging_mixin.py:190} INFO - [2024-08-25T00:27:38.736+0000] {dag.py:4138} INFO - Setting next_dagrun for example_xcom_args_with_operators to None, run_after=None
[2024-08-25T00:27:38.822+0000] {processor.py:208} INFO - Processing /home/airflow/.local/lib/python3.12/site-packages/airflow/example_dags/example_xcomargs.py took 0.642 seconds
[2024-08-25T00:28:27.600+0000] {processor.py:186} INFO - Started process (PID=241) to work on /home/airflow/.local/lib/python3.12/site-packages/airflow/example_dags/example_xcomargs.py
[2024-08-25T00:28:27.661+0000] {processor.py:914} INFO - Processing file /home/airflow/.local/lib/python3.12/site-packages/airflow/example_dags/example_xcomargs.py for tasks to queue
[2024-08-25T00:28:27.679+0000] {logging_mixin.py:190} INFO - [2024-08-25T00:28:27.678+0000] {dagbag.py:587} INFO - Filling up the DagBag from /home/airflow/.local/lib/python3.12/site-packages/airflow/example_dags/example_xcomargs.py
[2024-08-25T00:28:27.971+0000] {processor.py:925} INFO - DAG(s) 'example_xcom_args_with_operators', 'example_xcom_args' retrieved from /home/airflow/.local/lib/python3.12/site-packages/airflow/example_dags/example_xcomargs.py
[2024-08-25T00:28:28.288+0000] {logging_mixin.py:190} INFO - [2024-08-25T00:28:28.287+0000] {dag.py:3211} INFO - Sync 2 DAGs
[2024-08-25T00:28:28.485+0000] {logging_mixin.py:190} INFO - [2024-08-25T00:28:28.484+0000] {dag.py:4138} INFO - Setting next_dagrun for example_xcom_args to None, run_after=None
[2024-08-25T00:28:28.538+0000] {logging_mixin.py:190} INFO - [2024-08-25T00:28:28.538+0000] {dag.py:4138} INFO - Setting next_dagrun for example_xcom_args_with_operators to None, run_after=None
[2024-08-25T00:28:28.687+0000] {processor.py:208} INFO - Processing /home/airflow/.local/lib/python3.12/site-packages/airflow/example_dags/example_xcomargs.py took 1.209 seconds
[2024-08-25T00:28:59.214+0000] {processor.py:186} INFO - Started process (PID=304) to work on /home/airflow/.local/lib/python3.12/site-packages/airflow/example_dags/example_xcomargs.py
[2024-08-25T00:28:59.221+0000] {processor.py:914} INFO - Processing file /home/airflow/.local/lib/python3.12/site-packages/airflow/example_dags/example_xcomargs.py for tasks to queue
[2024-08-25T00:28:59.230+0000] {logging_mixin.py:190} INFO - [2024-08-25T00:28:59.229+0000] {dagbag.py:587} INFO - Filling up the DagBag from /home/airflow/.local/lib/python3.12/site-packages/airflow/example_dags/example_xcomargs.py
[2024-08-25T00:28:59.286+0000] {processor.py:925} INFO - DAG(s) 'example_xcom_args', 'example_xcom_args_with_operators' retrieved from /home/airflow/.local/lib/python3.12/site-packages/airflow/example_dags/example_xcomargs.py
[2024-08-25T00:28:59.453+0000] {logging_mixin.py:190} INFO - [2024-08-25T00:28:59.452+0000] {dag.py:3211} INFO - Sync 2 DAGs
[2024-08-25T00:28:59.597+0000] {logging_mixin.py:190} INFO - [2024-08-25T00:28:59.596+0000] {dag.py:4138} INFO - Setting next_dagrun for example_xcom_args to None, run_after=None
[2024-08-25T00:28:59.650+0000] {logging_mixin.py:190} INFO - [2024-08-25T00:28:59.640+0000] {dag.py:4138} INFO - Setting next_dagrun for example_xcom_args_with_operators to None, run_after=None
[2024-08-25T00:28:59.842+0000] {processor.py:208} INFO - Processing /home/airflow/.local/lib/python3.12/site-packages/airflow/example_dags/example_xcomargs.py took 0.667 seconds
[2024-08-25T00:29:30.960+0000] {processor.py:186} INFO - Started process (PID=373) to work on /home/airflow/.local/lib/python3.12/site-packages/airflow/example_dags/example_xcomargs.py
[2024-08-25T00:29:30.972+0000] {processor.py:914} INFO - Processing file /home/airflow/.local/lib/python3.12/site-packages/airflow/example_dags/example_xcomargs.py for tasks to queue
[2024-08-25T00:29:30.988+0000] {logging_mixin.py:190} INFO - [2024-08-25T00:29:30.985+0000] {dagbag.py:587} INFO - Filling up the DagBag from /home/airflow/.local/lib/python3.12/site-packages/airflow/example_dags/example_xcomargs.py
[2024-08-25T00:29:31.035+0000] {processor.py:925} INFO - DAG(s) 'example_xcom_args', 'example_xcom_args_with_operators' retrieved from /home/airflow/.local/lib/python3.12/site-packages/airflow/example_dags/example_xcomargs.py
[2024-08-25T00:29:31.180+0000] {logging_mixin.py:190} INFO - [2024-08-25T00:29:31.179+0000] {dag.py:3211} INFO - Sync 2 DAGs
[2024-08-25T00:29:31.267+0000] {logging_mixin.py:190} INFO - [2024-08-25T00:29:31.265+0000] {dag.py:4138} INFO - Setting next_dagrun for example_xcom_args to None, run_after=None
[2024-08-25T00:29:31.283+0000] {logging_mixin.py:190} INFO - [2024-08-25T00:29:31.283+0000] {dag.py:4138} INFO - Setting next_dagrun for example_xcom_args_with_operators to None, run_after=None
[2024-08-25T00:29:31.350+0000] {processor.py:208} INFO - Processing /home/airflow/.local/lib/python3.12/site-packages/airflow/example_dags/example_xcomargs.py took 0.430 seconds
[2024-08-25T00:30:03.523+0000] {processor.py:186} INFO - Started process (PID=436) to work on /home/airflow/.local/lib/python3.12/site-packages/airflow/example_dags/example_xcomargs.py
[2024-08-25T00:30:03.564+0000] {processor.py:914} INFO - Processing file /home/airflow/.local/lib/python3.12/site-packages/airflow/example_dags/example_xcomargs.py for tasks to queue
[2024-08-25T00:30:03.622+0000] {logging_mixin.py:190} INFO - [2024-08-25T00:30:03.621+0000] {dagbag.py:587} INFO - Filling up the DagBag from /home/airflow/.local/lib/python3.12/site-packages/airflow/example_dags/example_xcomargs.py
[2024-08-25T00:30:03.738+0000] {processor.py:925} INFO - DAG(s) 'example_xcom_args_with_operators', 'example_xcom_args' retrieved from /home/airflow/.local/lib/python3.12/site-packages/airflow/example_dags/example_xcomargs.py
[2024-08-25T00:30:03.934+0000] {logging_mixin.py:190} INFO - [2024-08-25T00:30:03.925+0000] {dag.py:3211} INFO - Sync 2 DAGs
[2024-08-25T00:30:04.063+0000] {logging_mixin.py:190} INFO - [2024-08-25T00:30:04.062+0000] {dag.py:4138} INFO - Setting next_dagrun for example_xcom_args to None, run_after=None
[2024-08-25T00:30:04.110+0000] {logging_mixin.py:190} INFO - [2024-08-25T00:30:04.109+0000] {dag.py:4138} INFO - Setting next_dagrun for example_xcom_args_with_operators to None, run_after=None
[2024-08-25T00:30:04.291+0000] {processor.py:208} INFO - Processing /home/airflow/.local/lib/python3.12/site-packages/airflow/example_dags/example_xcomargs.py took 0.822 seconds
[2024-08-25T00:30:41.798+0000] {processor.py:186} INFO - Started process (PID=500) to work on /home/airflow/.local/lib/python3.12/site-packages/airflow/example_dags/example_xcomargs.py
[2024-08-25T00:30:41.800+0000] {processor.py:914} INFO - Processing file /home/airflow/.local/lib/python3.12/site-packages/airflow/example_dags/example_xcomargs.py for tasks to queue
[2024-08-25T00:30:41.807+0000] {logging_mixin.py:190} INFO - [2024-08-25T00:30:41.806+0000] {dagbag.py:587} INFO - Filling up the DagBag from /home/airflow/.local/lib/python3.12/site-packages/airflow/example_dags/example_xcomargs.py
[2024-08-25T00:30:41.844+0000] {processor.py:925} INFO - DAG(s) 'example_xcom_args_with_operators', 'example_xcom_args' retrieved from /home/airflow/.local/lib/python3.12/site-packages/airflow/example_dags/example_xcomargs.py
[2024-08-25T00:30:41.933+0000] {logging_mixin.py:190} INFO - [2024-08-25T00:30:41.932+0000] {dag.py:3211} INFO - Sync 2 DAGs
[2024-08-25T00:30:41.974+0000] {logging_mixin.py:190} INFO - [2024-08-25T00:30:41.974+0000] {dag.py:4138} INFO - Setting next_dagrun for example_xcom_args to None, run_after=None
[2024-08-25T00:30:41.985+0000] {logging_mixin.py:190} INFO - [2024-08-25T00:30:41.984+0000] {dag.py:4138} INFO - Setting next_dagrun for example_xcom_args_with_operators to None, run_after=None
[2024-08-25T00:30:42.026+0000] {processor.py:208} INFO - Processing /home/airflow/.local/lib/python3.12/site-packages/airflow/example_dags/example_xcomargs.py took 0.247 seconds
[2024-08-25T00:31:22.306+0000] {processor.py:186} INFO - Started process (PID=565) to work on /home/airflow/.local/lib/python3.12/site-packages/airflow/example_dags/example_xcomargs.py
[2024-08-25T00:31:22.326+0000] {processor.py:914} INFO - Processing file /home/airflow/.local/lib/python3.12/site-packages/airflow/example_dags/example_xcomargs.py for tasks to queue
[2024-08-25T00:31:22.354+0000] {logging_mixin.py:190} INFO - [2024-08-25T00:31:22.343+0000] {dagbag.py:587} INFO - Filling up the DagBag from /home/airflow/.local/lib/python3.12/site-packages/airflow/example_dags/example_xcomargs.py
[2024-08-25T00:31:22.455+0000] {processor.py:925} INFO - DAG(s) 'example_xcom_args_with_operators', 'example_xcom_args' retrieved from /home/airflow/.local/lib/python3.12/site-packages/airflow/example_dags/example_xcomargs.py
[2024-08-25T00:31:22.710+0000] {logging_mixin.py:190} INFO - [2024-08-25T00:31:22.709+0000] {dag.py:3211} INFO - Sync 2 DAGs
[2024-08-25T00:31:22.920+0000] {logging_mixin.py:190} INFO - [2024-08-25T00:31:22.919+0000] {dag.py:4138} INFO - Setting next_dagrun for example_xcom_args to None, run_after=None
[2024-08-25T00:31:22.967+0000] {logging_mixin.py:190} INFO - [2024-08-25T00:31:22.967+0000] {dag.py:4138} INFO - Setting next_dagrun for example_xcom_args_with_operators to None, run_after=None
[2024-08-25T00:31:23.288+0000] {processor.py:208} INFO - Processing /home/airflow/.local/lib/python3.12/site-packages/airflow/example_dags/example_xcomargs.py took 1.035 seconds
[2024-08-25T00:32:12.114+0000] {processor.py:186} INFO - Started process (PID=637) to work on /home/airflow/.local/lib/python3.12/site-packages/airflow/example_dags/example_xcomargs.py
[2024-08-25T00:32:12.117+0000] {processor.py:914} INFO - Processing file /home/airflow/.local/lib/python3.12/site-packages/airflow/example_dags/example_xcomargs.py for tasks to queue
[2024-08-25T00:32:12.129+0000] {logging_mixin.py:190} INFO - [2024-08-25T00:32:12.128+0000] {dagbag.py:587} INFO - Filling up the DagBag from /home/airflow/.local/lib/python3.12/site-packages/airflow/example_dags/example_xcomargs.py
[2024-08-25T00:32:12.175+0000] {processor.py:925} INFO - DAG(s) 'example_xcom_args_with_operators', 'example_xcom_args' retrieved from /home/airflow/.local/lib/python3.12/site-packages/airflow/example_dags/example_xcomargs.py
[2024-08-25T00:32:12.330+0000] {logging_mixin.py:190} INFO - [2024-08-25T00:32:12.330+0000] {dag.py:3211} INFO - Sync 2 DAGs
[2024-08-25T00:32:12.497+0000] {logging_mixin.py:190} INFO - [2024-08-25T00:32:12.497+0000] {dag.py:4138} INFO - Setting next_dagrun for example_xcom_args to None, run_after=None
[2024-08-25T00:32:12.529+0000] {logging_mixin.py:190} INFO - [2024-08-25T00:32:12.529+0000] {dag.py:4138} INFO - Setting next_dagrun for example_xcom_args_with_operators to None, run_after=None
[2024-08-25T00:32:12.625+0000] {processor.py:208} INFO - Processing /home/airflow/.local/lib/python3.12/site-packages/airflow/example_dags/example_xcomargs.py took 0.542 seconds
[2024-08-25T00:32:48.688+0000] {processor.py:186} INFO - Started process (PID=701) to work on /home/airflow/.local/lib/python3.12/site-packages/airflow/example_dags/example_xcomargs.py
[2024-08-25T00:32:48.698+0000] {processor.py:914} INFO - Processing file /home/airflow/.local/lib/python3.12/site-packages/airflow/example_dags/example_xcomargs.py for tasks to queue
[2024-08-25T00:32:48.716+0000] {logging_mixin.py:190} INFO - [2024-08-25T00:32:48.712+0000] {dagbag.py:587} INFO - Filling up the DagBag from /home/airflow/.local/lib/python3.12/site-packages/airflow/example_dags/example_xcomargs.py
[2024-08-25T00:32:48.818+0000] {processor.py:925} INFO - DAG(s) 'example_xcom_args', 'example_xcom_args_with_operators' retrieved from /home/airflow/.local/lib/python3.12/site-packages/airflow/example_dags/example_xcomargs.py
[2024-08-25T00:32:49.015+0000] {logging_mixin.py:190} INFO - [2024-08-25T00:32:49.006+0000] {dag.py:3211} INFO - Sync 2 DAGs
[2024-08-25T00:32:49.273+0000] {logging_mixin.py:190} INFO - [2024-08-25T00:32:49.272+0000] {dag.py:4138} INFO - Setting next_dagrun for example_xcom_args to None, run_after=None
[2024-08-25T00:32:49.321+0000] {logging_mixin.py:190} INFO - [2024-08-25T00:32:49.321+0000] {dag.py:4138} INFO - Setting next_dagrun for example_xcom_args_with_operators to None, run_after=None
[2024-08-25T00:32:49.495+0000] {processor.py:208} INFO - Processing /home/airflow/.local/lib/python3.12/site-packages/airflow/example_dags/example_xcomargs.py took 0.846 seconds
[2024-08-25T00:33:33.906+0000] {processor.py:186} INFO - Started process (PID=751) to work on /home/airflow/.local/lib/python3.12/site-packages/airflow/example_dags/example_xcomargs.py
[2024-08-25T00:33:33.909+0000] {processor.py:914} INFO - Processing file /home/airflow/.local/lib/python3.12/site-packages/airflow/example_dags/example_xcomargs.py for tasks to queue
[2024-08-25T00:33:33.939+0000] {logging_mixin.py:190} INFO - [2024-08-25T00:33:33.938+0000] {dagbag.py:587} INFO - Filling up the DagBag from /home/airflow/.local/lib/python3.12/site-packages/airflow/example_dags/example_xcomargs.py
[2024-08-25T00:33:34.057+0000] {processor.py:925} INFO - DAG(s) 'example_xcom_args_with_operators', 'example_xcom_args' retrieved from /home/airflow/.local/lib/python3.12/site-packages/airflow/example_dags/example_xcomargs.py
[2024-08-25T00:33:34.236+0000] {logging_mixin.py:190} INFO - [2024-08-25T00:33:34.235+0000] {dag.py:3211} INFO - Sync 2 DAGs
[2024-08-25T00:33:34.383+0000] {logging_mixin.py:190} INFO - [2024-08-25T00:33:34.382+0000] {dag.py:4138} INFO - Setting next_dagrun for example_xcom_args to None, run_after=None
[2024-08-25T00:33:34.422+0000] {logging_mixin.py:190} INFO - [2024-08-25T00:33:34.420+0000] {dag.py:4138} INFO - Setting next_dagrun for example_xcom_args_with_operators to None, run_after=None
[2024-08-25T00:33:34.617+0000] {processor.py:208} INFO - Processing /home/airflow/.local/lib/python3.12/site-packages/airflow/example_dags/example_xcomargs.py took 0.776 seconds
[2024-08-25T00:34:18.920+0000] {processor.py:186} INFO - Started process (PID=820) to work on /home/airflow/.local/lib/python3.12/site-packages/airflow/example_dags/example_xcomargs.py
[2024-08-25T00:34:18.930+0000] {processor.py:914} INFO - Processing file /home/airflow/.local/lib/python3.12/site-packages/airflow/example_dags/example_xcomargs.py for tasks to queue
[2024-08-25T00:34:18.952+0000] {logging_mixin.py:190} INFO - [2024-08-25T00:34:18.951+0000] {dagbag.py:587} INFO - Filling up the DagBag from /home/airflow/.local/lib/python3.12/site-packages/airflow/example_dags/example_xcomargs.py
[2024-08-25T00:34:19.064+0000] {processor.py:925} INFO - DAG(s) 'example_xcom_args_with_operators', 'example_xcom_args' retrieved from /home/airflow/.local/lib/python3.12/site-packages/airflow/example_dags/example_xcomargs.py
[2024-08-25T00:34:19.254+0000] {logging_mixin.py:190} INFO - [2024-08-25T00:34:19.253+0000] {dag.py:3211} INFO - Sync 2 DAGs
[2024-08-25T00:34:19.361+0000] {logging_mixin.py:190} INFO - [2024-08-25T00:34:19.360+0000] {dag.py:4138} INFO - Setting next_dagrun for example_xcom_args to None, run_after=None
[2024-08-25T00:34:19.389+0000] {logging_mixin.py:190} INFO - [2024-08-25T00:34:19.389+0000] {dag.py:4138} INFO - Setting next_dagrun for example_xcom_args_with_operators to None, run_after=None
[2024-08-25T00:34:19.485+0000] {processor.py:208} INFO - Processing /home/airflow/.local/lib/python3.12/site-packages/airflow/example_dags/example_xcomargs.py took 0.619 seconds
[2024-08-25T00:34:51.466+0000] {processor.py:186} INFO - Started process (PID=883) to work on /home/airflow/.local/lib/python3.12/site-packages/airflow/example_dags/example_xcomargs.py
[2024-08-25T00:34:51.468+0000] {processor.py:914} INFO - Processing file /home/airflow/.local/lib/python3.12/site-packages/airflow/example_dags/example_xcomargs.py for tasks to queue
[2024-08-25T00:34:51.476+0000] {logging_mixin.py:190} INFO - [2024-08-25T00:34:51.475+0000] {dagbag.py:587} INFO - Filling up the DagBag from /home/airflow/.local/lib/python3.12/site-packages/airflow/example_dags/example_xcomargs.py
[2024-08-25T00:34:51.514+0000] {processor.py:925} INFO - DAG(s) 'example_xcom_args_with_operators', 'example_xcom_args' retrieved from /home/airflow/.local/lib/python3.12/site-packages/airflow/example_dags/example_xcomargs.py
[2024-08-25T00:34:51.603+0000] {logging_mixin.py:190} INFO - [2024-08-25T00:34:51.603+0000] {dag.py:3211} INFO - Sync 2 DAGs
[2024-08-25T00:34:51.653+0000] {logging_mixin.py:190} INFO - [2024-08-25T00:34:51.652+0000] {dag.py:4138} INFO - Setting next_dagrun for example_xcom_args to None, run_after=None
[2024-08-25T00:34:51.664+0000] {logging_mixin.py:190} INFO - [2024-08-25T00:34:51.664+0000] {dag.py:4138} INFO - Setting next_dagrun for example_xcom_args_with_operators to None, run_after=None
[2024-08-25T00:34:51.712+0000] {processor.py:208} INFO - Processing /home/airflow/.local/lib/python3.12/site-packages/airflow/example_dags/example_xcomargs.py took 0.262 seconds
[2024-08-25T00:35:24.396+0000] {processor.py:186} INFO - Started process (PID=945) to work on /home/airflow/.local/lib/python3.12/site-packages/airflow/example_dags/example_xcomargs.py
[2024-08-25T00:35:24.399+0000] {processor.py:914} INFO - Processing file /home/airflow/.local/lib/python3.12/site-packages/airflow/example_dags/example_xcomargs.py for tasks to queue
[2024-08-25T00:35:24.408+0000] {logging_mixin.py:190} INFO - [2024-08-25T00:35:24.407+0000] {dagbag.py:587} INFO - Filling up the DagBag from /home/airflow/.local/lib/python3.12/site-packages/airflow/example_dags/example_xcomargs.py
[2024-08-25T00:35:24.449+0000] {processor.py:925} INFO - DAG(s) 'example_xcom_args', 'example_xcom_args_with_operators' retrieved from /home/airflow/.local/lib/python3.12/site-packages/airflow/example_dags/example_xcomargs.py
[2024-08-25T00:35:24.562+0000] {logging_mixin.py:190} INFO - [2024-08-25T00:35:24.561+0000] {dag.py:3211} INFO - Sync 2 DAGs
[2024-08-25T00:35:24.682+0000] {logging_mixin.py:190} INFO - [2024-08-25T00:35:24.681+0000] {dag.py:4138} INFO - Setting next_dagrun for example_xcom_args to None, run_after=None
[2024-08-25T00:35:24.716+0000] {logging_mixin.py:190} INFO - [2024-08-25T00:35:24.715+0000] {dag.py:4138} INFO - Setting next_dagrun for example_xcom_args_with_operators to None, run_after=None
[2024-08-25T00:35:24.820+0000] {processor.py:208} INFO - Processing /home/airflow/.local/lib/python3.12/site-packages/airflow/example_dags/example_xcomargs.py took 0.454 seconds
[2024-08-25T00:36:00.790+0000] {processor.py:186} INFO - Started process (PID=1008) to work on /home/airflow/.local/lib/python3.12/site-packages/airflow/example_dags/example_xcomargs.py
[2024-08-25T00:36:00.803+0000] {processor.py:914} INFO - Processing file /home/airflow/.local/lib/python3.12/site-packages/airflow/example_dags/example_xcomargs.py for tasks to queue
[2024-08-25T00:36:00.821+0000] {logging_mixin.py:190} INFO - [2024-08-25T00:36:00.820+0000] {dagbag.py:587} INFO - Filling up the DagBag from /home/airflow/.local/lib/python3.12/site-packages/airflow/example_dags/example_xcomargs.py
[2024-08-25T00:36:00.950+0000] {processor.py:925} INFO - DAG(s) 'example_xcom_args', 'example_xcom_args_with_operators' retrieved from /home/airflow/.local/lib/python3.12/site-packages/airflow/example_dags/example_xcomargs.py
[2024-08-25T00:36:01.408+0000] {logging_mixin.py:190} INFO - [2024-08-25T00:36:01.408+0000] {dag.py:3211} INFO - Sync 2 DAGs
[2024-08-25T00:36:01.748+0000] {logging_mixin.py:190} INFO - [2024-08-25T00:36:01.747+0000] {dag.py:4138} INFO - Setting next_dagrun for example_xcom_args to None, run_after=None
[2024-08-25T00:36:01.902+0000] {logging_mixin.py:190} INFO - [2024-08-25T00:36:01.902+0000] {dag.py:4138} INFO - Setting next_dagrun for example_xcom_args_with_operators to None, run_after=None
[2024-08-25T00:36:02.166+0000] {processor.py:208} INFO - Processing /home/airflow/.local/lib/python3.12/site-packages/airflow/example_dags/example_xcomargs.py took 1.431 seconds
[2024-08-25T00:36:32.880+0000] {processor.py:186} INFO - Started process (PID=1071) to work on /home/airflow/.local/lib/python3.12/site-packages/airflow/example_dags/example_xcomargs.py
[2024-08-25T00:36:32.886+0000] {processor.py:914} INFO - Processing file /home/airflow/.local/lib/python3.12/site-packages/airflow/example_dags/example_xcomargs.py for tasks to queue
[2024-08-25T00:36:32.911+0000] {logging_mixin.py:190} INFO - [2024-08-25T00:36:32.904+0000] {dagbag.py:587} INFO - Filling up the DagBag from /home/airflow/.local/lib/python3.12/site-packages/airflow/example_dags/example_xcomargs.py
[2024-08-25T00:36:33.032+0000] {processor.py:925} INFO - DAG(s) 'example_xcom_args', 'example_xcom_args_with_operators' retrieved from /home/airflow/.local/lib/python3.12/site-packages/airflow/example_dags/example_xcomargs.py
[2024-08-25T00:36:33.255+0000] {logging_mixin.py:190} INFO - [2024-08-25T00:36:33.254+0000] {dag.py:3211} INFO - Sync 2 DAGs
[2024-08-25T00:36:33.530+0000] {logging_mixin.py:190} INFO - [2024-08-25T00:36:33.523+0000] {dag.py:4138} INFO - Setting next_dagrun for example_xcom_args to None, run_after=None
[2024-08-25T00:36:33.579+0000] {logging_mixin.py:190} INFO - [2024-08-25T00:36:33.578+0000] {dag.py:4138} INFO - Setting next_dagrun for example_xcom_args_with_operators to None, run_after=None
[2024-08-25T00:36:33.672+0000] {processor.py:208} INFO - Processing /home/airflow/.local/lib/python3.12/site-packages/airflow/example_dags/example_xcomargs.py took 0.846 seconds
[2024-08-25T00:37:04.339+0000] {processor.py:186} INFO - Started process (PID=1135) to work on /home/airflow/.local/lib/python3.12/site-packages/airflow/example_dags/example_xcomargs.py
[2024-08-25T00:37:04.353+0000] {processor.py:914} INFO - Processing file /home/airflow/.local/lib/python3.12/site-packages/airflow/example_dags/example_xcomargs.py for tasks to queue
[2024-08-25T00:37:04.359+0000] {logging_mixin.py:190} INFO - [2024-08-25T00:37:04.358+0000] {dagbag.py:587} INFO - Filling up the DagBag from /home/airflow/.local/lib/python3.12/site-packages/airflow/example_dags/example_xcomargs.py
[2024-08-25T00:37:04.490+0000] {processor.py:925} INFO - DAG(s) 'example_xcom_args_with_operators', 'example_xcom_args' retrieved from /home/airflow/.local/lib/python3.12/site-packages/airflow/example_dags/example_xcomargs.py
[2024-08-25T00:37:04.815+0000] {logging_mixin.py:190} INFO - [2024-08-25T00:37:04.814+0000] {dag.py:3211} INFO - Sync 2 DAGs
[2024-08-25T00:37:04.987+0000] {logging_mixin.py:190} INFO - [2024-08-25T00:37:04.986+0000] {dag.py:4138} INFO - Setting next_dagrun for example_xcom_args to None, run_after=None
[2024-08-25T00:37:05.048+0000] {logging_mixin.py:190} INFO - [2024-08-25T00:37:05.047+0000] {dag.py:4138} INFO - Setting next_dagrun for example_xcom_args_with_operators to None, run_after=None
[2024-08-25T00:37:05.211+0000] {processor.py:208} INFO - Processing /home/airflow/.local/lib/python3.12/site-packages/airflow/example_dags/example_xcomargs.py took 0.922 seconds
[2024-08-25T00:37:35.484+0000] {processor.py:186} INFO - Started process (PID=1196) to work on /home/airflow/.local/lib/python3.12/site-packages/airflow/example_dags/example_xcomargs.py
[2024-08-25T00:37:35.488+0000] {processor.py:914} INFO - Processing file /home/airflow/.local/lib/python3.12/site-packages/airflow/example_dags/example_xcomargs.py for tasks to queue
[2024-08-25T00:37:35.491+0000] {logging_mixin.py:190} INFO - [2024-08-25T00:37:35.491+0000] {dagbag.py:587} INFO - Filling up the DagBag from /home/airflow/.local/lib/python3.12/site-packages/airflow/example_dags/example_xcomargs.py
[2024-08-25T00:37:35.524+0000] {processor.py:925} INFO - DAG(s) 'example_xcom_args', 'example_xcom_args_with_operators' retrieved from /home/airflow/.local/lib/python3.12/site-packages/airflow/example_dags/example_xcomargs.py
[2024-08-25T00:37:35.600+0000] {logging_mixin.py:190} INFO - [2024-08-25T00:37:35.599+0000] {dag.py:3211} INFO - Sync 2 DAGs
[2024-08-25T00:37:35.654+0000] {logging_mixin.py:190} INFO - [2024-08-25T00:37:35.653+0000] {dag.py:4138} INFO - Setting next_dagrun for example_xcom_args to None, run_after=None
[2024-08-25T00:37:35.665+0000] {logging_mixin.py:190} INFO - [2024-08-25T00:37:35.664+0000] {dag.py:4138} INFO - Setting next_dagrun for example_xcom_args_with_operators to None, run_after=None
[2024-08-25T00:37:35.719+0000] {processor.py:208} INFO - Processing /home/airflow/.local/lib/python3.12/site-packages/airflow/example_dags/example_xcomargs.py took 0.253 seconds
[2024-08-25T00:38:06.661+0000] {processor.py:186} INFO - Started process (PID=1259) to work on /home/airflow/.local/lib/python3.12/site-packages/airflow/example_dags/example_xcomargs.py
[2024-08-25T00:38:06.665+0000] {processor.py:914} INFO - Processing file /home/airflow/.local/lib/python3.12/site-packages/airflow/example_dags/example_xcomargs.py for tasks to queue
[2024-08-25T00:38:06.670+0000] {logging_mixin.py:190} INFO - [2024-08-25T00:38:06.669+0000] {dagbag.py:587} INFO - Filling up the DagBag from /home/airflow/.local/lib/python3.12/site-packages/airflow/example_dags/example_xcomargs.py
[2024-08-25T00:38:06.741+0000] {processor.py:925} INFO - DAG(s) 'example_xcom_args', 'example_xcom_args_with_operators' retrieved from /home/airflow/.local/lib/python3.12/site-packages/airflow/example_dags/example_xcomargs.py
[2024-08-25T00:38:06.918+0000] {logging_mixin.py:190} INFO - [2024-08-25T00:38:06.918+0000] {dag.py:3211} INFO - Sync 2 DAGs
[2024-08-25T00:38:06.966+0000] {logging_mixin.py:190} INFO - [2024-08-25T00:38:06.966+0000] {dag.py:4138} INFO - Setting next_dagrun for example_xcom_args to None, run_after=None
[2024-08-25T00:38:06.979+0000] {logging_mixin.py:190} INFO - [2024-08-25T00:38:06.978+0000] {dag.py:4138} INFO - Setting next_dagrun for example_xcom_args_with_operators to None, run_after=None
[2024-08-25T00:38:07.032+0000] {processor.py:208} INFO - Processing /home/airflow/.local/lib/python3.12/site-packages/airflow/example_dags/example_xcomargs.py took 0.398 seconds
[2024-08-25T00:38:39.965+0000] {processor.py:186} INFO - Started process (PID=1322) to work on /home/airflow/.local/lib/python3.12/site-packages/airflow/example_dags/example_xcomargs.py
[2024-08-25T00:38:39.975+0000] {processor.py:914} INFO - Processing file /home/airflow/.local/lib/python3.12/site-packages/airflow/example_dags/example_xcomargs.py for tasks to queue
[2024-08-25T00:38:39.984+0000] {logging_mixin.py:190} INFO - [2024-08-25T00:38:39.983+0000] {dagbag.py:587} INFO - Filling up the DagBag from /home/airflow/.local/lib/python3.12/site-packages/airflow/example_dags/example_xcomargs.py
[2024-08-25T00:38:40.074+0000] {processor.py:925} INFO - DAG(s) 'example_xcom_args_with_operators', 'example_xcom_args' retrieved from /home/airflow/.local/lib/python3.12/site-packages/airflow/example_dags/example_xcomargs.py
[2024-08-25T00:38:40.248+0000] {logging_mixin.py:190} INFO - [2024-08-25T00:38:40.247+0000] {dag.py:3211} INFO - Sync 2 DAGs
[2024-08-25T00:38:40.452+0000] {logging_mixin.py:190} INFO - [2024-08-25T00:38:40.434+0000] {dag.py:4138} INFO - Setting next_dagrun for example_xcom_args to None, run_after=None
[2024-08-25T00:38:40.477+0000] {logging_mixin.py:190} INFO - [2024-08-25T00:38:40.476+0000] {dag.py:4138} INFO - Setting next_dagrun for example_xcom_args_with_operators to None, run_after=None
[2024-08-25T00:38:40.629+0000] {processor.py:208} INFO - Processing /home/airflow/.local/lib/python3.12/site-packages/airflow/example_dags/example_xcomargs.py took 0.701 seconds
[2024-08-25T00:39:13.428+0000] {processor.py:186} INFO - Started process (PID=1387) to work on /home/airflow/.local/lib/python3.12/site-packages/airflow/example_dags/example_xcomargs.py
[2024-08-25T00:39:13.431+0000] {processor.py:914} INFO - Processing file /home/airflow/.local/lib/python3.12/site-packages/airflow/example_dags/example_xcomargs.py for tasks to queue
[2024-08-25T00:39:13.460+0000] {logging_mixin.py:190} INFO - [2024-08-25T00:39:13.459+0000] {dagbag.py:587} INFO - Filling up the DagBag from /home/airflow/.local/lib/python3.12/site-packages/airflow/example_dags/example_xcomargs.py
[2024-08-25T00:39:13.599+0000] {processor.py:925} INFO - DAG(s) 'example_xcom_args', 'example_xcom_args_with_operators' retrieved from /home/airflow/.local/lib/python3.12/site-packages/airflow/example_dags/example_xcomargs.py
[2024-08-25T00:39:13.785+0000] {logging_mixin.py:190} INFO - [2024-08-25T00:39:13.784+0000] {dag.py:3211} INFO - Sync 2 DAGs
[2024-08-25T00:39:13.883+0000] {logging_mixin.py:190} INFO - [2024-08-25T00:39:13.881+0000] {dag.py:4138} INFO - Setting next_dagrun for example_xcom_args to None, run_after=None
[2024-08-25T00:39:13.909+0000] {logging_mixin.py:190} INFO - [2024-08-25T00:39:13.907+0000] {dag.py:4138} INFO - Setting next_dagrun for example_xcom_args_with_operators to None, run_after=None
[2024-08-25T00:39:14.047+0000] {processor.py:208} INFO - Processing /home/airflow/.local/lib/python3.12/site-packages/airflow/example_dags/example_xcomargs.py took 0.696 seconds
[2024-08-25T00:39:44.398+0000] {processor.py:186} INFO - Started process (PID=1449) to work on /home/airflow/.local/lib/python3.12/site-packages/airflow/example_dags/example_xcomargs.py
[2024-08-25T00:39:44.410+0000] {processor.py:914} INFO - Processing file /home/airflow/.local/lib/python3.12/site-packages/airflow/example_dags/example_xcomargs.py for tasks to queue
[2024-08-25T00:39:44.415+0000] {logging_mixin.py:190} INFO - [2024-08-25T00:39:44.414+0000] {dagbag.py:587} INFO - Filling up the DagBag from /home/airflow/.local/lib/python3.12/site-packages/airflow/example_dags/example_xcomargs.py
[2024-08-25T00:39:44.469+0000] {processor.py:925} INFO - DAG(s) 'example_xcom_args', 'example_xcom_args_with_operators' retrieved from /home/airflow/.local/lib/python3.12/site-packages/airflow/example_dags/example_xcomargs.py
[2024-08-25T00:39:44.543+0000] {logging_mixin.py:190} INFO - [2024-08-25T00:39:44.542+0000] {dag.py:3211} INFO - Sync 2 DAGs
[2024-08-25T00:39:44.588+0000] {logging_mixin.py:190} INFO - [2024-08-25T00:39:44.588+0000] {dag.py:4138} INFO - Setting next_dagrun for example_xcom_args to None, run_after=None
[2024-08-25T00:39:44.603+0000] {logging_mixin.py:190} INFO - [2024-08-25T00:39:44.603+0000] {dag.py:4138} INFO - Setting next_dagrun for example_xcom_args_with_operators to None, run_after=None
[2024-08-25T00:39:44.650+0000] {processor.py:208} INFO - Processing /home/airflow/.local/lib/python3.12/site-packages/airflow/example_dags/example_xcomargs.py took 0.293 seconds
[2024-08-25T00:40:16.441+0000] {processor.py:186} INFO - Started process (PID=1511) to work on /home/airflow/.local/lib/python3.12/site-packages/airflow/example_dags/example_xcomargs.py
[2024-08-25T00:40:16.444+0000] {processor.py:914} INFO - Processing file /home/airflow/.local/lib/python3.12/site-packages/airflow/example_dags/example_xcomargs.py for tasks to queue
[2024-08-25T00:40:16.447+0000] {logging_mixin.py:190} INFO - [2024-08-25T00:40:16.446+0000] {dagbag.py:587} INFO - Filling up the DagBag from /home/airflow/.local/lib/python3.12/site-packages/airflow/example_dags/example_xcomargs.py
[2024-08-25T00:40:16.490+0000] {processor.py:925} INFO - DAG(s) 'example_xcom_args_with_operators', 'example_xcom_args' retrieved from /home/airflow/.local/lib/python3.12/site-packages/airflow/example_dags/example_xcomargs.py
[2024-08-25T00:40:16.604+0000] {logging_mixin.py:190} INFO - [2024-08-25T00:40:16.603+0000] {dag.py:3211} INFO - Sync 2 DAGs
[2024-08-25T00:40:16.676+0000] {logging_mixin.py:190} INFO - [2024-08-25T00:40:16.676+0000] {dag.py:4138} INFO - Setting next_dagrun for example_xcom_args to None, run_after=None
[2024-08-25T00:40:16.691+0000] {logging_mixin.py:190} INFO - [2024-08-25T00:40:16.690+0000] {dag.py:4138} INFO - Setting next_dagrun for example_xcom_args_with_operators to None, run_after=None
[2024-08-25T00:40:16.737+0000] {processor.py:208} INFO - Processing /home/airflow/.local/lib/python3.12/site-packages/airflow/example_dags/example_xcomargs.py took 0.314 seconds
[2024-08-25T00:40:47.142+0000] {processor.py:186} INFO - Started process (PID=1573) to work on /home/airflow/.local/lib/python3.12/site-packages/airflow/example_dags/example_xcomargs.py
[2024-08-25T00:40:47.144+0000] {processor.py:914} INFO - Processing file /home/airflow/.local/lib/python3.12/site-packages/airflow/example_dags/example_xcomargs.py for tasks to queue
[2024-08-25T00:40:47.147+0000] {logging_mixin.py:190} INFO - [2024-08-25T00:40:47.146+0000] {dagbag.py:587} INFO - Filling up the DagBag from /home/airflow/.local/lib/python3.12/site-packages/airflow/example_dags/example_xcomargs.py
[2024-08-25T00:40:47.184+0000] {processor.py:925} INFO - DAG(s) 'example_xcom_args_with_operators', 'example_xcom_args' retrieved from /home/airflow/.local/lib/python3.12/site-packages/airflow/example_dags/example_xcomargs.py
[2024-08-25T00:40:47.260+0000] {logging_mixin.py:190} INFO - [2024-08-25T00:40:47.260+0000] {dag.py:3211} INFO - Sync 2 DAGs
[2024-08-25T00:40:47.312+0000] {logging_mixin.py:190} INFO - [2024-08-25T00:40:47.311+0000] {dag.py:4138} INFO - Setting next_dagrun for example_xcom_args to None, run_after=None
[2024-08-25T00:40:47.327+0000] {logging_mixin.py:190} INFO - [2024-08-25T00:40:47.326+0000] {dag.py:4138} INFO - Setting next_dagrun for example_xcom_args_with_operators to None, run_after=None
[2024-08-25T00:40:47.375+0000] {processor.py:208} INFO - Processing /home/airflow/.local/lib/python3.12/site-packages/airflow/example_dags/example_xcomargs.py took 0.249 seconds
[2024-08-25T00:41:22.856+0000] {processor.py:186} INFO - Started process (PID=1636) to work on /home/airflow/.local/lib/python3.12/site-packages/airflow/example_dags/example_xcomargs.py
[2024-08-25T00:41:22.859+0000] {processor.py:914} INFO - Processing file /home/airflow/.local/lib/python3.12/site-packages/airflow/example_dags/example_xcomargs.py for tasks to queue
[2024-08-25T00:41:22.866+0000] {logging_mixin.py:190} INFO - [2024-08-25T00:41:22.863+0000] {dagbag.py:587} INFO - Filling up the DagBag from /home/airflow/.local/lib/python3.12/site-packages/airflow/example_dags/example_xcomargs.py
[2024-08-25T00:41:22.964+0000] {processor.py:925} INFO - DAG(s) 'example_xcom_args', 'example_xcom_args_with_operators' retrieved from /home/airflow/.local/lib/python3.12/site-packages/airflow/example_dags/example_xcomargs.py
[2024-08-25T00:41:23.112+0000] {logging_mixin.py:190} INFO - [2024-08-25T00:41:23.111+0000] {dag.py:3211} INFO - Sync 2 DAGs
[2024-08-25T00:41:23.311+0000] {logging_mixin.py:190} INFO - [2024-08-25T00:41:23.310+0000] {dag.py:4138} INFO - Setting next_dagrun for example_xcom_args to None, run_after=None
[2024-08-25T00:41:23.409+0000] {logging_mixin.py:190} INFO - [2024-08-25T00:41:23.409+0000] {dag.py:4138} INFO - Setting next_dagrun for example_xcom_args_with_operators to None, run_after=None
[2024-08-25T00:41:23.602+0000] {processor.py:208} INFO - Processing /home/airflow/.local/lib/python3.12/site-packages/airflow/example_dags/example_xcomargs.py took 0.768 seconds
