[2024-08-25T00:00:15.670+0000] {processor.py:186} INFO - Started process (PID=38536) to work on /home/airflow/.local/lib/python3.12/site-packages/airflow/example_dags/example_branch_operator.py
[2024-08-25T00:00:15.694+0000] {processor.py:914} INFO - Processing file /home/airflow/.local/lib/python3.12/site-packages/airflow/example_dags/example_branch_operator.py for tasks to queue
[2024-08-25T00:00:15.711+0000] {logging_mixin.py:190} INFO - [2024-08-25T00:00:15.710+0000] {dagbag.py:587} INFO - Filling up the DagBag from /home/airflow/.local/lib/python3.12/site-packages/airflow/example_dags/example_branch_operator.py
[2024-08-25T00:00:15.822+0000] {processor.py:925} INFO - DAG(s) 'example_branch_operator' retrieved from /home/airflow/.local/lib/python3.12/site-packages/airflow/example_dags/example_branch_operator.py
[2024-08-25T00:00:15.960+0000] {logging_mixin.py:190} INFO - [2024-08-25T00:00:15.959+0000] {dag.py:3211} INFO - Sync 1 DAGs
[2024-08-25T00:00:16.025+0000] {logging_mixin.py:190} INFO - [2024-08-25T00:00:16.025+0000] {dag.py:4138} INFO - Setting next_dagrun for example_branch_operator to 2024-08-24 00:00:00+00:00, run_after=2024-08-25 00:00:00+00:00
[2024-08-25T00:00:16.072+0000] {processor.py:208} INFO - Processing /home/airflow/.local/lib/python3.12/site-packages/airflow/example_dags/example_branch_operator.py took 0.424 seconds
[2024-08-25T00:05:57.029+0000] {processor.py:186} INFO - Started process (PID=105) to work on /home/airflow/.local/lib/python3.12/site-packages/airflow/example_dags/example_branch_operator.py
[2024-08-25T00:05:57.032+0000] {processor.py:914} INFO - Processing file /home/airflow/.local/lib/python3.12/site-packages/airflow/example_dags/example_branch_operator.py for tasks to queue
[2024-08-25T00:05:57.042+0000] {logging_mixin.py:190} INFO - [2024-08-25T00:05:57.041+0000] {dagbag.py:587} INFO - Filling up the DagBag from /home/airflow/.local/lib/python3.12/site-packages/airflow/example_dags/example_branch_operator.py
[2024-08-25T00:05:57.235+0000] {processor.py:925} INFO - DAG(s) 'example_branch_operator' retrieved from /home/airflow/.local/lib/python3.12/site-packages/airflow/example_dags/example_branch_operator.py
[2024-08-25T00:05:57.847+0000] {logging_mixin.py:190} INFO - [2024-08-25T00:05:57.839+0000] {dag.py:3211} INFO - Sync 1 DAGs
[2024-08-25T00:05:58.003+0000] {logging_mixin.py:190} INFO - [2024-08-25T00:05:58.002+0000] {dag.py:4138} INFO - Setting next_dagrun for example_branch_operator to 2024-08-24 00:00:00+00:00, run_after=2024-08-25 00:00:00+00:00
[2024-08-25T00:05:58.110+0000] {processor.py:208} INFO - Processing /home/airflow/.local/lib/python3.12/site-packages/airflow/example_dags/example_branch_operator.py took 1.103 seconds
[2024-08-25T00:06:46.174+0000] {processor.py:186} INFO - Started process (PID=170) to work on /home/airflow/.local/lib/python3.12/site-packages/airflow/example_dags/example_branch_operator.py
[2024-08-25T00:06:46.179+0000] {processor.py:914} INFO - Processing file /home/airflow/.local/lib/python3.12/site-packages/airflow/example_dags/example_branch_operator.py for tasks to queue
[2024-08-25T00:06:46.192+0000] {logging_mixin.py:190} INFO - [2024-08-25T00:06:46.191+0000] {dagbag.py:587} INFO - Filling up the DagBag from /home/airflow/.local/lib/python3.12/site-packages/airflow/example_dags/example_branch_operator.py
[2024-08-25T00:06:46.387+0000] {processor.py:925} INFO - DAG(s) 'example_branch_operator' retrieved from /home/airflow/.local/lib/python3.12/site-packages/airflow/example_dags/example_branch_operator.py
[2024-08-25T00:06:47.240+0000] {logging_mixin.py:190} INFO - [2024-08-25T00:06:47.227+0000] {dag.py:3211} INFO - Sync 1 DAGs
[2024-08-25T00:06:47.705+0000] {logging_mixin.py:190} INFO - [2024-08-25T00:06:47.692+0000] {dag.py:4138} INFO - Setting next_dagrun for example_branch_operator to 2024-08-24 00:00:00+00:00, run_after=2024-08-25 00:00:00+00:00
[2024-08-25T00:06:47.931+0000] {processor.py:208} INFO - Processing /home/airflow/.local/lib/python3.12/site-packages/airflow/example_dags/example_branch_operator.py took 1.811 seconds
[2024-08-25T00:07:24.094+0000] {processor.py:186} INFO - Started process (PID=233) to work on /home/airflow/.local/lib/python3.12/site-packages/airflow/example_dags/example_branch_operator.py
[2024-08-25T00:07:24.098+0000] {processor.py:914} INFO - Processing file /home/airflow/.local/lib/python3.12/site-packages/airflow/example_dags/example_branch_operator.py for tasks to queue
[2024-08-25T00:07:24.111+0000] {logging_mixin.py:190} INFO - [2024-08-25T00:07:24.110+0000] {dagbag.py:587} INFO - Filling up the DagBag from /home/airflow/.local/lib/python3.12/site-packages/airflow/example_dags/example_branch_operator.py
[2024-08-25T00:07:24.232+0000] {processor.py:925} INFO - DAG(s) 'example_branch_operator' retrieved from /home/airflow/.local/lib/python3.12/site-packages/airflow/example_dags/example_branch_operator.py
[2024-08-25T00:07:24.375+0000] {logging_mixin.py:190} INFO - [2024-08-25T00:07:24.373+0000] {dag.py:3211} INFO - Sync 1 DAGs
[2024-08-25T00:07:24.491+0000] {logging_mixin.py:190} INFO - [2024-08-25T00:07:24.490+0000] {dag.py:4138} INFO - Setting next_dagrun for example_branch_operator to 2024-08-24 00:00:00+00:00, run_after=2024-08-25 00:00:00+00:00
[2024-08-25T00:07:24.573+0000] {processor.py:208} INFO - Processing /home/airflow/.local/lib/python3.12/site-packages/airflow/example_dags/example_branch_operator.py took 0.501 seconds
[2024-08-25T00:07:58.322+0000] {processor.py:186} INFO - Started process (PID=295) to work on /home/airflow/.local/lib/python3.12/site-packages/airflow/example_dags/example_branch_operator.py
[2024-08-25T00:07:58.345+0000] {processor.py:914} INFO - Processing file /home/airflow/.local/lib/python3.12/site-packages/airflow/example_dags/example_branch_operator.py for tasks to queue
[2024-08-25T00:07:58.364+0000] {logging_mixin.py:190} INFO - [2024-08-25T00:07:58.363+0000] {dagbag.py:587} INFO - Filling up the DagBag from /home/airflow/.local/lib/python3.12/site-packages/airflow/example_dags/example_branch_operator.py
[2024-08-25T00:07:58.604+0000] {processor.py:925} INFO - DAG(s) 'example_branch_operator' retrieved from /home/airflow/.local/lib/python3.12/site-packages/airflow/example_dags/example_branch_operator.py
[2024-08-25T00:07:58.874+0000] {logging_mixin.py:190} INFO - [2024-08-25T00:07:58.872+0000] {dag.py:3211} INFO - Sync 1 DAGs
[2024-08-25T00:07:58.998+0000] {logging_mixin.py:190} INFO - [2024-08-25T00:07:58.998+0000] {dag.py:4138} INFO - Setting next_dagrun for example_branch_operator to 2024-08-24 00:00:00+00:00, run_after=2024-08-25 00:00:00+00:00
[2024-08-25T00:07:59.118+0000] {processor.py:208} INFO - Processing /home/airflow/.local/lib/python3.12/site-packages/airflow/example_dags/example_branch_operator.py took 0.850 seconds
[2024-08-25T00:08:30.905+0000] {processor.py:186} INFO - Started process (PID=364) to work on /home/airflow/.local/lib/python3.12/site-packages/airflow/example_dags/example_branch_operator.py
[2024-08-25T00:08:30.931+0000] {processor.py:914} INFO - Processing file /home/airflow/.local/lib/python3.12/site-packages/airflow/example_dags/example_branch_operator.py for tasks to queue
[2024-08-25T00:08:30.955+0000] {logging_mixin.py:190} INFO - [2024-08-25T00:08:30.954+0000] {dagbag.py:587} INFO - Filling up the DagBag from /home/airflow/.local/lib/python3.12/site-packages/airflow/example_dags/example_branch_operator.py
[2024-08-25T00:08:31.192+0000] {processor.py:925} INFO - DAG(s) 'example_branch_operator' retrieved from /home/airflow/.local/lib/python3.12/site-packages/airflow/example_dags/example_branch_operator.py
[2024-08-25T00:08:31.335+0000] {logging_mixin.py:190} INFO - [2024-08-25T00:08:31.333+0000] {dag.py:3211} INFO - Sync 1 DAGs
[2024-08-25T00:08:31.466+0000] {logging_mixin.py:190} INFO - [2024-08-25T00:08:31.466+0000] {dag.py:4138} INFO - Setting next_dagrun for example_branch_operator to 2024-08-24 00:00:00+00:00, run_after=2024-08-25 00:00:00+00:00
[2024-08-25T00:08:31.543+0000] {processor.py:208} INFO - Processing /home/airflow/.local/lib/python3.12/site-packages/airflow/example_dags/example_branch_operator.py took 0.659 seconds
[2024-08-25T00:09:02.249+0000] {processor.py:186} INFO - Started process (PID=427) to work on /home/airflow/.local/lib/python3.12/site-packages/airflow/example_dags/example_branch_operator.py
[2024-08-25T00:09:02.257+0000] {processor.py:914} INFO - Processing file /home/airflow/.local/lib/python3.12/site-packages/airflow/example_dags/example_branch_operator.py for tasks to queue
[2024-08-25T00:09:02.273+0000] {logging_mixin.py:190} INFO - [2024-08-25T00:09:02.272+0000] {dagbag.py:587} INFO - Filling up the DagBag from /home/airflow/.local/lib/python3.12/site-packages/airflow/example_dags/example_branch_operator.py
[2024-08-25T00:09:02.527+0000] {processor.py:925} INFO - DAG(s) 'example_branch_operator' retrieved from /home/airflow/.local/lib/python3.12/site-packages/airflow/example_dags/example_branch_operator.py
[2024-08-25T00:09:02.711+0000] {logging_mixin.py:190} INFO - [2024-08-25T00:09:02.710+0000] {dag.py:3211} INFO - Sync 1 DAGs
[2024-08-25T00:09:02.817+0000] {logging_mixin.py:190} INFO - [2024-08-25T00:09:02.817+0000] {dag.py:4138} INFO - Setting next_dagrun for example_branch_operator to 2024-08-24 00:00:00+00:00, run_after=2024-08-25 00:00:00+00:00
[2024-08-25T00:09:02.899+0000] {processor.py:208} INFO - Processing /home/airflow/.local/lib/python3.12/site-packages/airflow/example_dags/example_branch_operator.py took 0.704 seconds
[2024-08-25T00:09:33.052+0000] {processor.py:186} INFO - Started process (PID=491) to work on /home/airflow/.local/lib/python3.12/site-packages/airflow/example_dags/example_branch_operator.py
[2024-08-25T00:09:33.054+0000] {processor.py:914} INFO - Processing file /home/airflow/.local/lib/python3.12/site-packages/airflow/example_dags/example_branch_operator.py for tasks to queue
[2024-08-25T00:09:33.063+0000] {logging_mixin.py:190} INFO - [2024-08-25T00:09:33.061+0000] {dagbag.py:587} INFO - Filling up the DagBag from /home/airflow/.local/lib/python3.12/site-packages/airflow/example_dags/example_branch_operator.py
[2024-08-25T00:09:33.152+0000] {processor.py:925} INFO - DAG(s) 'example_branch_operator' retrieved from /home/airflow/.local/lib/python3.12/site-packages/airflow/example_dags/example_branch_operator.py
[2024-08-25T00:09:33.345+0000] {logging_mixin.py:190} INFO - [2024-08-25T00:09:33.341+0000] {dag.py:3211} INFO - Sync 1 DAGs
[2024-08-25T00:09:33.434+0000] {logging_mixin.py:190} INFO - [2024-08-25T00:09:33.433+0000] {dag.py:4138} INFO - Setting next_dagrun for example_branch_operator to 2024-08-24 00:00:00+00:00, run_after=2024-08-25 00:00:00+00:00
[2024-08-25T00:09:33.477+0000] {processor.py:208} INFO - Processing /home/airflow/.local/lib/python3.12/site-packages/airflow/example_dags/example_branch_operator.py took 0.449 seconds
[2024-08-25T00:10:03.750+0000] {processor.py:186} INFO - Started process (PID=555) to work on /home/airflow/.local/lib/python3.12/site-packages/airflow/example_dags/example_branch_operator.py
[2024-08-25T00:10:03.752+0000] {processor.py:914} INFO - Processing file /home/airflow/.local/lib/python3.12/site-packages/airflow/example_dags/example_branch_operator.py for tasks to queue
[2024-08-25T00:10:03.758+0000] {logging_mixin.py:190} INFO - [2024-08-25T00:10:03.758+0000] {dagbag.py:587} INFO - Filling up the DagBag from /home/airflow/.local/lib/python3.12/site-packages/airflow/example_dags/example_branch_operator.py
[2024-08-25T00:10:03.814+0000] {processor.py:925} INFO - DAG(s) 'example_branch_operator' retrieved from /home/airflow/.local/lib/python3.12/site-packages/airflow/example_dags/example_branch_operator.py
[2024-08-25T00:10:03.897+0000] {logging_mixin.py:190} INFO - [2024-08-25T00:10:03.896+0000] {dag.py:3211} INFO - Sync 1 DAGs
[2024-08-25T00:10:03.961+0000] {logging_mixin.py:190} INFO - [2024-08-25T00:10:03.961+0000] {dag.py:4138} INFO - Setting next_dagrun for example_branch_operator to 2024-08-24 00:00:00+00:00, run_after=2024-08-25 00:00:00+00:00
[2024-08-25T00:10:03.997+0000] {processor.py:208} INFO - Processing /home/airflow/.local/lib/python3.12/site-packages/airflow/example_dags/example_branch_operator.py took 0.263 seconds
[2024-08-25T00:10:36.392+0000] {processor.py:186} INFO - Started process (PID=617) to work on /home/airflow/.local/lib/python3.12/site-packages/airflow/example_dags/example_branch_operator.py
[2024-08-25T00:10:36.416+0000] {processor.py:914} INFO - Processing file /home/airflow/.local/lib/python3.12/site-packages/airflow/example_dags/example_branch_operator.py for tasks to queue
[2024-08-25T00:10:36.426+0000] {logging_mixin.py:190} INFO - [2024-08-25T00:10:36.425+0000] {dagbag.py:587} INFO - Filling up the DagBag from /home/airflow/.local/lib/python3.12/site-packages/airflow/example_dags/example_branch_operator.py
[2024-08-25T00:10:36.569+0000] {processor.py:925} INFO - DAG(s) 'example_branch_operator' retrieved from /home/airflow/.local/lib/python3.12/site-packages/airflow/example_dags/example_branch_operator.py
[2024-08-25T00:10:36.910+0000] {logging_mixin.py:190} INFO - [2024-08-25T00:10:36.909+0000] {dag.py:3211} INFO - Sync 1 DAGs
[2024-08-25T00:10:37.083+0000] {logging_mixin.py:190} INFO - [2024-08-25T00:10:37.082+0000] {dag.py:4138} INFO - Setting next_dagrun for example_branch_operator to 2024-08-24 00:00:00+00:00, run_after=2024-08-25 00:00:00+00:00
[2024-08-25T00:10:37.233+0000] {processor.py:208} INFO - Processing /home/airflow/.local/lib/python3.12/site-packages/airflow/example_dags/example_branch_operator.py took 0.896 seconds
[2024-08-25T00:11:07.877+0000] {processor.py:186} INFO - Started process (PID=679) to work on /home/airflow/.local/lib/python3.12/site-packages/airflow/example_dags/example_branch_operator.py
[2024-08-25T00:11:07.892+0000] {processor.py:914} INFO - Processing file /home/airflow/.local/lib/python3.12/site-packages/airflow/example_dags/example_branch_operator.py for tasks to queue
[2024-08-25T00:11:07.926+0000] {logging_mixin.py:190} INFO - [2024-08-25T00:11:07.925+0000] {dagbag.py:587} INFO - Filling up the DagBag from /home/airflow/.local/lib/python3.12/site-packages/airflow/example_dags/example_branch_operator.py
[2024-08-25T00:11:08.144+0000] {processor.py:925} INFO - DAG(s) 'example_branch_operator' retrieved from /home/airflow/.local/lib/python3.12/site-packages/airflow/example_dags/example_branch_operator.py
[2024-08-25T00:11:08.381+0000] {logging_mixin.py:190} INFO - [2024-08-25T00:11:08.380+0000] {dag.py:3211} INFO - Sync 1 DAGs
[2024-08-25T00:11:08.483+0000] {logging_mixin.py:190} INFO - [2024-08-25T00:11:08.483+0000] {dag.py:4138} INFO - Setting next_dagrun for example_branch_operator to 2024-08-24 00:00:00+00:00, run_after=2024-08-25 00:00:00+00:00
[2024-08-25T00:11:08.623+0000] {processor.py:208} INFO - Processing /home/airflow/.local/lib/python3.12/site-packages/airflow/example_dags/example_branch_operator.py took 0.814 seconds
[2024-08-25T00:11:38.932+0000] {processor.py:186} INFO - Started process (PID=742) to work on /home/airflow/.local/lib/python3.12/site-packages/airflow/example_dags/example_branch_operator.py
[2024-08-25T00:11:38.935+0000] {processor.py:914} INFO - Processing file /home/airflow/.local/lib/python3.12/site-packages/airflow/example_dags/example_branch_operator.py for tasks to queue
[2024-08-25T00:11:38.942+0000] {logging_mixin.py:190} INFO - [2024-08-25T00:11:38.941+0000] {dagbag.py:587} INFO - Filling up the DagBag from /home/airflow/.local/lib/python3.12/site-packages/airflow/example_dags/example_branch_operator.py
[2024-08-25T00:11:39.012+0000] {processor.py:925} INFO - DAG(s) 'example_branch_operator' retrieved from /home/airflow/.local/lib/python3.12/site-packages/airflow/example_dags/example_branch_operator.py
[2024-08-25T00:11:39.236+0000] {logging_mixin.py:190} INFO - [2024-08-25T00:11:39.234+0000] {dag.py:3211} INFO - Sync 1 DAGs
[2024-08-25T00:11:39.473+0000] {logging_mixin.py:190} INFO - [2024-08-25T00:11:39.472+0000] {dag.py:4138} INFO - Setting next_dagrun for example_branch_operator to 2024-08-24 00:00:00+00:00, run_after=2024-08-25 00:00:00+00:00
[2024-08-25T00:11:39.560+0000] {processor.py:208} INFO - Processing /home/airflow/.local/lib/python3.12/site-packages/airflow/example_dags/example_branch_operator.py took 0.649 seconds
[2024-08-25T00:12:09.795+0000] {processor.py:186} INFO - Started process (PID=806) to work on /home/airflow/.local/lib/python3.12/site-packages/airflow/example_dags/example_branch_operator.py
[2024-08-25T00:12:09.806+0000] {processor.py:914} INFO - Processing file /home/airflow/.local/lib/python3.12/site-packages/airflow/example_dags/example_branch_operator.py for tasks to queue
[2024-08-25T00:12:09.831+0000] {logging_mixin.py:190} INFO - [2024-08-25T00:12:09.830+0000] {dagbag.py:587} INFO - Filling up the DagBag from /home/airflow/.local/lib/python3.12/site-packages/airflow/example_dags/example_branch_operator.py
[2024-08-25T00:12:09.949+0000] {processor.py:925} INFO - DAG(s) 'example_branch_operator' retrieved from /home/airflow/.local/lib/python3.12/site-packages/airflow/example_dags/example_branch_operator.py
[2024-08-25T00:12:10.110+0000] {logging_mixin.py:190} INFO - [2024-08-25T00:12:10.108+0000] {dag.py:3211} INFO - Sync 1 DAGs
[2024-08-25T00:12:10.194+0000] {logging_mixin.py:190} INFO - [2024-08-25T00:12:10.194+0000] {dag.py:4138} INFO - Setting next_dagrun for example_branch_operator to 2024-08-24 00:00:00+00:00, run_after=2024-08-25 00:00:00+00:00
[2024-08-25T00:12:10.240+0000] {processor.py:208} INFO - Processing /home/airflow/.local/lib/python3.12/site-packages/airflow/example_dags/example_branch_operator.py took 0.485 seconds
[2024-08-25T00:12:41.219+0000] {processor.py:186} INFO - Started process (PID=869) to work on /home/airflow/.local/lib/python3.12/site-packages/airflow/example_dags/example_branch_operator.py
[2024-08-25T00:12:41.222+0000] {processor.py:914} INFO - Processing file /home/airflow/.local/lib/python3.12/site-packages/airflow/example_dags/example_branch_operator.py for tasks to queue
[2024-08-25T00:12:41.229+0000] {logging_mixin.py:190} INFO - [2024-08-25T00:12:41.227+0000] {dagbag.py:587} INFO - Filling up the DagBag from /home/airflow/.local/lib/python3.12/site-packages/airflow/example_dags/example_branch_operator.py
[2024-08-25T00:12:41.304+0000] {processor.py:925} INFO - DAG(s) 'example_branch_operator' retrieved from /home/airflow/.local/lib/python3.12/site-packages/airflow/example_dags/example_branch_operator.py
[2024-08-25T00:12:41.444+0000] {logging_mixin.py:190} INFO - [2024-08-25T00:12:41.443+0000] {dag.py:3211} INFO - Sync 1 DAGs
[2024-08-25T00:12:41.512+0000] {logging_mixin.py:190} INFO - [2024-08-25T00:12:41.512+0000] {dag.py:4138} INFO - Setting next_dagrun for example_branch_operator to 2024-08-24 00:00:00+00:00, run_after=2024-08-25 00:00:00+00:00
[2024-08-25T00:12:41.555+0000] {processor.py:208} INFO - Processing /home/airflow/.local/lib/python3.12/site-packages/airflow/example_dags/example_branch_operator.py took 0.355 seconds
[2024-08-25T00:13:12.135+0000] {processor.py:186} INFO - Started process (PID=932) to work on /home/airflow/.local/lib/python3.12/site-packages/airflow/example_dags/example_branch_operator.py
[2024-08-25T00:13:12.137+0000] {processor.py:914} INFO - Processing file /home/airflow/.local/lib/python3.12/site-packages/airflow/example_dags/example_branch_operator.py for tasks to queue
[2024-08-25T00:13:12.143+0000] {logging_mixin.py:190} INFO - [2024-08-25T00:13:12.142+0000] {dagbag.py:587} INFO - Filling up the DagBag from /home/airflow/.local/lib/python3.12/site-packages/airflow/example_dags/example_branch_operator.py
[2024-08-25T00:13:12.194+0000] {processor.py:925} INFO - DAG(s) 'example_branch_operator' retrieved from /home/airflow/.local/lib/python3.12/site-packages/airflow/example_dags/example_branch_operator.py
[2024-08-25T00:13:12.325+0000] {logging_mixin.py:190} INFO - [2024-08-25T00:13:12.323+0000] {dag.py:3211} INFO - Sync 1 DAGs
[2024-08-25T00:13:12.443+0000] {logging_mixin.py:190} INFO - [2024-08-25T00:13:12.442+0000] {dag.py:4138} INFO - Setting next_dagrun for example_branch_operator to 2024-08-24 00:00:00+00:00, run_after=2024-08-25 00:00:00+00:00
[2024-08-25T00:13:12.551+0000] {processor.py:208} INFO - Processing /home/airflow/.local/lib/python3.12/site-packages/airflow/example_dags/example_branch_operator.py took 0.433 seconds
[2024-08-25T00:13:47.652+0000] {processor.py:186} INFO - Started process (PID=995) to work on /home/airflow/.local/lib/python3.12/site-packages/airflow/example_dags/example_branch_operator.py
[2024-08-25T00:13:47.661+0000] {processor.py:914} INFO - Processing file /home/airflow/.local/lib/python3.12/site-packages/airflow/example_dags/example_branch_operator.py for tasks to queue
[2024-08-25T00:13:47.685+0000] {logging_mixin.py:190} INFO - [2024-08-25T00:13:47.680+0000] {dagbag.py:587} INFO - Filling up the DagBag from /home/airflow/.local/lib/python3.12/site-packages/airflow/example_dags/example_branch_operator.py
[2024-08-25T00:13:47.881+0000] {processor.py:925} INFO - DAG(s) 'example_branch_operator' retrieved from /home/airflow/.local/lib/python3.12/site-packages/airflow/example_dags/example_branch_operator.py
[2024-08-25T00:13:48.286+0000] {logging_mixin.py:190} INFO - [2024-08-25T00:13:48.285+0000] {dag.py:3211} INFO - Sync 1 DAGs
[2024-08-25T00:13:48.466+0000] {logging_mixin.py:190} INFO - [2024-08-25T00:13:48.459+0000] {dag.py:4138} INFO - Setting next_dagrun for example_branch_operator to 2024-08-24 00:00:00+00:00, run_after=2024-08-25 00:00:00+00:00
[2024-08-25T00:13:48.583+0000] {processor.py:208} INFO - Processing /home/airflow/.local/lib/python3.12/site-packages/airflow/example_dags/example_branch_operator.py took 0.983 seconds
[2024-08-25T00:14:19.482+0000] {processor.py:186} INFO - Started process (PID=1059) to work on /home/airflow/.local/lib/python3.12/site-packages/airflow/example_dags/example_branch_operator.py
[2024-08-25T00:14:19.488+0000] {processor.py:914} INFO - Processing file /home/airflow/.local/lib/python3.12/site-packages/airflow/example_dags/example_branch_operator.py for tasks to queue
[2024-08-25T00:14:19.494+0000] {logging_mixin.py:190} INFO - [2024-08-25T00:14:19.494+0000] {dagbag.py:587} INFO - Filling up the DagBag from /home/airflow/.local/lib/python3.12/site-packages/airflow/example_dags/example_branch_operator.py
[2024-08-25T00:14:19.639+0000] {processor.py:925} INFO - DAG(s) 'example_branch_operator' retrieved from /home/airflow/.local/lib/python3.12/site-packages/airflow/example_dags/example_branch_operator.py
[2024-08-25T00:14:19.937+0000] {logging_mixin.py:190} INFO - [2024-08-25T00:14:19.935+0000] {dag.py:3211} INFO - Sync 1 DAGs
[2024-08-25T00:14:20.210+0000] {logging_mixin.py:190} INFO - [2024-08-25T00:14:20.210+0000] {dag.py:4138} INFO - Setting next_dagrun for example_branch_operator to 2024-08-24 00:00:00+00:00, run_after=2024-08-25 00:00:00+00:00
[2024-08-25T00:14:20.349+0000] {processor.py:208} INFO - Processing /home/airflow/.local/lib/python3.12/site-packages/airflow/example_dags/example_branch_operator.py took 0.876 seconds
[2024-08-25T00:14:50.698+0000] {processor.py:186} INFO - Started process (PID=1124) to work on /home/airflow/.local/lib/python3.12/site-packages/airflow/example_dags/example_branch_operator.py
[2024-08-25T00:14:50.700+0000] {processor.py:914} INFO - Processing file /home/airflow/.local/lib/python3.12/site-packages/airflow/example_dags/example_branch_operator.py for tasks to queue
[2024-08-25T00:14:50.706+0000] {logging_mixin.py:190} INFO - [2024-08-25T00:14:50.706+0000] {dagbag.py:587} INFO - Filling up the DagBag from /home/airflow/.local/lib/python3.12/site-packages/airflow/example_dags/example_branch_operator.py
[2024-08-25T00:14:50.769+0000] {processor.py:925} INFO - DAG(s) 'example_branch_operator' retrieved from /home/airflow/.local/lib/python3.12/site-packages/airflow/example_dags/example_branch_operator.py
[2024-08-25T00:14:50.842+0000] {logging_mixin.py:190} INFO - [2024-08-25T00:14:50.841+0000] {dag.py:3211} INFO - Sync 1 DAGs
[2024-08-25T00:14:50.894+0000] {logging_mixin.py:190} INFO - [2024-08-25T00:14:50.894+0000] {dag.py:4138} INFO - Setting next_dagrun for example_branch_operator to 2024-08-24 00:00:00+00:00, run_after=2024-08-25 00:00:00+00:00
[2024-08-25T00:14:50.931+0000] {processor.py:208} INFO - Processing /home/airflow/.local/lib/python3.12/site-packages/airflow/example_dags/example_branch_operator.py took 0.251 seconds
[2024-08-25T00:15:21.821+0000] {processor.py:186} INFO - Started process (PID=1186) to work on /home/airflow/.local/lib/python3.12/site-packages/airflow/example_dags/example_branch_operator.py
[2024-08-25T00:15:21.829+0000] {processor.py:914} INFO - Processing file /home/airflow/.local/lib/python3.12/site-packages/airflow/example_dags/example_branch_operator.py for tasks to queue
[2024-08-25T00:15:21.837+0000] {logging_mixin.py:190} INFO - [2024-08-25T00:15:21.836+0000] {dagbag.py:587} INFO - Filling up the DagBag from /home/airflow/.local/lib/python3.12/site-packages/airflow/example_dags/example_branch_operator.py
[2024-08-25T00:15:21.986+0000] {processor.py:925} INFO - DAG(s) 'example_branch_operator' retrieved from /home/airflow/.local/lib/python3.12/site-packages/airflow/example_dags/example_branch_operator.py
[2024-08-25T00:15:22.149+0000] {logging_mixin.py:190} INFO - [2024-08-25T00:15:22.126+0000] {dag.py:3211} INFO - Sync 1 DAGs
[2024-08-25T00:15:22.304+0000] {logging_mixin.py:190} INFO - [2024-08-25T00:15:22.304+0000] {dag.py:4138} INFO - Setting next_dagrun for example_branch_operator to 2024-08-24 00:00:00+00:00, run_after=2024-08-25 00:00:00+00:00
[2024-08-25T00:15:22.372+0000] {processor.py:208} INFO - Processing /home/airflow/.local/lib/python3.12/site-packages/airflow/example_dags/example_branch_operator.py took 0.586 seconds
[2024-08-25T00:15:53.497+0000] {processor.py:186} INFO - Started process (PID=1250) to work on /home/airflow/.local/lib/python3.12/site-packages/airflow/example_dags/example_branch_operator.py
[2024-08-25T00:15:53.499+0000] {processor.py:914} INFO - Processing file /home/airflow/.local/lib/python3.12/site-packages/airflow/example_dags/example_branch_operator.py for tasks to queue
[2024-08-25T00:15:53.515+0000] {logging_mixin.py:190} INFO - [2024-08-25T00:15:53.514+0000] {dagbag.py:587} INFO - Filling up the DagBag from /home/airflow/.local/lib/python3.12/site-packages/airflow/example_dags/example_branch_operator.py
[2024-08-25T00:15:53.652+0000] {processor.py:925} INFO - DAG(s) 'example_branch_operator' retrieved from /home/airflow/.local/lib/python3.12/site-packages/airflow/example_dags/example_branch_operator.py
[2024-08-25T00:15:53.989+0000] {logging_mixin.py:190} INFO - [2024-08-25T00:15:53.988+0000] {dag.py:3211} INFO - Sync 1 DAGs
[2024-08-25T00:15:54.273+0000] {logging_mixin.py:190} INFO - [2024-08-25T00:15:54.272+0000] {dag.py:4138} INFO - Setting next_dagrun for example_branch_operator to 2024-08-24 00:00:00+00:00, run_after=2024-08-25 00:00:00+00:00
[2024-08-25T00:15:54.548+0000] {processor.py:208} INFO - Processing /home/airflow/.local/lib/python3.12/site-packages/airflow/example_dags/example_branch_operator.py took 1.085 seconds
[2024-08-25T00:16:27.552+0000] {processor.py:186} INFO - Started process (PID=1314) to work on /home/airflow/.local/lib/python3.12/site-packages/airflow/example_dags/example_branch_operator.py
[2024-08-25T00:16:27.555+0000] {processor.py:914} INFO - Processing file /home/airflow/.local/lib/python3.12/site-packages/airflow/example_dags/example_branch_operator.py for tasks to queue
[2024-08-25T00:16:27.563+0000] {logging_mixin.py:190} INFO - [2024-08-25T00:16:27.562+0000] {dagbag.py:587} INFO - Filling up the DagBag from /home/airflow/.local/lib/python3.12/site-packages/airflow/example_dags/example_branch_operator.py
[2024-08-25T00:16:27.638+0000] {processor.py:925} INFO - DAG(s) 'example_branch_operator' retrieved from /home/airflow/.local/lib/python3.12/site-packages/airflow/example_dags/example_branch_operator.py
[2024-08-25T00:16:27.747+0000] {logging_mixin.py:190} INFO - [2024-08-25T00:16:27.746+0000] {dag.py:3211} INFO - Sync 1 DAGs
[2024-08-25T00:16:27.849+0000] {logging_mixin.py:190} INFO - [2024-08-25T00:16:27.849+0000] {dag.py:4138} INFO - Setting next_dagrun for example_branch_operator to 2024-08-24 00:00:00+00:00, run_after=2024-08-25 00:00:00+00:00
[2024-08-25T00:16:27.917+0000] {processor.py:208} INFO - Processing /home/airflow/.local/lib/python3.12/site-packages/airflow/example_dags/example_branch_operator.py took 0.383 seconds
[2024-08-25T00:16:58.356+0000] {processor.py:186} INFO - Started process (PID=1377) to work on /home/airflow/.local/lib/python3.12/site-packages/airflow/example_dags/example_branch_operator.py
[2024-08-25T00:16:58.357+0000] {processor.py:914} INFO - Processing file /home/airflow/.local/lib/python3.12/site-packages/airflow/example_dags/example_branch_operator.py for tasks to queue
[2024-08-25T00:16:58.363+0000] {logging_mixin.py:190} INFO - [2024-08-25T00:16:58.362+0000] {dagbag.py:587} INFO - Filling up the DagBag from /home/airflow/.local/lib/python3.12/site-packages/airflow/example_dags/example_branch_operator.py
[2024-08-25T00:16:58.417+0000] {processor.py:925} INFO - DAG(s) 'example_branch_operator' retrieved from /home/airflow/.local/lib/python3.12/site-packages/airflow/example_dags/example_branch_operator.py
[2024-08-25T00:16:58.501+0000] {logging_mixin.py:190} INFO - [2024-08-25T00:16:58.500+0000] {dag.py:3211} INFO - Sync 1 DAGs
[2024-08-25T00:16:58.565+0000] {logging_mixin.py:190} INFO - [2024-08-25T00:16:58.564+0000] {dag.py:4138} INFO - Setting next_dagrun for example_branch_operator to 2024-08-24 00:00:00+00:00, run_after=2024-08-25 00:00:00+00:00
[2024-08-25T00:16:58.604+0000] {processor.py:208} INFO - Processing /home/airflow/.local/lib/python3.12/site-packages/airflow/example_dags/example_branch_operator.py took 0.263 seconds
[2024-08-25T00:17:28.924+0000] {processor.py:186} INFO - Started process (PID=1440) to work on /home/airflow/.local/lib/python3.12/site-packages/airflow/example_dags/example_branch_operator.py
[2024-08-25T00:17:28.926+0000] {processor.py:914} INFO - Processing file /home/airflow/.local/lib/python3.12/site-packages/airflow/example_dags/example_branch_operator.py for tasks to queue
[2024-08-25T00:17:28.932+0000] {logging_mixin.py:190} INFO - [2024-08-25T00:17:28.931+0000] {dagbag.py:587} INFO - Filling up the DagBag from /home/airflow/.local/lib/python3.12/site-packages/airflow/example_dags/example_branch_operator.py
[2024-08-25T00:17:28.983+0000] {processor.py:925} INFO - DAG(s) 'example_branch_operator' retrieved from /home/airflow/.local/lib/python3.12/site-packages/airflow/example_dags/example_branch_operator.py
[2024-08-25T00:17:29.062+0000] {logging_mixin.py:190} INFO - [2024-08-25T00:17:29.061+0000] {dag.py:3211} INFO - Sync 1 DAGs
[2024-08-25T00:17:29.122+0000] {logging_mixin.py:190} INFO - [2024-08-25T00:17:29.121+0000] {dag.py:4138} INFO - Setting next_dagrun for example_branch_operator to 2024-08-24 00:00:00+00:00, run_after=2024-08-25 00:00:00+00:00
[2024-08-25T00:17:29.161+0000] {processor.py:208} INFO - Processing /home/airflow/.local/lib/python3.12/site-packages/airflow/example_dags/example_branch_operator.py took 0.254 seconds
[2024-08-25T00:17:59.729+0000] {processor.py:186} INFO - Started process (PID=1503) to work on /home/airflow/.local/lib/python3.12/site-packages/airflow/example_dags/example_branch_operator.py
[2024-08-25T00:17:59.733+0000] {processor.py:914} INFO - Processing file /home/airflow/.local/lib/python3.12/site-packages/airflow/example_dags/example_branch_operator.py for tasks to queue
[2024-08-25T00:17:59.748+0000] {logging_mixin.py:190} INFO - [2024-08-25T00:17:59.748+0000] {dagbag.py:587} INFO - Filling up the DagBag from /home/airflow/.local/lib/python3.12/site-packages/airflow/example_dags/example_branch_operator.py
[2024-08-25T00:17:59.888+0000] {processor.py:925} INFO - DAG(s) 'example_branch_operator' retrieved from /home/airflow/.local/lib/python3.12/site-packages/airflow/example_dags/example_branch_operator.py
[2024-08-25T00:18:00.081+0000] {logging_mixin.py:190} INFO - [2024-08-25T00:18:00.080+0000] {dag.py:3211} INFO - Sync 1 DAGs
[2024-08-25T00:18:00.272+0000] {logging_mixin.py:190} INFO - [2024-08-25T00:18:00.270+0000] {dag.py:4138} INFO - Setting next_dagrun for example_branch_operator to 2024-08-24 00:00:00+00:00, run_after=2024-08-25 00:00:00+00:00
[2024-08-25T00:18:00.354+0000] {processor.py:208} INFO - Processing /home/airflow/.local/lib/python3.12/site-packages/airflow/example_dags/example_branch_operator.py took 0.656 seconds
[2024-08-25T00:18:32.485+0000] {processor.py:186} INFO - Started process (PID=1566) to work on /home/airflow/.local/lib/python3.12/site-packages/airflow/example_dags/example_branch_operator.py
[2024-08-25T00:18:32.488+0000] {processor.py:914} INFO - Processing file /home/airflow/.local/lib/python3.12/site-packages/airflow/example_dags/example_branch_operator.py for tasks to queue
[2024-08-25T00:18:32.509+0000] {logging_mixin.py:190} INFO - [2024-08-25T00:18:32.508+0000] {dagbag.py:587} INFO - Filling up the DagBag from /home/airflow/.local/lib/python3.12/site-packages/airflow/example_dags/example_branch_operator.py
[2024-08-25T00:18:32.716+0000] {processor.py:925} INFO - DAG(s) 'example_branch_operator' retrieved from /home/airflow/.local/lib/python3.12/site-packages/airflow/example_dags/example_branch_operator.py
[2024-08-25T00:18:33.302+0000] {logging_mixin.py:190} INFO - [2024-08-25T00:18:33.299+0000] {dag.py:3211} INFO - Sync 1 DAGs
[2024-08-25T00:18:33.555+0000] {logging_mixin.py:190} INFO - [2024-08-25T00:18:33.554+0000] {dag.py:4138} INFO - Setting next_dagrun for example_branch_operator to 2024-08-24 00:00:00+00:00, run_after=2024-08-25 00:00:00+00:00
[2024-08-25T00:18:33.751+0000] {processor.py:208} INFO - Processing /home/airflow/.local/lib/python3.12/site-packages/airflow/example_dags/example_branch_operator.py took 1.317 seconds
[2024-08-25T00:19:04.079+0000] {processor.py:186} INFO - Started process (PID=1635) to work on /home/airflow/.local/lib/python3.12/site-packages/airflow/example_dags/example_branch_operator.py
[2024-08-25T00:19:04.083+0000] {processor.py:914} INFO - Processing file /home/airflow/.local/lib/python3.12/site-packages/airflow/example_dags/example_branch_operator.py for tasks to queue
[2024-08-25T00:19:04.117+0000] {logging_mixin.py:190} INFO - [2024-08-25T00:19:04.116+0000] {dagbag.py:587} INFO - Filling up the DagBag from /home/airflow/.local/lib/python3.12/site-packages/airflow/example_dags/example_branch_operator.py
[2024-08-25T00:19:04.311+0000] {processor.py:925} INFO - DAG(s) 'example_branch_operator' retrieved from /home/airflow/.local/lib/python3.12/site-packages/airflow/example_dags/example_branch_operator.py
[2024-08-25T00:19:04.458+0000] {logging_mixin.py:190} INFO - [2024-08-25T00:19:04.456+0000] {dag.py:3211} INFO - Sync 1 DAGs
[2024-08-25T00:19:04.542+0000] {logging_mixin.py:190} INFO - [2024-08-25T00:19:04.541+0000] {dag.py:4138} INFO - Setting next_dagrun for example_branch_operator to 2024-08-24 00:00:00+00:00, run_after=2024-08-25 00:00:00+00:00
[2024-08-25T00:19:04.769+0000] {processor.py:208} INFO - Processing /home/airflow/.local/lib/python3.12/site-packages/airflow/example_dags/example_branch_operator.py took 0.736 seconds
[2024-08-25T00:19:35.187+0000] {processor.py:186} INFO - Started process (PID=1699) to work on /home/airflow/.local/lib/python3.12/site-packages/airflow/example_dags/example_branch_operator.py
[2024-08-25T00:19:35.193+0000] {processor.py:914} INFO - Processing file /home/airflow/.local/lib/python3.12/site-packages/airflow/example_dags/example_branch_operator.py for tasks to queue
[2024-08-25T00:19:35.201+0000] {logging_mixin.py:190} INFO - [2024-08-25T00:19:35.200+0000] {dagbag.py:587} INFO - Filling up the DagBag from /home/airflow/.local/lib/python3.12/site-packages/airflow/example_dags/example_branch_operator.py
[2024-08-25T00:19:35.296+0000] {processor.py:925} INFO - DAG(s) 'example_branch_operator' retrieved from /home/airflow/.local/lib/python3.12/site-packages/airflow/example_dags/example_branch_operator.py
[2024-08-25T00:19:35.372+0000] {logging_mixin.py:190} INFO - [2024-08-25T00:19:35.371+0000] {dag.py:3211} INFO - Sync 1 DAGs
[2024-08-25T00:19:35.466+0000] {logging_mixin.py:190} INFO - [2024-08-25T00:19:35.465+0000] {dag.py:4138} INFO - Setting next_dagrun for example_branch_operator to 2024-08-24 00:00:00+00:00, run_after=2024-08-25 00:00:00+00:00
[2024-08-25T00:19:35.513+0000] {processor.py:208} INFO - Processing /home/airflow/.local/lib/python3.12/site-packages/airflow/example_dags/example_branch_operator.py took 0.340 seconds
[2024-08-25T00:20:06.249+0000] {processor.py:186} INFO - Started process (PID=1762) to work on /home/airflow/.local/lib/python3.12/site-packages/airflow/example_dags/example_branch_operator.py
[2024-08-25T00:20:06.252+0000] {processor.py:914} INFO - Processing file /home/airflow/.local/lib/python3.12/site-packages/airflow/example_dags/example_branch_operator.py for tasks to queue
[2024-08-25T00:20:06.258+0000] {logging_mixin.py:190} INFO - [2024-08-25T00:20:06.257+0000] {dagbag.py:587} INFO - Filling up the DagBag from /home/airflow/.local/lib/python3.12/site-packages/airflow/example_dags/example_branch_operator.py
[2024-08-25T00:20:06.317+0000] {processor.py:925} INFO - DAG(s) 'example_branch_operator' retrieved from /home/airflow/.local/lib/python3.12/site-packages/airflow/example_dags/example_branch_operator.py
[2024-08-25T00:20:06.398+0000] {logging_mixin.py:190} INFO - [2024-08-25T00:20:06.397+0000] {dag.py:3211} INFO - Sync 1 DAGs
[2024-08-25T00:20:06.466+0000] {logging_mixin.py:190} INFO - [2024-08-25T00:20:06.465+0000] {dag.py:4138} INFO - Setting next_dagrun for example_branch_operator to 2024-08-24 00:00:00+00:00, run_after=2024-08-25 00:00:00+00:00
[2024-08-25T00:20:06.516+0000] {processor.py:208} INFO - Processing /home/airflow/.local/lib/python3.12/site-packages/airflow/example_dags/example_branch_operator.py took 0.280 seconds
[2024-08-25T00:20:37.928+0000] {processor.py:186} INFO - Started process (PID=1824) to work on /home/airflow/.local/lib/python3.12/site-packages/airflow/example_dags/example_branch_operator.py
[2024-08-25T00:20:37.933+0000] {processor.py:914} INFO - Processing file /home/airflow/.local/lib/python3.12/site-packages/airflow/example_dags/example_branch_operator.py for tasks to queue
[2024-08-25T00:20:37.941+0000] {logging_mixin.py:190} INFO - [2024-08-25T00:20:37.940+0000] {dagbag.py:587} INFO - Filling up the DagBag from /home/airflow/.local/lib/python3.12/site-packages/airflow/example_dags/example_branch_operator.py
[2024-08-25T00:20:38.063+0000] {processor.py:925} INFO - DAG(s) 'example_branch_operator' retrieved from /home/airflow/.local/lib/python3.12/site-packages/airflow/example_dags/example_branch_operator.py
[2024-08-25T00:20:38.302+0000] {logging_mixin.py:190} INFO - [2024-08-25T00:20:38.300+0000] {dag.py:3211} INFO - Sync 1 DAGs
[2024-08-25T00:20:38.464+0000] {logging_mixin.py:190} INFO - [2024-08-25T00:20:38.462+0000] {dag.py:4138} INFO - Setting next_dagrun for example_branch_operator to 2024-08-24 00:00:00+00:00, run_after=2024-08-25 00:00:00+00:00
[2024-08-25T00:20:38.619+0000] {processor.py:208} INFO - Processing /home/airflow/.local/lib/python3.12/site-packages/airflow/example_dags/example_branch_operator.py took 0.723 seconds
[2024-08-25T00:26:47.690+0000] {processor.py:186} INFO - Started process (PID=113) to work on /home/airflow/.local/lib/python3.12/site-packages/airflow/example_dags/example_branch_operator.py
[2024-08-25T00:26:47.714+0000] {processor.py:914} INFO - Processing file /home/airflow/.local/lib/python3.12/site-packages/airflow/example_dags/example_branch_operator.py for tasks to queue
[2024-08-25T00:26:47.756+0000] {logging_mixin.py:190} INFO - [2024-08-25T00:26:47.754+0000] {dagbag.py:587} INFO - Filling up the DagBag from /home/airflow/.local/lib/python3.12/site-packages/airflow/example_dags/example_branch_operator.py
[2024-08-25T00:26:47.987+0000] {processor.py:925} INFO - DAG(s) 'example_branch_operator' retrieved from /home/airflow/.local/lib/python3.12/site-packages/airflow/example_dags/example_branch_operator.py
[2024-08-25T00:26:49.681+0000] {logging_mixin.py:190} INFO - [2024-08-25T00:26:49.677+0000] {dag.py:3211} INFO - Sync 1 DAGs
[2024-08-25T00:26:49.802+0000] {logging_mixin.py:190} INFO - [2024-08-25T00:26:49.801+0000] {dag.py:4138} INFO - Setting next_dagrun for example_branch_operator to 2024-08-24 00:00:00+00:00, run_after=2024-08-25 00:00:00+00:00
[2024-08-25T00:26:49.906+0000] {processor.py:208} INFO - Processing /home/airflow/.local/lib/python3.12/site-packages/airflow/example_dags/example_branch_operator.py took 2.320 seconds
[2024-08-25T00:27:41.416+0000] {processor.py:186} INFO - Started process (PID=182) to work on /home/airflow/.local/lib/python3.12/site-packages/airflow/example_dags/example_branch_operator.py
[2024-08-25T00:27:41.421+0000] {processor.py:914} INFO - Processing file /home/airflow/.local/lib/python3.12/site-packages/airflow/example_dags/example_branch_operator.py for tasks to queue
[2024-08-25T00:27:41.438+0000] {logging_mixin.py:190} INFO - [2024-08-25T00:27:41.437+0000] {dagbag.py:587} INFO - Filling up the DagBag from /home/airflow/.local/lib/python3.12/site-packages/airflow/example_dags/example_branch_operator.py
[2024-08-25T00:27:41.723+0000] {processor.py:925} INFO - DAG(s) 'example_branch_operator' retrieved from /home/airflow/.local/lib/python3.12/site-packages/airflow/example_dags/example_branch_operator.py
[2024-08-25T00:27:42.200+0000] {logging_mixin.py:190} INFO - [2024-08-25T00:27:42.188+0000] {dag.py:3211} INFO - Sync 1 DAGs
[2024-08-25T00:27:42.699+0000] {logging_mixin.py:190} INFO - [2024-08-25T00:27:42.698+0000] {dag.py:4138} INFO - Setting next_dagrun for example_branch_operator to 2024-08-24 00:00:00+00:00, run_after=2024-08-25 00:00:00+00:00
[2024-08-25T00:27:42.858+0000] {processor.py:208} INFO - Processing /home/airflow/.local/lib/python3.12/site-packages/airflow/example_dags/example_branch_operator.py took 1.519 seconds
[2024-08-25T00:28:30.693+0000] {processor.py:186} INFO - Started process (PID=251) to work on /home/airflow/.local/lib/python3.12/site-packages/airflow/example_dags/example_branch_operator.py
[2024-08-25T00:28:30.696+0000] {processor.py:914} INFO - Processing file /home/airflow/.local/lib/python3.12/site-packages/airflow/example_dags/example_branch_operator.py for tasks to queue
[2024-08-25T00:28:30.724+0000] {logging_mixin.py:190} INFO - [2024-08-25T00:28:30.723+0000] {dagbag.py:587} INFO - Filling up the DagBag from /home/airflow/.local/lib/python3.12/site-packages/airflow/example_dags/example_branch_operator.py
[2024-08-25T00:28:30.843+0000] {processor.py:925} INFO - DAG(s) 'example_branch_operator' retrieved from /home/airflow/.local/lib/python3.12/site-packages/airflow/example_dags/example_branch_operator.py
[2024-08-25T00:28:31.066+0000] {logging_mixin.py:190} INFO - [2024-08-25T00:28:31.063+0000] {dag.py:3211} INFO - Sync 1 DAGs
[2024-08-25T00:28:31.190+0000] {logging_mixin.py:190} INFO - [2024-08-25T00:28:31.189+0000] {dag.py:4138} INFO - Setting next_dagrun for example_branch_operator to 2024-08-24 00:00:00+00:00, run_after=2024-08-25 00:00:00+00:00
[2024-08-25T00:28:31.284+0000] {processor.py:208} INFO - Processing /home/airflow/.local/lib/python3.12/site-packages/airflow/example_dags/example_branch_operator.py took 0.643 seconds
[2024-08-25T00:29:02.749+0000] {processor.py:186} INFO - Started process (PID=314) to work on /home/airflow/.local/lib/python3.12/site-packages/airflow/example_dags/example_branch_operator.py
[2024-08-25T00:29:02.760+0000] {processor.py:914} INFO - Processing file /home/airflow/.local/lib/python3.12/site-packages/airflow/example_dags/example_branch_operator.py for tasks to queue
[2024-08-25T00:29:02.768+0000] {logging_mixin.py:190} INFO - [2024-08-25T00:29:02.767+0000] {dagbag.py:587} INFO - Filling up the DagBag from /home/airflow/.local/lib/python3.12/site-packages/airflow/example_dags/example_branch_operator.py
[2024-08-25T00:29:02.877+0000] {processor.py:925} INFO - DAG(s) 'example_branch_operator' retrieved from /home/airflow/.local/lib/python3.12/site-packages/airflow/example_dags/example_branch_operator.py
[2024-08-25T00:29:03.138+0000] {logging_mixin.py:190} INFO - [2024-08-25T00:29:03.126+0000] {dag.py:3211} INFO - Sync 1 DAGs
[2024-08-25T00:29:03.394+0000] {logging_mixin.py:190} INFO - [2024-08-25T00:29:03.390+0000] {dag.py:4138} INFO - Setting next_dagrun for example_branch_operator to 2024-08-24 00:00:00+00:00, run_after=2024-08-25 00:00:00+00:00
[2024-08-25T00:29:03.501+0000] {processor.py:208} INFO - Processing /home/airflow/.local/lib/python3.12/site-packages/airflow/example_dags/example_branch_operator.py took 0.782 seconds
[2024-08-25T00:29:34.096+0000] {processor.py:186} INFO - Started process (PID=377) to work on /home/airflow/.local/lib/python3.12/site-packages/airflow/example_dags/example_branch_operator.py
[2024-08-25T00:29:34.114+0000] {processor.py:914} INFO - Processing file /home/airflow/.local/lib/python3.12/site-packages/airflow/example_dags/example_branch_operator.py for tasks to queue
[2024-08-25T00:29:34.134+0000] {logging_mixin.py:190} INFO - [2024-08-25T00:29:34.131+0000] {dagbag.py:587} INFO - Filling up the DagBag from /home/airflow/.local/lib/python3.12/site-packages/airflow/example_dags/example_branch_operator.py
[2024-08-25T00:29:34.237+0000] {processor.py:925} INFO - DAG(s) 'example_branch_operator' retrieved from /home/airflow/.local/lib/python3.12/site-packages/airflow/example_dags/example_branch_operator.py
[2024-08-25T00:29:34.408+0000] {logging_mixin.py:190} INFO - [2024-08-25T00:29:34.406+0000] {dag.py:3211} INFO - Sync 1 DAGs
[2024-08-25T00:29:34.541+0000] {logging_mixin.py:190} INFO - [2024-08-25T00:29:34.540+0000] {dag.py:4138} INFO - Setting next_dagrun for example_branch_operator to 2024-08-24 00:00:00+00:00, run_after=2024-08-25 00:00:00+00:00
[2024-08-25T00:29:34.600+0000] {processor.py:208} INFO - Processing /home/airflow/.local/lib/python3.12/site-packages/airflow/example_dags/example_branch_operator.py took 0.525 seconds
[2024-08-25T00:30:05.293+0000] {processor.py:186} INFO - Started process (PID=440) to work on /home/airflow/.local/lib/python3.12/site-packages/airflow/example_dags/example_branch_operator.py
[2024-08-25T00:30:05.299+0000] {processor.py:914} INFO - Processing file /home/airflow/.local/lib/python3.12/site-packages/airflow/example_dags/example_branch_operator.py for tasks to queue
[2024-08-25T00:30:05.319+0000] {logging_mixin.py:190} INFO - [2024-08-25T00:30:05.317+0000] {dagbag.py:587} INFO - Filling up the DagBag from /home/airflow/.local/lib/python3.12/site-packages/airflow/example_dags/example_branch_operator.py
[2024-08-25T00:30:05.449+0000] {processor.py:925} INFO - DAG(s) 'example_branch_operator' retrieved from /home/airflow/.local/lib/python3.12/site-packages/airflow/example_dags/example_branch_operator.py
[2024-08-25T00:30:05.634+0000] {logging_mixin.py:190} INFO - [2024-08-25T00:30:05.633+0000] {dag.py:3211} INFO - Sync 1 DAGs
[2024-08-25T00:30:05.752+0000] {logging_mixin.py:190} INFO - [2024-08-25T00:30:05.751+0000] {dag.py:4138} INFO - Setting next_dagrun for example_branch_operator to 2024-08-24 00:00:00+00:00, run_after=2024-08-25 00:00:00+00:00
[2024-08-25T00:30:05.868+0000] {processor.py:208} INFO - Processing /home/airflow/.local/lib/python3.12/site-packages/airflow/example_dags/example_branch_operator.py took 0.636 seconds
[2024-08-25T00:30:42.724+0000] {processor.py:186} INFO - Started process (PID=504) to work on /home/airflow/.local/lib/python3.12/site-packages/airflow/example_dags/example_branch_operator.py
[2024-08-25T00:30:42.726+0000] {processor.py:914} INFO - Processing file /home/airflow/.local/lib/python3.12/site-packages/airflow/example_dags/example_branch_operator.py for tasks to queue
[2024-08-25T00:30:42.733+0000] {logging_mixin.py:190} INFO - [2024-08-25T00:30:42.733+0000] {dagbag.py:587} INFO - Filling up the DagBag from /home/airflow/.local/lib/python3.12/site-packages/airflow/example_dags/example_branch_operator.py
[2024-08-25T00:30:42.846+0000] {processor.py:925} INFO - DAG(s) 'example_branch_operator' retrieved from /home/airflow/.local/lib/python3.12/site-packages/airflow/example_dags/example_branch_operator.py
[2024-08-25T00:30:43.020+0000] {logging_mixin.py:190} INFO - [2024-08-25T00:30:43.019+0000] {dag.py:3211} INFO - Sync 1 DAGs
[2024-08-25T00:30:43.148+0000] {logging_mixin.py:190} INFO - [2024-08-25T00:30:43.147+0000] {dag.py:4138} INFO - Setting next_dagrun for example_branch_operator to 2024-08-24 00:00:00+00:00, run_after=2024-08-25 00:00:00+00:00
[2024-08-25T00:30:43.194+0000] {processor.py:208} INFO - Processing /home/airflow/.local/lib/python3.12/site-packages/airflow/example_dags/example_branch_operator.py took 0.485 seconds
[2024-08-25T00:31:25.166+0000] {processor.py:186} INFO - Started process (PID=569) to work on /home/airflow/.local/lib/python3.12/site-packages/airflow/example_dags/example_branch_operator.py
[2024-08-25T00:31:25.210+0000] {processor.py:914} INFO - Processing file /home/airflow/.local/lib/python3.12/site-packages/airflow/example_dags/example_branch_operator.py for tasks to queue
[2024-08-25T00:31:25.234+0000] {logging_mixin.py:190} INFO - [2024-08-25T00:31:25.233+0000] {dagbag.py:587} INFO - Filling up the DagBag from /home/airflow/.local/lib/python3.12/site-packages/airflow/example_dags/example_branch_operator.py
[2024-08-25T00:31:25.466+0000] {processor.py:925} INFO - DAG(s) 'example_branch_operator' retrieved from /home/airflow/.local/lib/python3.12/site-packages/airflow/example_dags/example_branch_operator.py
[2024-08-25T00:31:25.909+0000] {logging_mixin.py:190} INFO - [2024-08-25T00:31:25.908+0000] {dag.py:3211} INFO - Sync 1 DAGs
[2024-08-25T00:31:26.179+0000] {logging_mixin.py:190} INFO - [2024-08-25T00:31:26.167+0000] {dag.py:4138} INFO - Setting next_dagrun for example_branch_operator to 2024-08-24 00:00:00+00:00, run_after=2024-08-25 00:00:00+00:00
[2024-08-25T00:31:26.367+0000] {processor.py:208} INFO - Processing /home/airflow/.local/lib/python3.12/site-packages/airflow/example_dags/example_branch_operator.py took 1.242 seconds
[2024-08-25T00:32:13.415+0000] {processor.py:186} INFO - Started process (PID=641) to work on /home/airflow/.local/lib/python3.12/site-packages/airflow/example_dags/example_branch_operator.py
[2024-08-25T00:32:13.419+0000] {processor.py:914} INFO - Processing file /home/airflow/.local/lib/python3.12/site-packages/airflow/example_dags/example_branch_operator.py for tasks to queue
[2024-08-25T00:32:13.430+0000] {logging_mixin.py:190} INFO - [2024-08-25T00:32:13.429+0000] {dagbag.py:587} INFO - Filling up the DagBag from /home/airflow/.local/lib/python3.12/site-packages/airflow/example_dags/example_branch_operator.py
[2024-08-25T00:32:13.516+0000] {processor.py:925} INFO - DAG(s) 'example_branch_operator' retrieved from /home/airflow/.local/lib/python3.12/site-packages/airflow/example_dags/example_branch_operator.py
[2024-08-25T00:32:13.621+0000] {logging_mixin.py:190} INFO - [2024-08-25T00:32:13.619+0000] {dag.py:3211} INFO - Sync 1 DAGs
[2024-08-25T00:32:13.716+0000] {logging_mixin.py:190} INFO - [2024-08-25T00:32:13.716+0000] {dag.py:4138} INFO - Setting next_dagrun for example_branch_operator to 2024-08-24 00:00:00+00:00, run_after=2024-08-25 00:00:00+00:00
[2024-08-25T00:32:13.777+0000] {processor.py:208} INFO - Processing /home/airflow/.local/lib/python3.12/site-packages/airflow/example_dags/example_branch_operator.py took 0.381 seconds
[2024-08-25T00:32:55.165+0000] {processor.py:186} INFO - Started process (PID=705) to work on /home/airflow/.local/lib/python3.12/site-packages/airflow/example_dags/example_branch_operator.py
[2024-08-25T00:32:55.449+0000] {processor.py:914} INFO - Processing file /home/airflow/.local/lib/python3.12/site-packages/airflow/example_dags/example_branch_operator.py for tasks to queue
[2024-08-25T00:32:56.033+0000] {logging_mixin.py:190} INFO - [2024-08-25T00:32:56.032+0000] {dagbag.py:587} INFO - Filling up the DagBag from /home/airflow/.local/lib/python3.12/site-packages/airflow/example_dags/example_branch_operator.py
[2024-08-25T00:32:56.441+0000] {processor.py:925} INFO - DAG(s) 'example_branch_operator' retrieved from /home/airflow/.local/lib/python3.12/site-packages/airflow/example_dags/example_branch_operator.py
[2024-08-25T00:32:57.042+0000] {logging_mixin.py:190} INFO - [2024-08-25T00:32:57.041+0000] {dag.py:3211} INFO - Sync 1 DAGs
[2024-08-25T00:32:57.352+0000] {logging_mixin.py:190} INFO - [2024-08-25T00:32:57.351+0000] {dag.py:4138} INFO - Setting next_dagrun for example_branch_operator to 2024-08-24 00:00:00+00:00, run_after=2024-08-25 00:00:00+00:00
[2024-08-25T00:32:57.725+0000] {processor.py:208} INFO - Processing /home/airflow/.local/lib/python3.12/site-packages/airflow/example_dags/example_branch_operator.py took 2.604 seconds
[2024-08-25T00:34:06.097+0000] {processor.py:186} INFO - Started process (PID=793) to work on /home/airflow/.local/lib/python3.12/site-packages/airflow/example_dags/example_branch_operator.py
[2024-08-25T00:34:06.100+0000] {processor.py:914} INFO - Processing file /home/airflow/.local/lib/python3.12/site-packages/airflow/example_dags/example_branch_operator.py for tasks to queue
[2024-08-25T00:34:06.115+0000] {logging_mixin.py:190} INFO - [2024-08-25T00:34:06.114+0000] {dagbag.py:587} INFO - Filling up the DagBag from /home/airflow/.local/lib/python3.12/site-packages/airflow/example_dags/example_branch_operator.py
[2024-08-25T00:34:06.325+0000] {processor.py:925} INFO - DAG(s) 'example_branch_operator' retrieved from /home/airflow/.local/lib/python3.12/site-packages/airflow/example_dags/example_branch_operator.py
[2024-08-25T00:34:06.615+0000] {logging_mixin.py:190} INFO - [2024-08-25T00:34:06.613+0000] {dag.py:3211} INFO - Sync 1 DAGs
[2024-08-25T00:34:06.732+0000] {logging_mixin.py:190} INFO - [2024-08-25T00:34:06.730+0000] {dag.py:4138} INFO - Setting next_dagrun for example_branch_operator to 2024-08-24 00:00:00+00:00, run_after=2024-08-25 00:00:00+00:00
[2024-08-25T00:34:06.809+0000] {processor.py:208} INFO - Processing /home/airflow/.local/lib/python3.12/site-packages/airflow/example_dags/example_branch_operator.py took 0.752 seconds
[2024-08-25T00:34:38.910+0000] {processor.py:186} INFO - Started process (PID=856) to work on /home/airflow/.local/lib/python3.12/site-packages/airflow/example_dags/example_branch_operator.py
[2024-08-25T00:34:38.915+0000] {processor.py:914} INFO - Processing file /home/airflow/.local/lib/python3.12/site-packages/airflow/example_dags/example_branch_operator.py for tasks to queue
[2024-08-25T00:34:38.925+0000] {logging_mixin.py:190} INFO - [2024-08-25T00:34:38.924+0000] {dagbag.py:587} INFO - Filling up the DagBag from /home/airflow/.local/lib/python3.12/site-packages/airflow/example_dags/example_branch_operator.py
[2024-08-25T00:34:39.082+0000] {processor.py:925} INFO - DAG(s) 'example_branch_operator' retrieved from /home/airflow/.local/lib/python3.12/site-packages/airflow/example_dags/example_branch_operator.py
[2024-08-25T00:34:39.264+0000] {logging_mixin.py:190} INFO - [2024-08-25T00:34:39.262+0000] {dag.py:3211} INFO - Sync 1 DAGs
[2024-08-25T00:34:39.376+0000] {logging_mixin.py:190} INFO - [2024-08-25T00:34:39.376+0000] {dag.py:4138} INFO - Setting next_dagrun for example_branch_operator to 2024-08-24 00:00:00+00:00, run_after=2024-08-25 00:00:00+00:00
[2024-08-25T00:34:39.526+0000] {processor.py:208} INFO - Processing /home/airflow/.local/lib/python3.12/site-packages/airflow/example_dags/example_branch_operator.py took 0.651 seconds
[2024-08-25T00:35:11.260+0000] {processor.py:186} INFO - Started process (PID=918) to work on /home/airflow/.local/lib/python3.12/site-packages/airflow/example_dags/example_branch_operator.py
[2024-08-25T00:35:11.263+0000] {processor.py:914} INFO - Processing file /home/airflow/.local/lib/python3.12/site-packages/airflow/example_dags/example_branch_operator.py for tasks to queue
[2024-08-25T00:35:11.272+0000] {logging_mixin.py:190} INFO - [2024-08-25T00:35:11.271+0000] {dagbag.py:587} INFO - Filling up the DagBag from /home/airflow/.local/lib/python3.12/site-packages/airflow/example_dags/example_branch_operator.py
[2024-08-25T00:35:11.342+0000] {processor.py:925} INFO - DAG(s) 'example_branch_operator' retrieved from /home/airflow/.local/lib/python3.12/site-packages/airflow/example_dags/example_branch_operator.py
[2024-08-25T00:35:11.467+0000] {logging_mixin.py:190} INFO - [2024-08-25T00:35:11.465+0000] {dag.py:3211} INFO - Sync 1 DAGs
[2024-08-25T00:35:11.612+0000] {logging_mixin.py:190} INFO - [2024-08-25T00:35:11.611+0000] {dag.py:4138} INFO - Setting next_dagrun for example_branch_operator to 2024-08-24 00:00:00+00:00, run_after=2024-08-25 00:00:00+00:00
[2024-08-25T00:35:11.710+0000] {processor.py:208} INFO - Processing /home/airflow/.local/lib/python3.12/site-packages/airflow/example_dags/example_branch_operator.py took 0.475 seconds
[2024-08-25T00:35:43.338+0000] {processor.py:186} INFO - Started process (PID=981) to work on /home/airflow/.local/lib/python3.12/site-packages/airflow/example_dags/example_branch_operator.py
[2024-08-25T00:35:43.369+0000] {processor.py:914} INFO - Processing file /home/airflow/.local/lib/python3.12/site-packages/airflow/example_dags/example_branch_operator.py for tasks to queue
[2024-08-25T00:35:43.417+0000] {logging_mixin.py:190} INFO - [2024-08-25T00:35:43.416+0000] {dagbag.py:587} INFO - Filling up the DagBag from /home/airflow/.local/lib/python3.12/site-packages/airflow/example_dags/example_branch_operator.py
[2024-08-25T00:35:43.661+0000] {processor.py:925} INFO - DAG(s) 'example_branch_operator' retrieved from /home/airflow/.local/lib/python3.12/site-packages/airflow/example_dags/example_branch_operator.py
[2024-08-25T00:35:44.114+0000] {logging_mixin.py:190} INFO - [2024-08-25T00:35:44.102+0000] {dag.py:3211} INFO - Sync 1 DAGs
[2024-08-25T00:35:44.560+0000] {logging_mixin.py:190} INFO - [2024-08-25T00:35:44.548+0000] {dag.py:4138} INFO - Setting next_dagrun for example_branch_operator to 2024-08-24 00:00:00+00:00, run_after=2024-08-25 00:00:00+00:00
[2024-08-25T00:35:44.784+0000] {processor.py:208} INFO - Processing /home/airflow/.local/lib/python3.12/site-packages/airflow/example_dags/example_branch_operator.py took 1.496 seconds
[2024-08-25T00:36:16.199+0000] {processor.py:186} INFO - Started process (PID=1044) to work on /home/airflow/.local/lib/python3.12/site-packages/airflow/example_dags/example_branch_operator.py
[2024-08-25T00:36:16.225+0000] {processor.py:914} INFO - Processing file /home/airflow/.local/lib/python3.12/site-packages/airflow/example_dags/example_branch_operator.py for tasks to queue
[2024-08-25T00:36:16.242+0000] {logging_mixin.py:190} INFO - [2024-08-25T00:36:16.241+0000] {dagbag.py:587} INFO - Filling up the DagBag from /home/airflow/.local/lib/python3.12/site-packages/airflow/example_dags/example_branch_operator.py
[2024-08-25T00:36:16.470+0000] {processor.py:925} INFO - DAG(s) 'example_branch_operator' retrieved from /home/airflow/.local/lib/python3.12/site-packages/airflow/example_dags/example_branch_operator.py
[2024-08-25T00:36:16.863+0000] {logging_mixin.py:190} INFO - [2024-08-25T00:36:16.862+0000] {dag.py:3211} INFO - Sync 1 DAGs
[2024-08-25T00:36:17.172+0000] {logging_mixin.py:190} INFO - [2024-08-25T00:36:17.171+0000] {dag.py:4138} INFO - Setting next_dagrun for example_branch_operator to 2024-08-24 00:00:00+00:00, run_after=2024-08-25 00:00:00+00:00
[2024-08-25T00:36:17.344+0000] {processor.py:208} INFO - Processing /home/airflow/.local/lib/python3.12/site-packages/airflow/example_dags/example_branch_operator.py took 1.196 seconds
[2024-08-25T00:36:47.932+0000] {processor.py:186} INFO - Started process (PID=1109) to work on /home/airflow/.local/lib/python3.12/site-packages/airflow/example_dags/example_branch_operator.py
[2024-08-25T00:36:47.934+0000] {processor.py:914} INFO - Processing file /home/airflow/.local/lib/python3.12/site-packages/airflow/example_dags/example_branch_operator.py for tasks to queue
[2024-08-25T00:36:47.938+0000] {logging_mixin.py:190} INFO - [2024-08-25T00:36:47.937+0000] {dagbag.py:587} INFO - Filling up the DagBag from /home/airflow/.local/lib/python3.12/site-packages/airflow/example_dags/example_branch_operator.py
[2024-08-25T00:36:48.004+0000] {processor.py:925} INFO - DAG(s) 'example_branch_operator' retrieved from /home/airflow/.local/lib/python3.12/site-packages/airflow/example_dags/example_branch_operator.py
[2024-08-25T00:36:48.189+0000] {logging_mixin.py:190} INFO - [2024-08-25T00:36:48.187+0000] {dag.py:3211} INFO - Sync 1 DAGs
[2024-08-25T00:36:48.336+0000] {logging_mixin.py:190} INFO - [2024-08-25T00:36:48.335+0000] {dag.py:4138} INFO - Setting next_dagrun for example_branch_operator to 2024-08-24 00:00:00+00:00, run_after=2024-08-25 00:00:00+00:00
[2024-08-25T00:36:48.409+0000] {processor.py:208} INFO - Processing /home/airflow/.local/lib/python3.12/site-packages/airflow/example_dags/example_branch_operator.py took 0.495 seconds
[2024-08-25T00:37:20.761+0000] {processor.py:186} INFO - Started process (PID=1170) to work on /home/airflow/.local/lib/python3.12/site-packages/airflow/example_dags/example_branch_operator.py
[2024-08-25T00:37:20.765+0000] {processor.py:914} INFO - Processing file /home/airflow/.local/lib/python3.12/site-packages/airflow/example_dags/example_branch_operator.py for tasks to queue
[2024-08-25T00:37:20.771+0000] {logging_mixin.py:190} INFO - [2024-08-25T00:37:20.770+0000] {dagbag.py:587} INFO - Filling up the DagBag from /home/airflow/.local/lib/python3.12/site-packages/airflow/example_dags/example_branch_operator.py
[2024-08-25T00:37:20.960+0000] {processor.py:925} INFO - DAG(s) 'example_branch_operator' retrieved from /home/airflow/.local/lib/python3.12/site-packages/airflow/example_dags/example_branch_operator.py
[2024-08-25T00:37:21.237+0000] {logging_mixin.py:190} INFO - [2024-08-25T00:37:21.235+0000] {dag.py:3211} INFO - Sync 1 DAGs
[2024-08-25T00:37:21.404+0000] {logging_mixin.py:190} INFO - [2024-08-25T00:37:21.404+0000] {dag.py:4138} INFO - Setting next_dagrun for example_branch_operator to 2024-08-24 00:00:00+00:00, run_after=2024-08-25 00:00:00+00:00
[2024-08-25T00:37:21.472+0000] {processor.py:208} INFO - Processing /home/airflow/.local/lib/python3.12/site-packages/airflow/example_dags/example_branch_operator.py took 0.752 seconds
[2024-08-25T00:37:53.375+0000] {processor.py:186} INFO - Started process (PID=1232) to work on /home/airflow/.local/lib/python3.12/site-packages/airflow/example_dags/example_branch_operator.py
[2024-08-25T00:37:53.377+0000] {processor.py:914} INFO - Processing file /home/airflow/.local/lib/python3.12/site-packages/airflow/example_dags/example_branch_operator.py for tasks to queue
[2024-08-25T00:37:53.385+0000] {logging_mixin.py:190} INFO - [2024-08-25T00:37:53.384+0000] {dagbag.py:587} INFO - Filling up the DagBag from /home/airflow/.local/lib/python3.12/site-packages/airflow/example_dags/example_branch_operator.py
[2024-08-25T00:37:53.504+0000] {processor.py:925} INFO - DAG(s) 'example_branch_operator' retrieved from /home/airflow/.local/lib/python3.12/site-packages/airflow/example_dags/example_branch_operator.py
[2024-08-25T00:37:54.020+0000] {logging_mixin.py:190} INFO - [2024-08-25T00:37:54.006+0000] {dag.py:3211} INFO - Sync 1 DAGs
[2024-08-25T00:37:54.333+0000] {logging_mixin.py:190} INFO - [2024-08-25T00:37:54.332+0000] {dag.py:4138} INFO - Setting next_dagrun for example_branch_operator to 2024-08-24 00:00:00+00:00, run_after=2024-08-25 00:00:00+00:00
[2024-08-25T00:37:54.658+0000] {processor.py:208} INFO - Processing /home/airflow/.local/lib/python3.12/site-packages/airflow/example_dags/example_branch_operator.py took 1.342 seconds
[2024-08-25T00:38:25.196+0000] {processor.py:186} INFO - Started process (PID=1294) to work on /home/airflow/.local/lib/python3.12/site-packages/airflow/example_dags/example_branch_operator.py
[2024-08-25T00:38:25.198+0000] {processor.py:914} INFO - Processing file /home/airflow/.local/lib/python3.12/site-packages/airflow/example_dags/example_branch_operator.py for tasks to queue
[2024-08-25T00:38:25.203+0000] {logging_mixin.py:190} INFO - [2024-08-25T00:38:25.202+0000] {dagbag.py:587} INFO - Filling up the DagBag from /home/airflow/.local/lib/python3.12/site-packages/airflow/example_dags/example_branch_operator.py
[2024-08-25T00:38:25.354+0000] {processor.py:925} INFO - DAG(s) 'example_branch_operator' retrieved from /home/airflow/.local/lib/python3.12/site-packages/airflow/example_dags/example_branch_operator.py
[2024-08-25T00:38:25.617+0000] {logging_mixin.py:190} INFO - [2024-08-25T00:38:25.616+0000] {dag.py:3211} INFO - Sync 1 DAGs
[2024-08-25T00:38:25.713+0000] {logging_mixin.py:190} INFO - [2024-08-25T00:38:25.712+0000] {dag.py:4138} INFO - Setting next_dagrun for example_branch_operator to 2024-08-24 00:00:00+00:00, run_after=2024-08-25 00:00:00+00:00
[2024-08-25T00:38:25.768+0000] {processor.py:208} INFO - Processing /home/airflow/.local/lib/python3.12/site-packages/airflow/example_dags/example_branch_operator.py took 0.605 seconds
[2024-08-25T00:38:56.114+0000] {processor.py:186} INFO - Started process (PID=1356) to work on /home/airflow/.local/lib/python3.12/site-packages/airflow/example_dags/example_branch_operator.py
[2024-08-25T00:38:56.116+0000] {processor.py:914} INFO - Processing file /home/airflow/.local/lib/python3.12/site-packages/airflow/example_dags/example_branch_operator.py for tasks to queue
[2024-08-25T00:38:56.130+0000] {logging_mixin.py:190} INFO - [2024-08-25T00:38:56.129+0000] {dagbag.py:587} INFO - Filling up the DagBag from /home/airflow/.local/lib/python3.12/site-packages/airflow/example_dags/example_branch_operator.py
[2024-08-25T00:38:56.211+0000] {processor.py:925} INFO - DAG(s) 'example_branch_operator' retrieved from /home/airflow/.local/lib/python3.12/site-packages/airflow/example_dags/example_branch_operator.py
[2024-08-25T00:38:56.314+0000] {logging_mixin.py:190} INFO - [2024-08-25T00:38:56.313+0000] {dag.py:3211} INFO - Sync 1 DAGs
[2024-08-25T00:38:56.398+0000] {logging_mixin.py:190} INFO - [2024-08-25T00:38:56.397+0000] {dag.py:4138} INFO - Setting next_dagrun for example_branch_operator to 2024-08-24 00:00:00+00:00, run_after=2024-08-25 00:00:00+00:00
[2024-08-25T00:38:56.441+0000] {processor.py:208} INFO - Processing /home/airflow/.local/lib/python3.12/site-packages/airflow/example_dags/example_branch_operator.py took 0.353 seconds
[2024-08-25T00:39:26.567+0000] {processor.py:186} INFO - Started process (PID=1419) to work on /home/airflow/.local/lib/python3.12/site-packages/airflow/example_dags/example_branch_operator.py
[2024-08-25T00:39:26.570+0000] {processor.py:914} INFO - Processing file /home/airflow/.local/lib/python3.12/site-packages/airflow/example_dags/example_branch_operator.py for tasks to queue
[2024-08-25T00:39:26.574+0000] {logging_mixin.py:190} INFO - [2024-08-25T00:39:26.573+0000] {dagbag.py:587} INFO - Filling up the DagBag from /home/airflow/.local/lib/python3.12/site-packages/airflow/example_dags/example_branch_operator.py
[2024-08-25T00:39:26.652+0000] {processor.py:925} INFO - DAG(s) 'example_branch_operator' retrieved from /home/airflow/.local/lib/python3.12/site-packages/airflow/example_dags/example_branch_operator.py
[2024-08-25T00:39:26.755+0000] {logging_mixin.py:190} INFO - [2024-08-25T00:39:26.753+0000] {dag.py:3211} INFO - Sync 1 DAGs
[2024-08-25T00:39:26.821+0000] {logging_mixin.py:190} INFO - [2024-08-25T00:39:26.820+0000] {dag.py:4138} INFO - Setting next_dagrun for example_branch_operator to 2024-08-24 00:00:00+00:00, run_after=2024-08-25 00:00:00+00:00
[2024-08-25T00:39:26.857+0000] {processor.py:208} INFO - Processing /home/airflow/.local/lib/python3.12/site-packages/airflow/example_dags/example_branch_operator.py took 0.308 seconds
[2024-08-25T00:39:57.052+0000] {processor.py:186} INFO - Started process (PID=1481) to work on /home/airflow/.local/lib/python3.12/site-packages/airflow/example_dags/example_branch_operator.py
[2024-08-25T00:39:57.062+0000] {processor.py:914} INFO - Processing file /home/airflow/.local/lib/python3.12/site-packages/airflow/example_dags/example_branch_operator.py for tasks to queue
[2024-08-25T00:39:57.066+0000] {logging_mixin.py:190} INFO - [2024-08-25T00:39:57.065+0000] {dagbag.py:587} INFO - Filling up the DagBag from /home/airflow/.local/lib/python3.12/site-packages/airflow/example_dags/example_branch_operator.py
[2024-08-25T00:39:57.158+0000] {processor.py:925} INFO - DAG(s) 'example_branch_operator' retrieved from /home/airflow/.local/lib/python3.12/site-packages/airflow/example_dags/example_branch_operator.py
[2024-08-25T00:39:57.438+0000] {logging_mixin.py:190} INFO - [2024-08-25T00:39:57.436+0000] {dag.py:3211} INFO - Sync 1 DAGs
[2024-08-25T00:39:57.792+0000] {logging_mixin.py:190} INFO - [2024-08-25T00:39:57.791+0000] {dag.py:4138} INFO - Setting next_dagrun for example_branch_operator to 2024-08-24 00:00:00+00:00, run_after=2024-08-25 00:00:00+00:00
[2024-08-25T00:39:57.974+0000] {processor.py:208} INFO - Processing /home/airflow/.local/lib/python3.12/site-packages/airflow/example_dags/example_branch_operator.py took 0.956 seconds
