[2024-08-25T00:00:08.339+0000] {processor.py:186} INFO - Started process (PID=38514) to work on /home/airflow/.local/lib/python3.12/site-packages/airflow/example_dags/example_sla_dag.py
[2024-08-25T00:00:08.342+0000] {processor.py:914} INFO - Processing file /home/airflow/.local/lib/python3.12/site-packages/airflow/example_dags/example_sla_dag.py for tasks to queue
[2024-08-25T00:00:08.348+0000] {logging_mixin.py:190} INFO - [2024-08-25T00:00:08.347+0000] {dagbag.py:587} INFO - Filling up the DagBag from /home/airflow/.local/lib/python3.12/site-packages/airflow/example_dags/example_sla_dag.py
[2024-08-25T00:00:08.379+0000] {processor.py:925} INFO - DAG(s) 'example_sla_dag' retrieved from /home/airflow/.local/lib/python3.12/site-packages/airflow/example_dags/example_sla_dag.py
[2024-08-25T00:00:08.426+0000] {logging_mixin.py:190} INFO - [2024-08-25T00:00:08.425+0000] {dag.py:3211} INFO - Sync 1 DAGs
[2024-08-25T00:00:08.501+0000] {logging_mixin.py:190} INFO - [2024-08-25T00:00:08.500+0000] {dag.py:4138} INFO - Setting next_dagrun for example_sla_dag to 2024-08-24 23:58:00+00:00, run_after=2024-08-25 00:00:00+00:00
[2024-08-25T00:00:08.544+0000] {processor.py:208} INFO - Processing /home/airflow/.local/lib/python3.12/site-packages/airflow/example_dags/example_sla_dag.py took 0.218 seconds
[2024-08-25T00:05:50.632+0000] {processor.py:186} INFO - Started process (PID=86) to work on /home/airflow/.local/lib/python3.12/site-packages/airflow/example_dags/example_sla_dag.py
[2024-08-25T00:05:50.657+0000] {processor.py:914} INFO - Processing file /home/airflow/.local/lib/python3.12/site-packages/airflow/example_dags/example_sla_dag.py for tasks to queue
[2024-08-25T00:05:50.784+0000] {logging_mixin.py:190} INFO - [2024-08-25T00:05:50.783+0000] {dagbag.py:587} INFO - Filling up the DagBag from /home/airflow/.local/lib/python3.12/site-packages/airflow/example_dags/example_sla_dag.py
[2024-08-25T00:05:50.885+0000] {processor.py:925} INFO - DAG(s) 'example_sla_dag' retrieved from /home/airflow/.local/lib/python3.12/site-packages/airflow/example_dags/example_sla_dag.py
[2024-08-25T00:05:50.971+0000] {logging_mixin.py:190} INFO - [2024-08-25T00:05:50.970+0000] {dag.py:3211} INFO - Sync 1 DAGs
[2024-08-25T00:05:51.265+0000] {logging_mixin.py:190} INFO - [2024-08-25T00:05:51.264+0000] {dag.py:4138} INFO - Setting next_dagrun for example_sla_dag to 2024-08-25 00:02:00+00:00, run_after=2024-08-25 00:04:00+00:00
[2024-08-25T00:05:51.428+0000] {processor.py:208} INFO - Processing /home/airflow/.local/lib/python3.12/site-packages/airflow/example_dags/example_sla_dag.py took 0.884 seconds
[2024-08-25T00:06:24.581+0000] {processor.py:186} INFO - Started process (PID=149) to work on /home/airflow/.local/lib/python3.12/site-packages/airflow/example_dags/example_sla_dag.py
[2024-08-25T00:06:24.642+0000] {processor.py:914} INFO - Processing file /home/airflow/.local/lib/python3.12/site-packages/airflow/example_dags/example_sla_dag.py for tasks to queue
[2024-08-25T00:06:24.712+0000] {logging_mixin.py:190} INFO - [2024-08-25T00:06:24.711+0000] {dagbag.py:587} INFO - Filling up the DagBag from /home/airflow/.local/lib/python3.12/site-packages/airflow/example_dags/example_sla_dag.py
[2024-08-25T00:06:24.935+0000] {processor.py:925} INFO - DAG(s) 'example_sla_dag' retrieved from /home/airflow/.local/lib/python3.12/site-packages/airflow/example_dags/example_sla_dag.py
[2024-08-25T00:06:25.483+0000] {logging_mixin.py:190} INFO - [2024-08-25T00:06:25.481+0000] {dag.py:3211} INFO - Sync 1 DAGs
[2024-08-25T00:06:25.910+0000] {logging_mixin.py:190} INFO - [2024-08-25T00:06:25.909+0000] {dag.py:4138} INFO - Setting next_dagrun for example_sla_dag to 2024-08-25 00:04:00+00:00, run_after=2024-08-25 00:06:00+00:00
[2024-08-25T00:06:26.717+0000] {processor.py:208} INFO - Processing /home/airflow/.local/lib/python3.12/site-packages/airflow/example_dags/example_sla_dag.py took 2.256 seconds
[2024-08-25T00:07:17.955+0000] {processor.py:186} INFO - Started process (PID=217) to work on /home/airflow/.local/lib/python3.12/site-packages/airflow/example_dags/example_sla_dag.py
[2024-08-25T00:07:18.060+0000] {processor.py:914} INFO - Processing file /home/airflow/.local/lib/python3.12/site-packages/airflow/example_dags/example_sla_dag.py for tasks to queue
[2024-08-25T00:07:18.173+0000] {logging_mixin.py:190} INFO - [2024-08-25T00:07:18.173+0000] {dagbag.py:587} INFO - Filling up the DagBag from /home/airflow/.local/lib/python3.12/site-packages/airflow/example_dags/example_sla_dag.py
[2024-08-25T00:07:18.312+0000] {processor.py:925} INFO - DAG(s) 'example_sla_dag' retrieved from /home/airflow/.local/lib/python3.12/site-packages/airflow/example_dags/example_sla_dag.py
[2024-08-25T00:07:18.532+0000] {logging_mixin.py:190} INFO - [2024-08-25T00:07:18.530+0000] {dag.py:3211} INFO - Sync 1 DAGs
[2024-08-25T00:07:18.643+0000] {logging_mixin.py:190} INFO - [2024-08-25T00:07:18.643+0000] {dag.py:4138} INFO - Setting next_dagrun for example_sla_dag to 2024-08-25 00:04:00+00:00, run_after=2024-08-25 00:06:00+00:00
[2024-08-25T00:07:18.781+0000] {processor.py:208} INFO - Processing /home/airflow/.local/lib/python3.12/site-packages/airflow/example_dags/example_sla_dag.py took 0.880 seconds
[2024-08-25T00:07:50.395+0000] {processor.py:186} INFO - Started process (PID=279) to work on /home/airflow/.local/lib/python3.12/site-packages/airflow/example_dags/example_sla_dag.py
[2024-08-25T00:07:50.402+0000] {processor.py:914} INFO - Processing file /home/airflow/.local/lib/python3.12/site-packages/airflow/example_dags/example_sla_dag.py for tasks to queue
[2024-08-25T00:07:50.416+0000] {logging_mixin.py:190} INFO - [2024-08-25T00:07:50.413+0000] {dagbag.py:587} INFO - Filling up the DagBag from /home/airflow/.local/lib/python3.12/site-packages/airflow/example_dags/example_sla_dag.py
[2024-08-25T00:07:50.461+0000] {processor.py:925} INFO - DAG(s) 'example_sla_dag' retrieved from /home/airflow/.local/lib/python3.12/site-packages/airflow/example_dags/example_sla_dag.py
[2024-08-25T00:07:50.544+0000] {logging_mixin.py:190} INFO - [2024-08-25T00:07:50.541+0000] {dag.py:3211} INFO - Sync 1 DAGs
[2024-08-25T00:07:50.686+0000] {logging_mixin.py:190} INFO - [2024-08-25T00:07:50.685+0000] {dag.py:4138} INFO - Setting next_dagrun for example_sla_dag to 2024-08-25 00:04:00+00:00, run_after=2024-08-25 00:06:00+00:00
[2024-08-25T00:07:50.765+0000] {processor.py:208} INFO - Processing /home/airflow/.local/lib/python3.12/site-packages/airflow/example_dags/example_sla_dag.py took 0.412 seconds
[2024-08-25T00:08:20.970+0000] {processor.py:186} INFO - Started process (PID=342) to work on /home/airflow/.local/lib/python3.12/site-packages/airflow/example_dags/example_sla_dag.py
[2024-08-25T00:08:20.992+0000] {processor.py:914} INFO - Processing file /home/airflow/.local/lib/python3.12/site-packages/airflow/example_dags/example_sla_dag.py for tasks to queue
[2024-08-25T00:08:21.006+0000] {logging_mixin.py:190} INFO - [2024-08-25T00:08:21.004+0000] {dagbag.py:587} INFO - Filling up the DagBag from /home/airflow/.local/lib/python3.12/site-packages/airflow/example_dags/example_sla_dag.py
[2024-08-25T00:08:21.076+0000] {processor.py:925} INFO - DAG(s) 'example_sla_dag' retrieved from /home/airflow/.local/lib/python3.12/site-packages/airflow/example_dags/example_sla_dag.py
[2024-08-25T00:08:21.208+0000] {logging_mixin.py:190} INFO - [2024-08-25T00:08:21.206+0000] {dag.py:3211} INFO - Sync 1 DAGs
[2024-08-25T00:08:21.370+0000] {logging_mixin.py:190} INFO - [2024-08-25T00:08:21.369+0000] {dag.py:4138} INFO - Setting next_dagrun for example_sla_dag to 2024-08-25 00:06:00+00:00, run_after=2024-08-25 00:08:00+00:00
[2024-08-25T00:08:21.478+0000] {processor.py:208} INFO - Processing /home/airflow/.local/lib/python3.12/site-packages/airflow/example_dags/example_sla_dag.py took 0.536 seconds
[2024-08-25T00:08:52.067+0000] {processor.py:186} INFO - Started process (PID=405) to work on /home/airflow/.local/lib/python3.12/site-packages/airflow/example_dags/example_sla_dag.py
[2024-08-25T00:08:52.070+0000] {processor.py:914} INFO - Processing file /home/airflow/.local/lib/python3.12/site-packages/airflow/example_dags/example_sla_dag.py for tasks to queue
[2024-08-25T00:08:52.078+0000] {logging_mixin.py:190} INFO - [2024-08-25T00:08:52.077+0000] {dagbag.py:587} INFO - Filling up the DagBag from /home/airflow/.local/lib/python3.12/site-packages/airflow/example_dags/example_sla_dag.py
[2024-08-25T00:08:52.125+0000] {processor.py:925} INFO - DAG(s) 'example_sla_dag' retrieved from /home/airflow/.local/lib/python3.12/site-packages/airflow/example_dags/example_sla_dag.py
[2024-08-25T00:08:52.255+0000] {logging_mixin.py:190} INFO - [2024-08-25T00:08:52.254+0000] {dag.py:3211} INFO - Sync 1 DAGs
[2024-08-25T00:08:52.504+0000] {logging_mixin.py:190} INFO - [2024-08-25T00:08:52.503+0000] {dag.py:4138} INFO - Setting next_dagrun for example_sla_dag to 2024-08-25 00:06:00+00:00, run_after=2024-08-25 00:08:00+00:00
[2024-08-25T00:08:52.555+0000] {processor.py:208} INFO - Processing /home/airflow/.local/lib/python3.12/site-packages/airflow/example_dags/example_sla_dag.py took 0.512 seconds
[2024-08-25T00:09:22.910+0000] {processor.py:186} INFO - Started process (PID=468) to work on /home/airflow/.local/lib/python3.12/site-packages/airflow/example_dags/example_sla_dag.py
[2024-08-25T00:09:22.913+0000] {processor.py:914} INFO - Processing file /home/airflow/.local/lib/python3.12/site-packages/airflow/example_dags/example_sla_dag.py for tasks to queue
[2024-08-25T00:09:22.923+0000] {logging_mixin.py:190} INFO - [2024-08-25T00:09:22.920+0000] {dagbag.py:587} INFO - Filling up the DagBag from /home/airflow/.local/lib/python3.12/site-packages/airflow/example_dags/example_sla_dag.py
[2024-08-25T00:09:22.993+0000] {processor.py:925} INFO - DAG(s) 'example_sla_dag' retrieved from /home/airflow/.local/lib/python3.12/site-packages/airflow/example_dags/example_sla_dag.py
[2024-08-25T00:09:23.101+0000] {logging_mixin.py:190} INFO - [2024-08-25T00:09:23.099+0000] {dag.py:3211} INFO - Sync 1 DAGs
[2024-08-25T00:09:23.240+0000] {logging_mixin.py:190} INFO - [2024-08-25T00:09:23.239+0000] {dag.py:4138} INFO - Setting next_dagrun for example_sla_dag to 2024-08-25 00:06:00+00:00, run_after=2024-08-25 00:08:00+00:00
[2024-08-25T00:09:23.328+0000] {processor.py:208} INFO - Processing /home/airflow/.local/lib/python3.12/site-packages/airflow/example_dags/example_sla_dag.py took 0.438 seconds
[2024-08-25T00:09:55.786+0000] {processor.py:186} INFO - Started process (PID=532) to work on /home/airflow/.local/lib/python3.12/site-packages/airflow/example_dags/example_sla_dag.py
[2024-08-25T00:09:55.788+0000] {processor.py:914} INFO - Processing file /home/airflow/.local/lib/python3.12/site-packages/airflow/example_dags/example_sla_dag.py for tasks to queue
[2024-08-25T00:09:55.794+0000] {logging_mixin.py:190} INFO - [2024-08-25T00:09:55.793+0000] {dagbag.py:587} INFO - Filling up the DagBag from /home/airflow/.local/lib/python3.12/site-packages/airflow/example_dags/example_sla_dag.py
[2024-08-25T00:09:55.820+0000] {processor.py:925} INFO - DAG(s) 'example_sla_dag' retrieved from /home/airflow/.local/lib/python3.12/site-packages/airflow/example_dags/example_sla_dag.py
[2024-08-25T00:09:55.929+0000] {logging_mixin.py:190} INFO - [2024-08-25T00:09:55.927+0000] {dag.py:3211} INFO - Sync 1 DAGs
[2024-08-25T00:09:56.107+0000] {logging_mixin.py:190} INFO - [2024-08-25T00:09:56.106+0000] {dag.py:4138} INFO - Setting next_dagrun for example_sla_dag to 2024-08-25 00:06:00+00:00, run_after=2024-08-25 00:08:00+00:00
[2024-08-25T00:09:56.222+0000] {processor.py:208} INFO - Processing /home/airflow/.local/lib/python3.12/site-packages/airflow/example_dags/example_sla_dag.py took 0.452 seconds
[2024-08-25T00:10:29.239+0000] {processor.py:186} INFO - Started process (PID=597) to work on /home/airflow/.local/lib/python3.12/site-packages/airflow/example_dags/example_sla_dag.py
[2024-08-25T00:10:29.256+0000] {processor.py:914} INFO - Processing file /home/airflow/.local/lib/python3.12/site-packages/airflow/example_dags/example_sla_dag.py for tasks to queue
[2024-08-25T00:10:29.274+0000] {logging_mixin.py:190} INFO - [2024-08-25T00:10:29.273+0000] {dagbag.py:587} INFO - Filling up the DagBag from /home/airflow/.local/lib/python3.12/site-packages/airflow/example_dags/example_sla_dag.py
[2024-08-25T00:10:29.365+0000] {processor.py:925} INFO - DAG(s) 'example_sla_dag' retrieved from /home/airflow/.local/lib/python3.12/site-packages/airflow/example_dags/example_sla_dag.py
[2024-08-25T00:10:29.595+0000] {logging_mixin.py:190} INFO - [2024-08-25T00:10:29.593+0000] {dag.py:3211} INFO - Sync 1 DAGs
[2024-08-25T00:10:29.741+0000] {logging_mixin.py:190} INFO - [2024-08-25T00:10:29.741+0000] {dag.py:4138} INFO - Setting next_dagrun for example_sla_dag to 2024-08-25 00:08:00+00:00, run_after=2024-08-25 00:10:00+00:00
[2024-08-25T00:10:29.816+0000] {processor.py:208} INFO - Processing /home/airflow/.local/lib/python3.12/site-packages/airflow/example_dags/example_sla_dag.py took 0.671 seconds
[2024-08-25T00:11:00.913+0000] {processor.py:186} INFO - Started process (PID=665) to work on /home/airflow/.local/lib/python3.12/site-packages/airflow/example_dags/example_sla_dag.py
[2024-08-25T00:11:00.916+0000] {processor.py:914} INFO - Processing file /home/airflow/.local/lib/python3.12/site-packages/airflow/example_dags/example_sla_dag.py for tasks to queue
[2024-08-25T00:11:00.924+0000] {logging_mixin.py:190} INFO - [2024-08-25T00:11:00.923+0000] {dagbag.py:587} INFO - Filling up the DagBag from /home/airflow/.local/lib/python3.12/site-packages/airflow/example_dags/example_sla_dag.py
[2024-08-25T00:11:00.968+0000] {processor.py:925} INFO - DAG(s) 'example_sla_dag' retrieved from /home/airflow/.local/lib/python3.12/site-packages/airflow/example_dags/example_sla_dag.py
[2024-08-25T00:11:01.041+0000] {logging_mixin.py:190} INFO - [2024-08-25T00:11:01.039+0000] {dag.py:3211} INFO - Sync 1 DAGs
[2024-08-25T00:11:01.138+0000] {logging_mixin.py:190} INFO - [2024-08-25T00:11:01.137+0000] {dag.py:4138} INFO - Setting next_dagrun for example_sla_dag to 2024-08-25 00:08:00+00:00, run_after=2024-08-25 00:10:00+00:00
[2024-08-25T00:11:01.191+0000] {processor.py:208} INFO - Processing /home/airflow/.local/lib/python3.12/site-packages/airflow/example_dags/example_sla_dag.py took 0.298 seconds
[2024-08-25T00:11:31.945+0000] {processor.py:186} INFO - Started process (PID=728) to work on /home/airflow/.local/lib/python3.12/site-packages/airflow/example_dags/example_sla_dag.py
[2024-08-25T00:11:31.947+0000] {processor.py:914} INFO - Processing file /home/airflow/.local/lib/python3.12/site-packages/airflow/example_dags/example_sla_dag.py for tasks to queue
[2024-08-25T00:11:31.954+0000] {logging_mixin.py:190} INFO - [2024-08-25T00:11:31.953+0000] {dagbag.py:587} INFO - Filling up the DagBag from /home/airflow/.local/lib/python3.12/site-packages/airflow/example_dags/example_sla_dag.py
[2024-08-25T00:11:31.994+0000] {processor.py:925} INFO - DAG(s) 'example_sla_dag' retrieved from /home/airflow/.local/lib/python3.12/site-packages/airflow/example_dags/example_sla_dag.py
[2024-08-25T00:11:32.058+0000] {logging_mixin.py:190} INFO - [2024-08-25T00:11:32.053+0000] {dag.py:3211} INFO - Sync 1 DAGs
[2024-08-25T00:11:32.187+0000] {logging_mixin.py:190} INFO - [2024-08-25T00:11:32.180+0000] {dag.py:4138} INFO - Setting next_dagrun for example_sla_dag to 2024-08-25 00:08:00+00:00, run_after=2024-08-25 00:10:00+00:00
[2024-08-25T00:11:32.366+0000] {processor.py:208} INFO - Processing /home/airflow/.local/lib/python3.12/site-packages/airflow/example_dags/example_sla_dag.py took 0.441 seconds
[2024-08-25T00:12:03.908+0000] {processor.py:186} INFO - Started process (PID=792) to work on /home/airflow/.local/lib/python3.12/site-packages/airflow/example_dags/example_sla_dag.py
[2024-08-25T00:12:03.911+0000] {processor.py:914} INFO - Processing file /home/airflow/.local/lib/python3.12/site-packages/airflow/example_dags/example_sla_dag.py for tasks to queue
[2024-08-25T00:12:03.917+0000] {logging_mixin.py:190} INFO - [2024-08-25T00:12:03.916+0000] {dagbag.py:587} INFO - Filling up the DagBag from /home/airflow/.local/lib/python3.12/site-packages/airflow/example_dags/example_sla_dag.py
[2024-08-25T00:12:03.941+0000] {processor.py:925} INFO - DAG(s) 'example_sla_dag' retrieved from /home/airflow/.local/lib/python3.12/site-packages/airflow/example_dags/example_sla_dag.py
[2024-08-25T00:12:03.990+0000] {logging_mixin.py:190} INFO - [2024-08-25T00:12:03.988+0000] {dag.py:3211} INFO - Sync 1 DAGs
[2024-08-25T00:12:04.056+0000] {logging_mixin.py:190} INFO - [2024-08-25T00:12:04.056+0000] {dag.py:4138} INFO - Setting next_dagrun for example_sla_dag to 2024-08-25 00:10:00+00:00, run_after=2024-08-25 00:12:00+00:00
[2024-08-25T00:12:04.098+0000] {processor.py:208} INFO - Processing /home/airflow/.local/lib/python3.12/site-packages/airflow/example_dags/example_sla_dag.py took 0.205 seconds
[2024-08-25T00:12:34.321+0000] {processor.py:186} INFO - Started process (PID=855) to work on /home/airflow/.local/lib/python3.12/site-packages/airflow/example_dags/example_sla_dag.py
[2024-08-25T00:12:34.330+0000] {processor.py:914} INFO - Processing file /home/airflow/.local/lib/python3.12/site-packages/airflow/example_dags/example_sla_dag.py for tasks to queue
[2024-08-25T00:12:34.344+0000] {logging_mixin.py:190} INFO - [2024-08-25T00:12:34.343+0000] {dagbag.py:587} INFO - Filling up the DagBag from /home/airflow/.local/lib/python3.12/site-packages/airflow/example_dags/example_sla_dag.py
[2024-08-25T00:12:34.381+0000] {processor.py:925} INFO - DAG(s) 'example_sla_dag' retrieved from /home/airflow/.local/lib/python3.12/site-packages/airflow/example_dags/example_sla_dag.py
[2024-08-25T00:12:34.486+0000] {logging_mixin.py:190} INFO - [2024-08-25T00:12:34.484+0000] {dag.py:3211} INFO - Sync 1 DAGs
[2024-08-25T00:12:34.662+0000] {logging_mixin.py:190} INFO - [2024-08-25T00:12:34.661+0000] {dag.py:4138} INFO - Setting next_dagrun for example_sla_dag to 2024-08-25 00:10:00+00:00, run_after=2024-08-25 00:12:00+00:00
[2024-08-25T00:12:34.727+0000] {processor.py:208} INFO - Processing /home/airflow/.local/lib/python3.12/site-packages/airflow/example_dags/example_sla_dag.py took 0.436 seconds
[2024-08-25T00:13:06.201+0000] {processor.py:186} INFO - Started process (PID=918) to work on /home/airflow/.local/lib/python3.12/site-packages/airflow/example_dags/example_sla_dag.py
[2024-08-25T00:13:06.203+0000] {processor.py:914} INFO - Processing file /home/airflow/.local/lib/python3.12/site-packages/airflow/example_dags/example_sla_dag.py for tasks to queue
[2024-08-25T00:13:06.211+0000] {logging_mixin.py:190} INFO - [2024-08-25T00:13:06.209+0000] {dagbag.py:587} INFO - Filling up the DagBag from /home/airflow/.local/lib/python3.12/site-packages/airflow/example_dags/example_sla_dag.py
[2024-08-25T00:13:06.243+0000] {processor.py:925} INFO - DAG(s) 'example_sla_dag' retrieved from /home/airflow/.local/lib/python3.12/site-packages/airflow/example_dags/example_sla_dag.py
[2024-08-25T00:13:06.308+0000] {logging_mixin.py:190} INFO - [2024-08-25T00:13:06.307+0000] {dag.py:3211} INFO - Sync 1 DAGs
[2024-08-25T00:13:06.410+0000] {logging_mixin.py:190} INFO - [2024-08-25T00:13:06.410+0000] {dag.py:4138} INFO - Setting next_dagrun for example_sla_dag to 2024-08-25 00:10:00+00:00, run_after=2024-08-25 00:12:00+00:00
[2024-08-25T00:13:06.496+0000] {processor.py:208} INFO - Processing /home/airflow/.local/lib/python3.12/site-packages/airflow/example_dags/example_sla_dag.py took 0.315 seconds
[2024-08-25T00:13:37.355+0000] {processor.py:186} INFO - Started process (PID=981) to work on /home/airflow/.local/lib/python3.12/site-packages/airflow/example_dags/example_sla_dag.py
[2024-08-25T00:13:37.365+0000] {processor.py:914} INFO - Processing file /home/airflow/.local/lib/python3.12/site-packages/airflow/example_dags/example_sla_dag.py for tasks to queue
[2024-08-25T00:13:37.377+0000] {logging_mixin.py:190} INFO - [2024-08-25T00:13:37.374+0000] {dagbag.py:587} INFO - Filling up the DagBag from /home/airflow/.local/lib/python3.12/site-packages/airflow/example_dags/example_sla_dag.py
[2024-08-25T00:13:37.425+0000] {processor.py:925} INFO - DAG(s) 'example_sla_dag' retrieved from /home/airflow/.local/lib/python3.12/site-packages/airflow/example_dags/example_sla_dag.py
[2024-08-25T00:13:37.501+0000] {logging_mixin.py:190} INFO - [2024-08-25T00:13:37.498+0000] {dag.py:3211} INFO - Sync 1 DAGs
[2024-08-25T00:13:37.725+0000] {logging_mixin.py:190} INFO - [2024-08-25T00:13:37.716+0000] {dag.py:4138} INFO - Setting next_dagrun for example_sla_dag to 2024-08-25 00:10:00+00:00, run_after=2024-08-25 00:12:00+00:00
[2024-08-25T00:13:37.840+0000] {processor.py:208} INFO - Processing /home/airflow/.local/lib/python3.12/site-packages/airflow/example_dags/example_sla_dag.py took 0.515 seconds
[2024-08-25T00:14:08.018+0000] {processor.py:186} INFO - Started process (PID=1044) to work on /home/airflow/.local/lib/python3.12/site-packages/airflow/example_dags/example_sla_dag.py
[2024-08-25T00:14:08.020+0000] {processor.py:914} INFO - Processing file /home/airflow/.local/lib/python3.12/site-packages/airflow/example_dags/example_sla_dag.py for tasks to queue
[2024-08-25T00:14:08.026+0000] {logging_mixin.py:190} INFO - [2024-08-25T00:14:08.025+0000] {dagbag.py:587} INFO - Filling up the DagBag from /home/airflow/.local/lib/python3.12/site-packages/airflow/example_dags/example_sla_dag.py
[2024-08-25T00:14:08.049+0000] {processor.py:925} INFO - DAG(s) 'example_sla_dag' retrieved from /home/airflow/.local/lib/python3.12/site-packages/airflow/example_dags/example_sla_dag.py
[2024-08-25T00:14:08.088+0000] {logging_mixin.py:190} INFO - [2024-08-25T00:14:08.087+0000] {dag.py:3211} INFO - Sync 1 DAGs
[2024-08-25T00:14:08.141+0000] {logging_mixin.py:190} INFO - [2024-08-25T00:14:08.141+0000] {dag.py:4138} INFO - Setting next_dagrun for example_sla_dag to 2024-08-25 00:12:00+00:00, run_after=2024-08-25 00:14:00+00:00
[2024-08-25T00:14:08.175+0000] {processor.py:208} INFO - Processing /home/airflow/.local/lib/python3.12/site-packages/airflow/example_dags/example_sla_dag.py took 0.173 seconds
[2024-08-25T00:14:38.833+0000] {processor.py:186} INFO - Started process (PID=1107) to work on /home/airflow/.local/lib/python3.12/site-packages/airflow/example_dags/example_sla_dag.py
[2024-08-25T00:14:38.835+0000] {processor.py:914} INFO - Processing file /home/airflow/.local/lib/python3.12/site-packages/airflow/example_dags/example_sla_dag.py for tasks to queue
[2024-08-25T00:14:38.841+0000] {logging_mixin.py:190} INFO - [2024-08-25T00:14:38.840+0000] {dagbag.py:587} INFO - Filling up the DagBag from /home/airflow/.local/lib/python3.12/site-packages/airflow/example_dags/example_sla_dag.py
[2024-08-25T00:14:38.867+0000] {processor.py:925} INFO - DAG(s) 'example_sla_dag' retrieved from /home/airflow/.local/lib/python3.12/site-packages/airflow/example_dags/example_sla_dag.py
[2024-08-25T00:14:38.916+0000] {logging_mixin.py:190} INFO - [2024-08-25T00:14:38.915+0000] {dag.py:3211} INFO - Sync 1 DAGs
[2024-08-25T00:14:39.006+0000] {logging_mixin.py:190} INFO - [2024-08-25T00:14:39.005+0000] {dag.py:4138} INFO - Setting next_dagrun for example_sla_dag to 2024-08-25 00:12:00+00:00, run_after=2024-08-25 00:14:00+00:00
[2024-08-25T00:14:39.051+0000] {processor.py:208} INFO - Processing /home/airflow/.local/lib/python3.12/site-packages/airflow/example_dags/example_sla_dag.py took 0.233 seconds
[2024-08-25T00:15:12.875+0000] {processor.py:186} INFO - Started process (PID=1167) to work on /home/airflow/.local/lib/python3.12/site-packages/airflow/example_dags/example_sla_dag.py
[2024-08-25T00:15:12.880+0000] {processor.py:914} INFO - Processing file /home/airflow/.local/lib/python3.12/site-packages/airflow/example_dags/example_sla_dag.py for tasks to queue
[2024-08-25T00:15:12.894+0000] {logging_mixin.py:190} INFO - [2024-08-25T00:15:12.893+0000] {dagbag.py:587} INFO - Filling up the DagBag from /home/airflow/.local/lib/python3.12/site-packages/airflow/example_dags/example_sla_dag.py
[2024-08-25T00:15:12.977+0000] {processor.py:925} INFO - DAG(s) 'example_sla_dag' retrieved from /home/airflow/.local/lib/python3.12/site-packages/airflow/example_dags/example_sla_dag.py
[2024-08-25T00:15:13.249+0000] {logging_mixin.py:190} INFO - [2024-08-25T00:15:13.247+0000] {dag.py:3211} INFO - Sync 1 DAGs
[2024-08-25T00:15:13.580+0000] {logging_mixin.py:190} INFO - [2024-08-25T00:15:13.580+0000] {dag.py:4138} INFO - Setting next_dagrun for example_sla_dag to 2024-08-25 00:12:00+00:00, run_after=2024-08-25 00:14:00+00:00
[2024-08-25T00:15:13.748+0000] {processor.py:208} INFO - Processing /home/airflow/.local/lib/python3.12/site-packages/airflow/example_dags/example_sla_dag.py took 0.913 seconds
[2024-08-25T00:15:44.764+0000] {processor.py:186} INFO - Started process (PID=1231) to work on /home/airflow/.local/lib/python3.12/site-packages/airflow/example_dags/example_sla_dag.py
[2024-08-25T00:15:44.787+0000] {processor.py:914} INFO - Processing file /home/airflow/.local/lib/python3.12/site-packages/airflow/example_dags/example_sla_dag.py for tasks to queue
[2024-08-25T00:15:44.810+0000] {logging_mixin.py:190} INFO - [2024-08-25T00:15:44.809+0000] {dagbag.py:587} INFO - Filling up the DagBag from /home/airflow/.local/lib/python3.12/site-packages/airflow/example_dags/example_sla_dag.py
[2024-08-25T00:15:44.878+0000] {processor.py:925} INFO - DAG(s) 'example_sla_dag' retrieved from /home/airflow/.local/lib/python3.12/site-packages/airflow/example_dags/example_sla_dag.py
[2024-08-25T00:15:44.993+0000] {logging_mixin.py:190} INFO - [2024-08-25T00:15:44.984+0000] {dag.py:3211} INFO - Sync 1 DAGs
[2024-08-25T00:15:45.218+0000] {logging_mixin.py:190} INFO - [2024-08-25T00:15:45.217+0000] {dag.py:4138} INFO - Setting next_dagrun for example_sla_dag to 2024-08-25 00:12:00+00:00, run_after=2024-08-25 00:14:00+00:00
[2024-08-25T00:15:45.316+0000] {processor.py:208} INFO - Processing /home/airflow/.local/lib/python3.12/site-packages/airflow/example_dags/example_sla_dag.py took 0.591 seconds
[2024-08-25T00:16:16.814+0000] {processor.py:186} INFO - Started process (PID=1295) to work on /home/airflow/.local/lib/python3.12/site-packages/airflow/example_dags/example_sla_dag.py
[2024-08-25T00:16:16.823+0000] {processor.py:914} INFO - Processing file /home/airflow/.local/lib/python3.12/site-packages/airflow/example_dags/example_sla_dag.py for tasks to queue
[2024-08-25T00:16:16.840+0000] {logging_mixin.py:190} INFO - [2024-08-25T00:16:16.829+0000] {dagbag.py:587} INFO - Filling up the DagBag from /home/airflow/.local/lib/python3.12/site-packages/airflow/example_dags/example_sla_dag.py
[2024-08-25T00:16:16.879+0000] {processor.py:925} INFO - DAG(s) 'example_sla_dag' retrieved from /home/airflow/.local/lib/python3.12/site-packages/airflow/example_dags/example_sla_dag.py
[2024-08-25T00:16:16.950+0000] {logging_mixin.py:190} INFO - [2024-08-25T00:16:16.948+0000] {dag.py:3211} INFO - Sync 1 DAGs
[2024-08-25T00:16:17.055+0000] {logging_mixin.py:190} INFO - [2024-08-25T00:16:17.054+0000] {dag.py:4138} INFO - Setting next_dagrun for example_sla_dag to 2024-08-25 00:14:00+00:00, run_after=2024-08-25 00:16:00+00:00
[2024-08-25T00:16:17.121+0000] {processor.py:208} INFO - Processing /home/airflow/.local/lib/python3.12/site-packages/airflow/example_dags/example_sla_dag.py took 0.351 seconds
[2024-08-25T00:16:47.490+0000] {processor.py:186} INFO - Started process (PID=1358) to work on /home/airflow/.local/lib/python3.12/site-packages/airflow/example_dags/example_sla_dag.py
[2024-08-25T00:16:47.493+0000] {processor.py:914} INFO - Processing file /home/airflow/.local/lib/python3.12/site-packages/airflow/example_dags/example_sla_dag.py for tasks to queue
[2024-08-25T00:16:47.500+0000] {logging_mixin.py:190} INFO - [2024-08-25T00:16:47.500+0000] {dagbag.py:587} INFO - Filling up the DagBag from /home/airflow/.local/lib/python3.12/site-packages/airflow/example_dags/example_sla_dag.py
[2024-08-25T00:16:47.531+0000] {processor.py:925} INFO - DAG(s) 'example_sla_dag' retrieved from /home/airflow/.local/lib/python3.12/site-packages/airflow/example_dags/example_sla_dag.py
[2024-08-25T00:16:47.587+0000] {logging_mixin.py:190} INFO - [2024-08-25T00:16:47.586+0000] {dag.py:3211} INFO - Sync 1 DAGs
[2024-08-25T00:16:47.671+0000] {logging_mixin.py:190} INFO - [2024-08-25T00:16:47.670+0000] {dag.py:4138} INFO - Setting next_dagrun for example_sla_dag to 2024-08-25 00:14:00+00:00, run_after=2024-08-25 00:16:00+00:00
[2024-08-25T00:16:47.725+0000] {processor.py:208} INFO - Processing /home/airflow/.local/lib/python3.12/site-packages/airflow/example_dags/example_sla_dag.py took 0.254 seconds
[2024-08-25T00:17:21.008+0000] {processor.py:186} INFO - Started process (PID=1421) to work on /home/airflow/.local/lib/python3.12/site-packages/airflow/example_dags/example_sla_dag.py
[2024-08-25T00:17:21.011+0000] {processor.py:914} INFO - Processing file /home/airflow/.local/lib/python3.12/site-packages/airflow/example_dags/example_sla_dag.py for tasks to queue
[2024-08-25T00:17:21.024+0000] {logging_mixin.py:190} INFO - [2024-08-25T00:17:21.022+0000] {dagbag.py:587} INFO - Filling up the DagBag from /home/airflow/.local/lib/python3.12/site-packages/airflow/example_dags/example_sla_dag.py
[2024-08-25T00:17:21.061+0000] {processor.py:925} INFO - DAG(s) 'example_sla_dag' retrieved from /home/airflow/.local/lib/python3.12/site-packages/airflow/example_dags/example_sla_dag.py
[2024-08-25T00:17:21.165+0000] {logging_mixin.py:190} INFO - [2024-08-25T00:17:21.163+0000] {dag.py:3211} INFO - Sync 1 DAGs
[2024-08-25T00:17:21.458+0000] {logging_mixin.py:190} INFO - [2024-08-25T00:17:21.458+0000] {dag.py:4138} INFO - Setting next_dagrun for example_sla_dag to 2024-08-25 00:14:00+00:00, run_after=2024-08-25 00:16:00+00:00
[2024-08-25T00:17:21.582+0000] {processor.py:208} INFO - Processing /home/airflow/.local/lib/python3.12/site-packages/airflow/example_dags/example_sla_dag.py took 0.593 seconds
[2024-08-25T00:17:55.462+0000] {processor.py:186} INFO - Started process (PID=1484) to work on /home/airflow/.local/lib/python3.12/site-packages/airflow/example_dags/example_sla_dag.py
[2024-08-25T00:17:55.469+0000] {processor.py:914} INFO - Processing file /home/airflow/.local/lib/python3.12/site-packages/airflow/example_dags/example_sla_dag.py for tasks to queue
[2024-08-25T00:17:55.476+0000] {logging_mixin.py:190} INFO - [2024-08-25T00:17:55.475+0000] {dagbag.py:587} INFO - Filling up the DagBag from /home/airflow/.local/lib/python3.12/site-packages/airflow/example_dags/example_sla_dag.py
[2024-08-25T00:17:55.511+0000] {processor.py:925} INFO - DAG(s) 'example_sla_dag' retrieved from /home/airflow/.local/lib/python3.12/site-packages/airflow/example_dags/example_sla_dag.py
[2024-08-25T00:17:55.584+0000] {logging_mixin.py:190} INFO - [2024-08-25T00:17:55.583+0000] {dag.py:3211} INFO - Sync 1 DAGs
[2024-08-25T00:17:55.672+0000] {logging_mixin.py:190} INFO - [2024-08-25T00:17:55.671+0000] {dag.py:4138} INFO - Setting next_dagrun for example_sla_dag to 2024-08-25 00:14:00+00:00, run_after=2024-08-25 00:16:00+00:00
[2024-08-25T00:17:55.723+0000] {processor.py:208} INFO - Processing /home/airflow/.local/lib/python3.12/site-packages/airflow/example_dags/example_sla_dag.py took 0.281 seconds
[2024-08-25T00:18:26.793+0000] {processor.py:186} INFO - Started process (PID=1547) to work on /home/airflow/.local/lib/python3.12/site-packages/airflow/example_dags/example_sla_dag.py
[2024-08-25T00:18:26.799+0000] {processor.py:914} INFO - Processing file /home/airflow/.local/lib/python3.12/site-packages/airflow/example_dags/example_sla_dag.py for tasks to queue
[2024-08-25T00:18:26.808+0000] {logging_mixin.py:190} INFO - [2024-08-25T00:18:26.808+0000] {dagbag.py:587} INFO - Filling up the DagBag from /home/airflow/.local/lib/python3.12/site-packages/airflow/example_dags/example_sla_dag.py
[2024-08-25T00:18:26.869+0000] {processor.py:925} INFO - DAG(s) 'example_sla_dag' retrieved from /home/airflow/.local/lib/python3.12/site-packages/airflow/example_dags/example_sla_dag.py
[2024-08-25T00:18:26.953+0000] {logging_mixin.py:190} INFO - [2024-08-25T00:18:26.949+0000] {dag.py:3211} INFO - Sync 1 DAGs
[2024-08-25T00:18:27.082+0000] {logging_mixin.py:190} INFO - [2024-08-25T00:18:27.082+0000] {dag.py:4138} INFO - Setting next_dagrun for example_sla_dag to 2024-08-25 00:16:00+00:00, run_after=2024-08-25 00:18:00+00:00
[2024-08-25T00:18:27.164+0000] {processor.py:208} INFO - Processing /home/airflow/.local/lib/python3.12/site-packages/airflow/example_dags/example_sla_dag.py took 0.396 seconds
[2024-08-25T00:18:57.391+0000] {processor.py:186} INFO - Started process (PID=1610) to work on /home/airflow/.local/lib/python3.12/site-packages/airflow/example_dags/example_sla_dag.py
[2024-08-25T00:18:57.393+0000] {processor.py:914} INFO - Processing file /home/airflow/.local/lib/python3.12/site-packages/airflow/example_dags/example_sla_dag.py for tasks to queue
[2024-08-25T00:18:57.400+0000] {logging_mixin.py:190} INFO - [2024-08-25T00:18:57.399+0000] {dagbag.py:587} INFO - Filling up the DagBag from /home/airflow/.local/lib/python3.12/site-packages/airflow/example_dags/example_sla_dag.py
[2024-08-25T00:18:57.432+0000] {processor.py:925} INFO - DAG(s) 'example_sla_dag' retrieved from /home/airflow/.local/lib/python3.12/site-packages/airflow/example_dags/example_sla_dag.py
[2024-08-25T00:18:57.489+0000] {logging_mixin.py:190} INFO - [2024-08-25T00:18:57.487+0000] {dag.py:3211} INFO - Sync 1 DAGs
[2024-08-25T00:18:57.594+0000] {logging_mixin.py:190} INFO - [2024-08-25T00:18:57.593+0000] {dag.py:4138} INFO - Setting next_dagrun for example_sla_dag to 2024-08-25 00:16:00+00:00, run_after=2024-08-25 00:18:00+00:00
[2024-08-25T00:18:57.637+0000] {processor.py:208} INFO - Processing /home/airflow/.local/lib/python3.12/site-packages/airflow/example_dags/example_sla_dag.py took 0.267 seconds
[2024-08-25T00:19:28.774+0000] {processor.py:186} INFO - Started process (PID=1673) to work on /home/airflow/.local/lib/python3.12/site-packages/airflow/example_dags/example_sla_dag.py
[2024-08-25T00:19:28.776+0000] {processor.py:914} INFO - Processing file /home/airflow/.local/lib/python3.12/site-packages/airflow/example_dags/example_sla_dag.py for tasks to queue
[2024-08-25T00:19:28.785+0000] {logging_mixin.py:190} INFO - [2024-08-25T00:19:28.784+0000] {dagbag.py:587} INFO - Filling up the DagBag from /home/airflow/.local/lib/python3.12/site-packages/airflow/example_dags/example_sla_dag.py
[2024-08-25T00:19:28.822+0000] {processor.py:925} INFO - DAG(s) 'example_sla_dag' retrieved from /home/airflow/.local/lib/python3.12/site-packages/airflow/example_dags/example_sla_dag.py
[2024-08-25T00:19:28.892+0000] {logging_mixin.py:190} INFO - [2024-08-25T00:19:28.890+0000] {dag.py:3211} INFO - Sync 1 DAGs
[2024-08-25T00:19:29.006+0000] {logging_mixin.py:190} INFO - [2024-08-25T00:19:29.005+0000] {dag.py:4138} INFO - Setting next_dagrun for example_sla_dag to 2024-08-25 00:16:00+00:00, run_after=2024-08-25 00:18:00+00:00
[2024-08-25T00:19:29.061+0000] {processor.py:208} INFO - Processing /home/airflow/.local/lib/python3.12/site-packages/airflow/example_dags/example_sla_dag.py took 0.311 seconds
[2024-08-25T00:19:59.479+0000] {processor.py:186} INFO - Started process (PID=1736) to work on /home/airflow/.local/lib/python3.12/site-packages/airflow/example_dags/example_sla_dag.py
[2024-08-25T00:19:59.481+0000] {processor.py:914} INFO - Processing file /home/airflow/.local/lib/python3.12/site-packages/airflow/example_dags/example_sla_dag.py for tasks to queue
[2024-08-25T00:19:59.486+0000] {logging_mixin.py:190} INFO - [2024-08-25T00:19:59.486+0000] {dagbag.py:587} INFO - Filling up the DagBag from /home/airflow/.local/lib/python3.12/site-packages/airflow/example_dags/example_sla_dag.py
[2024-08-25T00:19:59.513+0000] {processor.py:925} INFO - DAG(s) 'example_sla_dag' retrieved from /home/airflow/.local/lib/python3.12/site-packages/airflow/example_dags/example_sla_dag.py
[2024-08-25T00:19:59.576+0000] {logging_mixin.py:190} INFO - [2024-08-25T00:19:59.575+0000] {dag.py:3211} INFO - Sync 1 DAGs
[2024-08-25T00:19:59.648+0000] {logging_mixin.py:190} INFO - [2024-08-25T00:19:59.648+0000] {dag.py:4138} INFO - Setting next_dagrun for example_sla_dag to 2024-08-25 00:16:00+00:00, run_after=2024-08-25 00:18:00+00:00
[2024-08-25T00:19:59.690+0000] {processor.py:208} INFO - Processing /home/airflow/.local/lib/python3.12/site-packages/airflow/example_dags/example_sla_dag.py took 0.224 seconds
[2024-08-25T00:20:30.849+0000] {processor.py:186} INFO - Started process (PID=1799) to work on /home/airflow/.local/lib/python3.12/site-packages/airflow/example_dags/example_sla_dag.py
[2024-08-25T00:20:30.852+0000] {processor.py:914} INFO - Processing file /home/airflow/.local/lib/python3.12/site-packages/airflow/example_dags/example_sla_dag.py for tasks to queue
[2024-08-25T00:20:30.860+0000] {logging_mixin.py:190} INFO - [2024-08-25T00:20:30.859+0000] {dagbag.py:587} INFO - Filling up the DagBag from /home/airflow/.local/lib/python3.12/site-packages/airflow/example_dags/example_sla_dag.py
[2024-08-25T00:20:30.909+0000] {processor.py:925} INFO - DAG(s) 'example_sla_dag' retrieved from /home/airflow/.local/lib/python3.12/site-packages/airflow/example_dags/example_sla_dag.py
[2024-08-25T00:20:31.063+0000] {logging_mixin.py:190} INFO - [2024-08-25T00:20:31.061+0000] {dag.py:3211} INFO - Sync 1 DAGs
[2024-08-25T00:20:31.170+0000] {logging_mixin.py:190} INFO - [2024-08-25T00:20:31.170+0000] {dag.py:4138} INFO - Setting next_dagrun for example_sla_dag to 2024-08-25 00:18:00+00:00, run_after=2024-08-25 00:20:00+00:00
[2024-08-25T00:20:31.241+0000] {processor.py:208} INFO - Processing /home/airflow/.local/lib/python3.12/site-packages/airflow/example_dags/example_sla_dag.py took 0.415 seconds
[2024-08-25T00:21:04.751+0000] {processor.py:186} INFO - Started process (PID=1861) to work on /home/airflow/.local/lib/python3.12/site-packages/airflow/example_dags/example_sla_dag.py
[2024-08-25T00:21:04.777+0000] {processor.py:914} INFO - Processing file /home/airflow/.local/lib/python3.12/site-packages/airflow/example_dags/example_sla_dag.py for tasks to queue
[2024-08-25T00:21:04.814+0000] {logging_mixin.py:190} INFO - [2024-08-25T00:21:04.813+0000] {dagbag.py:587} INFO - Filling up the DagBag from /home/airflow/.local/lib/python3.12/site-packages/airflow/example_dags/example_sla_dag.py
[2024-08-25T00:21:04.900+0000] {processor.py:925} INFO - DAG(s) 'example_sla_dag' retrieved from /home/airflow/.local/lib/python3.12/site-packages/airflow/example_dags/example_sla_dag.py
[2024-08-25T00:21:05.050+0000] {logging_mixin.py:190} INFO - [2024-08-25T00:21:05.049+0000] {dag.py:3211} INFO - Sync 1 DAGs
[2024-08-25T00:21:05.364+0000] {logging_mixin.py:190} INFO - [2024-08-25T00:21:05.363+0000] {dag.py:4138} INFO - Setting next_dagrun for example_sla_dag to 2024-08-25 00:18:00+00:00, run_after=2024-08-25 00:20:00+00:00
[2024-08-25T00:21:05.545+0000] {processor.py:208} INFO - Processing /home/airflow/.local/lib/python3.12/site-packages/airflow/example_dags/example_sla_dag.py took 0.843 seconds
[2024-08-25T00:26:31.368+0000] {processor.py:186} INFO - Started process (PID=99) to work on /home/airflow/.local/lib/python3.12/site-packages/airflow/example_dags/example_sla_dag.py
[2024-08-25T00:26:31.400+0000] {processor.py:914} INFO - Processing file /home/airflow/.local/lib/python3.12/site-packages/airflow/example_dags/example_sla_dag.py for tasks to queue
[2024-08-25T00:26:31.422+0000] {logging_mixin.py:190} INFO - [2024-08-25T00:26:31.421+0000] {dagbag.py:587} INFO - Filling up the DagBag from /home/airflow/.local/lib/python3.12/site-packages/airflow/example_dags/example_sla_dag.py
[2024-08-25T00:26:31.558+0000] {processor.py:925} INFO - DAG(s) 'example_sla_dag' retrieved from /home/airflow/.local/lib/python3.12/site-packages/airflow/example_dags/example_sla_dag.py
[2024-08-25T00:26:31.899+0000] {logging_mixin.py:190} INFO - [2024-08-25T00:26:31.897+0000] {dag.py:3211} INFO - Sync 1 DAGs
[2024-08-25T00:26:32.647+0000] {logging_mixin.py:190} INFO - [2024-08-25T00:26:32.647+0000] {dag.py:4138} INFO - Setting next_dagrun for example_sla_dag to 2024-08-25 00:24:00+00:00, run_after=2024-08-25 00:26:00+00:00
[2024-08-25T00:26:33.309+0000] {processor.py:208} INFO - Processing /home/airflow/.local/lib/python3.12/site-packages/airflow/example_dags/example_sla_dag.py took 1.960 seconds
[2024-08-25T00:27:28.960+0000] {processor.py:186} INFO - Started process (PID=161) to work on /home/airflow/.local/lib/python3.12/site-packages/airflow/example_dags/example_sla_dag.py
[2024-08-25T00:27:28.981+0000] {processor.py:914} INFO - Processing file /home/airflow/.local/lib/python3.12/site-packages/airflow/example_dags/example_sla_dag.py for tasks to queue
[2024-08-25T00:27:29.000+0000] {logging_mixin.py:190} INFO - [2024-08-25T00:27:28.999+0000] {dagbag.py:587} INFO - Filling up the DagBag from /home/airflow/.local/lib/python3.12/site-packages/airflow/example_dags/example_sla_dag.py
[2024-08-25T00:27:29.096+0000] {processor.py:925} INFO - DAG(s) 'example_sla_dag' retrieved from /home/airflow/.local/lib/python3.12/site-packages/airflow/example_dags/example_sla_dag.py
[2024-08-25T00:27:29.282+0000] {logging_mixin.py:190} INFO - [2024-08-25T00:27:29.280+0000] {dag.py:3211} INFO - Sync 1 DAGs
[2024-08-25T00:27:30.437+0000] {logging_mixin.py:190} INFO - [2024-08-25T00:27:30.436+0000] {dag.py:4138} INFO - Setting next_dagrun for example_sla_dag to 2024-08-25 00:24:00+00:00, run_after=2024-08-25 00:26:00+00:00
[2024-08-25T00:27:30.915+0000] {processor.py:208} INFO - Processing /home/airflow/.local/lib/python3.12/site-packages/airflow/example_dags/example_sla_dag.py took 2.041 seconds
[2024-08-25T00:28:14.875+0000] {processor.py:186} INFO - Started process (PID=221) to work on /home/airflow/.local/lib/python3.12/site-packages/airflow/example_dags/example_sla_dag.py
[2024-08-25T00:28:14.880+0000] {processor.py:914} INFO - Processing file /home/airflow/.local/lib/python3.12/site-packages/airflow/example_dags/example_sla_dag.py for tasks to queue
[2024-08-25T00:28:14.904+0000] {logging_mixin.py:190} INFO - [2024-08-25T00:28:14.903+0000] {dagbag.py:587} INFO - Filling up the DagBag from /home/airflow/.local/lib/python3.12/site-packages/airflow/example_dags/example_sla_dag.py
[2024-08-25T00:28:14.998+0000] {processor.py:925} INFO - DAG(s) 'example_sla_dag' retrieved from /home/airflow/.local/lib/python3.12/site-packages/airflow/example_dags/example_sla_dag.py
[2024-08-25T00:28:15.162+0000] {logging_mixin.py:190} INFO - [2024-08-25T00:28:15.156+0000] {dag.py:3211} INFO - Sync 1 DAGs
[2024-08-25T00:28:15.372+0000] {logging_mixin.py:190} INFO - [2024-08-25T00:28:15.364+0000] {dag.py:4138} INFO - Setting next_dagrun for example_sla_dag to 2024-08-25 00:26:00+00:00, run_after=2024-08-25 00:28:00+00:00
[2024-08-25T00:28:15.536+0000] {processor.py:208} INFO - Processing /home/airflow/.local/lib/python3.12/site-packages/airflow/example_dags/example_sla_dag.py took 0.703 seconds
[2024-08-25T00:28:50.899+0000] {processor.py:186} INFO - Started process (PID=284) to work on /home/airflow/.local/lib/python3.12/site-packages/airflow/example_dags/example_sla_dag.py
[2024-08-25T00:28:50.905+0000] {processor.py:914} INFO - Processing file /home/airflow/.local/lib/python3.12/site-packages/airflow/example_dags/example_sla_dag.py for tasks to queue
[2024-08-25T00:28:50.924+0000] {logging_mixin.py:190} INFO - [2024-08-25T00:28:50.923+0000] {dagbag.py:587} INFO - Filling up the DagBag from /home/airflow/.local/lib/python3.12/site-packages/airflow/example_dags/example_sla_dag.py
[2024-08-25T00:28:51.012+0000] {processor.py:925} INFO - DAG(s) 'example_sla_dag' retrieved from /home/airflow/.local/lib/python3.12/site-packages/airflow/example_dags/example_sla_dag.py
[2024-08-25T00:28:51.121+0000] {logging_mixin.py:190} INFO - [2024-08-25T00:28:51.117+0000] {dag.py:3211} INFO - Sync 1 DAGs
[2024-08-25T00:28:51.272+0000] {logging_mixin.py:190} INFO - [2024-08-25T00:28:51.270+0000] {dag.py:4138} INFO - Setting next_dagrun for example_sla_dag to 2024-08-25 00:26:00+00:00, run_after=2024-08-25 00:28:00+00:00
[2024-08-25T00:28:51.362+0000] {processor.py:208} INFO - Processing /home/airflow/.local/lib/python3.12/site-packages/airflow/example_dags/example_sla_dag.py took 0.529 seconds
[2024-08-25T00:29:22.747+0000] {processor.py:186} INFO - Started process (PID=347) to work on /home/airflow/.local/lib/python3.12/site-packages/airflow/example_dags/example_sla_dag.py
[2024-08-25T00:29:22.750+0000] {processor.py:914} INFO - Processing file /home/airflow/.local/lib/python3.12/site-packages/airflow/example_dags/example_sla_dag.py for tasks to queue
[2024-08-25T00:29:22.759+0000] {logging_mixin.py:190} INFO - [2024-08-25T00:29:22.756+0000] {dagbag.py:587} INFO - Filling up the DagBag from /home/airflow/.local/lib/python3.12/site-packages/airflow/example_dags/example_sla_dag.py
[2024-08-25T00:29:22.816+0000] {processor.py:925} INFO - DAG(s) 'example_sla_dag' retrieved from /home/airflow/.local/lib/python3.12/site-packages/airflow/example_dags/example_sla_dag.py
[2024-08-25T00:29:22.902+0000] {logging_mixin.py:190} INFO - [2024-08-25T00:29:22.901+0000] {dag.py:3211} INFO - Sync 1 DAGs
[2024-08-25T00:29:23.012+0000] {logging_mixin.py:190} INFO - [2024-08-25T00:29:23.012+0000] {dag.py:4138} INFO - Setting next_dagrun for example_sla_dag to 2024-08-25 00:26:00+00:00, run_after=2024-08-25 00:28:00+00:00
[2024-08-25T00:29:23.087+0000] {processor.py:208} INFO - Processing /home/airflow/.local/lib/python3.12/site-packages/airflow/example_dags/example_sla_dag.py took 0.367 seconds
[2024-08-25T00:29:56.017+0000] {processor.py:186} INFO - Started process (PID=410) to work on /home/airflow/.local/lib/python3.12/site-packages/airflow/example_dags/example_sla_dag.py
[2024-08-25T00:29:56.029+0000] {processor.py:914} INFO - Processing file /home/airflow/.local/lib/python3.12/site-packages/airflow/example_dags/example_sla_dag.py for tasks to queue
[2024-08-25T00:29:56.049+0000] {logging_mixin.py:190} INFO - [2024-08-25T00:29:56.036+0000] {dagbag.py:587} INFO - Filling up the DagBag from /home/airflow/.local/lib/python3.12/site-packages/airflow/example_dags/example_sla_dag.py
[2024-08-25T00:29:56.142+0000] {processor.py:925} INFO - DAG(s) 'example_sla_dag' retrieved from /home/airflow/.local/lib/python3.12/site-packages/airflow/example_dags/example_sla_dag.py
[2024-08-25T00:29:56.325+0000] {logging_mixin.py:190} INFO - [2024-08-25T00:29:56.313+0000] {dag.py:3211} INFO - Sync 1 DAGs
[2024-08-25T00:29:56.542+0000] {logging_mixin.py:190} INFO - [2024-08-25T00:29:56.541+0000] {dag.py:4138} INFO - Setting next_dagrun for example_sla_dag to 2024-08-25 00:26:00+00:00, run_after=2024-08-25 00:28:00+00:00
[2024-08-25T00:29:56.616+0000] {processor.py:208} INFO - Processing /home/airflow/.local/lib/python3.12/site-packages/airflow/example_dags/example_sla_dag.py took 0.644 seconds
[2024-08-25T00:30:36.256+0000] {processor.py:186} INFO - Started process (PID=479) to work on /home/airflow/.local/lib/python3.12/site-packages/airflow/example_dags/example_sla_dag.py
[2024-08-25T00:30:36.260+0000] {processor.py:914} INFO - Processing file /home/airflow/.local/lib/python3.12/site-packages/airflow/example_dags/example_sla_dag.py for tasks to queue
[2024-08-25T00:30:36.298+0000] {logging_mixin.py:190} INFO - [2024-08-25T00:30:36.297+0000] {dagbag.py:587} INFO - Filling up the DagBag from /home/airflow/.local/lib/python3.12/site-packages/airflow/example_dags/example_sla_dag.py
[2024-08-25T00:30:36.392+0000] {processor.py:925} INFO - DAG(s) 'example_sla_dag' retrieved from /home/airflow/.local/lib/python3.12/site-packages/airflow/example_dags/example_sla_dag.py
[2024-08-25T00:30:36.609+0000] {logging_mixin.py:190} INFO - [2024-08-25T00:30:36.607+0000] {dag.py:3211} INFO - Sync 1 DAGs
[2024-08-25T00:30:36.873+0000] {logging_mixin.py:190} INFO - [2024-08-25T00:30:36.872+0000] {dag.py:4138} INFO - Setting next_dagrun for example_sla_dag to 2024-08-25 00:28:00+00:00, run_after=2024-08-25 00:30:00+00:00
[2024-08-25T00:30:37.030+0000] {processor.py:208} INFO - Processing /home/airflow/.local/lib/python3.12/site-packages/airflow/example_dags/example_sla_dag.py took 0.835 seconds
[2024-08-25T00:31:08.158+0000] {processor.py:186} INFO - Started process (PID=543) to work on /home/airflow/.local/lib/python3.12/site-packages/airflow/example_dags/example_sla_dag.py
[2024-08-25T00:31:08.161+0000] {processor.py:914} INFO - Processing file /home/airflow/.local/lib/python3.12/site-packages/airflow/example_dags/example_sla_dag.py for tasks to queue
[2024-08-25T00:31:08.193+0000] {logging_mixin.py:190} INFO - [2024-08-25T00:31:08.192+0000] {dagbag.py:587} INFO - Filling up the DagBag from /home/airflow/.local/lib/python3.12/site-packages/airflow/example_dags/example_sla_dag.py
[2024-08-25T00:31:08.247+0000] {processor.py:925} INFO - DAG(s) 'example_sla_dag' retrieved from /home/airflow/.local/lib/python3.12/site-packages/airflow/example_dags/example_sla_dag.py
[2024-08-25T00:31:08.308+0000] {logging_mixin.py:190} INFO - [2024-08-25T00:31:08.307+0000] {dag.py:3211} INFO - Sync 1 DAGs
[2024-08-25T00:31:08.434+0000] {logging_mixin.py:190} INFO - [2024-08-25T00:31:08.433+0000] {dag.py:4138} INFO - Setting next_dagrun for example_sla_dag to 2024-08-25 00:28:00+00:00, run_after=2024-08-25 00:30:00+00:00
[2024-08-25T00:31:08.522+0000] {processor.py:208} INFO - Processing /home/airflow/.local/lib/python3.12/site-packages/airflow/example_dags/example_sla_dag.py took 0.431 seconds
[2024-08-25T00:31:56.130+0000] {processor.py:186} INFO - Started process (PID=602) to work on /home/airflow/.local/lib/python3.12/site-packages/airflow/example_dags/example_sla_dag.py
[2024-08-25T00:31:56.144+0000] {processor.py:914} INFO - Processing file /home/airflow/.local/lib/python3.12/site-packages/airflow/example_dags/example_sla_dag.py for tasks to queue
[2024-08-25T00:31:56.157+0000] {logging_mixin.py:190} INFO - [2024-08-25T00:31:56.156+0000] {dagbag.py:587} INFO - Filling up the DagBag from /home/airflow/.local/lib/python3.12/site-packages/airflow/example_dags/example_sla_dag.py
[2024-08-25T00:31:56.216+0000] {processor.py:925} INFO - DAG(s) 'example_sla_dag' retrieved from /home/airflow/.local/lib/python3.12/site-packages/airflow/example_dags/example_sla_dag.py
[2024-08-25T00:31:56.322+0000] {logging_mixin.py:190} INFO - [2024-08-25T00:31:56.311+0000] {dag.py:3211} INFO - Sync 1 DAGs
[2024-08-25T00:31:56.454+0000] {logging_mixin.py:190} INFO - [2024-08-25T00:31:56.453+0000] {dag.py:4138} INFO - Setting next_dagrun for example_sla_dag to 2024-08-25 00:28:00+00:00, run_after=2024-08-25 00:30:00+00:00
[2024-08-25T00:31:56.553+0000] {processor.py:208} INFO - Processing /home/airflow/.local/lib/python3.12/site-packages/airflow/example_dags/example_sla_dag.py took 0.462 seconds
[2024-08-25T00:32:27.427+0000] {processor.py:186} INFO - Started process (PID=665) to work on /home/airflow/.local/lib/python3.12/site-packages/airflow/example_dags/example_sla_dag.py
[2024-08-25T00:32:27.430+0000] {processor.py:914} INFO - Processing file /home/airflow/.local/lib/python3.12/site-packages/airflow/example_dags/example_sla_dag.py for tasks to queue
[2024-08-25T00:32:27.445+0000] {logging_mixin.py:190} INFO - [2024-08-25T00:32:27.438+0000] {dagbag.py:587} INFO - Filling up the DagBag from /home/airflow/.local/lib/python3.12/site-packages/airflow/example_dags/example_sla_dag.py
[2024-08-25T00:32:27.521+0000] {processor.py:925} INFO - DAG(s) 'example_sla_dag' retrieved from /home/airflow/.local/lib/python3.12/site-packages/airflow/example_dags/example_sla_dag.py
[2024-08-25T00:32:27.606+0000] {logging_mixin.py:190} INFO - [2024-08-25T00:32:27.605+0000] {dag.py:3211} INFO - Sync 1 DAGs
[2024-08-25T00:32:27.749+0000] {logging_mixin.py:190} INFO - [2024-08-25T00:32:27.748+0000] {dag.py:4138} INFO - Setting next_dagrun for example_sla_dag to 2024-08-25 00:30:00+00:00, run_after=2024-08-25 00:32:00+00:00
[2024-08-25T00:32:27.838+0000] {processor.py:208} INFO - Processing /home/airflow/.local/lib/python3.12/site-packages/airflow/example_dags/example_sla_dag.py took 0.482 seconds
[2024-08-25T00:33:10.213+0000] {processor.py:186} INFO - Started process (PID=724) to work on /home/airflow/.local/lib/python3.12/site-packages/airflow/example_dags/example_sla_dag.py
[2024-08-25T00:33:10.221+0000] {processor.py:914} INFO - Processing file /home/airflow/.local/lib/python3.12/site-packages/airflow/example_dags/example_sla_dag.py for tasks to queue
[2024-08-25T00:33:10.251+0000] {logging_mixin.py:190} INFO - [2024-08-25T00:33:10.250+0000] {dagbag.py:587} INFO - Filling up the DagBag from /home/airflow/.local/lib/python3.12/site-packages/airflow/example_dags/example_sla_dag.py
[2024-08-25T00:33:10.375+0000] {processor.py:925} INFO - DAG(s) 'example_sla_dag' retrieved from /home/airflow/.local/lib/python3.12/site-packages/airflow/example_dags/example_sla_dag.py
[2024-08-25T00:33:10.752+0000] {logging_mixin.py:190} INFO - [2024-08-25T00:33:10.751+0000] {dag.py:3211} INFO - Sync 1 DAGs
[2024-08-25T00:33:11.307+0000] {logging_mixin.py:190} INFO - [2024-08-25T00:33:11.306+0000] {dag.py:4138} INFO - Setting next_dagrun for example_sla_dag to 2024-08-25 00:30:00+00:00, run_after=2024-08-25 00:32:00+00:00
[2024-08-25T00:33:11.594+0000] {processor.py:208} INFO - Processing /home/airflow/.local/lib/python3.12/site-packages/airflow/example_dags/example_sla_dag.py took 1.435 seconds
[2024-08-25T00:34:03.512+0000] {processor.py:186} INFO - Started process (PID=781) to work on /home/airflow/.local/lib/python3.12/site-packages/airflow/example_dags/example_sla_dag.py
[2024-08-25T00:34:03.527+0000] {processor.py:914} INFO - Processing file /home/airflow/.local/lib/python3.12/site-packages/airflow/example_dags/example_sla_dag.py for tasks to queue
[2024-08-25T00:34:03.559+0000] {logging_mixin.py:190} INFO - [2024-08-25T00:34:03.558+0000] {dagbag.py:587} INFO - Filling up the DagBag from /home/airflow/.local/lib/python3.12/site-packages/airflow/example_dags/example_sla_dag.py
[2024-08-25T00:34:03.660+0000] {processor.py:925} INFO - DAG(s) 'example_sla_dag' retrieved from /home/airflow/.local/lib/python3.12/site-packages/airflow/example_dags/example_sla_dag.py
[2024-08-25T00:34:03.782+0000] {logging_mixin.py:190} INFO - [2024-08-25T00:34:03.780+0000] {dag.py:3211} INFO - Sync 1 DAGs
[2024-08-25T00:34:03.993+0000] {logging_mixin.py:190} INFO - [2024-08-25T00:34:03.987+0000] {dag.py:4138} INFO - Setting next_dagrun for example_sla_dag to 2024-08-25 00:32:00+00:00, run_after=2024-08-25 00:34:00+00:00
[2024-08-25T00:34:04.127+0000] {processor.py:208} INFO - Processing /home/airflow/.local/lib/python3.12/site-packages/airflow/example_dags/example_sla_dag.py took 0.669 seconds
[2024-08-25T00:34:36.063+0000] {processor.py:186} INFO - Started process (PID=851) to work on /home/airflow/.local/lib/python3.12/site-packages/airflow/example_dags/example_sla_dag.py
[2024-08-25T00:34:36.066+0000] {processor.py:914} INFO - Processing file /home/airflow/.local/lib/python3.12/site-packages/airflow/example_dags/example_sla_dag.py for tasks to queue
[2024-08-25T00:34:36.095+0000] {logging_mixin.py:190} INFO - [2024-08-25T00:34:36.094+0000] {dagbag.py:587} INFO - Filling up the DagBag from /home/airflow/.local/lib/python3.12/site-packages/airflow/example_dags/example_sla_dag.py
[2024-08-25T00:34:36.202+0000] {processor.py:925} INFO - DAG(s) 'example_sla_dag' retrieved from /home/airflow/.local/lib/python3.12/site-packages/airflow/example_dags/example_sla_dag.py
[2024-08-25T00:34:36.345+0000] {logging_mixin.py:190} INFO - [2024-08-25T00:34:36.342+0000] {dag.py:3211} INFO - Sync 1 DAGs
[2024-08-25T00:34:36.691+0000] {logging_mixin.py:190} INFO - [2024-08-25T00:34:36.678+0000] {dag.py:4138} INFO - Setting next_dagrun for example_sla_dag to 2024-08-25 00:32:00+00:00, run_after=2024-08-25 00:34:00+00:00
[2024-08-25T00:34:36.965+0000] {processor.py:208} INFO - Processing /home/airflow/.local/lib/python3.12/site-packages/airflow/example_dags/example_sla_dag.py took 0.969 seconds
[2024-08-25T00:35:09.756+0000] {processor.py:186} INFO - Started process (PID=913) to work on /home/airflow/.local/lib/python3.12/site-packages/airflow/example_dags/example_sla_dag.py
[2024-08-25T00:35:09.763+0000] {processor.py:914} INFO - Processing file /home/airflow/.local/lib/python3.12/site-packages/airflow/example_dags/example_sla_dag.py for tasks to queue
[2024-08-25T00:35:09.772+0000] {logging_mixin.py:190} INFO - [2024-08-25T00:35:09.771+0000] {dagbag.py:587} INFO - Filling up the DagBag from /home/airflow/.local/lib/python3.12/site-packages/airflow/example_dags/example_sla_dag.py
[2024-08-25T00:35:09.859+0000] {processor.py:925} INFO - DAG(s) 'example_sla_dag' retrieved from /home/airflow/.local/lib/python3.12/site-packages/airflow/example_dags/example_sla_dag.py
[2024-08-25T00:35:10.012+0000] {logging_mixin.py:190} INFO - [2024-08-25T00:35:10.010+0000] {dag.py:3211} INFO - Sync 1 DAGs
[2024-08-25T00:35:10.279+0000] {logging_mixin.py:190} INFO - [2024-08-25T00:35:10.278+0000] {dag.py:4138} INFO - Setting next_dagrun for example_sla_dag to 2024-08-25 00:32:00+00:00, run_after=2024-08-25 00:34:00+00:00
[2024-08-25T00:35:10.335+0000] {processor.py:208} INFO - Processing /home/airflow/.local/lib/python3.12/site-packages/airflow/example_dags/example_sla_dag.py took 0.603 seconds
[2024-08-25T00:35:40.583+0000] {processor.py:186} INFO - Started process (PID=976) to work on /home/airflow/.local/lib/python3.12/site-packages/airflow/example_dags/example_sla_dag.py
[2024-08-25T00:35:40.585+0000] {processor.py:914} INFO - Processing file /home/airflow/.local/lib/python3.12/site-packages/airflow/example_dags/example_sla_dag.py for tasks to queue
[2024-08-25T00:35:40.591+0000] {logging_mixin.py:190} INFO - [2024-08-25T00:35:40.590+0000] {dagbag.py:587} INFO - Filling up the DagBag from /home/airflow/.local/lib/python3.12/site-packages/airflow/example_dags/example_sla_dag.py
[2024-08-25T00:35:40.620+0000] {processor.py:925} INFO - DAG(s) 'example_sla_dag' retrieved from /home/airflow/.local/lib/python3.12/site-packages/airflow/example_dags/example_sla_dag.py
[2024-08-25T00:35:40.717+0000] {logging_mixin.py:190} INFO - [2024-08-25T00:35:40.715+0000] {dag.py:3211} INFO - Sync 1 DAGs
[2024-08-25T00:35:40.809+0000] {logging_mixin.py:190} INFO - [2024-08-25T00:35:40.809+0000] {dag.py:4138} INFO - Setting next_dagrun for example_sla_dag to 2024-08-25 00:32:00+00:00, run_after=2024-08-25 00:34:00+00:00
[2024-08-25T00:35:40.868+0000] {processor.py:208} INFO - Processing /home/airflow/.local/lib/python3.12/site-packages/airflow/example_dags/example_sla_dag.py took 0.306 seconds
[2024-08-25T00:36:11.180+0000] {processor.py:186} INFO - Started process (PID=1039) to work on /home/airflow/.local/lib/python3.12/site-packages/airflow/example_dags/example_sla_dag.py
[2024-08-25T00:36:11.185+0000] {processor.py:914} INFO - Processing file /home/airflow/.local/lib/python3.12/site-packages/airflow/example_dags/example_sla_dag.py for tasks to queue
[2024-08-25T00:36:11.192+0000] {logging_mixin.py:190} INFO - [2024-08-25T00:36:11.191+0000] {dagbag.py:587} INFO - Filling up the DagBag from /home/airflow/.local/lib/python3.12/site-packages/airflow/example_dags/example_sla_dag.py
[2024-08-25T00:36:11.220+0000] {processor.py:925} INFO - DAG(s) 'example_sla_dag' retrieved from /home/airflow/.local/lib/python3.12/site-packages/airflow/example_dags/example_sla_dag.py
[2024-08-25T00:36:11.270+0000] {logging_mixin.py:190} INFO - [2024-08-25T00:36:11.269+0000] {dag.py:3211} INFO - Sync 1 DAGs
[2024-08-25T00:36:11.335+0000] {logging_mixin.py:190} INFO - [2024-08-25T00:36:11.335+0000] {dag.py:4138} INFO - Setting next_dagrun for example_sla_dag to 2024-08-25 00:34:00+00:00, run_after=2024-08-25 00:36:00+00:00
[2024-08-25T00:36:11.405+0000] {processor.py:208} INFO - Processing /home/airflow/.local/lib/python3.12/site-packages/airflow/example_dags/example_sla_dag.py took 0.244 seconds
[2024-08-25T00:36:41.968+0000] {processor.py:186} INFO - Started process (PID=1103) to work on /home/airflow/.local/lib/python3.12/site-packages/airflow/example_dags/example_sla_dag.py
[2024-08-25T00:36:41.971+0000] {processor.py:914} INFO - Processing file /home/airflow/.local/lib/python3.12/site-packages/airflow/example_dags/example_sla_dag.py for tasks to queue
[2024-08-25T00:36:41.977+0000] {logging_mixin.py:190} INFO - [2024-08-25T00:36:41.976+0000] {dagbag.py:587} INFO - Filling up the DagBag from /home/airflow/.local/lib/python3.12/site-packages/airflow/example_dags/example_sla_dag.py
[2024-08-25T00:36:42.014+0000] {processor.py:925} INFO - DAG(s) 'example_sla_dag' retrieved from /home/airflow/.local/lib/python3.12/site-packages/airflow/example_dags/example_sla_dag.py
[2024-08-25T00:36:42.069+0000] {logging_mixin.py:190} INFO - [2024-08-25T00:36:42.068+0000] {dag.py:3211} INFO - Sync 1 DAGs
[2024-08-25T00:36:42.184+0000] {logging_mixin.py:190} INFO - [2024-08-25T00:36:42.184+0000] {dag.py:4138} INFO - Setting next_dagrun for example_sla_dag to 2024-08-25 00:34:00+00:00, run_after=2024-08-25 00:36:00+00:00
[2024-08-25T00:36:42.231+0000] {processor.py:208} INFO - Processing /home/airflow/.local/lib/python3.12/site-packages/airflow/example_dags/example_sla_dag.py took 0.282 seconds
[2024-08-25T00:37:16.914+0000] {processor.py:186} INFO - Started process (PID=1160) to work on /home/airflow/.local/lib/python3.12/site-packages/airflow/example_dags/example_sla_dag.py
[2024-08-25T00:37:16.916+0000] {processor.py:914} INFO - Processing file /home/airflow/.local/lib/python3.12/site-packages/airflow/example_dags/example_sla_dag.py for tasks to queue
[2024-08-25T00:37:16.921+0000] {logging_mixin.py:190} INFO - [2024-08-25T00:37:16.920+0000] {dagbag.py:587} INFO - Filling up the DagBag from /home/airflow/.local/lib/python3.12/site-packages/airflow/example_dags/example_sla_dag.py
[2024-08-25T00:37:16.989+0000] {processor.py:925} INFO - DAG(s) 'example_sla_dag' retrieved from /home/airflow/.local/lib/python3.12/site-packages/airflow/example_dags/example_sla_dag.py
[2024-08-25T00:37:17.095+0000] {logging_mixin.py:190} INFO - [2024-08-25T00:37:17.092+0000] {dag.py:3211} INFO - Sync 1 DAGs
[2024-08-25T00:37:17.219+0000] {logging_mixin.py:190} INFO - [2024-08-25T00:37:17.219+0000] {dag.py:4138} INFO - Setting next_dagrun for example_sla_dag to 2024-08-25 00:34:00+00:00, run_after=2024-08-25 00:36:00+00:00
[2024-08-25T00:37:17.502+0000] {processor.py:208} INFO - Processing /home/airflow/.local/lib/python3.12/site-packages/airflow/example_dags/example_sla_dag.py took 0.636 seconds
[2024-08-25T00:37:48.199+0000] {processor.py:186} INFO - Started process (PID=1222) to work on /home/airflow/.local/lib/python3.12/site-packages/airflow/example_dags/example_sla_dag.py
[2024-08-25T00:37:48.202+0000] {processor.py:914} INFO - Processing file /home/airflow/.local/lib/python3.12/site-packages/airflow/example_dags/example_sla_dag.py for tasks to queue
[2024-08-25T00:37:48.206+0000] {logging_mixin.py:190} INFO - [2024-08-25T00:37:48.206+0000] {dagbag.py:587} INFO - Filling up the DagBag from /home/airflow/.local/lib/python3.12/site-packages/airflow/example_dags/example_sla_dag.py
[2024-08-25T00:37:48.261+0000] {processor.py:925} INFO - DAG(s) 'example_sla_dag' retrieved from /home/airflow/.local/lib/python3.12/site-packages/airflow/example_dags/example_sla_dag.py
[2024-08-25T00:37:48.360+0000] {logging_mixin.py:190} INFO - [2024-08-25T00:37:48.357+0000] {dag.py:3211} INFO - Sync 1 DAGs
[2024-08-25T00:37:48.561+0000] {logging_mixin.py:190} INFO - [2024-08-25T00:37:48.560+0000] {dag.py:4138} INFO - Setting next_dagrun for example_sla_dag to 2024-08-25 00:34:00+00:00, run_after=2024-08-25 00:36:00+00:00
[2024-08-25T00:37:48.828+0000] {processor.py:208} INFO - Processing /home/airflow/.local/lib/python3.12/site-packages/airflow/example_dags/example_sla_dag.py took 0.652 seconds
[2024-08-25T00:38:19.828+0000] {processor.py:186} INFO - Started process (PID=1284) to work on /home/airflow/.local/lib/python3.12/site-packages/airflow/example_dags/example_sla_dag.py
[2024-08-25T00:38:19.830+0000] {processor.py:914} INFO - Processing file /home/airflow/.local/lib/python3.12/site-packages/airflow/example_dags/example_sla_dag.py for tasks to queue
[2024-08-25T00:38:19.834+0000] {logging_mixin.py:190} INFO - [2024-08-25T00:38:19.833+0000] {dagbag.py:587} INFO - Filling up the DagBag from /home/airflow/.local/lib/python3.12/site-packages/airflow/example_dags/example_sla_dag.py
[2024-08-25T00:38:19.865+0000] {processor.py:925} INFO - DAG(s) 'example_sla_dag' retrieved from /home/airflow/.local/lib/python3.12/site-packages/airflow/example_dags/example_sla_dag.py
[2024-08-25T00:38:19.916+0000] {logging_mixin.py:190} INFO - [2024-08-25T00:38:19.915+0000] {dag.py:3211} INFO - Sync 1 DAGs
[2024-08-25T00:38:19.999+0000] {logging_mixin.py:190} INFO - [2024-08-25T00:38:19.998+0000] {dag.py:4138} INFO - Setting next_dagrun for example_sla_dag to 2024-08-25 00:36:00+00:00, run_after=2024-08-25 00:38:00+00:00
[2024-08-25T00:38:20.041+0000] {processor.py:208} INFO - Processing /home/airflow/.local/lib/python3.12/site-packages/airflow/example_dags/example_sla_dag.py took 0.229 seconds
[2024-08-25T00:38:51.246+0000] {processor.py:186} INFO - Started process (PID=1346) to work on /home/airflow/.local/lib/python3.12/site-packages/airflow/example_dags/example_sla_dag.py
[2024-08-25T00:38:51.253+0000] {processor.py:914} INFO - Processing file /home/airflow/.local/lib/python3.12/site-packages/airflow/example_dags/example_sla_dag.py for tasks to queue
[2024-08-25T00:38:51.261+0000] {logging_mixin.py:190} INFO - [2024-08-25T00:38:51.260+0000] {dagbag.py:587} INFO - Filling up the DagBag from /home/airflow/.local/lib/python3.12/site-packages/airflow/example_dags/example_sla_dag.py
[2024-08-25T00:38:51.329+0000] {processor.py:925} INFO - DAG(s) 'example_sla_dag' retrieved from /home/airflow/.local/lib/python3.12/site-packages/airflow/example_dags/example_sla_dag.py
[2024-08-25T00:38:51.481+0000] {logging_mixin.py:190} INFO - [2024-08-25T00:38:51.480+0000] {dag.py:3211} INFO - Sync 1 DAGs
[2024-08-25T00:38:51.618+0000] {logging_mixin.py:190} INFO - [2024-08-25T00:38:51.614+0000] {dag.py:4138} INFO - Setting next_dagrun for example_sla_dag to 2024-08-25 00:36:00+00:00, run_after=2024-08-25 00:38:00+00:00
[2024-08-25T00:38:51.702+0000] {processor.py:208} INFO - Processing /home/airflow/.local/lib/python3.12/site-packages/airflow/example_dags/example_sla_dag.py took 0.499 seconds
[2024-08-25T00:39:22.416+0000] {processor.py:186} INFO - Started process (PID=1409) to work on /home/airflow/.local/lib/python3.12/site-packages/airflow/example_dags/example_sla_dag.py
[2024-08-25T00:39:22.418+0000] {processor.py:914} INFO - Processing file /home/airflow/.local/lib/python3.12/site-packages/airflow/example_dags/example_sla_dag.py for tasks to queue
[2024-08-25T00:39:22.422+0000] {logging_mixin.py:190} INFO - [2024-08-25T00:39:22.421+0000] {dagbag.py:587} INFO - Filling up the DagBag from /home/airflow/.local/lib/python3.12/site-packages/airflow/example_dags/example_sla_dag.py
[2024-08-25T00:39:22.489+0000] {processor.py:925} INFO - DAG(s) 'example_sla_dag' retrieved from /home/airflow/.local/lib/python3.12/site-packages/airflow/example_dags/example_sla_dag.py
[2024-08-25T00:39:22.573+0000] {logging_mixin.py:190} INFO - [2024-08-25T00:39:22.571+0000] {dag.py:3211} INFO - Sync 1 DAGs
[2024-08-25T00:39:22.663+0000] {logging_mixin.py:190} INFO - [2024-08-25T00:39:22.662+0000] {dag.py:4138} INFO - Setting next_dagrun for example_sla_dag to 2024-08-25 00:36:00+00:00, run_after=2024-08-25 00:38:00+00:00
[2024-08-25T00:39:22.747+0000] {processor.py:208} INFO - Processing /home/airflow/.local/lib/python3.12/site-packages/airflow/example_dags/example_sla_dag.py took 0.347 seconds
[2024-08-25T00:39:54.197+0000] {processor.py:186} INFO - Started process (PID=1471) to work on /home/airflow/.local/lib/python3.12/site-packages/airflow/example_dags/example_sla_dag.py
[2024-08-25T00:39:54.259+0000] {processor.py:914} INFO - Processing file /home/airflow/.local/lib/python3.12/site-packages/airflow/example_dags/example_sla_dag.py for tasks to queue
[2024-08-25T00:39:54.305+0000] {logging_mixin.py:190} INFO - [2024-08-25T00:39:54.304+0000] {dagbag.py:587} INFO - Filling up the DagBag from /home/airflow/.local/lib/python3.12/site-packages/airflow/example_dags/example_sla_dag.py
[2024-08-25T00:39:54.410+0000] {processor.py:925} INFO - DAG(s) 'example_sla_dag' retrieved from /home/airflow/.local/lib/python3.12/site-packages/airflow/example_dags/example_sla_dag.py
[2024-08-25T00:39:54.501+0000] {logging_mixin.py:190} INFO - [2024-08-25T00:39:54.500+0000] {dag.py:3211} INFO - Sync 1 DAGs
[2024-08-25T00:39:54.610+0000] {logging_mixin.py:190} INFO - [2024-08-25T00:39:54.609+0000] {dag.py:4138} INFO - Setting next_dagrun for example_sla_dag to 2024-08-25 00:36:00+00:00, run_after=2024-08-25 00:38:00+00:00
[2024-08-25T00:39:54.658+0000] {processor.py:208} INFO - Processing /home/airflow/.local/lib/python3.12/site-packages/airflow/example_dags/example_sla_dag.py took 0.496 seconds
