[2024-08-25T00:00:15.516+0000] {processor.py:186} INFO - Started process (PID=38535) to work on /home/airflow/.local/lib/python3.12/site-packages/airflow/example_dags/example_trigger_controller_dag.py
[2024-08-25T00:00:15.518+0000] {processor.py:914} INFO - Processing file /home/airflow/.local/lib/python3.12/site-packages/airflow/example_dags/example_trigger_controller_dag.py for tasks to queue
[2024-08-25T00:00:15.525+0000] {logging_mixin.py:190} INFO - [2024-08-25T00:00:15.524+0000] {dagbag.py:587} INFO - Filling up the DagBag from /home/airflow/.local/lib/python3.12/site-packages/airflow/example_dags/example_trigger_controller_dag.py
[2024-08-25T00:00:15.549+0000] {processor.py:925} INFO - DAG(s) 'example_trigger_controller_dag' retrieved from /home/airflow/.local/lib/python3.12/site-packages/airflow/example_dags/example_trigger_controller_dag.py
[2024-08-25T00:00:15.616+0000] {logging_mixin.py:190} INFO - [2024-08-25T00:00:15.614+0000] {dag.py:3211} INFO - Sync 1 DAGs
[2024-08-25T00:00:15.759+0000] {logging_mixin.py:190} INFO - [2024-08-25T00:00:15.759+0000] {dag.py:4138} INFO - Setting next_dagrun for example_trigger_controller_dag to 2021-01-01 00:00:00+00:00, run_after=2021-01-01 00:00:00+00:00
[2024-08-25T00:00:15.848+0000] {processor.py:208} INFO - Processing /home/airflow/.local/lib/python3.12/site-packages/airflow/example_dags/example_trigger_controller_dag.py took 0.350 seconds
[2024-08-25T00:05:56.968+0000] {processor.py:186} INFO - Started process (PID=99) to work on /home/airflow/.local/lib/python3.12/site-packages/airflow/example_dags/example_trigger_controller_dag.py
[2024-08-25T00:05:56.971+0000] {processor.py:914} INFO - Processing file /home/airflow/.local/lib/python3.12/site-packages/airflow/example_dags/example_trigger_controller_dag.py for tasks to queue
[2024-08-25T00:05:57.002+0000] {logging_mixin.py:190} INFO - [2024-08-25T00:05:57.001+0000] {dagbag.py:587} INFO - Filling up the DagBag from /home/airflow/.local/lib/python3.12/site-packages/airflow/example_dags/example_trigger_controller_dag.py
[2024-08-25T00:05:57.024+0000] {processor.py:925} INFO - DAG(s) 'example_trigger_controller_dag' retrieved from /home/airflow/.local/lib/python3.12/site-packages/airflow/example_dags/example_trigger_controller_dag.py
[2024-08-25T00:05:57.100+0000] {logging_mixin.py:190} INFO - [2024-08-25T00:05:57.098+0000] {dag.py:3211} INFO - Sync 1 DAGs
[2024-08-25T00:05:57.243+0000] {logging_mixin.py:190} INFO - [2024-08-25T00:05:57.243+0000] {dag.py:4138} INFO - Setting next_dagrun for example_trigger_controller_dag to 2021-01-01 00:00:00+00:00, run_after=2021-01-01 00:00:00+00:00
[2024-08-25T00:05:57.369+0000] {processor.py:208} INFO - Processing /home/airflow/.local/lib/python3.12/site-packages/airflow/example_dags/example_trigger_controller_dag.py took 0.439 seconds
[2024-08-25T00:06:43.796+0000] {processor.py:186} INFO - Started process (PID=167) to work on /home/airflow/.local/lib/python3.12/site-packages/airflow/example_dags/example_trigger_controller_dag.py
[2024-08-25T00:06:43.846+0000] {processor.py:914} INFO - Processing file /home/airflow/.local/lib/python3.12/site-packages/airflow/example_dags/example_trigger_controller_dag.py for tasks to queue
[2024-08-25T00:06:43.950+0000] {logging_mixin.py:190} INFO - [2024-08-25T00:06:43.949+0000] {dagbag.py:587} INFO - Filling up the DagBag from /home/airflow/.local/lib/python3.12/site-packages/airflow/example_dags/example_trigger_controller_dag.py
[2024-08-25T00:06:44.288+0000] {processor.py:925} INFO - DAG(s) 'example_trigger_controller_dag' retrieved from /home/airflow/.local/lib/python3.12/site-packages/airflow/example_dags/example_trigger_controller_dag.py
[2024-08-25T00:06:44.771+0000] {logging_mixin.py:190} INFO - [2024-08-25T00:06:44.770+0000] {dag.py:3211} INFO - Sync 1 DAGs
[2024-08-25T00:06:45.216+0000] {logging_mixin.py:190} INFO - [2024-08-25T00:06:45.216+0000] {dag.py:4138} INFO - Setting next_dagrun for example_trigger_controller_dag to 2021-01-01 00:00:00+00:00, run_after=2021-01-01 00:00:00+00:00
[2024-08-25T00:06:45.515+0000] {processor.py:208} INFO - Processing /home/airflow/.local/lib/python3.12/site-packages/airflow/example_dags/example_trigger_controller_dag.py took 1.792 seconds
[2024-08-25T00:07:23.728+0000] {processor.py:186} INFO - Started process (PID=232) to work on /home/airflow/.local/lib/python3.12/site-packages/airflow/example_dags/example_trigger_controller_dag.py
[2024-08-25T00:07:23.731+0000] {processor.py:914} INFO - Processing file /home/airflow/.local/lib/python3.12/site-packages/airflow/example_dags/example_trigger_controller_dag.py for tasks to queue
[2024-08-25T00:07:23.739+0000] {logging_mixin.py:190} INFO - [2024-08-25T00:07:23.738+0000] {dagbag.py:587} INFO - Filling up the DagBag from /home/airflow/.local/lib/python3.12/site-packages/airflow/example_dags/example_trigger_controller_dag.py
[2024-08-25T00:07:23.764+0000] {processor.py:925} INFO - DAG(s) 'example_trigger_controller_dag' retrieved from /home/airflow/.local/lib/python3.12/site-packages/airflow/example_dags/example_trigger_controller_dag.py
[2024-08-25T00:07:23.860+0000] {logging_mixin.py:190} INFO - [2024-08-25T00:07:23.859+0000] {dag.py:3211} INFO - Sync 1 DAGs
[2024-08-25T00:07:23.999+0000] {logging_mixin.py:190} INFO - [2024-08-25T00:07:23.998+0000] {dag.py:4138} INFO - Setting next_dagrun for example_trigger_controller_dag to 2021-01-01 00:00:00+00:00, run_after=2021-01-01 00:00:00+00:00
[2024-08-25T00:07:24.116+0000] {processor.py:208} INFO - Processing /home/airflow/.local/lib/python3.12/site-packages/airflow/example_dags/example_trigger_controller_dag.py took 0.409 seconds
[2024-08-25T00:07:57.604+0000] {processor.py:186} INFO - Started process (PID=294) to work on /home/airflow/.local/lib/python3.12/site-packages/airflow/example_dags/example_trigger_controller_dag.py
[2024-08-25T00:07:57.607+0000] {processor.py:914} INFO - Processing file /home/airflow/.local/lib/python3.12/site-packages/airflow/example_dags/example_trigger_controller_dag.py for tasks to queue
[2024-08-25T00:07:57.615+0000] {logging_mixin.py:190} INFO - [2024-08-25T00:07:57.614+0000] {dagbag.py:587} INFO - Filling up the DagBag from /home/airflow/.local/lib/python3.12/site-packages/airflow/example_dags/example_trigger_controller_dag.py
[2024-08-25T00:07:57.652+0000] {processor.py:925} INFO - DAG(s) 'example_trigger_controller_dag' retrieved from /home/airflow/.local/lib/python3.12/site-packages/airflow/example_dags/example_trigger_controller_dag.py
[2024-08-25T00:07:57.766+0000] {logging_mixin.py:190} INFO - [2024-08-25T00:07:57.765+0000] {dag.py:3211} INFO - Sync 1 DAGs
[2024-08-25T00:07:57.900+0000] {logging_mixin.py:190} INFO - [2024-08-25T00:07:57.896+0000] {dag.py:4138} INFO - Setting next_dagrun for example_trigger_controller_dag to 2021-01-01 00:00:00+00:00, run_after=2021-01-01 00:00:00+00:00
[2024-08-25T00:07:57.987+0000] {processor.py:208} INFO - Processing /home/airflow/.local/lib/python3.12/site-packages/airflow/example_dags/example_trigger_controller_dag.py took 0.430 seconds
[2024-08-25T00:08:30.263+0000] {processor.py:186} INFO - Started process (PID=363) to work on /home/airflow/.local/lib/python3.12/site-packages/airflow/example_dags/example_trigger_controller_dag.py
[2024-08-25T00:08:30.294+0000] {processor.py:914} INFO - Processing file /home/airflow/.local/lib/python3.12/site-packages/airflow/example_dags/example_trigger_controller_dag.py for tasks to queue
[2024-08-25T00:08:30.333+0000] {logging_mixin.py:190} INFO - [2024-08-25T00:08:30.332+0000] {dagbag.py:587} INFO - Filling up the DagBag from /home/airflow/.local/lib/python3.12/site-packages/airflow/example_dags/example_trigger_controller_dag.py
[2024-08-25T00:08:30.381+0000] {processor.py:925} INFO - DAG(s) 'example_trigger_controller_dag' retrieved from /home/airflow/.local/lib/python3.12/site-packages/airflow/example_dags/example_trigger_controller_dag.py
[2024-08-25T00:08:30.573+0000] {logging_mixin.py:190} INFO - [2024-08-25T00:08:30.572+0000] {dag.py:3211} INFO - Sync 1 DAGs
[2024-08-25T00:08:30.771+0000] {logging_mixin.py:190} INFO - [2024-08-25T00:08:30.771+0000] {dag.py:4138} INFO - Setting next_dagrun for example_trigger_controller_dag to 2021-01-01 00:00:00+00:00, run_after=2021-01-01 00:00:00+00:00
[2024-08-25T00:08:30.858+0000] {processor.py:208} INFO - Processing /home/airflow/.local/lib/python3.12/site-packages/airflow/example_dags/example_trigger_controller_dag.py took 0.661 seconds
[2024-08-25T00:09:01.016+0000] {processor.py:186} INFO - Started process (PID=426) to work on /home/airflow/.local/lib/python3.12/site-packages/airflow/example_dags/example_trigger_controller_dag.py
[2024-08-25T00:09:01.019+0000] {processor.py:914} INFO - Processing file /home/airflow/.local/lib/python3.12/site-packages/airflow/example_dags/example_trigger_controller_dag.py for tasks to queue
[2024-08-25T00:09:01.029+0000] {logging_mixin.py:190} INFO - [2024-08-25T00:09:01.028+0000] {dagbag.py:587} INFO - Filling up the DagBag from /home/airflow/.local/lib/python3.12/site-packages/airflow/example_dags/example_trigger_controller_dag.py
[2024-08-25T00:09:01.056+0000] {processor.py:925} INFO - DAG(s) 'example_trigger_controller_dag' retrieved from /home/airflow/.local/lib/python3.12/site-packages/airflow/example_dags/example_trigger_controller_dag.py
[2024-08-25T00:09:01.140+0000] {logging_mixin.py:190} INFO - [2024-08-25T00:09:01.139+0000] {dag.py:3211} INFO - Sync 1 DAGs
[2024-08-25T00:09:01.258+0000] {logging_mixin.py:190} INFO - [2024-08-25T00:09:01.257+0000] {dag.py:4138} INFO - Setting next_dagrun for example_trigger_controller_dag to 2021-01-01 00:00:00+00:00, run_after=2021-01-01 00:00:00+00:00
[2024-08-25T00:09:01.322+0000] {processor.py:208} INFO - Processing /home/airflow/.local/lib/python3.12/site-packages/airflow/example_dags/example_trigger_controller_dag.py took 0.329 seconds
[2024-08-25T00:09:31.705+0000] {processor.py:186} INFO - Started process (PID=490) to work on /home/airflow/.local/lib/python3.12/site-packages/airflow/example_dags/example_trigger_controller_dag.py
[2024-08-25T00:09:31.708+0000] {processor.py:914} INFO - Processing file /home/airflow/.local/lib/python3.12/site-packages/airflow/example_dags/example_trigger_controller_dag.py for tasks to queue
[2024-08-25T00:09:31.724+0000] {logging_mixin.py:190} INFO - [2024-08-25T00:09:31.723+0000] {dagbag.py:587} INFO - Filling up the DagBag from /home/airflow/.local/lib/python3.12/site-packages/airflow/example_dags/example_trigger_controller_dag.py
[2024-08-25T00:09:31.749+0000] {processor.py:925} INFO - DAG(s) 'example_trigger_controller_dag' retrieved from /home/airflow/.local/lib/python3.12/site-packages/airflow/example_dags/example_trigger_controller_dag.py
[2024-08-25T00:09:31.801+0000] {logging_mixin.py:190} INFO - [2024-08-25T00:09:31.800+0000] {dag.py:3211} INFO - Sync 1 DAGs
[2024-08-25T00:09:31.857+0000] {logging_mixin.py:190} INFO - [2024-08-25T00:09:31.857+0000] {dag.py:4138} INFO - Setting next_dagrun for example_trigger_controller_dag to 2021-01-01 00:00:00+00:00, run_after=2021-01-01 00:00:00+00:00
[2024-08-25T00:09:31.918+0000] {processor.py:208} INFO - Processing /home/airflow/.local/lib/python3.12/site-packages/airflow/example_dags/example_trigger_controller_dag.py took 0.238 seconds
[2024-08-25T00:10:03.287+0000] {processor.py:186} INFO - Started process (PID=553) to work on /home/airflow/.local/lib/python3.12/site-packages/airflow/example_dags/example_trigger_controller_dag.py
[2024-08-25T00:10:03.289+0000] {processor.py:914} INFO - Processing file /home/airflow/.local/lib/python3.12/site-packages/airflow/example_dags/example_trigger_controller_dag.py for tasks to queue
[2024-08-25T00:10:03.294+0000] {logging_mixin.py:190} INFO - [2024-08-25T00:10:03.294+0000] {dagbag.py:587} INFO - Filling up the DagBag from /home/airflow/.local/lib/python3.12/site-packages/airflow/example_dags/example_trigger_controller_dag.py
[2024-08-25T00:10:03.313+0000] {processor.py:925} INFO - DAG(s) 'example_trigger_controller_dag' retrieved from /home/airflow/.local/lib/python3.12/site-packages/airflow/example_dags/example_trigger_controller_dag.py
[2024-08-25T00:10:03.360+0000] {logging_mixin.py:190} INFO - [2024-08-25T00:10:03.359+0000] {dag.py:3211} INFO - Sync 1 DAGs
[2024-08-25T00:10:03.414+0000] {logging_mixin.py:190} INFO - [2024-08-25T00:10:03.414+0000] {dag.py:4138} INFO - Setting next_dagrun for example_trigger_controller_dag to 2021-01-01 00:00:00+00:00, run_after=2021-01-01 00:00:00+00:00
[2024-08-25T00:10:03.449+0000] {processor.py:208} INFO - Processing /home/airflow/.local/lib/python3.12/site-packages/airflow/example_dags/example_trigger_controller_dag.py took 0.175 seconds
[2024-08-25T00:10:35.616+0000] {processor.py:186} INFO - Started process (PID=616) to work on /home/airflow/.local/lib/python3.12/site-packages/airflow/example_dags/example_trigger_controller_dag.py
[2024-08-25T00:10:35.620+0000] {processor.py:914} INFO - Processing file /home/airflow/.local/lib/python3.12/site-packages/airflow/example_dags/example_trigger_controller_dag.py for tasks to queue
[2024-08-25T00:10:35.629+0000] {logging_mixin.py:190} INFO - [2024-08-25T00:10:35.628+0000] {dagbag.py:587} INFO - Filling up the DagBag from /home/airflow/.local/lib/python3.12/site-packages/airflow/example_dags/example_trigger_controller_dag.py
[2024-08-25T00:10:35.653+0000] {processor.py:925} INFO - DAG(s) 'example_trigger_controller_dag' retrieved from /home/airflow/.local/lib/python3.12/site-packages/airflow/example_dags/example_trigger_controller_dag.py
[2024-08-25T00:10:35.725+0000] {logging_mixin.py:190} INFO - [2024-08-25T00:10:35.724+0000] {dag.py:3211} INFO - Sync 1 DAGs
[2024-08-25T00:10:35.884+0000] {logging_mixin.py:190} INFO - [2024-08-25T00:10:35.883+0000] {dag.py:4138} INFO - Setting next_dagrun for example_trigger_controller_dag to 2021-01-01 00:00:00+00:00, run_after=2021-01-01 00:00:00+00:00
[2024-08-25T00:10:36.027+0000] {processor.py:208} INFO - Processing /home/airflow/.local/lib/python3.12/site-packages/airflow/example_dags/example_trigger_controller_dag.py took 0.436 seconds
[2024-08-25T00:11:06.190+0000] {processor.py:186} INFO - Started process (PID=677) to work on /home/airflow/.local/lib/python3.12/site-packages/airflow/example_dags/example_trigger_controller_dag.py
[2024-08-25T00:11:06.193+0000] {processor.py:914} INFO - Processing file /home/airflow/.local/lib/python3.12/site-packages/airflow/example_dags/example_trigger_controller_dag.py for tasks to queue
[2024-08-25T00:11:06.206+0000] {logging_mixin.py:190} INFO - [2024-08-25T00:11:06.205+0000] {dagbag.py:587} INFO - Filling up the DagBag from /home/airflow/.local/lib/python3.12/site-packages/airflow/example_dags/example_trigger_controller_dag.py
[2024-08-25T00:11:06.226+0000] {processor.py:925} INFO - DAG(s) 'example_trigger_controller_dag' retrieved from /home/airflow/.local/lib/python3.12/site-packages/airflow/example_dags/example_trigger_controller_dag.py
[2024-08-25T00:11:06.355+0000] {logging_mixin.py:190} INFO - [2024-08-25T00:11:06.354+0000] {dag.py:3211} INFO - Sync 1 DAGs
[2024-08-25T00:11:06.652+0000] {logging_mixin.py:190} INFO - [2024-08-25T00:11:06.651+0000] {dag.py:4138} INFO - Setting next_dagrun for example_trigger_controller_dag to 2021-01-01 00:00:00+00:00, run_after=2021-01-01 00:00:00+00:00
[2024-08-25T00:11:06.866+0000] {processor.py:208} INFO - Processing /home/airflow/.local/lib/python3.12/site-packages/airflow/example_dags/example_trigger_controller_dag.py took 0.697 seconds
[2024-08-25T00:11:37.613+0000] {processor.py:186} INFO - Started process (PID=740) to work on /home/airflow/.local/lib/python3.12/site-packages/airflow/example_dags/example_trigger_controller_dag.py
[2024-08-25T00:11:37.619+0000] {processor.py:914} INFO - Processing file /home/airflow/.local/lib/python3.12/site-packages/airflow/example_dags/example_trigger_controller_dag.py for tasks to queue
[2024-08-25T00:11:37.629+0000] {logging_mixin.py:190} INFO - [2024-08-25T00:11:37.628+0000] {dagbag.py:587} INFO - Filling up the DagBag from /home/airflow/.local/lib/python3.12/site-packages/airflow/example_dags/example_trigger_controller_dag.py
[2024-08-25T00:11:37.661+0000] {processor.py:925} INFO - DAG(s) 'example_trigger_controller_dag' retrieved from /home/airflow/.local/lib/python3.12/site-packages/airflow/example_dags/example_trigger_controller_dag.py
[2024-08-25T00:11:37.713+0000] {logging_mixin.py:190} INFO - [2024-08-25T00:11:37.712+0000] {dag.py:3211} INFO - Sync 1 DAGs
[2024-08-25T00:11:37.775+0000] {logging_mixin.py:190} INFO - [2024-08-25T00:11:37.775+0000] {dag.py:4138} INFO - Setting next_dagrun for example_trigger_controller_dag to 2021-01-01 00:00:00+00:00, run_after=2021-01-01 00:00:00+00:00
[2024-08-25T00:11:37.821+0000] {processor.py:208} INFO - Processing /home/airflow/.local/lib/python3.12/site-packages/airflow/example_dags/example_trigger_controller_dag.py took 0.227 seconds
[2024-08-25T00:12:08.159+0000] {processor.py:186} INFO - Started process (PID=804) to work on /home/airflow/.local/lib/python3.12/site-packages/airflow/example_dags/example_trigger_controller_dag.py
[2024-08-25T00:12:08.161+0000] {processor.py:914} INFO - Processing file /home/airflow/.local/lib/python3.12/site-packages/airflow/example_dags/example_trigger_controller_dag.py for tasks to queue
[2024-08-25T00:12:08.166+0000] {logging_mixin.py:190} INFO - [2024-08-25T00:12:08.165+0000] {dagbag.py:587} INFO - Filling up the DagBag from /home/airflow/.local/lib/python3.12/site-packages/airflow/example_dags/example_trigger_controller_dag.py
[2024-08-25T00:12:08.180+0000] {processor.py:925} INFO - DAG(s) 'example_trigger_controller_dag' retrieved from /home/airflow/.local/lib/python3.12/site-packages/airflow/example_dags/example_trigger_controller_dag.py
[2024-08-25T00:12:08.223+0000] {logging_mixin.py:190} INFO - [2024-08-25T00:12:08.222+0000] {dag.py:3211} INFO - Sync 1 DAGs
[2024-08-25T00:12:08.270+0000] {logging_mixin.py:190} INFO - [2024-08-25T00:12:08.270+0000] {dag.py:4138} INFO - Setting next_dagrun for example_trigger_controller_dag to 2021-01-01 00:00:00+00:00, run_after=2021-01-01 00:00:00+00:00
[2024-08-25T00:12:08.307+0000] {processor.py:208} INFO - Processing /home/airflow/.local/lib/python3.12/site-packages/airflow/example_dags/example_trigger_controller_dag.py took 0.161 seconds
[2024-08-25T00:12:38.704+0000] {processor.py:186} INFO - Started process (PID=868) to work on /home/airflow/.local/lib/python3.12/site-packages/airflow/example_dags/example_trigger_controller_dag.py
[2024-08-25T00:12:38.707+0000] {processor.py:914} INFO - Processing file /home/airflow/.local/lib/python3.12/site-packages/airflow/example_dags/example_trigger_controller_dag.py for tasks to queue
[2024-08-25T00:12:38.714+0000] {logging_mixin.py:190} INFO - [2024-08-25T00:12:38.714+0000] {dagbag.py:587} INFO - Filling up the DagBag from /home/airflow/.local/lib/python3.12/site-packages/airflow/example_dags/example_trigger_controller_dag.py
[2024-08-25T00:12:38.745+0000] {processor.py:925} INFO - DAG(s) 'example_trigger_controller_dag' retrieved from /home/airflow/.local/lib/python3.12/site-packages/airflow/example_dags/example_trigger_controller_dag.py
[2024-08-25T00:12:38.862+0000] {logging_mixin.py:190} INFO - [2024-08-25T00:12:38.861+0000] {dag.py:3211} INFO - Sync 1 DAGs
[2024-08-25T00:12:38.962+0000] {logging_mixin.py:190} INFO - [2024-08-25T00:12:38.962+0000] {dag.py:4138} INFO - Setting next_dagrun for example_trigger_controller_dag to 2021-01-01 00:00:00+00:00, run_after=2021-01-01 00:00:00+00:00
[2024-08-25T00:12:39.048+0000] {processor.py:208} INFO - Processing /home/airflow/.local/lib/python3.12/site-packages/airflow/example_dags/example_trigger_controller_dag.py took 0.368 seconds
[2024-08-25T00:13:09.605+0000] {processor.py:186} INFO - Started process (PID=931) to work on /home/airflow/.local/lib/python3.12/site-packages/airflow/example_dags/example_trigger_controller_dag.py
[2024-08-25T00:13:09.611+0000] {processor.py:914} INFO - Processing file /home/airflow/.local/lib/python3.12/site-packages/airflow/example_dags/example_trigger_controller_dag.py for tasks to queue
[2024-08-25T00:13:09.640+0000] {logging_mixin.py:190} INFO - [2024-08-25T00:13:09.639+0000] {dagbag.py:587} INFO - Filling up the DagBag from /home/airflow/.local/lib/python3.12/site-packages/airflow/example_dags/example_trigger_controller_dag.py
[2024-08-25T00:13:09.691+0000] {processor.py:925} INFO - DAG(s) 'example_trigger_controller_dag' retrieved from /home/airflow/.local/lib/python3.12/site-packages/airflow/example_dags/example_trigger_controller_dag.py
[2024-08-25T00:13:09.786+0000] {logging_mixin.py:190} INFO - [2024-08-25T00:13:09.783+0000] {dag.py:3211} INFO - Sync 1 DAGs
[2024-08-25T00:13:09.925+0000] {logging_mixin.py:190} INFO - [2024-08-25T00:13:09.925+0000] {dag.py:4138} INFO - Setting next_dagrun for example_trigger_controller_dag to 2021-01-01 00:00:00+00:00, run_after=2021-01-01 00:00:00+00:00
[2024-08-25T00:13:10.000+0000] {processor.py:208} INFO - Processing /home/airflow/.local/lib/python3.12/site-packages/airflow/example_dags/example_trigger_controller_dag.py took 0.436 seconds
[2024-08-25T00:13:47.477+0000] {processor.py:186} INFO - Started process (PID=994) to work on /home/airflow/.local/lib/python3.12/site-packages/airflow/example_dags/example_trigger_controller_dag.py
[2024-08-25T00:13:47.485+0000] {processor.py:914} INFO - Processing file /home/airflow/.local/lib/python3.12/site-packages/airflow/example_dags/example_trigger_controller_dag.py for tasks to queue
[2024-08-25T00:13:47.502+0000] {logging_mixin.py:190} INFO - [2024-08-25T00:13:47.501+0000] {dagbag.py:587} INFO - Filling up the DagBag from /home/airflow/.local/lib/python3.12/site-packages/airflow/example_dags/example_trigger_controller_dag.py
[2024-08-25T00:13:47.569+0000] {processor.py:925} INFO - DAG(s) 'example_trigger_controller_dag' retrieved from /home/airflow/.local/lib/python3.12/site-packages/airflow/example_dags/example_trigger_controller_dag.py
[2024-08-25T00:13:47.725+0000] {logging_mixin.py:190} INFO - [2024-08-25T00:13:47.712+0000] {dag.py:3211} INFO - Sync 1 DAGs
[2024-08-25T00:13:47.951+0000] {logging_mixin.py:190} INFO - [2024-08-25T00:13:47.950+0000] {dag.py:4138} INFO - Setting next_dagrun for example_trigger_controller_dag to 2021-01-01 00:00:00+00:00, run_after=2021-01-01 00:00:00+00:00
[2024-08-25T00:13:48.196+0000] {processor.py:208} INFO - Processing /home/airflow/.local/lib/python3.12/site-packages/airflow/example_dags/example_trigger_controller_dag.py took 0.758 seconds
[2024-08-25T00:14:18.374+0000] {processor.py:186} INFO - Started process (PID=1058) to work on /home/airflow/.local/lib/python3.12/site-packages/airflow/example_dags/example_trigger_controller_dag.py
[2024-08-25T00:14:18.376+0000] {processor.py:914} INFO - Processing file /home/airflow/.local/lib/python3.12/site-packages/airflow/example_dags/example_trigger_controller_dag.py for tasks to queue
[2024-08-25T00:14:18.383+0000] {logging_mixin.py:190} INFO - [2024-08-25T00:14:18.382+0000] {dagbag.py:587} INFO - Filling up the DagBag from /home/airflow/.local/lib/python3.12/site-packages/airflow/example_dags/example_trigger_controller_dag.py
[2024-08-25T00:14:18.402+0000] {processor.py:925} INFO - DAG(s) 'example_trigger_controller_dag' retrieved from /home/airflow/.local/lib/python3.12/site-packages/airflow/example_dags/example_trigger_controller_dag.py
[2024-08-25T00:14:18.450+0000] {logging_mixin.py:190} INFO - [2024-08-25T00:14:18.449+0000] {dag.py:3211} INFO - Sync 1 DAGs
[2024-08-25T00:14:18.503+0000] {logging_mixin.py:190} INFO - [2024-08-25T00:14:18.502+0000] {dag.py:4138} INFO - Setting next_dagrun for example_trigger_controller_dag to 2021-01-01 00:00:00+00:00, run_after=2021-01-01 00:00:00+00:00
[2024-08-25T00:14:18.541+0000] {processor.py:208} INFO - Processing /home/airflow/.local/lib/python3.12/site-packages/airflow/example_dags/example_trigger_controller_dag.py took 0.188 seconds
[2024-08-25T00:14:48.923+0000] {processor.py:186} INFO - Started process (PID=1122) to work on /home/airflow/.local/lib/python3.12/site-packages/airflow/example_dags/example_trigger_controller_dag.py
[2024-08-25T00:14:48.926+0000] {processor.py:914} INFO - Processing file /home/airflow/.local/lib/python3.12/site-packages/airflow/example_dags/example_trigger_controller_dag.py for tasks to queue
[2024-08-25T00:14:48.935+0000] {logging_mixin.py:190} INFO - [2024-08-25T00:14:48.933+0000] {dagbag.py:587} INFO - Filling up the DagBag from /home/airflow/.local/lib/python3.12/site-packages/airflow/example_dags/example_trigger_controller_dag.py
[2024-08-25T00:14:48.961+0000] {processor.py:925} INFO - DAG(s) 'example_trigger_controller_dag' retrieved from /home/airflow/.local/lib/python3.12/site-packages/airflow/example_dags/example_trigger_controller_dag.py
[2024-08-25T00:14:49.018+0000] {logging_mixin.py:190} INFO - [2024-08-25T00:14:49.017+0000] {dag.py:3211} INFO - Sync 1 DAGs
[2024-08-25T00:14:49.103+0000] {logging_mixin.py:190} INFO - [2024-08-25T00:14:49.102+0000] {dag.py:4138} INFO - Setting next_dagrun for example_trigger_controller_dag to 2021-01-01 00:00:00+00:00, run_after=2021-01-01 00:00:00+00:00
[2024-08-25T00:14:49.206+0000] {processor.py:208} INFO - Processing /home/airflow/.local/lib/python3.12/site-packages/airflow/example_dags/example_trigger_controller_dag.py took 0.308 seconds
[2024-08-25T00:15:21.472+0000] {processor.py:186} INFO - Started process (PID=1185) to work on /home/airflow/.local/lib/python3.12/site-packages/airflow/example_dags/example_trigger_controller_dag.py
[2024-08-25T00:15:21.474+0000] {processor.py:914} INFO - Processing file /home/airflow/.local/lib/python3.12/site-packages/airflow/example_dags/example_trigger_controller_dag.py for tasks to queue
[2024-08-25T00:15:21.482+0000] {logging_mixin.py:190} INFO - [2024-08-25T00:15:21.481+0000] {dagbag.py:587} INFO - Filling up the DagBag from /home/airflow/.local/lib/python3.12/site-packages/airflow/example_dags/example_trigger_controller_dag.py
[2024-08-25T00:15:21.503+0000] {processor.py:925} INFO - DAG(s) 'example_trigger_controller_dag' retrieved from /home/airflow/.local/lib/python3.12/site-packages/airflow/example_dags/example_trigger_controller_dag.py
[2024-08-25T00:15:21.573+0000] {logging_mixin.py:190} INFO - [2024-08-25T00:15:21.572+0000] {dag.py:3211} INFO - Sync 1 DAGs
[2024-08-25T00:15:21.642+0000] {logging_mixin.py:190} INFO - [2024-08-25T00:15:21.641+0000] {dag.py:4138} INFO - Setting next_dagrun for example_trigger_controller_dag to 2021-01-01 00:00:00+00:00, run_after=2021-01-01 00:00:00+00:00
[2024-08-25T00:15:21.694+0000] {processor.py:208} INFO - Processing /home/airflow/.local/lib/python3.12/site-packages/airflow/example_dags/example_trigger_controller_dag.py took 0.240 seconds
[2024-08-25T00:15:52.520+0000] {processor.py:186} INFO - Started process (PID=1249) to work on /home/airflow/.local/lib/python3.12/site-packages/airflow/example_dags/example_trigger_controller_dag.py
[2024-08-25T00:15:52.527+0000] {processor.py:914} INFO - Processing file /home/airflow/.local/lib/python3.12/site-packages/airflow/example_dags/example_trigger_controller_dag.py for tasks to queue
[2024-08-25T00:15:52.546+0000] {logging_mixin.py:190} INFO - [2024-08-25T00:15:52.545+0000] {dagbag.py:587} INFO - Filling up the DagBag from /home/airflow/.local/lib/python3.12/site-packages/airflow/example_dags/example_trigger_controller_dag.py
[2024-08-25T00:15:52.617+0000] {processor.py:925} INFO - DAG(s) 'example_trigger_controller_dag' retrieved from /home/airflow/.local/lib/python3.12/site-packages/airflow/example_dags/example_trigger_controller_dag.py
[2024-08-25T00:15:52.699+0000] {logging_mixin.py:190} INFO - [2024-08-25T00:15:52.698+0000] {dag.py:3211} INFO - Sync 1 DAGs
[2024-08-25T00:15:52.843+0000] {logging_mixin.py:190} INFO - [2024-08-25T00:15:52.840+0000] {dag.py:4138} INFO - Setting next_dagrun for example_trigger_controller_dag to 2021-01-01 00:00:00+00:00, run_after=2021-01-01 00:00:00+00:00
[2024-08-25T00:15:52.985+0000] {processor.py:208} INFO - Processing /home/airflow/.local/lib/python3.12/site-packages/airflow/example_dags/example_trigger_controller_dag.py took 0.483 seconds
[2024-08-25T00:16:27.167+0000] {processor.py:186} INFO - Started process (PID=1313) to work on /home/airflow/.local/lib/python3.12/site-packages/airflow/example_dags/example_trigger_controller_dag.py
[2024-08-25T00:16:27.172+0000] {processor.py:914} INFO - Processing file /home/airflow/.local/lib/python3.12/site-packages/airflow/example_dags/example_trigger_controller_dag.py for tasks to queue
[2024-08-25T00:16:27.183+0000] {logging_mixin.py:190} INFO - [2024-08-25T00:16:27.182+0000] {dagbag.py:587} INFO - Filling up the DagBag from /home/airflow/.local/lib/python3.12/site-packages/airflow/example_dags/example_trigger_controller_dag.py
[2024-08-25T00:16:27.210+0000] {processor.py:925} INFO - DAG(s) 'example_trigger_controller_dag' retrieved from /home/airflow/.local/lib/python3.12/site-packages/airflow/example_dags/example_trigger_controller_dag.py
[2024-08-25T00:16:27.286+0000] {logging_mixin.py:190} INFO - [2024-08-25T00:16:27.282+0000] {dag.py:3211} INFO - Sync 1 DAGs
[2024-08-25T00:16:27.396+0000] {logging_mixin.py:190} INFO - [2024-08-25T00:16:27.395+0000] {dag.py:4138} INFO - Setting next_dagrun for example_trigger_controller_dag to 2021-01-01 00:00:00+00:00, run_after=2021-01-01 00:00:00+00:00
[2024-08-25T00:16:27.466+0000] {processor.py:208} INFO - Processing /home/airflow/.local/lib/python3.12/site-packages/airflow/example_dags/example_trigger_controller_dag.py took 0.329 seconds
[2024-08-25T00:16:58.097+0000] {processor.py:186} INFO - Started process (PID=1376) to work on /home/airflow/.local/lib/python3.12/site-packages/airflow/example_dags/example_trigger_controller_dag.py
[2024-08-25T00:16:58.098+0000] {processor.py:914} INFO - Processing file /home/airflow/.local/lib/python3.12/site-packages/airflow/example_dags/example_trigger_controller_dag.py for tasks to queue
[2024-08-25T00:16:58.104+0000] {logging_mixin.py:190} INFO - [2024-08-25T00:16:58.103+0000] {dagbag.py:587} INFO - Filling up the DagBag from /home/airflow/.local/lib/python3.12/site-packages/airflow/example_dags/example_trigger_controller_dag.py
[2024-08-25T00:16:58.121+0000] {processor.py:925} INFO - DAG(s) 'example_trigger_controller_dag' retrieved from /home/airflow/.local/lib/python3.12/site-packages/airflow/example_dags/example_trigger_controller_dag.py
[2024-08-25T00:16:58.170+0000] {logging_mixin.py:190} INFO - [2024-08-25T00:16:58.169+0000] {dag.py:3211} INFO - Sync 1 DAGs
[2024-08-25T00:16:58.233+0000] {logging_mixin.py:190} INFO - [2024-08-25T00:16:58.233+0000] {dag.py:4138} INFO - Setting next_dagrun for example_trigger_controller_dag to 2021-01-01 00:00:00+00:00, run_after=2021-01-01 00:00:00+00:00
[2024-08-25T00:16:58.278+0000] {processor.py:208} INFO - Processing /home/airflow/.local/lib/python3.12/site-packages/airflow/example_dags/example_trigger_controller_dag.py took 0.196 seconds
[2024-08-25T00:17:28.398+0000] {processor.py:186} INFO - Started process (PID=1439) to work on /home/airflow/.local/lib/python3.12/site-packages/airflow/example_dags/example_trigger_controller_dag.py
[2024-08-25T00:17:28.401+0000] {processor.py:914} INFO - Processing file /home/airflow/.local/lib/python3.12/site-packages/airflow/example_dags/example_trigger_controller_dag.py for tasks to queue
[2024-08-25T00:17:28.407+0000] {logging_mixin.py:190} INFO - [2024-08-25T00:17:28.406+0000] {dagbag.py:587} INFO - Filling up the DagBag from /home/airflow/.local/lib/python3.12/site-packages/airflow/example_dags/example_trigger_controller_dag.py
[2024-08-25T00:17:28.426+0000] {processor.py:925} INFO - DAG(s) 'example_trigger_controller_dag' retrieved from /home/airflow/.local/lib/python3.12/site-packages/airflow/example_dags/example_trigger_controller_dag.py
[2024-08-25T00:17:28.483+0000] {logging_mixin.py:190} INFO - [2024-08-25T00:17:28.482+0000] {dag.py:3211} INFO - Sync 1 DAGs
[2024-08-25T00:17:28.638+0000] {logging_mixin.py:190} INFO - [2024-08-25T00:17:28.637+0000] {dag.py:4138} INFO - Setting next_dagrun for example_trigger_controller_dag to 2021-01-01 00:00:00+00:00, run_after=2021-01-01 00:00:00+00:00
[2024-08-25T00:17:28.771+0000] {processor.py:208} INFO - Processing /home/airflow/.local/lib/python3.12/site-packages/airflow/example_dags/example_trigger_controller_dag.py took 0.389 seconds
[2024-08-25T00:17:58.958+0000] {processor.py:186} INFO - Started process (PID=1502) to work on /home/airflow/.local/lib/python3.12/site-packages/airflow/example_dags/example_trigger_controller_dag.py
[2024-08-25T00:17:58.960+0000] {processor.py:914} INFO - Processing file /home/airflow/.local/lib/python3.12/site-packages/airflow/example_dags/example_trigger_controller_dag.py for tasks to queue
[2024-08-25T00:17:58.967+0000] {logging_mixin.py:190} INFO - [2024-08-25T00:17:58.966+0000] {dagbag.py:587} INFO - Filling up the DagBag from /home/airflow/.local/lib/python3.12/site-packages/airflow/example_dags/example_trigger_controller_dag.py
[2024-08-25T00:17:58.985+0000] {processor.py:925} INFO - DAG(s) 'example_trigger_controller_dag' retrieved from /home/airflow/.local/lib/python3.12/site-packages/airflow/example_dags/example_trigger_controller_dag.py
[2024-08-25T00:17:59.042+0000] {logging_mixin.py:190} INFO - [2024-08-25T00:17:59.041+0000] {dag.py:3211} INFO - Sync 1 DAGs
[2024-08-25T00:17:59.114+0000] {logging_mixin.py:190} INFO - [2024-08-25T00:17:59.113+0000] {dag.py:4138} INFO - Setting next_dagrun for example_trigger_controller_dag to 2021-01-01 00:00:00+00:00, run_after=2021-01-01 00:00:00+00:00
[2024-08-25T00:17:59.162+0000] {processor.py:208} INFO - Processing /home/airflow/.local/lib/python3.12/site-packages/airflow/example_dags/example_trigger_controller_dag.py took 0.224 seconds
[2024-08-25T00:18:32.283+0000] {processor.py:186} INFO - Started process (PID=1565) to work on /home/airflow/.local/lib/python3.12/site-packages/airflow/example_dags/example_trigger_controller_dag.py
[2024-08-25T00:18:32.287+0000] {processor.py:914} INFO - Processing file /home/airflow/.local/lib/python3.12/site-packages/airflow/example_dags/example_trigger_controller_dag.py for tasks to queue
[2024-08-25T00:18:32.294+0000] {logging_mixin.py:190} INFO - [2024-08-25T00:18:32.293+0000] {dagbag.py:587} INFO - Filling up the DagBag from /home/airflow/.local/lib/python3.12/site-packages/airflow/example_dags/example_trigger_controller_dag.py
[2024-08-25T00:18:32.331+0000] {processor.py:925} INFO - DAG(s) 'example_trigger_controller_dag' retrieved from /home/airflow/.local/lib/python3.12/site-packages/airflow/example_dags/example_trigger_controller_dag.py
[2024-08-25T00:18:32.423+0000] {logging_mixin.py:190} INFO - [2024-08-25T00:18:32.422+0000] {dag.py:3211} INFO - Sync 1 DAGs
[2024-08-25T00:18:32.621+0000] {logging_mixin.py:190} INFO - [2024-08-25T00:18:32.619+0000] {dag.py:4138} INFO - Setting next_dagrun for example_trigger_controller_dag to 2021-01-01 00:00:00+00:00, run_after=2021-01-01 00:00:00+00:00
[2024-08-25T00:18:32.886+0000] {processor.py:208} INFO - Processing /home/airflow/.local/lib/python3.12/site-packages/airflow/example_dags/example_trigger_controller_dag.py took 0.637 seconds
[2024-08-25T00:19:03.496+0000] {processor.py:186} INFO - Started process (PID=1634) to work on /home/airflow/.local/lib/python3.12/site-packages/airflow/example_dags/example_trigger_controller_dag.py
[2024-08-25T00:19:03.499+0000] {processor.py:914} INFO - Processing file /home/airflow/.local/lib/python3.12/site-packages/airflow/example_dags/example_trigger_controller_dag.py for tasks to queue
[2024-08-25T00:19:03.513+0000] {logging_mixin.py:190} INFO - [2024-08-25T00:19:03.512+0000] {dagbag.py:587} INFO - Filling up the DagBag from /home/airflow/.local/lib/python3.12/site-packages/airflow/example_dags/example_trigger_controller_dag.py
[2024-08-25T00:19:03.595+0000] {processor.py:925} INFO - DAG(s) 'example_trigger_controller_dag' retrieved from /home/airflow/.local/lib/python3.12/site-packages/airflow/example_dags/example_trigger_controller_dag.py
[2024-08-25T00:19:03.770+0000] {logging_mixin.py:190} INFO - [2024-08-25T00:19:03.769+0000] {dag.py:3211} INFO - Sync 1 DAGs
[2024-08-25T00:19:03.925+0000] {logging_mixin.py:190} INFO - [2024-08-25T00:19:03.914+0000] {dag.py:4138} INFO - Setting next_dagrun for example_trigger_controller_dag to 2021-01-01 00:00:00+00:00, run_after=2021-01-01 00:00:00+00:00
[2024-08-25T00:19:04.066+0000] {processor.py:208} INFO - Processing /home/airflow/.local/lib/python3.12/site-packages/airflow/example_dags/example_trigger_controller_dag.py took 0.592 seconds
[2024-08-25T00:19:34.767+0000] {processor.py:186} INFO - Started process (PID=1697) to work on /home/airflow/.local/lib/python3.12/site-packages/airflow/example_dags/example_trigger_controller_dag.py
[2024-08-25T00:19:34.769+0000] {processor.py:914} INFO - Processing file /home/airflow/.local/lib/python3.12/site-packages/airflow/example_dags/example_trigger_controller_dag.py for tasks to queue
[2024-08-25T00:19:34.775+0000] {logging_mixin.py:190} INFO - [2024-08-25T00:19:34.775+0000] {dagbag.py:587} INFO - Filling up the DagBag from /home/airflow/.local/lib/python3.12/site-packages/airflow/example_dags/example_trigger_controller_dag.py
[2024-08-25T00:19:34.798+0000] {processor.py:925} INFO - DAG(s) 'example_trigger_controller_dag' retrieved from /home/airflow/.local/lib/python3.12/site-packages/airflow/example_dags/example_trigger_controller_dag.py
[2024-08-25T00:19:34.888+0000] {logging_mixin.py:190} INFO - [2024-08-25T00:19:34.887+0000] {dag.py:3211} INFO - Sync 1 DAGs
[2024-08-25T00:19:35.019+0000] {logging_mixin.py:190} INFO - [2024-08-25T00:19:35.018+0000] {dag.py:4138} INFO - Setting next_dagrun for example_trigger_controller_dag to 2021-01-01 00:00:00+00:00, run_after=2021-01-01 00:00:00+00:00
[2024-08-25T00:19:35.108+0000] {processor.py:208} INFO - Processing /home/airflow/.local/lib/python3.12/site-packages/airflow/example_dags/example_trigger_controller_dag.py took 0.358 seconds
[2024-08-25T00:20:06.026+0000] {processor.py:186} INFO - Started process (PID=1761) to work on /home/airflow/.local/lib/python3.12/site-packages/airflow/example_dags/example_trigger_controller_dag.py
[2024-08-25T00:20:06.028+0000] {processor.py:914} INFO - Processing file /home/airflow/.local/lib/python3.12/site-packages/airflow/example_dags/example_trigger_controller_dag.py for tasks to queue
[2024-08-25T00:20:06.033+0000] {logging_mixin.py:190} INFO - [2024-08-25T00:20:06.032+0000] {dagbag.py:587} INFO - Filling up the DagBag from /home/airflow/.local/lib/python3.12/site-packages/airflow/example_dags/example_trigger_controller_dag.py
[2024-08-25T00:20:06.047+0000] {processor.py:925} INFO - DAG(s) 'example_trigger_controller_dag' retrieved from /home/airflow/.local/lib/python3.12/site-packages/airflow/example_dags/example_trigger_controller_dag.py
[2024-08-25T00:20:06.086+0000] {logging_mixin.py:190} INFO - [2024-08-25T00:20:06.085+0000] {dag.py:3211} INFO - Sync 1 DAGs
[2024-08-25T00:20:06.133+0000] {logging_mixin.py:190} INFO - [2024-08-25T00:20:06.132+0000] {dag.py:4138} INFO - Setting next_dagrun for example_trigger_controller_dag to 2021-01-01 00:00:00+00:00, run_after=2021-01-01 00:00:00+00:00
[2024-08-25T00:20:06.168+0000] {processor.py:208} INFO - Processing /home/airflow/.local/lib/python3.12/site-packages/airflow/example_dags/example_trigger_controller_dag.py took 0.156 seconds
[2024-08-25T00:20:37.433+0000] {processor.py:186} INFO - Started process (PID=1823) to work on /home/airflow/.local/lib/python3.12/site-packages/airflow/example_dags/example_trigger_controller_dag.py
[2024-08-25T00:20:37.436+0000] {processor.py:914} INFO - Processing file /home/airflow/.local/lib/python3.12/site-packages/airflow/example_dags/example_trigger_controller_dag.py for tasks to queue
[2024-08-25T00:20:37.443+0000] {logging_mixin.py:190} INFO - [2024-08-25T00:20:37.443+0000] {dagbag.py:587} INFO - Filling up the DagBag from /home/airflow/.local/lib/python3.12/site-packages/airflow/example_dags/example_trigger_controller_dag.py
[2024-08-25T00:20:37.464+0000] {processor.py:925} INFO - DAG(s) 'example_trigger_controller_dag' retrieved from /home/airflow/.local/lib/python3.12/site-packages/airflow/example_dags/example_trigger_controller_dag.py
[2024-08-25T00:20:37.530+0000] {logging_mixin.py:190} INFO - [2024-08-25T00:20:37.529+0000] {dag.py:3211} INFO - Sync 1 DAGs
[2024-08-25T00:20:37.619+0000] {logging_mixin.py:190} INFO - [2024-08-25T00:20:37.618+0000] {dag.py:4138} INFO - Setting next_dagrun for example_trigger_controller_dag to 2021-01-01 00:00:00+00:00, run_after=2021-01-01 00:00:00+00:00
[2024-08-25T00:20:37.771+0000] {processor.py:208} INFO - Processing /home/airflow/.local/lib/python3.12/site-packages/airflow/example_dags/example_trigger_controller_dag.py took 0.356 seconds
[2024-08-25T00:26:46.918+0000] {processor.py:186} INFO - Started process (PID=112) to work on /home/airflow/.local/lib/python3.12/site-packages/airflow/example_dags/example_trigger_controller_dag.py
[2024-08-25T00:26:46.933+0000] {processor.py:914} INFO - Processing file /home/airflow/.local/lib/python3.12/site-packages/airflow/example_dags/example_trigger_controller_dag.py for tasks to queue
[2024-08-25T00:26:46.952+0000] {logging_mixin.py:190} INFO - [2024-08-25T00:26:46.951+0000] {dagbag.py:587} INFO - Filling up the DagBag from /home/airflow/.local/lib/python3.12/site-packages/airflow/example_dags/example_trigger_controller_dag.py
[2024-08-25T00:26:47.051+0000] {processor.py:925} INFO - DAG(s) 'example_trigger_controller_dag' retrieved from /home/airflow/.local/lib/python3.12/site-packages/airflow/example_dags/example_trigger_controller_dag.py
[2024-08-25T00:26:47.271+0000] {logging_mixin.py:190} INFO - [2024-08-25T00:26:47.268+0000] {dag.py:3211} INFO - Sync 1 DAGs
[2024-08-25T00:26:47.723+0000] {logging_mixin.py:190} INFO - [2024-08-25T00:26:47.723+0000] {dag.py:4138} INFO - Setting next_dagrun for example_trigger_controller_dag to 2021-01-01 00:00:00+00:00, run_after=2021-01-01 00:00:00+00:00
[2024-08-25T00:26:47.948+0000] {processor.py:208} INFO - Processing /home/airflow/.local/lib/python3.12/site-packages/airflow/example_dags/example_trigger_controller_dag.py took 1.100 seconds
[2024-08-25T00:27:40.887+0000] {processor.py:186} INFO - Started process (PID=181) to work on /home/airflow/.local/lib/python3.12/site-packages/airflow/example_dags/example_trigger_controller_dag.py
[2024-08-25T00:27:40.891+0000] {processor.py:914} INFO - Processing file /home/airflow/.local/lib/python3.12/site-packages/airflow/example_dags/example_trigger_controller_dag.py for tasks to queue
[2024-08-25T00:27:40.913+0000] {logging_mixin.py:190} INFO - [2024-08-25T00:27:40.912+0000] {dagbag.py:587} INFO - Filling up the DagBag from /home/airflow/.local/lib/python3.12/site-packages/airflow/example_dags/example_trigger_controller_dag.py
[2024-08-25T00:27:41.028+0000] {processor.py:925} INFO - DAG(s) 'example_trigger_controller_dag' retrieved from /home/airflow/.local/lib/python3.12/site-packages/airflow/example_dags/example_trigger_controller_dag.py
[2024-08-25T00:27:41.196+0000] {logging_mixin.py:190} INFO - [2024-08-25T00:27:41.195+0000] {dag.py:3211} INFO - Sync 1 DAGs
[2024-08-25T00:27:41.362+0000] {logging_mixin.py:190} INFO - [2024-08-25T00:27:41.361+0000] {dag.py:4138} INFO - Setting next_dagrun for example_trigger_controller_dag to 2021-01-01 00:00:00+00:00, run_after=2021-01-01 00:00:00+00:00
[2024-08-25T00:27:41.488+0000] {processor.py:208} INFO - Processing /home/airflow/.local/lib/python3.12/site-packages/airflow/example_dags/example_trigger_controller_dag.py took 0.666 seconds
[2024-08-25T00:28:30.089+0000] {processor.py:186} INFO - Started process (PID=244) to work on /home/airflow/.local/lib/python3.12/site-packages/airflow/example_dags/example_trigger_controller_dag.py
[2024-08-25T00:28:30.108+0000] {processor.py:914} INFO - Processing file /home/airflow/.local/lib/python3.12/site-packages/airflow/example_dags/example_trigger_controller_dag.py for tasks to queue
[2024-08-25T00:28:30.121+0000] {logging_mixin.py:190} INFO - [2024-08-25T00:28:30.120+0000] {dagbag.py:587} INFO - Filling up the DagBag from /home/airflow/.local/lib/python3.12/site-packages/airflow/example_dags/example_trigger_controller_dag.py
[2024-08-25T00:28:30.176+0000] {processor.py:925} INFO - DAG(s) 'example_trigger_controller_dag' retrieved from /home/airflow/.local/lib/python3.12/site-packages/airflow/example_dags/example_trigger_controller_dag.py
[2024-08-25T00:28:30.385+0000] {logging_mixin.py:190} INFO - [2024-08-25T00:28:30.380+0000] {dag.py:3211} INFO - Sync 1 DAGs
[2024-08-25T00:28:30.573+0000] {logging_mixin.py:190} INFO - [2024-08-25T00:28:30.572+0000] {dag.py:4138} INFO - Setting next_dagrun for example_trigger_controller_dag to 2021-01-01 00:00:00+00:00, run_after=2021-01-01 00:00:00+00:00
[2024-08-25T00:28:30.673+0000] {processor.py:208} INFO - Processing /home/airflow/.local/lib/python3.12/site-packages/airflow/example_dags/example_trigger_controller_dag.py took 0.620 seconds
[2024-08-25T00:29:01.526+0000] {processor.py:186} INFO - Started process (PID=313) to work on /home/airflow/.local/lib/python3.12/site-packages/airflow/example_dags/example_trigger_controller_dag.py
[2024-08-25T00:29:01.584+0000] {processor.py:914} INFO - Processing file /home/airflow/.local/lib/python3.12/site-packages/airflow/example_dags/example_trigger_controller_dag.py for tasks to queue
[2024-08-25T00:29:01.606+0000] {logging_mixin.py:190} INFO - [2024-08-25T00:29:01.605+0000] {dagbag.py:587} INFO - Filling up the DagBag from /home/airflow/.local/lib/python3.12/site-packages/airflow/example_dags/example_trigger_controller_dag.py
[2024-08-25T00:29:01.692+0000] {processor.py:925} INFO - DAG(s) 'example_trigger_controller_dag' retrieved from /home/airflow/.local/lib/python3.12/site-packages/airflow/example_dags/example_trigger_controller_dag.py
[2024-08-25T00:29:01.969+0000] {logging_mixin.py:190} INFO - [2024-08-25T00:29:01.968+0000] {dag.py:3211} INFO - Sync 1 DAGs
[2024-08-25T00:29:02.443+0000] {logging_mixin.py:190} INFO - [2024-08-25T00:29:02.442+0000] {dag.py:4138} INFO - Setting next_dagrun for example_trigger_controller_dag to 2021-01-01 00:00:00+00:00, run_after=2021-01-01 00:00:00+00:00
[2024-08-25T00:29:02.652+0000] {processor.py:208} INFO - Processing /home/airflow/.local/lib/python3.12/site-packages/airflow/example_dags/example_trigger_controller_dag.py took 1.255 seconds
[2024-08-25T00:29:33.044+0000] {processor.py:186} INFO - Started process (PID=376) to work on /home/airflow/.local/lib/python3.12/site-packages/airflow/example_dags/example_trigger_controller_dag.py
[2024-08-25T00:29:33.051+0000] {processor.py:914} INFO - Processing file /home/airflow/.local/lib/python3.12/site-packages/airflow/example_dags/example_trigger_controller_dag.py for tasks to queue
[2024-08-25T00:29:33.069+0000] {logging_mixin.py:190} INFO - [2024-08-25T00:29:33.064+0000] {dagbag.py:587} INFO - Filling up the DagBag from /home/airflow/.local/lib/python3.12/site-packages/airflow/example_dags/example_trigger_controller_dag.py
[2024-08-25T00:29:33.094+0000] {processor.py:925} INFO - DAG(s) 'example_trigger_controller_dag' retrieved from /home/airflow/.local/lib/python3.12/site-packages/airflow/example_dags/example_trigger_controller_dag.py
[2024-08-25T00:29:33.154+0000] {logging_mixin.py:190} INFO - [2024-08-25T00:29:33.153+0000] {dag.py:3211} INFO - Sync 1 DAGs
[2024-08-25T00:29:33.254+0000] {logging_mixin.py:190} INFO - [2024-08-25T00:29:33.254+0000] {dag.py:4138} INFO - Setting next_dagrun for example_trigger_controller_dag to 2021-01-01 00:00:00+00:00, run_after=2021-01-01 00:00:00+00:00
[2024-08-25T00:29:33.316+0000] {processor.py:208} INFO - Processing /home/airflow/.local/lib/python3.12/site-packages/airflow/example_dags/example_trigger_controller_dag.py took 0.290 seconds
[2024-08-25T00:30:04.672+0000] {processor.py:186} INFO - Started process (PID=439) to work on /home/airflow/.local/lib/python3.12/site-packages/airflow/example_dags/example_trigger_controller_dag.py
[2024-08-25T00:30:04.677+0000] {processor.py:914} INFO - Processing file /home/airflow/.local/lib/python3.12/site-packages/airflow/example_dags/example_trigger_controller_dag.py for tasks to queue
[2024-08-25T00:30:04.685+0000] {logging_mixin.py:190} INFO - [2024-08-25T00:30:04.684+0000] {dagbag.py:587} INFO - Filling up the DagBag from /home/airflow/.local/lib/python3.12/site-packages/airflow/example_dags/example_trigger_controller_dag.py
[2024-08-25T00:30:04.715+0000] {processor.py:925} INFO - DAG(s) 'example_trigger_controller_dag' retrieved from /home/airflow/.local/lib/python3.12/site-packages/airflow/example_dags/example_trigger_controller_dag.py
[2024-08-25T00:30:04.825+0000] {logging_mixin.py:190} INFO - [2024-08-25T00:30:04.824+0000] {dag.py:3211} INFO - Sync 1 DAGs
[2024-08-25T00:30:05.028+0000] {logging_mixin.py:190} INFO - [2024-08-25T00:30:05.026+0000] {dag.py:4138} INFO - Setting next_dagrun for example_trigger_controller_dag to 2021-01-01 00:00:00+00:00, run_after=2021-01-01 00:00:00+00:00
[2024-08-25T00:30:05.144+0000] {processor.py:208} INFO - Processing /home/airflow/.local/lib/python3.12/site-packages/airflow/example_dags/example_trigger_controller_dag.py took 0.496 seconds
[2024-08-25T00:30:42.454+0000] {processor.py:186} INFO - Started process (PID=503) to work on /home/airflow/.local/lib/python3.12/site-packages/airflow/example_dags/example_trigger_controller_dag.py
[2024-08-25T00:30:42.457+0000] {processor.py:914} INFO - Processing file /home/airflow/.local/lib/python3.12/site-packages/airflow/example_dags/example_trigger_controller_dag.py for tasks to queue
[2024-08-25T00:30:42.463+0000] {logging_mixin.py:190} INFO - [2024-08-25T00:30:42.462+0000] {dagbag.py:587} INFO - Filling up the DagBag from /home/airflow/.local/lib/python3.12/site-packages/airflow/example_dags/example_trigger_controller_dag.py
[2024-08-25T00:30:42.479+0000] {processor.py:925} INFO - DAG(s) 'example_trigger_controller_dag' retrieved from /home/airflow/.local/lib/python3.12/site-packages/airflow/example_dags/example_trigger_controller_dag.py
[2024-08-25T00:30:42.531+0000] {logging_mixin.py:190} INFO - [2024-08-25T00:30:42.530+0000] {dag.py:3211} INFO - Sync 1 DAGs
[2024-08-25T00:30:42.592+0000] {logging_mixin.py:190} INFO - [2024-08-25T00:30:42.592+0000] {dag.py:4138} INFO - Setting next_dagrun for example_trigger_controller_dag to 2021-01-01 00:00:00+00:00, run_after=2021-01-01 00:00:00+00:00
[2024-08-25T00:30:42.637+0000] {processor.py:208} INFO - Processing /home/airflow/.local/lib/python3.12/site-packages/airflow/example_dags/example_trigger_controller_dag.py took 0.199 seconds
[2024-08-25T00:31:23.949+0000] {processor.py:186} INFO - Started process (PID=568) to work on /home/airflow/.local/lib/python3.12/site-packages/airflow/example_dags/example_trigger_controller_dag.py
[2024-08-25T00:31:23.965+0000] {processor.py:914} INFO - Processing file /home/airflow/.local/lib/python3.12/site-packages/airflow/example_dags/example_trigger_controller_dag.py for tasks to queue
[2024-08-25T00:31:23.986+0000] {logging_mixin.py:190} INFO - [2024-08-25T00:31:23.985+0000] {dagbag.py:587} INFO - Filling up the DagBag from /home/airflow/.local/lib/python3.12/site-packages/airflow/example_dags/example_trigger_controller_dag.py
[2024-08-25T00:31:24.051+0000] {processor.py:925} INFO - DAG(s) 'example_trigger_controller_dag' retrieved from /home/airflow/.local/lib/python3.12/site-packages/airflow/example_dags/example_trigger_controller_dag.py
[2024-08-25T00:31:24.216+0000] {logging_mixin.py:190} INFO - [2024-08-25T00:31:24.205+0000] {dag.py:3211} INFO - Sync 1 DAGs
[2024-08-25T00:31:24.496+0000] {logging_mixin.py:190} INFO - [2024-08-25T00:31:24.496+0000] {dag.py:4138} INFO - Setting next_dagrun for example_trigger_controller_dag to 2021-01-01 00:00:00+00:00, run_after=2021-01-01 00:00:00+00:00
[2024-08-25T00:31:24.738+0000] {processor.py:208} INFO - Processing /home/airflow/.local/lib/python3.12/site-packages/airflow/example_dags/example_trigger_controller_dag.py took 0.849 seconds
[2024-08-25T00:32:13.054+0000] {processor.py:186} INFO - Started process (PID=640) to work on /home/airflow/.local/lib/python3.12/site-packages/airflow/example_dags/example_trigger_controller_dag.py
[2024-08-25T00:32:13.057+0000] {processor.py:914} INFO - Processing file /home/airflow/.local/lib/python3.12/site-packages/airflow/example_dags/example_trigger_controller_dag.py for tasks to queue
[2024-08-25T00:32:13.063+0000] {logging_mixin.py:190} INFO - [2024-08-25T00:32:13.063+0000] {dagbag.py:587} INFO - Filling up the DagBag from /home/airflow/.local/lib/python3.12/site-packages/airflow/example_dags/example_trigger_controller_dag.py
[2024-08-25T00:32:13.083+0000] {processor.py:925} INFO - DAG(s) 'example_trigger_controller_dag' retrieved from /home/airflow/.local/lib/python3.12/site-packages/airflow/example_dags/example_trigger_controller_dag.py
[2024-08-25T00:32:13.152+0000] {logging_mixin.py:190} INFO - [2024-08-25T00:32:13.149+0000] {dag.py:3211} INFO - Sync 1 DAGs
[2024-08-25T00:32:13.227+0000] {logging_mixin.py:190} INFO - [2024-08-25T00:32:13.226+0000] {dag.py:4138} INFO - Setting next_dagrun for example_trigger_controller_dag to 2021-01-01 00:00:00+00:00, run_after=2021-01-01 00:00:00+00:00
[2024-08-25T00:32:13.283+0000] {processor.py:208} INFO - Processing /home/airflow/.local/lib/python3.12/site-packages/airflow/example_dags/example_trigger_controller_dag.py took 0.253 seconds
[2024-08-25T00:32:50.753+0000] {processor.py:186} INFO - Started process (PID=704) to work on /home/airflow/.local/lib/python3.12/site-packages/airflow/example_dags/example_trigger_controller_dag.py
[2024-08-25T00:32:50.775+0000] {processor.py:914} INFO - Processing file /home/airflow/.local/lib/python3.12/site-packages/airflow/example_dags/example_trigger_controller_dag.py for tasks to queue
[2024-08-25T00:32:50.785+0000] {logging_mixin.py:190} INFO - [2024-08-25T00:32:50.784+0000] {dagbag.py:587} INFO - Filling up the DagBag from /home/airflow/.local/lib/python3.12/site-packages/airflow/example_dags/example_trigger_controller_dag.py
[2024-08-25T00:32:50.848+0000] {processor.py:925} INFO - DAG(s) 'example_trigger_controller_dag' retrieved from /home/airflow/.local/lib/python3.12/site-packages/airflow/example_dags/example_trigger_controller_dag.py
[2024-08-25T00:32:51.001+0000] {logging_mixin.py:190} INFO - [2024-08-25T00:32:50.999+0000] {dag.py:3211} INFO - Sync 1 DAGs
[2024-08-25T00:32:51.333+0000] {logging_mixin.py:190} INFO - [2024-08-25T00:32:51.333+0000] {dag.py:4138} INFO - Setting next_dagrun for example_trigger_controller_dag to 2021-01-01 00:00:00+00:00, run_after=2021-01-01 00:00:00+00:00
[2024-08-25T00:32:51.750+0000] {processor.py:208} INFO - Processing /home/airflow/.local/lib/python3.12/site-packages/airflow/example_dags/example_trigger_controller_dag.py took 1.036 seconds
[2024-08-25T00:34:05.577+0000] {processor.py:186} INFO - Started process (PID=792) to work on /home/airflow/.local/lib/python3.12/site-packages/airflow/example_dags/example_trigger_controller_dag.py
[2024-08-25T00:34:05.582+0000] {processor.py:914} INFO - Processing file /home/airflow/.local/lib/python3.12/site-packages/airflow/example_dags/example_trigger_controller_dag.py for tasks to queue
[2024-08-25T00:34:05.594+0000] {logging_mixin.py:190} INFO - [2024-08-25T00:34:05.592+0000] {dagbag.py:587} INFO - Filling up the DagBag from /home/airflow/.local/lib/python3.12/site-packages/airflow/example_dags/example_trigger_controller_dag.py
[2024-08-25T00:34:05.646+0000] {processor.py:925} INFO - DAG(s) 'example_trigger_controller_dag' retrieved from /home/airflow/.local/lib/python3.12/site-packages/airflow/example_dags/example_trigger_controller_dag.py
[2024-08-25T00:34:05.764+0000] {logging_mixin.py:190} INFO - [2024-08-25T00:34:05.755+0000] {dag.py:3211} INFO - Sync 1 DAGs
[2024-08-25T00:34:05.946+0000] {logging_mixin.py:190} INFO - [2024-08-25T00:34:05.938+0000] {dag.py:4138} INFO - Setting next_dagrun for example_trigger_controller_dag to 2021-01-01 00:00:00+00:00, run_after=2021-01-01 00:00:00+00:00
[2024-08-25T00:34:06.080+0000] {processor.py:208} INFO - Processing /home/airflow/.local/lib/python3.12/site-packages/airflow/example_dags/example_trigger_controller_dag.py took 0.543 seconds
[2024-08-25T00:34:38.368+0000] {processor.py:186} INFO - Started process (PID=855) to work on /home/airflow/.local/lib/python3.12/site-packages/airflow/example_dags/example_trigger_controller_dag.py
[2024-08-25T00:34:38.374+0000] {processor.py:914} INFO - Processing file /home/airflow/.local/lib/python3.12/site-packages/airflow/example_dags/example_trigger_controller_dag.py for tasks to queue
[2024-08-25T00:34:38.387+0000] {logging_mixin.py:190} INFO - [2024-08-25T00:34:38.386+0000] {dagbag.py:587} INFO - Filling up the DagBag from /home/airflow/.local/lib/python3.12/site-packages/airflow/example_dags/example_trigger_controller_dag.py
[2024-08-25T00:34:38.445+0000] {processor.py:925} INFO - DAG(s) 'example_trigger_controller_dag' retrieved from /home/airflow/.local/lib/python3.12/site-packages/airflow/example_dags/example_trigger_controller_dag.py
[2024-08-25T00:34:38.570+0000] {logging_mixin.py:190} INFO - [2024-08-25T00:34:38.568+0000] {dag.py:3211} INFO - Sync 1 DAGs
[2024-08-25T00:34:38.747+0000] {logging_mixin.py:190} INFO - [2024-08-25T00:34:38.747+0000] {dag.py:4138} INFO - Setting next_dagrun for example_trigger_controller_dag to 2021-01-01 00:00:00+00:00, run_after=2021-01-01 00:00:00+00:00
[2024-08-25T00:34:38.875+0000] {processor.py:208} INFO - Processing /home/airflow/.local/lib/python3.12/site-packages/airflow/example_dags/example_trigger_controller_dag.py took 0.548 seconds
[2024-08-25T00:35:10.834+0000] {processor.py:186} INFO - Started process (PID=917) to work on /home/airflow/.local/lib/python3.12/site-packages/airflow/example_dags/example_trigger_controller_dag.py
[2024-08-25T00:35:10.837+0000] {processor.py:914} INFO - Processing file /home/airflow/.local/lib/python3.12/site-packages/airflow/example_dags/example_trigger_controller_dag.py for tasks to queue
[2024-08-25T00:35:10.845+0000] {logging_mixin.py:190} INFO - [2024-08-25T00:35:10.844+0000] {dagbag.py:587} INFO - Filling up the DagBag from /home/airflow/.local/lib/python3.12/site-packages/airflow/example_dags/example_trigger_controller_dag.py
[2024-08-25T00:35:10.882+0000] {processor.py:925} INFO - DAG(s) 'example_trigger_controller_dag' retrieved from /home/airflow/.local/lib/python3.12/site-packages/airflow/example_dags/example_trigger_controller_dag.py
[2024-08-25T00:35:11.128+0000] {logging_mixin.py:190} INFO - [2024-08-25T00:35:11.127+0000] {dag.py:3211} INFO - Sync 1 DAGs
[2024-08-25T00:35:11.306+0000] {logging_mixin.py:190} INFO - [2024-08-25T00:35:11.305+0000] {dag.py:4138} INFO - Setting next_dagrun for example_trigger_controller_dag to 2021-01-01 00:00:00+00:00, run_after=2021-01-01 00:00:00+00:00
[2024-08-25T00:35:11.407+0000] {processor.py:208} INFO - Processing /home/airflow/.local/lib/python3.12/site-packages/airflow/example_dags/example_trigger_controller_dag.py took 0.607 seconds
[2024-08-25T00:35:41.785+0000] {processor.py:186} INFO - Started process (PID=980) to work on /home/airflow/.local/lib/python3.12/site-packages/airflow/example_dags/example_trigger_controller_dag.py
[2024-08-25T00:35:41.798+0000] {processor.py:914} INFO - Processing file /home/airflow/.local/lib/python3.12/site-packages/airflow/example_dags/example_trigger_controller_dag.py for tasks to queue
[2024-08-25T00:35:41.817+0000] {logging_mixin.py:190} INFO - [2024-08-25T00:35:41.816+0000] {dagbag.py:587} INFO - Filling up the DagBag from /home/airflow/.local/lib/python3.12/site-packages/airflow/example_dags/example_trigger_controller_dag.py
[2024-08-25T00:35:41.886+0000] {processor.py:925} INFO - DAG(s) 'example_trigger_controller_dag' retrieved from /home/airflow/.local/lib/python3.12/site-packages/airflow/example_dags/example_trigger_controller_dag.py
[2024-08-25T00:35:42.039+0000] {logging_mixin.py:190} INFO - [2024-08-25T00:35:42.037+0000] {dag.py:3211} INFO - Sync 1 DAGs
[2024-08-25T00:35:42.452+0000] {logging_mixin.py:190} INFO - [2024-08-25T00:35:42.451+0000] {dag.py:4138} INFO - Setting next_dagrun for example_trigger_controller_dag to 2021-01-01 00:00:00+00:00, run_after=2021-01-01 00:00:00+00:00
[2024-08-25T00:35:42.746+0000] {processor.py:208} INFO - Processing /home/airflow/.local/lib/python3.12/site-packages/airflow/example_dags/example_trigger_controller_dag.py took 1.005 seconds
[2024-08-25T00:36:13.108+0000] {processor.py:186} INFO - Started process (PID=1043) to work on /home/airflow/.local/lib/python3.12/site-packages/airflow/example_dags/example_trigger_controller_dag.py
[2024-08-25T00:36:13.109+0000] {processor.py:914} INFO - Processing file /home/airflow/.local/lib/python3.12/site-packages/airflow/example_dags/example_trigger_controller_dag.py for tasks to queue
[2024-08-25T00:36:13.114+0000] {logging_mixin.py:190} INFO - [2024-08-25T00:36:13.114+0000] {dagbag.py:587} INFO - Filling up the DagBag from /home/airflow/.local/lib/python3.12/site-packages/airflow/example_dags/example_trigger_controller_dag.py
[2024-08-25T00:36:13.132+0000] {processor.py:925} INFO - DAG(s) 'example_trigger_controller_dag' retrieved from /home/airflow/.local/lib/python3.12/site-packages/airflow/example_dags/example_trigger_controller_dag.py
[2024-08-25T00:36:13.178+0000] {logging_mixin.py:190} INFO - [2024-08-25T00:36:13.177+0000] {dag.py:3211} INFO - Sync 1 DAGs
[2024-08-25T00:36:13.239+0000] {logging_mixin.py:190} INFO - [2024-08-25T00:36:13.238+0000] {dag.py:4138} INFO - Setting next_dagrun for example_trigger_controller_dag to 2021-01-01 00:00:00+00:00, run_after=2021-01-01 00:00:00+00:00
[2024-08-25T00:36:13.289+0000] {processor.py:208} INFO - Processing /home/airflow/.local/lib/python3.12/site-packages/airflow/example_dags/example_trigger_controller_dag.py took 0.198 seconds
[2024-08-25T00:36:45.022+0000] {processor.py:186} INFO - Started process (PID=1107) to work on /home/airflow/.local/lib/python3.12/site-packages/airflow/example_dags/example_trigger_controller_dag.py
[2024-08-25T00:36:45.070+0000] {processor.py:914} INFO - Processing file /home/airflow/.local/lib/python3.12/site-packages/airflow/example_dags/example_trigger_controller_dag.py for tasks to queue
[2024-08-25T00:36:45.099+0000] {logging_mixin.py:190} INFO - [2024-08-25T00:36:45.098+0000] {dagbag.py:587} INFO - Filling up the DagBag from /home/airflow/.local/lib/python3.12/site-packages/airflow/example_dags/example_trigger_controller_dag.py
[2024-08-25T00:36:45.175+0000] {processor.py:925} INFO - DAG(s) 'example_trigger_controller_dag' retrieved from /home/airflow/.local/lib/python3.12/site-packages/airflow/example_dags/example_trigger_controller_dag.py
[2024-08-25T00:36:45.359+0000] {logging_mixin.py:190} INFO - [2024-08-25T00:36:45.358+0000] {dag.py:3211} INFO - Sync 1 DAGs
[2024-08-25T00:36:45.659+0000] {logging_mixin.py:190} INFO - [2024-08-25T00:36:45.649+0000] {dag.py:4138} INFO - Setting next_dagrun for example_trigger_controller_dag to 2021-01-01 00:00:00+00:00, run_after=2021-01-01 00:00:00+00:00
[2024-08-25T00:36:45.909+0000] {processor.py:208} INFO - Processing /home/airflow/.local/lib/python3.12/site-packages/airflow/example_dags/example_trigger_controller_dag.py took 0.926 seconds
[2024-08-25T00:37:20.678+0000] {processor.py:186} INFO - Started process (PID=1169) to work on /home/airflow/.local/lib/python3.12/site-packages/airflow/example_dags/example_trigger_controller_dag.py
[2024-08-25T00:37:20.687+0000] {processor.py:914} INFO - Processing file /home/airflow/.local/lib/python3.12/site-packages/airflow/example_dags/example_trigger_controller_dag.py for tasks to queue
[2024-08-25T00:37:20.693+0000] {logging_mixin.py:190} INFO - [2024-08-25T00:37:20.691+0000] {dagbag.py:587} INFO - Filling up the DagBag from /home/airflow/.local/lib/python3.12/site-packages/airflow/example_dags/example_trigger_controller_dag.py
[2024-08-25T00:37:20.734+0000] {processor.py:925} INFO - DAG(s) 'example_trigger_controller_dag' retrieved from /home/airflow/.local/lib/python3.12/site-packages/airflow/example_dags/example_trigger_controller_dag.py
[2024-08-25T00:37:20.906+0000] {logging_mixin.py:190} INFO - [2024-08-25T00:37:20.904+0000] {dag.py:3211} INFO - Sync 1 DAGs
[2024-08-25T00:37:21.150+0000] {logging_mixin.py:190} INFO - [2024-08-25T00:37:21.149+0000] {dag.py:4138} INFO - Setting next_dagrun for example_trigger_controller_dag to 2021-01-01 00:00:00+00:00, run_after=2021-01-01 00:00:00+00:00
[2024-08-25T00:37:21.244+0000] {processor.py:208} INFO - Processing /home/airflow/.local/lib/python3.12/site-packages/airflow/example_dags/example_trigger_controller_dag.py took 0.592 seconds
[2024-08-25T00:37:52.560+0000] {processor.py:186} INFO - Started process (PID=1231) to work on /home/airflow/.local/lib/python3.12/site-packages/airflow/example_dags/example_trigger_controller_dag.py
[2024-08-25T00:37:52.564+0000] {processor.py:914} INFO - Processing file /home/airflow/.local/lib/python3.12/site-packages/airflow/example_dags/example_trigger_controller_dag.py for tasks to queue
[2024-08-25T00:37:52.570+0000] {logging_mixin.py:190} INFO - [2024-08-25T00:37:52.568+0000] {dagbag.py:587} INFO - Filling up the DagBag from /home/airflow/.local/lib/python3.12/site-packages/airflow/example_dags/example_trigger_controller_dag.py
[2024-08-25T00:37:52.602+0000] {processor.py:925} INFO - DAG(s) 'example_trigger_controller_dag' retrieved from /home/airflow/.local/lib/python3.12/site-packages/airflow/example_dags/example_trigger_controller_dag.py
[2024-08-25T00:37:52.775+0000] {logging_mixin.py:190} INFO - [2024-08-25T00:37:52.771+0000] {dag.py:3211} INFO - Sync 1 DAGs
[2024-08-25T00:37:52.932+0000] {logging_mixin.py:190} INFO - [2024-08-25T00:37:52.931+0000] {dag.py:4138} INFO - Setting next_dagrun for example_trigger_controller_dag to 2021-01-01 00:00:00+00:00, run_after=2021-01-01 00:00:00+00:00
[2024-08-25T00:37:53.137+0000] {processor.py:208} INFO - Processing /home/airflow/.local/lib/python3.12/site-packages/airflow/example_dags/example_trigger_controller_dag.py took 0.600 seconds
[2024-08-25T00:38:23.669+0000] {processor.py:186} INFO - Started process (PID=1293) to work on /home/airflow/.local/lib/python3.12/site-packages/airflow/example_dags/example_trigger_controller_dag.py
[2024-08-25T00:38:23.677+0000] {processor.py:914} INFO - Processing file /home/airflow/.local/lib/python3.12/site-packages/airflow/example_dags/example_trigger_controller_dag.py for tasks to queue
[2024-08-25T00:38:23.699+0000] {logging_mixin.py:190} INFO - [2024-08-25T00:38:23.698+0000] {dagbag.py:587} INFO - Filling up the DagBag from /home/airflow/.local/lib/python3.12/site-packages/airflow/example_dags/example_trigger_controller_dag.py
[2024-08-25T00:38:23.753+0000] {processor.py:925} INFO - DAG(s) 'example_trigger_controller_dag' retrieved from /home/airflow/.local/lib/python3.12/site-packages/airflow/example_dags/example_trigger_controller_dag.py
[2024-08-25T00:38:23.858+0000] {logging_mixin.py:190} INFO - [2024-08-25T00:38:23.853+0000] {dag.py:3211} INFO - Sync 1 DAGs
[2024-08-25T00:38:23.988+0000] {logging_mixin.py:190} INFO - [2024-08-25T00:38:23.988+0000] {dag.py:4138} INFO - Setting next_dagrun for example_trigger_controller_dag to 2021-01-01 00:00:00+00:00, run_after=2021-01-01 00:00:00+00:00
[2024-08-25T00:38:24.052+0000] {processor.py:208} INFO - Processing /home/airflow/.local/lib/python3.12/site-packages/airflow/example_dags/example_trigger_controller_dag.py took 0.438 seconds
[2024-08-25T00:38:54.759+0000] {processor.py:186} INFO - Started process (PID=1355) to work on /home/airflow/.local/lib/python3.12/site-packages/airflow/example_dags/example_trigger_controller_dag.py
[2024-08-25T00:38:54.761+0000] {processor.py:914} INFO - Processing file /home/airflow/.local/lib/python3.12/site-packages/airflow/example_dags/example_trigger_controller_dag.py for tasks to queue
[2024-08-25T00:38:54.764+0000] {logging_mixin.py:190} INFO - [2024-08-25T00:38:54.763+0000] {dagbag.py:587} INFO - Filling up the DagBag from /home/airflow/.local/lib/python3.12/site-packages/airflow/example_dags/example_trigger_controller_dag.py
[2024-08-25T00:38:54.781+0000] {processor.py:925} INFO - DAG(s) 'example_trigger_controller_dag' retrieved from /home/airflow/.local/lib/python3.12/site-packages/airflow/example_dags/example_trigger_controller_dag.py
[2024-08-25T00:38:54.847+0000] {logging_mixin.py:190} INFO - [2024-08-25T00:38:54.846+0000] {dag.py:3211} INFO - Sync 1 DAGs
[2024-08-25T00:38:54.938+0000] {logging_mixin.py:190} INFO - [2024-08-25T00:38:54.938+0000] {dag.py:4138} INFO - Setting next_dagrun for example_trigger_controller_dag to 2021-01-01 00:00:00+00:00, run_after=2021-01-01 00:00:00+00:00
[2024-08-25T00:38:54.991+0000] {processor.py:208} INFO - Processing /home/airflow/.local/lib/python3.12/site-packages/airflow/example_dags/example_trigger_controller_dag.py took 0.250 seconds
[2024-08-25T00:39:25.272+0000] {processor.py:186} INFO - Started process (PID=1418) to work on /home/airflow/.local/lib/python3.12/site-packages/airflow/example_dags/example_trigger_controller_dag.py
[2024-08-25T00:39:25.274+0000] {processor.py:914} INFO - Processing file /home/airflow/.local/lib/python3.12/site-packages/airflow/example_dags/example_trigger_controller_dag.py for tasks to queue
[2024-08-25T00:39:25.277+0000] {logging_mixin.py:190} INFO - [2024-08-25T00:39:25.276+0000] {dagbag.py:587} INFO - Filling up the DagBag from /home/airflow/.local/lib/python3.12/site-packages/airflow/example_dags/example_trigger_controller_dag.py
[2024-08-25T00:39:25.292+0000] {processor.py:925} INFO - DAG(s) 'example_trigger_controller_dag' retrieved from /home/airflow/.local/lib/python3.12/site-packages/airflow/example_dags/example_trigger_controller_dag.py
[2024-08-25T00:39:25.344+0000] {logging_mixin.py:190} INFO - [2024-08-25T00:39:25.342+0000] {dag.py:3211} INFO - Sync 1 DAGs
[2024-08-25T00:39:25.403+0000] {logging_mixin.py:190} INFO - [2024-08-25T00:39:25.402+0000] {dag.py:4138} INFO - Setting next_dagrun for example_trigger_controller_dag to 2021-01-01 00:00:00+00:00, run_after=2021-01-01 00:00:00+00:00
[2024-08-25T00:39:25.445+0000] {processor.py:208} INFO - Processing /home/airflow/.local/lib/python3.12/site-packages/airflow/example_dags/example_trigger_controller_dag.py took 0.192 seconds
[2024-08-25T00:39:55.770+0000] {processor.py:186} INFO - Started process (PID=1480) to work on /home/airflow/.local/lib/python3.12/site-packages/airflow/example_dags/example_trigger_controller_dag.py
[2024-08-25T00:39:55.773+0000] {processor.py:914} INFO - Processing file /home/airflow/.local/lib/python3.12/site-packages/airflow/example_dags/example_trigger_controller_dag.py for tasks to queue
[2024-08-25T00:39:55.777+0000] {logging_mixin.py:190} INFO - [2024-08-25T00:39:55.776+0000] {dagbag.py:587} INFO - Filling up the DagBag from /home/airflow/.local/lib/python3.12/site-packages/airflow/example_dags/example_trigger_controller_dag.py
[2024-08-25T00:39:55.812+0000] {processor.py:925} INFO - DAG(s) 'example_trigger_controller_dag' retrieved from /home/airflow/.local/lib/python3.12/site-packages/airflow/example_dags/example_trigger_controller_dag.py
[2024-08-25T00:39:55.932+0000] {logging_mixin.py:190} INFO - [2024-08-25T00:39:55.930+0000] {dag.py:3211} INFO - Sync 1 DAGs
[2024-08-25T00:39:56.030+0000] {logging_mixin.py:190} INFO - [2024-08-25T00:39:56.029+0000] {dag.py:4138} INFO - Setting next_dagrun for example_trigger_controller_dag to 2021-01-01 00:00:00+00:00, run_after=2021-01-01 00:00:00+00:00
[2024-08-25T00:39:56.090+0000] {processor.py:208} INFO - Processing /home/airflow/.local/lib/python3.12/site-packages/airflow/example_dags/example_trigger_controller_dag.py took 0.343 seconds
[2024-08-25T00:40:29.903+0000] {processor.py:186} INFO - Started process (PID=1537) to work on /home/airflow/.local/lib/python3.12/site-packages/airflow/example_dags/example_trigger_controller_dag.py
[2024-08-25T00:40:29.906+0000] {processor.py:914} INFO - Processing file /home/airflow/.local/lib/python3.12/site-packages/airflow/example_dags/example_trigger_controller_dag.py for tasks to queue
[2024-08-25T00:40:29.917+0000] {logging_mixin.py:190} INFO - [2024-08-25T00:40:29.914+0000] {dagbag.py:587} INFO - Filling up the DagBag from /home/airflow/.local/lib/python3.12/site-packages/airflow/example_dags/example_trigger_controller_dag.py
[2024-08-25T00:40:29.947+0000] {processor.py:925} INFO - DAG(s) 'example_trigger_controller_dag' retrieved from /home/airflow/.local/lib/python3.12/site-packages/airflow/example_dags/example_trigger_controller_dag.py
[2024-08-25T00:40:30.046+0000] {logging_mixin.py:190} INFO - [2024-08-25T00:40:30.044+0000] {dag.py:3211} INFO - Sync 1 DAGs
[2024-08-25T00:40:30.144+0000] {logging_mixin.py:190} INFO - [2024-08-25T00:40:30.143+0000] {dag.py:4138} INFO - Setting next_dagrun for example_trigger_controller_dag to 2021-01-01 00:00:00+00:00, run_after=2021-01-01 00:00:00+00:00
[2024-08-25T00:40:30.211+0000] {processor.py:208} INFO - Processing /home/airflow/.local/lib/python3.12/site-packages/airflow/example_dags/example_trigger_controller_dag.py took 0.336 seconds
[2024-08-25T00:41:00.394+0000] {processor.py:186} INFO - Started process (PID=1599) to work on /home/airflow/.local/lib/python3.12/site-packages/airflow/example_dags/example_trigger_controller_dag.py
[2024-08-25T00:41:00.397+0000] {processor.py:914} INFO - Processing file /home/airflow/.local/lib/python3.12/site-packages/airflow/example_dags/example_trigger_controller_dag.py for tasks to queue
[2024-08-25T00:41:00.402+0000] {logging_mixin.py:190} INFO - [2024-08-25T00:41:00.401+0000] {dagbag.py:587} INFO - Filling up the DagBag from /home/airflow/.local/lib/python3.12/site-packages/airflow/example_dags/example_trigger_controller_dag.py
[2024-08-25T00:41:00.426+0000] {processor.py:925} INFO - DAG(s) 'example_trigger_controller_dag' retrieved from /home/airflow/.local/lib/python3.12/site-packages/airflow/example_dags/example_trigger_controller_dag.py
[2024-08-25T00:41:00.483+0000] {logging_mixin.py:190} INFO - [2024-08-25T00:41:00.482+0000] {dag.py:3211} INFO - Sync 1 DAGs
[2024-08-25T00:41:00.558+0000] {logging_mixin.py:190} INFO - [2024-08-25T00:41:00.558+0000] {dag.py:4138} INFO - Setting next_dagrun for example_trigger_controller_dag to 2021-01-01 00:00:00+00:00, run_after=2021-01-01 00:00:00+00:00
[2024-08-25T00:41:00.612+0000] {processor.py:208} INFO - Processing /home/airflow/.local/lib/python3.12/site-packages/airflow/example_dags/example_trigger_controller_dag.py took 0.243 seconds
[2024-08-25T00:41:31.593+0000] {processor.py:186} INFO - Started process (PID=1661) to work on /home/airflow/.local/lib/python3.12/site-packages/airflow/example_dags/example_trigger_controller_dag.py
[2024-08-25T00:41:31.597+0000] {processor.py:914} INFO - Processing file /home/airflow/.local/lib/python3.12/site-packages/airflow/example_dags/example_trigger_controller_dag.py for tasks to queue
[2024-08-25T00:41:31.601+0000] {logging_mixin.py:190} INFO - [2024-08-25T00:41:31.600+0000] {dagbag.py:587} INFO - Filling up the DagBag from /home/airflow/.local/lib/python3.12/site-packages/airflow/example_dags/example_trigger_controller_dag.py
[2024-08-25T00:41:31.648+0000] {processor.py:925} INFO - DAG(s) 'example_trigger_controller_dag' retrieved from /home/airflow/.local/lib/python3.12/site-packages/airflow/example_dags/example_trigger_controller_dag.py
[2024-08-25T00:41:31.711+0000] {logging_mixin.py:190} INFO - [2024-08-25T00:41:31.709+0000] {dag.py:3211} INFO - Sync 1 DAGs
[2024-08-25T00:41:31.768+0000] {logging_mixin.py:190} INFO - [2024-08-25T00:41:31.768+0000] {dag.py:4138} INFO - Setting next_dagrun for example_trigger_controller_dag to 2021-01-01 00:00:00+00:00, run_after=2021-01-01 00:00:00+00:00
[2024-08-25T00:41:31.808+0000] {processor.py:208} INFO - Processing /home/airflow/.local/lib/python3.12/site-packages/airflow/example_dags/example_trigger_controller_dag.py took 0.241 seconds
