[2024-08-25T00:00:17.039+0000] {processor.py:186} INFO - Started process (PID=38543) to work on /home/airflow/.local/lib/python3.12/site-packages/airflow/example_dags/example_complex.py
[2024-08-25T00:00:17.041+0000] {processor.py:914} INFO - Processing file /home/airflow/.local/lib/python3.12/site-packages/airflow/example_dags/example_complex.py for tasks to queue
[2024-08-25T00:00:17.047+0000] {logging_mixin.py:190} INFO - [2024-08-25T00:00:17.046+0000] {dagbag.py:587} INFO - Filling up the DagBag from /home/airflow/.local/lib/python3.12/site-packages/airflow/example_dags/example_complex.py
[2024-08-25T00:00:17.089+0000] {processor.py:925} INFO - DAG(s) 'example_complex' retrieved from /home/airflow/.local/lib/python3.12/site-packages/airflow/example_dags/example_complex.py
[2024-08-25T00:00:17.179+0000] {logging_mixin.py:190} INFO - [2024-08-25T00:00:17.179+0000] {dag.py:3211} INFO - Sync 1 DAGs
[2024-08-25T00:00:17.223+0000] {logging_mixin.py:190} INFO - [2024-08-25T00:00:17.222+0000] {dag.py:4138} INFO - Setting next_dagrun for example_complex to None, run_after=None
[2024-08-25T00:00:17.265+0000] {processor.py:208} INFO - Processing /home/airflow/.local/lib/python3.12/site-packages/airflow/example_dags/example_complex.py took 0.243 seconds
[2024-08-25T00:06:01.740+0000] {processor.py:186} INFO - Started process (PID=115) to work on /home/airflow/.local/lib/python3.12/site-packages/airflow/example_dags/example_complex.py
[2024-08-25T00:06:01.747+0000] {processor.py:914} INFO - Processing file /home/airflow/.local/lib/python3.12/site-packages/airflow/example_dags/example_complex.py for tasks to queue
[2024-08-25T00:06:01.780+0000] {logging_mixin.py:190} INFO - [2024-08-25T00:06:01.779+0000] {dagbag.py:587} INFO - Filling up the DagBag from /home/airflow/.local/lib/python3.12/site-packages/airflow/example_dags/example_complex.py
[2024-08-25T00:06:01.899+0000] {processor.py:925} INFO - DAG(s) 'example_complex' retrieved from /home/airflow/.local/lib/python3.12/site-packages/airflow/example_dags/example_complex.py
[2024-08-25T00:06:02.158+0000] {logging_mixin.py:190} INFO - [2024-08-25T00:06:02.157+0000] {dag.py:3211} INFO - Sync 1 DAGs
[2024-08-25T00:06:02.248+0000] {logging_mixin.py:190} INFO - [2024-08-25T00:06:02.247+0000] {dag.py:4138} INFO - Setting next_dagrun for example_complex to None, run_after=None
[2024-08-25T00:06:02.358+0000] {processor.py:208} INFO - Processing /home/airflow/.local/lib/python3.12/site-packages/airflow/example_dags/example_complex.py took 0.677 seconds
[2024-08-25T00:06:55.286+0000] {processor.py:186} INFO - Started process (PID=179) to work on /home/airflow/.local/lib/python3.12/site-packages/airflow/example_dags/example_complex.py
[2024-08-25T00:06:55.294+0000] {processor.py:914} INFO - Processing file /home/airflow/.local/lib/python3.12/site-packages/airflow/example_dags/example_complex.py for tasks to queue
[2024-08-25T00:06:55.302+0000] {logging_mixin.py:190} INFO - [2024-08-25T00:06:55.301+0000] {dagbag.py:587} INFO - Filling up the DagBag from /home/airflow/.local/lib/python3.12/site-packages/airflow/example_dags/example_complex.py
[2024-08-25T00:06:55.388+0000] {processor.py:925} INFO - DAG(s) 'example_complex' retrieved from /home/airflow/.local/lib/python3.12/site-packages/airflow/example_dags/example_complex.py
[2024-08-25T00:06:55.573+0000] {logging_mixin.py:190} INFO - [2024-08-25T00:06:55.572+0000] {dag.py:3211} INFO - Sync 1 DAGs
[2024-08-25T00:06:55.629+0000] {logging_mixin.py:190} INFO - [2024-08-25T00:06:55.628+0000] {dag.py:4138} INFO - Setting next_dagrun for example_complex to None, run_after=None
[2024-08-25T00:06:55.684+0000] {processor.py:208} INFO - Processing /home/airflow/.local/lib/python3.12/site-packages/airflow/example_dags/example_complex.py took 0.446 seconds
[2024-08-25T00:07:27.807+0000] {processor.py:186} INFO - Started process (PID=242) to work on /home/airflow/.local/lib/python3.12/site-packages/airflow/example_dags/example_complex.py
[2024-08-25T00:07:27.810+0000] {processor.py:914} INFO - Processing file /home/airflow/.local/lib/python3.12/site-packages/airflow/example_dags/example_complex.py for tasks to queue
[2024-08-25T00:07:27.818+0000] {logging_mixin.py:190} INFO - [2024-08-25T00:07:27.817+0000] {dagbag.py:587} INFO - Filling up the DagBag from /home/airflow/.local/lib/python3.12/site-packages/airflow/example_dags/example_complex.py
[2024-08-25T00:07:27.864+0000] {processor.py:925} INFO - DAG(s) 'example_complex' retrieved from /home/airflow/.local/lib/python3.12/site-packages/airflow/example_dags/example_complex.py
[2024-08-25T00:07:27.984+0000] {logging_mixin.py:190} INFO - [2024-08-25T00:07:27.984+0000] {dag.py:3211} INFO - Sync 1 DAGs
[2024-08-25T00:07:28.047+0000] {logging_mixin.py:190} INFO - [2024-08-25T00:07:28.046+0000] {dag.py:4138} INFO - Setting next_dagrun for example_complex to None, run_after=None
[2024-08-25T00:07:28.135+0000] {processor.py:208} INFO - Processing /home/airflow/.local/lib/python3.12/site-packages/airflow/example_dags/example_complex.py took 0.345 seconds
[2024-08-25T00:08:02.699+0000] {processor.py:186} INFO - Started process (PID=310) to work on /home/airflow/.local/lib/python3.12/site-packages/airflow/example_dags/example_complex.py
[2024-08-25T00:08:02.701+0000] {processor.py:914} INFO - Processing file /home/airflow/.local/lib/python3.12/site-packages/airflow/example_dags/example_complex.py for tasks to queue
[2024-08-25T00:08:02.707+0000] {logging_mixin.py:190} INFO - [2024-08-25T00:08:02.707+0000] {dagbag.py:587} INFO - Filling up the DagBag from /home/airflow/.local/lib/python3.12/site-packages/airflow/example_dags/example_complex.py
[2024-08-25T00:08:02.765+0000] {processor.py:925} INFO - DAG(s) 'example_complex' retrieved from /home/airflow/.local/lib/python3.12/site-packages/airflow/example_dags/example_complex.py
[2024-08-25T00:08:02.922+0000] {logging_mixin.py:190} INFO - [2024-08-25T00:08:02.922+0000] {dag.py:3211} INFO - Sync 1 DAGs
[2024-08-25T00:08:02.987+0000] {logging_mixin.py:190} INFO - [2024-08-25T00:08:02.986+0000] {dag.py:4138} INFO - Setting next_dagrun for example_complex to None, run_after=None
[2024-08-25T00:08:03.050+0000] {processor.py:208} INFO - Processing /home/airflow/.local/lib/python3.12/site-packages/airflow/example_dags/example_complex.py took 0.380 seconds
[2024-08-25T00:08:35.262+0000] {processor.py:186} INFO - Started process (PID=373) to work on /home/airflow/.local/lib/python3.12/site-packages/airflow/example_dags/example_complex.py
[2024-08-25T00:08:35.264+0000] {processor.py:914} INFO - Processing file /home/airflow/.local/lib/python3.12/site-packages/airflow/example_dags/example_complex.py for tasks to queue
[2024-08-25T00:08:35.272+0000] {logging_mixin.py:190} INFO - [2024-08-25T00:08:35.270+0000] {dagbag.py:587} INFO - Filling up the DagBag from /home/airflow/.local/lib/python3.12/site-packages/airflow/example_dags/example_complex.py
[2024-08-25T00:08:35.318+0000] {processor.py:925} INFO - DAG(s) 'example_complex' retrieved from /home/airflow/.local/lib/python3.12/site-packages/airflow/example_dags/example_complex.py
[2024-08-25T00:08:35.432+0000] {logging_mixin.py:190} INFO - [2024-08-25T00:08:35.432+0000] {dag.py:3211} INFO - Sync 1 DAGs
[2024-08-25T00:08:35.497+0000] {logging_mixin.py:190} INFO - [2024-08-25T00:08:35.497+0000] {dag.py:4138} INFO - Setting next_dagrun for example_complex to None, run_after=None
[2024-08-25T00:08:35.578+0000] {processor.py:208} INFO - Processing /home/airflow/.local/lib/python3.12/site-packages/airflow/example_dags/example_complex.py took 0.341 seconds
[2024-08-25T00:09:07.619+0000] {processor.py:186} INFO - Started process (PID=436) to work on /home/airflow/.local/lib/python3.12/site-packages/airflow/example_dags/example_complex.py
[2024-08-25T00:09:07.621+0000] {processor.py:914} INFO - Processing file /home/airflow/.local/lib/python3.12/site-packages/airflow/example_dags/example_complex.py for tasks to queue
[2024-08-25T00:09:07.631+0000] {logging_mixin.py:190} INFO - [2024-08-25T00:09:07.630+0000] {dagbag.py:587} INFO - Filling up the DagBag from /home/airflow/.local/lib/python3.12/site-packages/airflow/example_dags/example_complex.py
[2024-08-25T00:09:07.730+0000] {processor.py:925} INFO - DAG(s) 'example_complex' retrieved from /home/airflow/.local/lib/python3.12/site-packages/airflow/example_dags/example_complex.py
[2024-08-25T00:09:08.214+0000] {logging_mixin.py:190} INFO - [2024-08-25T00:09:08.213+0000] {dag.py:3211} INFO - Sync 1 DAGs
[2024-08-25T00:09:08.427+0000] {logging_mixin.py:190} INFO - [2024-08-25T00:09:08.427+0000] {dag.py:4138} INFO - Setting next_dagrun for example_complex to None, run_after=None
[2024-08-25T00:09:08.528+0000] {processor.py:208} INFO - Processing /home/airflow/.local/lib/python3.12/site-packages/airflow/example_dags/example_complex.py took 0.948 seconds
[2024-08-25T00:09:38.853+0000] {processor.py:186} INFO - Started process (PID=500) to work on /home/airflow/.local/lib/python3.12/site-packages/airflow/example_dags/example_complex.py
[2024-08-25T00:09:38.856+0000] {processor.py:914} INFO - Processing file /home/airflow/.local/lib/python3.12/site-packages/airflow/example_dags/example_complex.py for tasks to queue
[2024-08-25T00:09:38.870+0000] {logging_mixin.py:190} INFO - [2024-08-25T00:09:38.864+0000] {dagbag.py:587} INFO - Filling up the DagBag from /home/airflow/.local/lib/python3.12/site-packages/airflow/example_dags/example_complex.py
[2024-08-25T00:09:38.932+0000] {processor.py:925} INFO - DAG(s) 'example_complex' retrieved from /home/airflow/.local/lib/python3.12/site-packages/airflow/example_dags/example_complex.py
[2024-08-25T00:09:39.188+0000] {logging_mixin.py:190} INFO - [2024-08-25T00:09:39.187+0000] {dag.py:3211} INFO - Sync 1 DAGs
[2024-08-25T00:09:39.270+0000] {logging_mixin.py:190} INFO - [2024-08-25T00:09:39.268+0000] {dag.py:4138} INFO - Setting next_dagrun for example_complex to None, run_after=None
[2024-08-25T00:09:39.364+0000] {processor.py:208} INFO - Processing /home/airflow/.local/lib/python3.12/site-packages/airflow/example_dags/example_complex.py took 0.559 seconds
[2024-08-25T00:10:10.039+0000] {processor.py:186} INFO - Started process (PID=563) to work on /home/airflow/.local/lib/python3.12/site-packages/airflow/example_dags/example_complex.py
[2024-08-25T00:10:10.042+0000] {processor.py:914} INFO - Processing file /home/airflow/.local/lib/python3.12/site-packages/airflow/example_dags/example_complex.py for tasks to queue
[2024-08-25T00:10:10.052+0000] {logging_mixin.py:190} INFO - [2024-08-25T00:10:10.051+0000] {dagbag.py:587} INFO - Filling up the DagBag from /home/airflow/.local/lib/python3.12/site-packages/airflow/example_dags/example_complex.py
[2024-08-25T00:10:10.128+0000] {processor.py:925} INFO - DAG(s) 'example_complex' retrieved from /home/airflow/.local/lib/python3.12/site-packages/airflow/example_dags/example_complex.py
[2024-08-25T00:10:10.297+0000] {logging_mixin.py:190} INFO - [2024-08-25T00:10:10.297+0000] {dag.py:3211} INFO - Sync 1 DAGs
[2024-08-25T00:10:10.336+0000] {logging_mixin.py:190} INFO - [2024-08-25T00:10:10.335+0000] {dag.py:4138} INFO - Setting next_dagrun for example_complex to None, run_after=None
[2024-08-25T00:10:10.375+0000] {processor.py:208} INFO - Processing /home/airflow/.local/lib/python3.12/site-packages/airflow/example_dags/example_complex.py took 0.365 seconds
[2024-08-25T00:10:40.951+0000] {processor.py:186} INFO - Started process (PID=626) to work on /home/airflow/.local/lib/python3.12/site-packages/airflow/example_dags/example_complex.py
[2024-08-25T00:10:40.957+0000] {processor.py:914} INFO - Processing file /home/airflow/.local/lib/python3.12/site-packages/airflow/example_dags/example_complex.py for tasks to queue
[2024-08-25T00:10:40.975+0000] {logging_mixin.py:190} INFO - [2024-08-25T00:10:40.974+0000] {dagbag.py:587} INFO - Filling up the DagBag from /home/airflow/.local/lib/python3.12/site-packages/airflow/example_dags/example_complex.py
[2024-08-25T00:10:41.040+0000] {processor.py:925} INFO - DAG(s) 'example_complex' retrieved from /home/airflow/.local/lib/python3.12/site-packages/airflow/example_dags/example_complex.py
[2024-08-25T00:10:41.146+0000] {logging_mixin.py:190} INFO - [2024-08-25T00:10:41.145+0000] {dag.py:3211} INFO - Sync 1 DAGs
[2024-08-25T00:10:41.195+0000] {logging_mixin.py:190} INFO - [2024-08-25T00:10:41.194+0000] {dag.py:4138} INFO - Setting next_dagrun for example_complex to None, run_after=None
[2024-08-25T00:10:41.263+0000] {processor.py:208} INFO - Processing /home/airflow/.local/lib/python3.12/site-packages/airflow/example_dags/example_complex.py took 0.332 seconds
[2024-08-25T00:11:12.623+0000] {processor.py:186} INFO - Started process (PID=688) to work on /home/airflow/.local/lib/python3.12/site-packages/airflow/example_dags/example_complex.py
[2024-08-25T00:11:12.625+0000] {processor.py:914} INFO - Processing file /home/airflow/.local/lib/python3.12/site-packages/airflow/example_dags/example_complex.py for tasks to queue
[2024-08-25T00:11:12.632+0000] {logging_mixin.py:190} INFO - [2024-08-25T00:11:12.632+0000] {dagbag.py:587} INFO - Filling up the DagBag from /home/airflow/.local/lib/python3.12/site-packages/airflow/example_dags/example_complex.py
[2024-08-25T00:11:12.694+0000] {processor.py:925} INFO - DAG(s) 'example_complex' retrieved from /home/airflow/.local/lib/python3.12/site-packages/airflow/example_dags/example_complex.py
[2024-08-25T00:11:12.840+0000] {logging_mixin.py:190} INFO - [2024-08-25T00:11:12.839+0000] {dag.py:3211} INFO - Sync 1 DAGs
[2024-08-25T00:11:12.889+0000] {logging_mixin.py:190} INFO - [2024-08-25T00:11:12.888+0000] {dag.py:4138} INFO - Setting next_dagrun for example_complex to None, run_after=None
[2024-08-25T00:11:12.954+0000] {processor.py:208} INFO - Processing /home/airflow/.local/lib/python3.12/site-packages/airflow/example_dags/example_complex.py took 0.348 seconds
[2024-08-25T00:11:46.961+0000] {processor.py:186} INFO - Started process (PID=751) to work on /home/airflow/.local/lib/python3.12/site-packages/airflow/example_dags/example_complex.py
[2024-08-25T00:11:46.994+0000] {processor.py:914} INFO - Processing file /home/airflow/.local/lib/python3.12/site-packages/airflow/example_dags/example_complex.py for tasks to queue
[2024-08-25T00:11:47.007+0000] {logging_mixin.py:190} INFO - [2024-08-25T00:11:47.006+0000] {dagbag.py:587} INFO - Filling up the DagBag from /home/airflow/.local/lib/python3.12/site-packages/airflow/example_dags/example_complex.py
[2024-08-25T00:11:47.094+0000] {processor.py:925} INFO - DAG(s) 'example_complex' retrieved from /home/airflow/.local/lib/python3.12/site-packages/airflow/example_dags/example_complex.py
[2024-08-25T00:11:47.337+0000] {logging_mixin.py:190} INFO - [2024-08-25T00:11:47.336+0000] {dag.py:3211} INFO - Sync 1 DAGs
[2024-08-25T00:11:47.477+0000] {logging_mixin.py:190} INFO - [2024-08-25T00:11:47.476+0000] {dag.py:4138} INFO - Setting next_dagrun for example_complex to None, run_after=None
[2024-08-25T00:11:47.589+0000] {processor.py:208} INFO - Processing /home/airflow/.local/lib/python3.12/site-packages/airflow/example_dags/example_complex.py took 0.669 seconds
[2024-08-25T00:12:17.996+0000] {processor.py:186} INFO - Started process (PID=815) to work on /home/airflow/.local/lib/python3.12/site-packages/airflow/example_dags/example_complex.py
[2024-08-25T00:12:17.998+0000] {processor.py:914} INFO - Processing file /home/airflow/.local/lib/python3.12/site-packages/airflow/example_dags/example_complex.py for tasks to queue
[2024-08-25T00:12:18.003+0000] {logging_mixin.py:190} INFO - [2024-08-25T00:12:18.003+0000] {dagbag.py:587} INFO - Filling up the DagBag from /home/airflow/.local/lib/python3.12/site-packages/airflow/example_dags/example_complex.py
[2024-08-25T00:12:18.038+0000] {processor.py:925} INFO - DAG(s) 'example_complex' retrieved from /home/airflow/.local/lib/python3.12/site-packages/airflow/example_dags/example_complex.py
[2024-08-25T00:12:18.127+0000] {logging_mixin.py:190} INFO - [2024-08-25T00:12:18.126+0000] {dag.py:3211} INFO - Sync 1 DAGs
[2024-08-25T00:12:18.164+0000] {logging_mixin.py:190} INFO - [2024-08-25T00:12:18.164+0000] {dag.py:4138} INFO - Setting next_dagrun for example_complex to None, run_after=None
[2024-08-25T00:12:18.214+0000] {processor.py:208} INFO - Processing /home/airflow/.local/lib/python3.12/site-packages/airflow/example_dags/example_complex.py took 0.233 seconds
[2024-08-25T00:12:48.534+0000] {processor.py:186} INFO - Started process (PID=877) to work on /home/airflow/.local/lib/python3.12/site-packages/airflow/example_dags/example_complex.py
[2024-08-25T00:12:48.536+0000] {processor.py:914} INFO - Processing file /home/airflow/.local/lib/python3.12/site-packages/airflow/example_dags/example_complex.py for tasks to queue
[2024-08-25T00:12:48.544+0000] {logging_mixin.py:190} INFO - [2024-08-25T00:12:48.543+0000] {dagbag.py:587} INFO - Filling up the DagBag from /home/airflow/.local/lib/python3.12/site-packages/airflow/example_dags/example_complex.py
[2024-08-25T00:12:48.588+0000] {processor.py:925} INFO - DAG(s) 'example_complex' retrieved from /home/airflow/.local/lib/python3.12/site-packages/airflow/example_dags/example_complex.py
[2024-08-25T00:12:48.674+0000] {logging_mixin.py:190} INFO - [2024-08-25T00:12:48.674+0000] {dag.py:3211} INFO - Sync 1 DAGs
[2024-08-25T00:12:48.708+0000] {logging_mixin.py:190} INFO - [2024-08-25T00:12:48.708+0000] {dag.py:4138} INFO - Setting next_dagrun for example_complex to None, run_after=None
[2024-08-25T00:12:48.743+0000] {processor.py:208} INFO - Processing /home/airflow/.local/lib/python3.12/site-packages/airflow/example_dags/example_complex.py took 0.229 seconds
[2024-08-25T00:13:19.190+0000] {processor.py:186} INFO - Started process (PID=940) to work on /home/airflow/.local/lib/python3.12/site-packages/airflow/example_dags/example_complex.py
[2024-08-25T00:13:19.192+0000] {processor.py:914} INFO - Processing file /home/airflow/.local/lib/python3.12/site-packages/airflow/example_dags/example_complex.py for tasks to queue
[2024-08-25T00:13:19.197+0000] {logging_mixin.py:190} INFO - [2024-08-25T00:13:19.196+0000] {dagbag.py:587} INFO - Filling up the DagBag from /home/airflow/.local/lib/python3.12/site-packages/airflow/example_dags/example_complex.py
[2024-08-25T00:13:19.225+0000] {processor.py:925} INFO - DAG(s) 'example_complex' retrieved from /home/airflow/.local/lib/python3.12/site-packages/airflow/example_dags/example_complex.py
[2024-08-25T00:13:19.301+0000] {logging_mixin.py:190} INFO - [2024-08-25T00:13:19.300+0000] {dag.py:3211} INFO - Sync 1 DAGs
[2024-08-25T00:13:19.330+0000] {logging_mixin.py:190} INFO - [2024-08-25T00:13:19.330+0000] {dag.py:4138} INFO - Setting next_dagrun for example_complex to None, run_after=None
[2024-08-25T00:13:19.366+0000] {processor.py:208} INFO - Processing /home/airflow/.local/lib/python3.12/site-packages/airflow/example_dags/example_complex.py took 0.189 seconds
[2024-08-25T00:13:51.639+0000] {processor.py:186} INFO - Started process (PID=1003) to work on /home/airflow/.local/lib/python3.12/site-packages/airflow/example_dags/example_complex.py
[2024-08-25T00:13:51.641+0000] {processor.py:914} INFO - Processing file /home/airflow/.local/lib/python3.12/site-packages/airflow/example_dags/example_complex.py for tasks to queue
[2024-08-25T00:13:51.649+0000] {logging_mixin.py:190} INFO - [2024-08-25T00:13:51.648+0000] {dagbag.py:587} INFO - Filling up the DagBag from /home/airflow/.local/lib/python3.12/site-packages/airflow/example_dags/example_complex.py
[2024-08-25T00:13:51.703+0000] {processor.py:925} INFO - DAG(s) 'example_complex' retrieved from /home/airflow/.local/lib/python3.12/site-packages/airflow/example_dags/example_complex.py
[2024-08-25T00:13:51.835+0000] {logging_mixin.py:190} INFO - [2024-08-25T00:13:51.834+0000] {dag.py:3211} INFO - Sync 1 DAGs
[2024-08-25T00:13:51.884+0000] {logging_mixin.py:190} INFO - [2024-08-25T00:13:51.883+0000] {dag.py:4138} INFO - Setting next_dagrun for example_complex to None, run_after=None
[2024-08-25T00:13:51.938+0000] {processor.py:208} INFO - Processing /home/airflow/.local/lib/python3.12/site-packages/airflow/example_dags/example_complex.py took 0.322 seconds
[2024-08-25T00:14:23.537+0000] {processor.py:186} INFO - Started process (PID=1067) to work on /home/airflow/.local/lib/python3.12/site-packages/airflow/example_dags/example_complex.py
[2024-08-25T00:14:23.550+0000] {processor.py:914} INFO - Processing file /home/airflow/.local/lib/python3.12/site-packages/airflow/example_dags/example_complex.py for tasks to queue
[2024-08-25T00:14:23.578+0000] {logging_mixin.py:190} INFO - [2024-08-25T00:14:23.577+0000] {dagbag.py:587} INFO - Filling up the DagBag from /home/airflow/.local/lib/python3.12/site-packages/airflow/example_dags/example_complex.py
[2024-08-25T00:14:23.659+0000] {processor.py:925} INFO - DAG(s) 'example_complex' retrieved from /home/airflow/.local/lib/python3.12/site-packages/airflow/example_dags/example_complex.py
[2024-08-25T00:14:23.878+0000] {logging_mixin.py:190} INFO - [2024-08-25T00:14:23.877+0000] {dag.py:3211} INFO - Sync 1 DAGs
[2024-08-25T00:14:23.932+0000] {logging_mixin.py:190} INFO - [2024-08-25T00:14:23.932+0000] {dag.py:4138} INFO - Setting next_dagrun for example_complex to None, run_after=None
[2024-08-25T00:14:23.992+0000] {processor.py:208} INFO - Processing /home/airflow/.local/lib/python3.12/site-packages/airflow/example_dags/example_complex.py took 0.522 seconds
[2024-08-25T00:14:54.095+0000] {processor.py:186} INFO - Started process (PID=1131) to work on /home/airflow/.local/lib/python3.12/site-packages/airflow/example_dags/example_complex.py
[2024-08-25T00:14:54.097+0000] {processor.py:914} INFO - Processing file /home/airflow/.local/lib/python3.12/site-packages/airflow/example_dags/example_complex.py for tasks to queue
[2024-08-25T00:14:54.102+0000] {logging_mixin.py:190} INFO - [2024-08-25T00:14:54.101+0000] {dagbag.py:587} INFO - Filling up the DagBag from /home/airflow/.local/lib/python3.12/site-packages/airflow/example_dags/example_complex.py
[2024-08-25T00:14:54.140+0000] {processor.py:925} INFO - DAG(s) 'example_complex' retrieved from /home/airflow/.local/lib/python3.12/site-packages/airflow/example_dags/example_complex.py
[2024-08-25T00:14:54.371+0000] {logging_mixin.py:190} INFO - [2024-08-25T00:14:54.370+0000] {dag.py:3211} INFO - Sync 1 DAGs
[2024-08-25T00:14:54.512+0000] {logging_mixin.py:190} INFO - [2024-08-25T00:14:54.512+0000] {dag.py:4138} INFO - Setting next_dagrun for example_complex to None, run_after=None
[2024-08-25T00:14:54.669+0000] {processor.py:208} INFO - Processing /home/airflow/.local/lib/python3.12/site-packages/airflow/example_dags/example_complex.py took 0.588 seconds
[2024-08-25T00:15:25.255+0000] {processor.py:186} INFO - Started process (PID=1194) to work on /home/airflow/.local/lib/python3.12/site-packages/airflow/example_dags/example_complex.py
[2024-08-25T00:15:25.257+0000] {processor.py:914} INFO - Processing file /home/airflow/.local/lib/python3.12/site-packages/airflow/example_dags/example_complex.py for tasks to queue
[2024-08-25T00:15:25.263+0000] {logging_mixin.py:190} INFO - [2024-08-25T00:15:25.263+0000] {dagbag.py:587} INFO - Filling up the DagBag from /home/airflow/.local/lib/python3.12/site-packages/airflow/example_dags/example_complex.py
[2024-08-25T00:15:25.300+0000] {processor.py:925} INFO - DAG(s) 'example_complex' retrieved from /home/airflow/.local/lib/python3.12/site-packages/airflow/example_dags/example_complex.py
[2024-08-25T00:15:25.390+0000] {logging_mixin.py:190} INFO - [2024-08-25T00:15:25.390+0000] {dag.py:3211} INFO - Sync 1 DAGs
[2024-08-25T00:15:25.424+0000] {logging_mixin.py:190} INFO - [2024-08-25T00:15:25.424+0000] {dag.py:4138} INFO - Setting next_dagrun for example_complex to None, run_after=None
[2024-08-25T00:15:25.466+0000] {processor.py:208} INFO - Processing /home/airflow/.local/lib/python3.12/site-packages/airflow/example_dags/example_complex.py took 0.228 seconds
[2024-08-25T00:15:58.108+0000] {processor.py:186} INFO - Started process (PID=1258) to work on /home/airflow/.local/lib/python3.12/site-packages/airflow/example_dags/example_complex.py
[2024-08-25T00:15:58.117+0000] {processor.py:914} INFO - Processing file /home/airflow/.local/lib/python3.12/site-packages/airflow/example_dags/example_complex.py for tasks to queue
[2024-08-25T00:15:58.131+0000] {logging_mixin.py:190} INFO - [2024-08-25T00:15:58.130+0000] {dagbag.py:587} INFO - Filling up the DagBag from /home/airflow/.local/lib/python3.12/site-packages/airflow/example_dags/example_complex.py
[2024-08-25T00:15:58.281+0000] {processor.py:925} INFO - DAG(s) 'example_complex' retrieved from /home/airflow/.local/lib/python3.12/site-packages/airflow/example_dags/example_complex.py
[2024-08-25T00:15:58.697+0000] {logging_mixin.py:190} INFO - [2024-08-25T00:15:58.686+0000] {dag.py:3211} INFO - Sync 1 DAGs
[2024-08-25T00:15:58.870+0000] {logging_mixin.py:190} INFO - [2024-08-25T00:15:58.869+0000] {dag.py:4138} INFO - Setting next_dagrun for example_complex to None, run_after=None
[2024-08-25T00:15:59.299+0000] {processor.py:208} INFO - Processing /home/airflow/.local/lib/python3.12/site-packages/airflow/example_dags/example_complex.py took 1.234 seconds
[2024-08-25T00:16:32.425+0000] {processor.py:186} INFO - Started process (PID=1323) to work on /home/airflow/.local/lib/python3.12/site-packages/airflow/example_dags/example_complex.py
[2024-08-25T00:16:32.434+0000] {processor.py:914} INFO - Processing file /home/airflow/.local/lib/python3.12/site-packages/airflow/example_dags/example_complex.py for tasks to queue
[2024-08-25T00:16:32.448+0000] {logging_mixin.py:190} INFO - [2024-08-25T00:16:32.447+0000] {dagbag.py:587} INFO - Filling up the DagBag from /home/airflow/.local/lib/python3.12/site-packages/airflow/example_dags/example_complex.py
[2024-08-25T00:16:32.528+0000] {processor.py:925} INFO - DAG(s) 'example_complex' retrieved from /home/airflow/.local/lib/python3.12/site-packages/airflow/example_dags/example_complex.py
[2024-08-25T00:16:32.814+0000] {logging_mixin.py:190} INFO - [2024-08-25T00:16:32.810+0000] {dag.py:3211} INFO - Sync 1 DAGs
[2024-08-25T00:16:32.990+0000] {logging_mixin.py:190} INFO - [2024-08-25T00:16:32.990+0000] {dag.py:4138} INFO - Setting next_dagrun for example_complex to None, run_after=None
[2024-08-25T00:16:33.210+0000] {processor.py:208} INFO - Processing /home/airflow/.local/lib/python3.12/site-packages/airflow/example_dags/example_complex.py took 0.904 seconds
[2024-08-25T00:17:03.749+0000] {processor.py:186} INFO - Started process (PID=1392) to work on /home/airflow/.local/lib/python3.12/site-packages/airflow/example_dags/example_complex.py
[2024-08-25T00:17:03.752+0000] {processor.py:914} INFO - Processing file /home/airflow/.local/lib/python3.12/site-packages/airflow/example_dags/example_complex.py for tasks to queue
[2024-08-25T00:17:03.768+0000] {logging_mixin.py:190} INFO - [2024-08-25T00:17:03.767+0000] {dagbag.py:587} INFO - Filling up the DagBag from /home/airflow/.local/lib/python3.12/site-packages/airflow/example_dags/example_complex.py
[2024-08-25T00:17:03.889+0000] {processor.py:925} INFO - DAG(s) 'example_complex' retrieved from /home/airflow/.local/lib/python3.12/site-packages/airflow/example_dags/example_complex.py
[2024-08-25T00:17:04.212+0000] {logging_mixin.py:190} INFO - [2024-08-25T00:17:04.200+0000] {dag.py:3211} INFO - Sync 1 DAGs
[2024-08-25T00:17:04.318+0000] {logging_mixin.py:190} INFO - [2024-08-25T00:17:04.317+0000] {dag.py:4138} INFO - Setting next_dagrun for example_complex to None, run_after=None
[2024-08-25T00:17:04.428+0000] {processor.py:208} INFO - Processing /home/airflow/.local/lib/python3.12/site-packages/airflow/example_dags/example_complex.py took 0.731 seconds
[2024-08-25T00:17:34.651+0000] {processor.py:186} INFO - Started process (PID=1456) to work on /home/airflow/.local/lib/python3.12/site-packages/airflow/example_dags/example_complex.py
[2024-08-25T00:17:34.654+0000] {processor.py:914} INFO - Processing file /home/airflow/.local/lib/python3.12/site-packages/airflow/example_dags/example_complex.py for tasks to queue
[2024-08-25T00:17:34.661+0000] {logging_mixin.py:190} INFO - [2024-08-25T00:17:34.660+0000] {dagbag.py:587} INFO - Filling up the DagBag from /home/airflow/.local/lib/python3.12/site-packages/airflow/example_dags/example_complex.py
[2024-08-25T00:17:34.706+0000] {processor.py:925} INFO - DAG(s) 'example_complex' retrieved from /home/airflow/.local/lib/python3.12/site-packages/airflow/example_dags/example_complex.py
[2024-08-25T00:17:34.825+0000] {logging_mixin.py:190} INFO - [2024-08-25T00:17:34.824+0000] {dag.py:3211} INFO - Sync 1 DAGs
[2024-08-25T00:17:34.883+0000] {logging_mixin.py:190} INFO - [2024-08-25T00:17:34.882+0000] {dag.py:4138} INFO - Setting next_dagrun for example_complex to None, run_after=None
[2024-08-25T00:17:34.958+0000] {processor.py:208} INFO - Processing /home/airflow/.local/lib/python3.12/site-packages/airflow/example_dags/example_complex.py took 0.324 seconds
[2024-08-25T00:18:05.819+0000] {processor.py:186} INFO - Started process (PID=1519) to work on /home/airflow/.local/lib/python3.12/site-packages/airflow/example_dags/example_complex.py
[2024-08-25T00:18:05.822+0000] {processor.py:914} INFO - Processing file /home/airflow/.local/lib/python3.12/site-packages/airflow/example_dags/example_complex.py for tasks to queue
[2024-08-25T00:18:05.827+0000] {logging_mixin.py:190} INFO - [2024-08-25T00:18:05.826+0000] {dagbag.py:587} INFO - Filling up the DagBag from /home/airflow/.local/lib/python3.12/site-packages/airflow/example_dags/example_complex.py
[2024-08-25T00:18:05.862+0000] {processor.py:925} INFO - DAG(s) 'example_complex' retrieved from /home/airflow/.local/lib/python3.12/site-packages/airflow/example_dags/example_complex.py
[2024-08-25T00:18:05.937+0000] {logging_mixin.py:190} INFO - [2024-08-25T00:18:05.937+0000] {dag.py:3211} INFO - Sync 1 DAGs
[2024-08-25T00:18:05.971+0000] {logging_mixin.py:190} INFO - [2024-08-25T00:18:05.971+0000] {dag.py:4138} INFO - Setting next_dagrun for example_complex to None, run_after=None
[2024-08-25T00:18:06.009+0000] {processor.py:208} INFO - Processing /home/airflow/.local/lib/python3.12/site-packages/airflow/example_dags/example_complex.py took 0.206 seconds
[2024-08-25T00:18:37.201+0000] {processor.py:186} INFO - Started process (PID=1581) to work on /home/airflow/.local/lib/python3.12/site-packages/airflow/example_dags/example_complex.py
[2024-08-25T00:18:37.210+0000] {processor.py:914} INFO - Processing file /home/airflow/.local/lib/python3.12/site-packages/airflow/example_dags/example_complex.py for tasks to queue
[2024-08-25T00:18:37.218+0000] {logging_mixin.py:190} INFO - [2024-08-25T00:18:37.217+0000] {dagbag.py:587} INFO - Filling up the DagBag from /home/airflow/.local/lib/python3.12/site-packages/airflow/example_dags/example_complex.py
[2024-08-25T00:18:37.294+0000] {processor.py:925} INFO - DAG(s) 'example_complex' retrieved from /home/airflow/.local/lib/python3.12/site-packages/airflow/example_dags/example_complex.py
[2024-08-25T00:18:37.577+0000] {logging_mixin.py:190} INFO - [2024-08-25T00:18:37.576+0000] {dag.py:3211} INFO - Sync 1 DAGs
[2024-08-25T00:18:37.714+0000] {logging_mixin.py:190} INFO - [2024-08-25T00:18:37.713+0000] {dag.py:4138} INFO - Setting next_dagrun for example_complex to None, run_after=None
[2024-08-25T00:18:37.826+0000] {processor.py:208} INFO - Processing /home/airflow/.local/lib/python3.12/site-packages/airflow/example_dags/example_complex.py took 0.650 seconds
[2024-08-25T00:19:08.028+0000] {processor.py:186} INFO - Started process (PID=1644) to work on /home/airflow/.local/lib/python3.12/site-packages/airflow/example_dags/example_complex.py
[2024-08-25T00:19:08.031+0000] {processor.py:914} INFO - Processing file /home/airflow/.local/lib/python3.12/site-packages/airflow/example_dags/example_complex.py for tasks to queue
[2024-08-25T00:19:08.045+0000] {logging_mixin.py:190} INFO - [2024-08-25T00:19:08.044+0000] {dagbag.py:587} INFO - Filling up the DagBag from /home/airflow/.local/lib/python3.12/site-packages/airflow/example_dags/example_complex.py
[2024-08-25T00:19:08.124+0000] {processor.py:925} INFO - DAG(s) 'example_complex' retrieved from /home/airflow/.local/lib/python3.12/site-packages/airflow/example_dags/example_complex.py
[2024-08-25T00:19:08.453+0000] {logging_mixin.py:190} INFO - [2024-08-25T00:19:08.453+0000] {dag.py:3211} INFO - Sync 1 DAGs
[2024-08-25T00:19:08.540+0000] {logging_mixin.py:190} INFO - [2024-08-25T00:19:08.540+0000] {dag.py:4138} INFO - Setting next_dagrun for example_complex to None, run_after=None
[2024-08-25T00:19:08.655+0000] {processor.py:208} INFO - Processing /home/airflow/.local/lib/python3.12/site-packages/airflow/example_dags/example_complex.py took 0.684 seconds
[2024-08-25T00:19:39.021+0000] {processor.py:186} INFO - Started process (PID=1706) to work on /home/airflow/.local/lib/python3.12/site-packages/airflow/example_dags/example_complex.py
[2024-08-25T00:19:39.028+0000] {processor.py:914} INFO - Processing file /home/airflow/.local/lib/python3.12/site-packages/airflow/example_dags/example_complex.py for tasks to queue
[2024-08-25T00:19:39.038+0000] {logging_mixin.py:190} INFO - [2024-08-25T00:19:39.037+0000] {dagbag.py:587} INFO - Filling up the DagBag from /home/airflow/.local/lib/python3.12/site-packages/airflow/example_dags/example_complex.py
[2024-08-25T00:19:39.100+0000] {processor.py:925} INFO - DAG(s) 'example_complex' retrieved from /home/airflow/.local/lib/python3.12/site-packages/airflow/example_dags/example_complex.py
[2024-08-25T00:19:39.299+0000] {logging_mixin.py:190} INFO - [2024-08-25T00:19:39.298+0000] {dag.py:3211} INFO - Sync 1 DAGs
[2024-08-25T00:19:39.365+0000] {logging_mixin.py:190} INFO - [2024-08-25T00:19:39.365+0000] {dag.py:4138} INFO - Setting next_dagrun for example_complex to None, run_after=None
[2024-08-25T00:19:39.451+0000] {processor.py:208} INFO - Processing /home/airflow/.local/lib/python3.12/site-packages/airflow/example_dags/example_complex.py took 0.456 seconds
[2024-08-25T00:20:10.663+0000] {processor.py:186} INFO - Started process (PID=1770) to work on /home/airflow/.local/lib/python3.12/site-packages/airflow/example_dags/example_complex.py
[2024-08-25T00:20:10.676+0000] {processor.py:914} INFO - Processing file /home/airflow/.local/lib/python3.12/site-packages/airflow/example_dags/example_complex.py for tasks to queue
[2024-08-25T00:20:10.778+0000] {logging_mixin.py:190} INFO - [2024-08-25T00:20:10.771+0000] {dagbag.py:587} INFO - Filling up the DagBag from /home/airflow/.local/lib/python3.12/site-packages/airflow/example_dags/example_complex.py
[2024-08-25T00:20:10.912+0000] {processor.py:925} INFO - DAG(s) 'example_complex' retrieved from /home/airflow/.local/lib/python3.12/site-packages/airflow/example_dags/example_complex.py
[2024-08-25T00:20:11.143+0000] {logging_mixin.py:190} INFO - [2024-08-25T00:20:11.142+0000] {dag.py:3211} INFO - Sync 1 DAGs
[2024-08-25T00:20:11.195+0000] {logging_mixin.py:190} INFO - [2024-08-25T00:20:11.194+0000] {dag.py:4138} INFO - Setting next_dagrun for example_complex to None, run_after=None
[2024-08-25T00:20:11.249+0000] {processor.py:208} INFO - Processing /home/airflow/.local/lib/python3.12/site-packages/airflow/example_dags/example_complex.py took 0.622 seconds
[2024-08-25T00:20:41.534+0000] {processor.py:186} INFO - Started process (PID=1832) to work on /home/airflow/.local/lib/python3.12/site-packages/airflow/example_dags/example_complex.py
[2024-08-25T00:20:41.536+0000] {processor.py:914} INFO - Processing file /home/airflow/.local/lib/python3.12/site-packages/airflow/example_dags/example_complex.py for tasks to queue
[2024-08-25T00:20:41.552+0000] {logging_mixin.py:190} INFO - [2024-08-25T00:20:41.541+0000] {dagbag.py:587} INFO - Filling up the DagBag from /home/airflow/.local/lib/python3.12/site-packages/airflow/example_dags/example_complex.py
[2024-08-25T00:20:41.642+0000] {processor.py:925} INFO - DAG(s) 'example_complex' retrieved from /home/airflow/.local/lib/python3.12/site-packages/airflow/example_dags/example_complex.py
[2024-08-25T00:20:41.798+0000] {logging_mixin.py:190} INFO - [2024-08-25T00:20:41.797+0000] {dag.py:3211} INFO - Sync 1 DAGs
[2024-08-25T00:20:41.843+0000] {logging_mixin.py:190} INFO - [2024-08-25T00:20:41.842+0000] {dag.py:4138} INFO - Setting next_dagrun for example_complex to None, run_after=None
[2024-08-25T00:20:41.887+0000] {processor.py:208} INFO - Processing /home/airflow/.local/lib/python3.12/site-packages/airflow/example_dags/example_complex.py took 0.382 seconds
[2024-08-25T00:26:55.187+0000] {processor.py:186} INFO - Started process (PID=122) to work on /home/airflow/.local/lib/python3.12/site-packages/airflow/example_dags/example_complex.py
[2024-08-25T00:26:55.221+0000] {processor.py:914} INFO - Processing file /home/airflow/.local/lib/python3.12/site-packages/airflow/example_dags/example_complex.py for tasks to queue
[2024-08-25T00:26:55.256+0000] {logging_mixin.py:190} INFO - [2024-08-25T00:26:55.255+0000] {dagbag.py:587} INFO - Filling up the DagBag from /home/airflow/.local/lib/python3.12/site-packages/airflow/example_dags/example_complex.py
[2024-08-25T00:26:55.547+0000] {processor.py:925} INFO - DAG(s) 'example_complex' retrieved from /home/airflow/.local/lib/python3.12/site-packages/airflow/example_dags/example_complex.py
[2024-08-25T00:26:55.918+0000] {logging_mixin.py:190} INFO - [2024-08-25T00:26:55.917+0000] {dag.py:3211} INFO - Sync 1 DAGs
[2024-08-25T00:26:56.135+0000] {logging_mixin.py:190} INFO - [2024-08-25T00:26:56.135+0000] {dag.py:4138} INFO - Setting next_dagrun for example_complex to None, run_after=None
[2024-08-25T00:26:56.344+0000] {processor.py:208} INFO - Processing /home/airflow/.local/lib/python3.12/site-packages/airflow/example_dags/example_complex.py took 1.207 seconds
[2024-08-25T00:27:49.614+0000] {processor.py:186} INFO - Started process (PID=191) to work on /home/airflow/.local/lib/python3.12/site-packages/airflow/example_dags/example_complex.py
[2024-08-25T00:27:49.635+0000] {processor.py:914} INFO - Processing file /home/airflow/.local/lib/python3.12/site-packages/airflow/example_dags/example_complex.py for tasks to queue
[2024-08-25T00:27:49.659+0000] {logging_mixin.py:190} INFO - [2024-08-25T00:27:49.658+0000] {dagbag.py:587} INFO - Filling up the DagBag from /home/airflow/.local/lib/python3.12/site-packages/airflow/example_dags/example_complex.py
[2024-08-25T00:27:49.823+0000] {processor.py:925} INFO - DAG(s) 'example_complex' retrieved from /home/airflow/.local/lib/python3.12/site-packages/airflow/example_dags/example_complex.py
[2024-08-25T00:27:50.312+0000] {logging_mixin.py:190} INFO - [2024-08-25T00:27:50.307+0000] {dag.py:3211} INFO - Sync 1 DAGs
[2024-08-25T00:27:50.552+0000] {logging_mixin.py:190} INFO - [2024-08-25T00:27:50.551+0000] {dag.py:4138} INFO - Setting next_dagrun for example_complex to None, run_after=None
[2024-08-25T00:27:50.793+0000] {processor.py:208} INFO - Processing /home/airflow/.local/lib/python3.12/site-packages/airflow/example_dags/example_complex.py took 1.234 seconds
[2024-08-25T00:28:38.028+0000] {processor.py:186} INFO - Started process (PID=261) to work on /home/airflow/.local/lib/python3.12/site-packages/airflow/example_dags/example_complex.py
[2024-08-25T00:28:38.043+0000] {processor.py:914} INFO - Processing file /home/airflow/.local/lib/python3.12/site-packages/airflow/example_dags/example_complex.py for tasks to queue
[2024-08-25T00:28:38.078+0000] {logging_mixin.py:190} INFO - [2024-08-25T00:28:38.074+0000] {dagbag.py:587} INFO - Filling up the DagBag from /home/airflow/.local/lib/python3.12/site-packages/airflow/example_dags/example_complex.py
[2024-08-25T00:28:38.193+0000] {processor.py:925} INFO - DAG(s) 'example_complex' retrieved from /home/airflow/.local/lib/python3.12/site-packages/airflow/example_dags/example_complex.py
[2024-08-25T00:28:38.513+0000] {logging_mixin.py:190} INFO - [2024-08-25T00:28:38.512+0000] {dag.py:3211} INFO - Sync 1 DAGs
[2024-08-25T00:28:38.589+0000] {logging_mixin.py:190} INFO - [2024-08-25T00:28:38.589+0000] {dag.py:4138} INFO - Setting next_dagrun for example_complex to None, run_after=None
[2024-08-25T00:28:38.745+0000] {processor.py:208} INFO - Processing /home/airflow/.local/lib/python3.12/site-packages/airflow/example_dags/example_complex.py took 0.780 seconds
[2024-08-25T00:29:10.640+0000] {processor.py:186} INFO - Started process (PID=324) to work on /home/airflow/.local/lib/python3.12/site-packages/airflow/example_dags/example_complex.py
[2024-08-25T00:29:10.643+0000] {processor.py:914} INFO - Processing file /home/airflow/.local/lib/python3.12/site-packages/airflow/example_dags/example_complex.py for tasks to queue
[2024-08-25T00:29:10.653+0000] {logging_mixin.py:190} INFO - [2024-08-25T00:29:10.652+0000] {dagbag.py:587} INFO - Filling up the DagBag from /home/airflow/.local/lib/python3.12/site-packages/airflow/example_dags/example_complex.py
[2024-08-25T00:29:10.727+0000] {processor.py:925} INFO - DAG(s) 'example_complex' retrieved from /home/airflow/.local/lib/python3.12/site-packages/airflow/example_dags/example_complex.py
[2024-08-25T00:29:10.932+0000] {logging_mixin.py:190} INFO - [2024-08-25T00:29:10.931+0000] {dag.py:3211} INFO - Sync 1 DAGs
[2024-08-25T00:29:11.015+0000] {logging_mixin.py:190} INFO - [2024-08-25T00:29:11.014+0000] {dag.py:4138} INFO - Setting next_dagrun for example_complex to None, run_after=None
[2024-08-25T00:29:11.111+0000] {processor.py:208} INFO - Processing /home/airflow/.local/lib/python3.12/site-packages/airflow/example_dags/example_complex.py took 0.499 seconds
[2024-08-25T00:29:41.806+0000] {processor.py:186} INFO - Started process (PID=387) to work on /home/airflow/.local/lib/python3.12/site-packages/airflow/example_dags/example_complex.py
[2024-08-25T00:29:41.813+0000] {processor.py:914} INFO - Processing file /home/airflow/.local/lib/python3.12/site-packages/airflow/example_dags/example_complex.py for tasks to queue
[2024-08-25T00:29:41.825+0000] {logging_mixin.py:190} INFO - [2024-08-25T00:29:41.823+0000] {dagbag.py:587} INFO - Filling up the DagBag from /home/airflow/.local/lib/python3.12/site-packages/airflow/example_dags/example_complex.py
[2024-08-25T00:29:41.948+0000] {processor.py:925} INFO - DAG(s) 'example_complex' retrieved from /home/airflow/.local/lib/python3.12/site-packages/airflow/example_dags/example_complex.py
[2024-08-25T00:29:42.209+0000] {logging_mixin.py:190} INFO - [2024-08-25T00:29:42.209+0000] {dag.py:3211} INFO - Sync 1 DAGs
[2024-08-25T00:29:42.274+0000] {logging_mixin.py:190} INFO - [2024-08-25T00:29:42.273+0000] {dag.py:4138} INFO - Setting next_dagrun for example_complex to None, run_after=None
[2024-08-25T00:29:42.391+0000] {processor.py:208} INFO - Processing /home/airflow/.local/lib/python3.12/site-packages/airflow/example_dags/example_complex.py took 0.615 seconds
[2024-08-25T00:30:20.023+0000] {processor.py:186} INFO - Started process (PID=450) to work on /home/airflow/.local/lib/python3.12/site-packages/airflow/example_dags/example_complex.py
[2024-08-25T00:30:20.051+0000] {processor.py:914} INFO - Processing file /home/airflow/.local/lib/python3.12/site-packages/airflow/example_dags/example_complex.py for tasks to queue
[2024-08-25T00:30:20.070+0000] {logging_mixin.py:190} INFO - [2024-08-25T00:30:20.069+0000] {dagbag.py:587} INFO - Filling up the DagBag from /home/airflow/.local/lib/python3.12/site-packages/airflow/example_dags/example_complex.py
[2024-08-25T00:30:20.344+0000] {processor.py:925} INFO - DAG(s) 'example_complex' retrieved from /home/airflow/.local/lib/python3.12/site-packages/airflow/example_dags/example_complex.py
[2024-08-25T00:30:21.046+0000] {logging_mixin.py:190} INFO - [2024-08-25T00:30:20.986+0000] {dag.py:3211} INFO - Sync 1 DAGs
[2024-08-25T00:30:21.600+0000] {logging_mixin.py:190} INFO - [2024-08-25T00:30:21.599+0000] {dag.py:4138} INFO - Setting next_dagrun for example_complex to None, run_after=None
[2024-08-25T00:30:22.092+0000] {processor.py:208} INFO - Processing /home/airflow/.local/lib/python3.12/site-packages/airflow/example_dags/example_complex.py took 2.170 seconds
[2024-08-25T00:30:53.099+0000] {processor.py:186} INFO - Started process (PID=515) to work on /home/airflow/.local/lib/python3.12/site-packages/airflow/example_dags/example_complex.py
[2024-08-25T00:30:53.104+0000] {processor.py:914} INFO - Processing file /home/airflow/.local/lib/python3.12/site-packages/airflow/example_dags/example_complex.py for tasks to queue
[2024-08-25T00:30:53.116+0000] {logging_mixin.py:190} INFO - [2024-08-25T00:30:53.115+0000] {dagbag.py:587} INFO - Filling up the DagBag from /home/airflow/.local/lib/python3.12/site-packages/airflow/example_dags/example_complex.py
[2024-08-25T00:30:53.204+0000] {processor.py:925} INFO - DAG(s) 'example_complex' retrieved from /home/airflow/.local/lib/python3.12/site-packages/airflow/example_dags/example_complex.py
[2024-08-25T00:30:53.466+0000] {logging_mixin.py:190} INFO - [2024-08-25T00:30:53.465+0000] {dag.py:3211} INFO - Sync 1 DAGs
[2024-08-25T00:30:53.574+0000] {logging_mixin.py:190} INFO - [2024-08-25T00:30:53.574+0000] {dag.py:4138} INFO - Setting next_dagrun for example_complex to None, run_after=None
[2024-08-25T00:30:53.643+0000] {processor.py:208} INFO - Processing /home/airflow/.local/lib/python3.12/site-packages/airflow/example_dags/example_complex.py took 0.564 seconds
[2024-08-25T00:31:39.621+0000] {processor.py:186} INFO - Started process (PID=590) to work on /home/airflow/.local/lib/python3.12/site-packages/airflow/example_dags/example_complex.py
[2024-08-25T00:31:39.639+0000] {processor.py:914} INFO - Processing file /home/airflow/.local/lib/python3.12/site-packages/airflow/example_dags/example_complex.py for tasks to queue
[2024-08-25T00:31:39.665+0000] {logging_mixin.py:190} INFO - [2024-08-25T00:31:39.664+0000] {dagbag.py:587} INFO - Filling up the DagBag from /home/airflow/.local/lib/python3.12/site-packages/airflow/example_dags/example_complex.py
[2024-08-25T00:31:39.924+0000] {processor.py:925} INFO - DAG(s) 'example_complex' retrieved from /home/airflow/.local/lib/python3.12/site-packages/airflow/example_dags/example_complex.py
[2024-08-25T00:31:40.515+0000] {logging_mixin.py:190} INFO - [2024-08-25T00:31:40.515+0000] {dag.py:3211} INFO - Sync 1 DAGs
[2024-08-25T00:31:40.784+0000] {logging_mixin.py:190} INFO - [2024-08-25T00:31:40.783+0000] {dag.py:4138} INFO - Setting next_dagrun for example_complex to None, run_after=None
[2024-08-25T00:31:41.220+0000] {processor.py:208} INFO - Processing /home/airflow/.local/lib/python3.12/site-packages/airflow/example_dags/example_complex.py took 1.674 seconds
[2024-08-25T00:32:16.449+0000] {processor.py:186} INFO - Started process (PID=653) to work on /home/airflow/.local/lib/python3.12/site-packages/airflow/example_dags/example_complex.py
[2024-08-25T00:32:16.452+0000] {processor.py:914} INFO - Processing file /home/airflow/.local/lib/python3.12/site-packages/airflow/example_dags/example_complex.py for tasks to queue
[2024-08-25T00:32:16.464+0000] {logging_mixin.py:190} INFO - [2024-08-25T00:32:16.463+0000] {dagbag.py:587} INFO - Filling up the DagBag from /home/airflow/.local/lib/python3.12/site-packages/airflow/example_dags/example_complex.py
[2024-08-25T00:32:16.521+0000] {processor.py:925} INFO - DAG(s) 'example_complex' retrieved from /home/airflow/.local/lib/python3.12/site-packages/airflow/example_dags/example_complex.py
[2024-08-25T00:32:16.738+0000] {logging_mixin.py:190} INFO - [2024-08-25T00:32:16.737+0000] {dag.py:3211} INFO - Sync 1 DAGs
[2024-08-25T00:32:16.806+0000] {logging_mixin.py:190} INFO - [2024-08-25T00:32:16.806+0000] {dag.py:4138} INFO - Setting next_dagrun for example_complex to None, run_after=None
[2024-08-25T00:32:16.883+0000] {processor.py:208} INFO - Processing /home/airflow/.local/lib/python3.12/site-packages/airflow/example_dags/example_complex.py took 0.459 seconds
[2024-08-25T00:33:18.936+0000] {processor.py:186} INFO - Started process (PID=731) to work on /home/airflow/.local/lib/python3.12/site-packages/airflow/example_dags/example_complex.py
[2024-08-25T00:33:18.949+0000] {processor.py:914} INFO - Processing file /home/airflow/.local/lib/python3.12/site-packages/airflow/example_dags/example_complex.py for tasks to queue
[2024-08-25T00:33:18.969+0000] {logging_mixin.py:190} INFO - [2024-08-25T00:33:18.968+0000] {dagbag.py:587} INFO - Filling up the DagBag from /home/airflow/.local/lib/python3.12/site-packages/airflow/example_dags/example_complex.py
[2024-08-25T00:33:19.124+0000] {processor.py:925} INFO - DAG(s) 'example_complex' retrieved from /home/airflow/.local/lib/python3.12/site-packages/airflow/example_dags/example_complex.py
[2024-08-25T00:33:19.658+0000] {logging_mixin.py:190} INFO - [2024-08-25T00:33:19.657+0000] {dag.py:3211} INFO - Sync 1 DAGs
[2024-08-25T00:33:19.824+0000] {logging_mixin.py:190} INFO - [2024-08-25T00:33:19.823+0000] {dag.py:4138} INFO - Setting next_dagrun for example_complex to None, run_after=None
[2024-08-25T00:33:19.921+0000] {processor.py:208} INFO - Processing /home/airflow/.local/lib/python3.12/site-packages/airflow/example_dags/example_complex.py took 1.047 seconds
[2024-08-25T00:34:10.541+0000] {processor.py:186} INFO - Started process (PID=802) to work on /home/airflow/.local/lib/python3.12/site-packages/airflow/example_dags/example_complex.py
[2024-08-25T00:34:10.545+0000] {processor.py:914} INFO - Processing file /home/airflow/.local/lib/python3.12/site-packages/airflow/example_dags/example_complex.py for tasks to queue
[2024-08-25T00:34:10.554+0000] {logging_mixin.py:190} INFO - [2024-08-25T00:34:10.553+0000] {dagbag.py:587} INFO - Filling up the DagBag from /home/airflow/.local/lib/python3.12/site-packages/airflow/example_dags/example_complex.py
[2024-08-25T00:34:10.618+0000] {processor.py:925} INFO - DAG(s) 'example_complex' retrieved from /home/airflow/.local/lib/python3.12/site-packages/airflow/example_dags/example_complex.py
[2024-08-25T00:34:10.771+0000] {logging_mixin.py:190} INFO - [2024-08-25T00:34:10.770+0000] {dag.py:3211} INFO - Sync 1 DAGs
[2024-08-25T00:34:10.829+0000] {logging_mixin.py:190} INFO - [2024-08-25T00:34:10.828+0000] {dag.py:4138} INFO - Setting next_dagrun for example_complex to None, run_after=None
[2024-08-25T00:34:10.893+0000] {processor.py:208} INFO - Processing /home/airflow/.local/lib/python3.12/site-packages/airflow/example_dags/example_complex.py took 0.373 seconds
[2024-08-25T00:34:42.660+0000] {processor.py:186} INFO - Started process (PID=865) to work on /home/airflow/.local/lib/python3.12/site-packages/airflow/example_dags/example_complex.py
[2024-08-25T00:34:42.663+0000] {processor.py:914} INFO - Processing file /home/airflow/.local/lib/python3.12/site-packages/airflow/example_dags/example_complex.py for tasks to queue
[2024-08-25T00:34:42.675+0000] {logging_mixin.py:190} INFO - [2024-08-25T00:34:42.674+0000] {dagbag.py:587} INFO - Filling up the DagBag from /home/airflow/.local/lib/python3.12/site-packages/airflow/example_dags/example_complex.py
[2024-08-25T00:34:42.736+0000] {processor.py:925} INFO - DAG(s) 'example_complex' retrieved from /home/airflow/.local/lib/python3.12/site-packages/airflow/example_dags/example_complex.py
[2024-08-25T00:34:42.893+0000] {logging_mixin.py:190} INFO - [2024-08-25T00:34:42.893+0000] {dag.py:3211} INFO - Sync 1 DAGs
[2024-08-25T00:34:42.983+0000] {logging_mixin.py:190} INFO - [2024-08-25T00:34:42.982+0000] {dag.py:4138} INFO - Setting next_dagrun for example_complex to None, run_after=None
[2024-08-25T00:34:43.222+0000] {processor.py:208} INFO - Processing /home/airflow/.local/lib/python3.12/site-packages/airflow/example_dags/example_complex.py took 0.616 seconds
[2024-08-25T00:35:14.837+0000] {processor.py:186} INFO - Started process (PID=927) to work on /home/airflow/.local/lib/python3.12/site-packages/airflow/example_dags/example_complex.py
[2024-08-25T00:35:14.840+0000] {processor.py:914} INFO - Processing file /home/airflow/.local/lib/python3.12/site-packages/airflow/example_dags/example_complex.py for tasks to queue
[2024-08-25T00:35:14.847+0000] {logging_mixin.py:190} INFO - [2024-08-25T00:35:14.846+0000] {dagbag.py:587} INFO - Filling up the DagBag from /home/airflow/.local/lib/python3.12/site-packages/airflow/example_dags/example_complex.py
[2024-08-25T00:35:14.914+0000] {processor.py:925} INFO - DAG(s) 'example_complex' retrieved from /home/airflow/.local/lib/python3.12/site-packages/airflow/example_dags/example_complex.py
[2024-08-25T00:35:15.058+0000] {logging_mixin.py:190} INFO - [2024-08-25T00:35:15.057+0000] {dag.py:3211} INFO - Sync 1 DAGs
[2024-08-25T00:35:15.103+0000] {logging_mixin.py:190} INFO - [2024-08-25T00:35:15.102+0000] {dag.py:4138} INFO - Setting next_dagrun for example_complex to None, run_after=None
[2024-08-25T00:35:15.156+0000] {processor.py:208} INFO - Processing /home/airflow/.local/lib/python3.12/site-packages/airflow/example_dags/example_complex.py took 0.338 seconds
[2024-08-25T00:35:52.086+0000] {processor.py:186} INFO - Started process (PID=990) to work on /home/airflow/.local/lib/python3.12/site-packages/airflow/example_dags/example_complex.py
[2024-08-25T00:35:52.090+0000] {processor.py:914} INFO - Processing file /home/airflow/.local/lib/python3.12/site-packages/airflow/example_dags/example_complex.py for tasks to queue
[2024-08-25T00:35:52.102+0000] {logging_mixin.py:190} INFO - [2024-08-25T00:35:52.096+0000] {dagbag.py:587} INFO - Filling up the DagBag from /home/airflow/.local/lib/python3.12/site-packages/airflow/example_dags/example_complex.py
[2024-08-25T00:35:52.207+0000] {processor.py:925} INFO - DAG(s) 'example_complex' retrieved from /home/airflow/.local/lib/python3.12/site-packages/airflow/example_dags/example_complex.py
[2024-08-25T00:35:52.441+0000] {logging_mixin.py:190} INFO - [2024-08-25T00:35:52.440+0000] {dag.py:3211} INFO - Sync 1 DAGs
[2024-08-25T00:35:52.555+0000] {logging_mixin.py:190} INFO - [2024-08-25T00:35:52.554+0000] {dag.py:4138} INFO - Setting next_dagrun for example_complex to None, run_after=None
[2024-08-25T00:35:52.629+0000] {processor.py:208} INFO - Processing /home/airflow/.local/lib/python3.12/site-packages/airflow/example_dags/example_complex.py took 0.569 seconds
[2024-08-25T00:36:25.446+0000] {processor.py:186} INFO - Started process (PID=1053) to work on /home/airflow/.local/lib/python3.12/site-packages/airflow/example_dags/example_complex.py
[2024-08-25T00:36:25.471+0000] {processor.py:914} INFO - Processing file /home/airflow/.local/lib/python3.12/site-packages/airflow/example_dags/example_complex.py for tasks to queue
[2024-08-25T00:36:25.541+0000] {logging_mixin.py:190} INFO - [2024-08-25T00:36:25.527+0000] {dagbag.py:587} INFO - Filling up the DagBag from /home/airflow/.local/lib/python3.12/site-packages/airflow/example_dags/example_complex.py
[2024-08-25T00:36:25.854+0000] {processor.py:925} INFO - DAG(s) 'example_complex' retrieved from /home/airflow/.local/lib/python3.12/site-packages/airflow/example_dags/example_complex.py
[2024-08-25T00:36:26.223+0000] {logging_mixin.py:190} INFO - [2024-08-25T00:36:26.222+0000] {dag.py:3211} INFO - Sync 1 DAGs
[2024-08-25T00:36:26.293+0000] {logging_mixin.py:190} INFO - [2024-08-25T00:36:26.293+0000] {dag.py:4138} INFO - Setting next_dagrun for example_complex to None, run_after=None
[2024-08-25T00:36:26.378+0000] {processor.py:208} INFO - Processing /home/airflow/.local/lib/python3.12/site-packages/airflow/example_dags/example_complex.py took 0.986 seconds
[2024-08-25T00:36:57.195+0000] {processor.py:186} INFO - Started process (PID=1117) to work on /home/airflow/.local/lib/python3.12/site-packages/airflow/example_dags/example_complex.py
[2024-08-25T00:36:57.206+0000] {processor.py:914} INFO - Processing file /home/airflow/.local/lib/python3.12/site-packages/airflow/example_dags/example_complex.py for tasks to queue
[2024-08-25T00:36:57.211+0000] {logging_mixin.py:190} INFO - [2024-08-25T00:36:57.210+0000] {dagbag.py:587} INFO - Filling up the DagBag from /home/airflow/.local/lib/python3.12/site-packages/airflow/example_dags/example_complex.py
[2024-08-25T00:36:57.318+0000] {processor.py:925} INFO - DAG(s) 'example_complex' retrieved from /home/airflow/.local/lib/python3.12/site-packages/airflow/example_dags/example_complex.py
[2024-08-25T00:36:57.579+0000] {logging_mixin.py:190} INFO - [2024-08-25T00:36:57.578+0000] {dag.py:3211} INFO - Sync 1 DAGs
[2024-08-25T00:36:57.667+0000] {logging_mixin.py:190} INFO - [2024-08-25T00:36:57.666+0000] {dag.py:4138} INFO - Setting next_dagrun for example_complex to None, run_after=None
[2024-08-25T00:36:57.793+0000] {processor.py:208} INFO - Processing /home/airflow/.local/lib/python3.12/site-packages/airflow/example_dags/example_complex.py took 0.646 seconds
[2024-08-25T00:37:28.308+0000] {processor.py:186} INFO - Started process (PID=1178) to work on /home/airflow/.local/lib/python3.12/site-packages/airflow/example_dags/example_complex.py
[2024-08-25T00:37:28.312+0000] {processor.py:914} INFO - Processing file /home/airflow/.local/lib/python3.12/site-packages/airflow/example_dags/example_complex.py for tasks to queue
[2024-08-25T00:37:28.316+0000] {logging_mixin.py:190} INFO - [2024-08-25T00:37:28.315+0000] {dagbag.py:587} INFO - Filling up the DagBag from /home/airflow/.local/lib/python3.12/site-packages/airflow/example_dags/example_complex.py
[2024-08-25T00:37:28.380+0000] {processor.py:925} INFO - DAG(s) 'example_complex' retrieved from /home/airflow/.local/lib/python3.12/site-packages/airflow/example_dags/example_complex.py
[2024-08-25T00:37:28.492+0000] {logging_mixin.py:190} INFO - [2024-08-25T00:37:28.492+0000] {dag.py:3211} INFO - Sync 1 DAGs
[2024-08-25T00:37:28.533+0000] {logging_mixin.py:190} INFO - [2024-08-25T00:37:28.532+0000] {dag.py:4138} INFO - Setting next_dagrun for example_complex to None, run_after=None
[2024-08-25T00:37:28.575+0000] {processor.py:208} INFO - Processing /home/airflow/.local/lib/python3.12/site-packages/airflow/example_dags/example_complex.py took 0.292 seconds
[2024-08-25T00:37:58.892+0000] {processor.py:186} INFO - Started process (PID=1240) to work on /home/airflow/.local/lib/python3.12/site-packages/airflow/example_dags/example_complex.py
[2024-08-25T00:37:58.894+0000] {processor.py:914} INFO - Processing file /home/airflow/.local/lib/python3.12/site-packages/airflow/example_dags/example_complex.py for tasks to queue
[2024-08-25T00:37:58.899+0000] {logging_mixin.py:190} INFO - [2024-08-25T00:37:58.898+0000] {dagbag.py:587} INFO - Filling up the DagBag from /home/airflow/.local/lib/python3.12/site-packages/airflow/example_dags/example_complex.py
[2024-08-25T00:37:58.970+0000] {processor.py:925} INFO - DAG(s) 'example_complex' retrieved from /home/airflow/.local/lib/python3.12/site-packages/airflow/example_dags/example_complex.py
[2024-08-25T00:37:59.092+0000] {logging_mixin.py:190} INFO - [2024-08-25T00:37:59.092+0000] {dag.py:3211} INFO - Sync 1 DAGs
[2024-08-25T00:37:59.135+0000] {logging_mixin.py:190} INFO - [2024-08-25T00:37:59.135+0000] {dag.py:4138} INFO - Setting next_dagrun for example_complex to None, run_after=None
[2024-08-25T00:37:59.184+0000] {processor.py:208} INFO - Processing /home/airflow/.local/lib/python3.12/site-packages/airflow/example_dags/example_complex.py took 0.312 seconds
[2024-08-25T00:38:30.547+0000] {processor.py:186} INFO - Started process (PID=1302) to work on /home/airflow/.local/lib/python3.12/site-packages/airflow/example_dags/example_complex.py
[2024-08-25T00:38:30.560+0000] {processor.py:914} INFO - Processing file /home/airflow/.local/lib/python3.12/site-packages/airflow/example_dags/example_complex.py for tasks to queue
[2024-08-25T00:38:30.567+0000] {logging_mixin.py:190} INFO - [2024-08-25T00:38:30.565+0000] {dagbag.py:587} INFO - Filling up the DagBag from /home/airflow/.local/lib/python3.12/site-packages/airflow/example_dags/example_complex.py
[2024-08-25T00:38:30.875+0000] {processor.py:925} INFO - DAG(s) 'example_complex' retrieved from /home/airflow/.local/lib/python3.12/site-packages/airflow/example_dags/example_complex.py
[2024-08-25T00:38:31.413+0000] {logging_mixin.py:190} INFO - [2024-08-25T00:38:31.413+0000] {dag.py:3211} INFO - Sync 1 DAGs
[2024-08-25T00:38:31.602+0000] {logging_mixin.py:190} INFO - [2024-08-25T00:38:31.602+0000] {dag.py:4138} INFO - Setting next_dagrun for example_complex to None, run_after=None
[2024-08-25T00:38:31.686+0000] {processor.py:208} INFO - Processing /home/airflow/.local/lib/python3.12/site-packages/airflow/example_dags/example_complex.py took 1.195 seconds
[2024-08-25T00:39:02.684+0000] {processor.py:186} INFO - Started process (PID=1365) to work on /home/airflow/.local/lib/python3.12/site-packages/airflow/example_dags/example_complex.py
[2024-08-25T00:39:02.688+0000] {processor.py:914} INFO - Processing file /home/airflow/.local/lib/python3.12/site-packages/airflow/example_dags/example_complex.py for tasks to queue
[2024-08-25T00:39:02.692+0000] {logging_mixin.py:190} INFO - [2024-08-25T00:39:02.690+0000] {dagbag.py:587} INFO - Filling up the DagBag from /home/airflow/.local/lib/python3.12/site-packages/airflow/example_dags/example_complex.py
[2024-08-25T00:39:02.774+0000] {processor.py:925} INFO - DAG(s) 'example_complex' retrieved from /home/airflow/.local/lib/python3.12/site-packages/airflow/example_dags/example_complex.py
[2024-08-25T00:39:03.126+0000] {logging_mixin.py:190} INFO - [2024-08-25T00:39:03.126+0000] {dag.py:3211} INFO - Sync 1 DAGs
[2024-08-25T00:39:03.289+0000] {logging_mixin.py:190} INFO - [2024-08-25T00:39:03.288+0000] {dag.py:4138} INFO - Setting next_dagrun for example_complex to None, run_after=None
[2024-08-25T00:39:03.398+0000] {processor.py:208} INFO - Processing /home/airflow/.local/lib/python3.12/site-packages/airflow/example_dags/example_complex.py took 0.735 seconds
[2024-08-25T00:39:33.664+0000] {processor.py:186} INFO - Started process (PID=1428) to work on /home/airflow/.local/lib/python3.12/site-packages/airflow/example_dags/example_complex.py
[2024-08-25T00:39:33.666+0000] {processor.py:914} INFO - Processing file /home/airflow/.local/lib/python3.12/site-packages/airflow/example_dags/example_complex.py for tasks to queue
[2024-08-25T00:39:33.669+0000] {logging_mixin.py:190} INFO - [2024-08-25T00:39:33.668+0000] {dagbag.py:587} INFO - Filling up the DagBag from /home/airflow/.local/lib/python3.12/site-packages/airflow/example_dags/example_complex.py
[2024-08-25T00:39:33.701+0000] {processor.py:925} INFO - DAG(s) 'example_complex' retrieved from /home/airflow/.local/lib/python3.12/site-packages/airflow/example_dags/example_complex.py
[2024-08-25T00:39:33.777+0000] {logging_mixin.py:190} INFO - [2024-08-25T00:39:33.776+0000] {dag.py:3211} INFO - Sync 1 DAGs
[2024-08-25T00:39:33.808+0000] {logging_mixin.py:190} INFO - [2024-08-25T00:39:33.808+0000] {dag.py:4138} INFO - Setting next_dagrun for example_complex to None, run_after=None
[2024-08-25T00:39:33.845+0000] {processor.py:208} INFO - Processing /home/airflow/.local/lib/python3.12/site-packages/airflow/example_dags/example_complex.py took 0.194 seconds
[2024-08-25T00:40:04.891+0000] {processor.py:186} INFO - Started process (PID=1490) to work on /home/airflow/.local/lib/python3.12/site-packages/airflow/example_dags/example_complex.py
[2024-08-25T00:40:04.905+0000] {processor.py:914} INFO - Processing file /home/airflow/.local/lib/python3.12/site-packages/airflow/example_dags/example_complex.py for tasks to queue
[2024-08-25T00:40:04.990+0000] {logging_mixin.py:190} INFO - [2024-08-25T00:40:04.989+0000] {dagbag.py:587} INFO - Filling up the DagBag from /home/airflow/.local/lib/python3.12/site-packages/airflow/example_dags/example_complex.py
[2024-08-25T00:40:05.114+0000] {processor.py:925} INFO - DAG(s) 'example_complex' retrieved from /home/airflow/.local/lib/python3.12/site-packages/airflow/example_dags/example_complex.py
[2024-08-25T00:40:05.409+0000] {logging_mixin.py:190} INFO - [2024-08-25T00:40:05.408+0000] {dag.py:3211} INFO - Sync 1 DAGs
[2024-08-25T00:40:05.553+0000] {logging_mixin.py:190} INFO - [2024-08-25T00:40:05.553+0000] {dag.py:4138} INFO - Setting next_dagrun for example_complex to None, run_after=None
[2024-08-25T00:40:05.779+0000] {processor.py:208} INFO - Processing /home/airflow/.local/lib/python3.12/site-packages/airflow/example_dags/example_complex.py took 0.929 seconds
[2024-08-25T00:40:36.393+0000] {processor.py:186} INFO - Started process (PID=1552) to work on /home/airflow/.local/lib/python3.12/site-packages/airflow/example_dags/example_complex.py
[2024-08-25T00:40:36.398+0000] {processor.py:914} INFO - Processing file /home/airflow/.local/lib/python3.12/site-packages/airflow/example_dags/example_complex.py for tasks to queue
[2024-08-25T00:40:36.407+0000] {logging_mixin.py:190} INFO - [2024-08-25T00:40:36.406+0000] {dagbag.py:587} INFO - Filling up the DagBag from /home/airflow/.local/lib/python3.12/site-packages/airflow/example_dags/example_complex.py
[2024-08-25T00:40:36.472+0000] {processor.py:925} INFO - DAG(s) 'example_complex' retrieved from /home/airflow/.local/lib/python3.12/site-packages/airflow/example_dags/example_complex.py
[2024-08-25T00:40:36.629+0000] {logging_mixin.py:190} INFO - [2024-08-25T00:40:36.628+0000] {dag.py:3211} INFO - Sync 1 DAGs
[2024-08-25T00:40:36.708+0000] {logging_mixin.py:190} INFO - [2024-08-25T00:40:36.707+0000] {dag.py:4138} INFO - Setting next_dagrun for example_complex to None, run_after=None
[2024-08-25T00:40:36.798+0000] {processor.py:208} INFO - Processing /home/airflow/.local/lib/python3.12/site-packages/airflow/example_dags/example_complex.py took 0.450 seconds
[2024-08-25T00:41:10.116+0000] {processor.py:186} INFO - Started process (PID=1620) to work on /home/airflow/.local/lib/python3.12/site-packages/airflow/example_dags/example_complex.py
[2024-08-25T00:41:10.123+0000] {processor.py:914} INFO - Processing file /home/airflow/.local/lib/python3.12/site-packages/airflow/example_dags/example_complex.py for tasks to queue
[2024-08-25T00:41:10.132+0000] {logging_mixin.py:190} INFO - [2024-08-25T00:41:10.131+0000] {dagbag.py:587} INFO - Filling up the DagBag from /home/airflow/.local/lib/python3.12/site-packages/airflow/example_dags/example_complex.py
[2024-08-25T00:41:10.330+0000] {processor.py:925} INFO - DAG(s) 'example_complex' retrieved from /home/airflow/.local/lib/python3.12/site-packages/airflow/example_dags/example_complex.py
[2024-08-25T00:41:10.645+0000] {logging_mixin.py:190} INFO - [2024-08-25T00:41:10.644+0000] {dag.py:3211} INFO - Sync 1 DAGs
[2024-08-25T00:41:10.760+0000] {logging_mixin.py:190} INFO - [2024-08-25T00:41:10.759+0000] {dag.py:4138} INFO - Setting next_dagrun for example_complex to None, run_after=None
[2024-08-25T00:41:11.088+0000] {processor.py:208} INFO - Processing /home/airflow/.local/lib/python3.12/site-packages/airflow/example_dags/example_complex.py took 1.015 seconds
[2024-08-25T00:41:41.442+0000] {processor.py:186} INFO - Started process (PID=1683) to work on /home/airflow/.local/lib/python3.12/site-packages/airflow/example_dags/example_complex.py
[2024-08-25T00:41:41.444+0000] {processor.py:914} INFO - Processing file /home/airflow/.local/lib/python3.12/site-packages/airflow/example_dags/example_complex.py for tasks to queue
[2024-08-25T00:41:41.448+0000] {logging_mixin.py:190} INFO - [2024-08-25T00:41:41.447+0000] {dagbag.py:587} INFO - Filling up the DagBag from /home/airflow/.local/lib/python3.12/site-packages/airflow/example_dags/example_complex.py
[2024-08-25T00:41:41.488+0000] {processor.py:925} INFO - DAG(s) 'example_complex' retrieved from /home/airflow/.local/lib/python3.12/site-packages/airflow/example_dags/example_complex.py
[2024-08-25T00:41:41.577+0000] {logging_mixin.py:190} INFO - [2024-08-25T00:41:41.577+0000] {dag.py:3211} INFO - Sync 1 DAGs
[2024-08-25T00:41:41.618+0000] {logging_mixin.py:190} INFO - [2024-08-25T00:41:41.618+0000] {dag.py:4138} INFO - Setting next_dagrun for example_complex to None, run_after=None
[2024-08-25T00:41:41.656+0000] {processor.py:208} INFO - Processing /home/airflow/.local/lib/python3.12/site-packages/airflow/example_dags/example_complex.py took 0.231 seconds
