[2024-08-25T00:00:29.102+0000] {processor.py:186} INFO - Started process (PID=38566) to work on /home/airflow/.local/lib/python3.12/site-packages/airflow/example_dags/example_setup_teardown.py
[2024-08-25T00:00:29.106+0000] {processor.py:914} INFO - Processing file /home/airflow/.local/lib/python3.12/site-packages/airflow/example_dags/example_setup_teardown.py for tasks to queue
[2024-08-25T00:00:29.111+0000] {logging_mixin.py:190} INFO - [2024-08-25T00:00:29.111+0000] {dagbag.py:587} INFO - Filling up the DagBag from /home/airflow/.local/lib/python3.12/site-packages/airflow/example_dags/example_setup_teardown.py
[2024-08-25T00:00:29.133+0000] {processor.py:925} INFO - DAG(s) 'example_setup_teardown' retrieved from /home/airflow/.local/lib/python3.12/site-packages/airflow/example_dags/example_setup_teardown.py
[2024-08-25T00:00:29.181+0000] {logging_mixin.py:190} INFO - [2024-08-25T00:00:29.181+0000] {dag.py:3211} INFO - Sync 1 DAGs
[2024-08-25T00:00:29.247+0000] {logging_mixin.py:190} INFO - [2024-08-25T00:00:29.247+0000] {dag.py:4138} INFO - Setting next_dagrun for example_setup_teardown to 2024-08-24 00:00:00+00:00, run_after=2024-08-25 00:00:00+00:00
[2024-08-25T00:00:29.294+0000] {processor.py:208} INFO - Processing /home/airflow/.local/lib/python3.12/site-packages/airflow/example_dags/example_setup_teardown.py took 0.205 seconds
[2024-08-25T00:05:48.420+0000] {processor.py:186} INFO - Started process (PID=83) to work on /home/airflow/.local/lib/python3.12/site-packages/airflow/example_dags/example_setup_teardown.py
[2024-08-25T00:05:48.436+0000] {processor.py:914} INFO - Processing file /home/airflow/.local/lib/python3.12/site-packages/airflow/example_dags/example_setup_teardown.py for tasks to queue
[2024-08-25T00:05:48.453+0000] {logging_mixin.py:190} INFO - [2024-08-25T00:05:48.452+0000] {dagbag.py:587} INFO - Filling up the DagBag from /home/airflow/.local/lib/python3.12/site-packages/airflow/example_dags/example_setup_teardown.py
[2024-08-25T00:05:48.556+0000] {processor.py:925} INFO - DAG(s) 'example_setup_teardown' retrieved from /home/airflow/.local/lib/python3.12/site-packages/airflow/example_dags/example_setup_teardown.py
[2024-08-25T00:05:48.732+0000] {logging_mixin.py:190} INFO - [2024-08-25T00:05:48.731+0000] {dag.py:3211} INFO - Sync 1 DAGs
[2024-08-25T00:05:49.002+0000] {logging_mixin.py:190} INFO - [2024-08-25T00:05:49.001+0000] {dag.py:4138} INFO - Setting next_dagrun for example_setup_teardown to 2024-08-24 00:00:00+00:00, run_after=2024-08-25 00:00:00+00:00
[2024-08-25T00:05:49.273+0000] {processor.py:208} INFO - Processing /home/airflow/.local/lib/python3.12/site-packages/airflow/example_dags/example_setup_teardown.py took 0.928 seconds
[2024-08-25T00:06:20.916+0000] {processor.py:186} INFO - Started process (PID=145) to work on /home/airflow/.local/lib/python3.12/site-packages/airflow/example_dags/example_setup_teardown.py
[2024-08-25T00:06:20.932+0000] {processor.py:914} INFO - Processing file /home/airflow/.local/lib/python3.12/site-packages/airflow/example_dags/example_setup_teardown.py for tasks to queue
[2024-08-25T00:06:20.972+0000] {logging_mixin.py:190} INFO - [2024-08-25T00:06:20.971+0000] {dagbag.py:587} INFO - Filling up the DagBag from /home/airflow/.local/lib/python3.12/site-packages/airflow/example_dags/example_setup_teardown.py
[2024-08-25T00:06:21.103+0000] {processor.py:925} INFO - DAG(s) 'example_setup_teardown' retrieved from /home/airflow/.local/lib/python3.12/site-packages/airflow/example_dags/example_setup_teardown.py
[2024-08-25T00:06:21.347+0000] {logging_mixin.py:190} INFO - [2024-08-25T00:06:21.347+0000] {dag.py:3211} INFO - Sync 1 DAGs
[2024-08-25T00:06:21.543+0000] {logging_mixin.py:190} INFO - [2024-08-25T00:06:21.542+0000] {dag.py:4138} INFO - Setting next_dagrun for example_setup_teardown to 2024-08-24 00:00:00+00:00, run_after=2024-08-25 00:00:00+00:00
[2024-08-25T00:06:21.875+0000] {processor.py:208} INFO - Processing /home/airflow/.local/lib/python3.12/site-packages/airflow/example_dags/example_setup_teardown.py took 1.033 seconds
[2024-08-25T00:07:15.365+0000] {processor.py:186} INFO - Started process (PID=214) to work on /home/airflow/.local/lib/python3.12/site-packages/airflow/example_dags/example_setup_teardown.py
[2024-08-25T00:07:15.369+0000] {processor.py:914} INFO - Processing file /home/airflow/.local/lib/python3.12/site-packages/airflow/example_dags/example_setup_teardown.py for tasks to queue
[2024-08-25T00:07:15.397+0000] {logging_mixin.py:190} INFO - [2024-08-25T00:07:15.388+0000] {dagbag.py:587} INFO - Filling up the DagBag from /home/airflow/.local/lib/python3.12/site-packages/airflow/example_dags/example_setup_teardown.py
[2024-08-25T00:07:15.472+0000] {processor.py:925} INFO - DAG(s) 'example_setup_teardown' retrieved from /home/airflow/.local/lib/python3.12/site-packages/airflow/example_dags/example_setup_teardown.py
[2024-08-25T00:07:15.641+0000] {logging_mixin.py:190} INFO - [2024-08-25T00:07:15.640+0000] {dag.py:3211} INFO - Sync 1 DAGs
[2024-08-25T00:07:15.822+0000] {logging_mixin.py:190} INFO - [2024-08-25T00:07:15.818+0000] {dag.py:4138} INFO - Setting next_dagrun for example_setup_teardown to 2024-08-24 00:00:00+00:00, run_after=2024-08-25 00:00:00+00:00
[2024-08-25T00:07:15.989+0000] {processor.py:208} INFO - Processing /home/airflow/.local/lib/python3.12/site-packages/airflow/example_dags/example_setup_teardown.py took 0.700 seconds
[2024-08-25T00:07:48.468+0000] {processor.py:186} INFO - Started process (PID=276) to work on /home/airflow/.local/lib/python3.12/site-packages/airflow/example_dags/example_setup_teardown.py
[2024-08-25T00:07:48.480+0000] {processor.py:914} INFO - Processing file /home/airflow/.local/lib/python3.12/site-packages/airflow/example_dags/example_setup_teardown.py for tasks to queue
[2024-08-25T00:07:48.498+0000] {logging_mixin.py:190} INFO - [2024-08-25T00:07:48.495+0000] {dagbag.py:587} INFO - Filling up the DagBag from /home/airflow/.local/lib/python3.12/site-packages/airflow/example_dags/example_setup_teardown.py
[2024-08-25T00:07:48.589+0000] {processor.py:925} INFO - DAG(s) 'example_setup_teardown' retrieved from /home/airflow/.local/lib/python3.12/site-packages/airflow/example_dags/example_setup_teardown.py
[2024-08-25T00:07:48.764+0000] {logging_mixin.py:190} INFO - [2024-08-25T00:07:48.763+0000] {dag.py:3211} INFO - Sync 1 DAGs
[2024-08-25T00:07:48.983+0000] {logging_mixin.py:190} INFO - [2024-08-25T00:07:48.982+0000] {dag.py:4138} INFO - Setting next_dagrun for example_setup_teardown to 2024-08-24 00:00:00+00:00, run_after=2024-08-25 00:00:00+00:00
[2024-08-25T00:07:49.115+0000] {processor.py:208} INFO - Processing /home/airflow/.local/lib/python3.12/site-packages/airflow/example_dags/example_setup_teardown.py took 0.706 seconds
[2024-08-25T00:08:19.743+0000] {processor.py:186} INFO - Started process (PID=339) to work on /home/airflow/.local/lib/python3.12/site-packages/airflow/example_dags/example_setup_teardown.py
[2024-08-25T00:08:19.745+0000] {processor.py:914} INFO - Processing file /home/airflow/.local/lib/python3.12/site-packages/airflow/example_dags/example_setup_teardown.py for tasks to queue
[2024-08-25T00:08:19.760+0000] {logging_mixin.py:190} INFO - [2024-08-25T00:08:19.754+0000] {dagbag.py:587} INFO - Filling up the DagBag from /home/airflow/.local/lib/python3.12/site-packages/airflow/example_dags/example_setup_teardown.py
[2024-08-25T00:08:19.790+0000] {processor.py:925} INFO - DAG(s) 'example_setup_teardown' retrieved from /home/airflow/.local/lib/python3.12/site-packages/airflow/example_dags/example_setup_teardown.py
[2024-08-25T00:08:19.890+0000] {logging_mixin.py:190} INFO - [2024-08-25T00:08:19.886+0000] {dag.py:3211} INFO - Sync 1 DAGs
[2024-08-25T00:08:20.058+0000] {logging_mixin.py:190} INFO - [2024-08-25T00:08:20.057+0000] {dag.py:4138} INFO - Setting next_dagrun for example_setup_teardown to 2024-08-24 00:00:00+00:00, run_after=2024-08-25 00:00:00+00:00
[2024-08-25T00:08:20.150+0000] {processor.py:208} INFO - Processing /home/airflow/.local/lib/python3.12/site-packages/airflow/example_dags/example_setup_teardown.py took 0.429 seconds
[2024-08-25T00:08:50.720+0000] {processor.py:186} INFO - Started process (PID=402) to work on /home/airflow/.local/lib/python3.12/site-packages/airflow/example_dags/example_setup_teardown.py
[2024-08-25T00:08:50.722+0000] {processor.py:914} INFO - Processing file /home/airflow/.local/lib/python3.12/site-packages/airflow/example_dags/example_setup_teardown.py for tasks to queue
[2024-08-25T00:08:50.727+0000] {logging_mixin.py:190} INFO - [2024-08-25T00:08:50.726+0000] {dagbag.py:587} INFO - Filling up the DagBag from /home/airflow/.local/lib/python3.12/site-packages/airflow/example_dags/example_setup_teardown.py
[2024-08-25T00:08:50.753+0000] {processor.py:925} INFO - DAG(s) 'example_setup_teardown' retrieved from /home/airflow/.local/lib/python3.12/site-packages/airflow/example_dags/example_setup_teardown.py
[2024-08-25T00:08:50.804+0000] {logging_mixin.py:190} INFO - [2024-08-25T00:08:50.804+0000] {dag.py:3211} INFO - Sync 1 DAGs
[2024-08-25T00:08:50.871+0000] {logging_mixin.py:190} INFO - [2024-08-25T00:08:50.870+0000] {dag.py:4138} INFO - Setting next_dagrun for example_setup_teardown to 2024-08-24 00:00:00+00:00, run_after=2024-08-25 00:00:00+00:00
[2024-08-25T00:08:50.910+0000] {processor.py:208} INFO - Processing /home/airflow/.local/lib/python3.12/site-packages/airflow/example_dags/example_setup_teardown.py took 0.205 seconds
[2024-08-25T00:09:21.773+0000] {processor.py:186} INFO - Started process (PID=465) to work on /home/airflow/.local/lib/python3.12/site-packages/airflow/example_dags/example_setup_teardown.py
[2024-08-25T00:09:21.776+0000] {processor.py:914} INFO - Processing file /home/airflow/.local/lib/python3.12/site-packages/airflow/example_dags/example_setup_teardown.py for tasks to queue
[2024-08-25T00:09:21.797+0000] {logging_mixin.py:190} INFO - [2024-08-25T00:09:21.796+0000] {dagbag.py:587} INFO - Filling up the DagBag from /home/airflow/.local/lib/python3.12/site-packages/airflow/example_dags/example_setup_teardown.py
[2024-08-25T00:09:21.879+0000] {processor.py:925} INFO - DAG(s) 'example_setup_teardown' retrieved from /home/airflow/.local/lib/python3.12/site-packages/airflow/example_dags/example_setup_teardown.py
[2024-08-25T00:09:22.051+0000] {logging_mixin.py:190} INFO - [2024-08-25T00:09:22.050+0000] {dag.py:3211} INFO - Sync 1 DAGs
[2024-08-25T00:09:22.217+0000] {logging_mixin.py:190} INFO - [2024-08-25T00:09:22.216+0000] {dag.py:4138} INFO - Setting next_dagrun for example_setup_teardown to 2024-08-24 00:00:00+00:00, run_after=2024-08-25 00:00:00+00:00
[2024-08-25T00:09:22.314+0000] {processor.py:208} INFO - Processing /home/airflow/.local/lib/python3.12/site-packages/airflow/example_dags/example_setup_teardown.py took 0.592 seconds
[2024-08-25T00:09:52.482+0000] {processor.py:186} INFO - Started process (PID=528) to work on /home/airflow/.local/lib/python3.12/site-packages/airflow/example_dags/example_setup_teardown.py
[2024-08-25T00:09:52.483+0000] {processor.py:914} INFO - Processing file /home/airflow/.local/lib/python3.12/site-packages/airflow/example_dags/example_setup_teardown.py for tasks to queue
[2024-08-25T00:09:52.488+0000] {logging_mixin.py:190} INFO - [2024-08-25T00:09:52.488+0000] {dagbag.py:587} INFO - Filling up the DagBag from /home/airflow/.local/lib/python3.12/site-packages/airflow/example_dags/example_setup_teardown.py
[2024-08-25T00:09:52.512+0000] {processor.py:925} INFO - DAG(s) 'example_setup_teardown' retrieved from /home/airflow/.local/lib/python3.12/site-packages/airflow/example_dags/example_setup_teardown.py
[2024-08-25T00:09:52.554+0000] {logging_mixin.py:190} INFO - [2024-08-25T00:09:52.553+0000] {dag.py:3211} INFO - Sync 1 DAGs
[2024-08-25T00:09:52.602+0000] {logging_mixin.py:190} INFO - [2024-08-25T00:09:52.602+0000] {dag.py:4138} INFO - Setting next_dagrun for example_setup_teardown to 2024-08-24 00:00:00+00:00, run_after=2024-08-25 00:00:00+00:00
[2024-08-25T00:09:52.639+0000] {processor.py:208} INFO - Processing /home/airflow/.local/lib/python3.12/site-packages/airflow/example_dags/example_setup_teardown.py took 0.170 seconds
[2024-08-25T00:10:23.945+0000] {processor.py:186} INFO - Started process (PID=591) to work on /home/airflow/.local/lib/python3.12/site-packages/airflow/example_dags/example_setup_teardown.py
[2024-08-25T00:10:23.976+0000] {processor.py:914} INFO - Processing file /home/airflow/.local/lib/python3.12/site-packages/airflow/example_dags/example_setup_teardown.py for tasks to queue
[2024-08-25T00:10:23.994+0000] {logging_mixin.py:190} INFO - [2024-08-25T00:10:23.992+0000] {dagbag.py:587} INFO - Filling up the DagBag from /home/airflow/.local/lib/python3.12/site-packages/airflow/example_dags/example_setup_teardown.py
[2024-08-25T00:10:24.066+0000] {processor.py:925} INFO - DAG(s) 'example_setup_teardown' retrieved from /home/airflow/.local/lib/python3.12/site-packages/airflow/example_dags/example_setup_teardown.py
[2024-08-25T00:10:24.263+0000] {logging_mixin.py:190} INFO - [2024-08-25T00:10:24.262+0000] {dag.py:3211} INFO - Sync 1 DAGs
[2024-08-25T00:10:24.485+0000] {logging_mixin.py:190} INFO - [2024-08-25T00:10:24.485+0000] {dag.py:4138} INFO - Setting next_dagrun for example_setup_teardown to 2024-08-24 00:00:00+00:00, run_after=2024-08-25 00:00:00+00:00
[2024-08-25T00:10:24.625+0000] {processor.py:208} INFO - Processing /home/airflow/.local/lib/python3.12/site-packages/airflow/example_dags/example_setup_teardown.py took 0.761 seconds
[2024-08-25T00:10:55.337+0000] {processor.py:186} INFO - Started process (PID=654) to work on /home/airflow/.local/lib/python3.12/site-packages/airflow/example_dags/example_setup_teardown.py
[2024-08-25T00:10:55.341+0000] {processor.py:914} INFO - Processing file /home/airflow/.local/lib/python3.12/site-packages/airflow/example_dags/example_setup_teardown.py for tasks to queue
[2024-08-25T00:10:55.368+0000] {logging_mixin.py:190} INFO - [2024-08-25T00:10:55.367+0000] {dagbag.py:587} INFO - Filling up the DagBag from /home/airflow/.local/lib/python3.12/site-packages/airflow/example_dags/example_setup_teardown.py
[2024-08-25T00:10:55.487+0000] {processor.py:925} INFO - DAG(s) 'example_setup_teardown' retrieved from /home/airflow/.local/lib/python3.12/site-packages/airflow/example_dags/example_setup_teardown.py
[2024-08-25T00:10:55.715+0000] {logging_mixin.py:190} INFO - [2024-08-25T00:10:55.714+0000] {dag.py:3211} INFO - Sync 1 DAGs
[2024-08-25T00:10:55.953+0000] {logging_mixin.py:190} INFO - [2024-08-25T00:10:55.952+0000] {dag.py:4138} INFO - Setting next_dagrun for example_setup_teardown to 2024-08-24 00:00:00+00:00, run_after=2024-08-25 00:00:00+00:00
[2024-08-25T00:10:56.020+0000] {processor.py:208} INFO - Processing /home/airflow/.local/lib/python3.12/site-packages/airflow/example_dags/example_setup_teardown.py took 0.721 seconds
[2024-08-25T00:11:26.542+0000] {processor.py:186} INFO - Started process (PID=716) to work on /home/airflow/.local/lib/python3.12/site-packages/airflow/example_dags/example_setup_teardown.py
[2024-08-25T00:11:26.545+0000] {processor.py:914} INFO - Processing file /home/airflow/.local/lib/python3.12/site-packages/airflow/example_dags/example_setup_teardown.py for tasks to queue
[2024-08-25T00:11:26.552+0000] {logging_mixin.py:190} INFO - [2024-08-25T00:11:26.551+0000] {dagbag.py:587} INFO - Filling up the DagBag from /home/airflow/.local/lib/python3.12/site-packages/airflow/example_dags/example_setup_teardown.py
[2024-08-25T00:11:26.597+0000] {processor.py:925} INFO - DAG(s) 'example_setup_teardown' retrieved from /home/airflow/.local/lib/python3.12/site-packages/airflow/example_dags/example_setup_teardown.py
[2024-08-25T00:11:26.665+0000] {logging_mixin.py:190} INFO - [2024-08-25T00:11:26.664+0000] {dag.py:3211} INFO - Sync 1 DAGs
[2024-08-25T00:11:26.880+0000] {logging_mixin.py:190} INFO - [2024-08-25T00:11:26.879+0000] {dag.py:4138} INFO - Setting next_dagrun for example_setup_teardown to 2024-08-24 00:00:00+00:00, run_after=2024-08-25 00:00:00+00:00
[2024-08-25T00:11:27.073+0000] {processor.py:208} INFO - Processing /home/airflow/.local/lib/python3.12/site-packages/airflow/example_dags/example_setup_teardown.py took 0.558 seconds
[2024-08-25T00:12:02.367+0000] {processor.py:186} INFO - Started process (PID=782) to work on /home/airflow/.local/lib/python3.12/site-packages/airflow/example_dags/example_setup_teardown.py
[2024-08-25T00:12:02.375+0000] {processor.py:914} INFO - Processing file /home/airflow/.local/lib/python3.12/site-packages/airflow/example_dags/example_setup_teardown.py for tasks to queue
[2024-08-25T00:12:02.393+0000] {logging_mixin.py:190} INFO - [2024-08-25T00:12:02.392+0000] {dagbag.py:587} INFO - Filling up the DagBag from /home/airflow/.local/lib/python3.12/site-packages/airflow/example_dags/example_setup_teardown.py
[2024-08-25T00:12:02.462+0000] {processor.py:925} INFO - DAG(s) 'example_setup_teardown' retrieved from /home/airflow/.local/lib/python3.12/site-packages/airflow/example_dags/example_setup_teardown.py
[2024-08-25T00:12:02.611+0000] {logging_mixin.py:190} INFO - [2024-08-25T00:12:02.610+0000] {dag.py:3211} INFO - Sync 1 DAGs
[2024-08-25T00:12:02.733+0000] {logging_mixin.py:190} INFO - [2024-08-25T00:12:02.732+0000] {dag.py:4138} INFO - Setting next_dagrun for example_setup_teardown to 2024-08-24 00:00:00+00:00, run_after=2024-08-25 00:00:00+00:00
[2024-08-25T00:12:02.781+0000] {processor.py:208} INFO - Processing /home/airflow/.local/lib/python3.12/site-packages/airflow/example_dags/example_setup_teardown.py took 0.461 seconds
[2024-08-25T00:12:32.992+0000] {processor.py:186} INFO - Started process (PID=845) to work on /home/airflow/.local/lib/python3.12/site-packages/airflow/example_dags/example_setup_teardown.py
[2024-08-25T00:12:32.994+0000] {processor.py:914} INFO - Processing file /home/airflow/.local/lib/python3.12/site-packages/airflow/example_dags/example_setup_teardown.py for tasks to queue
[2024-08-25T00:12:32.999+0000] {logging_mixin.py:190} INFO - [2024-08-25T00:12:32.999+0000] {dagbag.py:587} INFO - Filling up the DagBag from /home/airflow/.local/lib/python3.12/site-packages/airflow/example_dags/example_setup_teardown.py
[2024-08-25T00:12:33.027+0000] {processor.py:925} INFO - DAG(s) 'example_setup_teardown' retrieved from /home/airflow/.local/lib/python3.12/site-packages/airflow/example_dags/example_setup_teardown.py
[2024-08-25T00:12:33.078+0000] {logging_mixin.py:190} INFO - [2024-08-25T00:12:33.078+0000] {dag.py:3211} INFO - Sync 1 DAGs
[2024-08-25T00:12:33.151+0000] {logging_mixin.py:190} INFO - [2024-08-25T00:12:33.150+0000] {dag.py:4138} INFO - Setting next_dagrun for example_setup_teardown to 2024-08-24 00:00:00+00:00, run_after=2024-08-25 00:00:00+00:00
[2024-08-25T00:12:33.194+0000] {processor.py:208} INFO - Processing /home/airflow/.local/lib/python3.12/site-packages/airflow/example_dags/example_setup_teardown.py took 0.246 seconds
[2024-08-25T00:13:04.626+0000] {processor.py:186} INFO - Started process (PID=910) to work on /home/airflow/.local/lib/python3.12/site-packages/airflow/example_dags/example_setup_teardown.py
[2024-08-25T00:13:04.629+0000] {processor.py:914} INFO - Processing file /home/airflow/.local/lib/python3.12/site-packages/airflow/example_dags/example_setup_teardown.py for tasks to queue
[2024-08-25T00:13:04.636+0000] {logging_mixin.py:190} INFO - [2024-08-25T00:13:04.635+0000] {dagbag.py:587} INFO - Filling up the DagBag from /home/airflow/.local/lib/python3.12/site-packages/airflow/example_dags/example_setup_teardown.py
[2024-08-25T00:13:04.665+0000] {processor.py:925} INFO - DAG(s) 'example_setup_teardown' retrieved from /home/airflow/.local/lib/python3.12/site-packages/airflow/example_dags/example_setup_teardown.py
[2024-08-25T00:13:04.740+0000] {logging_mixin.py:190} INFO - [2024-08-25T00:13:04.739+0000] {dag.py:3211} INFO - Sync 1 DAGs
[2024-08-25T00:13:04.829+0000] {logging_mixin.py:190} INFO - [2024-08-25T00:13:04.828+0000] {dag.py:4138} INFO - Setting next_dagrun for example_setup_teardown to 2024-08-24 00:00:00+00:00, run_after=2024-08-25 00:00:00+00:00
[2024-08-25T00:13:04.883+0000] {processor.py:208} INFO - Processing /home/airflow/.local/lib/python3.12/site-packages/airflow/example_dags/example_setup_teardown.py took 0.275 seconds
[2024-08-25T00:13:35.513+0000] {processor.py:186} INFO - Started process (PID=973) to work on /home/airflow/.local/lib/python3.12/site-packages/airflow/example_dags/example_setup_teardown.py
[2024-08-25T00:13:35.516+0000] {processor.py:914} INFO - Processing file /home/airflow/.local/lib/python3.12/site-packages/airflow/example_dags/example_setup_teardown.py for tasks to queue
[2024-08-25T00:13:35.527+0000] {logging_mixin.py:190} INFO - [2024-08-25T00:13:35.526+0000] {dagbag.py:587} INFO - Filling up the DagBag from /home/airflow/.local/lib/python3.12/site-packages/airflow/example_dags/example_setup_teardown.py
[2024-08-25T00:13:35.566+0000] {processor.py:925} INFO - DAG(s) 'example_setup_teardown' retrieved from /home/airflow/.local/lib/python3.12/site-packages/airflow/example_dags/example_setup_teardown.py
[2024-08-25T00:13:35.630+0000] {logging_mixin.py:190} INFO - [2024-08-25T00:13:35.630+0000] {dag.py:3211} INFO - Sync 1 DAGs
[2024-08-25T00:13:35.712+0000] {logging_mixin.py:190} INFO - [2024-08-25T00:13:35.711+0000] {dag.py:4138} INFO - Setting next_dagrun for example_setup_teardown to 2024-08-24 00:00:00+00:00, run_after=2024-08-25 00:00:00+00:00
[2024-08-25T00:13:35.768+0000] {processor.py:208} INFO - Processing /home/airflow/.local/lib/python3.12/site-packages/airflow/example_dags/example_setup_teardown.py took 0.283 seconds
[2024-08-25T00:14:06.068+0000] {processor.py:186} INFO - Started process (PID=1037) to work on /home/airflow/.local/lib/python3.12/site-packages/airflow/example_dags/example_setup_teardown.py
[2024-08-25T00:14:06.070+0000] {processor.py:914} INFO - Processing file /home/airflow/.local/lib/python3.12/site-packages/airflow/example_dags/example_setup_teardown.py for tasks to queue
[2024-08-25T00:14:06.076+0000] {logging_mixin.py:190} INFO - [2024-08-25T00:14:06.075+0000] {dagbag.py:587} INFO - Filling up the DagBag from /home/airflow/.local/lib/python3.12/site-packages/airflow/example_dags/example_setup_teardown.py
[2024-08-25T00:14:06.096+0000] {processor.py:925} INFO - DAG(s) 'example_setup_teardown' retrieved from /home/airflow/.local/lib/python3.12/site-packages/airflow/example_dags/example_setup_teardown.py
[2024-08-25T00:14:06.142+0000] {logging_mixin.py:190} INFO - [2024-08-25T00:14:06.141+0000] {dag.py:3211} INFO - Sync 1 DAGs
[2024-08-25T00:14:06.206+0000] {logging_mixin.py:190} INFO - [2024-08-25T00:14:06.205+0000] {dag.py:4138} INFO - Setting next_dagrun for example_setup_teardown to 2024-08-24 00:00:00+00:00, run_after=2024-08-25 00:00:00+00:00
[2024-08-25T00:14:06.251+0000] {processor.py:208} INFO - Processing /home/airflow/.local/lib/python3.12/site-packages/airflow/example_dags/example_setup_teardown.py took 0.197 seconds
[2024-08-25T00:14:37.817+0000] {processor.py:186} INFO - Started process (PID=1101) to work on /home/airflow/.local/lib/python3.12/site-packages/airflow/example_dags/example_setup_teardown.py
[2024-08-25T00:14:37.819+0000] {processor.py:914} INFO - Processing file /home/airflow/.local/lib/python3.12/site-packages/airflow/example_dags/example_setup_teardown.py for tasks to queue
[2024-08-25T00:14:37.826+0000] {logging_mixin.py:190} INFO - [2024-08-25T00:14:37.825+0000] {dagbag.py:587} INFO - Filling up the DagBag from /home/airflow/.local/lib/python3.12/site-packages/airflow/example_dags/example_setup_teardown.py
[2024-08-25T00:14:37.862+0000] {processor.py:925} INFO - DAG(s) 'example_setup_teardown' retrieved from /home/airflow/.local/lib/python3.12/site-packages/airflow/example_dags/example_setup_teardown.py
[2024-08-25T00:14:38.020+0000] {logging_mixin.py:190} INFO - [2024-08-25T00:14:38.019+0000] {dag.py:3211} INFO - Sync 1 DAGs
[2024-08-25T00:14:38.187+0000] {logging_mixin.py:190} INFO - [2024-08-25T00:14:38.186+0000] {dag.py:4138} INFO - Setting next_dagrun for example_setup_teardown to 2024-08-24 00:00:00+00:00, run_after=2024-08-25 00:00:00+00:00
[2024-08-25T00:14:38.294+0000] {processor.py:208} INFO - Processing /home/airflow/.local/lib/python3.12/site-packages/airflow/example_dags/example_setup_teardown.py took 0.497 seconds
[2024-08-25T00:15:10.861+0000] {processor.py:186} INFO - Started process (PID=1164) to work on /home/airflow/.local/lib/python3.12/site-packages/airflow/example_dags/example_setup_teardown.py
[2024-08-25T00:15:10.936+0000] {processor.py:914} INFO - Processing file /home/airflow/.local/lib/python3.12/site-packages/airflow/example_dags/example_setup_teardown.py for tasks to queue
[2024-08-25T00:15:11.034+0000] {logging_mixin.py:190} INFO - [2024-08-25T00:15:11.033+0000] {dagbag.py:587} INFO - Filling up the DagBag from /home/airflow/.local/lib/python3.12/site-packages/airflow/example_dags/example_setup_teardown.py
[2024-08-25T00:15:11.229+0000] {processor.py:925} INFO - DAG(s) 'example_setup_teardown' retrieved from /home/airflow/.local/lib/python3.12/site-packages/airflow/example_dags/example_setup_teardown.py
[2024-08-25T00:15:11.444+0000] {logging_mixin.py:190} INFO - [2024-08-25T00:15:11.443+0000] {dag.py:3211} INFO - Sync 1 DAGs
[2024-08-25T00:15:11.662+0000] {logging_mixin.py:190} INFO - [2024-08-25T00:15:11.661+0000] {dag.py:4138} INFO - Setting next_dagrun for example_setup_teardown to 2024-08-24 00:00:00+00:00, run_after=2024-08-25 00:00:00+00:00
[2024-08-25T00:15:11.851+0000] {processor.py:208} INFO - Processing /home/airflow/.local/lib/python3.12/site-packages/airflow/example_dags/example_setup_teardown.py took 1.027 seconds
[2024-08-25T00:15:42.090+0000] {processor.py:186} INFO - Started process (PID=1228) to work on /home/airflow/.local/lib/python3.12/site-packages/airflow/example_dags/example_setup_teardown.py
[2024-08-25T00:15:42.093+0000] {processor.py:914} INFO - Processing file /home/airflow/.local/lib/python3.12/site-packages/airflow/example_dags/example_setup_teardown.py for tasks to queue
[2024-08-25T00:15:42.107+0000] {logging_mixin.py:190} INFO - [2024-08-25T00:15:42.106+0000] {dagbag.py:587} INFO - Filling up the DagBag from /home/airflow/.local/lib/python3.12/site-packages/airflow/example_dags/example_setup_teardown.py
[2024-08-25T00:15:42.166+0000] {processor.py:925} INFO - DAG(s) 'example_setup_teardown' retrieved from /home/airflow/.local/lib/python3.12/site-packages/airflow/example_dags/example_setup_teardown.py
[2024-08-25T00:15:42.333+0000] {logging_mixin.py:190} INFO - [2024-08-25T00:15:42.332+0000] {dag.py:3211} INFO - Sync 1 DAGs
[2024-08-25T00:15:42.446+0000] {logging_mixin.py:190} INFO - [2024-08-25T00:15:42.446+0000] {dag.py:4138} INFO - Setting next_dagrun for example_setup_teardown to 2024-08-24 00:00:00+00:00, run_after=2024-08-25 00:00:00+00:00
[2024-08-25T00:15:42.506+0000] {processor.py:208} INFO - Processing /home/airflow/.local/lib/python3.12/site-packages/airflow/example_dags/example_setup_teardown.py took 0.460 seconds
[2024-08-25T00:16:16.049+0000] {processor.py:186} INFO - Started process (PID=1292) to work on /home/airflow/.local/lib/python3.12/site-packages/airflow/example_dags/example_setup_teardown.py
[2024-08-25T00:16:16.051+0000] {processor.py:914} INFO - Processing file /home/airflow/.local/lib/python3.12/site-packages/airflow/example_dags/example_setup_teardown.py for tasks to queue
[2024-08-25T00:16:16.058+0000] {logging_mixin.py:190} INFO - [2024-08-25T00:16:16.058+0000] {dagbag.py:587} INFO - Filling up the DagBag from /home/airflow/.local/lib/python3.12/site-packages/airflow/example_dags/example_setup_teardown.py
[2024-08-25T00:16:16.090+0000] {processor.py:925} INFO - DAG(s) 'example_setup_teardown' retrieved from /home/airflow/.local/lib/python3.12/site-packages/airflow/example_dags/example_setup_teardown.py
[2024-08-25T00:16:16.217+0000] {logging_mixin.py:190} INFO - [2024-08-25T00:16:16.216+0000] {dag.py:3211} INFO - Sync 1 DAGs
[2024-08-25T00:16:16.403+0000] {logging_mixin.py:190} INFO - [2024-08-25T00:16:16.403+0000] {dag.py:4138} INFO - Setting next_dagrun for example_setup_teardown to 2024-08-24 00:00:00+00:00, run_after=2024-08-25 00:00:00+00:00
[2024-08-25T00:16:16.575+0000] {processor.py:208} INFO - Processing /home/airflow/.local/lib/python3.12/site-packages/airflow/example_dags/example_setup_teardown.py took 0.575 seconds
[2024-08-25T00:16:47.004+0000] {processor.py:186} INFO - Started process (PID=1355) to work on /home/airflow/.local/lib/python3.12/site-packages/airflow/example_dags/example_setup_teardown.py
[2024-08-25T00:16:47.006+0000] {processor.py:914} INFO - Processing file /home/airflow/.local/lib/python3.12/site-packages/airflow/example_dags/example_setup_teardown.py for tasks to queue
[2024-08-25T00:16:47.018+0000] {logging_mixin.py:190} INFO - [2024-08-25T00:16:47.017+0000] {dagbag.py:587} INFO - Filling up the DagBag from /home/airflow/.local/lib/python3.12/site-packages/airflow/example_dags/example_setup_teardown.py
[2024-08-25T00:16:47.047+0000] {processor.py:925} INFO - DAG(s) 'example_setup_teardown' retrieved from /home/airflow/.local/lib/python3.12/site-packages/airflow/example_dags/example_setup_teardown.py
[2024-08-25T00:16:47.104+0000] {logging_mixin.py:190} INFO - [2024-08-25T00:16:47.104+0000] {dag.py:3211} INFO - Sync 1 DAGs
[2024-08-25T00:16:47.174+0000] {logging_mixin.py:190} INFO - [2024-08-25T00:16:47.173+0000] {dag.py:4138} INFO - Setting next_dagrun for example_setup_teardown to 2024-08-24 00:00:00+00:00, run_after=2024-08-25 00:00:00+00:00
[2024-08-25T00:16:47.267+0000] {processor.py:208} INFO - Processing /home/airflow/.local/lib/python3.12/site-packages/airflow/example_dags/example_setup_teardown.py took 0.285 seconds
[2024-08-25T00:17:20.424+0000] {processor.py:186} INFO - Started process (PID=1418) to work on /home/airflow/.local/lib/python3.12/site-packages/airflow/example_dags/example_setup_teardown.py
[2024-08-25T00:17:20.426+0000] {processor.py:914} INFO - Processing file /home/airflow/.local/lib/python3.12/site-packages/airflow/example_dags/example_setup_teardown.py for tasks to queue
[2024-08-25T00:17:20.440+0000] {logging_mixin.py:190} INFO - [2024-08-25T00:17:20.439+0000] {dagbag.py:587} INFO - Filling up the DagBag from /home/airflow/.local/lib/python3.12/site-packages/airflow/example_dags/example_setup_teardown.py
[2024-08-25T00:17:20.496+0000] {processor.py:925} INFO - DAG(s) 'example_setup_teardown' retrieved from /home/airflow/.local/lib/python3.12/site-packages/airflow/example_dags/example_setup_teardown.py
[2024-08-25T00:17:20.585+0000] {logging_mixin.py:190} INFO - [2024-08-25T00:17:20.585+0000] {dag.py:3211} INFO - Sync 1 DAGs
[2024-08-25T00:17:20.677+0000] {logging_mixin.py:190} INFO - [2024-08-25T00:17:20.676+0000] {dag.py:4138} INFO - Setting next_dagrun for example_setup_teardown to 2024-08-24 00:00:00+00:00, run_after=2024-08-25 00:00:00+00:00
[2024-08-25T00:17:20.748+0000] {processor.py:208} INFO - Processing /home/airflow/.local/lib/python3.12/site-packages/airflow/example_dags/example_setup_teardown.py took 0.344 seconds
[2024-08-25T00:17:54.481+0000] {processor.py:186} INFO - Started process (PID=1481) to work on /home/airflow/.local/lib/python3.12/site-packages/airflow/example_dags/example_setup_teardown.py
[2024-08-25T00:17:54.488+0000] {processor.py:914} INFO - Processing file /home/airflow/.local/lib/python3.12/site-packages/airflow/example_dags/example_setup_teardown.py for tasks to queue
[2024-08-25T00:17:54.508+0000] {logging_mixin.py:190} INFO - [2024-08-25T00:17:54.508+0000] {dagbag.py:587} INFO - Filling up the DagBag from /home/airflow/.local/lib/python3.12/site-packages/airflow/example_dags/example_setup_teardown.py
[2024-08-25T00:17:54.679+0000] {processor.py:925} INFO - DAG(s) 'example_setup_teardown' retrieved from /home/airflow/.local/lib/python3.12/site-packages/airflow/example_dags/example_setup_teardown.py
[2024-08-25T00:17:54.925+0000] {logging_mixin.py:190} INFO - [2024-08-25T00:17:54.925+0000] {dag.py:3211} INFO - Sync 1 DAGs
[2024-08-25T00:17:55.068+0000] {logging_mixin.py:190} INFO - [2024-08-25T00:17:55.067+0000] {dag.py:4138} INFO - Setting next_dagrun for example_setup_teardown to 2024-08-24 00:00:00+00:00, run_after=2024-08-25 00:00:00+00:00
[2024-08-25T00:17:55.132+0000] {processor.py:208} INFO - Processing /home/airflow/.local/lib/python3.12/site-packages/airflow/example_dags/example_setup_teardown.py took 0.689 seconds
[2024-08-25T00:18:25.572+0000] {processor.py:186} INFO - Started process (PID=1544) to work on /home/airflow/.local/lib/python3.12/site-packages/airflow/example_dags/example_setup_teardown.py
[2024-08-25T00:18:25.574+0000] {processor.py:914} INFO - Processing file /home/airflow/.local/lib/python3.12/site-packages/airflow/example_dags/example_setup_teardown.py for tasks to queue
[2024-08-25T00:18:25.592+0000] {logging_mixin.py:190} INFO - [2024-08-25T00:18:25.584+0000] {dagbag.py:587} INFO - Filling up the DagBag from /home/airflow/.local/lib/python3.12/site-packages/airflow/example_dags/example_setup_teardown.py
[2024-08-25T00:18:25.637+0000] {processor.py:925} INFO - DAG(s) 'example_setup_teardown' retrieved from /home/airflow/.local/lib/python3.12/site-packages/airflow/example_dags/example_setup_teardown.py
[2024-08-25T00:18:25.767+0000] {logging_mixin.py:190} INFO - [2024-08-25T00:18:25.766+0000] {dag.py:3211} INFO - Sync 1 DAGs
[2024-08-25T00:18:25.890+0000] {logging_mixin.py:190} INFO - [2024-08-25T00:18:25.889+0000] {dag.py:4138} INFO - Setting next_dagrun for example_setup_teardown to 2024-08-24 00:00:00+00:00, run_after=2024-08-25 00:00:00+00:00
[2024-08-25T00:18:26.021+0000] {processor.py:208} INFO - Processing /home/airflow/.local/lib/python3.12/site-packages/airflow/example_dags/example_setup_teardown.py took 0.486 seconds
[2024-08-25T00:18:56.145+0000] {processor.py:186} INFO - Started process (PID=1606) to work on /home/airflow/.local/lib/python3.12/site-packages/airflow/example_dags/example_setup_teardown.py
[2024-08-25T00:18:56.148+0000] {processor.py:914} INFO - Processing file /home/airflow/.local/lib/python3.12/site-packages/airflow/example_dags/example_setup_teardown.py for tasks to queue
[2024-08-25T00:18:56.154+0000] {logging_mixin.py:190} INFO - [2024-08-25T00:18:56.153+0000] {dagbag.py:587} INFO - Filling up the DagBag from /home/airflow/.local/lib/python3.12/site-packages/airflow/example_dags/example_setup_teardown.py
[2024-08-25T00:18:56.185+0000] {processor.py:925} INFO - DAG(s) 'example_setup_teardown' retrieved from /home/airflow/.local/lib/python3.12/site-packages/airflow/example_dags/example_setup_teardown.py
[2024-08-25T00:18:56.241+0000] {logging_mixin.py:190} INFO - [2024-08-25T00:18:56.241+0000] {dag.py:3211} INFO - Sync 1 DAGs
[2024-08-25T00:18:56.316+0000] {logging_mixin.py:190} INFO - [2024-08-25T00:18:56.316+0000] {dag.py:4138} INFO - Setting next_dagrun for example_setup_teardown to 2024-08-24 00:00:00+00:00, run_after=2024-08-25 00:00:00+00:00
[2024-08-25T00:18:56.374+0000] {processor.py:208} INFO - Processing /home/airflow/.local/lib/python3.12/site-packages/airflow/example_dags/example_setup_teardown.py took 0.245 seconds
[2024-08-25T00:19:27.023+0000] {processor.py:186} INFO - Started process (PID=1668) to work on /home/airflow/.local/lib/python3.12/site-packages/airflow/example_dags/example_setup_teardown.py
[2024-08-25T00:19:27.029+0000] {processor.py:914} INFO - Processing file /home/airflow/.local/lib/python3.12/site-packages/airflow/example_dags/example_setup_teardown.py for tasks to queue
[2024-08-25T00:19:27.043+0000] {logging_mixin.py:190} INFO - [2024-08-25T00:19:27.043+0000] {dagbag.py:587} INFO - Filling up the DagBag from /home/airflow/.local/lib/python3.12/site-packages/airflow/example_dags/example_setup_teardown.py
[2024-08-25T00:19:27.084+0000] {processor.py:925} INFO - DAG(s) 'example_setup_teardown' retrieved from /home/airflow/.local/lib/python3.12/site-packages/airflow/example_dags/example_setup_teardown.py
[2024-08-25T00:19:27.157+0000] {logging_mixin.py:190} INFO - [2024-08-25T00:19:27.156+0000] {dag.py:3211} INFO - Sync 1 DAGs
[2024-08-25T00:19:27.251+0000] {logging_mixin.py:190} INFO - [2024-08-25T00:19:27.251+0000] {dag.py:4138} INFO - Setting next_dagrun for example_setup_teardown to 2024-08-24 00:00:00+00:00, run_after=2024-08-25 00:00:00+00:00
[2024-08-25T00:19:27.362+0000] {processor.py:208} INFO - Processing /home/airflow/.local/lib/python3.12/site-packages/airflow/example_dags/example_setup_teardown.py took 0.361 seconds
[2024-08-25T00:19:57.499+0000] {processor.py:186} INFO - Started process (PID=1731) to work on /home/airflow/.local/lib/python3.12/site-packages/airflow/example_dags/example_setup_teardown.py
[2024-08-25T00:19:57.502+0000] {processor.py:914} INFO - Processing file /home/airflow/.local/lib/python3.12/site-packages/airflow/example_dags/example_setup_teardown.py for tasks to queue
[2024-08-25T00:19:57.508+0000] {logging_mixin.py:190} INFO - [2024-08-25T00:19:57.508+0000] {dagbag.py:587} INFO - Filling up the DagBag from /home/airflow/.local/lib/python3.12/site-packages/airflow/example_dags/example_setup_teardown.py
[2024-08-25T00:19:57.539+0000] {processor.py:925} INFO - DAG(s) 'example_setup_teardown' retrieved from /home/airflow/.local/lib/python3.12/site-packages/airflow/example_dags/example_setup_teardown.py
[2024-08-25T00:19:57.589+0000] {logging_mixin.py:190} INFO - [2024-08-25T00:19:57.589+0000] {dag.py:3211} INFO - Sync 1 DAGs
[2024-08-25T00:19:57.661+0000] {logging_mixin.py:190} INFO - [2024-08-25T00:19:57.661+0000] {dag.py:4138} INFO - Setting next_dagrun for example_setup_teardown to 2024-08-24 00:00:00+00:00, run_after=2024-08-25 00:00:00+00:00
[2024-08-25T00:19:57.702+0000] {processor.py:208} INFO - Processing /home/airflow/.local/lib/python3.12/site-packages/airflow/example_dags/example_setup_teardown.py took 0.221 seconds
[2024-08-25T00:20:29.344+0000] {processor.py:186} INFO - Started process (PID=1795) to work on /home/airflow/.local/lib/python3.12/site-packages/airflow/example_dags/example_setup_teardown.py
[2024-08-25T00:20:29.356+0000] {processor.py:914} INFO - Processing file /home/airflow/.local/lib/python3.12/site-packages/airflow/example_dags/example_setup_teardown.py for tasks to queue
[2024-08-25T00:20:29.372+0000] {logging_mixin.py:190} INFO - [2024-08-25T00:20:29.370+0000] {dagbag.py:587} INFO - Filling up the DagBag from /home/airflow/.local/lib/python3.12/site-packages/airflow/example_dags/example_setup_teardown.py
[2024-08-25T00:20:29.446+0000] {processor.py:925} INFO - DAG(s) 'example_setup_teardown' retrieved from /home/airflow/.local/lib/python3.12/site-packages/airflow/example_dags/example_setup_teardown.py
[2024-08-25T00:20:29.515+0000] {logging_mixin.py:190} INFO - [2024-08-25T00:20:29.514+0000] {dag.py:3211} INFO - Sync 1 DAGs
[2024-08-25T00:20:29.701+0000] {logging_mixin.py:190} INFO - [2024-08-25T00:20:29.700+0000] {dag.py:4138} INFO - Setting next_dagrun for example_setup_teardown to 2024-08-24 00:00:00+00:00, run_after=2024-08-25 00:00:00+00:00
[2024-08-25T00:20:29.779+0000] {processor.py:208} INFO - Processing /home/airflow/.local/lib/python3.12/site-packages/airflow/example_dags/example_setup_teardown.py took 0.531 seconds
[2024-08-25T00:21:01.823+0000] {processor.py:186} INFO - Started process (PID=1857) to work on /home/airflow/.local/lib/python3.12/site-packages/airflow/example_dags/example_setup_teardown.py
[2024-08-25T00:21:01.825+0000] {processor.py:914} INFO - Processing file /home/airflow/.local/lib/python3.12/site-packages/airflow/example_dags/example_setup_teardown.py for tasks to queue
[2024-08-25T00:21:01.833+0000] {logging_mixin.py:190} INFO - [2024-08-25T00:21:01.832+0000] {dagbag.py:587} INFO - Filling up the DagBag from /home/airflow/.local/lib/python3.12/site-packages/airflow/example_dags/example_setup_teardown.py
[2024-08-25T00:21:01.868+0000] {processor.py:925} INFO - DAG(s) 'example_setup_teardown' retrieved from /home/airflow/.local/lib/python3.12/site-packages/airflow/example_dags/example_setup_teardown.py
[2024-08-25T00:21:01.931+0000] {logging_mixin.py:190} INFO - [2024-08-25T00:21:01.931+0000] {dag.py:3211} INFO - Sync 1 DAGs
[2024-08-25T00:21:02.023+0000] {logging_mixin.py:190} INFO - [2024-08-25T00:21:02.023+0000] {dag.py:4138} INFO - Setting next_dagrun for example_setup_teardown to 2024-08-24 00:00:00+00:00, run_after=2024-08-25 00:00:00+00:00
[2024-08-25T00:21:02.072+0000] {processor.py:208} INFO - Processing /home/airflow/.local/lib/python3.12/site-packages/airflow/example_dags/example_setup_teardown.py took 0.271 seconds
[2024-08-25T00:26:27.917+0000] {processor.py:186} INFO - Started process (PID=90) to work on /home/airflow/.local/lib/python3.12/site-packages/airflow/example_dags/example_setup_teardown.py
[2024-08-25T00:26:27.930+0000] {processor.py:914} INFO - Processing file /home/airflow/.local/lib/python3.12/site-packages/airflow/example_dags/example_setup_teardown.py for tasks to queue
[2024-08-25T00:26:27.959+0000] {logging_mixin.py:190} INFO - [2024-08-25T00:26:27.950+0000] {dagbag.py:587} INFO - Filling up the DagBag from /home/airflow/.local/lib/python3.12/site-packages/airflow/example_dags/example_setup_teardown.py
[2024-08-25T00:26:28.307+0000] {processor.py:925} INFO - DAG(s) 'example_setup_teardown' retrieved from /home/airflow/.local/lib/python3.12/site-packages/airflow/example_dags/example_setup_teardown.py
[2024-08-25T00:26:28.691+0000] {logging_mixin.py:190} INFO - [2024-08-25T00:26:28.690+0000] {dag.py:3211} INFO - Sync 1 DAGs
[2024-08-25T00:26:29.007+0000] {logging_mixin.py:190} INFO - [2024-08-25T00:26:29.007+0000] {dag.py:4138} INFO - Setting next_dagrun for example_setup_teardown to 2024-08-24 00:00:00+00:00, run_after=2024-08-25 00:00:00+00:00
[2024-08-25T00:26:29.370+0000] {processor.py:208} INFO - Processing /home/airflow/.local/lib/python3.12/site-packages/airflow/example_dags/example_setup_teardown.py took 1.486 seconds
[2024-08-25T00:27:26.061+0000] {processor.py:186} INFO - Started process (PID=158) to work on /home/airflow/.local/lib/python3.12/site-packages/airflow/example_dags/example_setup_teardown.py
[2024-08-25T00:27:26.077+0000] {processor.py:914} INFO - Processing file /home/airflow/.local/lib/python3.12/site-packages/airflow/example_dags/example_setup_teardown.py for tasks to queue
[2024-08-25T00:27:26.095+0000] {logging_mixin.py:190} INFO - [2024-08-25T00:27:26.094+0000] {dagbag.py:587} INFO - Filling up the DagBag from /home/airflow/.local/lib/python3.12/site-packages/airflow/example_dags/example_setup_teardown.py
[2024-08-25T00:27:26.336+0000] {processor.py:925} INFO - DAG(s) 'example_setup_teardown' retrieved from /home/airflow/.local/lib/python3.12/site-packages/airflow/example_dags/example_setup_teardown.py
[2024-08-25T00:27:26.882+0000] {logging_mixin.py:190} INFO - [2024-08-25T00:27:26.882+0000] {dag.py:3211} INFO - Sync 1 DAGs
[2024-08-25T00:27:27.478+0000] {logging_mixin.py:190} INFO - [2024-08-25T00:27:27.477+0000] {dag.py:4138} INFO - Setting next_dagrun for example_setup_teardown to 2024-08-24 00:00:00+00:00, run_after=2024-08-25 00:00:00+00:00
[2024-08-25T00:27:27.867+0000] {processor.py:208} INFO - Processing /home/airflow/.local/lib/python3.12/site-packages/airflow/example_dags/example_setup_teardown.py took 1.916 seconds
[2024-08-25T00:28:13.039+0000] {processor.py:186} INFO - Started process (PID=218) to work on /home/airflow/.local/lib/python3.12/site-packages/airflow/example_dags/example_setup_teardown.py
[2024-08-25T00:28:13.047+0000] {processor.py:914} INFO - Processing file /home/airflow/.local/lib/python3.12/site-packages/airflow/example_dags/example_setup_teardown.py for tasks to queue
[2024-08-25T00:28:13.057+0000] {logging_mixin.py:190} INFO - [2024-08-25T00:28:13.056+0000] {dagbag.py:587} INFO - Filling up the DagBag from /home/airflow/.local/lib/python3.12/site-packages/airflow/example_dags/example_setup_teardown.py
[2024-08-25T00:28:13.167+0000] {processor.py:925} INFO - DAG(s) 'example_setup_teardown' retrieved from /home/airflow/.local/lib/python3.12/site-packages/airflow/example_dags/example_setup_teardown.py
[2024-08-25T00:28:13.351+0000] {logging_mixin.py:190} INFO - [2024-08-25T00:28:13.350+0000] {dag.py:3211} INFO - Sync 1 DAGs
[2024-08-25T00:28:13.646+0000] {logging_mixin.py:190} INFO - [2024-08-25T00:28:13.645+0000] {dag.py:4138} INFO - Setting next_dagrun for example_setup_teardown to 2024-08-24 00:00:00+00:00, run_after=2024-08-25 00:00:00+00:00
[2024-08-25T00:28:13.872+0000] {processor.py:208} INFO - Processing /home/airflow/.local/lib/python3.12/site-packages/airflow/example_dags/example_setup_teardown.py took 0.865 seconds
[2024-08-25T00:28:49.447+0000] {processor.py:186} INFO - Started process (PID=281) to work on /home/airflow/.local/lib/python3.12/site-packages/airflow/example_dags/example_setup_teardown.py
[2024-08-25T00:28:49.450+0000] {processor.py:914} INFO - Processing file /home/airflow/.local/lib/python3.12/site-packages/airflow/example_dags/example_setup_teardown.py for tasks to queue
[2024-08-25T00:28:49.462+0000] {logging_mixin.py:190} INFO - [2024-08-25T00:28:49.460+0000] {dagbag.py:587} INFO - Filling up the DagBag from /home/airflow/.local/lib/python3.12/site-packages/airflow/example_dags/example_setup_teardown.py
[2024-08-25T00:28:49.505+0000] {processor.py:925} INFO - DAG(s) 'example_setup_teardown' retrieved from /home/airflow/.local/lib/python3.12/site-packages/airflow/example_dags/example_setup_teardown.py
[2024-08-25T00:28:49.628+0000] {logging_mixin.py:190} INFO - [2024-08-25T00:28:49.627+0000] {dag.py:3211} INFO - Sync 1 DAGs
[2024-08-25T00:28:49.860+0000] {logging_mixin.py:190} INFO - [2024-08-25T00:28:49.859+0000] {dag.py:4138} INFO - Setting next_dagrun for example_setup_teardown to 2024-08-24 00:00:00+00:00, run_after=2024-08-25 00:00:00+00:00
[2024-08-25T00:28:50.078+0000] {processor.py:208} INFO - Processing /home/airflow/.local/lib/python3.12/site-packages/airflow/example_dags/example_setup_teardown.py took 0.684 seconds
[2024-08-25T00:29:21.702+0000] {processor.py:186} INFO - Started process (PID=344) to work on /home/airflow/.local/lib/python3.12/site-packages/airflow/example_dags/example_setup_teardown.py
[2024-08-25T00:29:21.704+0000] {processor.py:914} INFO - Processing file /home/airflow/.local/lib/python3.12/site-packages/airflow/example_dags/example_setup_teardown.py for tasks to queue
[2024-08-25T00:29:21.734+0000] {logging_mixin.py:190} INFO - [2024-08-25T00:29:21.733+0000] {dagbag.py:587} INFO - Filling up the DagBag from /home/airflow/.local/lib/python3.12/site-packages/airflow/example_dags/example_setup_teardown.py
[2024-08-25T00:29:21.789+0000] {processor.py:925} INFO - DAG(s) 'example_setup_teardown' retrieved from /home/airflow/.local/lib/python3.12/site-packages/airflow/example_dags/example_setup_teardown.py
[2024-08-25T00:29:21.945+0000] {logging_mixin.py:190} INFO - [2024-08-25T00:29:21.944+0000] {dag.py:3211} INFO - Sync 1 DAGs
[2024-08-25T00:29:22.125+0000] {logging_mixin.py:190} INFO - [2024-08-25T00:29:22.121+0000] {dag.py:4138} INFO - Setting next_dagrun for example_setup_teardown to 2024-08-24 00:00:00+00:00, run_after=2024-08-25 00:00:00+00:00
[2024-08-25T00:29:22.265+0000] {processor.py:208} INFO - Processing /home/airflow/.local/lib/python3.12/site-packages/airflow/example_dags/example_setup_teardown.py took 0.616 seconds
[2024-08-25T00:29:54.634+0000] {processor.py:186} INFO - Started process (PID=407) to work on /home/airflow/.local/lib/python3.12/site-packages/airflow/example_dags/example_setup_teardown.py
[2024-08-25T00:29:54.637+0000] {processor.py:914} INFO - Processing file /home/airflow/.local/lib/python3.12/site-packages/airflow/example_dags/example_setup_teardown.py for tasks to queue
[2024-08-25T00:29:54.647+0000] {logging_mixin.py:190} INFO - [2024-08-25T00:29:54.646+0000] {dagbag.py:587} INFO - Filling up the DagBag from /home/airflow/.local/lib/python3.12/site-packages/airflow/example_dags/example_setup_teardown.py
[2024-08-25T00:29:54.686+0000] {processor.py:925} INFO - DAG(s) 'example_setup_teardown' retrieved from /home/airflow/.local/lib/python3.12/site-packages/airflow/example_dags/example_setup_teardown.py
[2024-08-25T00:29:54.869+0000] {logging_mixin.py:190} INFO - [2024-08-25T00:29:54.868+0000] {dag.py:3211} INFO - Sync 1 DAGs
[2024-08-25T00:29:55.206+0000] {logging_mixin.py:190} INFO - [2024-08-25T00:29:55.205+0000] {dag.py:4138} INFO - Setting next_dagrun for example_setup_teardown to 2024-08-24 00:00:00+00:00, run_after=2024-08-25 00:00:00+00:00
[2024-08-25T00:29:55.398+0000] {processor.py:208} INFO - Processing /home/airflow/.local/lib/python3.12/site-packages/airflow/example_dags/example_setup_teardown.py took 0.786 seconds
[2024-08-25T00:30:34.160+0000] {processor.py:186} INFO - Started process (PID=476) to work on /home/airflow/.local/lib/python3.12/site-packages/airflow/example_dags/example_setup_teardown.py
[2024-08-25T00:30:34.162+0000] {processor.py:914} INFO - Processing file /home/airflow/.local/lib/python3.12/site-packages/airflow/example_dags/example_setup_teardown.py for tasks to queue
[2024-08-25T00:30:34.172+0000] {logging_mixin.py:190} INFO - [2024-08-25T00:30:34.171+0000] {dagbag.py:587} INFO - Filling up the DagBag from /home/airflow/.local/lib/python3.12/site-packages/airflow/example_dags/example_setup_teardown.py
[2024-08-25T00:30:34.207+0000] {processor.py:925} INFO - DAG(s) 'example_setup_teardown' retrieved from /home/airflow/.local/lib/python3.12/site-packages/airflow/example_dags/example_setup_teardown.py
[2024-08-25T00:30:34.276+0000] {logging_mixin.py:190} INFO - [2024-08-25T00:30:34.276+0000] {dag.py:3211} INFO - Sync 1 DAGs
[2024-08-25T00:30:34.363+0000] {logging_mixin.py:190} INFO - [2024-08-25T00:30:34.362+0000] {dag.py:4138} INFO - Setting next_dagrun for example_setup_teardown to 2024-08-24 00:00:00+00:00, run_after=2024-08-25 00:00:00+00:00
[2024-08-25T00:30:34.428+0000] {processor.py:208} INFO - Processing /home/airflow/.local/lib/python3.12/site-packages/airflow/example_dags/example_setup_teardown.py took 0.285 seconds
[2024-08-25T00:31:06.755+0000] {processor.py:186} INFO - Started process (PID=540) to work on /home/airflow/.local/lib/python3.12/site-packages/airflow/example_dags/example_setup_teardown.py
[2024-08-25T00:31:06.793+0000] {processor.py:914} INFO - Processing file /home/airflow/.local/lib/python3.12/site-packages/airflow/example_dags/example_setup_teardown.py for tasks to queue
[2024-08-25T00:31:06.810+0000] {logging_mixin.py:190} INFO - [2024-08-25T00:31:06.809+0000] {dagbag.py:587} INFO - Filling up the DagBag from /home/airflow/.local/lib/python3.12/site-packages/airflow/example_dags/example_setup_teardown.py
[2024-08-25T00:31:06.846+0000] {processor.py:925} INFO - DAG(s) 'example_setup_teardown' retrieved from /home/airflow/.local/lib/python3.12/site-packages/airflow/example_dags/example_setup_teardown.py
[2024-08-25T00:31:07.143+0000] {logging_mixin.py:190} INFO - [2024-08-25T00:31:07.142+0000] {dag.py:3211} INFO - Sync 1 DAGs
[2024-08-25T00:31:07.242+0000] {logging_mixin.py:190} INFO - [2024-08-25T00:31:07.241+0000] {dag.py:4138} INFO - Setting next_dagrun for example_setup_teardown to 2024-08-24 00:00:00+00:00, run_after=2024-08-25 00:00:00+00:00
[2024-08-25T00:31:07.319+0000] {processor.py:208} INFO - Processing /home/airflow/.local/lib/python3.12/site-packages/airflow/example_dags/example_setup_teardown.py took 0.604 seconds
[2024-08-25T00:31:54.156+0000] {processor.py:186} INFO - Started process (PID=599) to work on /home/airflow/.local/lib/python3.12/site-packages/airflow/example_dags/example_setup_teardown.py
[2024-08-25T00:31:54.163+0000] {processor.py:914} INFO - Processing file /home/airflow/.local/lib/python3.12/site-packages/airflow/example_dags/example_setup_teardown.py for tasks to queue
[2024-08-25T00:31:54.176+0000] {logging_mixin.py:190} INFO - [2024-08-25T00:31:54.174+0000] {dagbag.py:587} INFO - Filling up the DagBag from /home/airflow/.local/lib/python3.12/site-packages/airflow/example_dags/example_setup_teardown.py
[2024-08-25T00:31:54.231+0000] {processor.py:925} INFO - DAG(s) 'example_setup_teardown' retrieved from /home/airflow/.local/lib/python3.12/site-packages/airflow/example_dags/example_setup_teardown.py
[2024-08-25T00:31:54.375+0000] {logging_mixin.py:190} INFO - [2024-08-25T00:31:54.374+0000] {dag.py:3211} INFO - Sync 1 DAGs
[2024-08-25T00:31:54.587+0000] {logging_mixin.py:190} INFO - [2024-08-25T00:31:54.587+0000] {dag.py:4138} INFO - Setting next_dagrun for example_setup_teardown to 2024-08-24 00:00:00+00:00, run_after=2024-08-25 00:00:00+00:00
[2024-08-25T00:31:54.770+0000] {processor.py:208} INFO - Processing /home/airflow/.local/lib/python3.12/site-packages/airflow/example_dags/example_setup_teardown.py took 0.668 seconds
[2024-08-25T00:32:25.805+0000] {processor.py:186} INFO - Started process (PID=662) to work on /home/airflow/.local/lib/python3.12/site-packages/airflow/example_dags/example_setup_teardown.py
[2024-08-25T00:32:25.809+0000] {processor.py:914} INFO - Processing file /home/airflow/.local/lib/python3.12/site-packages/airflow/example_dags/example_setup_teardown.py for tasks to queue
[2024-08-25T00:32:25.825+0000] {logging_mixin.py:190} INFO - [2024-08-25T00:32:25.824+0000] {dagbag.py:587} INFO - Filling up the DagBag from /home/airflow/.local/lib/python3.12/site-packages/airflow/example_dags/example_setup_teardown.py
[2024-08-25T00:32:25.883+0000] {processor.py:925} INFO - DAG(s) 'example_setup_teardown' retrieved from /home/airflow/.local/lib/python3.12/site-packages/airflow/example_dags/example_setup_teardown.py
[2024-08-25T00:32:26.020+0000] {logging_mixin.py:190} INFO - [2024-08-25T00:32:26.019+0000] {dag.py:3211} INFO - Sync 1 DAGs
[2024-08-25T00:32:26.290+0000] {logging_mixin.py:190} INFO - [2024-08-25T00:32:26.290+0000] {dag.py:4138} INFO - Setting next_dagrun for example_setup_teardown to 2024-08-24 00:00:00+00:00, run_after=2024-08-25 00:00:00+00:00
[2024-08-25T00:32:26.421+0000] {processor.py:208} INFO - Processing /home/airflow/.local/lib/python3.12/site-packages/airflow/example_dags/example_setup_teardown.py took 0.665 seconds
[2024-08-25T00:33:05.942+0000] {processor.py:186} INFO - Started process (PID=721) to work on /home/airflow/.local/lib/python3.12/site-packages/airflow/example_dags/example_setup_teardown.py
[2024-08-25T00:33:05.957+0000] {processor.py:914} INFO - Processing file /home/airflow/.local/lib/python3.12/site-packages/airflow/example_dags/example_setup_teardown.py for tasks to queue
[2024-08-25T00:33:05.975+0000] {logging_mixin.py:190} INFO - [2024-08-25T00:33:05.974+0000] {dagbag.py:587} INFO - Filling up the DagBag from /home/airflow/.local/lib/python3.12/site-packages/airflow/example_dags/example_setup_teardown.py
[2024-08-25T00:33:06.051+0000] {processor.py:925} INFO - DAG(s) 'example_setup_teardown' retrieved from /home/airflow/.local/lib/python3.12/site-packages/airflow/example_dags/example_setup_teardown.py
[2024-08-25T00:33:06.267+0000] {logging_mixin.py:190} INFO - [2024-08-25T00:33:06.267+0000] {dag.py:3211} INFO - Sync 1 DAGs
[2024-08-25T00:33:06.576+0000] {logging_mixin.py:190} INFO - [2024-08-25T00:33:06.576+0000] {dag.py:4138} INFO - Setting next_dagrun for example_setup_teardown to 2024-08-24 00:00:00+00:00, run_after=2024-08-25 00:00:00+00:00
[2024-08-25T00:33:06.928+0000] {processor.py:208} INFO - Processing /home/airflow/.local/lib/python3.12/site-packages/airflow/example_dags/example_setup_teardown.py took 1.019 seconds
[2024-08-25T00:34:01.714+0000] {processor.py:186} INFO - Started process (PID=778) to work on /home/airflow/.local/lib/python3.12/site-packages/airflow/example_dags/example_setup_teardown.py
[2024-08-25T00:34:01.727+0000] {processor.py:914} INFO - Processing file /home/airflow/.local/lib/python3.12/site-packages/airflow/example_dags/example_setup_teardown.py for tasks to queue
[2024-08-25T00:34:01.734+0000] {logging_mixin.py:190} INFO - [2024-08-25T00:34:01.734+0000] {dagbag.py:587} INFO - Filling up the DagBag from /home/airflow/.local/lib/python3.12/site-packages/airflow/example_dags/example_setup_teardown.py
[2024-08-25T00:34:01.829+0000] {processor.py:925} INFO - DAG(s) 'example_setup_teardown' retrieved from /home/airflow/.local/lib/python3.12/site-packages/airflow/example_dags/example_setup_teardown.py
[2024-08-25T00:34:02.003+0000] {logging_mixin.py:190} INFO - [2024-08-25T00:34:01.992+0000] {dag.py:3211} INFO - Sync 1 DAGs
[2024-08-25T00:34:02.279+0000] {logging_mixin.py:190} INFO - [2024-08-25T00:34:02.278+0000] {dag.py:4138} INFO - Setting next_dagrun for example_setup_teardown to 2024-08-24 00:00:00+00:00, run_after=2024-08-25 00:00:00+00:00
[2024-08-25T00:34:02.637+0000] {processor.py:208} INFO - Processing /home/airflow/.local/lib/python3.12/site-packages/airflow/example_dags/example_setup_teardown.py took 0.975 seconds
[2024-08-25T00:34:33.911+0000] {processor.py:186} INFO - Started process (PID=842) to work on /home/airflow/.local/lib/python3.12/site-packages/airflow/example_dags/example_setup_teardown.py
[2024-08-25T00:34:33.920+0000] {processor.py:914} INFO - Processing file /home/airflow/.local/lib/python3.12/site-packages/airflow/example_dags/example_setup_teardown.py for tasks to queue
[2024-08-25T00:34:33.942+0000] {logging_mixin.py:190} INFO - [2024-08-25T00:34:33.941+0000] {dagbag.py:587} INFO - Filling up the DagBag from /home/airflow/.local/lib/python3.12/site-packages/airflow/example_dags/example_setup_teardown.py
[2024-08-25T00:34:34.021+0000] {processor.py:925} INFO - DAG(s) 'example_setup_teardown' retrieved from /home/airflow/.local/lib/python3.12/site-packages/airflow/example_dags/example_setup_teardown.py
[2024-08-25T00:34:34.173+0000] {logging_mixin.py:190} INFO - [2024-08-25T00:34:34.171+0000] {dag.py:3211} INFO - Sync 1 DAGs
[2024-08-25T00:34:34.389+0000] {logging_mixin.py:190} INFO - [2024-08-25T00:34:34.387+0000] {dag.py:4138} INFO - Setting next_dagrun for example_setup_teardown to 2024-08-24 00:00:00+00:00, run_after=2024-08-25 00:00:00+00:00
[2024-08-25T00:34:34.577+0000] {processor.py:208} INFO - Processing /home/airflow/.local/lib/python3.12/site-packages/airflow/example_dags/example_setup_teardown.py took 0.783 seconds
[2024-08-25T00:35:07.490+0000] {processor.py:186} INFO - Started process (PID=910) to work on /home/airflow/.local/lib/python3.12/site-packages/airflow/example_dags/example_setup_teardown.py
[2024-08-25T00:35:07.560+0000] {processor.py:914} INFO - Processing file /home/airflow/.local/lib/python3.12/site-packages/airflow/example_dags/example_setup_teardown.py for tasks to queue
[2024-08-25T00:35:07.570+0000] {logging_mixin.py:190} INFO - [2024-08-25T00:35:07.569+0000] {dagbag.py:587} INFO - Filling up the DagBag from /home/airflow/.local/lib/python3.12/site-packages/airflow/example_dags/example_setup_teardown.py
[2024-08-25T00:35:07.672+0000] {processor.py:925} INFO - DAG(s) 'example_setup_teardown' retrieved from /home/airflow/.local/lib/python3.12/site-packages/airflow/example_dags/example_setup_teardown.py
[2024-08-25T00:35:07.975+0000] {logging_mixin.py:190} INFO - [2024-08-25T00:35:07.974+0000] {dag.py:3211} INFO - Sync 1 DAGs
[2024-08-25T00:35:08.421+0000] {logging_mixin.py:190} INFO - [2024-08-25T00:35:08.420+0000] {dag.py:4138} INFO - Setting next_dagrun for example_setup_teardown to 2024-08-24 00:00:00+00:00, run_after=2024-08-25 00:00:00+00:00
[2024-08-25T00:35:08.681+0000] {processor.py:208} INFO - Processing /home/airflow/.local/lib/python3.12/site-packages/airflow/example_dags/example_setup_teardown.py took 1.242 seconds
[2024-08-25T00:35:39.496+0000] {processor.py:186} INFO - Started process (PID=973) to work on /home/airflow/.local/lib/python3.12/site-packages/airflow/example_dags/example_setup_teardown.py
[2024-08-25T00:35:39.498+0000] {processor.py:914} INFO - Processing file /home/airflow/.local/lib/python3.12/site-packages/airflow/example_dags/example_setup_teardown.py for tasks to queue
[2024-08-25T00:35:39.504+0000] {logging_mixin.py:190} INFO - [2024-08-25T00:35:39.503+0000] {dagbag.py:587} INFO - Filling up the DagBag from /home/airflow/.local/lib/python3.12/site-packages/airflow/example_dags/example_setup_teardown.py
[2024-08-25T00:35:39.533+0000] {processor.py:925} INFO - DAG(s) 'example_setup_teardown' retrieved from /home/airflow/.local/lib/python3.12/site-packages/airflow/example_dags/example_setup_teardown.py
[2024-08-25T00:35:39.590+0000] {logging_mixin.py:190} INFO - [2024-08-25T00:35:39.589+0000] {dag.py:3211} INFO - Sync 1 DAGs
[2024-08-25T00:35:39.654+0000] {logging_mixin.py:190} INFO - [2024-08-25T00:35:39.654+0000] {dag.py:4138} INFO - Setting next_dagrun for example_setup_teardown to 2024-08-24 00:00:00+00:00, run_after=2024-08-25 00:00:00+00:00
[2024-08-25T00:35:39.704+0000] {processor.py:208} INFO - Processing /home/airflow/.local/lib/python3.12/site-packages/airflow/example_dags/example_setup_teardown.py took 0.226 seconds
[2024-08-25T00:36:10.540+0000] {processor.py:186} INFO - Started process (PID=1036) to work on /home/airflow/.local/lib/python3.12/site-packages/airflow/example_dags/example_setup_teardown.py
[2024-08-25T00:36:10.542+0000] {processor.py:914} INFO - Processing file /home/airflow/.local/lib/python3.12/site-packages/airflow/example_dags/example_setup_teardown.py for tasks to queue
[2024-08-25T00:36:10.550+0000] {logging_mixin.py:190} INFO - [2024-08-25T00:36:10.547+0000] {dagbag.py:587} INFO - Filling up the DagBag from /home/airflow/.local/lib/python3.12/site-packages/airflow/example_dags/example_setup_teardown.py
[2024-08-25T00:36:10.580+0000] {processor.py:925} INFO - DAG(s) 'example_setup_teardown' retrieved from /home/airflow/.local/lib/python3.12/site-packages/airflow/example_dags/example_setup_teardown.py
[2024-08-25T00:36:10.645+0000] {logging_mixin.py:190} INFO - [2024-08-25T00:36:10.644+0000] {dag.py:3211} INFO - Sync 1 DAGs
[2024-08-25T00:36:10.721+0000] {logging_mixin.py:190} INFO - [2024-08-25T00:36:10.718+0000] {dag.py:4138} INFO - Setting next_dagrun for example_setup_teardown to 2024-08-24 00:00:00+00:00, run_after=2024-08-25 00:00:00+00:00
[2024-08-25T00:36:10.781+0000] {processor.py:208} INFO - Processing /home/airflow/.local/lib/python3.12/site-packages/airflow/example_dags/example_setup_teardown.py took 0.265 seconds
[2024-08-25T00:36:41.312+0000] {processor.py:186} INFO - Started process (PID=1100) to work on /home/airflow/.local/lib/python3.12/site-packages/airflow/example_dags/example_setup_teardown.py
[2024-08-25T00:36:41.314+0000] {processor.py:914} INFO - Processing file /home/airflow/.local/lib/python3.12/site-packages/airflow/example_dags/example_setup_teardown.py for tasks to queue
[2024-08-25T00:36:41.320+0000] {logging_mixin.py:190} INFO - [2024-08-25T00:36:41.319+0000] {dagbag.py:587} INFO - Filling up the DagBag from /home/airflow/.local/lib/python3.12/site-packages/airflow/example_dags/example_setup_teardown.py
[2024-08-25T00:36:41.347+0000] {processor.py:925} INFO - DAG(s) 'example_setup_teardown' retrieved from /home/airflow/.local/lib/python3.12/site-packages/airflow/example_dags/example_setup_teardown.py
[2024-08-25T00:36:41.407+0000] {logging_mixin.py:190} INFO - [2024-08-25T00:36:41.407+0000] {dag.py:3211} INFO - Sync 1 DAGs
[2024-08-25T00:36:41.505+0000] {logging_mixin.py:190} INFO - [2024-08-25T00:36:41.505+0000] {dag.py:4138} INFO - Setting next_dagrun for example_setup_teardown to 2024-08-24 00:00:00+00:00, run_after=2024-08-25 00:00:00+00:00
[2024-08-25T00:36:41.555+0000] {processor.py:208} INFO - Processing /home/airflow/.local/lib/python3.12/site-packages/airflow/example_dags/example_setup_teardown.py took 0.262 seconds
[2024-08-25T00:37:16.159+0000] {processor.py:186} INFO - Started process (PID=1157) to work on /home/airflow/.local/lib/python3.12/site-packages/airflow/example_dags/example_setup_teardown.py
[2024-08-25T00:37:16.162+0000] {processor.py:914} INFO - Processing file /home/airflow/.local/lib/python3.12/site-packages/airflow/example_dags/example_setup_teardown.py for tasks to queue
[2024-08-25T00:37:16.175+0000] {logging_mixin.py:190} INFO - [2024-08-25T00:37:16.174+0000] {dagbag.py:587} INFO - Filling up the DagBag from /home/airflow/.local/lib/python3.12/site-packages/airflow/example_dags/example_setup_teardown.py
[2024-08-25T00:37:16.245+0000] {processor.py:925} INFO - DAG(s) 'example_setup_teardown' retrieved from /home/airflow/.local/lib/python3.12/site-packages/airflow/example_dags/example_setup_teardown.py
[2024-08-25T00:37:16.450+0000] {logging_mixin.py:190} INFO - [2024-08-25T00:37:16.449+0000] {dag.py:3211} INFO - Sync 1 DAGs
[2024-08-25T00:37:16.586+0000] {logging_mixin.py:190} INFO - [2024-08-25T00:37:16.585+0000] {dag.py:4138} INFO - Setting next_dagrun for example_setup_teardown to 2024-08-24 00:00:00+00:00, run_after=2024-08-25 00:00:00+00:00
[2024-08-25T00:37:16.655+0000] {processor.py:208} INFO - Processing /home/airflow/.local/lib/python3.12/site-packages/airflow/example_dags/example_setup_teardown.py took 0.540 seconds
[2024-08-25T00:37:47.166+0000] {processor.py:186} INFO - Started process (PID=1219) to work on /home/airflow/.local/lib/python3.12/site-packages/airflow/example_dags/example_setup_teardown.py
[2024-08-25T00:37:47.168+0000] {processor.py:914} INFO - Processing file /home/airflow/.local/lib/python3.12/site-packages/airflow/example_dags/example_setup_teardown.py for tasks to queue
[2024-08-25T00:37:47.176+0000] {logging_mixin.py:190} INFO - [2024-08-25T00:37:47.175+0000] {dagbag.py:587} INFO - Filling up the DagBag from /home/airflow/.local/lib/python3.12/site-packages/airflow/example_dags/example_setup_teardown.py
[2024-08-25T00:37:47.219+0000] {processor.py:925} INFO - DAG(s) 'example_setup_teardown' retrieved from /home/airflow/.local/lib/python3.12/site-packages/airflow/example_dags/example_setup_teardown.py
[2024-08-25T00:37:47.332+0000] {logging_mixin.py:190} INFO - [2024-08-25T00:37:47.331+0000] {dag.py:3211} INFO - Sync 1 DAGs
[2024-08-25T00:37:47.513+0000] {logging_mixin.py:190} INFO - [2024-08-25T00:37:47.512+0000] {dag.py:4138} INFO - Setting next_dagrun for example_setup_teardown to 2024-08-24 00:00:00+00:00, run_after=2024-08-25 00:00:00+00:00
[2024-08-25T00:37:47.586+0000] {processor.py:208} INFO - Processing /home/airflow/.local/lib/python3.12/site-packages/airflow/example_dags/example_setup_teardown.py took 0.447 seconds
[2024-08-25T00:38:17.762+0000] {processor.py:186} INFO - Started process (PID=1281) to work on /home/airflow/.local/lib/python3.12/site-packages/airflow/example_dags/example_setup_teardown.py
[2024-08-25T00:38:17.765+0000] {processor.py:914} INFO - Processing file /home/airflow/.local/lib/python3.12/site-packages/airflow/example_dags/example_setup_teardown.py for tasks to queue
[2024-08-25T00:38:17.772+0000] {logging_mixin.py:190} INFO - [2024-08-25T00:38:17.771+0000] {dagbag.py:587} INFO - Filling up the DagBag from /home/airflow/.local/lib/python3.12/site-packages/airflow/example_dags/example_setup_teardown.py
[2024-08-25T00:38:17.811+0000] {processor.py:925} INFO - DAG(s) 'example_setup_teardown' retrieved from /home/airflow/.local/lib/python3.12/site-packages/airflow/example_dags/example_setup_teardown.py
[2024-08-25T00:38:17.904+0000] {logging_mixin.py:190} INFO - [2024-08-25T00:38:17.901+0000] {dag.py:3211} INFO - Sync 1 DAGs
[2024-08-25T00:38:18.033+0000] {logging_mixin.py:190} INFO - [2024-08-25T00:38:18.032+0000] {dag.py:4138} INFO - Setting next_dagrun for example_setup_teardown to 2024-08-24 00:00:00+00:00, run_after=2024-08-25 00:00:00+00:00
[2024-08-25T00:38:18.130+0000] {processor.py:208} INFO - Processing /home/airflow/.local/lib/python3.12/site-packages/airflow/example_dags/example_setup_teardown.py took 0.406 seconds
[2024-08-25T00:38:48.746+0000] {processor.py:186} INFO - Started process (PID=1342) to work on /home/airflow/.local/lib/python3.12/site-packages/airflow/example_dags/example_setup_teardown.py
[2024-08-25T00:38:48.749+0000] {processor.py:914} INFO - Processing file /home/airflow/.local/lib/python3.12/site-packages/airflow/example_dags/example_setup_teardown.py for tasks to queue
[2024-08-25T00:38:48.753+0000] {logging_mixin.py:190} INFO - [2024-08-25T00:38:48.753+0000] {dagbag.py:587} INFO - Filling up the DagBag from /home/airflow/.local/lib/python3.12/site-packages/airflow/example_dags/example_setup_teardown.py
[2024-08-25T00:38:48.806+0000] {processor.py:925} INFO - DAG(s) 'example_setup_teardown' retrieved from /home/airflow/.local/lib/python3.12/site-packages/airflow/example_dags/example_setup_teardown.py
[2024-08-25T00:38:48.946+0000] {logging_mixin.py:190} INFO - [2024-08-25T00:38:48.946+0000] {dag.py:3211} INFO - Sync 1 DAGs
[2024-08-25T00:38:49.229+0000] {logging_mixin.py:190} INFO - [2024-08-25T00:38:49.228+0000] {dag.py:4138} INFO - Setting next_dagrun for example_setup_teardown to 2024-08-24 00:00:00+00:00, run_after=2024-08-25 00:00:00+00:00
[2024-08-25T00:38:49.505+0000] {processor.py:208} INFO - Processing /home/airflow/.local/lib/python3.12/site-packages/airflow/example_dags/example_setup_teardown.py took 0.781 seconds
[2024-08-25T00:39:20.540+0000] {processor.py:186} INFO - Started process (PID=1404) to work on /home/airflow/.local/lib/python3.12/site-packages/airflow/example_dags/example_setup_teardown.py
[2024-08-25T00:39:20.542+0000] {processor.py:914} INFO - Processing file /home/airflow/.local/lib/python3.12/site-packages/airflow/example_dags/example_setup_teardown.py for tasks to queue
[2024-08-25T00:39:20.546+0000] {logging_mixin.py:190} INFO - [2024-08-25T00:39:20.545+0000] {dagbag.py:587} INFO - Filling up the DagBag from /home/airflow/.local/lib/python3.12/site-packages/airflow/example_dags/example_setup_teardown.py
[2024-08-25T00:39:20.583+0000] {processor.py:925} INFO - DAG(s) 'example_setup_teardown' retrieved from /home/airflow/.local/lib/python3.12/site-packages/airflow/example_dags/example_setup_teardown.py
[2024-08-25T00:39:20.699+0000] {logging_mixin.py:190} INFO - [2024-08-25T00:39:20.686+0000] {dag.py:3211} INFO - Sync 1 DAGs
[2024-08-25T00:39:20.869+0000] {logging_mixin.py:190} INFO - [2024-08-25T00:39:20.869+0000] {dag.py:4138} INFO - Setting next_dagrun for example_setup_teardown to 2024-08-24 00:00:00+00:00, run_after=2024-08-25 00:00:00+00:00
[2024-08-25T00:39:21.006+0000] {processor.py:208} INFO - Processing /home/airflow/.local/lib/python3.12/site-packages/airflow/example_dags/example_setup_teardown.py took 0.487 seconds
[2024-08-25T00:39:51.755+0000] {processor.py:186} INFO - Started process (PID=1466) to work on /home/airflow/.local/lib/python3.12/site-packages/airflow/example_dags/example_setup_teardown.py
[2024-08-25T00:39:51.758+0000] {processor.py:914} INFO - Processing file /home/airflow/.local/lib/python3.12/site-packages/airflow/example_dags/example_setup_teardown.py for tasks to queue
[2024-08-25T00:39:51.762+0000] {logging_mixin.py:190} INFO - [2024-08-25T00:39:51.761+0000] {dagbag.py:587} INFO - Filling up the DagBag from /home/airflow/.local/lib/python3.12/site-packages/airflow/example_dags/example_setup_teardown.py
[2024-08-25T00:39:51.793+0000] {processor.py:925} INFO - DAG(s) 'example_setup_teardown' retrieved from /home/airflow/.local/lib/python3.12/site-packages/airflow/example_dags/example_setup_teardown.py
[2024-08-25T00:39:51.850+0000] {logging_mixin.py:190} INFO - [2024-08-25T00:39:51.849+0000] {dag.py:3211} INFO - Sync 1 DAGs
[2024-08-25T00:39:51.928+0000] {logging_mixin.py:190} INFO - [2024-08-25T00:39:51.927+0000] {dag.py:4138} INFO - Setting next_dagrun for example_setup_teardown to 2024-08-24 00:00:00+00:00, run_after=2024-08-25 00:00:00+00:00
[2024-08-25T00:39:51.991+0000] {processor.py:208} INFO - Processing /home/airflow/.local/lib/python3.12/site-packages/airflow/example_dags/example_setup_teardown.py took 0.255 seconds
[2024-08-25T00:40:26.295+0000] {processor.py:186} INFO - Started process (PID=1528) to work on /home/airflow/.local/lib/python3.12/site-packages/airflow/example_dags/example_setup_teardown.py
[2024-08-25T00:40:26.298+0000] {processor.py:914} INFO - Processing file /home/airflow/.local/lib/python3.12/site-packages/airflow/example_dags/example_setup_teardown.py for tasks to queue
[2024-08-25T00:40:26.306+0000] {logging_mixin.py:190} INFO - [2024-08-25T00:40:26.305+0000] {dagbag.py:587} INFO - Filling up the DagBag from /home/airflow/.local/lib/python3.12/site-packages/airflow/example_dags/example_setup_teardown.py
[2024-08-25T00:40:26.373+0000] {processor.py:925} INFO - DAG(s) 'example_setup_teardown' retrieved from /home/airflow/.local/lib/python3.12/site-packages/airflow/example_dags/example_setup_teardown.py
[2024-08-25T00:40:26.568+0000] {logging_mixin.py:190} INFO - [2024-08-25T00:40:26.568+0000] {dag.py:3211} INFO - Sync 1 DAGs
[2024-08-25T00:40:26.740+0000] {logging_mixin.py:190} INFO - [2024-08-25T00:40:26.739+0000] {dag.py:4138} INFO - Setting next_dagrun for example_setup_teardown to 2024-08-24 00:00:00+00:00, run_after=2024-08-25 00:00:00+00:00
[2024-08-25T00:40:26.830+0000] {processor.py:208} INFO - Processing /home/airflow/.local/lib/python3.12/site-packages/airflow/example_dags/example_setup_teardown.py took 0.559 seconds
[2024-08-25T00:40:57.094+0000] {processor.py:186} INFO - Started process (PID=1590) to work on /home/airflow/.local/lib/python3.12/site-packages/airflow/example_dags/example_setup_teardown.py
[2024-08-25T00:40:57.096+0000] {processor.py:914} INFO - Processing file /home/airflow/.local/lib/python3.12/site-packages/airflow/example_dags/example_setup_teardown.py for tasks to queue
[2024-08-25T00:40:57.100+0000] {logging_mixin.py:190} INFO - [2024-08-25T00:40:57.099+0000] {dagbag.py:587} INFO - Filling up the DagBag from /home/airflow/.local/lib/python3.12/site-packages/airflow/example_dags/example_setup_teardown.py
[2024-08-25T00:40:57.128+0000] {processor.py:925} INFO - DAG(s) 'example_setup_teardown' retrieved from /home/airflow/.local/lib/python3.12/site-packages/airflow/example_dags/example_setup_teardown.py
[2024-08-25T00:40:57.178+0000] {logging_mixin.py:190} INFO - [2024-08-25T00:40:57.177+0000] {dag.py:3211} INFO - Sync 1 DAGs
[2024-08-25T00:40:57.234+0000] {logging_mixin.py:190} INFO - [2024-08-25T00:40:57.233+0000] {dag.py:4138} INFO - Setting next_dagrun for example_setup_teardown to 2024-08-24 00:00:00+00:00, run_after=2024-08-25 00:00:00+00:00
[2024-08-25T00:40:57.277+0000] {processor.py:208} INFO - Processing /home/airflow/.local/lib/python3.12/site-packages/airflow/example_dags/example_setup_teardown.py took 0.199 seconds
[2024-08-25T00:41:28.996+0000] {processor.py:186} INFO - Started process (PID=1652) to work on /home/airflow/.local/lib/python3.12/site-packages/airflow/example_dags/example_setup_teardown.py
[2024-08-25T00:41:29.000+0000] {processor.py:914} INFO - Processing file /home/airflow/.local/lib/python3.12/site-packages/airflow/example_dags/example_setup_teardown.py for tasks to queue
[2024-08-25T00:41:29.006+0000] {logging_mixin.py:190} INFO - [2024-08-25T00:41:29.005+0000] {dagbag.py:587} INFO - Filling up the DagBag from /home/airflow/.local/lib/python3.12/site-packages/airflow/example_dags/example_setup_teardown.py
[2024-08-25T00:41:29.058+0000] {processor.py:925} INFO - DAG(s) 'example_setup_teardown' retrieved from /home/airflow/.local/lib/python3.12/site-packages/airflow/example_dags/example_setup_teardown.py
[2024-08-25T00:41:29.152+0000] {logging_mixin.py:190} INFO - [2024-08-25T00:41:29.151+0000] {dag.py:3211} INFO - Sync 1 DAGs
[2024-08-25T00:41:29.272+0000] {logging_mixin.py:190} INFO - [2024-08-25T00:41:29.271+0000] {dag.py:4138} INFO - Setting next_dagrun for example_setup_teardown to 2024-08-24 00:00:00+00:00, run_after=2024-08-25 00:00:00+00:00
[2024-08-25T00:41:29.321+0000] {processor.py:208} INFO - Processing /home/airflow/.local/lib/python3.12/site-packages/airflow/example_dags/example_setup_teardown.py took 0.354 seconds
