[2024-08-25T00:00:14.020+0000] {processor.py:186} INFO - Started process (PID=38531) to work on /home/airflow/.local/lib/python3.12/site-packages/airflow/example_dags/example_setup_teardown_taskflow.py
[2024-08-25T00:00:14.048+0000] {processor.py:914} INFO - Processing file /home/airflow/.local/lib/python3.12/site-packages/airflow/example_dags/example_setup_teardown_taskflow.py for tasks to queue
[2024-08-25T00:00:14.072+0000] {logging_mixin.py:190} INFO - [2024-08-25T00:00:14.071+0000] {dagbag.py:587} INFO - Filling up the DagBag from /home/airflow/.local/lib/python3.12/site-packages/airflow/example_dags/example_setup_teardown_taskflow.py
[2024-08-25T00:00:14.170+0000] {processor.py:925} INFO - DAG(s) 'example_setup_teardown_taskflow' retrieved from /home/airflow/.local/lib/python3.12/site-packages/airflow/example_dags/example_setup_teardown_taskflow.py
[2024-08-25T00:00:14.328+0000] {logging_mixin.py:190} INFO - [2024-08-25T00:00:14.318+0000] {dag.py:3211} INFO - Sync 1 DAGs
[2024-08-25T00:00:14.507+0000] {logging_mixin.py:190} INFO - [2024-08-25T00:00:14.506+0000] {dag.py:4138} INFO - Setting next_dagrun for example_setup_teardown_taskflow to 2024-08-24 00:00:00+00:00, run_after=2024-08-25 00:00:00+00:00
[2024-08-25T00:00:14.658+0000] {processor.py:208} INFO - Processing /home/airflow/.local/lib/python3.12/site-packages/airflow/example_dags/example_setup_teardown_taskflow.py took 0.682 seconds
[2024-08-25T00:05:55.212+0000] {processor.py:186} INFO - Started process (PID=95) to work on /home/airflow/.local/lib/python3.12/site-packages/airflow/example_dags/example_setup_teardown_taskflow.py
[2024-08-25T00:05:55.218+0000] {processor.py:914} INFO - Processing file /home/airflow/.local/lib/python3.12/site-packages/airflow/example_dags/example_setup_teardown_taskflow.py for tasks to queue
[2024-08-25T00:05:55.227+0000] {logging_mixin.py:190} INFO - [2024-08-25T00:05:55.226+0000] {dagbag.py:587} INFO - Filling up the DagBag from /home/airflow/.local/lib/python3.12/site-packages/airflow/example_dags/example_setup_teardown_taskflow.py
[2024-08-25T00:05:55.291+0000] {processor.py:925} INFO - DAG(s) 'example_setup_teardown_taskflow' retrieved from /home/airflow/.local/lib/python3.12/site-packages/airflow/example_dags/example_setup_teardown_taskflow.py
[2024-08-25T00:05:55.420+0000] {logging_mixin.py:190} INFO - [2024-08-25T00:05:55.419+0000] {dag.py:3211} INFO - Sync 1 DAGs
[2024-08-25T00:05:55.563+0000] {logging_mixin.py:190} INFO - [2024-08-25T00:05:55.563+0000] {dag.py:4138} INFO - Setting next_dagrun for example_setup_teardown_taskflow to 2024-08-24 00:00:00+00:00, run_after=2024-08-25 00:00:00+00:00
[2024-08-25T00:05:55.651+0000] {processor.py:208} INFO - Processing /home/airflow/.local/lib/python3.12/site-packages/airflow/example_dags/example_setup_teardown_taskflow.py took 0.471 seconds
[2024-08-25T00:06:38.004+0000] {processor.py:186} INFO - Started process (PID=163) to work on /home/airflow/.local/lib/python3.12/site-packages/airflow/example_dags/example_setup_teardown_taskflow.py
[2024-08-25T00:06:38.029+0000] {processor.py:914} INFO - Processing file /home/airflow/.local/lib/python3.12/site-packages/airflow/example_dags/example_setup_teardown_taskflow.py for tasks to queue
[2024-08-25T00:06:38.065+0000] {logging_mixin.py:190} INFO - [2024-08-25T00:06:38.064+0000] {dagbag.py:587} INFO - Filling up the DagBag from /home/airflow/.local/lib/python3.12/site-packages/airflow/example_dags/example_setup_teardown_taskflow.py
[2024-08-25T00:06:38.215+0000] {processor.py:925} INFO - DAG(s) 'example_setup_teardown_taskflow' retrieved from /home/airflow/.local/lib/python3.12/site-packages/airflow/example_dags/example_setup_teardown_taskflow.py
[2024-08-25T00:06:38.423+0000] {logging_mixin.py:190} INFO - [2024-08-25T00:06:38.411+0000] {dag.py:3211} INFO - Sync 1 DAGs
[2024-08-25T00:06:38.778+0000] {logging_mixin.py:190} INFO - [2024-08-25T00:06:38.777+0000] {dag.py:4138} INFO - Setting next_dagrun for example_setup_teardown_taskflow to 2024-08-24 00:00:00+00:00, run_after=2024-08-25 00:00:00+00:00
[2024-08-25T00:06:39.105+0000] {processor.py:208} INFO - Processing /home/airflow/.local/lib/python3.12/site-packages/airflow/example_dags/example_setup_teardown_taskflow.py took 1.206 seconds
[2024-08-25T00:07:22.596+0000] {processor.py:186} INFO - Started process (PID=228) to work on /home/airflow/.local/lib/python3.12/site-packages/airflow/example_dags/example_setup_teardown_taskflow.py
[2024-08-25T00:07:22.599+0000] {processor.py:914} INFO - Processing file /home/airflow/.local/lib/python3.12/site-packages/airflow/example_dags/example_setup_teardown_taskflow.py for tasks to queue
[2024-08-25T00:07:22.607+0000] {logging_mixin.py:190} INFO - [2024-08-25T00:07:22.606+0000] {dagbag.py:587} INFO - Filling up the DagBag from /home/airflow/.local/lib/python3.12/site-packages/airflow/example_dags/example_setup_teardown_taskflow.py
[2024-08-25T00:07:22.679+0000] {processor.py:925} INFO - DAG(s) 'example_setup_teardown_taskflow' retrieved from /home/airflow/.local/lib/python3.12/site-packages/airflow/example_dags/example_setup_teardown_taskflow.py
[2024-08-25T00:07:22.812+0000] {logging_mixin.py:190} INFO - [2024-08-25T00:07:22.810+0000] {dag.py:3211} INFO - Sync 1 DAGs
[2024-08-25T00:07:22.916+0000] {logging_mixin.py:190} INFO - [2024-08-25T00:07:22.916+0000] {dag.py:4138} INFO - Setting next_dagrun for example_setup_teardown_taskflow to 2024-08-24 00:00:00+00:00, run_after=2024-08-25 00:00:00+00:00
[2024-08-25T00:07:22.992+0000] {processor.py:208} INFO - Processing /home/airflow/.local/lib/python3.12/site-packages/airflow/example_dags/example_setup_teardown_taskflow.py took 0.428 seconds
[2024-08-25T00:07:56.116+0000] {processor.py:186} INFO - Started process (PID=290) to work on /home/airflow/.local/lib/python3.12/site-packages/airflow/example_dags/example_setup_teardown_taskflow.py
[2024-08-25T00:07:56.122+0000] {processor.py:914} INFO - Processing file /home/airflow/.local/lib/python3.12/site-packages/airflow/example_dags/example_setup_teardown_taskflow.py for tasks to queue
[2024-08-25T00:07:56.131+0000] {logging_mixin.py:190} INFO - [2024-08-25T00:07:56.130+0000] {dagbag.py:587} INFO - Filling up the DagBag from /home/airflow/.local/lib/python3.12/site-packages/airflow/example_dags/example_setup_teardown_taskflow.py
[2024-08-25T00:07:56.177+0000] {processor.py:925} INFO - DAG(s) 'example_setup_teardown_taskflow' retrieved from /home/airflow/.local/lib/python3.12/site-packages/airflow/example_dags/example_setup_teardown_taskflow.py
[2024-08-25T00:07:56.321+0000] {logging_mixin.py:190} INFO - [2024-08-25T00:07:56.319+0000] {dag.py:3211} INFO - Sync 1 DAGs
[2024-08-25T00:07:56.464+0000] {logging_mixin.py:190} INFO - [2024-08-25T00:07:56.464+0000] {dag.py:4138} INFO - Setting next_dagrun for example_setup_teardown_taskflow to 2024-08-24 00:00:00+00:00, run_after=2024-08-25 00:00:00+00:00
[2024-08-25T00:07:56.574+0000] {processor.py:208} INFO - Processing /home/airflow/.local/lib/python3.12/site-packages/airflow/example_dags/example_setup_teardown_taskflow.py took 0.483 seconds
[2024-08-25T00:08:28.454+0000] {processor.py:186} INFO - Started process (PID=353) to work on /home/airflow/.local/lib/python3.12/site-packages/airflow/example_dags/example_setup_teardown_taskflow.py
[2024-08-25T00:08:28.456+0000] {processor.py:914} INFO - Processing file /home/airflow/.local/lib/python3.12/site-packages/airflow/example_dags/example_setup_teardown_taskflow.py for tasks to queue
[2024-08-25T00:08:28.465+0000] {logging_mixin.py:190} INFO - [2024-08-25T00:08:28.464+0000] {dagbag.py:587} INFO - Filling up the DagBag from /home/airflow/.local/lib/python3.12/site-packages/airflow/example_dags/example_setup_teardown_taskflow.py
[2024-08-25T00:08:28.522+0000] {processor.py:925} INFO - DAG(s) 'example_setup_teardown_taskflow' retrieved from /home/airflow/.local/lib/python3.12/site-packages/airflow/example_dags/example_setup_teardown_taskflow.py
[2024-08-25T00:08:28.607+0000] {logging_mixin.py:190} INFO - [2024-08-25T00:08:28.606+0000] {dag.py:3211} INFO - Sync 1 DAGs
[2024-08-25T00:08:28.728+0000] {logging_mixin.py:190} INFO - [2024-08-25T00:08:28.728+0000] {dag.py:4138} INFO - Setting next_dagrun for example_setup_teardown_taskflow to 2024-08-24 00:00:00+00:00, run_after=2024-08-25 00:00:00+00:00
[2024-08-25T00:08:28.820+0000] {processor.py:208} INFO - Processing /home/airflow/.local/lib/python3.12/site-packages/airflow/example_dags/example_setup_teardown_taskflow.py took 0.386 seconds
[2024-08-25T00:08:59.647+0000] {processor.py:186} INFO - Started process (PID=422) to work on /home/airflow/.local/lib/python3.12/site-packages/airflow/example_dags/example_setup_teardown_taskflow.py
[2024-08-25T00:08:59.658+0000] {processor.py:914} INFO - Processing file /home/airflow/.local/lib/python3.12/site-packages/airflow/example_dags/example_setup_teardown_taskflow.py for tasks to queue
[2024-08-25T00:08:59.671+0000] {logging_mixin.py:190} INFO - [2024-08-25T00:08:59.669+0000] {dagbag.py:587} INFO - Filling up the DagBag from /home/airflow/.local/lib/python3.12/site-packages/airflow/example_dags/example_setup_teardown_taskflow.py
[2024-08-25T00:08:59.840+0000] {processor.py:925} INFO - DAG(s) 'example_setup_teardown_taskflow' retrieved from /home/airflow/.local/lib/python3.12/site-packages/airflow/example_dags/example_setup_teardown_taskflow.py
[2024-08-25T00:09:00.119+0000] {logging_mixin.py:190} INFO - [2024-08-25T00:09:00.117+0000] {dag.py:3211} INFO - Sync 1 DAGs
[2024-08-25T00:09:00.208+0000] {logging_mixin.py:190} INFO - [2024-08-25T00:09:00.208+0000] {dag.py:4138} INFO - Setting next_dagrun for example_setup_teardown_taskflow to 2024-08-24 00:00:00+00:00, run_after=2024-08-25 00:00:00+00:00
[2024-08-25T00:09:00.264+0000] {processor.py:208} INFO - Processing /home/airflow/.local/lib/python3.12/site-packages/airflow/example_dags/example_setup_teardown_taskflow.py took 0.658 seconds
[2024-08-25T00:09:30.557+0000] {processor.py:186} INFO - Started process (PID=486) to work on /home/airflow/.local/lib/python3.12/site-packages/airflow/example_dags/example_setup_teardown_taskflow.py
[2024-08-25T00:09:30.561+0000] {processor.py:914} INFO - Processing file /home/airflow/.local/lib/python3.12/site-packages/airflow/example_dags/example_setup_teardown_taskflow.py for tasks to queue
[2024-08-25T00:09:30.576+0000] {logging_mixin.py:190} INFO - [2024-08-25T00:09:30.575+0000] {dagbag.py:587} INFO - Filling up the DagBag from /home/airflow/.local/lib/python3.12/site-packages/airflow/example_dags/example_setup_teardown_taskflow.py
[2024-08-25T00:09:30.626+0000] {processor.py:925} INFO - DAG(s) 'example_setup_teardown_taskflow' retrieved from /home/airflow/.local/lib/python3.12/site-packages/airflow/example_dags/example_setup_teardown_taskflow.py
[2024-08-25T00:09:30.775+0000] {logging_mixin.py:190} INFO - [2024-08-25T00:09:30.773+0000] {dag.py:3211} INFO - Sync 1 DAGs
[2024-08-25T00:09:30.974+0000] {logging_mixin.py:190} INFO - [2024-08-25T00:09:30.973+0000] {dag.py:4138} INFO - Setting next_dagrun for example_setup_teardown_taskflow to 2024-08-24 00:00:00+00:00, run_after=2024-08-25 00:00:00+00:00
[2024-08-25T00:09:31.060+0000] {processor.py:208} INFO - Processing /home/airflow/.local/lib/python3.12/site-packages/airflow/example_dags/example_setup_teardown_taskflow.py took 0.542 seconds
[2024-08-25T00:10:01.276+0000] {processor.py:186} INFO - Started process (PID=549) to work on /home/airflow/.local/lib/python3.12/site-packages/airflow/example_dags/example_setup_teardown_taskflow.py
[2024-08-25T00:10:01.278+0000] {processor.py:914} INFO - Processing file /home/airflow/.local/lib/python3.12/site-packages/airflow/example_dags/example_setup_teardown_taskflow.py for tasks to queue
[2024-08-25T00:10:01.285+0000] {logging_mixin.py:190} INFO - [2024-08-25T00:10:01.284+0000] {dagbag.py:587} INFO - Filling up the DagBag from /home/airflow/.local/lib/python3.12/site-packages/airflow/example_dags/example_setup_teardown_taskflow.py
[2024-08-25T00:10:01.322+0000] {processor.py:925} INFO - DAG(s) 'example_setup_teardown_taskflow' retrieved from /home/airflow/.local/lib/python3.12/site-packages/airflow/example_dags/example_setup_teardown_taskflow.py
[2024-08-25T00:10:01.396+0000] {logging_mixin.py:190} INFO - [2024-08-25T00:10:01.395+0000] {dag.py:3211} INFO - Sync 1 DAGs
[2024-08-25T00:10:01.474+0000] {logging_mixin.py:190} INFO - [2024-08-25T00:10:01.474+0000] {dag.py:4138} INFO - Setting next_dagrun for example_setup_teardown_taskflow to 2024-08-24 00:00:00+00:00, run_after=2024-08-25 00:00:00+00:00
[2024-08-25T00:10:01.520+0000] {processor.py:208} INFO - Processing /home/airflow/.local/lib/python3.12/site-packages/airflow/example_dags/example_setup_teardown_taskflow.py took 0.260 seconds
[2024-08-25T00:10:33.697+0000] {processor.py:186} INFO - Started process (PID=612) to work on /home/airflow/.local/lib/python3.12/site-packages/airflow/example_dags/example_setup_teardown_taskflow.py
[2024-08-25T00:10:33.707+0000] {processor.py:914} INFO - Processing file /home/airflow/.local/lib/python3.12/site-packages/airflow/example_dags/example_setup_teardown_taskflow.py for tasks to queue
[2024-08-25T00:10:33.739+0000] {logging_mixin.py:190} INFO - [2024-08-25T00:10:33.737+0000] {dagbag.py:587} INFO - Filling up the DagBag from /home/airflow/.local/lib/python3.12/site-packages/airflow/example_dags/example_setup_teardown_taskflow.py
[2024-08-25T00:10:33.829+0000] {processor.py:925} INFO - DAG(s) 'example_setup_teardown_taskflow' retrieved from /home/airflow/.local/lib/python3.12/site-packages/airflow/example_dags/example_setup_teardown_taskflow.py
[2024-08-25T00:10:33.912+0000] {logging_mixin.py:190} INFO - [2024-08-25T00:10:33.911+0000] {dag.py:3211} INFO - Sync 1 DAGs
[2024-08-25T00:10:34.035+0000] {logging_mixin.py:190} INFO - [2024-08-25T00:10:34.034+0000] {dag.py:4138} INFO - Setting next_dagrun for example_setup_teardown_taskflow to 2024-08-24 00:00:00+00:00, run_after=2024-08-25 00:00:00+00:00
[2024-08-25T00:10:34.096+0000] {processor.py:208} INFO - Processing /home/airflow/.local/lib/python3.12/site-packages/airflow/example_dags/example_setup_teardown_taskflow.py took 0.434 seconds
[2024-08-25T00:11:04.592+0000] {processor.py:186} INFO - Started process (PID=674) to work on /home/airflow/.local/lib/python3.12/site-packages/airflow/example_dags/example_setup_teardown_taskflow.py
[2024-08-25T00:11:04.596+0000] {processor.py:914} INFO - Processing file /home/airflow/.local/lib/python3.12/site-packages/airflow/example_dags/example_setup_teardown_taskflow.py for tasks to queue
[2024-08-25T00:11:04.616+0000] {logging_mixin.py:190} INFO - [2024-08-25T00:11:04.616+0000] {dagbag.py:587} INFO - Filling up the DagBag from /home/airflow/.local/lib/python3.12/site-packages/airflow/example_dags/example_setup_teardown_taskflow.py
[2024-08-25T00:11:04.759+0000] {processor.py:925} INFO - DAG(s) 'example_setup_teardown_taskflow' retrieved from /home/airflow/.local/lib/python3.12/site-packages/airflow/example_dags/example_setup_teardown_taskflow.py
[2024-08-25T00:11:04.961+0000] {logging_mixin.py:190} INFO - [2024-08-25T00:11:04.959+0000] {dag.py:3211} INFO - Sync 1 DAGs
[2024-08-25T00:11:05.107+0000] {logging_mixin.py:190} INFO - [2024-08-25T00:11:05.107+0000] {dag.py:4138} INFO - Setting next_dagrun for example_setup_teardown_taskflow to 2024-08-24 00:00:00+00:00, run_after=2024-08-25 00:00:00+00:00
[2024-08-25T00:11:05.194+0000] {processor.py:208} INFO - Processing /home/airflow/.local/lib/python3.12/site-packages/airflow/example_dags/example_setup_teardown_taskflow.py took 0.659 seconds
[2024-08-25T00:11:36.008+0000] {processor.py:186} INFO - Started process (PID=737) to work on /home/airflow/.local/lib/python3.12/site-packages/airflow/example_dags/example_setup_teardown_taskflow.py
[2024-08-25T00:11:36.011+0000] {processor.py:914} INFO - Processing file /home/airflow/.local/lib/python3.12/site-packages/airflow/example_dags/example_setup_teardown_taskflow.py for tasks to queue
[2024-08-25T00:11:36.017+0000] {logging_mixin.py:190} INFO - [2024-08-25T00:11:36.016+0000] {dagbag.py:587} INFO - Filling up the DagBag from /home/airflow/.local/lib/python3.12/site-packages/airflow/example_dags/example_setup_teardown_taskflow.py
[2024-08-25T00:11:36.046+0000] {processor.py:925} INFO - DAG(s) 'example_setup_teardown_taskflow' retrieved from /home/airflow/.local/lib/python3.12/site-packages/airflow/example_dags/example_setup_teardown_taskflow.py
[2024-08-25T00:11:36.097+0000] {logging_mixin.py:190} INFO - [2024-08-25T00:11:36.096+0000] {dag.py:3211} INFO - Sync 1 DAGs
[2024-08-25T00:11:36.172+0000] {logging_mixin.py:190} INFO - [2024-08-25T00:11:36.172+0000] {dag.py:4138} INFO - Setting next_dagrun for example_setup_teardown_taskflow to 2024-08-24 00:00:00+00:00, run_after=2024-08-25 00:00:00+00:00
[2024-08-25T00:11:36.226+0000] {processor.py:208} INFO - Processing /home/airflow/.local/lib/python3.12/site-packages/airflow/example_dags/example_setup_teardown_taskflow.py took 0.234 seconds
[2024-08-25T00:12:06.510+0000] {processor.py:186} INFO - Started process (PID=801) to work on /home/airflow/.local/lib/python3.12/site-packages/airflow/example_dags/example_setup_teardown_taskflow.py
[2024-08-25T00:12:06.512+0000] {processor.py:914} INFO - Processing file /home/airflow/.local/lib/python3.12/site-packages/airflow/example_dags/example_setup_teardown_taskflow.py for tasks to queue
[2024-08-25T00:12:06.519+0000] {logging_mixin.py:190} INFO - [2024-08-25T00:12:06.518+0000] {dagbag.py:587} INFO - Filling up the DagBag from /home/airflow/.local/lib/python3.12/site-packages/airflow/example_dags/example_setup_teardown_taskflow.py
[2024-08-25T00:12:06.550+0000] {processor.py:925} INFO - DAG(s) 'example_setup_teardown_taskflow' retrieved from /home/airflow/.local/lib/python3.12/site-packages/airflow/example_dags/example_setup_teardown_taskflow.py
[2024-08-25T00:12:06.605+0000] {logging_mixin.py:190} INFO - [2024-08-25T00:12:06.603+0000] {dag.py:3211} INFO - Sync 1 DAGs
[2024-08-25T00:12:06.678+0000] {logging_mixin.py:190} INFO - [2024-08-25T00:12:06.677+0000] {dag.py:4138} INFO - Setting next_dagrun for example_setup_teardown_taskflow to 2024-08-24 00:00:00+00:00, run_after=2024-08-25 00:00:00+00:00
[2024-08-25T00:12:06.733+0000] {processor.py:208} INFO - Processing /home/airflow/.local/lib/python3.12/site-packages/airflow/example_dags/example_setup_teardown_taskflow.py took 0.238 seconds
[2024-08-25T00:12:37.033+0000] {processor.py:186} INFO - Started process (PID=864) to work on /home/airflow/.local/lib/python3.12/site-packages/airflow/example_dags/example_setup_teardown_taskflow.py
[2024-08-25T00:12:37.041+0000] {processor.py:914} INFO - Processing file /home/airflow/.local/lib/python3.12/site-packages/airflow/example_dags/example_setup_teardown_taskflow.py for tasks to queue
[2024-08-25T00:12:37.048+0000] {logging_mixin.py:190} INFO - [2024-08-25T00:12:37.047+0000] {dagbag.py:587} INFO - Filling up the DagBag from /home/airflow/.local/lib/python3.12/site-packages/airflow/example_dags/example_setup_teardown_taskflow.py
[2024-08-25T00:12:37.101+0000] {processor.py:925} INFO - DAG(s) 'example_setup_teardown_taskflow' retrieved from /home/airflow/.local/lib/python3.12/site-packages/airflow/example_dags/example_setup_teardown_taskflow.py
[2024-08-25T00:12:37.162+0000] {logging_mixin.py:190} INFO - [2024-08-25T00:12:37.161+0000] {dag.py:3211} INFO - Sync 1 DAGs
[2024-08-25T00:12:37.230+0000] {logging_mixin.py:190} INFO - [2024-08-25T00:12:37.229+0000] {dag.py:4138} INFO - Setting next_dagrun for example_setup_teardown_taskflow to 2024-08-24 00:00:00+00:00, run_after=2024-08-25 00:00:00+00:00
[2024-08-25T00:12:37.290+0000] {processor.py:208} INFO - Processing /home/airflow/.local/lib/python3.12/site-packages/airflow/example_dags/example_setup_teardown_taskflow.py took 0.283 seconds
[2024-08-25T00:13:07.975+0000] {processor.py:186} INFO - Started process (PID=927) to work on /home/airflow/.local/lib/python3.12/site-packages/airflow/example_dags/example_setup_teardown_taskflow.py
[2024-08-25T00:13:07.977+0000] {processor.py:914} INFO - Processing file /home/airflow/.local/lib/python3.12/site-packages/airflow/example_dags/example_setup_teardown_taskflow.py for tasks to queue
[2024-08-25T00:13:07.984+0000] {logging_mixin.py:190} INFO - [2024-08-25T00:13:07.983+0000] {dagbag.py:587} INFO - Filling up the DagBag from /home/airflow/.local/lib/python3.12/site-packages/airflow/example_dags/example_setup_teardown_taskflow.py
[2024-08-25T00:13:08.020+0000] {processor.py:925} INFO - DAG(s) 'example_setup_teardown_taskflow' retrieved from /home/airflow/.local/lib/python3.12/site-packages/airflow/example_dags/example_setup_teardown_taskflow.py
[2024-08-25T00:13:08.093+0000] {logging_mixin.py:190} INFO - [2024-08-25T00:13:08.090+0000] {dag.py:3211} INFO - Sync 1 DAGs
[2024-08-25T00:13:08.215+0000] {logging_mixin.py:190} INFO - [2024-08-25T00:13:08.214+0000] {dag.py:4138} INFO - Setting next_dagrun for example_setup_teardown_taskflow to 2024-08-24 00:00:00+00:00, run_after=2024-08-25 00:00:00+00:00
[2024-08-25T00:13:08.315+0000] {processor.py:208} INFO - Processing /home/airflow/.local/lib/python3.12/site-packages/airflow/example_dags/example_setup_teardown_taskflow.py took 0.354 seconds
[2024-08-25T00:13:43.323+0000] {processor.py:186} INFO - Started process (PID=990) to work on /home/airflow/.local/lib/python3.12/site-packages/airflow/example_dags/example_setup_teardown_taskflow.py
[2024-08-25T00:13:43.339+0000] {processor.py:914} INFO - Processing file /home/airflow/.local/lib/python3.12/site-packages/airflow/example_dags/example_setup_teardown_taskflow.py for tasks to queue
[2024-08-25T00:13:43.358+0000] {logging_mixin.py:190} INFO - [2024-08-25T00:13:43.357+0000] {dagbag.py:587} INFO - Filling up the DagBag from /home/airflow/.local/lib/python3.12/site-packages/airflow/example_dags/example_setup_teardown_taskflow.py
[2024-08-25T00:13:43.512+0000] {processor.py:925} INFO - DAG(s) 'example_setup_teardown_taskflow' retrieved from /home/airflow/.local/lib/python3.12/site-packages/airflow/example_dags/example_setup_teardown_taskflow.py
[2024-08-25T00:13:43.787+0000] {logging_mixin.py:190} INFO - [2024-08-25T00:13:43.786+0000] {dag.py:3211} INFO - Sync 1 DAGs
[2024-08-25T00:13:44.181+0000] {logging_mixin.py:190} INFO - [2024-08-25T00:13:44.181+0000] {dag.py:4138} INFO - Setting next_dagrun for example_setup_teardown_taskflow to 2024-08-24 00:00:00+00:00, run_after=2024-08-25 00:00:00+00:00
[2024-08-25T00:13:44.736+0000] {processor.py:208} INFO - Processing /home/airflow/.local/lib/python3.12/site-packages/airflow/example_dags/example_setup_teardown_taskflow.py took 1.464 seconds
[2024-08-25T00:14:15.644+0000] {processor.py:186} INFO - Started process (PID=1054) to work on /home/airflow/.local/lib/python3.12/site-packages/airflow/example_dags/example_setup_teardown_taskflow.py
[2024-08-25T00:14:15.647+0000] {processor.py:914} INFO - Processing file /home/airflow/.local/lib/python3.12/site-packages/airflow/example_dags/example_setup_teardown_taskflow.py for tasks to queue
[2024-08-25T00:14:15.659+0000] {logging_mixin.py:190} INFO - [2024-08-25T00:14:15.658+0000] {dagbag.py:587} INFO - Filling up the DagBag from /home/airflow/.local/lib/python3.12/site-packages/airflow/example_dags/example_setup_teardown_taskflow.py
[2024-08-25T00:14:15.711+0000] {processor.py:925} INFO - DAG(s) 'example_setup_teardown_taskflow' retrieved from /home/airflow/.local/lib/python3.12/site-packages/airflow/example_dags/example_setup_teardown_taskflow.py
[2024-08-25T00:14:15.796+0000] {logging_mixin.py:190} INFO - [2024-08-25T00:14:15.795+0000] {dag.py:3211} INFO - Sync 1 DAGs
[2024-08-25T00:14:15.861+0000] {logging_mixin.py:190} INFO - [2024-08-25T00:14:15.860+0000] {dag.py:4138} INFO - Setting next_dagrun for example_setup_teardown_taskflow to 2024-08-24 00:00:00+00:00, run_after=2024-08-25 00:00:00+00:00
[2024-08-25T00:14:15.905+0000] {processor.py:208} INFO - Processing /home/airflow/.local/lib/python3.12/site-packages/airflow/example_dags/example_setup_teardown_taskflow.py took 0.282 seconds
[2024-08-25T00:14:46.452+0000] {processor.py:186} INFO - Started process (PID=1118) to work on /home/airflow/.local/lib/python3.12/site-packages/airflow/example_dags/example_setup_teardown_taskflow.py
[2024-08-25T00:14:46.454+0000] {processor.py:914} INFO - Processing file /home/airflow/.local/lib/python3.12/site-packages/airflow/example_dags/example_setup_teardown_taskflow.py for tasks to queue
[2024-08-25T00:14:46.461+0000] {logging_mixin.py:190} INFO - [2024-08-25T00:14:46.460+0000] {dagbag.py:587} INFO - Filling up the DagBag from /home/airflow/.local/lib/python3.12/site-packages/airflow/example_dags/example_setup_teardown_taskflow.py
[2024-08-25T00:14:46.497+0000] {processor.py:925} INFO - DAG(s) 'example_setup_teardown_taskflow' retrieved from /home/airflow/.local/lib/python3.12/site-packages/airflow/example_dags/example_setup_teardown_taskflow.py
[2024-08-25T00:14:46.556+0000] {logging_mixin.py:190} INFO - [2024-08-25T00:14:46.555+0000] {dag.py:3211} INFO - Sync 1 DAGs
[2024-08-25T00:14:46.620+0000] {logging_mixin.py:190} INFO - [2024-08-25T00:14:46.619+0000] {dag.py:4138} INFO - Setting next_dagrun for example_setup_teardown_taskflow to 2024-08-24 00:00:00+00:00, run_after=2024-08-25 00:00:00+00:00
[2024-08-25T00:14:46.668+0000] {processor.py:208} INFO - Processing /home/airflow/.local/lib/python3.12/site-packages/airflow/example_dags/example_setup_teardown_taskflow.py took 0.236 seconds
[2024-08-25T00:15:20.230+0000] {processor.py:186} INFO - Started process (PID=1181) to work on /home/airflow/.local/lib/python3.12/site-packages/airflow/example_dags/example_setup_teardown_taskflow.py
[2024-08-25T00:15:20.233+0000] {processor.py:914} INFO - Processing file /home/airflow/.local/lib/python3.12/site-packages/airflow/example_dags/example_setup_teardown_taskflow.py for tasks to queue
[2024-08-25T00:15:20.241+0000] {logging_mixin.py:190} INFO - [2024-08-25T00:15:20.239+0000] {dagbag.py:587} INFO - Filling up the DagBag from /home/airflow/.local/lib/python3.12/site-packages/airflow/example_dags/example_setup_teardown_taskflow.py
[2024-08-25T00:15:20.284+0000] {processor.py:925} INFO - DAG(s) 'example_setup_teardown_taskflow' retrieved from /home/airflow/.local/lib/python3.12/site-packages/airflow/example_dags/example_setup_teardown_taskflow.py
[2024-08-25T00:15:20.368+0000] {logging_mixin.py:190} INFO - [2024-08-25T00:15:20.367+0000] {dag.py:3211} INFO - Sync 1 DAGs
[2024-08-25T00:15:20.450+0000] {logging_mixin.py:190} INFO - [2024-08-25T00:15:20.449+0000] {dag.py:4138} INFO - Setting next_dagrun for example_setup_teardown_taskflow to 2024-08-24 00:00:00+00:00, run_after=2024-08-25 00:00:00+00:00
[2024-08-25T00:15:20.534+0000] {processor.py:208} INFO - Processing /home/airflow/.local/lib/python3.12/site-packages/airflow/example_dags/example_setup_teardown_taskflow.py took 0.327 seconds
[2024-08-25T00:15:51.079+0000] {processor.py:186} INFO - Started process (PID=1245) to work on /home/airflow/.local/lib/python3.12/site-packages/airflow/example_dags/example_setup_teardown_taskflow.py
[2024-08-25T00:15:51.082+0000] {processor.py:914} INFO - Processing file /home/airflow/.local/lib/python3.12/site-packages/airflow/example_dags/example_setup_teardown_taskflow.py for tasks to queue
[2024-08-25T00:15:51.093+0000] {logging_mixin.py:190} INFO - [2024-08-25T00:15:51.091+0000] {dagbag.py:587} INFO - Filling up the DagBag from /home/airflow/.local/lib/python3.12/site-packages/airflow/example_dags/example_setup_teardown_taskflow.py
[2024-08-25T00:15:51.146+0000] {processor.py:925} INFO - DAG(s) 'example_setup_teardown_taskflow' retrieved from /home/airflow/.local/lib/python3.12/site-packages/airflow/example_dags/example_setup_teardown_taskflow.py
[2024-08-25T00:15:51.240+0000] {logging_mixin.py:190} INFO - [2024-08-25T00:15:51.239+0000] {dag.py:3211} INFO - Sync 1 DAGs
[2024-08-25T00:15:51.376+0000] {logging_mixin.py:190} INFO - [2024-08-25T00:15:51.375+0000] {dag.py:4138} INFO - Setting next_dagrun for example_setup_teardown_taskflow to 2024-08-24 00:00:00+00:00, run_after=2024-08-25 00:00:00+00:00
[2024-08-25T00:15:51.436+0000] {processor.py:208} INFO - Processing /home/airflow/.local/lib/python3.12/site-packages/airflow/example_dags/example_setup_teardown_taskflow.py took 0.378 seconds
[2024-08-25T00:16:24.670+0000] {processor.py:186} INFO - Started process (PID=1309) to work on /home/airflow/.local/lib/python3.12/site-packages/airflow/example_dags/example_setup_teardown_taskflow.py
[2024-08-25T00:16:24.682+0000] {processor.py:914} INFO - Processing file /home/airflow/.local/lib/python3.12/site-packages/airflow/example_dags/example_setup_teardown_taskflow.py for tasks to queue
[2024-08-25T00:16:24.701+0000] {logging_mixin.py:190} INFO - [2024-08-25T00:16:24.690+0000] {dagbag.py:587} INFO - Filling up the DagBag from /home/airflow/.local/lib/python3.12/site-packages/airflow/example_dags/example_setup_teardown_taskflow.py
[2024-08-25T00:16:24.833+0000] {processor.py:925} INFO - DAG(s) 'example_setup_teardown_taskflow' retrieved from /home/airflow/.local/lib/python3.12/site-packages/airflow/example_dags/example_setup_teardown_taskflow.py
[2024-08-25T00:16:25.037+0000] {logging_mixin.py:190} INFO - [2024-08-25T00:16:25.036+0000] {dag.py:3211} INFO - Sync 1 DAGs
[2024-08-25T00:16:25.368+0000] {logging_mixin.py:190} INFO - [2024-08-25T00:16:25.355+0000] {dag.py:4138} INFO - Setting next_dagrun for example_setup_teardown_taskflow to 2024-08-24 00:00:00+00:00, run_after=2024-08-25 00:00:00+00:00
[2024-08-25T00:16:25.557+0000] {processor.py:208} INFO - Processing /home/airflow/.local/lib/python3.12/site-packages/airflow/example_dags/example_setup_teardown_taskflow.py took 0.939 seconds
[2024-08-25T00:16:56.014+0000] {processor.py:186} INFO - Started process (PID=1372) to work on /home/airflow/.local/lib/python3.12/site-packages/airflow/example_dags/example_setup_teardown_taskflow.py
[2024-08-25T00:16:56.017+0000] {processor.py:914} INFO - Processing file /home/airflow/.local/lib/python3.12/site-packages/airflow/example_dags/example_setup_teardown_taskflow.py for tasks to queue
[2024-08-25T00:16:56.023+0000] {logging_mixin.py:190} INFO - [2024-08-25T00:16:56.022+0000] {dagbag.py:587} INFO - Filling up the DagBag from /home/airflow/.local/lib/python3.12/site-packages/airflow/example_dags/example_setup_teardown_taskflow.py
[2024-08-25T00:16:56.058+0000] {processor.py:925} INFO - DAG(s) 'example_setup_teardown_taskflow' retrieved from /home/airflow/.local/lib/python3.12/site-packages/airflow/example_dags/example_setup_teardown_taskflow.py
[2024-08-25T00:16:56.132+0000] {logging_mixin.py:190} INFO - [2024-08-25T00:16:56.131+0000] {dag.py:3211} INFO - Sync 1 DAGs
[2024-08-25T00:16:56.353+0000] {logging_mixin.py:190} INFO - [2024-08-25T00:16:56.353+0000] {dag.py:4138} INFO - Setting next_dagrun for example_setup_teardown_taskflow to 2024-08-24 00:00:00+00:00, run_after=2024-08-25 00:00:00+00:00
[2024-08-25T00:16:56.508+0000] {processor.py:208} INFO - Processing /home/airflow/.local/lib/python3.12/site-packages/airflow/example_dags/example_setup_teardown_taskflow.py took 0.511 seconds
[2024-08-25T00:17:27.613+0000] {processor.py:186} INFO - Started process (PID=1435) to work on /home/airflow/.local/lib/python3.12/site-packages/airflow/example_dags/example_setup_teardown_taskflow.py
[2024-08-25T00:17:27.616+0000] {processor.py:914} INFO - Processing file /home/airflow/.local/lib/python3.12/site-packages/airflow/example_dags/example_setup_teardown_taskflow.py for tasks to queue
[2024-08-25T00:17:27.623+0000] {logging_mixin.py:190} INFO - [2024-08-25T00:17:27.622+0000] {dagbag.py:587} INFO - Filling up the DagBag from /home/airflow/.local/lib/python3.12/site-packages/airflow/example_dags/example_setup_teardown_taskflow.py
[2024-08-25T00:17:27.659+0000] {processor.py:925} INFO - DAG(s) 'example_setup_teardown_taskflow' retrieved from /home/airflow/.local/lib/python3.12/site-packages/airflow/example_dags/example_setup_teardown_taskflow.py
[2024-08-25T00:17:27.734+0000] {logging_mixin.py:190} INFO - [2024-08-25T00:17:27.733+0000] {dag.py:3211} INFO - Sync 1 DAGs
[2024-08-25T00:17:27.818+0000] {logging_mixin.py:190} INFO - [2024-08-25T00:17:27.817+0000] {dag.py:4138} INFO - Setting next_dagrun for example_setup_teardown_taskflow to 2024-08-24 00:00:00+00:00, run_after=2024-08-25 00:00:00+00:00
[2024-08-25T00:17:27.870+0000] {processor.py:208} INFO - Processing /home/airflow/.local/lib/python3.12/site-packages/airflow/example_dags/example_setup_teardown_taskflow.py took 0.280 seconds
[2024-08-25T00:17:58.336+0000] {processor.py:186} INFO - Started process (PID=1498) to work on /home/airflow/.local/lib/python3.12/site-packages/airflow/example_dags/example_setup_teardown_taskflow.py
[2024-08-25T00:17:58.338+0000] {processor.py:914} INFO - Processing file /home/airflow/.local/lib/python3.12/site-packages/airflow/example_dags/example_setup_teardown_taskflow.py for tasks to queue
[2024-08-25T00:17:58.345+0000] {logging_mixin.py:190} INFO - [2024-08-25T00:17:58.344+0000] {dagbag.py:587} INFO - Filling up the DagBag from /home/airflow/.local/lib/python3.12/site-packages/airflow/example_dags/example_setup_teardown_taskflow.py
[2024-08-25T00:17:58.399+0000] {processor.py:925} INFO - DAG(s) 'example_setup_teardown_taskflow' retrieved from /home/airflow/.local/lib/python3.12/site-packages/airflow/example_dags/example_setup_teardown_taskflow.py
[2024-08-25T00:17:58.471+0000] {logging_mixin.py:190} INFO - [2024-08-25T00:17:58.470+0000] {dag.py:3211} INFO - Sync 1 DAGs
[2024-08-25T00:17:58.542+0000] {logging_mixin.py:190} INFO - [2024-08-25T00:17:58.542+0000] {dag.py:4138} INFO - Setting next_dagrun for example_setup_teardown_taskflow to 2024-08-24 00:00:00+00:00, run_after=2024-08-25 00:00:00+00:00
[2024-08-25T00:17:58.585+0000] {processor.py:208} INFO - Processing /home/airflow/.local/lib/python3.12/site-packages/airflow/example_dags/example_setup_teardown_taskflow.py took 0.268 seconds
[2024-08-25T00:18:31.193+0000] {processor.py:186} INFO - Started process (PID=1561) to work on /home/airflow/.local/lib/python3.12/site-packages/airflow/example_dags/example_setup_teardown_taskflow.py
[2024-08-25T00:18:31.196+0000] {processor.py:914} INFO - Processing file /home/airflow/.local/lib/python3.12/site-packages/airflow/example_dags/example_setup_teardown_taskflow.py for tasks to queue
[2024-08-25T00:18:31.207+0000] {logging_mixin.py:190} INFO - [2024-08-25T00:18:31.206+0000] {dagbag.py:587} INFO - Filling up the DagBag from /home/airflow/.local/lib/python3.12/site-packages/airflow/example_dags/example_setup_teardown_taskflow.py
[2024-08-25T00:18:31.279+0000] {processor.py:925} INFO - DAG(s) 'example_setup_teardown_taskflow' retrieved from /home/airflow/.local/lib/python3.12/site-packages/airflow/example_dags/example_setup_teardown_taskflow.py
[2024-08-25T00:18:31.375+0000] {logging_mixin.py:190} INFO - [2024-08-25T00:18:31.373+0000] {dag.py:3211} INFO - Sync 1 DAGs
[2024-08-25T00:18:31.528+0000] {logging_mixin.py:190} INFO - [2024-08-25T00:18:31.527+0000] {dag.py:4138} INFO - Setting next_dagrun for example_setup_teardown_taskflow to 2024-08-24 00:00:00+00:00, run_after=2024-08-25 00:00:00+00:00
[2024-08-25T00:18:31.635+0000] {processor.py:208} INFO - Processing /home/airflow/.local/lib/python3.12/site-packages/airflow/example_dags/example_setup_teardown_taskflow.py took 0.467 seconds
[2024-08-25T00:19:01.938+0000] {processor.py:186} INFO - Started process (PID=1624) to work on /home/airflow/.local/lib/python3.12/site-packages/airflow/example_dags/example_setup_teardown_taskflow.py
[2024-08-25T00:19:01.940+0000] {processor.py:914} INFO - Processing file /home/airflow/.local/lib/python3.12/site-packages/airflow/example_dags/example_setup_teardown_taskflow.py for tasks to queue
[2024-08-25T00:19:01.953+0000] {logging_mixin.py:190} INFO - [2024-08-25T00:19:01.946+0000] {dagbag.py:587} INFO - Filling up the DagBag from /home/airflow/.local/lib/python3.12/site-packages/airflow/example_dags/example_setup_teardown_taskflow.py
[2024-08-25T00:19:01.994+0000] {processor.py:925} INFO - DAG(s) 'example_setup_teardown_taskflow' retrieved from /home/airflow/.local/lib/python3.12/site-packages/airflow/example_dags/example_setup_teardown_taskflow.py
[2024-08-25T00:19:02.077+0000] {logging_mixin.py:190} INFO - [2024-08-25T00:19:02.075+0000] {dag.py:3211} INFO - Sync 1 DAGs
[2024-08-25T00:19:02.171+0000] {logging_mixin.py:190} INFO - [2024-08-25T00:19:02.170+0000] {dag.py:4138} INFO - Setting next_dagrun for example_setup_teardown_taskflow to 2024-08-24 00:00:00+00:00, run_after=2024-08-25 00:00:00+00:00
[2024-08-25T00:19:02.241+0000] {processor.py:208} INFO - Processing /home/airflow/.local/lib/python3.12/site-packages/airflow/example_dags/example_setup_teardown_taskflow.py took 0.324 seconds
[2024-08-25T00:19:33.259+0000] {processor.py:186} INFO - Started process (PID=1687) to work on /home/airflow/.local/lib/python3.12/site-packages/airflow/example_dags/example_setup_teardown_taskflow.py
[2024-08-25T00:19:33.262+0000] {processor.py:914} INFO - Processing file /home/airflow/.local/lib/python3.12/site-packages/airflow/example_dags/example_setup_teardown_taskflow.py for tasks to queue
[2024-08-25T00:19:33.278+0000] {logging_mixin.py:190} INFO - [2024-08-25T00:19:33.277+0000] {dagbag.py:587} INFO - Filling up the DagBag from /home/airflow/.local/lib/python3.12/site-packages/airflow/example_dags/example_setup_teardown_taskflow.py
[2024-08-25T00:19:33.329+0000] {processor.py:925} INFO - DAG(s) 'example_setup_teardown_taskflow' retrieved from /home/airflow/.local/lib/python3.12/site-packages/airflow/example_dags/example_setup_teardown_taskflow.py
[2024-08-25T00:19:33.471+0000] {logging_mixin.py:190} INFO - [2024-08-25T00:19:33.469+0000] {dag.py:3211} INFO - Sync 1 DAGs
[2024-08-25T00:19:33.720+0000] {logging_mixin.py:190} INFO - [2024-08-25T00:19:33.719+0000] {dag.py:4138} INFO - Setting next_dagrun for example_setup_teardown_taskflow to 2024-08-24 00:00:00+00:00, run_after=2024-08-25 00:00:00+00:00
[2024-08-25T00:19:33.868+0000] {processor.py:208} INFO - Processing /home/airflow/.local/lib/python3.12/site-packages/airflow/example_dags/example_setup_teardown_taskflow.py took 0.643 seconds
[2024-08-25T00:20:04.329+0000] {processor.py:186} INFO - Started process (PID=1757) to work on /home/airflow/.local/lib/python3.12/site-packages/airflow/example_dags/example_setup_teardown_taskflow.py
[2024-08-25T00:20:04.332+0000] {processor.py:914} INFO - Processing file /home/airflow/.local/lib/python3.12/site-packages/airflow/example_dags/example_setup_teardown_taskflow.py for tasks to queue
[2024-08-25T00:20:04.338+0000] {logging_mixin.py:190} INFO - [2024-08-25T00:20:04.337+0000] {dagbag.py:587} INFO - Filling up the DagBag from /home/airflow/.local/lib/python3.12/site-packages/airflow/example_dags/example_setup_teardown_taskflow.py
[2024-08-25T00:20:04.377+0000] {processor.py:925} INFO - DAG(s) 'example_setup_teardown_taskflow' retrieved from /home/airflow/.local/lib/python3.12/site-packages/airflow/example_dags/example_setup_teardown_taskflow.py
[2024-08-25T00:20:04.451+0000] {logging_mixin.py:190} INFO - [2024-08-25T00:20:04.449+0000] {dag.py:3211} INFO - Sync 1 DAGs
[2024-08-25T00:20:04.550+0000] {logging_mixin.py:190} INFO - [2024-08-25T00:20:04.550+0000] {dag.py:4138} INFO - Setting next_dagrun for example_setup_teardown_taskflow to 2024-08-24 00:00:00+00:00, run_after=2024-08-25 00:00:00+00:00
[2024-08-25T00:20:04.599+0000] {processor.py:208} INFO - Processing /home/airflow/.local/lib/python3.12/site-packages/airflow/example_dags/example_setup_teardown_taskflow.py took 0.285 seconds
[2024-08-25T00:20:35.437+0000] {processor.py:186} INFO - Started process (PID=1819) to work on /home/airflow/.local/lib/python3.12/site-packages/airflow/example_dags/example_setup_teardown_taskflow.py
[2024-08-25T00:20:35.439+0000] {processor.py:914} INFO - Processing file /home/airflow/.local/lib/python3.12/site-packages/airflow/example_dags/example_setup_teardown_taskflow.py for tasks to queue
[2024-08-25T00:20:35.446+0000] {logging_mixin.py:190} INFO - [2024-08-25T00:20:35.445+0000] {dagbag.py:587} INFO - Filling up the DagBag from /home/airflow/.local/lib/python3.12/site-packages/airflow/example_dags/example_setup_teardown_taskflow.py
[2024-08-25T00:20:35.483+0000] {processor.py:925} INFO - DAG(s) 'example_setup_teardown_taskflow' retrieved from /home/airflow/.local/lib/python3.12/site-packages/airflow/example_dags/example_setup_teardown_taskflow.py
[2024-08-25T00:20:35.546+0000] {logging_mixin.py:190} INFO - [2024-08-25T00:20:35.544+0000] {dag.py:3211} INFO - Sync 1 DAGs
[2024-08-25T00:20:35.619+0000] {logging_mixin.py:190} INFO - [2024-08-25T00:20:35.618+0000] {dag.py:4138} INFO - Setting next_dagrun for example_setup_teardown_taskflow to 2024-08-24 00:00:00+00:00, run_after=2024-08-25 00:00:00+00:00
[2024-08-25T00:20:35.670+0000] {processor.py:208} INFO - Processing /home/airflow/.local/lib/python3.12/site-packages/airflow/example_dags/example_setup_teardown_taskflow.py took 0.248 seconds
[2024-08-25T00:26:41.666+0000] {processor.py:186} INFO - Started process (PID=108) to work on /home/airflow/.local/lib/python3.12/site-packages/airflow/example_dags/example_setup_teardown_taskflow.py
[2024-08-25T00:26:41.940+0000] {processor.py:914} INFO - Processing file /home/airflow/.local/lib/python3.12/site-packages/airflow/example_dags/example_setup_teardown_taskflow.py for tasks to queue
[2024-08-25T00:26:42.079+0000] {logging_mixin.py:190} INFO - [2024-08-25T00:26:42.078+0000] {dagbag.py:587} INFO - Filling up the DagBag from /home/airflow/.local/lib/python3.12/site-packages/airflow/example_dags/example_setup_teardown_taskflow.py
[2024-08-25T00:26:42.190+0000] {processor.py:925} INFO - DAG(s) 'example_setup_teardown_taskflow' retrieved from /home/airflow/.local/lib/python3.12/site-packages/airflow/example_dags/example_setup_teardown_taskflow.py
[2024-08-25T00:26:42.671+0000] {logging_mixin.py:190} INFO - [2024-08-25T00:26:42.669+0000] {dag.py:3211} INFO - Sync 1 DAGs
[2024-08-25T00:26:43.062+0000] {logging_mixin.py:190} INFO - [2024-08-25T00:26:43.061+0000] {dag.py:4138} INFO - Setting next_dagrun for example_setup_teardown_taskflow to 2024-08-24 00:00:00+00:00, run_after=2024-08-25 00:00:00+00:00
[2024-08-25T00:26:43.310+0000] {processor.py:208} INFO - Processing /home/airflow/.local/lib/python3.12/site-packages/airflow/example_dags/example_setup_teardown_taskflow.py took 1.711 seconds
[2024-08-25T00:27:37.738+0000] {processor.py:186} INFO - Started process (PID=177) to work on /home/airflow/.local/lib/python3.12/site-packages/airflow/example_dags/example_setup_teardown_taskflow.py
[2024-08-25T00:27:37.755+0000] {processor.py:914} INFO - Processing file /home/airflow/.local/lib/python3.12/site-packages/airflow/example_dags/example_setup_teardown_taskflow.py for tasks to queue
[2024-08-25T00:27:37.788+0000] {logging_mixin.py:190} INFO - [2024-08-25T00:27:37.786+0000] {dagbag.py:587} INFO - Filling up the DagBag from /home/airflow/.local/lib/python3.12/site-packages/airflow/example_dags/example_setup_teardown_taskflow.py
[2024-08-25T00:27:37.931+0000] {processor.py:925} INFO - DAG(s) 'example_setup_teardown_taskflow' retrieved from /home/airflow/.local/lib/python3.12/site-packages/airflow/example_dags/example_setup_teardown_taskflow.py
[2024-08-25T00:27:38.198+0000] {logging_mixin.py:190} INFO - [2024-08-25T00:27:38.197+0000] {dag.py:3211} INFO - Sync 1 DAGs
[2024-08-25T00:27:38.359+0000] {logging_mixin.py:190} INFO - [2024-08-25T00:27:38.358+0000] {dag.py:4138} INFO - Setting next_dagrun for example_setup_teardown_taskflow to 2024-08-24 00:00:00+00:00, run_after=2024-08-25 00:00:00+00:00
[2024-08-25T00:27:38.518+0000] {processor.py:208} INFO - Processing /home/airflow/.local/lib/python3.12/site-packages/airflow/example_dags/example_setup_teardown_taskflow.py took 0.834 seconds
[2024-08-25T00:28:27.179+0000] {processor.py:186} INFO - Started process (PID=240) to work on /home/airflow/.local/lib/python3.12/site-packages/airflow/example_dags/example_setup_teardown_taskflow.py
[2024-08-25T00:28:27.339+0000] {processor.py:914} INFO - Processing file /home/airflow/.local/lib/python3.12/site-packages/airflow/example_dags/example_setup_teardown_taskflow.py for tasks to queue
[2024-08-25T00:28:27.357+0000] {logging_mixin.py:190} INFO - [2024-08-25T00:28:27.356+0000] {dagbag.py:587} INFO - Filling up the DagBag from /home/airflow/.local/lib/python3.12/site-packages/airflow/example_dags/example_setup_teardown_taskflow.py
[2024-08-25T00:28:27.641+0000] {processor.py:925} INFO - DAG(s) 'example_setup_teardown_taskflow' retrieved from /home/airflow/.local/lib/python3.12/site-packages/airflow/example_dags/example_setup_teardown_taskflow.py
[2024-08-25T00:28:27.872+0000] {logging_mixin.py:190} INFO - [2024-08-25T00:28:27.860+0000] {dag.py:3211} INFO - Sync 1 DAGs
[2024-08-25T00:28:28.179+0000] {logging_mixin.py:190} INFO - [2024-08-25T00:28:28.178+0000] {dag.py:4138} INFO - Setting next_dagrun for example_setup_teardown_taskflow to 2024-08-24 00:00:00+00:00, run_after=2024-08-25 00:00:00+00:00
[2024-08-25T00:28:28.353+0000] {processor.py:208} INFO - Processing /home/airflow/.local/lib/python3.12/site-packages/airflow/example_dags/example_setup_teardown_taskflow.py took 1.240 seconds
[2024-08-25T00:28:58.612+0000] {processor.py:186} INFO - Started process (PID=303) to work on /home/airflow/.local/lib/python3.12/site-packages/airflow/example_dags/example_setup_teardown_taskflow.py
[2024-08-25T00:28:58.618+0000] {processor.py:914} INFO - Processing file /home/airflow/.local/lib/python3.12/site-packages/airflow/example_dags/example_setup_teardown_taskflow.py for tasks to queue
[2024-08-25T00:28:58.629+0000] {logging_mixin.py:190} INFO - [2024-08-25T00:28:58.628+0000] {dagbag.py:587} INFO - Filling up the DagBag from /home/airflow/.local/lib/python3.12/site-packages/airflow/example_dags/example_setup_teardown_taskflow.py
[2024-08-25T00:28:58.685+0000] {processor.py:925} INFO - DAG(s) 'example_setup_teardown_taskflow' retrieved from /home/airflow/.local/lib/python3.12/site-packages/airflow/example_dags/example_setup_teardown_taskflow.py
[2024-08-25T00:28:58.792+0000] {logging_mixin.py:190} INFO - [2024-08-25T00:28:58.791+0000] {dag.py:3211} INFO - Sync 1 DAGs
[2024-08-25T00:28:58.923+0000] {logging_mixin.py:190} INFO - [2024-08-25T00:28:58.922+0000] {dag.py:4138} INFO - Setting next_dagrun for example_setup_teardown_taskflow to 2024-08-24 00:00:00+00:00, run_after=2024-08-25 00:00:00+00:00
[2024-08-25T00:28:59.038+0000] {processor.py:208} INFO - Processing /home/airflow/.local/lib/python3.12/site-packages/airflow/example_dags/example_setup_teardown_taskflow.py took 0.453 seconds
[2024-08-25T00:29:29.541+0000] {processor.py:186} INFO - Started process (PID=366) to work on /home/airflow/.local/lib/python3.12/site-packages/airflow/example_dags/example_setup_teardown_taskflow.py
[2024-08-25T00:29:29.546+0000] {processor.py:914} INFO - Processing file /home/airflow/.local/lib/python3.12/site-packages/airflow/example_dags/example_setup_teardown_taskflow.py for tasks to queue
[2024-08-25T00:29:29.563+0000] {logging_mixin.py:190} INFO - [2024-08-25T00:29:29.560+0000] {dagbag.py:587} INFO - Filling up the DagBag from /home/airflow/.local/lib/python3.12/site-packages/airflow/example_dags/example_setup_teardown_taskflow.py
[2024-08-25T00:29:29.606+0000] {processor.py:925} INFO - DAG(s) 'example_setup_teardown_taskflow' retrieved from /home/airflow/.local/lib/python3.12/site-packages/airflow/example_dags/example_setup_teardown_taskflow.py
[2024-08-25T00:29:29.703+0000] {logging_mixin.py:190} INFO - [2024-08-25T00:29:29.701+0000] {dag.py:3211} INFO - Sync 1 DAGs
[2024-08-25T00:29:29.791+0000] {logging_mixin.py:190} INFO - [2024-08-25T00:29:29.790+0000] {dag.py:4138} INFO - Setting next_dagrun for example_setup_teardown_taskflow to 2024-08-24 00:00:00+00:00, run_after=2024-08-25 00:00:00+00:00
[2024-08-25T00:29:29.835+0000] {processor.py:208} INFO - Processing /home/airflow/.local/lib/python3.12/site-packages/airflow/example_dags/example_setup_teardown_taskflow.py took 0.322 seconds
[2024-08-25T00:30:01.556+0000] {processor.py:186} INFO - Started process (PID=435) to work on /home/airflow/.local/lib/python3.12/site-packages/airflow/example_dags/example_setup_teardown_taskflow.py
[2024-08-25T00:30:01.561+0000] {processor.py:914} INFO - Processing file /home/airflow/.local/lib/python3.12/site-packages/airflow/example_dags/example_setup_teardown_taskflow.py for tasks to queue
[2024-08-25T00:30:01.584+0000] {logging_mixin.py:190} INFO - [2024-08-25T00:30:01.583+0000] {dagbag.py:587} INFO - Filling up the DagBag from /home/airflow/.local/lib/python3.12/site-packages/airflow/example_dags/example_setup_teardown_taskflow.py
[2024-08-25T00:30:01.686+0000] {processor.py:925} INFO - DAG(s) 'example_setup_teardown_taskflow' retrieved from /home/airflow/.local/lib/python3.12/site-packages/airflow/example_dags/example_setup_teardown_taskflow.py
[2024-08-25T00:30:02.121+0000] {logging_mixin.py:190} INFO - [2024-08-25T00:30:02.109+0000] {dag.py:3211} INFO - Sync 1 DAGs
[2024-08-25T00:30:02.387+0000] {logging_mixin.py:190} INFO - [2024-08-25T00:30:02.386+0000] {dag.py:4138} INFO - Setting next_dagrun for example_setup_teardown_taskflow to 2024-08-24 00:00:00+00:00, run_after=2024-08-25 00:00:00+00:00
[2024-08-25T00:30:02.609+0000] {processor.py:208} INFO - Processing /home/airflow/.local/lib/python3.12/site-packages/airflow/example_dags/example_setup_teardown_taskflow.py took 1.087 seconds
[2024-08-25T00:30:41.421+0000] {processor.py:186} INFO - Started process (PID=499) to work on /home/airflow/.local/lib/python3.12/site-packages/airflow/example_dags/example_setup_teardown_taskflow.py
[2024-08-25T00:30:41.423+0000] {processor.py:914} INFO - Processing file /home/airflow/.local/lib/python3.12/site-packages/airflow/example_dags/example_setup_teardown_taskflow.py for tasks to queue
[2024-08-25T00:30:41.429+0000] {logging_mixin.py:190} INFO - [2024-08-25T00:30:41.429+0000] {dagbag.py:587} INFO - Filling up the DagBag from /home/airflow/.local/lib/python3.12/site-packages/airflow/example_dags/example_setup_teardown_taskflow.py
[2024-08-25T00:30:41.466+0000] {processor.py:925} INFO - DAG(s) 'example_setup_teardown_taskflow' retrieved from /home/airflow/.local/lib/python3.12/site-packages/airflow/example_dags/example_setup_teardown_taskflow.py
[2024-08-25T00:30:41.534+0000] {logging_mixin.py:190} INFO - [2024-08-25T00:30:41.532+0000] {dag.py:3211} INFO - Sync 1 DAGs
[2024-08-25T00:30:41.603+0000] {logging_mixin.py:190} INFO - [2024-08-25T00:30:41.603+0000] {dag.py:4138} INFO - Setting next_dagrun for example_setup_teardown_taskflow to 2024-08-24 00:00:00+00:00, run_after=2024-08-25 00:00:00+00:00
[2024-08-25T00:30:41.667+0000] {processor.py:208} INFO - Processing /home/airflow/.local/lib/python3.12/site-packages/airflow/example_dags/example_setup_teardown_taskflow.py took 0.260 seconds
[2024-08-25T00:31:20.735+0000] {processor.py:186} INFO - Started process (PID=564) to work on /home/airflow/.local/lib/python3.12/site-packages/airflow/example_dags/example_setup_teardown_taskflow.py
[2024-08-25T00:31:20.753+0000] {processor.py:914} INFO - Processing file /home/airflow/.local/lib/python3.12/site-packages/airflow/example_dags/example_setup_teardown_taskflow.py for tasks to queue
[2024-08-25T00:31:21.172+0000] {logging_mixin.py:190} INFO - [2024-08-25T00:31:21.171+0000] {dagbag.py:587} INFO - Filling up the DagBag from /home/airflow/.local/lib/python3.12/site-packages/airflow/example_dags/example_setup_teardown_taskflow.py
[2024-08-25T00:31:21.283+0000] {processor.py:925} INFO - DAG(s) 'example_setup_teardown_taskflow' retrieved from /home/airflow/.local/lib/python3.12/site-packages/airflow/example_dags/example_setup_teardown_taskflow.py
[2024-08-25T00:31:21.599+0000] {logging_mixin.py:190} INFO - [2024-08-25T00:31:21.597+0000] {dag.py:3211} INFO - Sync 1 DAGs
[2024-08-25T00:31:21.968+0000] {logging_mixin.py:190} INFO - [2024-08-25T00:31:21.967+0000] {dag.py:4138} INFO - Setting next_dagrun for example_setup_teardown_taskflow to 2024-08-24 00:00:00+00:00, run_after=2024-08-25 00:00:00+00:00
[2024-08-25T00:31:22.222+0000] {processor.py:208} INFO - Processing /home/airflow/.local/lib/python3.12/site-packages/airflow/example_dags/example_setup_teardown_taskflow.py took 1.587 seconds
[2024-08-25T00:32:12.071+0000] {processor.py:186} INFO - Started process (PID=636) to work on /home/airflow/.local/lib/python3.12/site-packages/airflow/example_dags/example_setup_teardown_taskflow.py
[2024-08-25T00:32:12.074+0000] {processor.py:914} INFO - Processing file /home/airflow/.local/lib/python3.12/site-packages/airflow/example_dags/example_setup_teardown_taskflow.py for tasks to queue
[2024-08-25T00:32:12.088+0000] {logging_mixin.py:190} INFO - [2024-08-25T00:32:12.082+0000] {dagbag.py:587} INFO - Filling up the DagBag from /home/airflow/.local/lib/python3.12/site-packages/airflow/example_dags/example_setup_teardown_taskflow.py
[2024-08-25T00:32:12.157+0000] {processor.py:925} INFO - DAG(s) 'example_setup_teardown_taskflow' retrieved from /home/airflow/.local/lib/python3.12/site-packages/airflow/example_dags/example_setup_teardown_taskflow.py
[2024-08-25T00:32:12.285+0000] {logging_mixin.py:190} INFO - [2024-08-25T00:32:12.272+0000] {dag.py:3211} INFO - Sync 1 DAGs
[2024-08-25T00:32:12.491+0000] {logging_mixin.py:190} INFO - [2024-08-25T00:32:12.490+0000] {dag.py:4138} INFO - Setting next_dagrun for example_setup_teardown_taskflow to 2024-08-24 00:00:00+00:00, run_after=2024-08-25 00:00:00+00:00
[2024-08-25T00:32:12.599+0000] {processor.py:208} INFO - Processing /home/airflow/.local/lib/python3.12/site-packages/airflow/example_dags/example_setup_teardown_taskflow.py took 0.587 seconds
[2024-08-25T00:32:47.747+0000] {processor.py:186} INFO - Started process (PID=700) to work on /home/airflow/.local/lib/python3.12/site-packages/airflow/example_dags/example_setup_teardown_taskflow.py
[2024-08-25T00:32:47.753+0000] {processor.py:914} INFO - Processing file /home/airflow/.local/lib/python3.12/site-packages/airflow/example_dags/example_setup_teardown_taskflow.py for tasks to queue
[2024-08-25T00:32:47.765+0000] {logging_mixin.py:190} INFO - [2024-08-25T00:32:47.764+0000] {dagbag.py:587} INFO - Filling up the DagBag from /home/airflow/.local/lib/python3.12/site-packages/airflow/example_dags/example_setup_teardown_taskflow.py
[2024-08-25T00:32:47.872+0000] {processor.py:925} INFO - DAG(s) 'example_setup_teardown_taskflow' retrieved from /home/airflow/.local/lib/python3.12/site-packages/airflow/example_dags/example_setup_teardown_taskflow.py
[2024-08-25T00:32:48.073+0000] {logging_mixin.py:190} INFO - [2024-08-25T00:32:48.071+0000] {dag.py:3211} INFO - Sync 1 DAGs
[2024-08-25T00:32:48.320+0000] {logging_mixin.py:190} INFO - [2024-08-25T00:32:48.319+0000] {dag.py:4138} INFO - Setting next_dagrun for example_setup_teardown_taskflow to 2024-08-24 00:00:00+00:00, run_after=2024-08-25 00:00:00+00:00
[2024-08-25T00:32:48.480+0000] {processor.py:208} INFO - Processing /home/airflow/.local/lib/python3.12/site-packages/airflow/example_dags/example_setup_teardown_taskflow.py took 0.771 seconds
[2024-08-25T00:33:33.408+0000] {processor.py:186} INFO - Started process (PID=750) to work on /home/airflow/.local/lib/python3.12/site-packages/airflow/example_dags/example_setup_teardown_taskflow.py
[2024-08-25T00:33:33.421+0000] {processor.py:914} INFO - Processing file /home/airflow/.local/lib/python3.12/site-packages/airflow/example_dags/example_setup_teardown_taskflow.py for tasks to queue
[2024-08-25T00:33:33.468+0000] {logging_mixin.py:190} INFO - [2024-08-25T00:33:33.467+0000] {dagbag.py:587} INFO - Filling up the DagBag from /home/airflow/.local/lib/python3.12/site-packages/airflow/example_dags/example_setup_teardown_taskflow.py
[2024-08-25T00:33:33.662+0000] {processor.py:925} INFO - DAG(s) 'example_setup_teardown_taskflow' retrieved from /home/airflow/.local/lib/python3.12/site-packages/airflow/example_dags/example_setup_teardown_taskflow.py
[2024-08-25T00:33:33.911+0000] {logging_mixin.py:190} INFO - [2024-08-25T00:33:33.899+0000] {dag.py:3211} INFO - Sync 1 DAGs
[2024-08-25T00:33:34.122+0000] {logging_mixin.py:190} INFO - [2024-08-25T00:33:34.122+0000] {dag.py:4138} INFO - Setting next_dagrun for example_setup_teardown_taskflow to 2024-08-24 00:00:00+00:00, run_after=2024-08-25 00:00:00+00:00
[2024-08-25T00:33:34.262+0000] {processor.py:208} INFO - Processing /home/airflow/.local/lib/python3.12/site-packages/airflow/example_dags/example_setup_teardown_taskflow.py took 0.926 seconds
[2024-08-25T00:34:18.498+0000] {processor.py:186} INFO - Started process (PID=819) to work on /home/airflow/.local/lib/python3.12/site-packages/airflow/example_dags/example_setup_teardown_taskflow.py
[2024-08-25T00:34:18.515+0000] {processor.py:914} INFO - Processing file /home/airflow/.local/lib/python3.12/site-packages/airflow/example_dags/example_setup_teardown_taskflow.py for tasks to queue
[2024-08-25T00:34:18.544+0000] {logging_mixin.py:190} INFO - [2024-08-25T00:34:18.543+0000] {dagbag.py:587} INFO - Filling up the DagBag from /home/airflow/.local/lib/python3.12/site-packages/airflow/example_dags/example_setup_teardown_taskflow.py
[2024-08-25T00:34:18.655+0000] {processor.py:925} INFO - DAG(s) 'example_setup_teardown_taskflow' retrieved from /home/airflow/.local/lib/python3.12/site-packages/airflow/example_dags/example_setup_teardown_taskflow.py
[2024-08-25T00:34:18.947+0000] {logging_mixin.py:190} INFO - [2024-08-25T00:34:18.933+0000] {dag.py:3211} INFO - Sync 1 DAGs
[2024-08-25T00:34:19.198+0000] {logging_mixin.py:190} INFO - [2024-08-25T00:34:19.197+0000] {dag.py:4138} INFO - Setting next_dagrun for example_setup_teardown_taskflow to 2024-08-24 00:00:00+00:00, run_after=2024-08-25 00:00:00+00:00
[2024-08-25T00:34:19.315+0000] {processor.py:208} INFO - Processing /home/airflow/.local/lib/python3.12/site-packages/airflow/example_dags/example_setup_teardown_taskflow.py took 0.872 seconds
[2024-08-25T00:34:51.361+0000] {processor.py:186} INFO - Started process (PID=882) to work on /home/airflow/.local/lib/python3.12/site-packages/airflow/example_dags/example_setup_teardown_taskflow.py
[2024-08-25T00:34:51.363+0000] {processor.py:914} INFO - Processing file /home/airflow/.local/lib/python3.12/site-packages/airflow/example_dags/example_setup_teardown_taskflow.py for tasks to queue
[2024-08-25T00:34:51.369+0000] {logging_mixin.py:190} INFO - [2024-08-25T00:34:51.368+0000] {dagbag.py:587} INFO - Filling up the DagBag from /home/airflow/.local/lib/python3.12/site-packages/airflow/example_dags/example_setup_teardown_taskflow.py
[2024-08-25T00:34:51.414+0000] {processor.py:925} INFO - DAG(s) 'example_setup_teardown_taskflow' retrieved from /home/airflow/.local/lib/python3.12/site-packages/airflow/example_dags/example_setup_teardown_taskflow.py
[2024-08-25T00:34:51.486+0000] {logging_mixin.py:190} INFO - [2024-08-25T00:34:51.484+0000] {dag.py:3211} INFO - Sync 1 DAGs
[2024-08-25T00:34:51.571+0000] {logging_mixin.py:190} INFO - [2024-08-25T00:34:51.570+0000] {dag.py:4138} INFO - Setting next_dagrun for example_setup_teardown_taskflow to 2024-08-24 00:00:00+00:00, run_after=2024-08-25 00:00:00+00:00
[2024-08-25T00:34:51.624+0000] {processor.py:208} INFO - Processing /home/airflow/.local/lib/python3.12/site-packages/airflow/example_dags/example_setup_teardown_taskflow.py took 0.285 seconds
[2024-08-25T00:35:24.080+0000] {processor.py:186} INFO - Started process (PID=943) to work on /home/airflow/.local/lib/python3.12/site-packages/airflow/example_dags/example_setup_teardown_taskflow.py
[2024-08-25T00:35:24.090+0000] {processor.py:914} INFO - Processing file /home/airflow/.local/lib/python3.12/site-packages/airflow/example_dags/example_setup_teardown_taskflow.py for tasks to queue
[2024-08-25T00:35:24.116+0000] {logging_mixin.py:190} INFO - [2024-08-25T00:35:24.115+0000] {dagbag.py:587} INFO - Filling up the DagBag from /home/airflow/.local/lib/python3.12/site-packages/airflow/example_dags/example_setup_teardown_taskflow.py
[2024-08-25T00:35:24.202+0000] {processor.py:925} INFO - DAG(s) 'example_setup_teardown_taskflow' retrieved from /home/airflow/.local/lib/python3.12/site-packages/airflow/example_dags/example_setup_teardown_taskflow.py
[2024-08-25T00:35:24.302+0000] {logging_mixin.py:190} INFO - [2024-08-25T00:35:24.300+0000] {dag.py:3211} INFO - Sync 1 DAGs
[2024-08-25T00:35:24.402+0000] {logging_mixin.py:190} INFO - [2024-08-25T00:35:24.401+0000] {dag.py:4138} INFO - Setting next_dagrun for example_setup_teardown_taskflow to 2024-08-24 00:00:00+00:00, run_after=2024-08-25 00:00:00+00:00
[2024-08-25T00:35:24.469+0000] {processor.py:208} INFO - Processing /home/airflow/.local/lib/python3.12/site-packages/airflow/example_dags/example_setup_teardown_taskflow.py took 0.454 seconds
[2024-08-25T00:36:00.038+0000] {processor.py:186} INFO - Started process (PID=1007) to work on /home/airflow/.local/lib/python3.12/site-packages/airflow/example_dags/example_setup_teardown_taskflow.py
[2024-08-25T00:36:00.072+0000] {processor.py:914} INFO - Processing file /home/airflow/.local/lib/python3.12/site-packages/airflow/example_dags/example_setup_teardown_taskflow.py for tasks to queue
[2024-08-25T00:36:00.100+0000] {logging_mixin.py:190} INFO - [2024-08-25T00:36:00.099+0000] {dagbag.py:587} INFO - Filling up the DagBag from /home/airflow/.local/lib/python3.12/site-packages/airflow/example_dags/example_setup_teardown_taskflow.py
[2024-08-25T00:36:00.296+0000] {processor.py:925} INFO - DAG(s) 'example_setup_teardown_taskflow' retrieved from /home/airflow/.local/lib/python3.12/site-packages/airflow/example_dags/example_setup_teardown_taskflow.py
[2024-08-25T00:36:00.570+0000] {logging_mixin.py:190} INFO - [2024-08-25T00:36:00.569+0000] {dag.py:3211} INFO - Sync 1 DAGs
[2024-08-25T00:36:00.793+0000] {logging_mixin.py:190} INFO - [2024-08-25T00:36:00.792+0000] {dag.py:4138} INFO - Setting next_dagrun for example_setup_teardown_taskflow to 2024-08-24 00:00:00+00:00, run_after=2024-08-25 00:00:00+00:00
[2024-08-25T00:36:01.248+0000] {processor.py:208} INFO - Processing /home/airflow/.local/lib/python3.12/site-packages/airflow/example_dags/example_setup_teardown_taskflow.py took 1.278 seconds
[2024-08-25T00:36:32.419+0000] {processor.py:186} INFO - Started process (PID=1070) to work on /home/airflow/.local/lib/python3.12/site-packages/airflow/example_dags/example_setup_teardown_taskflow.py
[2024-08-25T00:36:32.423+0000] {processor.py:914} INFO - Processing file /home/airflow/.local/lib/python3.12/site-packages/airflow/example_dags/example_setup_teardown_taskflow.py for tasks to queue
[2024-08-25T00:36:32.458+0000] {logging_mixin.py:190} INFO - [2024-08-25T00:36:32.457+0000] {dagbag.py:587} INFO - Filling up the DagBag from /home/airflow/.local/lib/python3.12/site-packages/airflow/example_dags/example_setup_teardown_taskflow.py
[2024-08-25T00:36:32.604+0000] {processor.py:925} INFO - DAG(s) 'example_setup_teardown_taskflow' retrieved from /home/airflow/.local/lib/python3.12/site-packages/airflow/example_dags/example_setup_teardown_taskflow.py
[2024-08-25T00:36:32.903+0000] {logging_mixin.py:190} INFO - [2024-08-25T00:36:32.891+0000] {dag.py:3211} INFO - Sync 1 DAGs
[2024-08-25T00:36:33.255+0000] {logging_mixin.py:190} INFO - [2024-08-25T00:36:33.255+0000] {dag.py:4138} INFO - Setting next_dagrun for example_setup_teardown_taskflow to 2024-08-24 00:00:00+00:00, run_after=2024-08-25 00:00:00+00:00
[2024-08-25T00:36:33.541+0000] {processor.py:208} INFO - Processing /home/airflow/.local/lib/python3.12/site-packages/airflow/example_dags/example_setup_teardown_taskflow.py took 1.163 seconds
[2024-08-25T00:37:04.342+0000] {processor.py:186} INFO - Started process (PID=1134) to work on /home/airflow/.local/lib/python3.12/site-packages/airflow/example_dags/example_setup_teardown_taskflow.py
[2024-08-25T00:37:04.357+0000] {processor.py:914} INFO - Processing file /home/airflow/.local/lib/python3.12/site-packages/airflow/example_dags/example_setup_teardown_taskflow.py for tasks to queue
[2024-08-25T00:37:04.373+0000] {logging_mixin.py:190} INFO - [2024-08-25T00:37:04.372+0000] {dagbag.py:587} INFO - Filling up the DagBag from /home/airflow/.local/lib/python3.12/site-packages/airflow/example_dags/example_setup_teardown_taskflow.py
[2024-08-25T00:37:04.489+0000] {processor.py:925} INFO - DAG(s) 'example_setup_teardown_taskflow' retrieved from /home/airflow/.local/lib/python3.12/site-packages/airflow/example_dags/example_setup_teardown_taskflow.py
[2024-08-25T00:37:04.808+0000] {logging_mixin.py:190} INFO - [2024-08-25T00:37:04.807+0000] {dag.py:3211} INFO - Sync 1 DAGs
[2024-08-25T00:37:05.128+0000] {logging_mixin.py:190} INFO - [2024-08-25T00:37:05.099+0000] {dag.py:4138} INFO - Setting next_dagrun for example_setup_teardown_taskflow to 2024-08-24 00:00:00+00:00, run_after=2024-08-25 00:00:00+00:00
[2024-08-25T00:37:05.346+0000] {processor.py:208} INFO - Processing /home/airflow/.local/lib/python3.12/site-packages/airflow/example_dags/example_setup_teardown_taskflow.py took 1.043 seconds
[2024-08-25T00:37:35.611+0000] {processor.py:186} INFO - Started process (PID=1197) to work on /home/airflow/.local/lib/python3.12/site-packages/airflow/example_dags/example_setup_teardown_taskflow.py
[2024-08-25T00:37:35.616+0000] {processor.py:914} INFO - Processing file /home/airflow/.local/lib/python3.12/site-packages/airflow/example_dags/example_setup_teardown_taskflow.py for tasks to queue
[2024-08-25T00:37:35.622+0000] {logging_mixin.py:190} INFO - [2024-08-25T00:37:35.621+0000] {dagbag.py:587} INFO - Filling up the DagBag from /home/airflow/.local/lib/python3.12/site-packages/airflow/example_dags/example_setup_teardown_taskflow.py
[2024-08-25T00:37:35.662+0000] {processor.py:925} INFO - DAG(s) 'example_setup_teardown_taskflow' retrieved from /home/airflow/.local/lib/python3.12/site-packages/airflow/example_dags/example_setup_teardown_taskflow.py
[2024-08-25T00:37:35.750+0000] {logging_mixin.py:190} INFO - [2024-08-25T00:37:35.747+0000] {dag.py:3211} INFO - Sync 1 DAGs
[2024-08-25T00:37:35.822+0000] {logging_mixin.py:190} INFO - [2024-08-25T00:37:35.821+0000] {dag.py:4138} INFO - Setting next_dagrun for example_setup_teardown_taskflow to 2024-08-24 00:00:00+00:00, run_after=2024-08-25 00:00:00+00:00
[2024-08-25T00:37:35.864+0000] {processor.py:208} INFO - Processing /home/airflow/.local/lib/python3.12/site-packages/airflow/example_dags/example_setup_teardown_taskflow.py took 0.272 seconds
[2024-08-25T00:38:06.664+0000] {processor.py:186} INFO - Started process (PID=1258) to work on /home/airflow/.local/lib/python3.12/site-packages/airflow/example_dags/example_setup_teardown_taskflow.py
[2024-08-25T00:38:06.668+0000] {processor.py:914} INFO - Processing file /home/airflow/.local/lib/python3.12/site-packages/airflow/example_dags/example_setup_teardown_taskflow.py for tasks to queue
[2024-08-25T00:38:06.675+0000] {logging_mixin.py:190} INFO - [2024-08-25T00:38:06.674+0000] {dagbag.py:587} INFO - Filling up the DagBag from /home/airflow/.local/lib/python3.12/site-packages/airflow/example_dags/example_setup_teardown_taskflow.py
[2024-08-25T00:38:06.757+0000] {processor.py:925} INFO - DAG(s) 'example_setup_teardown_taskflow' retrieved from /home/airflow/.local/lib/python3.12/site-packages/airflow/example_dags/example_setup_teardown_taskflow.py
[2024-08-25T00:38:06.917+0000] {logging_mixin.py:190} INFO - [2024-08-25T00:38:06.916+0000] {dag.py:3211} INFO - Sync 1 DAGs
[2024-08-25T00:38:06.995+0000] {logging_mixin.py:190} INFO - [2024-08-25T00:38:06.994+0000] {dag.py:4138} INFO - Setting next_dagrun for example_setup_teardown_taskflow to 2024-08-24 00:00:00+00:00, run_after=2024-08-25 00:00:00+00:00
[2024-08-25T00:38:07.057+0000] {processor.py:208} INFO - Processing /home/airflow/.local/lib/python3.12/site-packages/airflow/example_dags/example_setup_teardown_taskflow.py took 0.422 seconds
[2024-08-25T00:38:41.782+0000] {processor.py:186} INFO - Started process (PID=1328) to work on /home/airflow/.local/lib/python3.12/site-packages/airflow/example_dags/example_setup_teardown_taskflow.py
[2024-08-25T00:38:41.786+0000] {processor.py:914} INFO - Processing file /home/airflow/.local/lib/python3.12/site-packages/airflow/example_dags/example_setup_teardown_taskflow.py for tasks to queue
[2024-08-25T00:38:41.790+0000] {logging_mixin.py:190} INFO - [2024-08-25T00:38:41.789+0000] {dagbag.py:587} INFO - Filling up the DagBag from /home/airflow/.local/lib/python3.12/site-packages/airflow/example_dags/example_setup_teardown_taskflow.py
[2024-08-25T00:38:41.835+0000] {processor.py:925} INFO - DAG(s) 'example_setup_teardown_taskflow' retrieved from /home/airflow/.local/lib/python3.12/site-packages/airflow/example_dags/example_setup_teardown_taskflow.py
[2024-08-25T00:38:41.929+0000] {logging_mixin.py:190} INFO - [2024-08-25T00:38:41.926+0000] {dag.py:3211} INFO - Sync 1 DAGs
[2024-08-25T00:38:42.025+0000] {logging_mixin.py:190} INFO - [2024-08-25T00:38:42.025+0000] {dag.py:4138} INFO - Setting next_dagrun for example_setup_teardown_taskflow to 2024-08-24 00:00:00+00:00, run_after=2024-08-25 00:00:00+00:00
[2024-08-25T00:38:42.103+0000] {processor.py:208} INFO - Processing /home/airflow/.local/lib/python3.12/site-packages/airflow/example_dags/example_setup_teardown_taskflow.py took 0.346 seconds
[2024-08-25T00:39:13.306+0000] {processor.py:186} INFO - Started process (PID=1386) to work on /home/airflow/.local/lib/python3.12/site-packages/airflow/example_dags/example_setup_teardown_taskflow.py
[2024-08-25T00:39:13.315+0000] {processor.py:914} INFO - Processing file /home/airflow/.local/lib/python3.12/site-packages/airflow/example_dags/example_setup_teardown_taskflow.py for tasks to queue
[2024-08-25T00:39:13.321+0000] {logging_mixin.py:190} INFO - [2024-08-25T00:39:13.320+0000] {dagbag.py:587} INFO - Filling up the DagBag from /home/airflow/.local/lib/python3.12/site-packages/airflow/example_dags/example_setup_teardown_taskflow.py
[2024-08-25T00:39:13.400+0000] {processor.py:925} INFO - DAG(s) 'example_setup_teardown_taskflow' retrieved from /home/airflow/.local/lib/python3.12/site-packages/airflow/example_dags/example_setup_teardown_taskflow.py
[2024-08-25T00:39:13.623+0000] {logging_mixin.py:190} INFO - [2024-08-25T00:39:13.610+0000] {dag.py:3211} INFO - Sync 1 DAGs
[2024-08-25T00:39:13.821+0000] {logging_mixin.py:190} INFO - [2024-08-25T00:39:13.820+0000] {dag.py:4138} INFO - Setting next_dagrun for example_setup_teardown_taskflow to 2024-08-24 00:00:00+00:00, run_after=2024-08-25 00:00:00+00:00
[2024-08-25T00:39:13.929+0000] {processor.py:208} INFO - Processing /home/airflow/.local/lib/python3.12/site-packages/airflow/example_dags/example_setup_teardown_taskflow.py took 0.662 seconds
[2024-08-25T00:39:44.316+0000] {processor.py:186} INFO - Started process (PID=1448) to work on /home/airflow/.local/lib/python3.12/site-packages/airflow/example_dags/example_setup_teardown_taskflow.py
[2024-08-25T00:39:44.318+0000] {processor.py:914} INFO - Processing file /home/airflow/.local/lib/python3.12/site-packages/airflow/example_dags/example_setup_teardown_taskflow.py for tasks to queue
[2024-08-25T00:39:44.329+0000] {logging_mixin.py:190} INFO - [2024-08-25T00:39:44.328+0000] {dagbag.py:587} INFO - Filling up the DagBag from /home/airflow/.local/lib/python3.12/site-packages/airflow/example_dags/example_setup_teardown_taskflow.py
[2024-08-25T00:39:44.407+0000] {processor.py:925} INFO - DAG(s) 'example_setup_teardown_taskflow' retrieved from /home/airflow/.local/lib/python3.12/site-packages/airflow/example_dags/example_setup_teardown_taskflow.py
[2024-08-25T00:39:44.507+0000] {logging_mixin.py:190} INFO - [2024-08-25T00:39:44.506+0000] {dag.py:3211} INFO - Sync 1 DAGs
[2024-08-25T00:39:44.577+0000] {logging_mixin.py:190} INFO - [2024-08-25T00:39:44.576+0000] {dag.py:4138} INFO - Setting next_dagrun for example_setup_teardown_taskflow to 2024-08-24 00:00:00+00:00, run_after=2024-08-25 00:00:00+00:00
[2024-08-25T00:39:44.630+0000] {processor.py:208} INFO - Processing /home/airflow/.local/lib/python3.12/site-packages/airflow/example_dags/example_setup_teardown_taskflow.py took 0.344 seconds
[2024-08-25T00:40:15.983+0000] {processor.py:186} INFO - Started process (PID=1510) to work on /home/airflow/.local/lib/python3.12/site-packages/airflow/example_dags/example_setup_teardown_taskflow.py
[2024-08-25T00:40:15.992+0000] {processor.py:914} INFO - Processing file /home/airflow/.local/lib/python3.12/site-packages/airflow/example_dags/example_setup_teardown_taskflow.py for tasks to queue
[2024-08-25T00:40:15.996+0000] {logging_mixin.py:190} INFO - [2024-08-25T00:40:15.995+0000] {dagbag.py:587} INFO - Filling up the DagBag from /home/airflow/.local/lib/python3.12/site-packages/airflow/example_dags/example_setup_teardown_taskflow.py
[2024-08-25T00:40:16.049+0000] {processor.py:925} INFO - DAG(s) 'example_setup_teardown_taskflow' retrieved from /home/airflow/.local/lib/python3.12/site-packages/airflow/example_dags/example_setup_teardown_taskflow.py
[2024-08-25T00:40:16.179+0000] {logging_mixin.py:190} INFO - [2024-08-25T00:40:16.178+0000] {dag.py:3211} INFO - Sync 1 DAGs
[2024-08-25T00:40:16.243+0000] {logging_mixin.py:190} INFO - [2024-08-25T00:40:16.242+0000] {dag.py:4138} INFO - Setting next_dagrun for example_setup_teardown_taskflow to 2024-08-24 00:00:00+00:00, run_after=2024-08-25 00:00:00+00:00
[2024-08-25T00:40:16.308+0000] {processor.py:208} INFO - Processing /home/airflow/.local/lib/python3.12/site-packages/airflow/example_dags/example_setup_teardown_taskflow.py took 0.352 seconds
[2024-08-25T00:40:46.853+0000] {processor.py:186} INFO - Started process (PID=1572) to work on /home/airflow/.local/lib/python3.12/site-packages/airflow/example_dags/example_setup_teardown_taskflow.py
[2024-08-25T00:40:46.857+0000] {processor.py:914} INFO - Processing file /home/airflow/.local/lib/python3.12/site-packages/airflow/example_dags/example_setup_teardown_taskflow.py for tasks to queue
[2024-08-25T00:40:46.871+0000] {logging_mixin.py:190} INFO - [2024-08-25T00:40:46.870+0000] {dagbag.py:587} INFO - Filling up the DagBag from /home/airflow/.local/lib/python3.12/site-packages/airflow/example_dags/example_setup_teardown_taskflow.py
[2024-08-25T00:40:46.917+0000] {processor.py:925} INFO - DAG(s) 'example_setup_teardown_taskflow' retrieved from /home/airflow/.local/lib/python3.12/site-packages/airflow/example_dags/example_setup_teardown_taskflow.py
[2024-08-25T00:40:46.963+0000] {logging_mixin.py:190} INFO - [2024-08-25T00:40:46.962+0000] {dag.py:3211} INFO - Sync 1 DAGs
[2024-08-25T00:40:47.015+0000] {logging_mixin.py:190} INFO - [2024-08-25T00:40:47.015+0000] {dag.py:4138} INFO - Setting next_dagrun for example_setup_teardown_taskflow to 2024-08-24 00:00:00+00:00, run_after=2024-08-25 00:00:00+00:00
[2024-08-25T00:40:47.054+0000] {processor.py:208} INFO - Processing /home/airflow/.local/lib/python3.12/site-packages/airflow/example_dags/example_setup_teardown_taskflow.py took 0.227 seconds
[2024-08-25T00:41:21.653+0000] {processor.py:186} INFO - Started process (PID=1635) to work on /home/airflow/.local/lib/python3.12/site-packages/airflow/example_dags/example_setup_teardown_taskflow.py
[2024-08-25T00:41:21.715+0000] {processor.py:914} INFO - Processing file /home/airflow/.local/lib/python3.12/site-packages/airflow/example_dags/example_setup_teardown_taskflow.py for tasks to queue
[2024-08-25T00:41:21.748+0000] {logging_mixin.py:190} INFO - [2024-08-25T00:41:21.747+0000] {dagbag.py:587} INFO - Filling up the DagBag from /home/airflow/.local/lib/python3.12/site-packages/airflow/example_dags/example_setup_teardown_taskflow.py
[2024-08-25T00:41:22.011+0000] {processor.py:925} INFO - DAG(s) 'example_setup_teardown_taskflow' retrieved from /home/airflow/.local/lib/python3.12/site-packages/airflow/example_dags/example_setup_teardown_taskflow.py
[2024-08-25T00:41:22.406+0000] {logging_mixin.py:190} INFO - [2024-08-25T00:41:22.405+0000] {dag.py:3211} INFO - Sync 1 DAGs
[2024-08-25T00:41:22.572+0000] {logging_mixin.py:190} INFO - [2024-08-25T00:41:22.571+0000] {dag.py:4138} INFO - Setting next_dagrun for example_setup_teardown_taskflow to 2024-08-24 00:00:00+00:00, run_after=2024-08-25 00:00:00+00:00
[2024-08-25T00:41:22.720+0000] {processor.py:208} INFO - Processing /home/airflow/.local/lib/python3.12/site-packages/airflow/example_dags/example_setup_teardown_taskflow.py took 1.166 seconds
