[2024-08-25T00:00:04.997+0000] {processor.py:186} INFO - Started process (PID=38512) to work on /home/airflow/.local/lib/python3.12/site-packages/airflow/example_dags/example_python_operator.py
[2024-08-25T00:00:05.000+0000] {processor.py:914} INFO - Processing file /home/airflow/.local/lib/python3.12/site-packages/airflow/example_dags/example_python_operator.py for tasks to queue
[2024-08-25T00:00:05.006+0000] {logging_mixin.py:190} INFO - [2024-08-25T00:00:05.005+0000] {dagbag.py:587} INFO - Filling up the DagBag from /home/airflow/.local/lib/python3.12/site-packages/airflow/example_dags/example_python_operator.py
[2024-08-25T00:00:05.037+0000] {processor.py:925} INFO - DAG(s) 'example_python_operator' retrieved from /home/airflow/.local/lib/python3.12/site-packages/airflow/example_dags/example_python_operator.py
[2024-08-25T00:00:05.097+0000] {logging_mixin.py:190} INFO - [2024-08-25T00:00:05.097+0000] {dag.py:3211} INFO - Sync 1 DAGs
[2024-08-25T00:00:05.137+0000] {logging_mixin.py:190} INFO - [2024-08-25T00:00:05.137+0000] {dag.py:4138} INFO - Setting next_dagrun for example_python_operator to None, run_after=None
[2024-08-25T00:00:05.184+0000] {processor.py:208} INFO - Processing /home/airflow/.local/lib/python3.12/site-packages/airflow/example_dags/example_python_operator.py took 0.207 seconds
[2024-08-25T00:00:36.107+0000] {processor.py:186} INFO - Started process (PID=38575) to work on /home/airflow/.local/lib/python3.12/site-packages/airflow/example_dags/example_python_operator.py
[2024-08-25T00:00:36.132+0000] {processor.py:914} INFO - Processing file /home/airflow/.local/lib/python3.12/site-packages/airflow/example_dags/example_python_operator.py for tasks to queue
[2024-08-25T00:00:36.154+0000] {logging_mixin.py:190} INFO - [2024-08-25T00:00:36.153+0000] {dagbag.py:587} INFO - Filling up the DagBag from /home/airflow/.local/lib/python3.12/site-packages/airflow/example_dags/example_python_operator.py
[2024-08-25T00:00:36.312+0000] {processor.py:925} INFO - DAG(s) 'example_python_operator' retrieved from /home/airflow/.local/lib/python3.12/site-packages/airflow/example_dags/example_python_operator.py
[2024-08-25T00:00:36.498+0000] {logging_mixin.py:190} INFO - [2024-08-25T00:00:36.497+0000] {dag.py:3211} INFO - Sync 1 DAGs
[2024-08-25T00:00:36.618+0000] {logging_mixin.py:190} INFO - [2024-08-25T00:00:36.617+0000] {dag.py:4138} INFO - Setting next_dagrun for example_python_operator to None, run_after=None
[2024-08-25T00:00:36.906+0000] {processor.py:208} INFO - Processing /home/airflow/.local/lib/python3.12/site-packages/airflow/example_dags/example_python_operator.py took 0.898 seconds
[2024-08-25T00:06:07.358+0000] {processor.py:186} INFO - Started process (PID=127) to work on /home/airflow/.local/lib/python3.12/site-packages/airflow/example_dags/example_python_operator.py
[2024-08-25T00:06:07.360+0000] {processor.py:914} INFO - Processing file /home/airflow/.local/lib/python3.12/site-packages/airflow/example_dags/example_python_operator.py for tasks to queue
[2024-08-25T00:06:07.371+0000] {logging_mixin.py:190} INFO - [2024-08-25T00:06:07.370+0000] {dagbag.py:587} INFO - Filling up the DagBag from /home/airflow/.local/lib/python3.12/site-packages/airflow/example_dags/example_python_operator.py
[2024-08-25T00:06:07.428+0000] {processor.py:925} INFO - DAG(s) 'example_python_operator' retrieved from /home/airflow/.local/lib/python3.12/site-packages/airflow/example_dags/example_python_operator.py
[2024-08-25T00:06:08.240+0000] {logging_mixin.py:190} INFO - [2024-08-25T00:06:08.235+0000] {dag.py:3211} INFO - Sync 1 DAGs
[2024-08-25T00:06:08.391+0000] {logging_mixin.py:190} INFO - [2024-08-25T00:06:08.390+0000] {dag.py:4138} INFO - Setting next_dagrun for example_python_operator to None, run_after=None
[2024-08-25T00:06:08.672+0000] {processor.py:208} INFO - Processing /home/airflow/.local/lib/python3.12/site-packages/airflow/example_dags/example_python_operator.py took 1.335 seconds
[2024-08-25T00:07:01.921+0000] {processor.py:186} INFO - Started process (PID=197) to work on /home/airflow/.local/lib/python3.12/site-packages/airflow/example_dags/example_python_operator.py
[2024-08-25T00:07:01.937+0000] {processor.py:914} INFO - Processing file /home/airflow/.local/lib/python3.12/site-packages/airflow/example_dags/example_python_operator.py for tasks to queue
[2024-08-25T00:07:01.956+0000] {logging_mixin.py:190} INFO - [2024-08-25T00:07:01.955+0000] {dagbag.py:587} INFO - Filling up the DagBag from /home/airflow/.local/lib/python3.12/site-packages/airflow/example_dags/example_python_operator.py
[2024-08-25T00:07:02.134+0000] {processor.py:925} INFO - DAG(s) 'example_python_operator' retrieved from /home/airflow/.local/lib/python3.12/site-packages/airflow/example_dags/example_python_operator.py
[2024-08-25T00:07:02.418+0000] {logging_mixin.py:190} INFO - [2024-08-25T00:07:02.417+0000] {dag.py:3211} INFO - Sync 1 DAGs
[2024-08-25T00:07:02.492+0000] {logging_mixin.py:190} INFO - [2024-08-25T00:07:02.491+0000] {dag.py:4138} INFO - Setting next_dagrun for example_python_operator to None, run_after=None
[2024-08-25T00:07:02.610+0000] {processor.py:208} INFO - Processing /home/airflow/.local/lib/python3.12/site-packages/airflow/example_dags/example_python_operator.py took 0.766 seconds
[2024-08-25T00:07:32.800+0000] {processor.py:186} INFO - Started process (PID=258) to work on /home/airflow/.local/lib/python3.12/site-packages/airflow/example_dags/example_python_operator.py
[2024-08-25T00:07:32.803+0000] {processor.py:914} INFO - Processing file /home/airflow/.local/lib/python3.12/site-packages/airflow/example_dags/example_python_operator.py for tasks to queue
[2024-08-25T00:07:32.809+0000] {logging_mixin.py:190} INFO - [2024-08-25T00:07:32.808+0000] {dagbag.py:587} INFO - Filling up the DagBag from /home/airflow/.local/lib/python3.12/site-packages/airflow/example_dags/example_python_operator.py
[2024-08-25T00:07:32.852+0000] {processor.py:925} INFO - DAG(s) 'example_python_operator' retrieved from /home/airflow/.local/lib/python3.12/site-packages/airflow/example_dags/example_python_operator.py
[2024-08-25T00:07:32.918+0000] {logging_mixin.py:190} INFO - [2024-08-25T00:07:32.916+0000] {dag.py:3211} INFO - Sync 1 DAGs
[2024-08-25T00:07:32.962+0000] {logging_mixin.py:190} INFO - [2024-08-25T00:07:32.961+0000] {dag.py:4138} INFO - Setting next_dagrun for example_python_operator to None, run_after=None
[2024-08-25T00:07:33.007+0000] {processor.py:208} INFO - Processing /home/airflow/.local/lib/python3.12/site-packages/airflow/example_dags/example_python_operator.py took 0.226 seconds
[2024-08-25T00:08:10.107+0000] {processor.py:186} INFO - Started process (PID=322) to work on /home/airflow/.local/lib/python3.12/site-packages/airflow/example_dags/example_python_operator.py
[2024-08-25T00:08:10.109+0000] {processor.py:914} INFO - Processing file /home/airflow/.local/lib/python3.12/site-packages/airflow/example_dags/example_python_operator.py for tasks to queue
[2024-08-25T00:08:10.116+0000] {logging_mixin.py:190} INFO - [2024-08-25T00:08:10.115+0000] {dagbag.py:587} INFO - Filling up the DagBag from /home/airflow/.local/lib/python3.12/site-packages/airflow/example_dags/example_python_operator.py
[2024-08-25T00:08:10.169+0000] {processor.py:925} INFO - DAG(s) 'example_python_operator' retrieved from /home/airflow/.local/lib/python3.12/site-packages/airflow/example_dags/example_python_operator.py
[2024-08-25T00:08:10.302+0000] {logging_mixin.py:190} INFO - [2024-08-25T00:08:10.295+0000] {dag.py:3211} INFO - Sync 1 DAGs
[2024-08-25T00:08:10.376+0000] {logging_mixin.py:190} INFO - [2024-08-25T00:08:10.376+0000] {dag.py:4138} INFO - Setting next_dagrun for example_python_operator to None, run_after=None
[2024-08-25T00:08:10.429+0000] {processor.py:208} INFO - Processing /home/airflow/.local/lib/python3.12/site-packages/airflow/example_dags/example_python_operator.py took 0.344 seconds
[2024-08-25T00:08:42.515+0000] {processor.py:186} INFO - Started process (PID=385) to work on /home/airflow/.local/lib/python3.12/site-packages/airflow/example_dags/example_python_operator.py
[2024-08-25T00:08:42.517+0000] {processor.py:914} INFO - Processing file /home/airflow/.local/lib/python3.12/site-packages/airflow/example_dags/example_python_operator.py for tasks to queue
[2024-08-25T00:08:42.522+0000] {logging_mixin.py:190} INFO - [2024-08-25T00:08:42.522+0000] {dagbag.py:587} INFO - Filling up the DagBag from /home/airflow/.local/lib/python3.12/site-packages/airflow/example_dags/example_python_operator.py
[2024-08-25T00:08:42.565+0000] {processor.py:925} INFO - DAG(s) 'example_python_operator' retrieved from /home/airflow/.local/lib/python3.12/site-packages/airflow/example_dags/example_python_operator.py
[2024-08-25T00:08:42.633+0000] {logging_mixin.py:190} INFO - [2024-08-25T00:08:42.632+0000] {dag.py:3211} INFO - Sync 1 DAGs
[2024-08-25T00:08:42.680+0000] {logging_mixin.py:190} INFO - [2024-08-25T00:08:42.680+0000] {dag.py:4138} INFO - Setting next_dagrun for example_python_operator to None, run_after=None
[2024-08-25T00:08:42.731+0000] {processor.py:208} INFO - Processing /home/airflow/.local/lib/python3.12/site-packages/airflow/example_dags/example_python_operator.py took 0.237 seconds
[2024-08-25T00:09:13.517+0000] {processor.py:186} INFO - Started process (PID=448) to work on /home/airflow/.local/lib/python3.12/site-packages/airflow/example_dags/example_python_operator.py
[2024-08-25T00:09:13.520+0000] {processor.py:914} INFO - Processing file /home/airflow/.local/lib/python3.12/site-packages/airflow/example_dags/example_python_operator.py for tasks to queue
[2024-08-25T00:09:13.526+0000] {logging_mixin.py:190} INFO - [2024-08-25T00:09:13.525+0000] {dagbag.py:587} INFO - Filling up the DagBag from /home/airflow/.local/lib/python3.12/site-packages/airflow/example_dags/example_python_operator.py
[2024-08-25T00:09:13.558+0000] {processor.py:925} INFO - DAG(s) 'example_python_operator' retrieved from /home/airflow/.local/lib/python3.12/site-packages/airflow/example_dags/example_python_operator.py
[2024-08-25T00:09:13.619+0000] {logging_mixin.py:190} INFO - [2024-08-25T00:09:13.618+0000] {dag.py:3211} INFO - Sync 1 DAGs
[2024-08-25T00:09:13.659+0000] {logging_mixin.py:190} INFO - [2024-08-25T00:09:13.658+0000] {dag.py:4138} INFO - Setting next_dagrun for example_python_operator to None, run_after=None
[2024-08-25T00:09:13.719+0000] {processor.py:208} INFO - Processing /home/airflow/.local/lib/python3.12/site-packages/airflow/example_dags/example_python_operator.py took 0.219 seconds
[2024-08-25T00:09:44.071+0000] {processor.py:186} INFO - Started process (PID=511) to work on /home/airflow/.local/lib/python3.12/site-packages/airflow/example_dags/example_python_operator.py
[2024-08-25T00:09:44.073+0000] {processor.py:914} INFO - Processing file /home/airflow/.local/lib/python3.12/site-packages/airflow/example_dags/example_python_operator.py for tasks to queue
[2024-08-25T00:09:44.079+0000] {logging_mixin.py:190} INFO - [2024-08-25T00:09:44.079+0000] {dagbag.py:587} INFO - Filling up the DagBag from /home/airflow/.local/lib/python3.12/site-packages/airflow/example_dags/example_python_operator.py
[2024-08-25T00:09:44.176+0000] {processor.py:925} INFO - DAG(s) 'example_python_operator' retrieved from /home/airflow/.local/lib/python3.12/site-packages/airflow/example_dags/example_python_operator.py
[2024-08-25T00:09:44.363+0000] {logging_mixin.py:190} INFO - [2024-08-25T00:09:44.350+0000] {dag.py:3211} INFO - Sync 1 DAGs
[2024-08-25T00:09:44.451+0000] {logging_mixin.py:190} INFO - [2024-08-25T00:09:44.451+0000] {dag.py:4138} INFO - Setting next_dagrun for example_python_operator to None, run_after=None
[2024-08-25T00:09:44.530+0000] {processor.py:208} INFO - Processing /home/airflow/.local/lib/python3.12/site-packages/airflow/example_dags/example_python_operator.py took 0.475 seconds
[2024-08-25T00:10:14.691+0000] {processor.py:186} INFO - Started process (PID=574) to work on /home/airflow/.local/lib/python3.12/site-packages/airflow/example_dags/example_python_operator.py
[2024-08-25T00:10:14.692+0000] {processor.py:914} INFO - Processing file /home/airflow/.local/lib/python3.12/site-packages/airflow/example_dags/example_python_operator.py for tasks to queue
[2024-08-25T00:10:14.697+0000] {logging_mixin.py:190} INFO - [2024-08-25T00:10:14.696+0000] {dagbag.py:587} INFO - Filling up the DagBag from /home/airflow/.local/lib/python3.12/site-packages/airflow/example_dags/example_python_operator.py
[2024-08-25T00:10:14.723+0000] {processor.py:925} INFO - DAG(s) 'example_python_operator' retrieved from /home/airflow/.local/lib/python3.12/site-packages/airflow/example_dags/example_python_operator.py
[2024-08-25T00:10:14.771+0000] {logging_mixin.py:190} INFO - [2024-08-25T00:10:14.770+0000] {dag.py:3211} INFO - Sync 1 DAGs
[2024-08-25T00:10:14.801+0000] {logging_mixin.py:190} INFO - [2024-08-25T00:10:14.801+0000] {dag.py:4138} INFO - Setting next_dagrun for example_python_operator to None, run_after=None
[2024-08-25T00:10:14.838+0000] {processor.py:208} INFO - Processing /home/airflow/.local/lib/python3.12/site-packages/airflow/example_dags/example_python_operator.py took 0.160 seconds
[2024-08-25T00:10:46.499+0000] {processor.py:186} INFO - Started process (PID=637) to work on /home/airflow/.local/lib/python3.12/site-packages/airflow/example_dags/example_python_operator.py
[2024-08-25T00:10:46.508+0000] {processor.py:914} INFO - Processing file /home/airflow/.local/lib/python3.12/site-packages/airflow/example_dags/example_python_operator.py for tasks to queue
[2024-08-25T00:10:46.515+0000] {logging_mixin.py:190} INFO - [2024-08-25T00:10:46.513+0000] {dagbag.py:587} INFO - Filling up the DagBag from /home/airflow/.local/lib/python3.12/site-packages/airflow/example_dags/example_python_operator.py
[2024-08-25T00:10:46.585+0000] {processor.py:925} INFO - DAG(s) 'example_python_operator' retrieved from /home/airflow/.local/lib/python3.12/site-packages/airflow/example_dags/example_python_operator.py
[2024-08-25T00:10:46.683+0000] {logging_mixin.py:190} INFO - [2024-08-25T00:10:46.682+0000] {dag.py:3211} INFO - Sync 1 DAGs
[2024-08-25T00:10:46.741+0000] {logging_mixin.py:190} INFO - [2024-08-25T00:10:46.741+0000] {dag.py:4138} INFO - Setting next_dagrun for example_python_operator to None, run_after=None
[2024-08-25T00:10:46.809+0000] {processor.py:208} INFO - Processing /home/airflow/.local/lib/python3.12/site-packages/airflow/example_dags/example_python_operator.py took 0.326 seconds
[2024-08-25T00:11:17.009+0000] {processor.py:186} INFO - Started process (PID=699) to work on /home/airflow/.local/lib/python3.12/site-packages/airflow/example_dags/example_python_operator.py
[2024-08-25T00:11:17.011+0000] {processor.py:914} INFO - Processing file /home/airflow/.local/lib/python3.12/site-packages/airflow/example_dags/example_python_operator.py for tasks to queue
[2024-08-25T00:11:17.016+0000] {logging_mixin.py:190} INFO - [2024-08-25T00:11:17.016+0000] {dagbag.py:587} INFO - Filling up the DagBag from /home/airflow/.local/lib/python3.12/site-packages/airflow/example_dags/example_python_operator.py
[2024-08-25T00:11:17.051+0000] {processor.py:925} INFO - DAG(s) 'example_python_operator' retrieved from /home/airflow/.local/lib/python3.12/site-packages/airflow/example_dags/example_python_operator.py
[2024-08-25T00:11:17.149+0000] {logging_mixin.py:190} INFO - [2024-08-25T00:11:17.148+0000] {dag.py:3211} INFO - Sync 1 DAGs
[2024-08-25T00:11:17.196+0000] {logging_mixin.py:190} INFO - [2024-08-25T00:11:17.195+0000] {dag.py:4138} INFO - Setting next_dagrun for example_python_operator to None, run_after=None
[2024-08-25T00:11:17.252+0000] {processor.py:208} INFO - Processing /home/airflow/.local/lib/python3.12/site-packages/airflow/example_dags/example_python_operator.py took 0.259 seconds
[2024-08-25T00:11:58.475+0000] {processor.py:186} INFO - Started process (PID=765) to work on /home/airflow/.local/lib/python3.12/site-packages/airflow/example_dags/example_python_operator.py
[2024-08-25T00:11:58.489+0000] {processor.py:914} INFO - Processing file /home/airflow/.local/lib/python3.12/site-packages/airflow/example_dags/example_python_operator.py for tasks to queue
[2024-08-25T00:11:58.507+0000] {logging_mixin.py:190} INFO - [2024-08-25T00:11:58.506+0000] {dagbag.py:587} INFO - Filling up the DagBag from /home/airflow/.local/lib/python3.12/site-packages/airflow/example_dags/example_python_operator.py
[2024-08-25T00:11:58.574+0000] {processor.py:925} INFO - DAG(s) 'example_python_operator' retrieved from /home/airflow/.local/lib/python3.12/site-packages/airflow/example_dags/example_python_operator.py
[2024-08-25T00:11:58.681+0000] {logging_mixin.py:190} INFO - [2024-08-25T00:11:58.679+0000] {dag.py:3211} INFO - Sync 1 DAGs
[2024-08-25T00:11:58.748+0000] {logging_mixin.py:190} INFO - [2024-08-25T00:11:58.747+0000] {dag.py:4138} INFO - Setting next_dagrun for example_python_operator to None, run_after=None
[2024-08-25T00:11:58.815+0000] {processor.py:208} INFO - Processing /home/airflow/.local/lib/python3.12/site-packages/airflow/example_dags/example_python_operator.py took 0.402 seconds
[2024-08-25T00:12:29.200+0000] {processor.py:186} INFO - Started process (PID=829) to work on /home/airflow/.local/lib/python3.12/site-packages/airflow/example_dags/example_python_operator.py
[2024-08-25T00:12:29.202+0000] {processor.py:914} INFO - Processing file /home/airflow/.local/lib/python3.12/site-packages/airflow/example_dags/example_python_operator.py for tasks to queue
[2024-08-25T00:12:29.208+0000] {logging_mixin.py:190} INFO - [2024-08-25T00:12:29.208+0000] {dagbag.py:587} INFO - Filling up the DagBag from /home/airflow/.local/lib/python3.12/site-packages/airflow/example_dags/example_python_operator.py
[2024-08-25T00:12:29.247+0000] {processor.py:925} INFO - DAG(s) 'example_python_operator' retrieved from /home/airflow/.local/lib/python3.12/site-packages/airflow/example_dags/example_python_operator.py
[2024-08-25T00:12:29.324+0000] {logging_mixin.py:190} INFO - [2024-08-25T00:12:29.322+0000] {dag.py:3211} INFO - Sync 1 DAGs
[2024-08-25T00:12:29.381+0000] {logging_mixin.py:190} INFO - [2024-08-25T00:12:29.381+0000] {dag.py:4138} INFO - Setting next_dagrun for example_python_operator to None, run_after=None
[2024-08-25T00:12:29.473+0000] {processor.py:208} INFO - Processing /home/airflow/.local/lib/python3.12/site-packages/airflow/example_dags/example_python_operator.py took 0.289 seconds
[2024-08-25T00:12:59.740+0000] {processor.py:186} INFO - Started process (PID=891) to work on /home/airflow/.local/lib/python3.12/site-packages/airflow/example_dags/example_python_operator.py
[2024-08-25T00:12:59.742+0000] {processor.py:914} INFO - Processing file /home/airflow/.local/lib/python3.12/site-packages/airflow/example_dags/example_python_operator.py for tasks to queue
[2024-08-25T00:12:59.754+0000] {logging_mixin.py:190} INFO - [2024-08-25T00:12:59.753+0000] {dagbag.py:587} INFO - Filling up the DagBag from /home/airflow/.local/lib/python3.12/site-packages/airflow/example_dags/example_python_operator.py
[2024-08-25T00:12:59.787+0000] {processor.py:925} INFO - DAG(s) 'example_python_operator' retrieved from /home/airflow/.local/lib/python3.12/site-packages/airflow/example_dags/example_python_operator.py
[2024-08-25T00:12:59.860+0000] {logging_mixin.py:190} INFO - [2024-08-25T00:12:59.858+0000] {dag.py:3211} INFO - Sync 1 DAGs
[2024-08-25T00:12:59.900+0000] {logging_mixin.py:190} INFO - [2024-08-25T00:12:59.900+0000] {dag.py:4138} INFO - Setting next_dagrun for example_python_operator to None, run_after=None
[2024-08-25T00:12:59.944+0000] {processor.py:208} INFO - Processing /home/airflow/.local/lib/python3.12/site-packages/airflow/example_dags/example_python_operator.py took 0.235 seconds
[2024-08-25T00:13:30.129+0000] {processor.py:186} INFO - Started process (PID=954) to work on /home/airflow/.local/lib/python3.12/site-packages/airflow/example_dags/example_python_operator.py
[2024-08-25T00:13:30.131+0000] {processor.py:914} INFO - Processing file /home/airflow/.local/lib/python3.12/site-packages/airflow/example_dags/example_python_operator.py for tasks to queue
[2024-08-25T00:13:30.135+0000] {logging_mixin.py:190} INFO - [2024-08-25T00:13:30.135+0000] {dagbag.py:587} INFO - Filling up the DagBag from /home/airflow/.local/lib/python3.12/site-packages/airflow/example_dags/example_python_operator.py
[2024-08-25T00:13:30.161+0000] {processor.py:925} INFO - DAG(s) 'example_python_operator' retrieved from /home/airflow/.local/lib/python3.12/site-packages/airflow/example_dags/example_python_operator.py
[2024-08-25T00:13:30.216+0000] {logging_mixin.py:190} INFO - [2024-08-25T00:13:30.216+0000] {dag.py:3211} INFO - Sync 1 DAGs
[2024-08-25T00:13:30.248+0000] {logging_mixin.py:190} INFO - [2024-08-25T00:13:30.248+0000] {dag.py:4138} INFO - Setting next_dagrun for example_python_operator to None, run_after=None
[2024-08-25T00:13:30.285+0000] {processor.py:208} INFO - Processing /home/airflow/.local/lib/python3.12/site-packages/airflow/example_dags/example_python_operator.py took 0.168 seconds
[2024-08-25T00:14:00.512+0000] {processor.py:186} INFO - Started process (PID=1017) to work on /home/airflow/.local/lib/python3.12/site-packages/airflow/example_dags/example_python_operator.py
[2024-08-25T00:14:00.524+0000] {processor.py:914} INFO - Processing file /home/airflow/.local/lib/python3.12/site-packages/airflow/example_dags/example_python_operator.py for tasks to queue
[2024-08-25T00:14:00.531+0000] {logging_mixin.py:190} INFO - [2024-08-25T00:14:00.531+0000] {dagbag.py:587} INFO - Filling up the DagBag from /home/airflow/.local/lib/python3.12/site-packages/airflow/example_dags/example_python_operator.py
[2024-08-25T00:14:00.577+0000] {processor.py:925} INFO - DAG(s) 'example_python_operator' retrieved from /home/airflow/.local/lib/python3.12/site-packages/airflow/example_dags/example_python_operator.py
[2024-08-25T00:14:00.639+0000] {logging_mixin.py:190} INFO - [2024-08-25T00:14:00.637+0000] {dag.py:3211} INFO - Sync 1 DAGs
[2024-08-25T00:14:00.677+0000] {logging_mixin.py:190} INFO - [2024-08-25T00:14:00.677+0000] {dag.py:4138} INFO - Setting next_dagrun for example_python_operator to None, run_after=None
[2024-08-25T00:14:00.722+0000] {processor.py:208} INFO - Processing /home/airflow/.local/lib/python3.12/site-packages/airflow/example_dags/example_python_operator.py took 0.247 seconds
[2024-08-25T00:14:31.082+0000] {processor.py:186} INFO - Started process (PID=1080) to work on /home/airflow/.local/lib/python3.12/site-packages/airflow/example_dags/example_python_operator.py
[2024-08-25T00:14:31.115+0000] {processor.py:914} INFO - Processing file /home/airflow/.local/lib/python3.12/site-packages/airflow/example_dags/example_python_operator.py for tasks to queue
[2024-08-25T00:14:31.135+0000] {logging_mixin.py:190} INFO - [2024-08-25T00:14:31.131+0000] {dagbag.py:587} INFO - Filling up the DagBag from /home/airflow/.local/lib/python3.12/site-packages/airflow/example_dags/example_python_operator.py
[2024-08-25T00:14:31.259+0000] {processor.py:925} INFO - DAG(s) 'example_python_operator' retrieved from /home/airflow/.local/lib/python3.12/site-packages/airflow/example_dags/example_python_operator.py
[2024-08-25T00:14:31.360+0000] {logging_mixin.py:190} INFO - [2024-08-25T00:14:31.359+0000] {dag.py:3211} INFO - Sync 1 DAGs
[2024-08-25T00:14:31.409+0000] {logging_mixin.py:190} INFO - [2024-08-25T00:14:31.409+0000] {dag.py:4138} INFO - Setting next_dagrun for example_python_operator to None, run_after=None
[2024-08-25T00:14:31.534+0000] {processor.py:208} INFO - Processing /home/airflow/.local/lib/python3.12/site-packages/airflow/example_dags/example_python_operator.py took 0.548 seconds
[2024-08-25T00:15:03.260+0000] {processor.py:186} INFO - Started process (PID=1150) to work on /home/airflow/.local/lib/python3.12/site-packages/airflow/example_dags/example_python_operator.py
[2024-08-25T00:15:03.269+0000] {processor.py:914} INFO - Processing file /home/airflow/.local/lib/python3.12/site-packages/airflow/example_dags/example_python_operator.py for tasks to queue
[2024-08-25T00:15:03.279+0000] {logging_mixin.py:190} INFO - [2024-08-25T00:15:03.278+0000] {dagbag.py:587} INFO - Filling up the DagBag from /home/airflow/.local/lib/python3.12/site-packages/airflow/example_dags/example_python_operator.py
[2024-08-25T00:15:03.365+0000] {processor.py:925} INFO - DAG(s) 'example_python_operator' retrieved from /home/airflow/.local/lib/python3.12/site-packages/airflow/example_dags/example_python_operator.py
[2024-08-25T00:15:03.487+0000] {logging_mixin.py:190} INFO - [2024-08-25T00:15:03.486+0000] {dag.py:3211} INFO - Sync 1 DAGs
[2024-08-25T00:15:03.570+0000] {logging_mixin.py:190} INFO - [2024-08-25T00:15:03.564+0000] {dag.py:4138} INFO - Setting next_dagrun for example_python_operator to None, run_after=None
[2024-08-25T00:15:03.645+0000] {processor.py:208} INFO - Processing /home/airflow/.local/lib/python3.12/site-packages/airflow/example_dags/example_python_operator.py took 0.413 seconds
[2024-08-25T00:15:34.423+0000] {processor.py:186} INFO - Started process (PID=1214) to work on /home/airflow/.local/lib/python3.12/site-packages/airflow/example_dags/example_python_operator.py
[2024-08-25T00:15:34.425+0000] {processor.py:914} INFO - Processing file /home/airflow/.local/lib/python3.12/site-packages/airflow/example_dags/example_python_operator.py for tasks to queue
[2024-08-25T00:15:34.431+0000] {logging_mixin.py:190} INFO - [2024-08-25T00:15:34.430+0000] {dagbag.py:587} INFO - Filling up the DagBag from /home/airflow/.local/lib/python3.12/site-packages/airflow/example_dags/example_python_operator.py
[2024-08-25T00:15:34.510+0000] {processor.py:925} INFO - DAG(s) 'example_python_operator' retrieved from /home/airflow/.local/lib/python3.12/site-packages/airflow/example_dags/example_python_operator.py
[2024-08-25T00:15:34.805+0000] {logging_mixin.py:190} INFO - [2024-08-25T00:15:34.792+0000] {dag.py:3211} INFO - Sync 1 DAGs
[2024-08-25T00:15:35.062+0000] {logging_mixin.py:190} INFO - [2024-08-25T00:15:35.062+0000] {dag.py:4138} INFO - Setting next_dagrun for example_python_operator to None, run_after=None
[2024-08-25T00:15:35.238+0000] {processor.py:208} INFO - Processing /home/airflow/.local/lib/python3.12/site-packages/airflow/example_dags/example_python_operator.py took 0.836 seconds
[2024-08-25T00:16:08.392+0000] {processor.py:186} INFO - Started process (PID=1279) to work on /home/airflow/.local/lib/python3.12/site-packages/airflow/example_dags/example_python_operator.py
[2024-08-25T00:16:08.394+0000] {processor.py:914} INFO - Processing file /home/airflow/.local/lib/python3.12/site-packages/airflow/example_dags/example_python_operator.py for tasks to queue
[2024-08-25T00:16:08.406+0000] {logging_mixin.py:190} INFO - [2024-08-25T00:16:08.405+0000] {dagbag.py:587} INFO - Filling up the DagBag from /home/airflow/.local/lib/python3.12/site-packages/airflow/example_dags/example_python_operator.py
[2024-08-25T00:16:08.479+0000] {processor.py:925} INFO - DAG(s) 'example_python_operator' retrieved from /home/airflow/.local/lib/python3.12/site-packages/airflow/example_dags/example_python_operator.py
[2024-08-25T00:16:08.617+0000] {logging_mixin.py:190} INFO - [2024-08-25T00:16:08.614+0000] {dag.py:3211} INFO - Sync 1 DAGs
[2024-08-25T00:16:08.696+0000] {logging_mixin.py:190} INFO - [2024-08-25T00:16:08.696+0000] {dag.py:4138} INFO - Setting next_dagrun for example_python_operator to None, run_after=None
[2024-08-25T00:16:08.760+0000] {processor.py:208} INFO - Processing /home/airflow/.local/lib/python3.12/site-packages/airflow/example_dags/example_python_operator.py took 0.407 seconds
[2024-08-25T00:16:40.429+0000] {processor.py:186} INFO - Started process (PID=1343) to work on /home/airflow/.local/lib/python3.12/site-packages/airflow/example_dags/example_python_operator.py
[2024-08-25T00:16:40.432+0000] {processor.py:914} INFO - Processing file /home/airflow/.local/lib/python3.12/site-packages/airflow/example_dags/example_python_operator.py for tasks to queue
[2024-08-25T00:16:40.439+0000] {logging_mixin.py:190} INFO - [2024-08-25T00:16:40.438+0000] {dagbag.py:587} INFO - Filling up the DagBag from /home/airflow/.local/lib/python3.12/site-packages/airflow/example_dags/example_python_operator.py
[2024-08-25T00:16:40.504+0000] {processor.py:925} INFO - DAG(s) 'example_python_operator' retrieved from /home/airflow/.local/lib/python3.12/site-packages/airflow/example_dags/example_python_operator.py
[2024-08-25T00:16:40.583+0000] {logging_mixin.py:190} INFO - [2024-08-25T00:16:40.580+0000] {dag.py:3211} INFO - Sync 1 DAGs
[2024-08-25T00:16:40.627+0000] {logging_mixin.py:190} INFO - [2024-08-25T00:16:40.626+0000] {dag.py:4138} INFO - Setting next_dagrun for example_python_operator to None, run_after=None
[2024-08-25T00:16:40.687+0000] {processor.py:208} INFO - Processing /home/airflow/.local/lib/python3.12/site-packages/airflow/example_dags/example_python_operator.py took 0.280 seconds
[2024-08-25T00:17:15.744+0000] {processor.py:186} INFO - Started process (PID=1408) to work on /home/airflow/.local/lib/python3.12/site-packages/airflow/example_dags/example_python_operator.py
[2024-08-25T00:17:15.758+0000] {processor.py:914} INFO - Processing file /home/airflow/.local/lib/python3.12/site-packages/airflow/example_dags/example_python_operator.py for tasks to queue
[2024-08-25T00:17:15.778+0000] {logging_mixin.py:190} INFO - [2024-08-25T00:17:15.776+0000] {dagbag.py:587} INFO - Filling up the DagBag from /home/airflow/.local/lib/python3.12/site-packages/airflow/example_dags/example_python_operator.py
[2024-08-25T00:17:15.915+0000] {processor.py:925} INFO - DAG(s) 'example_python_operator' retrieved from /home/airflow/.local/lib/python3.12/site-packages/airflow/example_dags/example_python_operator.py
[2024-08-25T00:17:16.429+0000] {logging_mixin.py:190} INFO - [2024-08-25T00:17:16.428+0000] {dag.py:3211} INFO - Sync 1 DAGs
[2024-08-25T00:17:16.581+0000] {logging_mixin.py:190} INFO - [2024-08-25T00:17:16.580+0000] {dag.py:4138} INFO - Setting next_dagrun for example_python_operator to None, run_after=None
[2024-08-25T00:17:16.737+0000] {processor.py:208} INFO - Processing /home/airflow/.local/lib/python3.12/site-packages/airflow/example_dags/example_python_operator.py took 1.037 seconds
[2024-08-25T00:17:47.088+0000] {processor.py:186} INFO - Started process (PID=1470) to work on /home/airflow/.local/lib/python3.12/site-packages/airflow/example_dags/example_python_operator.py
[2024-08-25T00:17:47.092+0000] {processor.py:914} INFO - Processing file /home/airflow/.local/lib/python3.12/site-packages/airflow/example_dags/example_python_operator.py for tasks to queue
[2024-08-25T00:17:47.111+0000] {logging_mixin.py:190} INFO - [2024-08-25T00:17:47.111+0000] {dagbag.py:587} INFO - Filling up the DagBag from /home/airflow/.local/lib/python3.12/site-packages/airflow/example_dags/example_python_operator.py
[2024-08-25T00:17:47.173+0000] {processor.py:925} INFO - DAG(s) 'example_python_operator' retrieved from /home/airflow/.local/lib/python3.12/site-packages/airflow/example_dags/example_python_operator.py
[2024-08-25T00:17:47.268+0000] {logging_mixin.py:190} INFO - [2024-08-25T00:17:47.266+0000] {dag.py:3211} INFO - Sync 1 DAGs
[2024-08-25T00:17:47.325+0000] {logging_mixin.py:190} INFO - [2024-08-25T00:17:47.324+0000] {dag.py:4138} INFO - Setting next_dagrun for example_python_operator to None, run_after=None
[2024-08-25T00:17:47.449+0000] {processor.py:208} INFO - Processing /home/airflow/.local/lib/python3.12/site-packages/airflow/example_dags/example_python_operator.py took 0.399 seconds
[2024-08-25T00:18:18.025+0000] {processor.py:186} INFO - Started process (PID=1533) to work on /home/airflow/.local/lib/python3.12/site-packages/airflow/example_dags/example_python_operator.py
[2024-08-25T00:18:18.039+0000] {processor.py:914} INFO - Processing file /home/airflow/.local/lib/python3.12/site-packages/airflow/example_dags/example_python_operator.py for tasks to queue
[2024-08-25T00:18:18.070+0000] {logging_mixin.py:190} INFO - [2024-08-25T00:18:18.070+0000] {dagbag.py:587} INFO - Filling up the DagBag from /home/airflow/.local/lib/python3.12/site-packages/airflow/example_dags/example_python_operator.py
[2024-08-25T00:18:18.193+0000] {processor.py:925} INFO - DAG(s) 'example_python_operator' retrieved from /home/airflow/.local/lib/python3.12/site-packages/airflow/example_dags/example_python_operator.py
[2024-08-25T00:18:18.376+0000] {logging_mixin.py:190} INFO - [2024-08-25T00:18:18.374+0000] {dag.py:3211} INFO - Sync 1 DAGs
[2024-08-25T00:18:18.481+0000] {logging_mixin.py:190} INFO - [2024-08-25T00:18:18.480+0000] {dag.py:4138} INFO - Setting next_dagrun for example_python_operator to None, run_after=None
[2024-08-25T00:18:18.608+0000] {processor.py:208} INFO - Processing /home/airflow/.local/lib/python3.12/site-packages/airflow/example_dags/example_python_operator.py took 0.622 seconds
[2024-08-25T00:18:49.147+0000] {processor.py:186} INFO - Started process (PID=1596) to work on /home/airflow/.local/lib/python3.12/site-packages/airflow/example_dags/example_python_operator.py
[2024-08-25T00:18:49.150+0000] {processor.py:914} INFO - Processing file /home/airflow/.local/lib/python3.12/site-packages/airflow/example_dags/example_python_operator.py for tasks to queue
[2024-08-25T00:18:49.156+0000] {logging_mixin.py:190} INFO - [2024-08-25T00:18:49.155+0000] {dagbag.py:587} INFO - Filling up the DagBag from /home/airflow/.local/lib/python3.12/site-packages/airflow/example_dags/example_python_operator.py
[2024-08-25T00:18:49.197+0000] {processor.py:925} INFO - DAG(s) 'example_python_operator' retrieved from /home/airflow/.local/lib/python3.12/site-packages/airflow/example_dags/example_python_operator.py
[2024-08-25T00:18:49.274+0000] {logging_mixin.py:190} INFO - [2024-08-25T00:18:49.273+0000] {dag.py:3211} INFO - Sync 1 DAGs
[2024-08-25T00:18:49.318+0000] {logging_mixin.py:190} INFO - [2024-08-25T00:18:49.317+0000] {dag.py:4138} INFO - Setting next_dagrun for example_python_operator to None, run_after=None
[2024-08-25T00:18:49.395+0000] {processor.py:208} INFO - Processing /home/airflow/.local/lib/python3.12/site-packages/airflow/example_dags/example_python_operator.py took 0.267 seconds
[2024-08-25T00:19:19.754+0000] {processor.py:186} INFO - Started process (PID=1659) to work on /home/airflow/.local/lib/python3.12/site-packages/airflow/example_dags/example_python_operator.py
[2024-08-25T00:19:19.757+0000] {processor.py:914} INFO - Processing file /home/airflow/.local/lib/python3.12/site-packages/airflow/example_dags/example_python_operator.py for tasks to queue
[2024-08-25T00:19:19.764+0000] {logging_mixin.py:190} INFO - [2024-08-25T00:19:19.763+0000] {dagbag.py:587} INFO - Filling up the DagBag from /home/airflow/.local/lib/python3.12/site-packages/airflow/example_dags/example_python_operator.py
[2024-08-25T00:19:19.802+0000] {processor.py:925} INFO - DAG(s) 'example_python_operator' retrieved from /home/airflow/.local/lib/python3.12/site-packages/airflow/example_dags/example_python_operator.py
[2024-08-25T00:19:19.920+0000] {logging_mixin.py:190} INFO - [2024-08-25T00:19:19.918+0000] {dag.py:3211} INFO - Sync 1 DAGs
[2024-08-25T00:19:20.020+0000] {logging_mixin.py:190} INFO - [2024-08-25T00:19:20.019+0000] {dag.py:4138} INFO - Setting next_dagrun for example_python_operator to None, run_after=None
[2024-08-25T00:19:20.189+0000] {processor.py:208} INFO - Processing /home/airflow/.local/lib/python3.12/site-packages/airflow/example_dags/example_python_operator.py took 0.455 seconds
[2024-08-25T00:19:51.674+0000] {processor.py:186} INFO - Started process (PID=1722) to work on /home/airflow/.local/lib/python3.12/site-packages/airflow/example_dags/example_python_operator.py
[2024-08-25T00:19:51.677+0000] {processor.py:914} INFO - Processing file /home/airflow/.local/lib/python3.12/site-packages/airflow/example_dags/example_python_operator.py for tasks to queue
[2024-08-25T00:19:51.683+0000] {logging_mixin.py:190} INFO - [2024-08-25T00:19:51.682+0000] {dagbag.py:587} INFO - Filling up the DagBag from /home/airflow/.local/lib/python3.12/site-packages/airflow/example_dags/example_python_operator.py
[2024-08-25T00:19:51.719+0000] {processor.py:925} INFO - DAG(s) 'example_python_operator' retrieved from /home/airflow/.local/lib/python3.12/site-packages/airflow/example_dags/example_python_operator.py
[2024-08-25T00:19:51.788+0000] {logging_mixin.py:190} INFO - [2024-08-25T00:19:51.787+0000] {dag.py:3211} INFO - Sync 1 DAGs
[2024-08-25T00:19:51.828+0000] {logging_mixin.py:190} INFO - [2024-08-25T00:19:51.828+0000] {dag.py:4138} INFO - Setting next_dagrun for example_python_operator to None, run_after=None
[2024-08-25T00:19:51.882+0000] {processor.py:208} INFO - Processing /home/airflow/.local/lib/python3.12/site-packages/airflow/example_dags/example_python_operator.py took 0.239 seconds
[2024-08-25T00:20:22.814+0000] {processor.py:186} INFO - Started process (PID=1786) to work on /home/airflow/.local/lib/python3.12/site-packages/airflow/example_dags/example_python_operator.py
[2024-08-25T00:20:22.822+0000] {processor.py:914} INFO - Processing file /home/airflow/.local/lib/python3.12/site-packages/airflow/example_dags/example_python_operator.py for tasks to queue
[2024-08-25T00:20:22.830+0000] {logging_mixin.py:190} INFO - [2024-08-25T00:20:22.828+0000] {dagbag.py:587} INFO - Filling up the DagBag from /home/airflow/.local/lib/python3.12/site-packages/airflow/example_dags/example_python_operator.py
[2024-08-25T00:20:22.879+0000] {processor.py:925} INFO - DAG(s) 'example_python_operator' retrieved from /home/airflow/.local/lib/python3.12/site-packages/airflow/example_dags/example_python_operator.py
[2024-08-25T00:20:23.039+0000] {logging_mixin.py:190} INFO - [2024-08-25T00:20:23.027+0000] {dag.py:3211} INFO - Sync 1 DAGs
[2024-08-25T00:20:23.207+0000] {logging_mixin.py:190} INFO - [2024-08-25T00:20:23.206+0000] {dag.py:4138} INFO - Setting next_dagrun for example_python_operator to None, run_after=None
[2024-08-25T00:20:23.288+0000] {processor.py:208} INFO - Processing /home/airflow/.local/lib/python3.12/site-packages/airflow/example_dags/example_python_operator.py took 0.532 seconds
[2024-08-25T00:20:53.640+0000] {processor.py:186} INFO - Started process (PID=1847) to work on /home/airflow/.local/lib/python3.12/site-packages/airflow/example_dags/example_python_operator.py
[2024-08-25T00:20:53.642+0000] {processor.py:914} INFO - Processing file /home/airflow/.local/lib/python3.12/site-packages/airflow/example_dags/example_python_operator.py for tasks to queue
[2024-08-25T00:20:53.650+0000] {logging_mixin.py:190} INFO - [2024-08-25T00:20:53.649+0000] {dagbag.py:587} INFO - Filling up the DagBag from /home/airflow/.local/lib/python3.12/site-packages/airflow/example_dags/example_python_operator.py
[2024-08-25T00:20:53.686+0000] {processor.py:925} INFO - DAG(s) 'example_python_operator' retrieved from /home/airflow/.local/lib/python3.12/site-packages/airflow/example_dags/example_python_operator.py
[2024-08-25T00:20:53.750+0000] {logging_mixin.py:190} INFO - [2024-08-25T00:20:53.749+0000] {dag.py:3211} INFO - Sync 1 DAGs
[2024-08-25T00:20:53.780+0000] {logging_mixin.py:190} INFO - [2024-08-25T00:20:53.780+0000] {dag.py:4138} INFO - Setting next_dagrun for example_python_operator to None, run_after=None
[2024-08-25T00:20:53.816+0000] {processor.py:208} INFO - Processing /home/airflow/.local/lib/python3.12/site-packages/airflow/example_dags/example_python_operator.py took 0.219 seconds
[2024-08-25T00:27:10.804+0000] {processor.py:186} INFO - Started process (PID=139) to work on /home/airflow/.local/lib/python3.12/site-packages/airflow/example_dags/example_python_operator.py
[2024-08-25T00:27:10.820+0000] {processor.py:914} INFO - Processing file /home/airflow/.local/lib/python3.12/site-packages/airflow/example_dags/example_python_operator.py for tasks to queue
[2024-08-25T00:27:10.835+0000] {logging_mixin.py:190} INFO - [2024-08-25T00:27:10.826+0000] {dagbag.py:587} INFO - Filling up the DagBag from /home/airflow/.local/lib/python3.12/site-packages/airflow/example_dags/example_python_operator.py
[2024-08-25T00:27:11.012+0000] {processor.py:925} INFO - DAG(s) 'example_python_operator' retrieved from /home/airflow/.local/lib/python3.12/site-packages/airflow/example_dags/example_python_operator.py
[2024-08-25T00:27:13.474+0000] {logging_mixin.py:190} INFO - [2024-08-25T00:27:13.473+0000] {dag.py:3211} INFO - Sync 1 DAGs
[2024-08-25T00:27:13.818+0000] {logging_mixin.py:190} INFO - [2024-08-25T00:27:13.817+0000] {dag.py:4138} INFO - Setting next_dagrun for example_python_operator to None, run_after=None
[2024-08-25T00:27:14.195+0000] {processor.py:208} INFO - Processing /home/airflow/.local/lib/python3.12/site-packages/airflow/example_dags/example_python_operator.py took 3.505 seconds
[2024-08-25T00:28:15.880+0000] {processor.py:186} INFO - Started process (PID=223) to work on /home/airflow/.local/lib/python3.12/site-packages/airflow/example_dags/example_python_operator.py
[2024-08-25T00:28:15.882+0000] {processor.py:914} INFO - Processing file /home/airflow/.local/lib/python3.12/site-packages/airflow/example_dags/example_python_operator.py for tasks to queue
[2024-08-25T00:28:15.913+0000] {logging_mixin.py:190} INFO - [2024-08-25T00:28:15.895+0000] {dagbag.py:587} INFO - Filling up the DagBag from /home/airflow/.local/lib/python3.12/site-packages/airflow/example_dags/example_python_operator.py
[2024-08-25T00:28:16.076+0000] {processor.py:925} INFO - DAG(s) 'example_python_operator' retrieved from /home/airflow/.local/lib/python3.12/site-packages/airflow/example_dags/example_python_operator.py
[2024-08-25T00:28:16.284+0000] {logging_mixin.py:190} INFO - [2024-08-25T00:28:16.279+0000] {dag.py:3211} INFO - Sync 1 DAGs
[2024-08-25T00:28:16.415+0000] {logging_mixin.py:190} INFO - [2024-08-25T00:28:16.413+0000] {dag.py:4138} INFO - Setting next_dagrun for example_python_operator to None, run_after=None
[2024-08-25T00:28:16.651+0000] {processor.py:208} INFO - Processing /home/airflow/.local/lib/python3.12/site-packages/airflow/example_dags/example_python_operator.py took 0.842 seconds
[2024-08-25T00:28:51.922+0000] {processor.py:186} INFO - Started process (PID=286) to work on /home/airflow/.local/lib/python3.12/site-packages/airflow/example_dags/example_python_operator.py
[2024-08-25T00:28:51.933+0000] {processor.py:914} INFO - Processing file /home/airflow/.local/lib/python3.12/site-packages/airflow/example_dags/example_python_operator.py for tasks to queue
[2024-08-25T00:28:51.952+0000] {logging_mixin.py:190} INFO - [2024-08-25T00:28:51.951+0000] {dagbag.py:587} INFO - Filling up the DagBag from /home/airflow/.local/lib/python3.12/site-packages/airflow/example_dags/example_python_operator.py
[2024-08-25T00:28:52.056+0000] {processor.py:925} INFO - DAG(s) 'example_python_operator' retrieved from /home/airflow/.local/lib/python3.12/site-packages/airflow/example_dags/example_python_operator.py
[2024-08-25T00:28:52.234+0000] {logging_mixin.py:190} INFO - [2024-08-25T00:28:52.232+0000] {dag.py:3211} INFO - Sync 1 DAGs
[2024-08-25T00:28:52.321+0000] {logging_mixin.py:190} INFO - [2024-08-25T00:28:52.320+0000] {dag.py:4138} INFO - Setting next_dagrun for example_python_operator to None, run_after=None
[2024-08-25T00:28:52.422+0000] {processor.py:208} INFO - Processing /home/airflow/.local/lib/python3.12/site-packages/airflow/example_dags/example_python_operator.py took 0.539 seconds
[2024-08-25T00:29:23.181+0000] {processor.py:186} INFO - Started process (PID=349) to work on /home/airflow/.local/lib/python3.12/site-packages/airflow/example_dags/example_python_operator.py
[2024-08-25T00:29:23.183+0000] {processor.py:914} INFO - Processing file /home/airflow/.local/lib/python3.12/site-packages/airflow/example_dags/example_python_operator.py for tasks to queue
[2024-08-25T00:29:23.188+0000] {logging_mixin.py:190} INFO - [2024-08-25T00:29:23.188+0000] {dagbag.py:587} INFO - Filling up the DagBag from /home/airflow/.local/lib/python3.12/site-packages/airflow/example_dags/example_python_operator.py
[2024-08-25T00:29:23.231+0000] {processor.py:925} INFO - DAG(s) 'example_python_operator' retrieved from /home/airflow/.local/lib/python3.12/site-packages/airflow/example_dags/example_python_operator.py
[2024-08-25T00:29:23.305+0000] {logging_mixin.py:190} INFO - [2024-08-25T00:29:23.304+0000] {dag.py:3211} INFO - Sync 1 DAGs
[2024-08-25T00:29:23.357+0000] {logging_mixin.py:190} INFO - [2024-08-25T00:29:23.356+0000] {dag.py:4138} INFO - Setting next_dagrun for example_python_operator to None, run_after=None
[2024-08-25T00:29:23.416+0000] {processor.py:208} INFO - Processing /home/airflow/.local/lib/python3.12/site-packages/airflow/example_dags/example_python_operator.py took 0.254 seconds
[2024-08-25T00:29:56.731+0000] {processor.py:186} INFO - Started process (PID=412) to work on /home/airflow/.local/lib/python3.12/site-packages/airflow/example_dags/example_python_operator.py
[2024-08-25T00:29:56.734+0000] {processor.py:914} INFO - Processing file /home/airflow/.local/lib/python3.12/site-packages/airflow/example_dags/example_python_operator.py for tasks to queue
[2024-08-25T00:29:56.742+0000] {logging_mixin.py:190} INFO - [2024-08-25T00:29:56.741+0000] {dagbag.py:587} INFO - Filling up the DagBag from /home/airflow/.local/lib/python3.12/site-packages/airflow/example_dags/example_python_operator.py
[2024-08-25T00:29:56.796+0000] {processor.py:925} INFO - DAG(s) 'example_python_operator' retrieved from /home/airflow/.local/lib/python3.12/site-packages/airflow/example_dags/example_python_operator.py
[2024-08-25T00:29:56.881+0000] {logging_mixin.py:190} INFO - [2024-08-25T00:29:56.879+0000] {dag.py:3211} INFO - Sync 1 DAGs
[2024-08-25T00:29:56.938+0000] {logging_mixin.py:190} INFO - [2024-08-25T00:29:56.937+0000] {dag.py:4138} INFO - Setting next_dagrun for example_python_operator to None, run_after=None
[2024-08-25T00:29:57.016+0000] {processor.py:208} INFO - Processing /home/airflow/.local/lib/python3.12/site-packages/airflow/example_dags/example_python_operator.py took 0.309 seconds
[2024-08-25T00:30:39.635+0000] {processor.py:186} INFO - Started process (PID=488) to work on /home/airflow/.local/lib/python3.12/site-packages/airflow/example_dags/example_python_operator.py
[2024-08-25T00:30:39.638+0000] {processor.py:914} INFO - Processing file /home/airflow/.local/lib/python3.12/site-packages/airflow/example_dags/example_python_operator.py for tasks to queue
[2024-08-25T00:30:39.648+0000] {logging_mixin.py:190} INFO - [2024-08-25T00:30:39.647+0000] {dagbag.py:587} INFO - Filling up the DagBag from /home/airflow/.local/lib/python3.12/site-packages/airflow/example_dags/example_python_operator.py
[2024-08-25T00:30:39.714+0000] {processor.py:925} INFO - DAG(s) 'example_python_operator' retrieved from /home/airflow/.local/lib/python3.12/site-packages/airflow/example_dags/example_python_operator.py
[2024-08-25T00:30:39.797+0000] {logging_mixin.py:190} INFO - [2024-08-25T00:30:39.796+0000] {dag.py:3211} INFO - Sync 1 DAGs
[2024-08-25T00:30:39.853+0000] {logging_mixin.py:190} INFO - [2024-08-25T00:30:39.852+0000] {dag.py:4138} INFO - Setting next_dagrun for example_python_operator to None, run_after=None
[2024-08-25T00:30:39.907+0000] {processor.py:208} INFO - Processing /home/airflow/.local/lib/python3.12/site-packages/airflow/example_dags/example_python_operator.py took 0.306 seconds
[2024-08-25T00:31:13.300+0000] {processor.py:186} INFO - Started process (PID=553) to work on /home/airflow/.local/lib/python3.12/site-packages/airflow/example_dags/example_python_operator.py
[2024-08-25T00:31:13.353+0000] {processor.py:914} INFO - Processing file /home/airflow/.local/lib/python3.12/site-packages/airflow/example_dags/example_python_operator.py for tasks to queue
[2024-08-25T00:31:13.388+0000] {logging_mixin.py:190} INFO - [2024-08-25T00:31:13.387+0000] {dagbag.py:587} INFO - Filling up the DagBag from /home/airflow/.local/lib/python3.12/site-packages/airflow/example_dags/example_python_operator.py
[2024-08-25T00:31:13.557+0000] {processor.py:925} INFO - DAG(s) 'example_python_operator' retrieved from /home/airflow/.local/lib/python3.12/site-packages/airflow/example_dags/example_python_operator.py
[2024-08-25T00:31:13.905+0000] {logging_mixin.py:190} INFO - [2024-08-25T00:31:13.903+0000] {dag.py:3211} INFO - Sync 1 DAGs
[2024-08-25T00:31:14.306+0000] {logging_mixin.py:190} INFO - [2024-08-25T00:31:14.306+0000] {dag.py:4138} INFO - Setting next_dagrun for example_python_operator to None, run_after=None
[2024-08-25T00:31:14.671+0000] {processor.py:208} INFO - Processing /home/airflow/.local/lib/python3.12/site-packages/airflow/example_dags/example_python_operator.py took 1.447 seconds
[2024-08-25T00:32:07.172+0000] {processor.py:186} INFO - Started process (PID=623) to work on /home/airflow/.local/lib/python3.12/site-packages/airflow/example_dags/example_python_operator.py
[2024-08-25T00:32:07.174+0000] {processor.py:914} INFO - Processing file /home/airflow/.local/lib/python3.12/site-packages/airflow/example_dags/example_python_operator.py for tasks to queue
[2024-08-25T00:32:07.186+0000] {logging_mixin.py:190} INFO - [2024-08-25T00:32:07.184+0000] {dagbag.py:587} INFO - Filling up the DagBag from /home/airflow/.local/lib/python3.12/site-packages/airflow/example_dags/example_python_operator.py
[2024-08-25T00:32:07.262+0000] {processor.py:925} INFO - DAG(s) 'example_python_operator' retrieved from /home/airflow/.local/lib/python3.12/site-packages/airflow/example_dags/example_python_operator.py
[2024-08-25T00:32:07.375+0000] {logging_mixin.py:190} INFO - [2024-08-25T00:32:07.373+0000] {dag.py:3211} INFO - Sync 1 DAGs
[2024-08-25T00:32:07.528+0000] {logging_mixin.py:190} INFO - [2024-08-25T00:32:07.527+0000] {dag.py:4138} INFO - Setting next_dagrun for example_python_operator to None, run_after=None
[2024-08-25T00:32:07.693+0000] {processor.py:208} INFO - Processing /home/airflow/.local/lib/python3.12/site-packages/airflow/example_dags/example_python_operator.py took 0.547 seconds
[2024-08-25T00:32:43.799+0000] {processor.py:186} INFO - Started process (PID=688) to work on /home/airflow/.local/lib/python3.12/site-packages/airflow/example_dags/example_python_operator.py
[2024-08-25T00:32:43.805+0000] {processor.py:914} INFO - Processing file /home/airflow/.local/lib/python3.12/site-packages/airflow/example_dags/example_python_operator.py for tasks to queue
[2024-08-25T00:32:43.851+0000] {logging_mixin.py:190} INFO - [2024-08-25T00:32:43.850+0000] {dagbag.py:587} INFO - Filling up the DagBag from /home/airflow/.local/lib/python3.12/site-packages/airflow/example_dags/example_python_operator.py
[2024-08-25T00:32:43.989+0000] {processor.py:925} INFO - DAG(s) 'example_python_operator' retrieved from /home/airflow/.local/lib/python3.12/site-packages/airflow/example_dags/example_python_operator.py
[2024-08-25T00:32:44.179+0000] {logging_mixin.py:190} INFO - [2024-08-25T00:32:44.177+0000] {dag.py:3211} INFO - Sync 1 DAGs
[2024-08-25T00:32:44.305+0000] {logging_mixin.py:190} INFO - [2024-08-25T00:32:44.304+0000] {dag.py:4138} INFO - Setting next_dagrun for example_python_operator to None, run_after=None
[2024-08-25T00:32:44.430+0000] {processor.py:208} INFO - Processing /home/airflow/.local/lib/python3.12/site-packages/airflow/example_dags/example_python_operator.py took 0.686 seconds
[2024-08-25T00:33:49.096+0000] {processor.py:186} INFO - Started process (PID=766) to work on /home/airflow/.local/lib/python3.12/site-packages/airflow/example_dags/example_python_operator.py
[2024-08-25T00:33:49.119+0000] {processor.py:914} INFO - Processing file /home/airflow/.local/lib/python3.12/site-packages/airflow/example_dags/example_python_operator.py for tasks to queue
[2024-08-25T00:33:49.138+0000] {logging_mixin.py:190} INFO - [2024-08-25T00:33:49.137+0000] {dagbag.py:587} INFO - Filling up the DagBag from /home/airflow/.local/lib/python3.12/site-packages/airflow/example_dags/example_python_operator.py
[2024-08-25T00:33:49.301+0000] {processor.py:925} INFO - DAG(s) 'example_python_operator' retrieved from /home/airflow/.local/lib/python3.12/site-packages/airflow/example_dags/example_python_operator.py
[2024-08-25T00:33:49.731+0000] {logging_mixin.py:190} INFO - [2024-08-25T00:33:49.728+0000] {dag.py:3211} INFO - Sync 1 DAGs
[2024-08-25T00:33:49.956+0000] {logging_mixin.py:190} INFO - [2024-08-25T00:33:49.955+0000] {dag.py:4138} INFO - Setting next_dagrun for example_python_operator to None, run_after=None
[2024-08-25T00:33:50.195+0000] {processor.py:208} INFO - Processing /home/airflow/.local/lib/python3.12/site-packages/airflow/example_dags/example_python_operator.py took 1.217 seconds
[2024-08-25T00:34:22.633+0000] {processor.py:186} INFO - Started process (PID=830) to work on /home/airflow/.local/lib/python3.12/site-packages/airflow/example_dags/example_python_operator.py
[2024-08-25T00:34:22.636+0000] {processor.py:914} INFO - Processing file /home/airflow/.local/lib/python3.12/site-packages/airflow/example_dags/example_python_operator.py for tasks to queue
[2024-08-25T00:34:22.648+0000] {logging_mixin.py:190} INFO - [2024-08-25T00:34:22.647+0000] {dagbag.py:587} INFO - Filling up the DagBag from /home/airflow/.local/lib/python3.12/site-packages/airflow/example_dags/example_python_operator.py
[2024-08-25T00:34:22.717+0000] {processor.py:925} INFO - DAG(s) 'example_python_operator' retrieved from /home/airflow/.local/lib/python3.12/site-packages/airflow/example_dags/example_python_operator.py
[2024-08-25T00:34:22.816+0000] {logging_mixin.py:190} INFO - [2024-08-25T00:34:22.815+0000] {dag.py:3211} INFO - Sync 1 DAGs
[2024-08-25T00:34:22.876+0000] {logging_mixin.py:190} INFO - [2024-08-25T00:34:22.875+0000] {dag.py:4138} INFO - Setting next_dagrun for example_python_operator to None, run_after=None
[2024-08-25T00:34:23.037+0000] {processor.py:208} INFO - Processing /home/airflow/.local/lib/python3.12/site-packages/airflow/example_dags/example_python_operator.py took 0.446 seconds
[2024-08-25T00:34:54.800+0000] {processor.py:186} INFO - Started process (PID=893) to work on /home/airflow/.local/lib/python3.12/site-packages/airflow/example_dags/example_python_operator.py
[2024-08-25T00:34:54.802+0000] {processor.py:914} INFO - Processing file /home/airflow/.local/lib/python3.12/site-packages/airflow/example_dags/example_python_operator.py for tasks to queue
[2024-08-25T00:34:54.813+0000] {logging_mixin.py:190} INFO - [2024-08-25T00:34:54.812+0000] {dagbag.py:587} INFO - Filling up the DagBag from /home/airflow/.local/lib/python3.12/site-packages/airflow/example_dags/example_python_operator.py
[2024-08-25T00:34:54.855+0000] {processor.py:925} INFO - DAG(s) 'example_python_operator' retrieved from /home/airflow/.local/lib/python3.12/site-packages/airflow/example_dags/example_python_operator.py
[2024-08-25T00:34:54.934+0000] {logging_mixin.py:190} INFO - [2024-08-25T00:34:54.932+0000] {dag.py:3211} INFO - Sync 1 DAGs
[2024-08-25T00:34:55.015+0000] {logging_mixin.py:190} INFO - [2024-08-25T00:34:55.014+0000] {dag.py:4138} INFO - Setting next_dagrun for example_python_operator to None, run_after=None
[2024-08-25T00:34:55.156+0000] {processor.py:208} INFO - Processing /home/airflow/.local/lib/python3.12/site-packages/airflow/example_dags/example_python_operator.py took 0.374 seconds
[2024-08-25T00:35:34.823+0000] {processor.py:186} INFO - Started process (PID=957) to work on /home/airflow/.local/lib/python3.12/site-packages/airflow/example_dags/example_python_operator.py
[2024-08-25T00:35:34.837+0000] {processor.py:914} INFO - Processing file /home/airflow/.local/lib/python3.12/site-packages/airflow/example_dags/example_python_operator.py for tasks to queue
[2024-08-25T00:35:34.855+0000] {logging_mixin.py:190} INFO - [2024-08-25T00:35:34.854+0000] {dagbag.py:587} INFO - Filling up the DagBag from /home/airflow/.local/lib/python3.12/site-packages/airflow/example_dags/example_python_operator.py
[2024-08-25T00:35:34.967+0000] {processor.py:925} INFO - DAG(s) 'example_python_operator' retrieved from /home/airflow/.local/lib/python3.12/site-packages/airflow/example_dags/example_python_operator.py
[2024-08-25T00:35:35.208+0000] {logging_mixin.py:190} INFO - [2024-08-25T00:35:35.206+0000] {dag.py:3211} INFO - Sync 1 DAGs
[2024-08-25T00:35:35.344+0000] {logging_mixin.py:190} INFO - [2024-08-25T00:35:35.343+0000] {dag.py:4138} INFO - Setting next_dagrun for example_python_operator to None, run_after=None
[2024-08-25T00:35:35.528+0000] {processor.py:208} INFO - Processing /home/airflow/.local/lib/python3.12/site-packages/airflow/example_dags/example_python_operator.py took 0.756 seconds
[2024-08-25T00:36:07.923+0000] {processor.py:186} INFO - Started process (PID=1026) to work on /home/airflow/.local/lib/python3.12/site-packages/airflow/example_dags/example_python_operator.py
[2024-08-25T00:36:07.925+0000] {processor.py:914} INFO - Processing file /home/airflow/.local/lib/python3.12/site-packages/airflow/example_dags/example_python_operator.py for tasks to queue
[2024-08-25T00:36:07.933+0000] {logging_mixin.py:190} INFO - [2024-08-25T00:36:07.932+0000] {dagbag.py:587} INFO - Filling up the DagBag from /home/airflow/.local/lib/python3.12/site-packages/airflow/example_dags/example_python_operator.py
[2024-08-25T00:36:07.974+0000] {processor.py:925} INFO - DAG(s) 'example_python_operator' retrieved from /home/airflow/.local/lib/python3.12/site-packages/airflow/example_dags/example_python_operator.py
[2024-08-25T00:36:08.060+0000] {logging_mixin.py:190} INFO - [2024-08-25T00:36:08.058+0000] {dag.py:3211} INFO - Sync 1 DAGs
[2024-08-25T00:36:08.108+0000] {logging_mixin.py:190} INFO - [2024-08-25T00:36:08.108+0000] {dag.py:4138} INFO - Setting next_dagrun for example_python_operator to None, run_after=None
[2024-08-25T00:36:08.159+0000] {processor.py:208} INFO - Processing /home/airflow/.local/lib/python3.12/site-packages/airflow/example_dags/example_python_operator.py took 0.256 seconds
[2024-08-25T00:36:39.353+0000] {processor.py:186} INFO - Started process (PID=1090) to work on /home/airflow/.local/lib/python3.12/site-packages/airflow/example_dags/example_python_operator.py
[2024-08-25T00:36:39.357+0000] {processor.py:914} INFO - Processing file /home/airflow/.local/lib/python3.12/site-packages/airflow/example_dags/example_python_operator.py for tasks to queue
[2024-08-25T00:36:39.365+0000] {logging_mixin.py:190} INFO - [2024-08-25T00:36:39.364+0000] {dagbag.py:587} INFO - Filling up the DagBag from /home/airflow/.local/lib/python3.12/site-packages/airflow/example_dags/example_python_operator.py
[2024-08-25T00:36:39.439+0000] {processor.py:925} INFO - DAG(s) 'example_python_operator' retrieved from /home/airflow/.local/lib/python3.12/site-packages/airflow/example_dags/example_python_operator.py
[2024-08-25T00:36:39.521+0000] {logging_mixin.py:190} INFO - [2024-08-25T00:36:39.519+0000] {dag.py:3211} INFO - Sync 1 DAGs
[2024-08-25T00:36:39.592+0000] {logging_mixin.py:190} INFO - [2024-08-25T00:36:39.591+0000] {dag.py:4138} INFO - Setting next_dagrun for example_python_operator to None, run_after=None
[2024-08-25T00:36:39.651+0000] {processor.py:208} INFO - Processing /home/airflow/.local/lib/python3.12/site-packages/airflow/example_dags/example_python_operator.py took 0.319 seconds
[2024-08-25T00:37:11.649+0000] {processor.py:186} INFO - Started process (PID=1153) to work on /home/airflow/.local/lib/python3.12/site-packages/airflow/example_dags/example_python_operator.py
[2024-08-25T00:37:11.652+0000] {processor.py:914} INFO - Processing file /home/airflow/.local/lib/python3.12/site-packages/airflow/example_dags/example_python_operator.py for tasks to queue
[2024-08-25T00:37:11.655+0000] {logging_mixin.py:190} INFO - [2024-08-25T00:37:11.655+0000] {dagbag.py:587} INFO - Filling up the DagBag from /home/airflow/.local/lib/python3.12/site-packages/airflow/example_dags/example_python_operator.py
[2024-08-25T00:37:11.717+0000] {processor.py:925} INFO - DAG(s) 'example_python_operator' retrieved from /home/airflow/.local/lib/python3.12/site-packages/airflow/example_dags/example_python_operator.py
[2024-08-25T00:37:11.887+0000] {logging_mixin.py:190} INFO - [2024-08-25T00:37:11.886+0000] {dag.py:3211} INFO - Sync 1 DAGs
[2024-08-25T00:37:12.037+0000] {logging_mixin.py:190} INFO - [2024-08-25T00:37:12.037+0000] {dag.py:4138} INFO - Setting next_dagrun for example_python_operator to None, run_after=None
[2024-08-25T00:37:12.803+0000] {processor.py:208} INFO - Processing /home/airflow/.local/lib/python3.12/site-packages/airflow/example_dags/example_python_operator.py took 1.186 seconds
[2024-08-25T00:37:43.664+0000] {processor.py:186} INFO - Started process (PID=1215) to work on /home/airflow/.local/lib/python3.12/site-packages/airflow/example_dags/example_python_operator.py
[2024-08-25T00:37:43.670+0000] {processor.py:914} INFO - Processing file /home/airflow/.local/lib/python3.12/site-packages/airflow/example_dags/example_python_operator.py for tasks to queue
[2024-08-25T00:37:43.681+0000] {logging_mixin.py:190} INFO - [2024-08-25T00:37:43.680+0000] {dagbag.py:587} INFO - Filling up the DagBag from /home/airflow/.local/lib/python3.12/site-packages/airflow/example_dags/example_python_operator.py
[2024-08-25T00:37:43.750+0000] {processor.py:925} INFO - DAG(s) 'example_python_operator' retrieved from /home/airflow/.local/lib/python3.12/site-packages/airflow/example_dags/example_python_operator.py
[2024-08-25T00:37:43.873+0000] {logging_mixin.py:190} INFO - [2024-08-25T00:37:43.872+0000] {dag.py:3211} INFO - Sync 1 DAGs
[2024-08-25T00:37:43.943+0000] {logging_mixin.py:190} INFO - [2024-08-25T00:37:43.942+0000] {dag.py:4138} INFO - Setting next_dagrun for example_python_operator to None, run_after=None
[2024-08-25T00:37:44.015+0000] {processor.py:208} INFO - Processing /home/airflow/.local/lib/python3.12/site-packages/airflow/example_dags/example_python_operator.py took 0.391 seconds
[2024-08-25T00:38:14.238+0000] {processor.py:186} INFO - Started process (PID=1276) to work on /home/airflow/.local/lib/python3.12/site-packages/airflow/example_dags/example_python_operator.py
[2024-08-25T00:38:14.241+0000] {processor.py:914} INFO - Processing file /home/airflow/.local/lib/python3.12/site-packages/airflow/example_dags/example_python_operator.py for tasks to queue
[2024-08-25T00:38:14.245+0000] {logging_mixin.py:190} INFO - [2024-08-25T00:38:14.244+0000] {dagbag.py:587} INFO - Filling up the DagBag from /home/airflow/.local/lib/python3.12/site-packages/airflow/example_dags/example_python_operator.py
[2024-08-25T00:38:14.285+0000] {processor.py:925} INFO - DAG(s) 'example_python_operator' retrieved from /home/airflow/.local/lib/python3.12/site-packages/airflow/example_dags/example_python_operator.py
[2024-08-25T00:38:14.354+0000] {logging_mixin.py:190} INFO - [2024-08-25T00:38:14.351+0000] {dag.py:3211} INFO - Sync 1 DAGs
[2024-08-25T00:38:14.392+0000] {logging_mixin.py:190} INFO - [2024-08-25T00:38:14.392+0000] {dag.py:4138} INFO - Setting next_dagrun for example_python_operator to None, run_after=None
[2024-08-25T00:38:14.437+0000] {processor.py:208} INFO - Processing /home/airflow/.local/lib/python3.12/site-packages/airflow/example_dags/example_python_operator.py took 0.214 seconds
[2024-08-25T00:38:45.165+0000] {processor.py:186} INFO - Started process (PID=1338) to work on /home/airflow/.local/lib/python3.12/site-packages/airflow/example_dags/example_python_operator.py
[2024-08-25T00:38:45.170+0000] {processor.py:914} INFO - Processing file /home/airflow/.local/lib/python3.12/site-packages/airflow/example_dags/example_python_operator.py for tasks to queue
[2024-08-25T00:38:45.174+0000] {logging_mixin.py:190} INFO - [2024-08-25T00:38:45.173+0000] {dagbag.py:587} INFO - Filling up the DagBag from /home/airflow/.local/lib/python3.12/site-packages/airflow/example_dags/example_python_operator.py
[2024-08-25T00:38:45.233+0000] {processor.py:925} INFO - DAG(s) 'example_python_operator' retrieved from /home/airflow/.local/lib/python3.12/site-packages/airflow/example_dags/example_python_operator.py
[2024-08-25T00:38:45.367+0000] {logging_mixin.py:190} INFO - [2024-08-25T00:38:45.365+0000] {dag.py:3211} INFO - Sync 1 DAGs
[2024-08-25T00:38:45.443+0000] {logging_mixin.py:190} INFO - [2024-08-25T00:38:45.443+0000] {dag.py:4138} INFO - Setting next_dagrun for example_python_operator to None, run_after=None
[2024-08-25T00:38:45.517+0000] {processor.py:208} INFO - Processing /home/airflow/.local/lib/python3.12/site-packages/airflow/example_dags/example_python_operator.py took 0.374 seconds
[2024-08-25T00:39:19.531+0000] {processor.py:186} INFO - Started process (PID=1401) to work on /home/airflow/.local/lib/python3.12/site-packages/airflow/example_dags/example_python_operator.py
[2024-08-25T00:39:19.535+0000] {processor.py:914} INFO - Processing file /home/airflow/.local/lib/python3.12/site-packages/airflow/example_dags/example_python_operator.py for tasks to queue
[2024-08-25T00:39:19.540+0000] {logging_mixin.py:190} INFO - [2024-08-25T00:39:19.539+0000] {dagbag.py:587} INFO - Filling up the DagBag from /home/airflow/.local/lib/python3.12/site-packages/airflow/example_dags/example_python_operator.py
[2024-08-25T00:39:19.605+0000] {processor.py:925} INFO - DAG(s) 'example_python_operator' retrieved from /home/airflow/.local/lib/python3.12/site-packages/airflow/example_dags/example_python_operator.py
[2024-08-25T00:39:19.784+0000] {logging_mixin.py:190} INFO - [2024-08-25T00:39:19.782+0000] {dag.py:3211} INFO - Sync 1 DAGs
[2024-08-25T00:39:19.870+0000] {logging_mixin.py:190} INFO - [2024-08-25T00:39:19.869+0000] {dag.py:4138} INFO - Setting next_dagrun for example_python_operator to None, run_after=None
[2024-08-25T00:39:19.999+0000] {processor.py:208} INFO - Processing /home/airflow/.local/lib/python3.12/site-packages/airflow/example_dags/example_python_operator.py took 0.512 seconds
[2024-08-25T00:39:50.798+0000] {processor.py:186} INFO - Started process (PID=1463) to work on /home/airflow/.local/lib/python3.12/site-packages/airflow/example_dags/example_python_operator.py
[2024-08-25T00:39:50.804+0000] {processor.py:914} INFO - Processing file /home/airflow/.local/lib/python3.12/site-packages/airflow/example_dags/example_python_operator.py for tasks to queue
[2024-08-25T00:39:50.810+0000] {logging_mixin.py:190} INFO - [2024-08-25T00:39:50.809+0000] {dagbag.py:587} INFO - Filling up the DagBag from /home/airflow/.local/lib/python3.12/site-packages/airflow/example_dags/example_python_operator.py
[2024-08-25T00:39:50.902+0000] {processor.py:925} INFO - DAG(s) 'example_python_operator' retrieved from /home/airflow/.local/lib/python3.12/site-packages/airflow/example_dags/example_python_operator.py
[2024-08-25T00:39:51.036+0000] {logging_mixin.py:190} INFO - [2024-08-25T00:39:51.035+0000] {dag.py:3211} INFO - Sync 1 DAGs
[2024-08-25T00:39:51.098+0000] {logging_mixin.py:190} INFO - [2024-08-25T00:39:51.097+0000] {dag.py:4138} INFO - Setting next_dagrun for example_python_operator to None, run_after=None
[2024-08-25T00:39:51.168+0000] {processor.py:208} INFO - Processing /home/airflow/.local/lib/python3.12/site-packages/airflow/example_dags/example_python_operator.py took 0.393 seconds
[2024-08-25T00:40:27.233+0000] {processor.py:186} INFO - Started process (PID=1531) to work on /home/airflow/.local/lib/python3.12/site-packages/airflow/example_dags/example_python_operator.py
[2024-08-25T00:40:27.236+0000] {processor.py:914} INFO - Processing file /home/airflow/.local/lib/python3.12/site-packages/airflow/example_dags/example_python_operator.py for tasks to queue
[2024-08-25T00:40:27.250+0000] {logging_mixin.py:190} INFO - [2024-08-25T00:40:27.249+0000] {dagbag.py:587} INFO - Filling up the DagBag from /home/airflow/.local/lib/python3.12/site-packages/airflow/example_dags/example_python_operator.py
[2024-08-25T00:40:27.339+0000] {processor.py:925} INFO - DAG(s) 'example_python_operator' retrieved from /home/airflow/.local/lib/python3.12/site-packages/airflow/example_dags/example_python_operator.py
[2024-08-25T00:40:27.481+0000] {logging_mixin.py:190} INFO - [2024-08-25T00:40:27.479+0000] {dag.py:3211} INFO - Sync 1 DAGs
[2024-08-25T00:40:27.537+0000] {logging_mixin.py:190} INFO - [2024-08-25T00:40:27.537+0000] {dag.py:4138} INFO - Setting next_dagrun for example_python_operator to None, run_after=None
[2024-08-25T00:40:27.601+0000] {processor.py:208} INFO - Processing /home/airflow/.local/lib/python3.12/site-packages/airflow/example_dags/example_python_operator.py took 0.405 seconds
[2024-08-25T00:40:58.591+0000] {processor.py:186} INFO - Started process (PID=1592) to work on /home/airflow/.local/lib/python3.12/site-packages/airflow/example_dags/example_python_operator.py
[2024-08-25T00:40:58.595+0000] {processor.py:914} INFO - Processing file /home/airflow/.local/lib/python3.12/site-packages/airflow/example_dags/example_python_operator.py for tasks to queue
[2024-08-25T00:40:58.602+0000] {logging_mixin.py:190} INFO - [2024-08-25T00:40:58.601+0000] {dagbag.py:587} INFO - Filling up the DagBag from /home/airflow/.local/lib/python3.12/site-packages/airflow/example_dags/example_python_operator.py
[2024-08-25T00:40:58.665+0000] {processor.py:925} INFO - DAG(s) 'example_python_operator' retrieved from /home/airflow/.local/lib/python3.12/site-packages/airflow/example_dags/example_python_operator.py
[2024-08-25T00:40:58.757+0000] {logging_mixin.py:190} INFO - [2024-08-25T00:40:58.755+0000] {dag.py:3211} INFO - Sync 1 DAGs
[2024-08-25T00:40:58.793+0000] {logging_mixin.py:190} INFO - [2024-08-25T00:40:58.793+0000] {dag.py:4138} INFO - Setting next_dagrun for example_python_operator to None, run_after=None
[2024-08-25T00:40:58.835+0000] {processor.py:208} INFO - Processing /home/airflow/.local/lib/python3.12/site-packages/airflow/example_dags/example_python_operator.py took 0.266 seconds
[2024-08-25T00:41:29.653+0000] {processor.py:186} INFO - Started process (PID=1655) to work on /home/airflow/.local/lib/python3.12/site-packages/airflow/example_dags/example_python_operator.py
[2024-08-25T00:41:29.655+0000] {processor.py:914} INFO - Processing file /home/airflow/.local/lib/python3.12/site-packages/airflow/example_dags/example_python_operator.py for tasks to queue
[2024-08-25T00:41:29.659+0000] {logging_mixin.py:190} INFO - [2024-08-25T00:41:29.658+0000] {dagbag.py:587} INFO - Filling up the DagBag from /home/airflow/.local/lib/python3.12/site-packages/airflow/example_dags/example_python_operator.py
[2024-08-25T00:41:29.697+0000] {processor.py:925} INFO - DAG(s) 'example_python_operator' retrieved from /home/airflow/.local/lib/python3.12/site-packages/airflow/example_dags/example_python_operator.py
[2024-08-25T00:41:29.773+0000] {logging_mixin.py:190} INFO - [2024-08-25T00:41:29.772+0000] {dag.py:3211} INFO - Sync 1 DAGs
[2024-08-25T00:41:29.885+0000] {logging_mixin.py:190} INFO - [2024-08-25T00:41:29.884+0000] {dag.py:4138} INFO - Setting next_dagrun for example_python_operator to None, run_after=None
[2024-08-25T00:41:30.050+0000] {processor.py:208} INFO - Processing /home/airflow/.local/lib/python3.12/site-packages/airflow/example_dags/example_python_operator.py took 0.415 seconds
