[2024-08-25T00:00:16.523+0000] {processor.py:186} INFO - Started process (PID=38541) to work on /home/airflow/.local/lib/python3.12/site-packages/airflow/example_dags/example_dag_decorator.py
[2024-08-25T00:00:16.526+0000] {processor.py:914} INFO - Processing file /home/airflow/.local/lib/python3.12/site-packages/airflow/example_dags/example_dag_decorator.py for tasks to queue
[2024-08-25T00:00:16.537+0000] {logging_mixin.py:190} INFO - [2024-08-25T00:00:16.536+0000] {dagbag.py:587} INFO - Filling up the DagBag from /home/airflow/.local/lib/python3.12/site-packages/airflow/example_dags/example_dag_decorator.py
[2024-08-25T00:00:16.571+0000] {processor.py:925} INFO - DAG(s) 'example_dag_decorator' retrieved from /home/airflow/.local/lib/python3.12/site-packages/airflow/example_dags/example_dag_decorator.py
[2024-08-25T00:00:16.877+0000] {logging_mixin.py:190} INFO - [2024-08-25T00:00:16.875+0000] {dag.py:3211} INFO - Sync 1 DAGs
[2024-08-25T00:00:16.910+0000] {logging_mixin.py:190} INFO - [2024-08-25T00:00:16.909+0000] {dag.py:4138} INFO - Setting next_dagrun for example_dag_decorator to None, run_after=None
[2024-08-25T00:00:16.950+0000] {processor.py:208} INFO - Processing /home/airflow/.local/lib/python3.12/site-packages/airflow/example_dags/example_dag_decorator.py took 0.450 seconds
[2024-08-25T00:05:59.627+0000] {processor.py:186} INFO - Started process (PID=111) to work on /home/airflow/.local/lib/python3.12/site-packages/airflow/example_dags/example_dag_decorator.py
[2024-08-25T00:05:59.629+0000] {processor.py:914} INFO - Processing file /home/airflow/.local/lib/python3.12/site-packages/airflow/example_dags/example_dag_decorator.py for tasks to queue
[2024-08-25T00:05:59.643+0000] {logging_mixin.py:190} INFO - [2024-08-25T00:05:59.642+0000] {dagbag.py:587} INFO - Filling up the DagBag from /home/airflow/.local/lib/python3.12/site-packages/airflow/example_dags/example_dag_decorator.py
[2024-08-25T00:05:59.699+0000] {processor.py:925} INFO - DAG(s) 'example_dag_decorator' retrieved from /home/airflow/.local/lib/python3.12/site-packages/airflow/example_dags/example_dag_decorator.py
[2024-08-25T00:06:00.222+0000] {logging_mixin.py:190} INFO - [2024-08-25T00:06:00.220+0000] {dag.py:3211} INFO - Sync 1 DAGs
[2024-08-25T00:06:00.283+0000] {logging_mixin.py:190} INFO - [2024-08-25T00:06:00.283+0000] {dag.py:4138} INFO - Setting next_dagrun for example_dag_decorator to None, run_after=None
[2024-08-25T00:06:00.385+0000] {processor.py:208} INFO - Processing /home/airflow/.local/lib/python3.12/site-packages/airflow/example_dags/example_dag_decorator.py took 0.793 seconds
[2024-08-25T00:06:52.668+0000] {processor.py:186} INFO - Started process (PID=175) to work on /home/airflow/.local/lib/python3.12/site-packages/airflow/example_dags/example_dag_decorator.py
[2024-08-25T00:06:52.689+0000] {processor.py:914} INFO - Processing file /home/airflow/.local/lib/python3.12/site-packages/airflow/example_dags/example_dag_decorator.py for tasks to queue
[2024-08-25T00:06:52.709+0000] {logging_mixin.py:190} INFO - [2024-08-25T00:06:52.708+0000] {dagbag.py:587} INFO - Filling up the DagBag from /home/airflow/.local/lib/python3.12/site-packages/airflow/example_dags/example_dag_decorator.py
[2024-08-25T00:06:52.840+0000] {processor.py:925} INFO - DAG(s) 'example_dag_decorator' retrieved from /home/airflow/.local/lib/python3.12/site-packages/airflow/example_dags/example_dag_decorator.py
[2024-08-25T00:06:53.849+0000] {logging_mixin.py:190} INFO - [2024-08-25T00:06:53.847+0000] {dag.py:3211} INFO - Sync 1 DAGs
[2024-08-25T00:06:53.909+0000] {logging_mixin.py:190} INFO - [2024-08-25T00:06:53.909+0000] {dag.py:4138} INFO - Setting next_dagrun for example_dag_decorator to None, run_after=None
[2024-08-25T00:06:53.987+0000] {processor.py:208} INFO - Processing /home/airflow/.local/lib/python3.12/site-packages/airflow/example_dags/example_dag_decorator.py took 1.387 seconds
[2024-08-25T00:07:25.893+0000] {processor.py:186} INFO - Started process (PID=238) to work on /home/airflow/.local/lib/python3.12/site-packages/airflow/example_dags/example_dag_decorator.py
[2024-08-25T00:07:25.896+0000] {processor.py:914} INFO - Processing file /home/airflow/.local/lib/python3.12/site-packages/airflow/example_dags/example_dag_decorator.py for tasks to queue
[2024-08-25T00:07:25.903+0000] {logging_mixin.py:190} INFO - [2024-08-25T00:07:25.902+0000] {dagbag.py:587} INFO - Filling up the DagBag from /home/airflow/.local/lib/python3.12/site-packages/airflow/example_dags/example_dag_decorator.py
[2024-08-25T00:07:25.938+0000] {processor.py:925} INFO - DAG(s) 'example_dag_decorator' retrieved from /home/airflow/.local/lib/python3.12/site-packages/airflow/example_dags/example_dag_decorator.py
[2024-08-25T00:07:26.451+0000] {logging_mixin.py:190} INFO - [2024-08-25T00:07:26.450+0000] {dag.py:3211} INFO - Sync 1 DAGs
[2024-08-25T00:07:26.518+0000] {logging_mixin.py:190} INFO - [2024-08-25T00:07:26.517+0000] {dag.py:4138} INFO - Setting next_dagrun for example_dag_decorator to None, run_after=None
[2024-08-25T00:07:26.602+0000] {processor.py:208} INFO - Processing /home/airflow/.local/lib/python3.12/site-packages/airflow/example_dags/example_dag_decorator.py took 0.728 seconds
[2024-08-25T00:08:00.778+0000] {processor.py:186} INFO - Started process (PID=306) to work on /home/airflow/.local/lib/python3.12/site-packages/airflow/example_dags/example_dag_decorator.py
[2024-08-25T00:08:00.780+0000] {processor.py:914} INFO - Processing file /home/airflow/.local/lib/python3.12/site-packages/airflow/example_dags/example_dag_decorator.py for tasks to queue
[2024-08-25T00:08:00.787+0000] {logging_mixin.py:190} INFO - [2024-08-25T00:08:00.786+0000] {dagbag.py:587} INFO - Filling up the DagBag from /home/airflow/.local/lib/python3.12/site-packages/airflow/example_dags/example_dag_decorator.py
[2024-08-25T00:08:00.823+0000] {processor.py:925} INFO - DAG(s) 'example_dag_decorator' retrieved from /home/airflow/.local/lib/python3.12/site-packages/airflow/example_dags/example_dag_decorator.py
[2024-08-25T00:08:01.481+0000] {logging_mixin.py:190} INFO - [2024-08-25T00:08:01.476+0000] {dag.py:3211} INFO - Sync 1 DAGs
[2024-08-25T00:08:01.526+0000] {logging_mixin.py:190} INFO - [2024-08-25T00:08:01.525+0000] {dag.py:4138} INFO - Setting next_dagrun for example_dag_decorator to None, run_after=None
[2024-08-25T00:08:01.604+0000] {processor.py:208} INFO - Processing /home/airflow/.local/lib/python3.12/site-packages/airflow/example_dags/example_dag_decorator.py took 0.848 seconds
[2024-08-25T00:08:33.455+0000] {processor.py:186} INFO - Started process (PID=369) to work on /home/airflow/.local/lib/python3.12/site-packages/airflow/example_dags/example_dag_decorator.py
[2024-08-25T00:08:33.458+0000] {processor.py:914} INFO - Processing file /home/airflow/.local/lib/python3.12/site-packages/airflow/example_dags/example_dag_decorator.py for tasks to queue
[2024-08-25T00:08:33.465+0000] {logging_mixin.py:190} INFO - [2024-08-25T00:08:33.464+0000] {dagbag.py:587} INFO - Filling up the DagBag from /home/airflow/.local/lib/python3.12/site-packages/airflow/example_dags/example_dag_decorator.py
[2024-08-25T00:08:33.501+0000] {processor.py:925} INFO - DAG(s) 'example_dag_decorator' retrieved from /home/airflow/.local/lib/python3.12/site-packages/airflow/example_dags/example_dag_decorator.py
[2024-08-25T00:08:33.985+0000] {logging_mixin.py:190} INFO - [2024-08-25T00:08:33.984+0000] {dag.py:3211} INFO - Sync 1 DAGs
[2024-08-25T00:08:34.093+0000] {logging_mixin.py:190} INFO - [2024-08-25T00:08:34.092+0000] {dag.py:4138} INFO - Setting next_dagrun for example_dag_decorator to None, run_after=None
[2024-08-25T00:08:34.200+0000] {processor.py:208} INFO - Processing /home/airflow/.local/lib/python3.12/site-packages/airflow/example_dags/example_dag_decorator.py took 0.765 seconds
[2024-08-25T00:09:05.516+0000] {processor.py:186} INFO - Started process (PID=432) to work on /home/airflow/.local/lib/python3.12/site-packages/airflow/example_dags/example_dag_decorator.py
[2024-08-25T00:09:05.519+0000] {processor.py:914} INFO - Processing file /home/airflow/.local/lib/python3.12/site-packages/airflow/example_dags/example_dag_decorator.py for tasks to queue
[2024-08-25T00:09:05.530+0000] {logging_mixin.py:190} INFO - [2024-08-25T00:09:05.529+0000] {dagbag.py:587} INFO - Filling up the DagBag from /home/airflow/.local/lib/python3.12/site-packages/airflow/example_dags/example_dag_decorator.py
[2024-08-25T00:09:05.574+0000] {processor.py:925} INFO - DAG(s) 'example_dag_decorator' retrieved from /home/airflow/.local/lib/python3.12/site-packages/airflow/example_dags/example_dag_decorator.py
[2024-08-25T00:09:06.103+0000] {logging_mixin.py:190} INFO - [2024-08-25T00:09:06.101+0000] {dag.py:3211} INFO - Sync 1 DAGs
[2024-08-25T00:09:06.164+0000] {logging_mixin.py:190} INFO - [2024-08-25T00:09:06.164+0000] {dag.py:4138} INFO - Setting next_dagrun for example_dag_decorator to None, run_after=None
[2024-08-25T00:09:06.286+0000] {processor.py:208} INFO - Processing /home/airflow/.local/lib/python3.12/site-packages/airflow/example_dags/example_dag_decorator.py took 0.795 seconds
[2024-08-25T00:09:36.715+0000] {processor.py:186} INFO - Started process (PID=495) to work on /home/airflow/.local/lib/python3.12/site-packages/airflow/example_dags/example_dag_decorator.py
[2024-08-25T00:09:36.717+0000] {processor.py:914} INFO - Processing file /home/airflow/.local/lib/python3.12/site-packages/airflow/example_dags/example_dag_decorator.py for tasks to queue
[2024-08-25T00:09:36.722+0000] {logging_mixin.py:190} INFO - [2024-08-25T00:09:36.721+0000] {dagbag.py:587} INFO - Filling up the DagBag from /home/airflow/.local/lib/python3.12/site-packages/airflow/example_dags/example_dag_decorator.py
[2024-08-25T00:09:36.754+0000] {processor.py:925} INFO - DAG(s) 'example_dag_decorator' retrieved from /home/airflow/.local/lib/python3.12/site-packages/airflow/example_dags/example_dag_decorator.py
[2024-08-25T00:09:37.066+0000] {logging_mixin.py:190} INFO - [2024-08-25T00:09:37.065+0000] {dag.py:3211} INFO - Sync 1 DAGs
[2024-08-25T00:09:37.106+0000] {logging_mixin.py:190} INFO - [2024-08-25T00:09:37.105+0000] {dag.py:4138} INFO - Setting next_dagrun for example_dag_decorator to None, run_after=None
[2024-08-25T00:09:37.161+0000] {processor.py:208} INFO - Processing /home/airflow/.local/lib/python3.12/site-packages/airflow/example_dags/example_dag_decorator.py took 0.461 seconds
[2024-08-25T00:10:08.098+0000] {processor.py:186} INFO - Started process (PID=558) to work on /home/airflow/.local/lib/python3.12/site-packages/airflow/example_dags/example_dag_decorator.py
[2024-08-25T00:10:08.101+0000] {processor.py:914} INFO - Processing file /home/airflow/.local/lib/python3.12/site-packages/airflow/example_dags/example_dag_decorator.py for tasks to queue
[2024-08-25T00:10:08.110+0000] {logging_mixin.py:190} INFO - [2024-08-25T00:10:08.109+0000] {dagbag.py:587} INFO - Filling up the DagBag from /home/airflow/.local/lib/python3.12/site-packages/airflow/example_dags/example_dag_decorator.py
[2024-08-25T00:10:08.181+0000] {processor.py:925} INFO - DAG(s) 'example_dag_decorator' retrieved from /home/airflow/.local/lib/python3.12/site-packages/airflow/example_dags/example_dag_decorator.py
[2024-08-25T00:10:08.521+0000] {logging_mixin.py:190} INFO - [2024-08-25T00:10:08.520+0000] {dag.py:3211} INFO - Sync 1 DAGs
[2024-08-25T00:10:08.565+0000] {logging_mixin.py:190} INFO - [2024-08-25T00:10:08.564+0000] {dag.py:4138} INFO - Setting next_dagrun for example_dag_decorator to None, run_after=None
[2024-08-25T00:10:08.646+0000] {processor.py:208} INFO - Processing /home/airflow/.local/lib/python3.12/site-packages/airflow/example_dags/example_dag_decorator.py took 0.578 seconds
[2024-08-25T00:10:38.949+0000] {processor.py:186} INFO - Started process (PID=622) to work on /home/airflow/.local/lib/python3.12/site-packages/airflow/example_dags/example_dag_decorator.py
[2024-08-25T00:10:38.951+0000] {processor.py:914} INFO - Processing file /home/airflow/.local/lib/python3.12/site-packages/airflow/example_dags/example_dag_decorator.py for tasks to queue
[2024-08-25T00:10:38.960+0000] {logging_mixin.py:190} INFO - [2024-08-25T00:10:38.959+0000] {dagbag.py:587} INFO - Filling up the DagBag from /home/airflow/.local/lib/python3.12/site-packages/airflow/example_dags/example_dag_decorator.py
[2024-08-25T00:10:39.002+0000] {processor.py:925} INFO - DAG(s) 'example_dag_decorator' retrieved from /home/airflow/.local/lib/python3.12/site-packages/airflow/example_dags/example_dag_decorator.py
[2024-08-25T00:10:39.420+0000] {logging_mixin.py:190} INFO - [2024-08-25T00:10:39.419+0000] {dag.py:3211} INFO - Sync 1 DAGs
[2024-08-25T00:10:39.468+0000] {logging_mixin.py:190} INFO - [2024-08-25T00:10:39.468+0000] {dag.py:4138} INFO - Setting next_dagrun for example_dag_decorator to None, run_after=None
[2024-08-25T00:10:39.534+0000] {processor.py:208} INFO - Processing /home/airflow/.local/lib/python3.12/site-packages/airflow/example_dags/example_dag_decorator.py took 0.601 seconds
[2024-08-25T00:11:10.276+0000] {processor.py:186} INFO - Started process (PID=684) to work on /home/airflow/.local/lib/python3.12/site-packages/airflow/example_dags/example_dag_decorator.py
[2024-08-25T00:11:10.278+0000] {processor.py:914} INFO - Processing file /home/airflow/.local/lib/python3.12/site-packages/airflow/example_dags/example_dag_decorator.py for tasks to queue
[2024-08-25T00:11:10.294+0000] {logging_mixin.py:190} INFO - [2024-08-25T00:11:10.293+0000] {dagbag.py:587} INFO - Filling up the DagBag from /home/airflow/.local/lib/python3.12/site-packages/airflow/example_dags/example_dag_decorator.py
[2024-08-25T00:11:10.367+0000] {processor.py:925} INFO - DAG(s) 'example_dag_decorator' retrieved from /home/airflow/.local/lib/python3.12/site-packages/airflow/example_dags/example_dag_decorator.py
[2024-08-25T00:11:11.215+0000] {logging_mixin.py:190} INFO - [2024-08-25T00:11:11.214+0000] {dag.py:3211} INFO - Sync 1 DAGs
[2024-08-25T00:11:11.325+0000] {logging_mixin.py:190} INFO - [2024-08-25T00:11:11.324+0000] {dag.py:4138} INFO - Setting next_dagrun for example_dag_decorator to None, run_after=None
[2024-08-25T00:11:11.391+0000] {processor.py:208} INFO - Processing /home/airflow/.local/lib/python3.12/site-packages/airflow/example_dags/example_dag_decorator.py took 1.184 seconds
[2024-08-25T00:11:42.605+0000] {processor.py:186} INFO - Started process (PID=746) to work on /home/airflow/.local/lib/python3.12/site-packages/airflow/example_dags/example_dag_decorator.py
[2024-08-25T00:11:42.615+0000] {processor.py:914} INFO - Processing file /home/airflow/.local/lib/python3.12/site-packages/airflow/example_dags/example_dag_decorator.py for tasks to queue
[2024-08-25T00:11:42.641+0000] {logging_mixin.py:190} INFO - [2024-08-25T00:11:42.640+0000] {dagbag.py:587} INFO - Filling up the DagBag from /home/airflow/.local/lib/python3.12/site-packages/airflow/example_dags/example_dag_decorator.py
[2024-08-25T00:11:42.785+0000] {processor.py:925} INFO - DAG(s) 'example_dag_decorator' retrieved from /home/airflow/.local/lib/python3.12/site-packages/airflow/example_dags/example_dag_decorator.py
[2024-08-25T00:11:44.097+0000] {logging_mixin.py:190} INFO - [2024-08-25T00:11:44.095+0000] {dag.py:3211} INFO - Sync 1 DAGs
[2024-08-25T00:11:44.165+0000] {logging_mixin.py:190} INFO - [2024-08-25T00:11:44.164+0000] {dag.py:4138} INFO - Setting next_dagrun for example_dag_decorator to None, run_after=None
[2024-08-25T00:11:44.434+0000] {processor.py:208} INFO - Processing /home/airflow/.local/lib/python3.12/site-packages/airflow/example_dags/example_dag_decorator.py took 1.897 seconds
[2024-08-25T00:12:15.146+0000] {processor.py:186} INFO - Started process (PID=810) to work on /home/airflow/.local/lib/python3.12/site-packages/airflow/example_dags/example_dag_decorator.py
[2024-08-25T00:12:15.147+0000] {processor.py:914} INFO - Processing file /home/airflow/.local/lib/python3.12/site-packages/airflow/example_dags/example_dag_decorator.py for tasks to queue
[2024-08-25T00:12:15.152+0000] {logging_mixin.py:190} INFO - [2024-08-25T00:12:15.151+0000] {dagbag.py:587} INFO - Filling up the DagBag from /home/airflow/.local/lib/python3.12/site-packages/airflow/example_dags/example_dag_decorator.py
[2024-08-25T00:12:15.177+0000] {processor.py:925} INFO - DAG(s) 'example_dag_decorator' retrieved from /home/airflow/.local/lib/python3.12/site-packages/airflow/example_dags/example_dag_decorator.py
[2024-08-25T00:12:15.511+0000] {logging_mixin.py:190} INFO - [2024-08-25T00:12:15.510+0000] {dag.py:3211} INFO - Sync 1 DAGs
[2024-08-25T00:12:15.549+0000] {logging_mixin.py:190} INFO - [2024-08-25T00:12:15.549+0000] {dag.py:4138} INFO - Setting next_dagrun for example_dag_decorator to None, run_after=None
[2024-08-25T00:12:15.597+0000] {processor.py:208} INFO - Processing /home/airflow/.local/lib/python3.12/site-packages/airflow/example_dags/example_dag_decorator.py took 0.465 seconds
[2024-08-25T00:12:45.841+0000] {processor.py:186} INFO - Started process (PID=873) to work on /home/airflow/.local/lib/python3.12/site-packages/airflow/example_dags/example_dag_decorator.py
[2024-08-25T00:12:45.843+0000] {processor.py:914} INFO - Processing file /home/airflow/.local/lib/python3.12/site-packages/airflow/example_dags/example_dag_decorator.py for tasks to queue
[2024-08-25T00:12:45.847+0000] {logging_mixin.py:190} INFO - [2024-08-25T00:12:45.847+0000] {dagbag.py:587} INFO - Filling up the DagBag from /home/airflow/.local/lib/python3.12/site-packages/airflow/example_dags/example_dag_decorator.py
[2024-08-25T00:12:45.877+0000] {processor.py:925} INFO - DAG(s) 'example_dag_decorator' retrieved from /home/airflow/.local/lib/python3.12/site-packages/airflow/example_dags/example_dag_decorator.py
[2024-08-25T00:12:46.204+0000] {logging_mixin.py:190} INFO - [2024-08-25T00:12:46.203+0000] {dag.py:3211} INFO - Sync 1 DAGs
[2024-08-25T00:12:46.234+0000] {logging_mixin.py:190} INFO - [2024-08-25T00:12:46.233+0000] {dag.py:4138} INFO - Setting next_dagrun for example_dag_decorator to None, run_after=None
[2024-08-25T00:12:46.282+0000] {processor.py:208} INFO - Processing /home/airflow/.local/lib/python3.12/site-packages/airflow/example_dags/example_dag_decorator.py took 0.454 seconds
[2024-08-25T00:13:16.909+0000] {processor.py:186} INFO - Started process (PID=936) to work on /home/airflow/.local/lib/python3.12/site-packages/airflow/example_dags/example_dag_decorator.py
[2024-08-25T00:13:16.911+0000] {processor.py:914} INFO - Processing file /home/airflow/.local/lib/python3.12/site-packages/airflow/example_dags/example_dag_decorator.py for tasks to queue
[2024-08-25T00:13:16.917+0000] {logging_mixin.py:190} INFO - [2024-08-25T00:13:16.916+0000] {dagbag.py:587} INFO - Filling up the DagBag from /home/airflow/.local/lib/python3.12/site-packages/airflow/example_dags/example_dag_decorator.py
[2024-08-25T00:13:16.953+0000] {processor.py:925} INFO - DAG(s) 'example_dag_decorator' retrieved from /home/airflow/.local/lib/python3.12/site-packages/airflow/example_dags/example_dag_decorator.py
[2024-08-25T00:13:17.694+0000] {logging_mixin.py:190} INFO - [2024-08-25T00:13:17.692+0000] {dag.py:3211} INFO - Sync 1 DAGs
[2024-08-25T00:13:17.748+0000] {logging_mixin.py:190} INFO - [2024-08-25T00:13:17.747+0000] {dag.py:4138} INFO - Setting next_dagrun for example_dag_decorator to None, run_after=None
[2024-08-25T00:13:17.798+0000] {processor.py:208} INFO - Processing /home/airflow/.local/lib/python3.12/site-packages/airflow/example_dags/example_dag_decorator.py took 0.906 seconds
[2024-08-25T00:13:49.710+0000] {processor.py:186} INFO - Started process (PID=999) to work on /home/airflow/.local/lib/python3.12/site-packages/airflow/example_dags/example_dag_decorator.py
[2024-08-25T00:13:49.724+0000] {processor.py:914} INFO - Processing file /home/airflow/.local/lib/python3.12/site-packages/airflow/example_dags/example_dag_decorator.py for tasks to queue
[2024-08-25T00:13:49.741+0000] {logging_mixin.py:190} INFO - [2024-08-25T00:13:49.741+0000] {dagbag.py:587} INFO - Filling up the DagBag from /home/airflow/.local/lib/python3.12/site-packages/airflow/example_dags/example_dag_decorator.py
[2024-08-25T00:13:49.873+0000] {processor.py:925} INFO - DAG(s) 'example_dag_decorator' retrieved from /home/airflow/.local/lib/python3.12/site-packages/airflow/example_dags/example_dag_decorator.py
[2024-08-25T00:13:50.440+0000] {logging_mixin.py:190} INFO - [2024-08-25T00:13:50.439+0000] {dag.py:3211} INFO - Sync 1 DAGs
[2024-08-25T00:13:50.513+0000] {logging_mixin.py:190} INFO - [2024-08-25T00:13:50.513+0000] {dag.py:4138} INFO - Setting next_dagrun for example_dag_decorator to None, run_after=None
[2024-08-25T00:13:50.605+0000] {processor.py:208} INFO - Processing /home/airflow/.local/lib/python3.12/site-packages/airflow/example_dags/example_dag_decorator.py took 0.961 seconds
[2024-08-25T00:14:21.426+0000] {processor.py:186} INFO - Started process (PID=1063) to work on /home/airflow/.local/lib/python3.12/site-packages/airflow/example_dags/example_dag_decorator.py
[2024-08-25T00:14:21.429+0000] {processor.py:914} INFO - Processing file /home/airflow/.local/lib/python3.12/site-packages/airflow/example_dags/example_dag_decorator.py for tasks to queue
[2024-08-25T00:14:21.447+0000] {logging_mixin.py:190} INFO - [2024-08-25T00:14:21.446+0000] {dagbag.py:587} INFO - Filling up the DagBag from /home/airflow/.local/lib/python3.12/site-packages/airflow/example_dags/example_dag_decorator.py
[2024-08-25T00:14:21.526+0000] {processor.py:925} INFO - DAG(s) 'example_dag_decorator' retrieved from /home/airflow/.local/lib/python3.12/site-packages/airflow/example_dags/example_dag_decorator.py
[2024-08-25T00:14:22.063+0000] {logging_mixin.py:190} INFO - [2024-08-25T00:14:22.062+0000] {dag.py:3211} INFO - Sync 1 DAGs
[2024-08-25T00:14:22.116+0000] {logging_mixin.py:190} INFO - [2024-08-25T00:14:22.115+0000] {dag.py:4138} INFO - Setting next_dagrun for example_dag_decorator to None, run_after=None
[2024-08-25T00:14:22.172+0000] {processor.py:208} INFO - Processing /home/airflow/.local/lib/python3.12/site-packages/airflow/example_dags/example_dag_decorator.py took 0.782 seconds
[2024-08-25T00:14:52.787+0000] {processor.py:186} INFO - Started process (PID=1127) to work on /home/airflow/.local/lib/python3.12/site-packages/airflow/example_dags/example_dag_decorator.py
[2024-08-25T00:14:52.790+0000] {processor.py:914} INFO - Processing file /home/airflow/.local/lib/python3.12/site-packages/airflow/example_dags/example_dag_decorator.py for tasks to queue
[2024-08-25T00:14:52.801+0000] {logging_mixin.py:190} INFO - [2024-08-25T00:14:52.800+0000] {dagbag.py:587} INFO - Filling up the DagBag from /home/airflow/.local/lib/python3.12/site-packages/airflow/example_dags/example_dag_decorator.py
[2024-08-25T00:14:52.843+0000] {processor.py:925} INFO - DAG(s) 'example_dag_decorator' retrieved from /home/airflow/.local/lib/python3.12/site-packages/airflow/example_dags/example_dag_decorator.py
[2024-08-25T00:14:52.976+0000] {logging_mixin.py:190} INFO - [2024-08-25T00:14:52.975+0000] {dag.py:3211} INFO - Sync 1 DAGs
[2024-08-25T00:14:53.065+0000] {logging_mixin.py:190} INFO - [2024-08-25T00:14:53.064+0000] {dag.py:4138} INFO - Setting next_dagrun for example_dag_decorator to None, run_after=None
[2024-08-25T00:14:53.159+0000] {processor.py:208} INFO - Processing /home/airflow/.local/lib/python3.12/site-packages/airflow/example_dags/example_dag_decorator.py took 0.396 seconds
[2024-08-25T00:15:23.578+0000] {processor.py:186} INFO - Started process (PID=1189) to work on /home/airflow/.local/lib/python3.12/site-packages/airflow/example_dags/example_dag_decorator.py
[2024-08-25T00:15:23.582+0000] {processor.py:914} INFO - Processing file /home/airflow/.local/lib/python3.12/site-packages/airflow/example_dags/example_dag_decorator.py for tasks to queue
[2024-08-25T00:15:23.610+0000] {logging_mixin.py:190} INFO - [2024-08-25T00:15:23.608+0000] {dagbag.py:587} INFO - Filling up the DagBag from /home/airflow/.local/lib/python3.12/site-packages/airflow/example_dags/example_dag_decorator.py
[2024-08-25T00:15:23.694+0000] {processor.py:925} INFO - DAG(s) 'example_dag_decorator' retrieved from /home/airflow/.local/lib/python3.12/site-packages/airflow/example_dags/example_dag_decorator.py
[2024-08-25T00:15:24.247+0000] {logging_mixin.py:190} INFO - [2024-08-25T00:15:24.244+0000] {dag.py:3211} INFO - Sync 1 DAGs
[2024-08-25T00:15:24.349+0000] {logging_mixin.py:190} INFO - [2024-08-25T00:15:24.348+0000] {dag.py:4138} INFO - Setting next_dagrun for example_dag_decorator to None, run_after=None
[2024-08-25T00:15:24.430+0000] {processor.py:208} INFO - Processing /home/airflow/.local/lib/python3.12/site-packages/airflow/example_dags/example_dag_decorator.py took 0.891 seconds
[2024-08-25T00:15:56.160+0000] {processor.py:186} INFO - Started process (PID=1255) to work on /home/airflow/.local/lib/python3.12/site-packages/airflow/example_dags/example_dag_decorator.py
[2024-08-25T00:15:56.165+0000] {processor.py:914} INFO - Processing file /home/airflow/.local/lib/python3.12/site-packages/airflow/example_dags/example_dag_decorator.py for tasks to queue
[2024-08-25T00:15:56.174+0000] {logging_mixin.py:190} INFO - [2024-08-25T00:15:56.173+0000] {dagbag.py:587} INFO - Filling up the DagBag from /home/airflow/.local/lib/python3.12/site-packages/airflow/example_dags/example_dag_decorator.py
[2024-08-25T00:15:56.231+0000] {processor.py:925} INFO - DAG(s) 'example_dag_decorator' retrieved from /home/airflow/.local/lib/python3.12/site-packages/airflow/example_dags/example_dag_decorator.py
[2024-08-25T00:15:57.044+0000] {logging_mixin.py:190} INFO - [2024-08-25T00:15:57.042+0000] {dag.py:3211} INFO - Sync 1 DAGs
[2024-08-25T00:15:57.143+0000] {logging_mixin.py:190} INFO - [2024-08-25T00:15:57.142+0000] {dag.py:4138} INFO - Setting next_dagrun for example_dag_decorator to None, run_after=None
[2024-08-25T00:15:57.222+0000] {processor.py:208} INFO - Processing /home/airflow/.local/lib/python3.12/site-packages/airflow/example_dags/example_dag_decorator.py took 1.087 seconds
[2024-08-25T00:16:28.816+0000] {processor.py:186} INFO - Started process (PID=1319) to work on /home/airflow/.local/lib/python3.12/site-packages/airflow/example_dags/example_dag_decorator.py
[2024-08-25T00:16:28.819+0000] {processor.py:914} INFO - Processing file /home/airflow/.local/lib/python3.12/site-packages/airflow/example_dags/example_dag_decorator.py for tasks to queue
[2024-08-25T00:16:28.829+0000] {logging_mixin.py:190} INFO - [2024-08-25T00:16:28.827+0000] {dagbag.py:587} INFO - Filling up the DagBag from /home/airflow/.local/lib/python3.12/site-packages/airflow/example_dags/example_dag_decorator.py
[2024-08-25T00:16:28.878+0000] {processor.py:925} INFO - DAG(s) 'example_dag_decorator' retrieved from /home/airflow/.local/lib/python3.12/site-packages/airflow/example_dags/example_dag_decorator.py
[2024-08-25T00:16:29.505+0000] {logging_mixin.py:190} INFO - [2024-08-25T00:16:29.504+0000] {dag.py:3211} INFO - Sync 1 DAGs
[2024-08-25T00:16:29.611+0000] {logging_mixin.py:190} INFO - [2024-08-25T00:16:29.610+0000] {dag.py:4138} INFO - Setting next_dagrun for example_dag_decorator to None, run_after=None
[2024-08-25T00:16:29.784+0000] {processor.py:208} INFO - Processing /home/airflow/.local/lib/python3.12/site-packages/airflow/example_dags/example_dag_decorator.py took 0.995 seconds
[2024-08-25T00:17:00.303+0000] {processor.py:186} INFO - Started process (PID=1381) to work on /home/airflow/.local/lib/python3.12/site-packages/airflow/example_dags/example_dag_decorator.py
[2024-08-25T00:17:00.306+0000] {processor.py:914} INFO - Processing file /home/airflow/.local/lib/python3.12/site-packages/airflow/example_dags/example_dag_decorator.py for tasks to queue
[2024-08-25T00:17:00.314+0000] {logging_mixin.py:190} INFO - [2024-08-25T00:17:00.313+0000] {dagbag.py:587} INFO - Filling up the DagBag from /home/airflow/.local/lib/python3.12/site-packages/airflow/example_dags/example_dag_decorator.py
[2024-08-25T00:17:00.401+0000] {processor.py:925} INFO - DAG(s) 'example_dag_decorator' retrieved from /home/airflow/.local/lib/python3.12/site-packages/airflow/example_dags/example_dag_decorator.py
[2024-08-25T00:17:00.868+0000] {logging_mixin.py:190} INFO - [2024-08-25T00:17:00.867+0000] {dag.py:3211} INFO - Sync 1 DAGs
[2024-08-25T00:17:00.933+0000] {logging_mixin.py:190} INFO - [2024-08-25T00:17:00.932+0000] {dag.py:4138} INFO - Setting next_dagrun for example_dag_decorator to None, run_after=None
[2024-08-25T00:17:01.020+0000] {processor.py:208} INFO - Processing /home/airflow/.local/lib/python3.12/site-packages/airflow/example_dags/example_dag_decorator.py took 0.745 seconds
[2024-08-25T00:17:31.545+0000] {processor.py:186} INFO - Started process (PID=1444) to work on /home/airflow/.local/lib/python3.12/site-packages/airflow/example_dags/example_dag_decorator.py
[2024-08-25T00:17:31.547+0000] {processor.py:914} INFO - Processing file /home/airflow/.local/lib/python3.12/site-packages/airflow/example_dags/example_dag_decorator.py for tasks to queue
[2024-08-25T00:17:31.552+0000] {logging_mixin.py:190} INFO - [2024-08-25T00:17:31.551+0000] {dagbag.py:587} INFO - Filling up the DagBag from /home/airflow/.local/lib/python3.12/site-packages/airflow/example_dags/example_dag_decorator.py
[2024-08-25T00:17:31.583+0000] {processor.py:925} INFO - DAG(s) 'example_dag_decorator' retrieved from /home/airflow/.local/lib/python3.12/site-packages/airflow/example_dags/example_dag_decorator.py
[2024-08-25T00:17:31.871+0000] {logging_mixin.py:190} INFO - [2024-08-25T00:17:31.870+0000] {dag.py:3211} INFO - Sync 1 DAGs
[2024-08-25T00:17:31.908+0000] {logging_mixin.py:190} INFO - [2024-08-25T00:17:31.907+0000] {dag.py:4138} INFO - Setting next_dagrun for example_dag_decorator to None, run_after=None
[2024-08-25T00:17:31.958+0000] {processor.py:208} INFO - Processing /home/airflow/.local/lib/python3.12/site-packages/airflow/example_dags/example_dag_decorator.py took 0.429 seconds
[2024-08-25T00:18:02.968+0000] {processor.py:186} INFO - Started process (PID=1513) to work on /home/airflow/.local/lib/python3.12/site-packages/airflow/example_dags/example_dag_decorator.py
[2024-08-25T00:18:02.970+0000] {processor.py:914} INFO - Processing file /home/airflow/.local/lib/python3.12/site-packages/airflow/example_dags/example_dag_decorator.py for tasks to queue
[2024-08-25T00:18:02.977+0000] {logging_mixin.py:190} INFO - [2024-08-25T00:18:02.976+0000] {dagbag.py:587} INFO - Filling up the DagBag from /home/airflow/.local/lib/python3.12/site-packages/airflow/example_dags/example_dag_decorator.py
[2024-08-25T00:18:03.046+0000] {processor.py:925} INFO - DAG(s) 'example_dag_decorator' retrieved from /home/airflow/.local/lib/python3.12/site-packages/airflow/example_dags/example_dag_decorator.py
[2024-08-25T00:18:03.596+0000] {logging_mixin.py:190} INFO - [2024-08-25T00:18:03.594+0000] {dag.py:3211} INFO - Sync 1 DAGs
[2024-08-25T00:18:03.634+0000] {logging_mixin.py:190} INFO - [2024-08-25T00:18:03.633+0000] {dag.py:4138} INFO - Setting next_dagrun for example_dag_decorator to None, run_after=None
[2024-08-25T00:18:03.679+0000] {processor.py:208} INFO - Processing /home/airflow/.local/lib/python3.12/site-packages/airflow/example_dags/example_dag_decorator.py took 0.742 seconds
[2024-08-25T00:18:34.520+0000] {processor.py:186} INFO - Started process (PID=1575) to work on /home/airflow/.local/lib/python3.12/site-packages/airflow/example_dags/example_dag_decorator.py
[2024-08-25T00:18:34.581+0000] {processor.py:914} INFO - Processing file /home/airflow/.local/lib/python3.12/site-packages/airflow/example_dags/example_dag_decorator.py for tasks to queue
[2024-08-25T00:18:34.599+0000] {logging_mixin.py:190} INFO - [2024-08-25T00:18:34.598+0000] {dagbag.py:587} INFO - Filling up the DagBag from /home/airflow/.local/lib/python3.12/site-packages/airflow/example_dags/example_dag_decorator.py
[2024-08-25T00:18:34.730+0000] {processor.py:925} INFO - DAG(s) 'example_dag_decorator' retrieved from /home/airflow/.local/lib/python3.12/site-packages/airflow/example_dags/example_dag_decorator.py
[2024-08-25T00:18:35.573+0000] {logging_mixin.py:190} INFO - [2024-08-25T00:18:35.572+0000] {dag.py:3211} INFO - Sync 1 DAGs
[2024-08-25T00:18:35.634+0000] {logging_mixin.py:190} INFO - [2024-08-25T00:18:35.631+0000] {dag.py:4138} INFO - Setting next_dagrun for example_dag_decorator to None, run_after=None
[2024-08-25T00:18:35.729+0000] {processor.py:208} INFO - Processing /home/airflow/.local/lib/python3.12/site-packages/airflow/example_dags/example_dag_decorator.py took 1.262 seconds
[2024-08-25T00:19:06.187+0000] {processor.py:186} INFO - Started process (PID=1638) to work on /home/airflow/.local/lib/python3.12/site-packages/airflow/example_dags/example_dag_decorator.py
[2024-08-25T00:19:06.191+0000] {processor.py:914} INFO - Processing file /home/airflow/.local/lib/python3.12/site-packages/airflow/example_dags/example_dag_decorator.py for tasks to queue
[2024-08-25T00:19:06.199+0000] {logging_mixin.py:190} INFO - [2024-08-25T00:19:06.198+0000] {dagbag.py:587} INFO - Filling up the DagBag from /home/airflow/.local/lib/python3.12/site-packages/airflow/example_dags/example_dag_decorator.py
[2024-08-25T00:19:06.262+0000] {processor.py:925} INFO - DAG(s) 'example_dag_decorator' retrieved from /home/airflow/.local/lib/python3.12/site-packages/airflow/example_dags/example_dag_decorator.py
[2024-08-25T00:19:06.857+0000] {logging_mixin.py:190} INFO - [2024-08-25T00:19:06.855+0000] {dag.py:3211} INFO - Sync 1 DAGs
[2024-08-25T00:19:06.923+0000] {logging_mixin.py:190} INFO - [2024-08-25T00:19:06.922+0000] {dag.py:4138} INFO - Setting next_dagrun for example_dag_decorator to None, run_after=None
[2024-08-25T00:19:07.020+0000] {processor.py:208} INFO - Processing /home/airflow/.local/lib/python3.12/site-packages/airflow/example_dags/example_dag_decorator.py took 0.859 seconds
[2024-08-25T00:19:37.199+0000] {processor.py:186} INFO - Started process (PID=1702) to work on /home/airflow/.local/lib/python3.12/site-packages/airflow/example_dags/example_dag_decorator.py
[2024-08-25T00:19:37.201+0000] {processor.py:914} INFO - Processing file /home/airflow/.local/lib/python3.12/site-packages/airflow/example_dags/example_dag_decorator.py for tasks to queue
[2024-08-25T00:19:37.206+0000] {logging_mixin.py:190} INFO - [2024-08-25T00:19:37.205+0000] {dagbag.py:587} INFO - Filling up the DagBag from /home/airflow/.local/lib/python3.12/site-packages/airflow/example_dags/example_dag_decorator.py
[2024-08-25T00:19:37.234+0000] {processor.py:925} INFO - DAG(s) 'example_dag_decorator' retrieved from /home/airflow/.local/lib/python3.12/site-packages/airflow/example_dags/example_dag_decorator.py
[2024-08-25T00:19:37.520+0000] {logging_mixin.py:190} INFO - [2024-08-25T00:19:37.519+0000] {dag.py:3211} INFO - Sync 1 DAGs
[2024-08-25T00:19:37.557+0000] {logging_mixin.py:190} INFO - [2024-08-25T00:19:37.557+0000] {dag.py:4138} INFO - Setting next_dagrun for example_dag_decorator to None, run_after=None
[2024-08-25T00:19:37.621+0000] {processor.py:208} INFO - Processing /home/airflow/.local/lib/python3.12/site-packages/airflow/example_dags/example_dag_decorator.py took 0.438 seconds
[2024-08-25T00:20:07.867+0000] {processor.py:186} INFO - Started process (PID=1766) to work on /home/airflow/.local/lib/python3.12/site-packages/airflow/example_dags/example_dag_decorator.py
[2024-08-25T00:20:07.870+0000] {processor.py:914} INFO - Processing file /home/airflow/.local/lib/python3.12/site-packages/airflow/example_dags/example_dag_decorator.py for tasks to queue
[2024-08-25T00:20:07.885+0000] {logging_mixin.py:190} INFO - [2024-08-25T00:20:07.884+0000] {dagbag.py:587} INFO - Filling up the DagBag from /home/airflow/.local/lib/python3.12/site-packages/airflow/example_dags/example_dag_decorator.py
[2024-08-25T00:20:08.001+0000] {processor.py:925} INFO - DAG(s) 'example_dag_decorator' retrieved from /home/airflow/.local/lib/python3.12/site-packages/airflow/example_dags/example_dag_decorator.py
[2024-08-25T00:20:08.521+0000] {logging_mixin.py:190} INFO - [2024-08-25T00:20:08.520+0000] {dag.py:3211} INFO - Sync 1 DAGs
[2024-08-25T00:20:08.555+0000] {logging_mixin.py:190} INFO - [2024-08-25T00:20:08.555+0000] {dag.py:4138} INFO - Setting next_dagrun for example_dag_decorator to None, run_after=None
[2024-08-25T00:20:08.590+0000] {processor.py:208} INFO - Processing /home/airflow/.local/lib/python3.12/site-packages/airflow/example_dags/example_dag_decorator.py took 0.764 seconds
[2024-08-25T00:20:39.189+0000] {processor.py:186} INFO - Started process (PID=1828) to work on /home/airflow/.local/lib/python3.12/site-packages/airflow/example_dags/example_dag_decorator.py
[2024-08-25T00:20:39.195+0000] {processor.py:914} INFO - Processing file /home/airflow/.local/lib/python3.12/site-packages/airflow/example_dags/example_dag_decorator.py for tasks to queue
[2024-08-25T00:20:39.210+0000] {logging_mixin.py:190} INFO - [2024-08-25T00:20:39.209+0000] {dagbag.py:587} INFO - Filling up the DagBag from /home/airflow/.local/lib/python3.12/site-packages/airflow/example_dags/example_dag_decorator.py
[2024-08-25T00:20:39.279+0000] {processor.py:925} INFO - DAG(s) 'example_dag_decorator' retrieved from /home/airflow/.local/lib/python3.12/site-packages/airflow/example_dags/example_dag_decorator.py
[2024-08-25T00:20:40.048+0000] {logging_mixin.py:190} INFO - [2024-08-25T00:20:40.046+0000] {dag.py:3211} INFO - Sync 1 DAGs
[2024-08-25T00:20:40.147+0000] {logging_mixin.py:190} INFO - [2024-08-25T00:20:40.136+0000] {dag.py:4138} INFO - Setting next_dagrun for example_dag_decorator to None, run_after=None
[2024-08-25T00:20:40.297+0000] {processor.py:208} INFO - Processing /home/airflow/.local/lib/python3.12/site-packages/airflow/example_dags/example_dag_decorator.py took 1.146 seconds
[2024-08-25T00:26:51.611+0000] {processor.py:186} INFO - Started process (PID=118) to work on /home/airflow/.local/lib/python3.12/site-packages/airflow/example_dags/example_dag_decorator.py
[2024-08-25T00:26:51.615+0000] {processor.py:914} INFO - Processing file /home/airflow/.local/lib/python3.12/site-packages/airflow/example_dags/example_dag_decorator.py for tasks to queue
[2024-08-25T00:26:51.632+0000] {logging_mixin.py:190} INFO - [2024-08-25T00:26:51.630+0000] {dagbag.py:587} INFO - Filling up the DagBag from /home/airflow/.local/lib/python3.12/site-packages/airflow/example_dags/example_dag_decorator.py
[2024-08-25T00:26:51.740+0000] {processor.py:925} INFO - DAG(s) 'example_dag_decorator' retrieved from /home/airflow/.local/lib/python3.12/site-packages/airflow/example_dags/example_dag_decorator.py
[2024-08-25T00:26:52.632+0000] {logging_mixin.py:190} INFO - [2024-08-25T00:26:52.631+0000] {dag.py:3211} INFO - Sync 1 DAGs
[2024-08-25T00:26:52.702+0000] {logging_mixin.py:190} INFO - [2024-08-25T00:26:52.702+0000] {dag.py:4138} INFO - Setting next_dagrun for example_dag_decorator to None, run_after=None
[2024-08-25T00:26:52.837+0000] {processor.py:208} INFO - Processing /home/airflow/.local/lib/python3.12/site-packages/airflow/example_dags/example_dag_decorator.py took 1.308 seconds
[2024-08-25T00:27:47.622+0000] {processor.py:186} INFO - Started process (PID=187) to work on /home/airflow/.local/lib/python3.12/site-packages/airflow/example_dags/example_dag_decorator.py
[2024-08-25T00:27:47.636+0000] {processor.py:914} INFO - Processing file /home/airflow/.local/lib/python3.12/site-packages/airflow/example_dags/example_dag_decorator.py for tasks to queue
[2024-08-25T00:27:47.658+0000] {logging_mixin.py:190} INFO - [2024-08-25T00:27:47.657+0000] {dagbag.py:587} INFO - Filling up the DagBag from /home/airflow/.local/lib/python3.12/site-packages/airflow/example_dags/example_dag_decorator.py
[2024-08-25T00:27:47.777+0000] {processor.py:925} INFO - DAG(s) 'example_dag_decorator' retrieved from /home/airflow/.local/lib/python3.12/site-packages/airflow/example_dags/example_dag_decorator.py
[2024-08-25T00:27:48.920+0000] {logging_mixin.py:190} INFO - [2024-08-25T00:27:48.916+0000] {dag.py:3211} INFO - Sync 1 DAGs
[2024-08-25T00:27:48.985+0000] {logging_mixin.py:190} INFO - [2024-08-25T00:27:48.984+0000] {dag.py:4138} INFO - Setting next_dagrun for example_dag_decorator to None, run_after=None
[2024-08-25T00:27:49.119+0000] {processor.py:208} INFO - Processing /home/airflow/.local/lib/python3.12/site-packages/airflow/example_dags/example_dag_decorator.py took 1.683 seconds
[2024-08-25T00:28:34.348+0000] {processor.py:186} INFO - Started process (PID=256) to work on /home/airflow/.local/lib/python3.12/site-packages/airflow/example_dags/example_dag_decorator.py
[2024-08-25T00:28:34.360+0000] {processor.py:914} INFO - Processing file /home/airflow/.local/lib/python3.12/site-packages/airflow/example_dags/example_dag_decorator.py for tasks to queue
[2024-08-25T00:28:34.382+0000] {logging_mixin.py:190} INFO - [2024-08-25T00:28:34.381+0000] {dagbag.py:587} INFO - Filling up the DagBag from /home/airflow/.local/lib/python3.12/site-packages/airflow/example_dags/example_dag_decorator.py
[2024-08-25T00:28:34.562+0000] {processor.py:925} INFO - DAG(s) 'example_dag_decorator' retrieved from /home/airflow/.local/lib/python3.12/site-packages/airflow/example_dags/example_dag_decorator.py
[2024-08-25T00:28:36.335+0000] {logging_mixin.py:190} INFO - [2024-08-25T00:28:36.334+0000] {dag.py:3211} INFO - Sync 1 DAGs
[2024-08-25T00:28:36.562+0000] {logging_mixin.py:190} INFO - [2024-08-25T00:28:36.541+0000] {dag.py:4138} INFO - Setting next_dagrun for example_dag_decorator to None, run_after=None
[2024-08-25T00:28:36.741+0000] {processor.py:208} INFO - Processing /home/airflow/.local/lib/python3.12/site-packages/airflow/example_dags/example_dag_decorator.py took 2.416 seconds
[2024-08-25T00:29:07.306+0000] {processor.py:186} INFO - Started process (PID=319) to work on /home/airflow/.local/lib/python3.12/site-packages/airflow/example_dags/example_dag_decorator.py
[2024-08-25T00:29:07.309+0000] {processor.py:914} INFO - Processing file /home/airflow/.local/lib/python3.12/site-packages/airflow/example_dags/example_dag_decorator.py for tasks to queue
[2024-08-25T00:29:07.323+0000] {logging_mixin.py:190} INFO - [2024-08-25T00:29:07.322+0000] {dagbag.py:587} INFO - Filling up the DagBag from /home/airflow/.local/lib/python3.12/site-packages/airflow/example_dags/example_dag_decorator.py
[2024-08-25T00:29:07.411+0000] {processor.py:925} INFO - DAG(s) 'example_dag_decorator' retrieved from /home/airflow/.local/lib/python3.12/site-packages/airflow/example_dags/example_dag_decorator.py
[2024-08-25T00:29:08.394+0000] {logging_mixin.py:190} INFO - [2024-08-25T00:29:08.393+0000] {dag.py:3211} INFO - Sync 1 DAGs
[2024-08-25T00:29:08.462+0000] {logging_mixin.py:190} INFO - [2024-08-25T00:29:08.461+0000] {dag.py:4138} INFO - Setting next_dagrun for example_dag_decorator to None, run_after=None
[2024-08-25T00:29:08.581+0000] {processor.py:208} INFO - Processing /home/airflow/.local/lib/python3.12/site-packages/airflow/example_dags/example_dag_decorator.py took 1.299 seconds
[2024-08-25T00:29:39.090+0000] {processor.py:186} INFO - Started process (PID=382) to work on /home/airflow/.local/lib/python3.12/site-packages/airflow/example_dags/example_dag_decorator.py
[2024-08-25T00:29:39.092+0000] {processor.py:914} INFO - Processing file /home/airflow/.local/lib/python3.12/site-packages/airflow/example_dags/example_dag_decorator.py for tasks to queue
[2024-08-25T00:29:39.103+0000] {logging_mixin.py:190} INFO - [2024-08-25T00:29:39.097+0000] {dagbag.py:587} INFO - Filling up the DagBag from /home/airflow/.local/lib/python3.12/site-packages/airflow/example_dags/example_dag_decorator.py
[2024-08-25T00:29:39.143+0000] {processor.py:925} INFO - DAG(s) 'example_dag_decorator' retrieved from /home/airflow/.local/lib/python3.12/site-packages/airflow/example_dags/example_dag_decorator.py
[2024-08-25T00:29:39.246+0000] {logging_mixin.py:190} INFO - [2024-08-25T00:29:39.245+0000] {dag.py:3211} INFO - Sync 1 DAGs
[2024-08-25T00:29:39.307+0000] {logging_mixin.py:190} INFO - [2024-08-25T00:29:39.306+0000] {dag.py:4138} INFO - Setting next_dagrun for example_dag_decorator to None, run_after=None
[2024-08-25T00:29:39.371+0000] {processor.py:208} INFO - Processing /home/airflow/.local/lib/python3.12/site-packages/airflow/example_dags/example_dag_decorator.py took 0.300 seconds
[2024-08-25T00:30:09.933+0000] {processor.py:186} INFO - Started process (PID=444) to work on /home/airflow/.local/lib/python3.12/site-packages/airflow/example_dags/example_dag_decorator.py
[2024-08-25T00:30:09.948+0000] {processor.py:914} INFO - Processing file /home/airflow/.local/lib/python3.12/site-packages/airflow/example_dags/example_dag_decorator.py for tasks to queue
[2024-08-25T00:30:09.989+0000] {logging_mixin.py:190} INFO - [2024-08-25T00:30:09.988+0000] {dagbag.py:587} INFO - Filling up the DagBag from /home/airflow/.local/lib/python3.12/site-packages/airflow/example_dags/example_dag_decorator.py
[2024-08-25T00:30:10.082+0000] {processor.py:925} INFO - DAG(s) 'example_dag_decorator' retrieved from /home/airflow/.local/lib/python3.12/site-packages/airflow/example_dags/example_dag_decorator.py
[2024-08-25T00:30:11.356+0000] {logging_mixin.py:190} INFO - [2024-08-25T00:30:11.354+0000] {dag.py:3211} INFO - Sync 1 DAGs
[2024-08-25T00:30:11.527+0000] {logging_mixin.py:190} INFO - [2024-08-25T00:30:11.526+0000] {dag.py:4138} INFO - Setting next_dagrun for example_dag_decorator to None, run_after=None
[2024-08-25T00:30:11.822+0000] {processor.py:208} INFO - Processing /home/airflow/.local/lib/python3.12/site-packages/airflow/example_dags/example_dag_decorator.py took 1.953 seconds
[2024-08-25T00:30:43.448+0000] {processor.py:186} INFO - Started process (PID=508) to work on /home/airflow/.local/lib/python3.12/site-packages/airflow/example_dags/example_dag_decorator.py
[2024-08-25T00:30:43.451+0000] {processor.py:914} INFO - Processing file /home/airflow/.local/lib/python3.12/site-packages/airflow/example_dags/example_dag_decorator.py for tasks to queue
[2024-08-25T00:30:43.458+0000] {logging_mixin.py:190} INFO - [2024-08-25T00:30:43.457+0000] {dagbag.py:587} INFO - Filling up the DagBag from /home/airflow/.local/lib/python3.12/site-packages/airflow/example_dags/example_dag_decorator.py
[2024-08-25T00:30:43.496+0000] {processor.py:925} INFO - DAG(s) 'example_dag_decorator' retrieved from /home/airflow/.local/lib/python3.12/site-packages/airflow/example_dags/example_dag_decorator.py
[2024-08-25T00:30:43.818+0000] {logging_mixin.py:190} INFO - [2024-08-25T00:30:43.817+0000] {dag.py:3211} INFO - Sync 1 DAGs
[2024-08-25T00:30:43.864+0000] {logging_mixin.py:190} INFO - [2024-08-25T00:30:43.863+0000] {dag.py:4138} INFO - Setting next_dagrun for example_dag_decorator to None, run_after=None
[2024-08-25T00:30:43.924+0000] {processor.py:208} INFO - Processing /home/airflow/.local/lib/python3.12/site-packages/airflow/example_dags/example_dag_decorator.py took 0.497 seconds
[2024-08-25T00:31:29.513+0000] {processor.py:186} INFO - Started process (PID=573) to work on /home/airflow/.local/lib/python3.12/site-packages/airflow/example_dags/example_dag_decorator.py
[2024-08-25T00:31:29.519+0000] {processor.py:914} INFO - Processing file /home/airflow/.local/lib/python3.12/site-packages/airflow/example_dags/example_dag_decorator.py for tasks to queue
[2024-08-25T00:31:29.537+0000] {logging_mixin.py:190} INFO - [2024-08-25T00:31:29.537+0000] {dagbag.py:587} INFO - Filling up the DagBag from /home/airflow/.local/lib/python3.12/site-packages/airflow/example_dags/example_dag_decorator.py
[2024-08-25T00:31:29.654+0000] {processor.py:925} INFO - DAG(s) 'example_dag_decorator' retrieved from /home/airflow/.local/lib/python3.12/site-packages/airflow/example_dags/example_dag_decorator.py
[2024-08-25T00:31:30.971+0000] {logging_mixin.py:190} INFO - [2024-08-25T00:31:30.960+0000] {dag.py:3211} INFO - Sync 1 DAGs
[2024-08-25T00:31:31.269+0000] {logging_mixin.py:190} INFO - [2024-08-25T00:31:31.268+0000] {dag.py:4138} INFO - Setting next_dagrun for example_dag_decorator to None, run_after=None
[2024-08-25T00:31:31.645+0000] {processor.py:208} INFO - Processing /home/airflow/.local/lib/python3.12/site-packages/airflow/example_dags/example_dag_decorator.py took 2.199 seconds
[2024-08-25T00:32:14.150+0000] {processor.py:186} INFO - Started process (PID=645) to work on /home/airflow/.local/lib/python3.12/site-packages/airflow/example_dags/example_dag_decorator.py
[2024-08-25T00:32:14.157+0000] {processor.py:914} INFO - Processing file /home/airflow/.local/lib/python3.12/site-packages/airflow/example_dags/example_dag_decorator.py for tasks to queue
[2024-08-25T00:32:14.164+0000] {logging_mixin.py:190} INFO - [2024-08-25T00:32:14.163+0000] {dagbag.py:587} INFO - Filling up the DagBag from /home/airflow/.local/lib/python3.12/site-packages/airflow/example_dags/example_dag_decorator.py
[2024-08-25T00:32:14.209+0000] {processor.py:925} INFO - DAG(s) 'example_dag_decorator' retrieved from /home/airflow/.local/lib/python3.12/site-packages/airflow/example_dags/example_dag_decorator.py
[2024-08-25T00:32:14.575+0000] {logging_mixin.py:190} INFO - [2024-08-25T00:32:14.572+0000] {dag.py:3211} INFO - Sync 1 DAGs
[2024-08-25T00:32:14.623+0000] {logging_mixin.py:190} INFO - [2024-08-25T00:32:14.622+0000] {dag.py:4138} INFO - Setting next_dagrun for example_dag_decorator to None, run_after=None
[2024-08-25T00:32:14.691+0000] {processor.py:208} INFO - Processing /home/airflow/.local/lib/python3.12/site-packages/airflow/example_dags/example_dag_decorator.py took 0.559 seconds
[2024-08-25T00:33:01.377+0000] {processor.py:186} INFO - Started process (PID=709) to work on /home/airflow/.local/lib/python3.12/site-packages/airflow/example_dags/example_dag_decorator.py
[2024-08-25T00:33:01.396+0000] {processor.py:914} INFO - Processing file /home/airflow/.local/lib/python3.12/site-packages/airflow/example_dags/example_dag_decorator.py for tasks to queue
[2024-08-25T00:33:01.426+0000] {logging_mixin.py:190} INFO - [2024-08-25T00:33:01.425+0000] {dagbag.py:587} INFO - Filling up the DagBag from /home/airflow/.local/lib/python3.12/site-packages/airflow/example_dags/example_dag_decorator.py
[2024-08-25T00:33:01.534+0000] {processor.py:925} INFO - DAG(s) 'example_dag_decorator' retrieved from /home/airflow/.local/lib/python3.12/site-packages/airflow/example_dags/example_dag_decorator.py
[2024-08-25T00:33:02.668+0000] {logging_mixin.py:190} INFO - [2024-08-25T00:33:02.666+0000] {dag.py:3211} INFO - Sync 1 DAGs
[2024-08-25T00:33:02.825+0000] {logging_mixin.py:190} INFO - [2024-08-25T00:33:02.813+0000] {dag.py:4138} INFO - Setting next_dagrun for example_dag_decorator to None, run_after=None
[2024-08-25T00:33:02.965+0000] {processor.py:208} INFO - Processing /home/airflow/.local/lib/python3.12/site-packages/airflow/example_dags/example_dag_decorator.py took 1.639 seconds
[2024-08-25T00:34:08.724+0000] {processor.py:186} INFO - Started process (PID=798) to work on /home/airflow/.local/lib/python3.12/site-packages/airflow/example_dags/example_dag_decorator.py
[2024-08-25T00:34:08.727+0000] {processor.py:914} INFO - Processing file /home/airflow/.local/lib/python3.12/site-packages/airflow/example_dags/example_dag_decorator.py for tasks to queue
[2024-08-25T00:34:08.737+0000] {logging_mixin.py:190} INFO - [2024-08-25T00:34:08.736+0000] {dagbag.py:587} INFO - Filling up the DagBag from /home/airflow/.local/lib/python3.12/site-packages/airflow/example_dags/example_dag_decorator.py
[2024-08-25T00:34:08.785+0000] {processor.py:925} INFO - DAG(s) 'example_dag_decorator' retrieved from /home/airflow/.local/lib/python3.12/site-packages/airflow/example_dags/example_dag_decorator.py
[2024-08-25T00:34:09.386+0000] {logging_mixin.py:190} INFO - [2024-08-25T00:34:09.382+0000] {dag.py:3211} INFO - Sync 1 DAGs
[2024-08-25T00:34:09.514+0000] {logging_mixin.py:190} INFO - [2024-08-25T00:34:09.513+0000] {dag.py:4138} INFO - Setting next_dagrun for example_dag_decorator to None, run_after=None
[2024-08-25T00:34:09.668+0000] {processor.py:208} INFO - Processing /home/airflow/.local/lib/python3.12/site-packages/airflow/example_dags/example_dag_decorator.py took 0.968 seconds
[2024-08-25T00:34:41.193+0000] {processor.py:186} INFO - Started process (PID=861) to work on /home/airflow/.local/lib/python3.12/site-packages/airflow/example_dags/example_dag_decorator.py
[2024-08-25T00:34:41.195+0000] {processor.py:914} INFO - Processing file /home/airflow/.local/lib/python3.12/site-packages/airflow/example_dags/example_dag_decorator.py for tasks to queue
[2024-08-25T00:34:41.204+0000] {logging_mixin.py:190} INFO - [2024-08-25T00:34:41.202+0000] {dagbag.py:587} INFO - Filling up the DagBag from /home/airflow/.local/lib/python3.12/site-packages/airflow/example_dags/example_dag_decorator.py
[2024-08-25T00:34:41.242+0000] {processor.py:925} INFO - DAG(s) 'example_dag_decorator' retrieved from /home/airflow/.local/lib/python3.12/site-packages/airflow/example_dags/example_dag_decorator.py
[2024-08-25T00:34:41.360+0000] {logging_mixin.py:190} INFO - [2024-08-25T00:34:41.349+0000] {dag.py:3211} INFO - Sync 1 DAGs
[2024-08-25T00:34:41.413+0000] {logging_mixin.py:190} INFO - [2024-08-25T00:34:41.412+0000] {dag.py:4138} INFO - Setting next_dagrun for example_dag_decorator to None, run_after=None
[2024-08-25T00:34:41.468+0000] {processor.py:208} INFO - Processing /home/airflow/.local/lib/python3.12/site-packages/airflow/example_dags/example_dag_decorator.py took 0.293 seconds
[2024-08-25T00:35:12.536+0000] {processor.py:186} INFO - Started process (PID=922) to work on /home/airflow/.local/lib/python3.12/site-packages/airflow/example_dags/example_dag_decorator.py
[2024-08-25T00:35:12.541+0000] {processor.py:914} INFO - Processing file /home/airflow/.local/lib/python3.12/site-packages/airflow/example_dags/example_dag_decorator.py for tasks to queue
[2024-08-25T00:35:12.550+0000] {logging_mixin.py:190} INFO - [2024-08-25T00:35:12.548+0000] {dagbag.py:587} INFO - Filling up the DagBag from /home/airflow/.local/lib/python3.12/site-packages/airflow/example_dags/example_dag_decorator.py
[2024-08-25T00:35:12.623+0000] {processor.py:925} INFO - DAG(s) 'example_dag_decorator' retrieved from /home/airflow/.local/lib/python3.12/site-packages/airflow/example_dags/example_dag_decorator.py
[2024-08-25T00:35:12.737+0000] {logging_mixin.py:190} INFO - [2024-08-25T00:35:12.735+0000] {dag.py:3211} INFO - Sync 1 DAGs
[2024-08-25T00:35:12.790+0000] {logging_mixin.py:190} INFO - [2024-08-25T00:35:12.790+0000] {dag.py:4138} INFO - Setting next_dagrun for example_dag_decorator to None, run_after=None
[2024-08-25T00:35:12.890+0000] {processor.py:208} INFO - Processing /home/airflow/.local/lib/python3.12/site-packages/airflow/example_dags/example_dag_decorator.py took 0.407 seconds
[2024-08-25T00:35:47.495+0000] {processor.py:186} INFO - Started process (PID=985) to work on /home/airflow/.local/lib/python3.12/site-packages/airflow/example_dags/example_dag_decorator.py
[2024-08-25T00:35:47.505+0000] {processor.py:914} INFO - Processing file /home/airflow/.local/lib/python3.12/site-packages/airflow/example_dags/example_dag_decorator.py for tasks to queue
[2024-08-25T00:35:47.513+0000] {logging_mixin.py:190} INFO - [2024-08-25T00:35:47.512+0000] {dagbag.py:587} INFO - Filling up the DagBag from /home/airflow/.local/lib/python3.12/site-packages/airflow/example_dags/example_dag_decorator.py
[2024-08-25T00:35:47.598+0000] {processor.py:925} INFO - DAG(s) 'example_dag_decorator' retrieved from /home/airflow/.local/lib/python3.12/site-packages/airflow/example_dags/example_dag_decorator.py
[2024-08-25T00:35:48.590+0000] {logging_mixin.py:190} INFO - [2024-08-25T00:35:48.578+0000] {dag.py:3211} INFO - Sync 1 DAGs
[2024-08-25T00:35:48.695+0000] {logging_mixin.py:190} INFO - [2024-08-25T00:35:48.694+0000] {dag.py:4138} INFO - Setting next_dagrun for example_dag_decorator to None, run_after=None
[2024-08-25T00:35:48.824+0000] {processor.py:208} INFO - Processing /home/airflow/.local/lib/python3.12/site-packages/airflow/example_dags/example_dag_decorator.py took 1.366 seconds
[2024-08-25T00:36:19.426+0000] {processor.py:186} INFO - Started process (PID=1048) to work on /home/airflow/.local/lib/python3.12/site-packages/airflow/example_dags/example_dag_decorator.py
[2024-08-25T00:36:19.428+0000] {processor.py:914} INFO - Processing file /home/airflow/.local/lib/python3.12/site-packages/airflow/example_dags/example_dag_decorator.py for tasks to queue
[2024-08-25T00:36:19.435+0000] {logging_mixin.py:190} INFO - [2024-08-25T00:36:19.435+0000] {dagbag.py:587} INFO - Filling up the DagBag from /home/airflow/.local/lib/python3.12/site-packages/airflow/example_dags/example_dag_decorator.py
[2024-08-25T00:36:19.491+0000] {processor.py:925} INFO - DAG(s) 'example_dag_decorator' retrieved from /home/airflow/.local/lib/python3.12/site-packages/airflow/example_dags/example_dag_decorator.py
[2024-08-25T00:36:20.638+0000] {logging_mixin.py:190} INFO - [2024-08-25T00:36:20.636+0000] {dag.py:3211} INFO - Sync 1 DAGs
[2024-08-25T00:36:20.783+0000] {logging_mixin.py:190} INFO - [2024-08-25T00:36:20.782+0000] {dag.py:4138} INFO - Setting next_dagrun for example_dag_decorator to None, run_after=None
[2024-08-25T00:36:20.942+0000] {processor.py:208} INFO - Processing /home/airflow/.local/lib/python3.12/site-packages/airflow/example_dags/example_dag_decorator.py took 1.542 seconds
[2024-08-25T00:36:51.587+0000] {processor.py:186} INFO - Started process (PID=1111) to work on /home/airflow/.local/lib/python3.12/site-packages/airflow/example_dags/example_dag_decorator.py
[2024-08-25T00:36:51.593+0000] {processor.py:914} INFO - Processing file /home/airflow/.local/lib/python3.12/site-packages/airflow/example_dags/example_dag_decorator.py for tasks to queue
[2024-08-25T00:36:51.600+0000] {logging_mixin.py:190} INFO - [2024-08-25T00:36:51.599+0000] {dagbag.py:587} INFO - Filling up the DagBag from /home/airflow/.local/lib/python3.12/site-packages/airflow/example_dags/example_dag_decorator.py
[2024-08-25T00:36:51.647+0000] {processor.py:925} INFO - DAG(s) 'example_dag_decorator' retrieved from /home/airflow/.local/lib/python3.12/site-packages/airflow/example_dags/example_dag_decorator.py
[2024-08-25T00:36:51.717+0000] {logging_mixin.py:190} INFO - [2024-08-25T00:36:51.716+0000] {dag.py:3211} INFO - Sync 1 DAGs
[2024-08-25T00:36:51.758+0000] {logging_mixin.py:190} INFO - [2024-08-25T00:36:51.758+0000] {dag.py:4138} INFO - Setting next_dagrun for example_dag_decorator to None, run_after=None
[2024-08-25T00:36:51.822+0000] {processor.py:208} INFO - Processing /home/airflow/.local/lib/python3.12/site-packages/airflow/example_dags/example_dag_decorator.py took 0.256 seconds
[2024-08-25T00:37:21.926+0000] {processor.py:186} INFO - Started process (PID=1173) to work on /home/airflow/.local/lib/python3.12/site-packages/airflow/example_dags/example_dag_decorator.py
[2024-08-25T00:37:21.929+0000] {processor.py:914} INFO - Processing file /home/airflow/.local/lib/python3.12/site-packages/airflow/example_dags/example_dag_decorator.py for tasks to queue
[2024-08-25T00:37:21.932+0000] {logging_mixin.py:190} INFO - [2024-08-25T00:37:21.931+0000] {dagbag.py:587} INFO - Filling up the DagBag from /home/airflow/.local/lib/python3.12/site-packages/airflow/example_dags/example_dag_decorator.py
[2024-08-25T00:37:21.973+0000] {processor.py:925} INFO - DAG(s) 'example_dag_decorator' retrieved from /home/airflow/.local/lib/python3.12/site-packages/airflow/example_dags/example_dag_decorator.py
[2024-08-25T00:37:22.274+0000] {logging_mixin.py:190} INFO - [2024-08-25T00:37:22.273+0000] {dag.py:3211} INFO - Sync 1 DAGs
[2024-08-25T00:37:22.311+0000] {logging_mixin.py:190} INFO - [2024-08-25T00:37:22.311+0000] {dag.py:4138} INFO - Setting next_dagrun for example_dag_decorator to None, run_after=None
[2024-08-25T00:37:22.356+0000] {processor.py:208} INFO - Processing /home/airflow/.local/lib/python3.12/site-packages/airflow/example_dags/example_dag_decorator.py took 0.444 seconds
[2024-08-25T00:37:55.862+0000] {processor.py:186} INFO - Started process (PID=1235) to work on /home/airflow/.local/lib/python3.12/site-packages/airflow/example_dags/example_dag_decorator.py
[2024-08-25T00:37:55.866+0000] {processor.py:914} INFO - Processing file /home/airflow/.local/lib/python3.12/site-packages/airflow/example_dags/example_dag_decorator.py for tasks to queue
[2024-08-25T00:37:55.880+0000] {logging_mixin.py:190} INFO - [2024-08-25T00:37:55.879+0000] {dagbag.py:587} INFO - Filling up the DagBag from /home/airflow/.local/lib/python3.12/site-packages/airflow/example_dags/example_dag_decorator.py
[2024-08-25T00:37:55.999+0000] {processor.py:925} INFO - DAG(s) 'example_dag_decorator' retrieved from /home/airflow/.local/lib/python3.12/site-packages/airflow/example_dags/example_dag_decorator.py
[2024-08-25T00:37:56.243+0000] {logging_mixin.py:190} INFO - [2024-08-25T00:37:56.241+0000] {dag.py:3211} INFO - Sync 1 DAGs
[2024-08-25T00:37:56.365+0000] {logging_mixin.py:190} INFO - [2024-08-25T00:37:56.364+0000] {dag.py:4138} INFO - Setting next_dagrun for example_dag_decorator to None, run_after=None
[2024-08-25T00:37:56.451+0000] {processor.py:208} INFO - Processing /home/airflow/.local/lib/python3.12/site-packages/airflow/example_dags/example_dag_decorator.py took 0.666 seconds
[2024-08-25T00:38:26.784+0000] {processor.py:186} INFO - Started process (PID=1297) to work on /home/airflow/.local/lib/python3.12/site-packages/airflow/example_dags/example_dag_decorator.py
[2024-08-25T00:38:26.786+0000] {processor.py:914} INFO - Processing file /home/airflow/.local/lib/python3.12/site-packages/airflow/example_dags/example_dag_decorator.py for tasks to queue
[2024-08-25T00:38:26.794+0000] {logging_mixin.py:190} INFO - [2024-08-25T00:38:26.793+0000] {dagbag.py:587} INFO - Filling up the DagBag from /home/airflow/.local/lib/python3.12/site-packages/airflow/example_dags/example_dag_decorator.py
[2024-08-25T00:38:26.861+0000] {processor.py:925} INFO - DAG(s) 'example_dag_decorator' retrieved from /home/airflow/.local/lib/python3.12/site-packages/airflow/example_dags/example_dag_decorator.py
[2024-08-25T00:38:26.958+0000] {logging_mixin.py:190} INFO - [2024-08-25T00:38:26.957+0000] {dag.py:3211} INFO - Sync 1 DAGs
[2024-08-25T00:38:27.050+0000] {logging_mixin.py:190} INFO - [2024-08-25T00:38:27.050+0000] {dag.py:4138} INFO - Setting next_dagrun for example_dag_decorator to None, run_after=None
[2024-08-25T00:38:27.135+0000] {processor.py:208} INFO - Processing /home/airflow/.local/lib/python3.12/site-packages/airflow/example_dags/example_dag_decorator.py took 0.374 seconds
[2024-08-25T00:38:57.464+0000] {processor.py:186} INFO - Started process (PID=1359) to work on /home/airflow/.local/lib/python3.12/site-packages/airflow/example_dags/example_dag_decorator.py
[2024-08-25T00:38:57.468+0000] {processor.py:914} INFO - Processing file /home/airflow/.local/lib/python3.12/site-packages/airflow/example_dags/example_dag_decorator.py for tasks to queue
[2024-08-25T00:38:57.474+0000] {logging_mixin.py:190} INFO - [2024-08-25T00:38:57.473+0000] {dagbag.py:587} INFO - Filling up the DagBag from /home/airflow/.local/lib/python3.12/site-packages/airflow/example_dags/example_dag_decorator.py
[2024-08-25T00:38:57.518+0000] {processor.py:925} INFO - DAG(s) 'example_dag_decorator' retrieved from /home/airflow/.local/lib/python3.12/site-packages/airflow/example_dags/example_dag_decorator.py
[2024-08-25T00:38:57.598+0000] {logging_mixin.py:190} INFO - [2024-08-25T00:38:57.596+0000] {dag.py:3211} INFO - Sync 1 DAGs
[2024-08-25T00:38:57.646+0000] {logging_mixin.py:190} INFO - [2024-08-25T00:38:57.645+0000] {dag.py:4138} INFO - Setting next_dagrun for example_dag_decorator to None, run_after=None
[2024-08-25T00:38:57.736+0000] {processor.py:208} INFO - Processing /home/airflow/.local/lib/python3.12/site-packages/airflow/example_dags/example_dag_decorator.py took 0.293 seconds
[2024-08-25T00:39:27.958+0000] {processor.py:186} INFO - Started process (PID=1422) to work on /home/airflow/.local/lib/python3.12/site-packages/airflow/example_dags/example_dag_decorator.py
[2024-08-25T00:39:27.963+0000] {processor.py:914} INFO - Processing file /home/airflow/.local/lib/python3.12/site-packages/airflow/example_dags/example_dag_decorator.py for tasks to queue
[2024-08-25T00:39:27.968+0000] {logging_mixin.py:190} INFO - [2024-08-25T00:39:27.967+0000] {dagbag.py:587} INFO - Filling up the DagBag from /home/airflow/.local/lib/python3.12/site-packages/airflow/example_dags/example_dag_decorator.py
[2024-08-25T00:39:28.014+0000] {processor.py:925} INFO - DAG(s) 'example_dag_decorator' retrieved from /home/airflow/.local/lib/python3.12/site-packages/airflow/example_dags/example_dag_decorator.py
[2024-08-25T00:39:28.110+0000] {logging_mixin.py:190} INFO - [2024-08-25T00:39:28.109+0000] {dag.py:3211} INFO - Sync 1 DAGs
[2024-08-25T00:39:28.157+0000] {logging_mixin.py:190} INFO - [2024-08-25T00:39:28.157+0000] {dag.py:4138} INFO - Setting next_dagrun for example_dag_decorator to None, run_after=None
[2024-08-25T00:39:28.193+0000] {processor.py:208} INFO - Processing /home/airflow/.local/lib/python3.12/site-packages/airflow/example_dags/example_dag_decorator.py took 0.261 seconds
[2024-08-25T00:39:59.189+0000] {processor.py:186} INFO - Started process (PID=1484) to work on /home/airflow/.local/lib/python3.12/site-packages/airflow/example_dags/example_dag_decorator.py
[2024-08-25T00:39:59.202+0000] {processor.py:914} INFO - Processing file /home/airflow/.local/lib/python3.12/site-packages/airflow/example_dags/example_dag_decorator.py for tasks to queue
[2024-08-25T00:39:59.214+0000] {logging_mixin.py:190} INFO - [2024-08-25T00:39:59.213+0000] {dagbag.py:587} INFO - Filling up the DagBag from /home/airflow/.local/lib/python3.12/site-packages/airflow/example_dags/example_dag_decorator.py
[2024-08-25T00:39:59.347+0000] {processor.py:925} INFO - DAG(s) 'example_dag_decorator' retrieved from /home/airflow/.local/lib/python3.12/site-packages/airflow/example_dags/example_dag_decorator.py
[2024-08-25T00:40:00.115+0000] {logging_mixin.py:190} INFO - [2024-08-25T00:40:00.114+0000] {dag.py:3211} INFO - Sync 1 DAGs
[2024-08-25T00:40:00.164+0000] {logging_mixin.py:190} INFO - [2024-08-25T00:40:00.164+0000] {dag.py:4138} INFO - Setting next_dagrun for example_dag_decorator to None, run_after=None
[2024-08-25T00:40:00.299+0000] {processor.py:208} INFO - Processing /home/airflow/.local/lib/python3.12/site-packages/airflow/example_dags/example_dag_decorator.py took 1.163 seconds
