[2024-08-25T00:00:10.489+0000] {processor.py:186} INFO - Started process (PID=38520) to work on /home/airflow/.local/lib/python3.12/site-packages/airflow/example_dags/example_kubernetes_executor.py
[2024-08-25T00:00:10.491+0000] {processor.py:914} INFO - Processing file /home/airflow/.local/lib/python3.12/site-packages/airflow/example_dags/example_kubernetes_executor.py for tasks to queue
[2024-08-25T00:00:10.499+0000] {logging_mixin.py:190} INFO - [2024-08-25T00:00:10.498+0000] {dagbag.py:587} INFO - Filling up the DagBag from /home/airflow/.local/lib/python3.12/site-packages/airflow/example_dags/example_kubernetes_executor.py
[2024-08-25T00:00:10.593+0000] {processor.py:925} INFO - DAG(s) 'example_kubernetes_executor' retrieved from /home/airflow/.local/lib/python3.12/site-packages/airflow/example_dags/example_kubernetes_executor.py
[2024-08-25T00:00:10.841+0000] {logging_mixin.py:190} INFO - [2024-08-25T00:00:10.839+0000] {dag.py:3211} INFO - Sync 1 DAGs
[2024-08-25T00:00:10.926+0000] {logging_mixin.py:190} INFO - [2024-08-25T00:00:10.922+0000] {dag.py:4138} INFO - Setting next_dagrun for example_kubernetes_executor to None, run_after=None
[2024-08-25T00:00:11.051+0000] {processor.py:208} INFO - Processing /home/airflow/.local/lib/python3.12/site-packages/airflow/example_dags/example_kubernetes_executor.py took 0.581 seconds
[2024-08-25T00:05:52.660+0000] {processor.py:186} INFO - Started process (PID=90) to work on /home/airflow/.local/lib/python3.12/site-packages/airflow/example_dags/example_kubernetes_executor.py
[2024-08-25T00:05:52.676+0000] {processor.py:914} INFO - Processing file /home/airflow/.local/lib/python3.12/site-packages/airflow/example_dags/example_kubernetes_executor.py for tasks to queue
[2024-08-25T00:05:52.702+0000] {logging_mixin.py:190} INFO - [2024-08-25T00:05:52.701+0000] {dagbag.py:587} INFO - Filling up the DagBag from /home/airflow/.local/lib/python3.12/site-packages/airflow/example_dags/example_kubernetes_executor.py
[2024-08-25T00:05:52.895+0000] {processor.py:925} INFO - DAG(s) 'example_kubernetes_executor' retrieved from /home/airflow/.local/lib/python3.12/site-packages/airflow/example_dags/example_kubernetes_executor.py
[2024-08-25T00:05:53.133+0000] {logging_mixin.py:190} INFO - [2024-08-25T00:05:53.126+0000] {dag.py:3211} INFO - Sync 1 DAGs
[2024-08-25T00:05:53.239+0000] {logging_mixin.py:190} INFO - [2024-08-25T00:05:53.237+0000] {dag.py:4138} INFO - Setting next_dagrun for example_kubernetes_executor to None, run_after=None
[2024-08-25T00:05:53.334+0000] {processor.py:208} INFO - Processing /home/airflow/.local/lib/python3.12/site-packages/airflow/example_dags/example_kubernetes_executor.py took 0.702 seconds
[2024-08-25T00:06:32.065+0000] {processor.py:186} INFO - Started process (PID=158) to work on /home/airflow/.local/lib/python3.12/site-packages/airflow/example_dags/example_kubernetes_executor.py
[2024-08-25T00:06:32.110+0000] {processor.py:914} INFO - Processing file /home/airflow/.local/lib/python3.12/site-packages/airflow/example_dags/example_kubernetes_executor.py for tasks to queue
[2024-08-25T00:06:32.160+0000] {logging_mixin.py:190} INFO - [2024-08-25T00:06:32.159+0000] {dagbag.py:587} INFO - Filling up the DagBag from /home/airflow/.local/lib/python3.12/site-packages/airflow/example_dags/example_kubernetes_executor.py
[2024-08-25T00:06:32.603+0000] {processor.py:925} INFO - DAG(s) 'example_kubernetes_executor' retrieved from /home/airflow/.local/lib/python3.12/site-packages/airflow/example_dags/example_kubernetes_executor.py
[2024-08-25T00:06:33.360+0000] {logging_mixin.py:190} INFO - [2024-08-25T00:06:33.358+0000] {dag.py:3211} INFO - Sync 1 DAGs
[2024-08-25T00:06:33.853+0000] {logging_mixin.py:190} INFO - [2024-08-25T00:06:33.852+0000] {dag.py:4138} INFO - Setting next_dagrun for example_kubernetes_executor to None, run_after=None
[2024-08-25T00:06:34.431+0000] {processor.py:208} INFO - Processing /home/airflow/.local/lib/python3.12/site-packages/airflow/example_dags/example_kubernetes_executor.py took 2.538 seconds
[2024-08-25T00:07:19.677+0000] {processor.py:186} INFO - Started process (PID=221) to work on /home/airflow/.local/lib/python3.12/site-packages/airflow/example_dags/example_kubernetes_executor.py
[2024-08-25T00:07:19.679+0000] {processor.py:914} INFO - Processing file /home/airflow/.local/lib/python3.12/site-packages/airflow/example_dags/example_kubernetes_executor.py for tasks to queue
[2024-08-25T00:07:19.688+0000] {logging_mixin.py:190} INFO - [2024-08-25T00:07:19.687+0000] {dagbag.py:587} INFO - Filling up the DagBag from /home/airflow/.local/lib/python3.12/site-packages/airflow/example_dags/example_kubernetes_executor.py
[2024-08-25T00:07:19.772+0000] {processor.py:925} INFO - DAG(s) 'example_kubernetes_executor' retrieved from /home/airflow/.local/lib/python3.12/site-packages/airflow/example_dags/example_kubernetes_executor.py
[2024-08-25T00:07:20.013+0000] {logging_mixin.py:190} INFO - [2024-08-25T00:07:20.011+0000] {dag.py:3211} INFO - Sync 1 DAGs
[2024-08-25T00:07:20.145+0000] {logging_mixin.py:190} INFO - [2024-08-25T00:07:20.144+0000] {dag.py:4138} INFO - Setting next_dagrun for example_kubernetes_executor to None, run_after=None
[2024-08-25T00:07:20.310+0000] {processor.py:208} INFO - Processing /home/airflow/.local/lib/python3.12/site-packages/airflow/example_dags/example_kubernetes_executor.py took 0.659 seconds
[2024-08-25T00:07:52.807+0000] {processor.py:186} INFO - Started process (PID=285) to work on /home/airflow/.local/lib/python3.12/site-packages/airflow/example_dags/example_kubernetes_executor.py
[2024-08-25T00:07:52.824+0000] {processor.py:914} INFO - Processing file /home/airflow/.local/lib/python3.12/site-packages/airflow/example_dags/example_kubernetes_executor.py for tasks to queue
[2024-08-25T00:07:52.858+0000] {logging_mixin.py:190} INFO - [2024-08-25T00:07:52.853+0000] {dagbag.py:587} INFO - Filling up the DagBag from /home/airflow/.local/lib/python3.12/site-packages/airflow/example_dags/example_kubernetes_executor.py
[2024-08-25T00:07:53.063+0000] {processor.py:925} INFO - DAG(s) 'example_kubernetes_executor' retrieved from /home/airflow/.local/lib/python3.12/site-packages/airflow/example_dags/example_kubernetes_executor.py
[2024-08-25T00:07:53.919+0000] {logging_mixin.py:190} INFO - [2024-08-25T00:07:53.907+0000] {dag.py:3211} INFO - Sync 1 DAGs
[2024-08-25T00:07:54.108+0000] {logging_mixin.py:190} INFO - [2024-08-25T00:07:54.107+0000] {dag.py:4138} INFO - Setting next_dagrun for example_kubernetes_executor to None, run_after=None
[2024-08-25T00:07:54.417+0000] {processor.py:208} INFO - Processing /home/airflow/.local/lib/python3.12/site-packages/airflow/example_dags/example_kubernetes_executor.py took 1.647 seconds
[2024-08-25T00:08:25.296+0000] {processor.py:186} INFO - Started process (PID=348) to work on /home/airflow/.local/lib/python3.12/site-packages/airflow/example_dags/example_kubernetes_executor.py
[2024-08-25T00:08:25.299+0000] {processor.py:914} INFO - Processing file /home/airflow/.local/lib/python3.12/site-packages/airflow/example_dags/example_kubernetes_executor.py for tasks to queue
[2024-08-25T00:08:25.307+0000] {logging_mixin.py:190} INFO - [2024-08-25T00:08:25.306+0000] {dagbag.py:587} INFO - Filling up the DagBag from /home/airflow/.local/lib/python3.12/site-packages/airflow/example_dags/example_kubernetes_executor.py
[2024-08-25T00:08:25.391+0000] {processor.py:925} INFO - DAG(s) 'example_kubernetes_executor' retrieved from /home/airflow/.local/lib/python3.12/site-packages/airflow/example_dags/example_kubernetes_executor.py
[2024-08-25T00:08:25.695+0000] {logging_mixin.py:190} INFO - [2024-08-25T00:08:25.694+0000] {dag.py:3211} INFO - Sync 1 DAGs
[2024-08-25T00:08:25.773+0000] {logging_mixin.py:190} INFO - [2024-08-25T00:08:25.772+0000] {dag.py:4138} INFO - Setting next_dagrun for example_kubernetes_executor to None, run_after=None
[2024-08-25T00:08:25.879+0000] {processor.py:208} INFO - Processing /home/airflow/.local/lib/python3.12/site-packages/airflow/example_dags/example_kubernetes_executor.py took 0.602 seconds
[2024-08-25T00:08:56.080+0000] {processor.py:186} INFO - Started process (PID=411) to work on /home/airflow/.local/lib/python3.12/site-packages/airflow/example_dags/example_kubernetes_executor.py
[2024-08-25T00:08:56.082+0000] {processor.py:914} INFO - Processing file /home/airflow/.local/lib/python3.12/site-packages/airflow/example_dags/example_kubernetes_executor.py for tasks to queue
[2024-08-25T00:08:56.089+0000] {logging_mixin.py:190} INFO - [2024-08-25T00:08:56.088+0000] {dagbag.py:587} INFO - Filling up the DagBag from /home/airflow/.local/lib/python3.12/site-packages/airflow/example_dags/example_kubernetes_executor.py
[2024-08-25T00:08:56.130+0000] {processor.py:925} INFO - DAG(s) 'example_kubernetes_executor' retrieved from /home/airflow/.local/lib/python3.12/site-packages/airflow/example_dags/example_kubernetes_executor.py
[2024-08-25T00:08:56.243+0000] {logging_mixin.py:190} INFO - [2024-08-25T00:08:56.242+0000] {dag.py:3211} INFO - Sync 1 DAGs
[2024-08-25T00:08:56.281+0000] {logging_mixin.py:190} INFO - [2024-08-25T00:08:56.280+0000] {dag.py:4138} INFO - Setting next_dagrun for example_kubernetes_executor to None, run_after=None
[2024-08-25T00:08:56.333+0000] {processor.py:208} INFO - Processing /home/airflow/.local/lib/python3.12/site-packages/airflow/example_dags/example_kubernetes_executor.py took 0.269 seconds
[2024-08-25T00:09:27.035+0000] {processor.py:186} INFO - Started process (PID=474) to work on /home/airflow/.local/lib/python3.12/site-packages/airflow/example_dags/example_kubernetes_executor.py
[2024-08-25T00:09:27.037+0000] {processor.py:914} INFO - Processing file /home/airflow/.local/lib/python3.12/site-packages/airflow/example_dags/example_kubernetes_executor.py for tasks to queue
[2024-08-25T00:09:27.043+0000] {logging_mixin.py:190} INFO - [2024-08-25T00:09:27.043+0000] {dagbag.py:587} INFO - Filling up the DagBag from /home/airflow/.local/lib/python3.12/site-packages/airflow/example_dags/example_kubernetes_executor.py
[2024-08-25T00:09:27.111+0000] {processor.py:925} INFO - DAG(s) 'example_kubernetes_executor' retrieved from /home/airflow/.local/lib/python3.12/site-packages/airflow/example_dags/example_kubernetes_executor.py
[2024-08-25T00:09:27.267+0000] {logging_mixin.py:190} INFO - [2024-08-25T00:09:27.265+0000] {dag.py:3211} INFO - Sync 1 DAGs
[2024-08-25T00:09:27.304+0000] {logging_mixin.py:190} INFO - [2024-08-25T00:09:27.303+0000] {dag.py:4138} INFO - Setting next_dagrun for example_kubernetes_executor to None, run_after=None
[2024-08-25T00:09:27.346+0000] {processor.py:208} INFO - Processing /home/airflow/.local/lib/python3.12/site-packages/airflow/example_dags/example_kubernetes_executor.py took 0.326 seconds
[2024-08-25T00:09:58.072+0000] {processor.py:186} INFO - Started process (PID=538) to work on /home/airflow/.local/lib/python3.12/site-packages/airflow/example_dags/example_kubernetes_executor.py
[2024-08-25T00:09:58.085+0000] {processor.py:914} INFO - Processing file /home/airflow/.local/lib/python3.12/site-packages/airflow/example_dags/example_kubernetes_executor.py for tasks to queue
[2024-08-25T00:09:58.116+0000] {logging_mixin.py:190} INFO - [2024-08-25T00:09:58.105+0000] {dagbag.py:587} INFO - Filling up the DagBag from /home/airflow/.local/lib/python3.12/site-packages/airflow/example_dags/example_kubernetes_executor.py
[2024-08-25T00:09:58.187+0000] {processor.py:925} INFO - DAG(s) 'example_kubernetes_executor' retrieved from /home/airflow/.local/lib/python3.12/site-packages/airflow/example_dags/example_kubernetes_executor.py
[2024-08-25T00:09:58.354+0000] {logging_mixin.py:190} INFO - [2024-08-25T00:09:58.352+0000] {dag.py:3211} INFO - Sync 1 DAGs
[2024-08-25T00:09:58.437+0000] {logging_mixin.py:190} INFO - [2024-08-25T00:09:58.437+0000] {dag.py:4138} INFO - Setting next_dagrun for example_kubernetes_executor to None, run_after=None
[2024-08-25T00:09:58.609+0000] {processor.py:208} INFO - Processing /home/airflow/.local/lib/python3.12/site-packages/airflow/example_dags/example_kubernetes_executor.py took 0.586 seconds
[2024-08-25T00:10:30.940+0000] {processor.py:186} INFO - Started process (PID=607) to work on /home/airflow/.local/lib/python3.12/site-packages/airflow/example_dags/example_kubernetes_executor.py
[2024-08-25T00:10:30.948+0000] {processor.py:914} INFO - Processing file /home/airflow/.local/lib/python3.12/site-packages/airflow/example_dags/example_kubernetes_executor.py for tasks to queue
[2024-08-25T00:10:30.967+0000] {logging_mixin.py:190} INFO - [2024-08-25T00:10:30.966+0000] {dagbag.py:587} INFO - Filling up the DagBag from /home/airflow/.local/lib/python3.12/site-packages/airflow/example_dags/example_kubernetes_executor.py
[2024-08-25T00:10:31.125+0000] {processor.py:925} INFO - DAG(s) 'example_kubernetes_executor' retrieved from /home/airflow/.local/lib/python3.12/site-packages/airflow/example_dags/example_kubernetes_executor.py
[2024-08-25T00:10:31.495+0000] {logging_mixin.py:190} INFO - [2024-08-25T00:10:31.494+0000] {dag.py:3211} INFO - Sync 1 DAGs
[2024-08-25T00:10:31.586+0000] {logging_mixin.py:190} INFO - [2024-08-25T00:10:31.585+0000] {dag.py:4138} INFO - Setting next_dagrun for example_kubernetes_executor to None, run_after=None
[2024-08-25T00:10:31.774+0000] {processor.py:208} INFO - Processing /home/airflow/.local/lib/python3.12/site-packages/airflow/example_dags/example_kubernetes_executor.py took 0.867 seconds
[2024-08-25T00:11:02.242+0000] {processor.py:186} INFO - Started process (PID=669) to work on /home/airflow/.local/lib/python3.12/site-packages/airflow/example_dags/example_kubernetes_executor.py
[2024-08-25T00:11:02.245+0000] {processor.py:914} INFO - Processing file /home/airflow/.local/lib/python3.12/site-packages/airflow/example_dags/example_kubernetes_executor.py for tasks to queue
[2024-08-25T00:11:02.263+0000] {logging_mixin.py:190} INFO - [2024-08-25T00:11:02.257+0000] {dagbag.py:587} INFO - Filling up the DagBag from /home/airflow/.local/lib/python3.12/site-packages/airflow/example_dags/example_kubernetes_executor.py
[2024-08-25T00:11:02.374+0000] {processor.py:925} INFO - DAG(s) 'example_kubernetes_executor' retrieved from /home/airflow/.local/lib/python3.12/site-packages/airflow/example_dags/example_kubernetes_executor.py
[2024-08-25T00:11:02.741+0000] {logging_mixin.py:190} INFO - [2024-08-25T00:11:02.739+0000] {dag.py:3211} INFO - Sync 1 DAGs
[2024-08-25T00:11:02.834+0000] {logging_mixin.py:190} INFO - [2024-08-25T00:11:02.834+0000] {dag.py:4138} INFO - Setting next_dagrun for example_kubernetes_executor to None, run_after=None
[2024-08-25T00:11:02.909+0000] {processor.py:208} INFO - Processing /home/airflow/.local/lib/python3.12/site-packages/airflow/example_dags/example_kubernetes_executor.py took 0.706 seconds
[2024-08-25T00:11:33.262+0000] {processor.py:186} INFO - Started process (PID=732) to work on /home/airflow/.local/lib/python3.12/site-packages/airflow/example_dags/example_kubernetes_executor.py
[2024-08-25T00:11:33.267+0000] {processor.py:914} INFO - Processing file /home/airflow/.local/lib/python3.12/site-packages/airflow/example_dags/example_kubernetes_executor.py for tasks to queue
[2024-08-25T00:11:33.272+0000] {logging_mixin.py:190} INFO - [2024-08-25T00:11:33.272+0000] {dagbag.py:587} INFO - Filling up the DagBag from /home/airflow/.local/lib/python3.12/site-packages/airflow/example_dags/example_kubernetes_executor.py
[2024-08-25T00:11:33.320+0000] {processor.py:925} INFO - DAG(s) 'example_kubernetes_executor' retrieved from /home/airflow/.local/lib/python3.12/site-packages/airflow/example_dags/example_kubernetes_executor.py
[2024-08-25T00:11:33.405+0000] {logging_mixin.py:190} INFO - [2024-08-25T00:11:33.404+0000] {dag.py:3211} INFO - Sync 1 DAGs
[2024-08-25T00:11:33.446+0000] {logging_mixin.py:190} INFO - [2024-08-25T00:11:33.445+0000] {dag.py:4138} INFO - Setting next_dagrun for example_kubernetes_executor to None, run_after=None
[2024-08-25T00:11:33.482+0000] {processor.py:208} INFO - Processing /home/airflow/.local/lib/python3.12/site-packages/airflow/example_dags/example_kubernetes_executor.py took 0.239 seconds
[2024-08-25T00:12:04.802+0000] {processor.py:186} INFO - Started process (PID=796) to work on /home/airflow/.local/lib/python3.12/site-packages/airflow/example_dags/example_kubernetes_executor.py
[2024-08-25T00:12:04.804+0000] {processor.py:914} INFO - Processing file /home/airflow/.local/lib/python3.12/site-packages/airflow/example_dags/example_kubernetes_executor.py for tasks to queue
[2024-08-25T00:12:04.809+0000] {logging_mixin.py:190} INFO - [2024-08-25T00:12:04.809+0000] {dagbag.py:587} INFO - Filling up the DagBag from /home/airflow/.local/lib/python3.12/site-packages/airflow/example_dags/example_kubernetes_executor.py
[2024-08-25T00:12:04.852+0000] {processor.py:925} INFO - DAG(s) 'example_kubernetes_executor' retrieved from /home/airflow/.local/lib/python3.12/site-packages/airflow/example_dags/example_kubernetes_executor.py
[2024-08-25T00:12:04.958+0000] {logging_mixin.py:190} INFO - [2024-08-25T00:12:04.956+0000] {dag.py:3211} INFO - Sync 1 DAGs
[2024-08-25T00:12:04.999+0000] {logging_mixin.py:190} INFO - [2024-08-25T00:12:04.998+0000] {dag.py:4138} INFO - Setting next_dagrun for example_kubernetes_executor to None, run_after=None
[2024-08-25T00:12:05.044+0000] {processor.py:208} INFO - Processing /home/airflow/.local/lib/python3.12/site-packages/airflow/example_dags/example_kubernetes_executor.py took 0.257 seconds
[2024-08-25T00:12:35.388+0000] {processor.py:186} INFO - Started process (PID=859) to work on /home/airflow/.local/lib/python3.12/site-packages/airflow/example_dags/example_kubernetes_executor.py
[2024-08-25T00:12:35.390+0000] {processor.py:914} INFO - Processing file /home/airflow/.local/lib/python3.12/site-packages/airflow/example_dags/example_kubernetes_executor.py for tasks to queue
[2024-08-25T00:12:35.396+0000] {logging_mixin.py:190} INFO - [2024-08-25T00:12:35.395+0000] {dagbag.py:587} INFO - Filling up the DagBag from /home/airflow/.local/lib/python3.12/site-packages/airflow/example_dags/example_kubernetes_executor.py
[2024-08-25T00:12:35.438+0000] {processor.py:925} INFO - DAG(s) 'example_kubernetes_executor' retrieved from /home/airflow/.local/lib/python3.12/site-packages/airflow/example_dags/example_kubernetes_executor.py
[2024-08-25T00:12:35.536+0000] {logging_mixin.py:190} INFO - [2024-08-25T00:12:35.535+0000] {dag.py:3211} INFO - Sync 1 DAGs
[2024-08-25T00:12:35.575+0000] {logging_mixin.py:190} INFO - [2024-08-25T00:12:35.575+0000] {dag.py:4138} INFO - Setting next_dagrun for example_kubernetes_executor to None, run_after=None
[2024-08-25T00:12:35.617+0000] {processor.py:208} INFO - Processing /home/airflow/.local/lib/python3.12/site-packages/airflow/example_dags/example_kubernetes_executor.py took 0.243 seconds
[2024-08-25T00:13:07.117+0000] {processor.py:186} INFO - Started process (PID=922) to work on /home/airflow/.local/lib/python3.12/site-packages/airflow/example_dags/example_kubernetes_executor.py
[2024-08-25T00:13:07.119+0000] {processor.py:914} INFO - Processing file /home/airflow/.local/lib/python3.12/site-packages/airflow/example_dags/example_kubernetes_executor.py for tasks to queue
[2024-08-25T00:13:07.125+0000] {logging_mixin.py:190} INFO - [2024-08-25T00:13:07.124+0000] {dagbag.py:587} INFO - Filling up the DagBag from /home/airflow/.local/lib/python3.12/site-packages/airflow/example_dags/example_kubernetes_executor.py
[2024-08-25T00:13:07.167+0000] {processor.py:925} INFO - DAG(s) 'example_kubernetes_executor' retrieved from /home/airflow/.local/lib/python3.12/site-packages/airflow/example_dags/example_kubernetes_executor.py
[2024-08-25T00:13:07.289+0000] {logging_mixin.py:190} INFO - [2024-08-25T00:13:07.288+0000] {dag.py:3211} INFO - Sync 1 DAGs
[2024-08-25T00:13:07.337+0000] {logging_mixin.py:190} INFO - [2024-08-25T00:13:07.336+0000] {dag.py:4138} INFO - Setting next_dagrun for example_kubernetes_executor to None, run_after=None
[2024-08-25T00:13:07.390+0000] {processor.py:208} INFO - Processing /home/airflow/.local/lib/python3.12/site-packages/airflow/example_dags/example_kubernetes_executor.py took 0.292 seconds
[2024-08-25T00:13:39.084+0000] {processor.py:186} INFO - Started process (PID=985) to work on /home/airflow/.local/lib/python3.12/site-packages/airflow/example_dags/example_kubernetes_executor.py
[2024-08-25T00:13:39.086+0000] {processor.py:914} INFO - Processing file /home/airflow/.local/lib/python3.12/site-packages/airflow/example_dags/example_kubernetes_executor.py for tasks to queue
[2024-08-25T00:13:39.105+0000] {logging_mixin.py:190} INFO - [2024-08-25T00:13:39.104+0000] {dagbag.py:587} INFO - Filling up the DagBag from /home/airflow/.local/lib/python3.12/site-packages/airflow/example_dags/example_kubernetes_executor.py
[2024-08-25T00:13:39.193+0000] {processor.py:925} INFO - DAG(s) 'example_kubernetes_executor' retrieved from /home/airflow/.local/lib/python3.12/site-packages/airflow/example_dags/example_kubernetes_executor.py
[2024-08-25T00:13:39.401+0000] {logging_mixin.py:190} INFO - [2024-08-25T00:13:39.399+0000] {dag.py:3211} INFO - Sync 1 DAGs
[2024-08-25T00:13:39.494+0000] {logging_mixin.py:190} INFO - [2024-08-25T00:13:39.493+0000] {dag.py:4138} INFO - Setting next_dagrun for example_kubernetes_executor to None, run_after=None
[2024-08-25T00:13:39.661+0000] {processor.py:208} INFO - Processing /home/airflow/.local/lib/python3.12/site-packages/airflow/example_dags/example_kubernetes_executor.py took 0.608 seconds
[2024-08-25T00:14:10.096+0000] {processor.py:186} INFO - Started process (PID=1049) to work on /home/airflow/.local/lib/python3.12/site-packages/airflow/example_dags/example_kubernetes_executor.py
[2024-08-25T00:14:10.098+0000] {processor.py:914} INFO - Processing file /home/airflow/.local/lib/python3.12/site-packages/airflow/example_dags/example_kubernetes_executor.py for tasks to queue
[2024-08-25T00:14:10.103+0000] {logging_mixin.py:190} INFO - [2024-08-25T00:14:10.102+0000] {dagbag.py:587} INFO - Filling up the DagBag from /home/airflow/.local/lib/python3.12/site-packages/airflow/example_dags/example_kubernetes_executor.py
[2024-08-25T00:14:10.138+0000] {processor.py:925} INFO - DAG(s) 'example_kubernetes_executor' retrieved from /home/airflow/.local/lib/python3.12/site-packages/airflow/example_dags/example_kubernetes_executor.py
[2024-08-25T00:14:10.246+0000] {logging_mixin.py:190} INFO - [2024-08-25T00:14:10.245+0000] {dag.py:3211} INFO - Sync 1 DAGs
[2024-08-25T00:14:10.276+0000] {logging_mixin.py:190} INFO - [2024-08-25T00:14:10.276+0000] {dag.py:4138} INFO - Setting next_dagrun for example_kubernetes_executor to None, run_after=None
[2024-08-25T00:14:10.331+0000] {processor.py:208} INFO - Processing /home/airflow/.local/lib/python3.12/site-packages/airflow/example_dags/example_kubernetes_executor.py took 0.249 seconds
[2024-08-25T00:14:42.769+0000] {processor.py:186} INFO - Started process (PID=1113) to work on /home/airflow/.local/lib/python3.12/site-packages/airflow/example_dags/example_kubernetes_executor.py
[2024-08-25T00:14:42.781+0000] {processor.py:914} INFO - Processing file /home/airflow/.local/lib/python3.12/site-packages/airflow/example_dags/example_kubernetes_executor.py for tasks to queue
[2024-08-25T00:14:42.799+0000] {logging_mixin.py:190} INFO - [2024-08-25T00:14:42.798+0000] {dagbag.py:587} INFO - Filling up the DagBag from /home/airflow/.local/lib/python3.12/site-packages/airflow/example_dags/example_kubernetes_executor.py
[2024-08-25T00:14:42.948+0000] {processor.py:925} INFO - DAG(s) 'example_kubernetes_executor' retrieved from /home/airflow/.local/lib/python3.12/site-packages/airflow/example_dags/example_kubernetes_executor.py
[2024-08-25T00:14:43.317+0000] {logging_mixin.py:190} INFO - [2024-08-25T00:14:43.316+0000] {dag.py:3211} INFO - Sync 1 DAGs
[2024-08-25T00:14:43.445+0000] {logging_mixin.py:190} INFO - [2024-08-25T00:14:43.444+0000] {dag.py:4138} INFO - Setting next_dagrun for example_kubernetes_executor to None, run_after=None
[2024-08-25T00:14:43.618+0000] {processor.py:208} INFO - Processing /home/airflow/.local/lib/python3.12/site-packages/airflow/example_dags/example_kubernetes_executor.py took 0.897 seconds
[2024-08-25T00:15:18.367+0000] {processor.py:186} INFO - Started process (PID=1176) to work on /home/airflow/.local/lib/python3.12/site-packages/airflow/example_dags/example_kubernetes_executor.py
[2024-08-25T00:15:18.370+0000] {processor.py:914} INFO - Processing file /home/airflow/.local/lib/python3.12/site-packages/airflow/example_dags/example_kubernetes_executor.py for tasks to queue
[2024-08-25T00:15:18.383+0000] {logging_mixin.py:190} INFO - [2024-08-25T00:15:18.382+0000] {dagbag.py:587} INFO - Filling up the DagBag from /home/airflow/.local/lib/python3.12/site-packages/airflow/example_dags/example_kubernetes_executor.py
[2024-08-25T00:15:18.496+0000] {processor.py:925} INFO - DAG(s) 'example_kubernetes_executor' retrieved from /home/airflow/.local/lib/python3.12/site-packages/airflow/example_dags/example_kubernetes_executor.py
[2024-08-25T00:15:18.802+0000] {logging_mixin.py:190} INFO - [2024-08-25T00:15:18.800+0000] {dag.py:3211} INFO - Sync 1 DAGs
[2024-08-25T00:15:18.915+0000] {logging_mixin.py:190} INFO - [2024-08-25T00:15:18.905+0000] {dag.py:4138} INFO - Setting next_dagrun for example_kubernetes_executor to None, run_after=None
[2024-08-25T00:15:19.098+0000] {processor.py:208} INFO - Processing /home/airflow/.local/lib/python3.12/site-packages/airflow/example_dags/example_kubernetes_executor.py took 0.759 seconds
[2024-08-25T00:15:49.468+0000] {processor.py:186} INFO - Started process (PID=1240) to work on /home/airflow/.local/lib/python3.12/site-packages/airflow/example_dags/example_kubernetes_executor.py
[2024-08-25T00:15:49.473+0000] {processor.py:914} INFO - Processing file /home/airflow/.local/lib/python3.12/site-packages/airflow/example_dags/example_kubernetes_executor.py for tasks to queue
[2024-08-25T00:15:49.486+0000] {logging_mixin.py:190} INFO - [2024-08-25T00:15:49.485+0000] {dagbag.py:587} INFO - Filling up the DagBag from /home/airflow/.local/lib/python3.12/site-packages/airflow/example_dags/example_kubernetes_executor.py
[2024-08-25T00:15:49.580+0000] {processor.py:925} INFO - DAG(s) 'example_kubernetes_executor' retrieved from /home/airflow/.local/lib/python3.12/site-packages/airflow/example_dags/example_kubernetes_executor.py
[2024-08-25T00:15:49.752+0000] {logging_mixin.py:190} INFO - [2024-08-25T00:15:49.750+0000] {dag.py:3211} INFO - Sync 1 DAGs
[2024-08-25T00:15:49.920+0000] {logging_mixin.py:190} INFO - [2024-08-25T00:15:49.920+0000] {dag.py:4138} INFO - Setting next_dagrun for example_kubernetes_executor to None, run_after=None
[2024-08-25T00:15:50.047+0000] {processor.py:208} INFO - Processing /home/airflow/.local/lib/python3.12/site-packages/airflow/example_dags/example_kubernetes_executor.py took 0.611 seconds
[2024-08-25T00:16:21.020+0000] {processor.py:186} INFO - Started process (PID=1304) to work on /home/airflow/.local/lib/python3.12/site-packages/airflow/example_dags/example_kubernetes_executor.py
[2024-08-25T00:16:21.028+0000] {processor.py:914} INFO - Processing file /home/airflow/.local/lib/python3.12/site-packages/airflow/example_dags/example_kubernetes_executor.py for tasks to queue
[2024-08-25T00:16:21.047+0000] {logging_mixin.py:190} INFO - [2024-08-25T00:16:21.046+0000] {dagbag.py:587} INFO - Filling up the DagBag from /home/airflow/.local/lib/python3.12/site-packages/airflow/example_dags/example_kubernetes_executor.py
[2024-08-25T00:16:21.131+0000] {processor.py:925} INFO - DAG(s) 'example_kubernetes_executor' retrieved from /home/airflow/.local/lib/python3.12/site-packages/airflow/example_dags/example_kubernetes_executor.py
[2024-08-25T00:16:21.531+0000] {logging_mixin.py:190} INFO - [2024-08-25T00:16:21.529+0000] {dag.py:3211} INFO - Sync 1 DAGs
[2024-08-25T00:16:21.754+0000] {logging_mixin.py:190} INFO - [2024-08-25T00:16:21.753+0000] {dag.py:4138} INFO - Setting next_dagrun for example_kubernetes_executor to None, run_after=None
[2024-08-25T00:16:21.906+0000] {processor.py:208} INFO - Processing /home/airflow/.local/lib/python3.12/site-packages/airflow/example_dags/example_kubernetes_executor.py took 0.914 seconds
[2024-08-25T00:16:52.337+0000] {processor.py:186} INFO - Started process (PID=1367) to work on /home/airflow/.local/lib/python3.12/site-packages/airflow/example_dags/example_kubernetes_executor.py
[2024-08-25T00:16:52.341+0000] {processor.py:914} INFO - Processing file /home/airflow/.local/lib/python3.12/site-packages/airflow/example_dags/example_kubernetes_executor.py for tasks to queue
[2024-08-25T00:16:52.349+0000] {logging_mixin.py:190} INFO - [2024-08-25T00:16:52.349+0000] {dagbag.py:587} INFO - Filling up the DagBag from /home/airflow/.local/lib/python3.12/site-packages/airflow/example_dags/example_kubernetes_executor.py
[2024-08-25T00:16:52.432+0000] {processor.py:925} INFO - DAG(s) 'example_kubernetes_executor' retrieved from /home/airflow/.local/lib/python3.12/site-packages/airflow/example_dags/example_kubernetes_executor.py
[2024-08-25T00:16:52.713+0000] {logging_mixin.py:190} INFO - [2024-08-25T00:16:52.701+0000] {dag.py:3211} INFO - Sync 1 DAGs
[2024-08-25T00:16:52.912+0000] {logging_mixin.py:190} INFO - [2024-08-25T00:16:52.900+0000] {dag.py:4138} INFO - Setting next_dagrun for example_kubernetes_executor to None, run_after=None
[2024-08-25T00:16:53.150+0000] {processor.py:208} INFO - Processing /home/airflow/.local/lib/python3.12/site-packages/airflow/example_dags/example_kubernetes_executor.py took 0.837 seconds
[2024-08-25T00:17:23.775+0000] {processor.py:186} INFO - Started process (PID=1430) to work on /home/airflow/.local/lib/python3.12/site-packages/airflow/example_dags/example_kubernetes_executor.py
[2024-08-25T00:17:23.790+0000] {processor.py:914} INFO - Processing file /home/airflow/.local/lib/python3.12/site-packages/airflow/example_dags/example_kubernetes_executor.py for tasks to queue
[2024-08-25T00:17:23.807+0000] {logging_mixin.py:190} INFO - [2024-08-25T00:17:23.806+0000] {dagbag.py:587} INFO - Filling up the DagBag from /home/airflow/.local/lib/python3.12/site-packages/airflow/example_dags/example_kubernetes_executor.py
[2024-08-25T00:17:23.963+0000] {processor.py:925} INFO - DAG(s) 'example_kubernetes_executor' retrieved from /home/airflow/.local/lib/python3.12/site-packages/airflow/example_dags/example_kubernetes_executor.py
[2024-08-25T00:17:24.330+0000] {logging_mixin.py:190} INFO - [2024-08-25T00:17:24.329+0000] {dag.py:3211} INFO - Sync 1 DAGs
[2024-08-25T00:17:24.425+0000] {logging_mixin.py:190} INFO - [2024-08-25T00:17:24.424+0000] {dag.py:4138} INFO - Setting next_dagrun for example_kubernetes_executor to None, run_after=None
[2024-08-25T00:17:24.587+0000] {processor.py:208} INFO - Processing /home/airflow/.local/lib/python3.12/site-packages/airflow/example_dags/example_kubernetes_executor.py took 0.871 seconds
[2024-08-25T00:17:57.041+0000] {processor.py:186} INFO - Started process (PID=1493) to work on /home/airflow/.local/lib/python3.12/site-packages/airflow/example_dags/example_kubernetes_executor.py
[2024-08-25T00:17:57.044+0000] {processor.py:914} INFO - Processing file /home/airflow/.local/lib/python3.12/site-packages/airflow/example_dags/example_kubernetes_executor.py for tasks to queue
[2024-08-25T00:17:57.052+0000] {logging_mixin.py:190} INFO - [2024-08-25T00:17:57.051+0000] {dagbag.py:587} INFO - Filling up the DagBag from /home/airflow/.local/lib/python3.12/site-packages/airflow/example_dags/example_kubernetes_executor.py
[2024-08-25T00:17:57.128+0000] {processor.py:925} INFO - DAG(s) 'example_kubernetes_executor' retrieved from /home/airflow/.local/lib/python3.12/site-packages/airflow/example_dags/example_kubernetes_executor.py
[2024-08-25T00:17:57.274+0000] {logging_mixin.py:190} INFO - [2024-08-25T00:17:57.273+0000] {dag.py:3211} INFO - Sync 1 DAGs
[2024-08-25T00:17:57.325+0000] {logging_mixin.py:190} INFO - [2024-08-25T00:17:57.324+0000] {dag.py:4138} INFO - Setting next_dagrun for example_kubernetes_executor to None, run_after=None
[2024-08-25T00:17:57.409+0000] {processor.py:208} INFO - Processing /home/airflow/.local/lib/python3.12/site-packages/airflow/example_dags/example_kubernetes_executor.py took 0.389 seconds
[2024-08-25T00:18:29.059+0000] {processor.py:186} INFO - Started process (PID=1556) to work on /home/airflow/.local/lib/python3.12/site-packages/airflow/example_dags/example_kubernetes_executor.py
[2024-08-25T00:18:29.062+0000] {processor.py:914} INFO - Processing file /home/airflow/.local/lib/python3.12/site-packages/airflow/example_dags/example_kubernetes_executor.py for tasks to queue
[2024-08-25T00:18:29.072+0000] {logging_mixin.py:190} INFO - [2024-08-25T00:18:29.071+0000] {dagbag.py:587} INFO - Filling up the DagBag from /home/airflow/.local/lib/python3.12/site-packages/airflow/example_dags/example_kubernetes_executor.py
[2024-08-25T00:18:29.157+0000] {processor.py:925} INFO - DAG(s) 'example_kubernetes_executor' retrieved from /home/airflow/.local/lib/python3.12/site-packages/airflow/example_dags/example_kubernetes_executor.py
[2024-08-25T00:18:29.414+0000] {logging_mixin.py:190} INFO - [2024-08-25T00:18:29.413+0000] {dag.py:3211} INFO - Sync 1 DAGs
[2024-08-25T00:18:29.511+0000] {logging_mixin.py:190} INFO - [2024-08-25T00:18:29.504+0000] {dag.py:4138} INFO - Setting next_dagrun for example_kubernetes_executor to None, run_after=None
[2024-08-25T00:18:29.594+0000] {processor.py:208} INFO - Processing /home/airflow/.local/lib/python3.12/site-packages/airflow/example_dags/example_kubernetes_executor.py took 0.559 seconds
[2024-08-25T00:18:59.701+0000] {processor.py:186} INFO - Started process (PID=1618) to work on /home/airflow/.local/lib/python3.12/site-packages/airflow/example_dags/example_kubernetes_executor.py
[2024-08-25T00:18:59.703+0000] {processor.py:914} INFO - Processing file /home/airflow/.local/lib/python3.12/site-packages/airflow/example_dags/example_kubernetes_executor.py for tasks to queue
[2024-08-25T00:18:59.709+0000] {logging_mixin.py:190} INFO - [2024-08-25T00:18:59.708+0000] {dagbag.py:587} INFO - Filling up the DagBag from /home/airflow/.local/lib/python3.12/site-packages/airflow/example_dags/example_kubernetes_executor.py
[2024-08-25T00:18:59.762+0000] {processor.py:925} INFO - DAG(s) 'example_kubernetes_executor' retrieved from /home/airflow/.local/lib/python3.12/site-packages/airflow/example_dags/example_kubernetes_executor.py
[2024-08-25T00:18:59.929+0000] {logging_mixin.py:190} INFO - [2024-08-25T00:18:59.928+0000] {dag.py:3211} INFO - Sync 1 DAGs
[2024-08-25T00:19:00.070+0000] {logging_mixin.py:190} INFO - [2024-08-25T00:19:00.070+0000] {dag.py:4138} INFO - Setting next_dagrun for example_kubernetes_executor to None, run_after=None
[2024-08-25T00:19:00.204+0000] {processor.py:208} INFO - Processing /home/airflow/.local/lib/python3.12/site-packages/airflow/example_dags/example_kubernetes_executor.py took 0.522 seconds
[2024-08-25T00:19:30.735+0000] {processor.py:186} INFO - Started process (PID=1681) to work on /home/airflow/.local/lib/python3.12/site-packages/airflow/example_dags/example_kubernetes_executor.py
[2024-08-25T00:19:30.738+0000] {processor.py:914} INFO - Processing file /home/airflow/.local/lib/python3.12/site-packages/airflow/example_dags/example_kubernetes_executor.py for tasks to queue
[2024-08-25T00:19:30.746+0000] {logging_mixin.py:190} INFO - [2024-08-25T00:19:30.745+0000] {dagbag.py:587} INFO - Filling up the DagBag from /home/airflow/.local/lib/python3.12/site-packages/airflow/example_dags/example_kubernetes_executor.py
[2024-08-25T00:19:30.784+0000] {processor.py:925} INFO - DAG(s) 'example_kubernetes_executor' retrieved from /home/airflow/.local/lib/python3.12/site-packages/airflow/example_dags/example_kubernetes_executor.py
[2024-08-25T00:19:30.895+0000] {logging_mixin.py:190} INFO - [2024-08-25T00:19:30.894+0000] {dag.py:3211} INFO - Sync 1 DAGs
[2024-08-25T00:19:30.936+0000] {logging_mixin.py:190} INFO - [2024-08-25T00:19:30.935+0000] {dag.py:4138} INFO - Setting next_dagrun for example_kubernetes_executor to None, run_after=None
[2024-08-25T00:19:30.979+0000] {processor.py:208} INFO - Processing /home/airflow/.local/lib/python3.12/site-packages/airflow/example_dags/example_kubernetes_executor.py took 0.261 seconds
[2024-08-25T00:20:01.409+0000] {processor.py:186} INFO - Started process (PID=1744) to work on /home/airflow/.local/lib/python3.12/site-packages/airflow/example_dags/example_kubernetes_executor.py
[2024-08-25T00:20:01.412+0000] {processor.py:914} INFO - Processing file /home/airflow/.local/lib/python3.12/site-packages/airflow/example_dags/example_kubernetes_executor.py for tasks to queue
[2024-08-25T00:20:01.423+0000] {logging_mixin.py:190} INFO - [2024-08-25T00:20:01.420+0000] {dagbag.py:587} INFO - Filling up the DagBag from /home/airflow/.local/lib/python3.12/site-packages/airflow/example_dags/example_kubernetes_executor.py
[2024-08-25T00:20:01.482+0000] {processor.py:925} INFO - DAG(s) 'example_kubernetes_executor' retrieved from /home/airflow/.local/lib/python3.12/site-packages/airflow/example_dags/example_kubernetes_executor.py
[2024-08-25T00:20:01.577+0000] {logging_mixin.py:190} INFO - [2024-08-25T00:20:01.576+0000] {dag.py:3211} INFO - Sync 1 DAGs
[2024-08-25T00:20:01.637+0000] {logging_mixin.py:190} INFO - [2024-08-25T00:20:01.637+0000] {dag.py:4138} INFO - Setting next_dagrun for example_kubernetes_executor to None, run_after=None
[2024-08-25T00:20:01.691+0000] {processor.py:208} INFO - Processing /home/airflow/.local/lib/python3.12/site-packages/airflow/example_dags/example_kubernetes_executor.py took 0.317 seconds
[2024-08-25T00:20:33.321+0000] {processor.py:186} INFO - Started process (PID=1808) to work on /home/airflow/.local/lib/python3.12/site-packages/airflow/example_dags/example_kubernetes_executor.py
[2024-08-25T00:20:33.323+0000] {processor.py:914} INFO - Processing file /home/airflow/.local/lib/python3.12/site-packages/airflow/example_dags/example_kubernetes_executor.py for tasks to queue
[2024-08-25T00:20:33.330+0000] {logging_mixin.py:190} INFO - [2024-08-25T00:20:33.328+0000] {dagbag.py:587} INFO - Filling up the DagBag from /home/airflow/.local/lib/python3.12/site-packages/airflow/example_dags/example_kubernetes_executor.py
[2024-08-25T00:20:33.406+0000] {processor.py:925} INFO - DAG(s) 'example_kubernetes_executor' retrieved from /home/airflow/.local/lib/python3.12/site-packages/airflow/example_dags/example_kubernetes_executor.py
[2024-08-25T00:20:33.668+0000] {logging_mixin.py:190} INFO - [2024-08-25T00:20:33.656+0000] {dag.py:3211} INFO - Sync 1 DAGs
[2024-08-25T00:20:33.780+0000] {logging_mixin.py:190} INFO - [2024-08-25T00:20:33.779+0000] {dag.py:4138} INFO - Setting next_dagrun for example_kubernetes_executor to None, run_after=None
[2024-08-25T00:20:33.879+0000] {processor.py:208} INFO - Processing /home/airflow/.local/lib/python3.12/site-packages/airflow/example_dags/example_kubernetes_executor.py took 0.578 seconds
[2024-08-25T00:21:07.052+0000] {processor.py:186} INFO - Started process (PID=1871) to work on /home/airflow/.local/lib/python3.12/site-packages/airflow/example_dags/example_kubernetes_executor.py
[2024-08-25T00:21:07.072+0000] {processor.py:914} INFO - Processing file /home/airflow/.local/lib/python3.12/site-packages/airflow/example_dags/example_kubernetes_executor.py for tasks to queue
[2024-08-25T00:21:07.103+0000] {logging_mixin.py:190} INFO - [2024-08-25T00:21:07.102+0000] {dagbag.py:587} INFO - Filling up the DagBag from /home/airflow/.local/lib/python3.12/site-packages/airflow/example_dags/example_kubernetes_executor.py
[2024-08-25T00:21:07.320+0000] {processor.py:925} INFO - DAG(s) 'example_kubernetes_executor' retrieved from /home/airflow/.local/lib/python3.12/site-packages/airflow/example_dags/example_kubernetes_executor.py
[2024-08-25T00:21:07.854+0000] {logging_mixin.py:190} INFO - [2024-08-25T00:21:07.853+0000] {dag.py:3211} INFO - Sync 1 DAGs
[2024-08-25T00:21:08.008+0000] {logging_mixin.py:190} INFO - [2024-08-25T00:21:08.008+0000] {dag.py:4138} INFO - Setting next_dagrun for example_kubernetes_executor to None, run_after=None
[2024-08-25T00:21:08.148+0000] {processor.py:208} INFO - Processing /home/airflow/.local/lib/python3.12/site-packages/airflow/example_dags/example_kubernetes_executor.py took 1.153 seconds
[2024-08-25T00:26:35.204+0000] {processor.py:186} INFO - Started process (PID=103) to work on /home/airflow/.local/lib/python3.12/site-packages/airflow/example_dags/example_kubernetes_executor.py
[2024-08-25T00:26:35.209+0000] {processor.py:914} INFO - Processing file /home/airflow/.local/lib/python3.12/site-packages/airflow/example_dags/example_kubernetes_executor.py for tasks to queue
[2024-08-25T00:26:35.237+0000] {logging_mixin.py:190} INFO - [2024-08-25T00:26:35.236+0000] {dagbag.py:587} INFO - Filling up the DagBag from /home/airflow/.local/lib/python3.12/site-packages/airflow/example_dags/example_kubernetes_executor.py
[2024-08-25T00:26:35.556+0000] {processor.py:925} INFO - DAG(s) 'example_kubernetes_executor' retrieved from /home/airflow/.local/lib/python3.12/site-packages/airflow/example_dags/example_kubernetes_executor.py
[2024-08-25T00:26:36.253+0000] {logging_mixin.py:190} INFO - [2024-08-25T00:26:36.247+0000] {dag.py:3211} INFO - Sync 1 DAGs
[2024-08-25T00:26:36.408+0000] {logging_mixin.py:190} INFO - [2024-08-25T00:26:36.407+0000] {dag.py:4138} INFO - Setting next_dagrun for example_kubernetes_executor to None, run_after=None
[2024-08-25T00:26:36.608+0000] {processor.py:208} INFO - Processing /home/airflow/.local/lib/python3.12/site-packages/airflow/example_dags/example_kubernetes_executor.py took 1.468 seconds
[2024-08-25T00:27:33.909+0000] {processor.py:186} INFO - Started process (PID=172) to work on /home/airflow/.local/lib/python3.12/site-packages/airflow/example_dags/example_kubernetes_executor.py
[2024-08-25T00:27:33.924+0000] {processor.py:914} INFO - Processing file /home/airflow/.local/lib/python3.12/site-packages/airflow/example_dags/example_kubernetes_executor.py for tasks to queue
[2024-08-25T00:27:33.948+0000] {logging_mixin.py:190} INFO - [2024-08-25T00:27:33.947+0000] {dagbag.py:587} INFO - Filling up the DagBag from /home/airflow/.local/lib/python3.12/site-packages/airflow/example_dags/example_kubernetes_executor.py
[2024-08-25T00:27:34.279+0000] {processor.py:925} INFO - DAG(s) 'example_kubernetes_executor' retrieved from /home/airflow/.local/lib/python3.12/site-packages/airflow/example_dags/example_kubernetes_executor.py
[2024-08-25T00:27:35.203+0000] {logging_mixin.py:190} INFO - [2024-08-25T00:27:35.202+0000] {dag.py:3211} INFO - Sync 1 DAGs
[2024-08-25T00:27:35.371+0000] {logging_mixin.py:190} INFO - [2024-08-25T00:27:35.369+0000] {dag.py:4138} INFO - Setting next_dagrun for example_kubernetes_executor to None, run_after=None
[2024-08-25T00:27:35.589+0000] {processor.py:208} INFO - Processing /home/airflow/.local/lib/python3.12/site-packages/airflow/example_dags/example_kubernetes_executor.py took 1.757 seconds
[2024-08-25T00:28:22.516+0000] {processor.py:186} INFO - Started process (PID=235) to work on /home/airflow/.local/lib/python3.12/site-packages/airflow/example_dags/example_kubernetes_executor.py
[2024-08-25T00:28:22.529+0000] {processor.py:914} INFO - Processing file /home/airflow/.local/lib/python3.12/site-packages/airflow/example_dags/example_kubernetes_executor.py for tasks to queue
[2024-08-25T00:28:22.550+0000] {logging_mixin.py:190} INFO - [2024-08-25T00:28:22.544+0000] {dagbag.py:587} INFO - Filling up the DagBag from /home/airflow/.local/lib/python3.12/site-packages/airflow/example_dags/example_kubernetes_executor.py
[2024-08-25T00:28:22.706+0000] {processor.py:925} INFO - DAG(s) 'example_kubernetes_executor' retrieved from /home/airflow/.local/lib/python3.12/site-packages/airflow/example_dags/example_kubernetes_executor.py
[2024-08-25T00:28:23.026+0000] {logging_mixin.py:190} INFO - [2024-08-25T00:28:23.024+0000] {dag.py:3211} INFO - Sync 1 DAGs
[2024-08-25T00:28:23.144+0000] {logging_mixin.py:190} INFO - [2024-08-25T00:28:23.143+0000] {dag.py:4138} INFO - Setting next_dagrun for example_kubernetes_executor to None, run_after=None
[2024-08-25T00:28:23.340+0000] {processor.py:208} INFO - Processing /home/airflow/.local/lib/python3.12/site-packages/airflow/example_dags/example_kubernetes_executor.py took 0.868 seconds
[2024-08-25T00:28:55.501+0000] {processor.py:186} INFO - Started process (PID=294) to work on /home/airflow/.local/lib/python3.12/site-packages/airflow/example_dags/example_kubernetes_executor.py
[2024-08-25T00:28:55.512+0000] {processor.py:914} INFO - Processing file /home/airflow/.local/lib/python3.12/site-packages/airflow/example_dags/example_kubernetes_executor.py for tasks to queue
[2024-08-25T00:28:55.543+0000] {logging_mixin.py:190} INFO - [2024-08-25T00:28:55.542+0000] {dagbag.py:587} INFO - Filling up the DagBag from /home/airflow/.local/lib/python3.12/site-packages/airflow/example_dags/example_kubernetes_executor.py
[2024-08-25T00:28:55.683+0000] {processor.py:925} INFO - DAG(s) 'example_kubernetes_executor' retrieved from /home/airflow/.local/lib/python3.12/site-packages/airflow/example_dags/example_kubernetes_executor.py
[2024-08-25T00:28:55.886+0000] {logging_mixin.py:190} INFO - [2024-08-25T00:28:55.884+0000] {dag.py:3211} INFO - Sync 1 DAGs
[2024-08-25T00:28:55.973+0000] {logging_mixin.py:190} INFO - [2024-08-25T00:28:55.973+0000] {dag.py:4138} INFO - Setting next_dagrun for example_kubernetes_executor to None, run_after=None
[2024-08-25T00:28:56.104+0000] {processor.py:208} INFO - Processing /home/airflow/.local/lib/python3.12/site-packages/airflow/example_dags/example_kubernetes_executor.py took 0.647 seconds
[2024-08-25T00:29:26.337+0000] {processor.py:186} INFO - Started process (PID=359) to work on /home/airflow/.local/lib/python3.12/site-packages/airflow/example_dags/example_kubernetes_executor.py
[2024-08-25T00:29:26.341+0000] {processor.py:914} INFO - Processing file /home/airflow/.local/lib/python3.12/site-packages/airflow/example_dags/example_kubernetes_executor.py for tasks to queue
[2024-08-25T00:29:26.350+0000] {logging_mixin.py:190} INFO - [2024-08-25T00:29:26.349+0000] {dagbag.py:587} INFO - Filling up the DagBag from /home/airflow/.local/lib/python3.12/site-packages/airflow/example_dags/example_kubernetes_executor.py
[2024-08-25T00:29:26.396+0000] {processor.py:925} INFO - DAG(s) 'example_kubernetes_executor' retrieved from /home/airflow/.local/lib/python3.12/site-packages/airflow/example_dags/example_kubernetes_executor.py
[2024-08-25T00:29:26.493+0000] {logging_mixin.py:190} INFO - [2024-08-25T00:29:26.492+0000] {dag.py:3211} INFO - Sync 1 DAGs
[2024-08-25T00:29:26.539+0000] {logging_mixin.py:190} INFO - [2024-08-25T00:29:26.538+0000] {dag.py:4138} INFO - Setting next_dagrun for example_kubernetes_executor to None, run_after=None
[2024-08-25T00:29:26.585+0000] {processor.py:208} INFO - Processing /home/airflow/.local/lib/python3.12/site-packages/airflow/example_dags/example_kubernetes_executor.py took 0.267 seconds
[2024-08-25T00:29:58.980+0000] {processor.py:186} INFO - Started process (PID=420) to work on /home/airflow/.local/lib/python3.12/site-packages/airflow/example_dags/example_kubernetes_executor.py
[2024-08-25T00:29:58.983+0000] {processor.py:914} INFO - Processing file /home/airflow/.local/lib/python3.12/site-packages/airflow/example_dags/example_kubernetes_executor.py for tasks to queue
[2024-08-25T00:29:59.001+0000] {logging_mixin.py:190} INFO - [2024-08-25T00:29:59.000+0000] {dagbag.py:587} INFO - Filling up the DagBag from /home/airflow/.local/lib/python3.12/site-packages/airflow/example_dags/example_kubernetes_executor.py
[2024-08-25T00:29:59.069+0000] {processor.py:925} INFO - DAG(s) 'example_kubernetes_executor' retrieved from /home/airflow/.local/lib/python3.12/site-packages/airflow/example_dags/example_kubernetes_executor.py
[2024-08-25T00:29:59.198+0000] {logging_mixin.py:190} INFO - [2024-08-25T00:29:59.196+0000] {dag.py:3211} INFO - Sync 1 DAGs
[2024-08-25T00:29:59.249+0000] {logging_mixin.py:190} INFO - [2024-08-25T00:29:59.249+0000] {dag.py:4138} INFO - Setting next_dagrun for example_kubernetes_executor to None, run_after=None
[2024-08-25T00:29:59.302+0000] {processor.py:208} INFO - Processing /home/airflow/.local/lib/python3.12/site-packages/airflow/example_dags/example_kubernetes_executor.py took 0.352 seconds
[2024-08-25T00:30:37.776+0000] {processor.py:186} INFO - Started process (PID=483) to work on /home/airflow/.local/lib/python3.12/site-packages/airflow/example_dags/example_kubernetes_executor.py
[2024-08-25T00:30:37.779+0000] {processor.py:914} INFO - Processing file /home/airflow/.local/lib/python3.12/site-packages/airflow/example_dags/example_kubernetes_executor.py for tasks to queue
[2024-08-25T00:30:37.787+0000] {logging_mixin.py:190} INFO - [2024-08-25T00:30:37.786+0000] {dagbag.py:587} INFO - Filling up the DagBag from /home/airflow/.local/lib/python3.12/site-packages/airflow/example_dags/example_kubernetes_executor.py
[2024-08-25T00:30:37.851+0000] {processor.py:925} INFO - DAG(s) 'example_kubernetes_executor' retrieved from /home/airflow/.local/lib/python3.12/site-packages/airflow/example_dags/example_kubernetes_executor.py
[2024-08-25T00:30:38.212+0000] {logging_mixin.py:190} INFO - [2024-08-25T00:30:38.210+0000] {dag.py:3211} INFO - Sync 1 DAGs
[2024-08-25T00:30:38.271+0000] {logging_mixin.py:190} INFO - [2024-08-25T00:30:38.271+0000] {dag.py:4138} INFO - Setting next_dagrun for example_kubernetes_executor to None, run_after=None
[2024-08-25T00:30:38.395+0000] {processor.py:208} INFO - Processing /home/airflow/.local/lib/python3.12/site-packages/airflow/example_dags/example_kubernetes_executor.py took 0.651 seconds
[2024-08-25T00:31:09.504+0000] {processor.py:186} INFO - Started process (PID=547) to work on /home/airflow/.local/lib/python3.12/site-packages/airflow/example_dags/example_kubernetes_executor.py
[2024-08-25T00:31:09.531+0000] {processor.py:914} INFO - Processing file /home/airflow/.local/lib/python3.12/site-packages/airflow/example_dags/example_kubernetes_executor.py for tasks to queue
[2024-08-25T00:31:09.565+0000] {logging_mixin.py:190} INFO - [2024-08-25T00:31:09.565+0000] {dagbag.py:587} INFO - Filling up the DagBag from /home/airflow/.local/lib/python3.12/site-packages/airflow/example_dags/example_kubernetes_executor.py
[2024-08-25T00:31:09.728+0000] {processor.py:925} INFO - DAG(s) 'example_kubernetes_executor' retrieved from /home/airflow/.local/lib/python3.12/site-packages/airflow/example_dags/example_kubernetes_executor.py
[2024-08-25T00:31:10.054+0000] {logging_mixin.py:190} INFO - [2024-08-25T00:31:10.051+0000] {dag.py:3211} INFO - Sync 1 DAGs
[2024-08-25T00:31:10.140+0000] {logging_mixin.py:190} INFO - [2024-08-25T00:31:10.139+0000] {dag.py:4138} INFO - Setting next_dagrun for example_kubernetes_executor to None, run_after=None
[2024-08-25T00:31:10.403+0000] {processor.py:208} INFO - Processing /home/airflow/.local/lib/python3.12/site-packages/airflow/example_dags/example_kubernetes_executor.py took 0.924 seconds
[2024-08-25T00:31:58.022+0000] {processor.py:186} INFO - Started process (PID=606) to work on /home/airflow/.local/lib/python3.12/site-packages/airflow/example_dags/example_kubernetes_executor.py
[2024-08-25T00:31:58.030+0000] {processor.py:914} INFO - Processing file /home/airflow/.local/lib/python3.12/site-packages/airflow/example_dags/example_kubernetes_executor.py for tasks to queue
[2024-08-25T00:31:58.116+0000] {logging_mixin.py:190} INFO - [2024-08-25T00:31:58.115+0000] {dagbag.py:587} INFO - Filling up the DagBag from /home/airflow/.local/lib/python3.12/site-packages/airflow/example_dags/example_kubernetes_executor.py
[2024-08-25T00:31:58.402+0000] {processor.py:925} INFO - DAG(s) 'example_kubernetes_executor' retrieved from /home/airflow/.local/lib/python3.12/site-packages/airflow/example_dags/example_kubernetes_executor.py
[2024-08-25T00:31:58.838+0000] {logging_mixin.py:190} INFO - [2024-08-25T00:31:58.837+0000] {dag.py:3211} INFO - Sync 1 DAGs
[2024-08-25T00:31:58.955+0000] {logging_mixin.py:190} INFO - [2024-08-25T00:31:58.955+0000] {dag.py:4138} INFO - Setting next_dagrun for example_kubernetes_executor to None, run_after=None
[2024-08-25T00:31:59.112+0000] {processor.py:208} INFO - Processing /home/airflow/.local/lib/python3.12/site-packages/airflow/example_dags/example_kubernetes_executor.py took 1.156 seconds
[2024-08-25T00:32:30.452+0000] {processor.py:186} INFO - Started process (PID=669) to work on /home/airflow/.local/lib/python3.12/site-packages/airflow/example_dags/example_kubernetes_executor.py
[2024-08-25T00:32:30.462+0000] {processor.py:914} INFO - Processing file /home/airflow/.local/lib/python3.12/site-packages/airflow/example_dags/example_kubernetes_executor.py for tasks to queue
[2024-08-25T00:32:30.486+0000] {logging_mixin.py:190} INFO - [2024-08-25T00:32:30.485+0000] {dagbag.py:587} INFO - Filling up the DagBag from /home/airflow/.local/lib/python3.12/site-packages/airflow/example_dags/example_kubernetes_executor.py
[2024-08-25T00:32:30.720+0000] {processor.py:925} INFO - DAG(s) 'example_kubernetes_executor' retrieved from /home/airflow/.local/lib/python3.12/site-packages/airflow/example_dags/example_kubernetes_executor.py
[2024-08-25T00:32:31.535+0000] {logging_mixin.py:190} INFO - [2024-08-25T00:32:31.506+0000] {dag.py:3211} INFO - Sync 1 DAGs
[2024-08-25T00:32:31.721+0000] {logging_mixin.py:190} INFO - [2024-08-25T00:32:31.721+0000] {dag.py:4138} INFO - Setting next_dagrun for example_kubernetes_executor to None, run_after=None
[2024-08-25T00:32:32.008+0000] {processor.py:208} INFO - Processing /home/airflow/.local/lib/python3.12/site-packages/airflow/example_dags/example_kubernetes_executor.py took 1.593 seconds
[2024-08-25T00:33:26.412+0000] {processor.py:186} INFO - Started process (PID=745) to work on /home/airflow/.local/lib/python3.12/site-packages/airflow/example_dags/example_kubernetes_executor.py
[2024-08-25T00:33:26.426+0000] {processor.py:914} INFO - Processing file /home/airflow/.local/lib/python3.12/site-packages/airflow/example_dags/example_kubernetes_executor.py for tasks to queue
[2024-08-25T00:33:26.459+0000] {logging_mixin.py:190} INFO - [2024-08-25T00:33:26.459+0000] {dagbag.py:587} INFO - Filling up the DagBag from /home/airflow/.local/lib/python3.12/site-packages/airflow/example_dags/example_kubernetes_executor.py
[2024-08-25T00:33:26.613+0000] {processor.py:925} INFO - DAG(s) 'example_kubernetes_executor' retrieved from /home/airflow/.local/lib/python3.12/site-packages/airflow/example_dags/example_kubernetes_executor.py
[2024-08-25T00:33:27.152+0000] {logging_mixin.py:190} INFO - [2024-08-25T00:33:27.150+0000] {dag.py:3211} INFO - Sync 1 DAGs
[2024-08-25T00:33:27.429+0000] {logging_mixin.py:190} INFO - [2024-08-25T00:33:27.429+0000] {dag.py:4138} INFO - Setting next_dagrun for example_kubernetes_executor to None, run_after=None
[2024-08-25T00:33:27.841+0000] {processor.py:208} INFO - Processing /home/airflow/.local/lib/python3.12/site-packages/airflow/example_dags/example_kubernetes_executor.py took 1.566 seconds
[2024-08-25T00:34:15.872+0000] {processor.py:186} INFO - Started process (PID=814) to work on /home/airflow/.local/lib/python3.12/site-packages/airflow/example_dags/example_kubernetes_executor.py
[2024-08-25T00:34:15.892+0000] {processor.py:914} INFO - Processing file /home/airflow/.local/lib/python3.12/site-packages/airflow/example_dags/example_kubernetes_executor.py for tasks to queue
[2024-08-25T00:34:15.912+0000] {logging_mixin.py:190} INFO - [2024-08-25T00:34:15.908+0000] {dagbag.py:587} INFO - Filling up the DagBag from /home/airflow/.local/lib/python3.12/site-packages/airflow/example_dags/example_kubernetes_executor.py
[2024-08-25T00:34:16.123+0000] {processor.py:925} INFO - DAG(s) 'example_kubernetes_executor' retrieved from /home/airflow/.local/lib/python3.12/site-packages/airflow/example_dags/example_kubernetes_executor.py
[2024-08-25T00:34:16.542+0000] {logging_mixin.py:190} INFO - [2024-08-25T00:34:16.540+0000] {dag.py:3211} INFO - Sync 1 DAGs
[2024-08-25T00:34:16.728+0000] {logging_mixin.py:190} INFO - [2024-08-25T00:34:16.727+0000] {dag.py:4138} INFO - Setting next_dagrun for example_kubernetes_executor to None, run_after=None
[2024-08-25T00:34:16.916+0000] {processor.py:208} INFO - Processing /home/airflow/.local/lib/python3.12/site-packages/airflow/example_dags/example_kubernetes_executor.py took 1.110 seconds
[2024-08-25T00:34:49.475+0000] {processor.py:186} INFO - Started process (PID=875) to work on /home/airflow/.local/lib/python3.12/site-packages/airflow/example_dags/example_kubernetes_executor.py
[2024-08-25T00:34:49.478+0000] {processor.py:914} INFO - Processing file /home/airflow/.local/lib/python3.12/site-packages/airflow/example_dags/example_kubernetes_executor.py for tasks to queue
[2024-08-25T00:34:49.507+0000] {logging_mixin.py:190} INFO - [2024-08-25T00:34:49.496+0000] {dagbag.py:587} INFO - Filling up the DagBag from /home/airflow/.local/lib/python3.12/site-packages/airflow/example_dags/example_kubernetes_executor.py
[2024-08-25T00:34:49.662+0000] {processor.py:925} INFO - DAG(s) 'example_kubernetes_executor' retrieved from /home/airflow/.local/lib/python3.12/site-packages/airflow/example_dags/example_kubernetes_executor.py
[2024-08-25T00:34:50.014+0000] {logging_mixin.py:190} INFO - [2024-08-25T00:34:50.012+0000] {dag.py:3211} INFO - Sync 1 DAGs
[2024-08-25T00:34:50.165+0000] {logging_mixin.py:190} INFO - [2024-08-25T00:34:50.163+0000] {dag.py:4138} INFO - Setting next_dagrun for example_kubernetes_executor to None, run_after=None
[2024-08-25T00:34:50.312+0000] {processor.py:208} INFO - Processing /home/airflow/.local/lib/python3.12/site-packages/airflow/example_dags/example_kubernetes_executor.py took 0.891 seconds
[2024-08-25T00:35:20.695+0000] {processor.py:186} INFO - Started process (PID=937) to work on /home/airflow/.local/lib/python3.12/site-packages/airflow/example_dags/example_kubernetes_executor.py
[2024-08-25T00:35:20.699+0000] {processor.py:914} INFO - Processing file /home/airflow/.local/lib/python3.12/site-packages/airflow/example_dags/example_kubernetes_executor.py for tasks to queue
[2024-08-25T00:35:20.711+0000] {logging_mixin.py:190} INFO - [2024-08-25T00:35:20.710+0000] {dagbag.py:587} INFO - Filling up the DagBag from /home/airflow/.local/lib/python3.12/site-packages/airflow/example_dags/example_kubernetes_executor.py
[2024-08-25T00:35:20.815+0000] {processor.py:925} INFO - DAG(s) 'example_kubernetes_executor' retrieved from /home/airflow/.local/lib/python3.12/site-packages/airflow/example_dags/example_kubernetes_executor.py
[2024-08-25T00:35:21.277+0000] {logging_mixin.py:190} INFO - [2024-08-25T00:35:21.275+0000] {dag.py:3211} INFO - Sync 1 DAGs
[2024-08-25T00:35:21.418+0000] {logging_mixin.py:190} INFO - [2024-08-25T00:35:21.418+0000] {dag.py:4138} INFO - Setting next_dagrun for example_kubernetes_executor to None, run_after=None
[2024-08-25T00:35:21.531+0000] {processor.py:208} INFO - Processing /home/airflow/.local/lib/python3.12/site-packages/airflow/example_dags/example_kubernetes_executor.py took 0.862 seconds
[2024-08-25T00:35:56.203+0000] {processor.py:186} INFO - Started process (PID=1000) to work on /home/airflow/.local/lib/python3.12/site-packages/airflow/example_dags/example_kubernetes_executor.py
[2024-08-25T00:35:56.224+0000] {processor.py:914} INFO - Processing file /home/airflow/.local/lib/python3.12/site-packages/airflow/example_dags/example_kubernetes_executor.py for tasks to queue
[2024-08-25T00:35:56.249+0000] {logging_mixin.py:190} INFO - [2024-08-25T00:35:56.248+0000] {dagbag.py:587} INFO - Filling up the DagBag from /home/airflow/.local/lib/python3.12/site-packages/airflow/example_dags/example_kubernetes_executor.py
[2024-08-25T00:35:56.382+0000] {processor.py:925} INFO - DAG(s) 'example_kubernetes_executor' retrieved from /home/airflow/.local/lib/python3.12/site-packages/airflow/example_dags/example_kubernetes_executor.py
[2024-08-25T00:35:56.711+0000] {logging_mixin.py:190} INFO - [2024-08-25T00:35:56.710+0000] {dag.py:3211} INFO - Sync 1 DAGs
[2024-08-25T00:35:56.795+0000] {logging_mixin.py:190} INFO - [2024-08-25T00:35:56.794+0000] {dag.py:4138} INFO - Setting next_dagrun for example_kubernetes_executor to None, run_after=None
[2024-08-25T00:35:56.866+0000] {processor.py:208} INFO - Processing /home/airflow/.local/lib/python3.12/site-packages/airflow/example_dags/example_kubernetes_executor.py took 0.702 seconds
[2024-08-25T00:36:28.947+0000] {processor.py:186} INFO - Started process (PID=1063) to work on /home/airflow/.local/lib/python3.12/site-packages/airflow/example_dags/example_kubernetes_executor.py
[2024-08-25T00:36:28.954+0000] {processor.py:914} INFO - Processing file /home/airflow/.local/lib/python3.12/site-packages/airflow/example_dags/example_kubernetes_executor.py for tasks to queue
[2024-08-25T00:36:28.964+0000] {logging_mixin.py:190} INFO - [2024-08-25T00:36:28.963+0000] {dagbag.py:587} INFO - Filling up the DagBag from /home/airflow/.local/lib/python3.12/site-packages/airflow/example_dags/example_kubernetes_executor.py
[2024-08-25T00:36:29.043+0000] {processor.py:925} INFO - DAG(s) 'example_kubernetes_executor' retrieved from /home/airflow/.local/lib/python3.12/site-packages/airflow/example_dags/example_kubernetes_executor.py
[2024-08-25T00:36:29.414+0000] {logging_mixin.py:190} INFO - [2024-08-25T00:36:29.412+0000] {dag.py:3211} INFO - Sync 1 DAGs
[2024-08-25T00:36:29.516+0000] {logging_mixin.py:190} INFO - [2024-08-25T00:36:29.515+0000] {dag.py:4138} INFO - Setting next_dagrun for example_kubernetes_executor to None, run_after=None
[2024-08-25T00:36:29.604+0000] {processor.py:208} INFO - Processing /home/airflow/.local/lib/python3.12/site-packages/airflow/example_dags/example_kubernetes_executor.py took 0.677 seconds
[2024-08-25T00:37:00.752+0000] {processor.py:186} INFO - Started process (PID=1127) to work on /home/airflow/.local/lib/python3.12/site-packages/airflow/example_dags/example_kubernetes_executor.py
[2024-08-25T00:37:00.755+0000] {processor.py:914} INFO - Processing file /home/airflow/.local/lib/python3.12/site-packages/airflow/example_dags/example_kubernetes_executor.py for tasks to queue
[2024-08-25T00:37:00.764+0000] {logging_mixin.py:190} INFO - [2024-08-25T00:37:00.763+0000] {dagbag.py:587} INFO - Filling up the DagBag from /home/airflow/.local/lib/python3.12/site-packages/airflow/example_dags/example_kubernetes_executor.py
[2024-08-25T00:37:00.874+0000] {processor.py:925} INFO - DAG(s) 'example_kubernetes_executor' retrieved from /home/airflow/.local/lib/python3.12/site-packages/airflow/example_dags/example_kubernetes_executor.py
[2024-08-25T00:37:01.293+0000] {logging_mixin.py:190} INFO - [2024-08-25T00:37:01.291+0000] {dag.py:3211} INFO - Sync 1 DAGs
[2024-08-25T00:37:01.346+0000] {logging_mixin.py:190} INFO - [2024-08-25T00:37:01.345+0000] {dag.py:4138} INFO - Setting next_dagrun for example_kubernetes_executor to None, run_after=None
[2024-08-25T00:37:01.407+0000] {processor.py:208} INFO - Processing /home/airflow/.local/lib/python3.12/site-packages/airflow/example_dags/example_kubernetes_executor.py took 0.680 seconds
[2024-08-25T00:37:32.229+0000] {processor.py:186} INFO - Started process (PID=1189) to work on /home/airflow/.local/lib/python3.12/site-packages/airflow/example_dags/example_kubernetes_executor.py
[2024-08-25T00:37:32.233+0000] {processor.py:914} INFO - Processing file /home/airflow/.local/lib/python3.12/site-packages/airflow/example_dags/example_kubernetes_executor.py for tasks to queue
[2024-08-25T00:37:32.238+0000] {logging_mixin.py:190} INFO - [2024-08-25T00:37:32.237+0000] {dagbag.py:587} INFO - Filling up the DagBag from /home/airflow/.local/lib/python3.12/site-packages/airflow/example_dags/example_kubernetes_executor.py
[2024-08-25T00:37:32.294+0000] {processor.py:925} INFO - DAG(s) 'example_kubernetes_executor' retrieved from /home/airflow/.local/lib/python3.12/site-packages/airflow/example_dags/example_kubernetes_executor.py
[2024-08-25T00:37:32.415+0000] {logging_mixin.py:190} INFO - [2024-08-25T00:37:32.413+0000] {dag.py:3211} INFO - Sync 1 DAGs
[2024-08-25T00:37:32.508+0000] {logging_mixin.py:190} INFO - [2024-08-25T00:37:32.507+0000] {dag.py:4138} INFO - Setting next_dagrun for example_kubernetes_executor to None, run_after=None
[2024-08-25T00:37:32.560+0000] {processor.py:208} INFO - Processing /home/airflow/.local/lib/python3.12/site-packages/airflow/example_dags/example_kubernetes_executor.py took 0.355 seconds
[2024-08-25T00:38:02.807+0000] {processor.py:186} INFO - Started process (PID=1251) to work on /home/airflow/.local/lib/python3.12/site-packages/airflow/example_dags/example_kubernetes_executor.py
[2024-08-25T00:38:02.810+0000] {processor.py:914} INFO - Processing file /home/airflow/.local/lib/python3.12/site-packages/airflow/example_dags/example_kubernetes_executor.py for tasks to queue
[2024-08-25T00:38:02.823+0000] {logging_mixin.py:190} INFO - [2024-08-25T00:38:02.822+0000] {dagbag.py:587} INFO - Filling up the DagBag from /home/airflow/.local/lib/python3.12/site-packages/airflow/example_dags/example_kubernetes_executor.py
[2024-08-25T00:38:02.918+0000] {processor.py:925} INFO - DAG(s) 'example_kubernetes_executor' retrieved from /home/airflow/.local/lib/python3.12/site-packages/airflow/example_dags/example_kubernetes_executor.py
[2024-08-25T00:38:03.132+0000] {logging_mixin.py:190} INFO - [2024-08-25T00:38:03.129+0000] {dag.py:3211} INFO - Sync 1 DAGs
[2024-08-25T00:38:03.184+0000] {logging_mixin.py:190} INFO - [2024-08-25T00:38:03.183+0000] {dag.py:4138} INFO - Setting next_dagrun for example_kubernetes_executor to None, run_after=None
[2024-08-25T00:38:03.240+0000] {processor.py:208} INFO - Processing /home/airflow/.local/lib/python3.12/site-packages/airflow/example_dags/example_kubernetes_executor.py took 0.471 seconds
[2024-08-25T00:38:37.591+0000] {processor.py:186} INFO - Started process (PID=1311) to work on /home/airflow/.local/lib/python3.12/site-packages/airflow/example_dags/example_kubernetes_executor.py
[2024-08-25T00:38:37.595+0000] {processor.py:914} INFO - Processing file /home/airflow/.local/lib/python3.12/site-packages/airflow/example_dags/example_kubernetes_executor.py for tasks to queue
[2024-08-25T00:38:37.599+0000] {logging_mixin.py:190} INFO - [2024-08-25T00:38:37.598+0000] {dagbag.py:587} INFO - Filling up the DagBag from /home/airflow/.local/lib/python3.12/site-packages/airflow/example_dags/example_kubernetes_executor.py
[2024-08-25T00:38:37.723+0000] {processor.py:925} INFO - DAG(s) 'example_kubernetes_executor' retrieved from /home/airflow/.local/lib/python3.12/site-packages/airflow/example_dags/example_kubernetes_executor.py
[2024-08-25T00:38:38.317+0000] {logging_mixin.py:190} INFO - [2024-08-25T00:38:38.309+0000] {dag.py:3211} INFO - Sync 1 DAGs
[2024-08-25T00:38:38.431+0000] {logging_mixin.py:190} INFO - [2024-08-25T00:38:38.427+0000] {dag.py:4138} INFO - Setting next_dagrun for example_kubernetes_executor to None, run_after=None
[2024-08-25T00:38:38.568+0000] {processor.py:208} INFO - Processing /home/airflow/.local/lib/python3.12/site-packages/airflow/example_dags/example_kubernetes_executor.py took 1.056 seconds
[2024-08-25T00:39:09.861+0000] {processor.py:186} INFO - Started process (PID=1380) to work on /home/airflow/.local/lib/python3.12/site-packages/airflow/example_dags/example_kubernetes_executor.py
[2024-08-25T00:39:09.882+0000] {processor.py:914} INFO - Processing file /home/airflow/.local/lib/python3.12/site-packages/airflow/example_dags/example_kubernetes_executor.py for tasks to queue
[2024-08-25T00:39:09.888+0000] {logging_mixin.py:190} INFO - [2024-08-25T00:39:09.887+0000] {dagbag.py:587} INFO - Filling up the DagBag from /home/airflow/.local/lib/python3.12/site-packages/airflow/example_dags/example_kubernetes_executor.py
[2024-08-25T00:39:10.063+0000] {processor.py:925} INFO - DAG(s) 'example_kubernetes_executor' retrieved from /home/airflow/.local/lib/python3.12/site-packages/airflow/example_dags/example_kubernetes_executor.py
[2024-08-25T00:39:10.478+0000] {logging_mixin.py:190} INFO - [2024-08-25T00:39:10.476+0000] {dag.py:3211} INFO - Sync 1 DAGs
[2024-08-25T00:39:10.564+0000] {logging_mixin.py:190} INFO - [2024-08-25T00:39:10.564+0000] {dag.py:4138} INFO - Setting next_dagrun for example_kubernetes_executor to None, run_after=None
[2024-08-25T00:39:10.785+0000] {processor.py:208} INFO - Processing /home/airflow/.local/lib/python3.12/site-packages/airflow/example_dags/example_kubernetes_executor.py took 0.967 seconds
[2024-08-25T00:39:41.101+0000] {processor.py:186} INFO - Started process (PID=1442) to work on /home/airflow/.local/lib/python3.12/site-packages/airflow/example_dags/example_kubernetes_executor.py
[2024-08-25T00:39:41.103+0000] {processor.py:914} INFO - Processing file /home/airflow/.local/lib/python3.12/site-packages/airflow/example_dags/example_kubernetes_executor.py for tasks to queue
[2024-08-25T00:39:41.107+0000] {logging_mixin.py:190} INFO - [2024-08-25T00:39:41.106+0000] {dagbag.py:587} INFO - Filling up the DagBag from /home/airflow/.local/lib/python3.12/site-packages/airflow/example_dags/example_kubernetes_executor.py
[2024-08-25T00:39:41.146+0000] {processor.py:925} INFO - DAG(s) 'example_kubernetes_executor' retrieved from /home/airflow/.local/lib/python3.12/site-packages/airflow/example_dags/example_kubernetes_executor.py
[2024-08-25T00:39:41.247+0000] {logging_mixin.py:190} INFO - [2024-08-25T00:39:41.246+0000] {dag.py:3211} INFO - Sync 1 DAGs
[2024-08-25T00:39:41.282+0000] {logging_mixin.py:190} INFO - [2024-08-25T00:39:41.281+0000] {dag.py:4138} INFO - Setting next_dagrun for example_kubernetes_executor to None, run_after=None
[2024-08-25T00:39:41.329+0000] {processor.py:208} INFO - Processing /home/airflow/.local/lib/python3.12/site-packages/airflow/example_dags/example_kubernetes_executor.py took 0.248 seconds
[2024-08-25T00:40:11.462+0000] {processor.py:186} INFO - Started process (PID=1503) to work on /home/airflow/.local/lib/python3.12/site-packages/airflow/example_dags/example_kubernetes_executor.py
[2024-08-25T00:40:11.478+0000] {processor.py:914} INFO - Processing file /home/airflow/.local/lib/python3.12/site-packages/airflow/example_dags/example_kubernetes_executor.py for tasks to queue
[2024-08-25T00:40:11.483+0000] {logging_mixin.py:190} INFO - [2024-08-25T00:40:11.482+0000] {dagbag.py:587} INFO - Filling up the DagBag from /home/airflow/.local/lib/python3.12/site-packages/airflow/example_dags/example_kubernetes_executor.py
[2024-08-25T00:40:11.589+0000] {processor.py:925} INFO - DAG(s) 'example_kubernetes_executor' retrieved from /home/airflow/.local/lib/python3.12/site-packages/airflow/example_dags/example_kubernetes_executor.py
[2024-08-25T00:40:11.756+0000] {logging_mixin.py:190} INFO - [2024-08-25T00:40:11.754+0000] {dag.py:3211} INFO - Sync 1 DAGs
[2024-08-25T00:40:11.824+0000] {logging_mixin.py:190} INFO - [2024-08-25T00:40:11.823+0000] {dag.py:4138} INFO - Setting next_dagrun for example_kubernetes_executor to None, run_after=None
[2024-08-25T00:40:12.038+0000] {processor.py:208} INFO - Processing /home/airflow/.local/lib/python3.12/site-packages/airflow/example_dags/example_kubernetes_executor.py took 0.609 seconds
[2024-08-25T00:40:42.261+0000] {processor.py:186} INFO - Started process (PID=1565) to work on /home/airflow/.local/lib/python3.12/site-packages/airflow/example_dags/example_kubernetes_executor.py
[2024-08-25T00:40:42.263+0000] {processor.py:914} INFO - Processing file /home/airflow/.local/lib/python3.12/site-packages/airflow/example_dags/example_kubernetes_executor.py for tasks to queue
[2024-08-25T00:40:42.266+0000] {logging_mixin.py:190} INFO - [2024-08-25T00:40:42.266+0000] {dagbag.py:587} INFO - Filling up the DagBag from /home/airflow/.local/lib/python3.12/site-packages/airflow/example_dags/example_kubernetes_executor.py
[2024-08-25T00:40:42.325+0000] {processor.py:925} INFO - DAG(s) 'example_kubernetes_executor' retrieved from /home/airflow/.local/lib/python3.12/site-packages/airflow/example_dags/example_kubernetes_executor.py
[2024-08-25T00:40:42.420+0000] {logging_mixin.py:190} INFO - [2024-08-25T00:40:42.419+0000] {dag.py:3211} INFO - Sync 1 DAGs
[2024-08-25T00:40:42.453+0000] {logging_mixin.py:190} INFO - [2024-08-25T00:40:42.453+0000] {dag.py:4138} INFO - Setting next_dagrun for example_kubernetes_executor to None, run_after=None
[2024-08-25T00:40:42.492+0000] {processor.py:208} INFO - Processing /home/airflow/.local/lib/python3.12/site-packages/airflow/example_dags/example_kubernetes_executor.py took 0.244 seconds
[2024-08-25T00:41:13.936+0000] {processor.py:186} INFO - Started process (PID=1627) to work on /home/airflow/.local/lib/python3.12/site-packages/airflow/example_dags/example_kubernetes_executor.py
[2024-08-25T00:41:13.950+0000] {processor.py:914} INFO - Processing file /home/airflow/.local/lib/python3.12/site-packages/airflow/example_dags/example_kubernetes_executor.py for tasks to queue
[2024-08-25T00:41:13.988+0000] {logging_mixin.py:190} INFO - [2024-08-25T00:41:13.987+0000] {dagbag.py:587} INFO - Filling up the DagBag from /home/airflow/.local/lib/python3.12/site-packages/airflow/example_dags/example_kubernetes_executor.py
[2024-08-25T00:41:14.154+0000] {processor.py:925} INFO - DAG(s) 'example_kubernetes_executor' retrieved from /home/airflow/.local/lib/python3.12/site-packages/airflow/example_dags/example_kubernetes_executor.py
[2024-08-25T00:41:14.713+0000] {logging_mixin.py:190} INFO - [2024-08-25T00:41:14.711+0000] {dag.py:3211} INFO - Sync 1 DAGs
[2024-08-25T00:41:14.882+0000] {logging_mixin.py:190} INFO - [2024-08-25T00:41:14.882+0000] {dag.py:4138} INFO - Setting next_dagrun for example_kubernetes_executor to None, run_after=None
[2024-08-25T00:41:15.141+0000] {processor.py:208} INFO - Processing /home/airflow/.local/lib/python3.12/site-packages/airflow/example_dags/example_kubernetes_executor.py took 1.274 seconds
[2024-08-25T00:41:45.328+0000] {processor.py:186} INFO - Started process (PID=1690) to work on /home/airflow/.local/lib/python3.12/site-packages/airflow/example_dags/example_kubernetes_executor.py
[2024-08-25T00:41:45.337+0000] {processor.py:914} INFO - Processing file /home/airflow/.local/lib/python3.12/site-packages/airflow/example_dags/example_kubernetes_executor.py for tasks to queue
[2024-08-25T00:41:45.344+0000] {logging_mixin.py:190} INFO - [2024-08-25T00:41:45.341+0000] {dagbag.py:587} INFO - Filling up the DagBag from /home/airflow/.local/lib/python3.12/site-packages/airflow/example_dags/example_kubernetes_executor.py
[2024-08-25T00:41:45.434+0000] {processor.py:925} INFO - DAG(s) 'example_kubernetes_executor' retrieved from /home/airflow/.local/lib/python3.12/site-packages/airflow/example_dags/example_kubernetes_executor.py
[2024-08-25T00:41:45.584+0000] {logging_mixin.py:190} INFO - [2024-08-25T00:41:45.583+0000] {dag.py:3211} INFO - Sync 1 DAGs
[2024-08-25T00:41:45.628+0000] {logging_mixin.py:190} INFO - [2024-08-25T00:41:45.627+0000] {dag.py:4138} INFO - Setting next_dagrun for example_kubernetes_executor to None, run_after=None
[2024-08-25T00:41:45.672+0000] {processor.py:208} INFO - Processing /home/airflow/.local/lib/python3.12/site-packages/airflow/example_dags/example_kubernetes_executor.py took 0.362 seconds
