[2024-08-25T00:00:12.432+0000] {processor.py:186} INFO - Started process (PID=38530) to work on /home/airflow/.local/lib/python3.12/site-packages/airflow/example_dags/example_sensors.py
[2024-08-25T00:00:12.437+0000] {processor.py:914} INFO - Processing file /home/airflow/.local/lib/python3.12/site-packages/airflow/example_dags/example_sensors.py for tasks to queue
[2024-08-25T00:00:12.451+0000] {logging_mixin.py:190} INFO - [2024-08-25T00:00:12.451+0000] {dagbag.py:587} INFO - Filling up the DagBag from /home/airflow/.local/lib/python3.12/site-packages/airflow/example_dags/example_sensors.py
[2024-08-25T00:00:12.566+0000] {processor.py:925} INFO - DAG(s) 'example_sensors' retrieved from /home/airflow/.local/lib/python3.12/site-packages/airflow/example_dags/example_sensors.py
[2024-08-25T00:00:12.988+0000] {logging_mixin.py:190} INFO - [2024-08-25T00:00:12.988+0000] {dag.py:3211} INFO - Sync 1 DAGs
[2024-08-25T00:00:13.121+0000] {logging_mixin.py:190} INFO - [2024-08-25T00:00:13.121+0000] {dag.py:4138} INFO - Setting next_dagrun for example_sensors to None, run_after=None
[2024-08-25T00:00:13.308+0000] {processor.py:208} INFO - Processing /home/airflow/.local/lib/python3.12/site-packages/airflow/example_dags/example_sensors.py took 0.904 seconds
[2024-08-25T00:05:55.039+0000] {processor.py:186} INFO - Started process (PID=94) to work on /home/airflow/.local/lib/python3.12/site-packages/airflow/example_dags/example_sensors.py
[2024-08-25T00:05:55.044+0000] {processor.py:914} INFO - Processing file /home/airflow/.local/lib/python3.12/site-packages/airflow/example_dags/example_sensors.py for tasks to queue
[2024-08-25T00:05:55.050+0000] {logging_mixin.py:190} INFO - [2024-08-25T00:05:55.049+0000] {dagbag.py:587} INFO - Filling up the DagBag from /home/airflow/.local/lib/python3.12/site-packages/airflow/example_dags/example_sensors.py
[2024-08-25T00:05:55.123+0000] {processor.py:925} INFO - DAG(s) 'example_sensors' retrieved from /home/airflow/.local/lib/python3.12/site-packages/airflow/example_dags/example_sensors.py
[2024-08-25T00:05:55.357+0000] {logging_mixin.py:190} INFO - [2024-08-25T00:05:55.357+0000] {dag.py:3211} INFO - Sync 1 DAGs
[2024-08-25T00:05:55.447+0000] {logging_mixin.py:190} INFO - [2024-08-25T00:05:55.447+0000] {dag.py:4138} INFO - Setting next_dagrun for example_sensors to None, run_after=None
[2024-08-25T00:05:55.557+0000] {processor.py:208} INFO - Processing /home/airflow/.local/lib/python3.12/site-packages/airflow/example_dags/example_sensors.py took 0.545 seconds
[2024-08-25T00:06:36.983+0000] {processor.py:186} INFO - Started process (PID=162) to work on /home/airflow/.local/lib/python3.12/site-packages/airflow/example_dags/example_sensors.py
[2024-08-25T00:06:36.997+0000] {processor.py:914} INFO - Processing file /home/airflow/.local/lib/python3.12/site-packages/airflow/example_dags/example_sensors.py for tasks to queue
[2024-08-25T00:06:37.032+0000] {logging_mixin.py:190} INFO - [2024-08-25T00:06:37.031+0000] {dagbag.py:587} INFO - Filling up the DagBag from /home/airflow/.local/lib/python3.12/site-packages/airflow/example_dags/example_sensors.py
[2024-08-25T00:06:37.179+0000] {processor.py:925} INFO - DAG(s) 'example_sensors' retrieved from /home/airflow/.local/lib/python3.12/site-packages/airflow/example_dags/example_sensors.py
[2024-08-25T00:06:37.636+0000] {logging_mixin.py:190} INFO - [2024-08-25T00:06:37.636+0000] {dag.py:3211} INFO - Sync 1 DAGs
[2024-08-25T00:06:37.896+0000] {logging_mixin.py:190} INFO - [2024-08-25T00:06:37.896+0000] {dag.py:4138} INFO - Setting next_dagrun for example_sensors to None, run_after=None
[2024-08-25T00:06:38.118+0000] {processor.py:208} INFO - Processing /home/airflow/.local/lib/python3.12/site-packages/airflow/example_dags/example_sensors.py took 1.225 seconds
[2024-08-25T00:07:22.297+0000] {processor.py:186} INFO - Started process (PID=227) to work on /home/airflow/.local/lib/python3.12/site-packages/airflow/example_dags/example_sensors.py
[2024-08-25T00:07:22.299+0000] {processor.py:914} INFO - Processing file /home/airflow/.local/lib/python3.12/site-packages/airflow/example_dags/example_sensors.py for tasks to queue
[2024-08-25T00:07:22.311+0000] {logging_mixin.py:190} INFO - [2024-08-25T00:07:22.310+0000] {dagbag.py:587} INFO - Filling up the DagBag from /home/airflow/.local/lib/python3.12/site-packages/airflow/example_dags/example_sensors.py
[2024-08-25T00:07:22.407+0000] {processor.py:925} INFO - DAG(s) 'example_sensors' retrieved from /home/airflow/.local/lib/python3.12/site-packages/airflow/example_dags/example_sensors.py
[2024-08-25T00:07:22.662+0000] {logging_mixin.py:190} INFO - [2024-08-25T00:07:22.660+0000] {dag.py:3211} INFO - Sync 1 DAGs
[2024-08-25T00:07:22.768+0000] {logging_mixin.py:190} INFO - [2024-08-25T00:07:22.767+0000] {dag.py:4138} INFO - Setting next_dagrun for example_sensors to None, run_after=None
[2024-08-25T00:07:22.840+0000] {processor.py:208} INFO - Processing /home/airflow/.local/lib/python3.12/site-packages/airflow/example_dags/example_sensors.py took 0.578 seconds
[2024-08-25T00:07:56.003+0000] {processor.py:186} INFO - Started process (PID=289) to work on /home/airflow/.local/lib/python3.12/site-packages/airflow/example_dags/example_sensors.py
[2024-08-25T00:07:56.033+0000] {processor.py:914} INFO - Processing file /home/airflow/.local/lib/python3.12/site-packages/airflow/example_dags/example_sensors.py for tasks to queue
[2024-08-25T00:07:56.046+0000] {logging_mixin.py:190} INFO - [2024-08-25T00:07:56.045+0000] {dagbag.py:587} INFO - Filling up the DagBag from /home/airflow/.local/lib/python3.12/site-packages/airflow/example_dags/example_sensors.py
[2024-08-25T00:07:56.128+0000] {processor.py:925} INFO - DAG(s) 'example_sensors' retrieved from /home/airflow/.local/lib/python3.12/site-packages/airflow/example_dags/example_sensors.py
[2024-08-25T00:07:56.280+0000] {logging_mixin.py:190} INFO - [2024-08-25T00:07:56.279+0000] {dag.py:3211} INFO - Sync 1 DAGs
[2024-08-25T00:07:56.396+0000] {logging_mixin.py:190} INFO - [2024-08-25T00:07:56.395+0000] {dag.py:4138} INFO - Setting next_dagrun for example_sensors to None, run_after=None
[2024-08-25T00:07:56.533+0000] {processor.py:208} INFO - Processing /home/airflow/.local/lib/python3.12/site-packages/airflow/example_dags/example_sensors.py took 0.597 seconds
[2024-08-25T00:08:27.874+0000] {processor.py:186} INFO - Started process (PID=352) to work on /home/airflow/.local/lib/python3.12/site-packages/airflow/example_dags/example_sensors.py
[2024-08-25T00:08:27.889+0000] {processor.py:914} INFO - Processing file /home/airflow/.local/lib/python3.12/site-packages/airflow/example_dags/example_sensors.py for tasks to queue
[2024-08-25T00:08:27.896+0000] {logging_mixin.py:190} INFO - [2024-08-25T00:08:27.895+0000] {dagbag.py:587} INFO - Filling up the DagBag from /home/airflow/.local/lib/python3.12/site-packages/airflow/example_dags/example_sensors.py
[2024-08-25T00:08:28.019+0000] {processor.py:925} INFO - DAG(s) 'example_sensors' retrieved from /home/airflow/.local/lib/python3.12/site-packages/airflow/example_dags/example_sensors.py
[2024-08-25T00:08:28.221+0000] {logging_mixin.py:190} INFO - [2024-08-25T00:08:28.221+0000] {dag.py:3211} INFO - Sync 1 DAGs
[2024-08-25T00:08:28.284+0000] {logging_mixin.py:190} INFO - [2024-08-25T00:08:28.283+0000] {dag.py:4138} INFO - Setting next_dagrun for example_sensors to None, run_after=None
[2024-08-25T00:08:28.351+0000] {processor.py:208} INFO - Processing /home/airflow/.local/lib/python3.12/site-packages/airflow/example_dags/example_sensors.py took 0.544 seconds
[2024-08-25T00:08:58.578+0000] {processor.py:186} INFO - Started process (PID=415) to work on /home/airflow/.local/lib/python3.12/site-packages/airflow/example_dags/example_sensors.py
[2024-08-25T00:08:58.591+0000] {processor.py:914} INFO - Processing file /home/airflow/.local/lib/python3.12/site-packages/airflow/example_dags/example_sensors.py for tasks to queue
[2024-08-25T00:08:58.618+0000] {logging_mixin.py:190} INFO - [2024-08-25T00:08:58.617+0000] {dagbag.py:587} INFO - Filling up the DagBag from /home/airflow/.local/lib/python3.12/site-packages/airflow/example_dags/example_sensors.py
[2024-08-25T00:08:58.767+0000] {processor.py:925} INFO - DAG(s) 'example_sensors' retrieved from /home/airflow/.local/lib/python3.12/site-packages/airflow/example_dags/example_sensors.py
[2024-08-25T00:08:59.098+0000] {logging_mixin.py:190} INFO - [2024-08-25T00:08:59.098+0000] {dag.py:3211} INFO - Sync 1 DAGs
[2024-08-25T00:08:59.252+0000] {logging_mixin.py:190} INFO - [2024-08-25T00:08:59.240+0000] {dag.py:4138} INFO - Setting next_dagrun for example_sensors to None, run_after=None
[2024-08-25T00:08:59.656+0000] {processor.py:208} INFO - Processing /home/airflow/.local/lib/python3.12/site-packages/airflow/example_dags/example_sensors.py took 1.119 seconds
[2024-08-25T00:09:29.961+0000] {processor.py:186} INFO - Started process (PID=485) to work on /home/airflow/.local/lib/python3.12/site-packages/airflow/example_dags/example_sensors.py
[2024-08-25T00:09:29.968+0000] {processor.py:914} INFO - Processing file /home/airflow/.local/lib/python3.12/site-packages/airflow/example_dags/example_sensors.py for tasks to queue
[2024-08-25T00:09:29.976+0000] {logging_mixin.py:190} INFO - [2024-08-25T00:09:29.975+0000] {dagbag.py:587} INFO - Filling up the DagBag from /home/airflow/.local/lib/python3.12/site-packages/airflow/example_dags/example_sensors.py
[2024-08-25T00:09:30.013+0000] {processor.py:925} INFO - DAG(s) 'example_sensors' retrieved from /home/airflow/.local/lib/python3.12/site-packages/airflow/example_dags/example_sensors.py
[2024-08-25T00:09:30.079+0000] {logging_mixin.py:190} INFO - [2024-08-25T00:09:30.078+0000] {dag.py:3211} INFO - Sync 1 DAGs
[2024-08-25T00:09:30.174+0000] {logging_mixin.py:190} INFO - [2024-08-25T00:09:30.173+0000] {dag.py:4138} INFO - Setting next_dagrun for example_sensors to None, run_after=None
[2024-08-25T00:09:30.305+0000] {processor.py:208} INFO - Processing /home/airflow/.local/lib/python3.12/site-packages/airflow/example_dags/example_sensors.py took 0.378 seconds
[2024-08-25T00:10:01.232+0000] {processor.py:186} INFO - Started process (PID=548) to work on /home/airflow/.local/lib/python3.12/site-packages/airflow/example_dags/example_sensors.py
[2024-08-25T00:10:01.236+0000] {processor.py:914} INFO - Processing file /home/airflow/.local/lib/python3.12/site-packages/airflow/example_dags/example_sensors.py for tasks to queue
[2024-08-25T00:10:01.244+0000] {logging_mixin.py:190} INFO - [2024-08-25T00:10:01.243+0000] {dagbag.py:587} INFO - Filling up the DagBag from /home/airflow/.local/lib/python3.12/site-packages/airflow/example_dags/example_sensors.py
[2024-08-25T00:10:01.284+0000] {processor.py:925} INFO - DAG(s) 'example_sensors' retrieved from /home/airflow/.local/lib/python3.12/site-packages/airflow/example_dags/example_sensors.py
[2024-08-25T00:10:01.374+0000] {logging_mixin.py:190} INFO - [2024-08-25T00:10:01.374+0000] {dag.py:3211} INFO - Sync 1 DAGs
[2024-08-25T00:10:01.421+0000] {logging_mixin.py:190} INFO - [2024-08-25T00:10:01.420+0000] {dag.py:4138} INFO - Setting next_dagrun for example_sensors to None, run_after=None
[2024-08-25T00:10:01.474+0000] {processor.py:208} INFO - Processing /home/airflow/.local/lib/python3.12/site-packages/airflow/example_dags/example_sensors.py took 0.257 seconds
[2024-08-25T00:10:33.194+0000] {processor.py:186} INFO - Started process (PID=611) to work on /home/airflow/.local/lib/python3.12/site-packages/airflow/example_dags/example_sensors.py
[2024-08-25T00:10:33.210+0000] {processor.py:914} INFO - Processing file /home/airflow/.local/lib/python3.12/site-packages/airflow/example_dags/example_sensors.py for tasks to queue
[2024-08-25T00:10:33.246+0000] {logging_mixin.py:190} INFO - [2024-08-25T00:10:33.245+0000] {dagbag.py:587} INFO - Filling up the DagBag from /home/airflow/.local/lib/python3.12/site-packages/airflow/example_dags/example_sensors.py
[2024-08-25T00:10:33.401+0000] {processor.py:925} INFO - DAG(s) 'example_sensors' retrieved from /home/airflow/.local/lib/python3.12/site-packages/airflow/example_dags/example_sensors.py
[2024-08-25T00:10:33.680+0000] {logging_mixin.py:190} INFO - [2024-08-25T00:10:33.679+0000] {dag.py:3211} INFO - Sync 1 DAGs
[2024-08-25T00:10:33.820+0000] {logging_mixin.py:190} INFO - [2024-08-25T00:10:33.820+0000] {dag.py:4138} INFO - Setting next_dagrun for example_sensors to None, run_after=None
[2024-08-25T00:10:33.902+0000] {processor.py:208} INFO - Processing /home/airflow/.local/lib/python3.12/site-packages/airflow/example_dags/example_sensors.py took 0.758 seconds
[2024-08-25T00:11:04.559+0000] {processor.py:186} INFO - Started process (PID=673) to work on /home/airflow/.local/lib/python3.12/site-packages/airflow/example_dags/example_sensors.py
[2024-08-25T00:11:04.565+0000] {processor.py:914} INFO - Processing file /home/airflow/.local/lib/python3.12/site-packages/airflow/example_dags/example_sensors.py for tasks to queue
[2024-08-25T00:11:04.585+0000] {logging_mixin.py:190} INFO - [2024-08-25T00:11:04.584+0000] {dagbag.py:587} INFO - Filling up the DagBag from /home/airflow/.local/lib/python3.12/site-packages/airflow/example_dags/example_sensors.py
[2024-08-25T00:11:04.666+0000] {processor.py:925} INFO - DAG(s) 'example_sensors' retrieved from /home/airflow/.local/lib/python3.12/site-packages/airflow/example_dags/example_sensors.py
[2024-08-25T00:11:04.915+0000] {logging_mixin.py:190} INFO - [2024-08-25T00:11:04.914+0000] {dag.py:3211} INFO - Sync 1 DAGs
[2024-08-25T00:11:05.056+0000] {logging_mixin.py:190} INFO - [2024-08-25T00:11:05.056+0000] {dag.py:4138} INFO - Setting next_dagrun for example_sensors to None, run_after=None
[2024-08-25T00:11:05.135+0000] {processor.py:208} INFO - Processing /home/airflow/.local/lib/python3.12/site-packages/airflow/example_dags/example_sensors.py took 0.627 seconds
[2024-08-25T00:11:36.005+0000] {processor.py:186} INFO - Started process (PID=736) to work on /home/airflow/.local/lib/python3.12/site-packages/airflow/example_dags/example_sensors.py
[2024-08-25T00:11:36.008+0000] {processor.py:914} INFO - Processing file /home/airflow/.local/lib/python3.12/site-packages/airflow/example_dags/example_sensors.py for tasks to queue
[2024-08-25T00:11:36.016+0000] {logging_mixin.py:190} INFO - [2024-08-25T00:11:36.015+0000] {dagbag.py:587} INFO - Filling up the DagBag from /home/airflow/.local/lib/python3.12/site-packages/airflow/example_dags/example_sensors.py
[2024-08-25T00:11:36.046+0000] {processor.py:925} INFO - DAG(s) 'example_sensors' retrieved from /home/airflow/.local/lib/python3.12/site-packages/airflow/example_dags/example_sensors.py
[2024-08-25T00:11:36.111+0000] {logging_mixin.py:190} INFO - [2024-08-25T00:11:36.110+0000] {dag.py:3211} INFO - Sync 1 DAGs
[2024-08-25T00:11:36.158+0000] {logging_mixin.py:190} INFO - [2024-08-25T00:11:36.157+0000] {dag.py:4138} INFO - Setting next_dagrun for example_sensors to None, run_after=None
[2024-08-25T00:11:36.209+0000] {processor.py:208} INFO - Processing /home/airflow/.local/lib/python3.12/site-packages/airflow/example_dags/example_sensors.py took 0.221 seconds
[2024-08-25T00:12:06.508+0000] {processor.py:186} INFO - Started process (PID=800) to work on /home/airflow/.local/lib/python3.12/site-packages/airflow/example_dags/example_sensors.py
[2024-08-25T00:12:06.511+0000] {processor.py:914} INFO - Processing file /home/airflow/.local/lib/python3.12/site-packages/airflow/example_dags/example_sensors.py for tasks to queue
[2024-08-25T00:12:06.518+0000] {logging_mixin.py:190} INFO - [2024-08-25T00:12:06.517+0000] {dagbag.py:587} INFO - Filling up the DagBag from /home/airflow/.local/lib/python3.12/site-packages/airflow/example_dags/example_sensors.py
[2024-08-25T00:12:06.547+0000] {processor.py:925} INFO - DAG(s) 'example_sensors' retrieved from /home/airflow/.local/lib/python3.12/site-packages/airflow/example_dags/example_sensors.py
[2024-08-25T00:12:06.625+0000] {logging_mixin.py:190} INFO - [2024-08-25T00:12:06.624+0000] {dag.py:3211} INFO - Sync 1 DAGs
[2024-08-25T00:12:06.669+0000] {logging_mixin.py:190} INFO - [2024-08-25T00:12:06.668+0000] {dag.py:4138} INFO - Setting next_dagrun for example_sensors to None, run_after=None
[2024-08-25T00:12:06.722+0000] {processor.py:208} INFO - Processing /home/airflow/.local/lib/python3.12/site-packages/airflow/example_dags/example_sensors.py took 0.230 seconds
[2024-08-25T00:12:37.017+0000] {processor.py:186} INFO - Started process (PID=863) to work on /home/airflow/.local/lib/python3.12/site-packages/airflow/example_dags/example_sensors.py
[2024-08-25T00:12:37.027+0000] {processor.py:914} INFO - Processing file /home/airflow/.local/lib/python3.12/site-packages/airflow/example_dags/example_sensors.py for tasks to queue
[2024-08-25T00:12:37.035+0000] {logging_mixin.py:190} INFO - [2024-08-25T00:12:37.034+0000] {dagbag.py:587} INFO - Filling up the DagBag from /home/airflow/.local/lib/python3.12/site-packages/airflow/example_dags/example_sensors.py
[2024-08-25T00:12:37.091+0000] {processor.py:925} INFO - DAG(s) 'example_sensors' retrieved from /home/airflow/.local/lib/python3.12/site-packages/airflow/example_dags/example_sensors.py
[2024-08-25T00:12:37.165+0000] {logging_mixin.py:190} INFO - [2024-08-25T00:12:37.165+0000] {dag.py:3211} INFO - Sync 1 DAGs
[2024-08-25T00:12:37.211+0000] {logging_mixin.py:190} INFO - [2024-08-25T00:12:37.210+0000] {dag.py:4138} INFO - Setting next_dagrun for example_sensors to None, run_after=None
[2024-08-25T00:12:37.274+0000] {processor.py:208} INFO - Processing /home/airflow/.local/lib/python3.12/site-packages/airflow/example_dags/example_sensors.py took 0.279 seconds
[2024-08-25T00:13:07.789+0000] {processor.py:186} INFO - Started process (PID=926) to work on /home/airflow/.local/lib/python3.12/site-packages/airflow/example_dags/example_sensors.py
[2024-08-25T00:13:07.792+0000] {processor.py:914} INFO - Processing file /home/airflow/.local/lib/python3.12/site-packages/airflow/example_dags/example_sensors.py for tasks to queue
[2024-08-25T00:13:07.797+0000] {logging_mixin.py:190} INFO - [2024-08-25T00:13:07.796+0000] {dagbag.py:587} INFO - Filling up the DagBag from /home/airflow/.local/lib/python3.12/site-packages/airflow/example_dags/example_sensors.py
[2024-08-25T00:13:07.829+0000] {processor.py:925} INFO - DAG(s) 'example_sensors' retrieved from /home/airflow/.local/lib/python3.12/site-packages/airflow/example_dags/example_sensors.py
[2024-08-25T00:13:07.916+0000] {logging_mixin.py:190} INFO - [2024-08-25T00:13:07.915+0000] {dag.py:3211} INFO - Sync 1 DAGs
[2024-08-25T00:13:07.966+0000] {logging_mixin.py:190} INFO - [2024-08-25T00:13:07.966+0000] {dag.py:4138} INFO - Setting next_dagrun for example_sensors to None, run_after=None
[2024-08-25T00:13:08.012+0000] {processor.py:208} INFO - Processing /home/airflow/.local/lib/python3.12/site-packages/airflow/example_dags/example_sensors.py took 0.241 seconds
[2024-08-25T00:13:41.034+0000] {processor.py:186} INFO - Started process (PID=989) to work on /home/airflow/.local/lib/python3.12/site-packages/airflow/example_dags/example_sensors.py
[2024-08-25T00:13:41.040+0000] {processor.py:914} INFO - Processing file /home/airflow/.local/lib/python3.12/site-packages/airflow/example_dags/example_sensors.py for tasks to queue
[2024-08-25T00:13:41.047+0000] {logging_mixin.py:190} INFO - [2024-08-25T00:13:41.047+0000] {dagbag.py:587} INFO - Filling up the DagBag from /home/airflow/.local/lib/python3.12/site-packages/airflow/example_dags/example_sensors.py
[2024-08-25T00:13:41.113+0000] {processor.py:925} INFO - DAG(s) 'example_sensors' retrieved from /home/airflow/.local/lib/python3.12/site-packages/airflow/example_dags/example_sensors.py
[2024-08-25T00:13:41.357+0000] {logging_mixin.py:190} INFO - [2024-08-25T00:13:41.356+0000] {dag.py:3211} INFO - Sync 1 DAGs
[2024-08-25T00:13:42.279+0000] {logging_mixin.py:190} INFO - [2024-08-25T00:13:42.278+0000] {dag.py:4138} INFO - Setting next_dagrun for example_sensors to None, run_after=None
[2024-08-25T00:13:42.781+0000] {processor.py:208} INFO - Processing /home/airflow/.local/lib/python3.12/site-packages/airflow/example_dags/example_sensors.py took 1.767 seconds
[2024-08-25T00:14:13.700+0000] {processor.py:186} INFO - Started process (PID=1053) to work on /home/airflow/.local/lib/python3.12/site-packages/airflow/example_dags/example_sensors.py
[2024-08-25T00:14:13.702+0000] {processor.py:914} INFO - Processing file /home/airflow/.local/lib/python3.12/site-packages/airflow/example_dags/example_sensors.py for tasks to queue
[2024-08-25T00:14:13.707+0000] {logging_mixin.py:190} INFO - [2024-08-25T00:14:13.706+0000] {dagbag.py:587} INFO - Filling up the DagBag from /home/airflow/.local/lib/python3.12/site-packages/airflow/example_dags/example_sensors.py
[2024-08-25T00:14:13.732+0000] {processor.py:925} INFO - DAG(s) 'example_sensors' retrieved from /home/airflow/.local/lib/python3.12/site-packages/airflow/example_dags/example_sensors.py
[2024-08-25T00:14:13.790+0000] {logging_mixin.py:190} INFO - [2024-08-25T00:14:13.790+0000] {dag.py:3211} INFO - Sync 1 DAGs
[2024-08-25T00:14:13.821+0000] {logging_mixin.py:190} INFO - [2024-08-25T00:14:13.821+0000] {dag.py:4138} INFO - Setting next_dagrun for example_sensors to None, run_after=None
[2024-08-25T00:14:13.858+0000] {processor.py:208} INFO - Processing /home/airflow/.local/lib/python3.12/site-packages/airflow/example_dags/example_sensors.py took 0.170 seconds
[2024-08-25T00:14:45.018+0000] {processor.py:186} INFO - Started process (PID=1117) to work on /home/airflow/.local/lib/python3.12/site-packages/airflow/example_dags/example_sensors.py
[2024-08-25T00:14:45.020+0000] {processor.py:914} INFO - Processing file /home/airflow/.local/lib/python3.12/site-packages/airflow/example_dags/example_sensors.py for tasks to queue
[2024-08-25T00:14:45.037+0000] {logging_mixin.py:190} INFO - [2024-08-25T00:14:45.036+0000] {dagbag.py:587} INFO - Filling up the DagBag from /home/airflow/.local/lib/python3.12/site-packages/airflow/example_dags/example_sensors.py
[2024-08-25T00:14:45.142+0000] {processor.py:925} INFO - DAG(s) 'example_sensors' retrieved from /home/airflow/.local/lib/python3.12/site-packages/airflow/example_dags/example_sensors.py
[2024-08-25T00:14:45.390+0000] {logging_mixin.py:190} INFO - [2024-08-25T00:14:45.389+0000] {dag.py:3211} INFO - Sync 1 DAGs
[2024-08-25T00:14:45.506+0000] {logging_mixin.py:190} INFO - [2024-08-25T00:14:45.506+0000] {dag.py:4138} INFO - Setting next_dagrun for example_sensors to None, run_after=None
[2024-08-25T00:14:45.590+0000] {processor.py:208} INFO - Processing /home/airflow/.local/lib/python3.12/site-packages/airflow/example_dags/example_sensors.py took 0.636 seconds
[2024-08-25T00:15:20.230+0000] {processor.py:186} INFO - Started process (PID=1180) to work on /home/airflow/.local/lib/python3.12/site-packages/airflow/example_dags/example_sensors.py
[2024-08-25T00:15:20.232+0000] {processor.py:914} INFO - Processing file /home/airflow/.local/lib/python3.12/site-packages/airflow/example_dags/example_sensors.py for tasks to queue
[2024-08-25T00:15:20.239+0000] {logging_mixin.py:190} INFO - [2024-08-25T00:15:20.238+0000] {dagbag.py:587} INFO - Filling up the DagBag from /home/airflow/.local/lib/python3.12/site-packages/airflow/example_dags/example_sensors.py
[2024-08-25T00:15:20.279+0000] {processor.py:925} INFO - DAG(s) 'example_sensors' retrieved from /home/airflow/.local/lib/python3.12/site-packages/airflow/example_dags/example_sensors.py
[2024-08-25T00:15:20.381+0000] {logging_mixin.py:190} INFO - [2024-08-25T00:15:20.380+0000] {dag.py:3211} INFO - Sync 1 DAGs
[2024-08-25T00:15:20.432+0000] {logging_mixin.py:190} INFO - [2024-08-25T00:15:20.431+0000] {dag.py:4138} INFO - Setting next_dagrun for example_sensors to None, run_after=None
[2024-08-25T00:15:20.509+0000] {processor.py:208} INFO - Processing /home/airflow/.local/lib/python3.12/site-packages/airflow/example_dags/example_sensors.py took 0.310 seconds
[2024-08-25T00:15:51.071+0000] {processor.py:186} INFO - Started process (PID=1244) to work on /home/airflow/.local/lib/python3.12/site-packages/airflow/example_dags/example_sensors.py
[2024-08-25T00:15:51.075+0000] {processor.py:914} INFO - Processing file /home/airflow/.local/lib/python3.12/site-packages/airflow/example_dags/example_sensors.py for tasks to queue
[2024-08-25T00:15:51.082+0000] {logging_mixin.py:190} INFO - [2024-08-25T00:15:51.081+0000] {dagbag.py:587} INFO - Filling up the DagBag from /home/airflow/.local/lib/python3.12/site-packages/airflow/example_dags/example_sensors.py
[2024-08-25T00:15:51.141+0000] {processor.py:925} INFO - DAG(s) 'example_sensors' retrieved from /home/airflow/.local/lib/python3.12/site-packages/airflow/example_dags/example_sensors.py
[2024-08-25T00:15:51.272+0000] {logging_mixin.py:190} INFO - [2024-08-25T00:15:51.271+0000] {dag.py:3211} INFO - Sync 1 DAGs
[2024-08-25T00:15:51.352+0000] {logging_mixin.py:190} INFO - [2024-08-25T00:15:51.351+0000] {dag.py:4138} INFO - Setting next_dagrun for example_sensors to None, run_after=None
[2024-08-25T00:15:51.416+0000] {processor.py:208} INFO - Processing /home/airflow/.local/lib/python3.12/site-packages/airflow/example_dags/example_sensors.py took 0.366 seconds
[2024-08-25T00:16:24.592+0000] {processor.py:186} INFO - Started process (PID=1308) to work on /home/airflow/.local/lib/python3.12/site-packages/airflow/example_dags/example_sensors.py
[2024-08-25T00:16:24.600+0000] {processor.py:914} INFO - Processing file /home/airflow/.local/lib/python3.12/site-packages/airflow/example_dags/example_sensors.py for tasks to queue
[2024-08-25T00:16:24.623+0000] {logging_mixin.py:190} INFO - [2024-08-25T00:16:24.622+0000] {dagbag.py:587} INFO - Filling up the DagBag from /home/airflow/.local/lib/python3.12/site-packages/airflow/example_dags/example_sensors.py
[2024-08-25T00:16:24.735+0000] {processor.py:925} INFO - DAG(s) 'example_sensors' retrieved from /home/airflow/.local/lib/python3.12/site-packages/airflow/example_dags/example_sensors.py
[2024-08-25T00:16:24.987+0000] {logging_mixin.py:190} INFO - [2024-08-25T00:16:24.986+0000] {dag.py:3211} INFO - Sync 1 DAGs
[2024-08-25T00:16:25.116+0000] {logging_mixin.py:190} INFO - [2024-08-25T00:16:25.116+0000] {dag.py:4138} INFO - Setting next_dagrun for example_sensors to None, run_after=None
[2024-08-25T00:16:25.394+0000] {processor.py:208} INFO - Processing /home/airflow/.local/lib/python3.12/site-packages/airflow/example_dags/example_sensors.py took 0.883 seconds
[2024-08-25T00:16:56.008+0000] {processor.py:186} INFO - Started process (PID=1371) to work on /home/airflow/.local/lib/python3.12/site-packages/airflow/example_dags/example_sensors.py
[2024-08-25T00:16:56.011+0000] {processor.py:914} INFO - Processing file /home/airflow/.local/lib/python3.12/site-packages/airflow/example_dags/example_sensors.py for tasks to queue
[2024-08-25T00:16:56.016+0000] {logging_mixin.py:190} INFO - [2024-08-25T00:16:56.016+0000] {dagbag.py:587} INFO - Filling up the DagBag from /home/airflow/.local/lib/python3.12/site-packages/airflow/example_dags/example_sensors.py
[2024-08-25T00:16:56.056+0000] {processor.py:925} INFO - DAG(s) 'example_sensors' retrieved from /home/airflow/.local/lib/python3.12/site-packages/airflow/example_dags/example_sensors.py
[2024-08-25T00:16:56.204+0000] {logging_mixin.py:190} INFO - [2024-08-25T00:16:56.204+0000] {dag.py:3211} INFO - Sync 1 DAGs
[2024-08-25T00:16:56.344+0000] {logging_mixin.py:190} INFO - [2024-08-25T00:16:56.344+0000] {dag.py:4138} INFO - Setting next_dagrun for example_sensors to None, run_after=None
[2024-08-25T00:16:56.487+0000] {processor.py:208} INFO - Processing /home/airflow/.local/lib/python3.12/site-packages/airflow/example_dags/example_sensors.py took 0.494 seconds
[2024-08-25T00:17:27.600+0000] {processor.py:186} INFO - Started process (PID=1434) to work on /home/airflow/.local/lib/python3.12/site-packages/airflow/example_dags/example_sensors.py
[2024-08-25T00:17:27.604+0000] {processor.py:914} INFO - Processing file /home/airflow/.local/lib/python3.12/site-packages/airflow/example_dags/example_sensors.py for tasks to queue
[2024-08-25T00:17:27.612+0000] {logging_mixin.py:190} INFO - [2024-08-25T00:17:27.611+0000] {dagbag.py:587} INFO - Filling up the DagBag from /home/airflow/.local/lib/python3.12/site-packages/airflow/example_dags/example_sensors.py
[2024-08-25T00:17:27.648+0000] {processor.py:925} INFO - DAG(s) 'example_sensors' retrieved from /home/airflow/.local/lib/python3.12/site-packages/airflow/example_dags/example_sensors.py
[2024-08-25T00:17:27.739+0000] {logging_mixin.py:190} INFO - [2024-08-25T00:17:27.738+0000] {dag.py:3211} INFO - Sync 1 DAGs
[2024-08-25T00:17:27.786+0000] {logging_mixin.py:190} INFO - [2024-08-25T00:17:27.786+0000] {dag.py:4138} INFO - Setting next_dagrun for example_sensors to None, run_after=None
[2024-08-25T00:17:27.841+0000] {processor.py:208} INFO - Processing /home/airflow/.local/lib/python3.12/site-packages/airflow/example_dags/example_sensors.py took 0.265 seconds
[2024-08-25T00:17:58.053+0000] {processor.py:186} INFO - Started process (PID=1497) to work on /home/airflow/.local/lib/python3.12/site-packages/airflow/example_dags/example_sensors.py
[2024-08-25T00:17:58.056+0000] {processor.py:914} INFO - Processing file /home/airflow/.local/lib/python3.12/site-packages/airflow/example_dags/example_sensors.py for tasks to queue
[2024-08-25T00:17:58.066+0000] {logging_mixin.py:190} INFO - [2024-08-25T00:17:58.065+0000] {dagbag.py:587} INFO - Filling up the DagBag from /home/airflow/.local/lib/python3.12/site-packages/airflow/example_dags/example_sensors.py
[2024-08-25T00:17:58.115+0000] {processor.py:925} INFO - DAG(s) 'example_sensors' retrieved from /home/airflow/.local/lib/python3.12/site-packages/airflow/example_dags/example_sensors.py
[2024-08-25T00:17:58.211+0000] {logging_mixin.py:190} INFO - [2024-08-25T00:17:58.210+0000] {dag.py:3211} INFO - Sync 1 DAGs
[2024-08-25T00:17:58.260+0000] {logging_mixin.py:190} INFO - [2024-08-25T00:17:58.259+0000] {dag.py:4138} INFO - Setting next_dagrun for example_sensors to None, run_after=None
[2024-08-25T00:17:58.316+0000] {processor.py:208} INFO - Processing /home/airflow/.local/lib/python3.12/site-packages/airflow/example_dags/example_sensors.py took 0.286 seconds
[2024-08-25T00:18:30.862+0000] {processor.py:186} INFO - Started process (PID=1560) to work on /home/airflow/.local/lib/python3.12/site-packages/airflow/example_dags/example_sensors.py
[2024-08-25T00:18:30.866+0000] {processor.py:914} INFO - Processing file /home/airflow/.local/lib/python3.12/site-packages/airflow/example_dags/example_sensors.py for tasks to queue
[2024-08-25T00:18:30.874+0000] {logging_mixin.py:190} INFO - [2024-08-25T00:18:30.873+0000] {dagbag.py:587} INFO - Filling up the DagBag from /home/airflow/.local/lib/python3.12/site-packages/airflow/example_dags/example_sensors.py
[2024-08-25T00:18:30.935+0000] {processor.py:925} INFO - DAG(s) 'example_sensors' retrieved from /home/airflow/.local/lib/python3.12/site-packages/airflow/example_dags/example_sensors.py
[2024-08-25T00:18:31.080+0000] {logging_mixin.py:190} INFO - [2024-08-25T00:18:31.079+0000] {dag.py:3211} INFO - Sync 1 DAGs
[2024-08-25T00:18:31.154+0000] {logging_mixin.py:190} INFO - [2024-08-25T00:18:31.153+0000] {dag.py:4138} INFO - Setting next_dagrun for example_sensors to None, run_after=None
[2024-08-25T00:18:31.234+0000] {processor.py:208} INFO - Processing /home/airflow/.local/lib/python3.12/site-packages/airflow/example_dags/example_sensors.py took 0.404 seconds
[2024-08-25T00:19:01.848+0000] {processor.py:186} INFO - Started process (PID=1623) to work on /home/airflow/.local/lib/python3.12/site-packages/airflow/example_dags/example_sensors.py
[2024-08-25T00:19:01.856+0000] {processor.py:914} INFO - Processing file /home/airflow/.local/lib/python3.12/site-packages/airflow/example_dags/example_sensors.py for tasks to queue
[2024-08-25T00:19:01.863+0000] {logging_mixin.py:190} INFO - [2024-08-25T00:19:01.862+0000] {dagbag.py:587} INFO - Filling up the DagBag from /home/airflow/.local/lib/python3.12/site-packages/airflow/example_dags/example_sensors.py
[2024-08-25T00:19:01.904+0000] {processor.py:925} INFO - DAG(s) 'example_sensors' retrieved from /home/airflow/.local/lib/python3.12/site-packages/airflow/example_dags/example_sensors.py
[2024-08-25T00:19:02.015+0000] {logging_mixin.py:190} INFO - [2024-08-25T00:19:02.014+0000] {dag.py:3211} INFO - Sync 1 DAGs
[2024-08-25T00:19:02.068+0000] {logging_mixin.py:190} INFO - [2024-08-25T00:19:02.067+0000] {dag.py:4138} INFO - Setting next_dagrun for example_sensors to None, run_after=None
[2024-08-25T00:19:02.128+0000] {processor.py:208} INFO - Processing /home/airflow/.local/lib/python3.12/site-packages/airflow/example_dags/example_sensors.py took 0.299 seconds
[2024-08-25T00:19:32.938+0000] {processor.py:186} INFO - Started process (PID=1686) to work on /home/airflow/.local/lib/python3.12/site-packages/airflow/example_dags/example_sensors.py
[2024-08-25T00:19:32.953+0000] {processor.py:914} INFO - Processing file /home/airflow/.local/lib/python3.12/site-packages/airflow/example_dags/example_sensors.py for tasks to queue
[2024-08-25T00:19:32.969+0000] {logging_mixin.py:190} INFO - [2024-08-25T00:19:32.959+0000] {dagbag.py:587} INFO - Filling up the DagBag from /home/airflow/.local/lib/python3.12/site-packages/airflow/example_dags/example_sensors.py
[2024-08-25T00:19:33.036+0000] {processor.py:925} INFO - DAG(s) 'example_sensors' retrieved from /home/airflow/.local/lib/python3.12/site-packages/airflow/example_dags/example_sensors.py
[2024-08-25T00:19:33.217+0000] {logging_mixin.py:190} INFO - [2024-08-25T00:19:33.215+0000] {dag.py:3211} INFO - Sync 1 DAGs
[2024-08-25T00:19:33.307+0000] {logging_mixin.py:190} INFO - [2024-08-25T00:19:33.307+0000] {dag.py:4138} INFO - Setting next_dagrun for example_sensors to None, run_after=None
[2024-08-25T00:19:33.371+0000] {processor.py:208} INFO - Processing /home/airflow/.local/lib/python3.12/site-packages/airflow/example_dags/example_sensors.py took 0.474 seconds
[2024-08-25T00:20:04.059+0000] {processor.py:186} INFO - Started process (PID=1756) to work on /home/airflow/.local/lib/python3.12/site-packages/airflow/example_dags/example_sensors.py
[2024-08-25T00:20:04.061+0000] {processor.py:914} INFO - Processing file /home/airflow/.local/lib/python3.12/site-packages/airflow/example_dags/example_sensors.py for tasks to queue
[2024-08-25T00:20:04.067+0000] {logging_mixin.py:190} INFO - [2024-08-25T00:20:04.066+0000] {dagbag.py:587} INFO - Filling up the DagBag from /home/airflow/.local/lib/python3.12/site-packages/airflow/example_dags/example_sensors.py
[2024-08-25T00:20:04.102+0000] {processor.py:925} INFO - DAG(s) 'example_sensors' retrieved from /home/airflow/.local/lib/python3.12/site-packages/airflow/example_dags/example_sensors.py
[2024-08-25T00:20:04.175+0000] {logging_mixin.py:190} INFO - [2024-08-25T00:20:04.174+0000] {dag.py:3211} INFO - Sync 1 DAGs
[2024-08-25T00:20:04.216+0000] {logging_mixin.py:190} INFO - [2024-08-25T00:20:04.216+0000] {dag.py:4138} INFO - Setting next_dagrun for example_sensors to None, run_after=None
[2024-08-25T00:20:04.263+0000] {processor.py:208} INFO - Processing /home/airflow/.local/lib/python3.12/site-packages/airflow/example_dags/example_sensors.py took 0.223 seconds
[2024-08-25T00:20:35.398+0000] {processor.py:186} INFO - Started process (PID=1818) to work on /home/airflow/.local/lib/python3.12/site-packages/airflow/example_dags/example_sensors.py
[2024-08-25T00:20:35.400+0000] {processor.py:914} INFO - Processing file /home/airflow/.local/lib/python3.12/site-packages/airflow/example_dags/example_sensors.py for tasks to queue
[2024-08-25T00:20:35.406+0000] {logging_mixin.py:190} INFO - [2024-08-25T00:20:35.405+0000] {dagbag.py:587} INFO - Filling up the DagBag from /home/airflow/.local/lib/python3.12/site-packages/airflow/example_dags/example_sensors.py
[2024-08-25T00:20:35.450+0000] {processor.py:925} INFO - DAG(s) 'example_sensors' retrieved from /home/airflow/.local/lib/python3.12/site-packages/airflow/example_dags/example_sensors.py
[2024-08-25T00:20:35.532+0000] {logging_mixin.py:190} INFO - [2024-08-25T00:20:35.532+0000] {dag.py:3211} INFO - Sync 1 DAGs
[2024-08-25T00:20:35.579+0000] {logging_mixin.py:190} INFO - [2024-08-25T00:20:35.578+0000] {dag.py:4138} INFO - Setting next_dagrun for example_sensors to None, run_after=None
[2024-08-25T00:20:35.632+0000] {processor.py:208} INFO - Processing /home/airflow/.local/lib/python3.12/site-packages/airflow/example_dags/example_sensors.py took 0.251 seconds
[2024-08-25T00:26:39.416+0000] {processor.py:186} INFO - Started process (PID=107) to work on /home/airflow/.local/lib/python3.12/site-packages/airflow/example_dags/example_sensors.py
[2024-08-25T00:26:39.492+0000] {processor.py:914} INFO - Processing file /home/airflow/.local/lib/python3.12/site-packages/airflow/example_dags/example_sensors.py for tasks to queue
[2024-08-25T00:26:39.536+0000] {logging_mixin.py:190} INFO - [2024-08-25T00:26:39.535+0000] {dagbag.py:587} INFO - Filling up the DagBag from /home/airflow/.local/lib/python3.12/site-packages/airflow/example_dags/example_sensors.py
[2024-08-25T00:26:39.784+0000] {processor.py:925} INFO - DAG(s) 'example_sensors' retrieved from /home/airflow/.local/lib/python3.12/site-packages/airflow/example_dags/example_sensors.py
[2024-08-25T00:26:40.234+0000] {logging_mixin.py:190} INFO - [2024-08-25T00:26:40.220+0000] {dag.py:3211} INFO - Sync 1 DAGs
[2024-08-25T00:26:40.508+0000] {logging_mixin.py:190} INFO - [2024-08-25T00:26:40.495+0000] {dag.py:4138} INFO - Setting next_dagrun for example_sensors to None, run_after=None
[2024-08-25T00:26:41.241+0000] {processor.py:208} INFO - Processing /home/airflow/.local/lib/python3.12/site-packages/airflow/example_dags/example_sensors.py took 1.964 seconds
[2024-08-25T00:27:37.356+0000] {processor.py:186} INFO - Started process (PID=176) to work on /home/airflow/.local/lib/python3.12/site-packages/airflow/example_dags/example_sensors.py
[2024-08-25T00:27:37.361+0000] {processor.py:914} INFO - Processing file /home/airflow/.local/lib/python3.12/site-packages/airflow/example_dags/example_sensors.py for tasks to queue
[2024-08-25T00:27:37.387+0000] {logging_mixin.py:190} INFO - [2024-08-25T00:27:37.382+0000] {dagbag.py:587} INFO - Filling up the DagBag from /home/airflow/.local/lib/python3.12/site-packages/airflow/example_dags/example_sensors.py
[2024-08-25T00:27:37.460+0000] {processor.py:925} INFO - DAG(s) 'example_sensors' retrieved from /home/airflow/.local/lib/python3.12/site-packages/airflow/example_dags/example_sensors.py
[2024-08-25T00:27:37.730+0000] {logging_mixin.py:190} INFO - [2024-08-25T00:27:37.729+0000] {dag.py:3211} INFO - Sync 1 DAGs
[2024-08-25T00:27:37.840+0000] {logging_mixin.py:190} INFO - [2024-08-25T00:27:37.839+0000] {dag.py:4138} INFO - Setting next_dagrun for example_sensors to None, run_after=None
[2024-08-25T00:27:38.022+0000] {processor.py:208} INFO - Processing /home/airflow/.local/lib/python3.12/site-packages/airflow/example_dags/example_sensors.py took 0.708 seconds
[2024-08-25T00:28:25.156+0000] {processor.py:186} INFO - Started process (PID=239) to work on /home/airflow/.local/lib/python3.12/site-packages/airflow/example_dags/example_sensors.py
[2024-08-25T00:28:25.163+0000] {processor.py:914} INFO - Processing file /home/airflow/.local/lib/python3.12/site-packages/airflow/example_dags/example_sensors.py for tasks to queue
[2024-08-25T00:28:25.183+0000] {logging_mixin.py:190} INFO - [2024-08-25T00:28:25.181+0000] {dagbag.py:587} INFO - Filling up the DagBag from /home/airflow/.local/lib/python3.12/site-packages/airflow/example_dags/example_sensors.py
[2024-08-25T00:28:25.365+0000] {processor.py:925} INFO - DAG(s) 'example_sensors' retrieved from /home/airflow/.local/lib/python3.12/site-packages/airflow/example_dags/example_sensors.py
[2024-08-25T00:28:25.781+0000] {logging_mixin.py:190} INFO - [2024-08-25T00:28:25.780+0000] {dag.py:3211} INFO - Sync 1 DAGs
[2024-08-25T00:28:25.989+0000] {logging_mixin.py:190} INFO - [2024-08-25T00:28:25.988+0000] {dag.py:4138} INFO - Setting next_dagrun for example_sensors to None, run_after=None
[2024-08-25T00:28:26.225+0000] {processor.py:208} INFO - Processing /home/airflow/.local/lib/python3.12/site-packages/airflow/example_dags/example_sensors.py took 1.138 seconds
[2024-08-25T00:28:57.540+0000] {processor.py:186} INFO - Started process (PID=302) to work on /home/airflow/.local/lib/python3.12/site-packages/airflow/example_dags/example_sensors.py
[2024-08-25T00:28:57.593+0000] {processor.py:914} INFO - Processing file /home/airflow/.local/lib/python3.12/site-packages/airflow/example_dags/example_sensors.py for tasks to queue
[2024-08-25T00:28:57.797+0000] {logging_mixin.py:190} INFO - [2024-08-25T00:28:57.796+0000] {dagbag.py:587} INFO - Filling up the DagBag from /home/airflow/.local/lib/python3.12/site-packages/airflow/example_dags/example_sensors.py
[2024-08-25T00:28:57.959+0000] {processor.py:925} INFO - DAG(s) 'example_sensors' retrieved from /home/airflow/.local/lib/python3.12/site-packages/airflow/example_dags/example_sensors.py
[2024-08-25T00:28:58.306+0000] {logging_mixin.py:190} INFO - [2024-08-25T00:28:58.305+0000] {dag.py:3211} INFO - Sync 1 DAGs
[2024-08-25T00:28:58.471+0000] {logging_mixin.py:190} INFO - [2024-08-25T00:28:58.470+0000] {dag.py:4138} INFO - Setting next_dagrun for example_sensors to None, run_after=None
[2024-08-25T00:28:58.572+0000] {processor.py:208} INFO - Processing /home/airflow/.local/lib/python3.12/site-packages/airflow/example_dags/example_sensors.py took 1.063 seconds
[2024-08-25T00:29:29.218+0000] {processor.py:186} INFO - Started process (PID=365) to work on /home/airflow/.local/lib/python3.12/site-packages/airflow/example_dags/example_sensors.py
[2024-08-25T00:29:29.220+0000] {processor.py:914} INFO - Processing file /home/airflow/.local/lib/python3.12/site-packages/airflow/example_dags/example_sensors.py for tasks to queue
[2024-08-25T00:29:29.230+0000] {logging_mixin.py:190} INFO - [2024-08-25T00:29:29.226+0000] {dagbag.py:587} INFO - Filling up the DagBag from /home/airflow/.local/lib/python3.12/site-packages/airflow/example_dags/example_sensors.py
[2024-08-25T00:29:29.269+0000] {processor.py:925} INFO - DAG(s) 'example_sensors' retrieved from /home/airflow/.local/lib/python3.12/site-packages/airflow/example_dags/example_sensors.py
[2024-08-25T00:29:29.360+0000] {logging_mixin.py:190} INFO - [2024-08-25T00:29:29.360+0000] {dag.py:3211} INFO - Sync 1 DAGs
[2024-08-25T00:29:29.413+0000] {logging_mixin.py:190} INFO - [2024-08-25T00:29:29.413+0000] {dag.py:4138} INFO - Setting next_dagrun for example_sensors to None, run_after=None
[2024-08-25T00:29:29.484+0000] {processor.py:208} INFO - Processing /home/airflow/.local/lib/python3.12/site-packages/airflow/example_dags/example_sensors.py took 0.283 seconds
[2024-08-25T00:30:01.376+0000] {processor.py:186} INFO - Started process (PID=428) to work on /home/airflow/.local/lib/python3.12/site-packages/airflow/example_dags/example_sensors.py
[2024-08-25T00:30:01.406+0000] {processor.py:914} INFO - Processing file /home/airflow/.local/lib/python3.12/site-packages/airflow/example_dags/example_sensors.py for tasks to queue
[2024-08-25T00:30:01.440+0000] {logging_mixin.py:190} INFO - [2024-08-25T00:30:01.439+0000] {dagbag.py:587} INFO - Filling up the DagBag from /home/airflow/.local/lib/python3.12/site-packages/airflow/example_dags/example_sensors.py
[2024-08-25T00:30:01.552+0000] {processor.py:925} INFO - DAG(s) 'example_sensors' retrieved from /home/airflow/.local/lib/python3.12/site-packages/airflow/example_dags/example_sensors.py
[2024-08-25T00:30:01.779+0000] {logging_mixin.py:190} INFO - [2024-08-25T00:30:01.769+0000] {dag.py:3211} INFO - Sync 1 DAGs
[2024-08-25T00:30:01.952+0000] {logging_mixin.py:190} INFO - [2024-08-25T00:30:01.952+0000] {dag.py:4138} INFO - Setting next_dagrun for example_sensors to None, run_after=None
[2024-08-25T00:30:02.198+0000] {processor.py:208} INFO - Processing /home/airflow/.local/lib/python3.12/site-packages/airflow/example_dags/example_sensors.py took 0.926 seconds
[2024-08-25T00:30:41.418+0000] {processor.py:186} INFO - Started process (PID=498) to work on /home/airflow/.local/lib/python3.12/site-packages/airflow/example_dags/example_sensors.py
[2024-08-25T00:30:41.421+0000] {processor.py:914} INFO - Processing file /home/airflow/.local/lib/python3.12/site-packages/airflow/example_dags/example_sensors.py for tasks to queue
[2024-08-25T00:30:41.427+0000] {logging_mixin.py:190} INFO - [2024-08-25T00:30:41.426+0000] {dagbag.py:587} INFO - Filling up the DagBag from /home/airflow/.local/lib/python3.12/site-packages/airflow/example_dags/example_sensors.py
[2024-08-25T00:30:41.469+0000] {processor.py:925} INFO - DAG(s) 'example_sensors' retrieved from /home/airflow/.local/lib/python3.12/site-packages/airflow/example_dags/example_sensors.py
[2024-08-25T00:30:41.550+0000] {logging_mixin.py:190} INFO - [2024-08-25T00:30:41.549+0000] {dag.py:3211} INFO - Sync 1 DAGs
[2024-08-25T00:30:41.594+0000] {logging_mixin.py:190} INFO - [2024-08-25T00:30:41.594+0000] {dag.py:4138} INFO - Setting next_dagrun for example_sensors to None, run_after=None
[2024-08-25T00:30:41.646+0000] {processor.py:208} INFO - Processing /home/airflow/.local/lib/python3.12/site-packages/airflow/example_dags/example_sensors.py took 0.247 seconds
[2024-08-25T00:31:18.973+0000] {processor.py:186} INFO - Started process (PID=563) to work on /home/airflow/.local/lib/python3.12/site-packages/airflow/example_dags/example_sensors.py
[2024-08-25T00:31:18.991+0000] {processor.py:914} INFO - Processing file /home/airflow/.local/lib/python3.12/site-packages/airflow/example_dags/example_sensors.py for tasks to queue
[2024-08-25T00:31:19.022+0000] {logging_mixin.py:190} INFO - [2024-08-25T00:31:19.021+0000] {dagbag.py:587} INFO - Filling up the DagBag from /home/airflow/.local/lib/python3.12/site-packages/airflow/example_dags/example_sensors.py
[2024-08-25T00:31:19.163+0000] {processor.py:925} INFO - DAG(s) 'example_sensors' retrieved from /home/airflow/.local/lib/python3.12/site-packages/airflow/example_dags/example_sensors.py
[2024-08-25T00:31:19.576+0000] {logging_mixin.py:190} INFO - [2024-08-25T00:31:19.564+0000] {dag.py:3211} INFO - Sync 1 DAGs
[2024-08-25T00:31:19.843+0000] {logging_mixin.py:190} INFO - [2024-08-25T00:31:19.842+0000] {dag.py:4138} INFO - Setting next_dagrun for example_sensors to None, run_after=None
[2024-08-25T00:31:20.101+0000] {processor.py:208} INFO - Processing /home/airflow/.local/lib/python3.12/site-packages/airflow/example_dags/example_sensors.py took 1.196 seconds
[2024-08-25T00:32:11.340+0000] {processor.py:186} INFO - Started process (PID=635) to work on /home/airflow/.local/lib/python3.12/site-packages/airflow/example_dags/example_sensors.py
[2024-08-25T00:32:11.343+0000] {processor.py:914} INFO - Processing file /home/airflow/.local/lib/python3.12/site-packages/airflow/example_dags/example_sensors.py for tasks to queue
[2024-08-25T00:32:11.355+0000] {logging_mixin.py:190} INFO - [2024-08-25T00:32:11.352+0000] {dagbag.py:587} INFO - Filling up the DagBag from /home/airflow/.local/lib/python3.12/site-packages/airflow/example_dags/example_sensors.py
[2024-08-25T00:32:11.433+0000] {processor.py:925} INFO - DAG(s) 'example_sensors' retrieved from /home/airflow/.local/lib/python3.12/site-packages/airflow/example_dags/example_sensors.py
[2024-08-25T00:32:11.609+0000] {logging_mixin.py:190} INFO - [2024-08-25T00:32:11.608+0000] {dag.py:3211} INFO - Sync 1 DAGs
[2024-08-25T00:32:11.683+0000] {logging_mixin.py:190} INFO - [2024-08-25T00:32:11.683+0000] {dag.py:4138} INFO - Setting next_dagrun for example_sensors to None, run_after=None
[2024-08-25T00:32:11.866+0000] {processor.py:208} INFO - Processing /home/airflow/.local/lib/python3.12/site-packages/airflow/example_dags/example_sensors.py took 0.552 seconds
[2024-08-25T00:32:47.317+0000] {processor.py:186} INFO - Started process (PID=699) to work on /home/airflow/.local/lib/python3.12/site-packages/airflow/example_dags/example_sensors.py
[2024-08-25T00:32:47.406+0000] {processor.py:914} INFO - Processing file /home/airflow/.local/lib/python3.12/site-packages/airflow/example_dags/example_sensors.py for tasks to queue
[2024-08-25T00:32:47.424+0000] {logging_mixin.py:190} INFO - [2024-08-25T00:32:47.423+0000] {dagbag.py:587} INFO - Filling up the DagBag from /home/airflow/.local/lib/python3.12/site-packages/airflow/example_dags/example_sensors.py
[2024-08-25T00:32:47.544+0000] {processor.py:925} INFO - DAG(s) 'example_sensors' retrieved from /home/airflow/.local/lib/python3.12/site-packages/airflow/example_dags/example_sensors.py
[2024-08-25T00:32:47.739+0000] {logging_mixin.py:190} INFO - [2024-08-25T00:32:47.739+0000] {dag.py:3211} INFO - Sync 1 DAGs
[2024-08-25T00:32:47.860+0000] {logging_mixin.py:190} INFO - [2024-08-25T00:32:47.848+0000] {dag.py:4138} INFO - Setting next_dagrun for example_sensors to None, run_after=None
[2024-08-25T00:32:48.013+0000] {processor.py:208} INFO - Processing /home/airflow/.local/lib/python3.12/site-packages/airflow/example_dags/example_sensors.py took 0.753 seconds
[2024-08-25T00:33:31.860+0000] {processor.py:186} INFO - Started process (PID=749) to work on /home/airflow/.local/lib/python3.12/site-packages/airflow/example_dags/example_sensors.py
[2024-08-25T00:33:32.036+0000] {processor.py:914} INFO - Processing file /home/airflow/.local/lib/python3.12/site-packages/airflow/example_dags/example_sensors.py for tasks to queue
[2024-08-25T00:33:32.244+0000] {logging_mixin.py:190} INFO - [2024-08-25T00:33:32.243+0000] {dagbag.py:587} INFO - Filling up the DagBag from /home/airflow/.local/lib/python3.12/site-packages/airflow/example_dags/example_sensors.py
[2024-08-25T00:33:32.568+0000] {processor.py:925} INFO - DAG(s) 'example_sensors' retrieved from /home/airflow/.local/lib/python3.12/site-packages/airflow/example_dags/example_sensors.py
[2024-08-25T00:33:33.044+0000] {logging_mixin.py:190} INFO - [2024-08-25T00:33:33.043+0000] {dag.py:3211} INFO - Sync 1 DAGs
[2024-08-25T00:33:33.244+0000] {logging_mixin.py:190} INFO - [2024-08-25T00:33:33.244+0000] {dag.py:4138} INFO - Setting next_dagrun for example_sensors to None, run_after=None
[2024-08-25T00:33:33.487+0000] {processor.py:208} INFO - Processing /home/airflow/.local/lib/python3.12/site-packages/airflow/example_dags/example_sensors.py took 1.695 seconds
[2024-08-25T00:34:17.915+0000] {processor.py:186} INFO - Started process (PID=818) to work on /home/airflow/.local/lib/python3.12/site-packages/airflow/example_dags/example_sensors.py
[2024-08-25T00:34:17.917+0000] {processor.py:914} INFO - Processing file /home/airflow/.local/lib/python3.12/site-packages/airflow/example_dags/example_sensors.py for tasks to queue
[2024-08-25T00:34:17.934+0000] {logging_mixin.py:190} INFO - [2024-08-25T00:34:17.933+0000] {dagbag.py:587} INFO - Filling up the DagBag from /home/airflow/.local/lib/python3.12/site-packages/airflow/example_dags/example_sensors.py
[2024-08-25T00:34:18.017+0000] {processor.py:925} INFO - DAG(s) 'example_sensors' retrieved from /home/airflow/.local/lib/python3.12/site-packages/airflow/example_dags/example_sensors.py
[2024-08-25T00:34:18.303+0000] {logging_mixin.py:190} INFO - [2024-08-25T00:34:18.302+0000] {dag.py:3211} INFO - Sync 1 DAGs
[2024-08-25T00:34:18.469+0000] {logging_mixin.py:190} INFO - [2024-08-25T00:34:18.468+0000] {dag.py:4138} INFO - Setting next_dagrun for example_sensors to None, run_after=None
[2024-08-25T00:34:18.669+0000] {processor.py:208} INFO - Processing /home/airflow/.local/lib/python3.12/site-packages/airflow/example_dags/example_sensors.py took 0.803 seconds
[2024-08-25T00:34:51.097+0000] {processor.py:186} INFO - Started process (PID=881) to work on /home/airflow/.local/lib/python3.12/site-packages/airflow/example_dags/example_sensors.py
[2024-08-25T00:34:51.099+0000] {processor.py:914} INFO - Processing file /home/airflow/.local/lib/python3.12/site-packages/airflow/example_dags/example_sensors.py for tasks to queue
[2024-08-25T00:34:51.109+0000] {logging_mixin.py:190} INFO - [2024-08-25T00:34:51.108+0000] {dagbag.py:587} INFO - Filling up the DagBag from /home/airflow/.local/lib/python3.12/site-packages/airflow/example_dags/example_sensors.py
[2024-08-25T00:34:51.149+0000] {processor.py:925} INFO - DAG(s) 'example_sensors' retrieved from /home/airflow/.local/lib/python3.12/site-packages/airflow/example_dags/example_sensors.py
[2024-08-25T00:34:51.267+0000] {logging_mixin.py:190} INFO - [2024-08-25T00:34:51.266+0000] {dag.py:3211} INFO - Sync 1 DAGs
[2024-08-25T00:34:51.316+0000] {logging_mixin.py:190} INFO - [2024-08-25T00:34:51.315+0000] {dag.py:4138} INFO - Setting next_dagrun for example_sensors to None, run_after=None
[2024-08-25T00:34:51.368+0000] {processor.py:208} INFO - Processing /home/airflow/.local/lib/python3.12/site-packages/airflow/example_dags/example_sensors.py took 0.294 seconds
[2024-08-25T00:35:22.624+0000] {processor.py:186} INFO - Started process (PID=942) to work on /home/airflow/.local/lib/python3.12/site-packages/airflow/example_dags/example_sensors.py
[2024-08-25T00:35:22.628+0000] {processor.py:914} INFO - Processing file /home/airflow/.local/lib/python3.12/site-packages/airflow/example_dags/example_sensors.py for tasks to queue
[2024-08-25T00:35:22.834+0000] {logging_mixin.py:190} INFO - [2024-08-25T00:35:22.833+0000] {dagbag.py:587} INFO - Filling up the DagBag from /home/airflow/.local/lib/python3.12/site-packages/airflow/example_dags/example_sensors.py
[2024-08-25T00:35:22.966+0000] {processor.py:925} INFO - DAG(s) 'example_sensors' retrieved from /home/airflow/.local/lib/python3.12/site-packages/airflow/example_dags/example_sensors.py
[2024-08-25T00:35:23.588+0000] {logging_mixin.py:190} INFO - [2024-08-25T00:35:23.587+0000] {dag.py:3211} INFO - Sync 1 DAGs
[2024-08-25T00:35:23.760+0000] {logging_mixin.py:190} INFO - [2024-08-25T00:35:23.747+0000] {dag.py:4138} INFO - Setting next_dagrun for example_sensors to None, run_after=None
[2024-08-25T00:35:23.983+0000] {processor.py:208} INFO - Processing /home/airflow/.local/lib/python3.12/site-packages/airflow/example_dags/example_sensors.py took 1.382 seconds
[2024-08-25T00:35:58.574+0000] {processor.py:186} INFO - Started process (PID=1004) to work on /home/airflow/.local/lib/python3.12/site-packages/airflow/example_dags/example_sensors.py
[2024-08-25T00:35:58.631+0000] {processor.py:914} INFO - Processing file /home/airflow/.local/lib/python3.12/site-packages/airflow/example_dags/example_sensors.py for tasks to queue
[2024-08-25T00:35:58.669+0000] {logging_mixin.py:190} INFO - [2024-08-25T00:35:58.668+0000] {dagbag.py:587} INFO - Filling up the DagBag from /home/airflow/.local/lib/python3.12/site-packages/airflow/example_dags/example_sensors.py
[2024-08-25T00:35:58.863+0000] {processor.py:925} INFO - DAG(s) 'example_sensors' retrieved from /home/airflow/.local/lib/python3.12/site-packages/airflow/example_dags/example_sensors.py
[2024-08-25T00:35:59.254+0000] {logging_mixin.py:190} INFO - [2024-08-25T00:35:59.252+0000] {dag.py:3211} INFO - Sync 1 DAGs
[2024-08-25T00:35:59.462+0000] {logging_mixin.py:190} INFO - [2024-08-25T00:35:59.461+0000] {dag.py:4138} INFO - Setting next_dagrun for example_sensors to None, run_after=None
[2024-08-25T00:35:59.743+0000] {processor.py:208} INFO - Processing /home/airflow/.local/lib/python3.12/site-packages/airflow/example_dags/example_sensors.py took 1.223 seconds
[2024-08-25T00:36:31.029+0000] {processor.py:186} INFO - Started process (PID=1068) to work on /home/airflow/.local/lib/python3.12/site-packages/airflow/example_dags/example_sensors.py
[2024-08-25T00:36:31.034+0000] {processor.py:914} INFO - Processing file /home/airflow/.local/lib/python3.12/site-packages/airflow/example_dags/example_sensors.py for tasks to queue
[2024-08-25T00:36:31.060+0000] {logging_mixin.py:190} INFO - [2024-08-25T00:36:31.059+0000] {dagbag.py:587} INFO - Filling up the DagBag from /home/airflow/.local/lib/python3.12/site-packages/airflow/example_dags/example_sensors.py
[2024-08-25T00:36:31.163+0000] {processor.py:925} INFO - DAG(s) 'example_sensors' retrieved from /home/airflow/.local/lib/python3.12/site-packages/airflow/example_dags/example_sensors.py
[2024-08-25T00:36:31.539+0000] {logging_mixin.py:190} INFO - [2024-08-25T00:36:31.539+0000] {dag.py:3211} INFO - Sync 1 DAGs
[2024-08-25T00:36:31.867+0000] {logging_mixin.py:190} INFO - [2024-08-25T00:36:31.855+0000] {dag.py:4138} INFO - Setting next_dagrun for example_sensors to None, run_after=None
[2024-08-25T00:36:32.177+0000] {processor.py:208} INFO - Processing /home/airflow/.local/lib/python3.12/site-packages/airflow/example_dags/example_sensors.py took 1.180 seconds
[2024-08-25T00:37:02.413+0000] {processor.py:186} INFO - Started process (PID=1132) to work on /home/airflow/.local/lib/python3.12/site-packages/airflow/example_dags/example_sensors.py
[2024-08-25T00:37:02.415+0000] {processor.py:914} INFO - Processing file /home/airflow/.local/lib/python3.12/site-packages/airflow/example_dags/example_sensors.py for tasks to queue
[2024-08-25T00:37:02.418+0000] {logging_mixin.py:190} INFO - [2024-08-25T00:37:02.418+0000] {dagbag.py:587} INFO - Filling up the DagBag from /home/airflow/.local/lib/python3.12/site-packages/airflow/example_dags/example_sensors.py
[2024-08-25T00:37:02.498+0000] {processor.py:925} INFO - DAG(s) 'example_sensors' retrieved from /home/airflow/.local/lib/python3.12/site-packages/airflow/example_dags/example_sensors.py
[2024-08-25T00:37:02.661+0000] {logging_mixin.py:190} INFO - [2024-08-25T00:37:02.661+0000] {dag.py:3211} INFO - Sync 1 DAGs
[2024-08-25T00:37:02.736+0000] {logging_mixin.py:190} INFO - [2024-08-25T00:37:02.736+0000] {dag.py:4138} INFO - Setting next_dagrun for example_sensors to None, run_after=None
[2024-08-25T00:37:02.858+0000] {processor.py:208} INFO - Processing /home/airflow/.local/lib/python3.12/site-packages/airflow/example_dags/example_sensors.py took 0.464 seconds
[2024-08-25T00:37:34.133+0000] {processor.py:186} INFO - Started process (PID=1193) to work on /home/airflow/.local/lib/python3.12/site-packages/airflow/example_dags/example_sensors.py
[2024-08-25T00:37:34.135+0000] {processor.py:914} INFO - Processing file /home/airflow/.local/lib/python3.12/site-packages/airflow/example_dags/example_sensors.py for tasks to queue
[2024-08-25T00:37:34.145+0000] {logging_mixin.py:190} INFO - [2024-08-25T00:37:34.143+0000] {dagbag.py:587} INFO - Filling up the DagBag from /home/airflow/.local/lib/python3.12/site-packages/airflow/example_dags/example_sensors.py
[2024-08-25T00:37:34.226+0000] {processor.py:925} INFO - DAG(s) 'example_sensors' retrieved from /home/airflow/.local/lib/python3.12/site-packages/airflow/example_dags/example_sensors.py
[2024-08-25T00:37:34.385+0000] {logging_mixin.py:190} INFO - [2024-08-25T00:37:34.384+0000] {dag.py:3211} INFO - Sync 1 DAGs
[2024-08-25T00:37:34.451+0000] {logging_mixin.py:190} INFO - [2024-08-25T00:37:34.450+0000] {dag.py:4138} INFO - Setting next_dagrun for example_sensors to None, run_after=None
[2024-08-25T00:37:34.508+0000] {processor.py:208} INFO - Processing /home/airflow/.local/lib/python3.12/site-packages/airflow/example_dags/example_sensors.py took 0.399 seconds
[2024-08-25T00:38:04.969+0000] {processor.py:186} INFO - Started process (PID=1255) to work on /home/airflow/.local/lib/python3.12/site-packages/airflow/example_dags/example_sensors.py
[2024-08-25T00:38:04.971+0000] {processor.py:914} INFO - Processing file /home/airflow/.local/lib/python3.12/site-packages/airflow/example_dags/example_sensors.py for tasks to queue
[2024-08-25T00:38:04.975+0000] {logging_mixin.py:190} INFO - [2024-08-25T00:38:04.974+0000] {dagbag.py:587} INFO - Filling up the DagBag from /home/airflow/.local/lib/python3.12/site-packages/airflow/example_dags/example_sensors.py
[2024-08-25T00:38:05.019+0000] {processor.py:925} INFO - DAG(s) 'example_sensors' retrieved from /home/airflow/.local/lib/python3.12/site-packages/airflow/example_dags/example_sensors.py
[2024-08-25T00:38:05.150+0000] {logging_mixin.py:190} INFO - [2024-08-25T00:38:05.149+0000] {dag.py:3211} INFO - Sync 1 DAGs
[2024-08-25T00:38:05.274+0000] {logging_mixin.py:190} INFO - [2024-08-25T00:38:05.274+0000] {dag.py:4138} INFO - Setting next_dagrun for example_sensors to None, run_after=None
[2024-08-25T00:38:05.414+0000] {processor.py:208} INFO - Processing /home/airflow/.local/lib/python3.12/site-packages/airflow/example_dags/example_sensors.py took 0.471 seconds
[2024-08-25T00:38:39.591+0000] {processor.py:186} INFO - Started process (PID=1321) to work on /home/airflow/.local/lib/python3.12/site-packages/airflow/example_dags/example_sensors.py
[2024-08-25T00:38:39.596+0000] {processor.py:914} INFO - Processing file /home/airflow/.local/lib/python3.12/site-packages/airflow/example_dags/example_sensors.py for tasks to queue
[2024-08-25T00:38:39.602+0000] {logging_mixin.py:190} INFO - [2024-08-25T00:38:39.601+0000] {dagbag.py:587} INFO - Filling up the DagBag from /home/airflow/.local/lib/python3.12/site-packages/airflow/example_dags/example_sensors.py
[2024-08-25T00:38:39.668+0000] {processor.py:925} INFO - DAG(s) 'example_sensors' retrieved from /home/airflow/.local/lib/python3.12/site-packages/airflow/example_dags/example_sensors.py
[2024-08-25T00:38:39.871+0000] {logging_mixin.py:190} INFO - [2024-08-25T00:38:39.870+0000] {dag.py:3211} INFO - Sync 1 DAGs
[2024-08-25T00:38:39.974+0000] {logging_mixin.py:190} INFO - [2024-08-25T00:38:39.973+0000] {dag.py:4138} INFO - Setting next_dagrun for example_sensors to None, run_after=None
[2024-08-25T00:38:40.139+0000] {processor.py:208} INFO - Processing /home/airflow/.local/lib/python3.12/site-packages/airflow/example_dags/example_sensors.py took 0.587 seconds
[2024-08-25T00:39:12.639+0000] {processor.py:186} INFO - Started process (PID=1384) to work on /home/airflow/.local/lib/python3.12/site-packages/airflow/example_dags/example_sensors.py
[2024-08-25T00:39:12.662+0000] {processor.py:914} INFO - Processing file /home/airflow/.local/lib/python3.12/site-packages/airflow/example_dags/example_sensors.py for tasks to queue
[2024-08-25T00:39:12.681+0000] {logging_mixin.py:190} INFO - [2024-08-25T00:39:12.670+0000] {dagbag.py:587} INFO - Filling up the DagBag from /home/airflow/.local/lib/python3.12/site-packages/airflow/example_dags/example_sensors.py
[2024-08-25T00:39:12.756+0000] {processor.py:925} INFO - DAG(s) 'example_sensors' retrieved from /home/airflow/.local/lib/python3.12/site-packages/airflow/example_dags/example_sensors.py
[2024-08-25T00:39:12.888+0000] {logging_mixin.py:190} INFO - [2024-08-25T00:39:12.885+0000] {dag.py:3211} INFO - Sync 1 DAGs
[2024-08-25T00:39:13.001+0000] {logging_mixin.py:190} INFO - [2024-08-25T00:39:13.000+0000] {dag.py:4138} INFO - Setting next_dagrun for example_sensors to None, run_after=None
[2024-08-25T00:39:13.080+0000] {processor.py:208} INFO - Processing /home/airflow/.local/lib/python3.12/site-packages/airflow/example_dags/example_sensors.py took 0.547 seconds
[2024-08-25T00:39:43.967+0000] {processor.py:186} INFO - Started process (PID=1447) to work on /home/airflow/.local/lib/python3.12/site-packages/airflow/example_dags/example_sensors.py
[2024-08-25T00:39:43.970+0000] {processor.py:914} INFO - Processing file /home/airflow/.local/lib/python3.12/site-packages/airflow/example_dags/example_sensors.py for tasks to queue
[2024-08-25T00:39:43.974+0000] {logging_mixin.py:190} INFO - [2024-08-25T00:39:43.973+0000] {dagbag.py:587} INFO - Filling up the DagBag from /home/airflow/.local/lib/python3.12/site-packages/airflow/example_dags/example_sensors.py
[2024-08-25T00:39:44.011+0000] {processor.py:925} INFO - DAG(s) 'example_sensors' retrieved from /home/airflow/.local/lib/python3.12/site-packages/airflow/example_dags/example_sensors.py
[2024-08-25T00:39:44.090+0000] {logging_mixin.py:190} INFO - [2024-08-25T00:39:44.089+0000] {dag.py:3211} INFO - Sync 1 DAGs
[2024-08-25T00:39:44.137+0000] {logging_mixin.py:190} INFO - [2024-08-25T00:39:44.137+0000] {dag.py:4138} INFO - Setting next_dagrun for example_sensors to None, run_after=None
[2024-08-25T00:39:44.223+0000] {processor.py:208} INFO - Processing /home/airflow/.local/lib/python3.12/site-packages/airflow/example_dags/example_sensors.py took 0.272 seconds
