[2024-08-25T00:00:11.615+0000] {processor.py:186} INFO - Started process (PID=38528) to work on /home/airflow/.local/lib/python3.12/site-packages/airflow/example_dags/example_task_group.py
[2024-08-25T00:00:11.658+0000] {processor.py:914} INFO - Processing file /home/airflow/.local/lib/python3.12/site-packages/airflow/example_dags/example_task_group.py for tasks to queue
[2024-08-25T00:00:11.684+0000] {logging_mixin.py:190} INFO - [2024-08-25T00:00:11.683+0000] {dagbag.py:587} INFO - Filling up the DagBag from /home/airflow/.local/lib/python3.12/site-packages/airflow/example_dags/example_task_group.py
[2024-08-25T00:00:11.778+0000] {processor.py:925} INFO - DAG(s) 'example_task_group' retrieved from /home/airflow/.local/lib/python3.12/site-packages/airflow/example_dags/example_task_group.py
[2024-08-25T00:00:11.962+0000] {logging_mixin.py:190} INFO - [2024-08-25T00:00:11.961+0000] {dag.py:3211} INFO - Sync 1 DAGs
[2024-08-25T00:00:12.082+0000] {logging_mixin.py:190} INFO - [2024-08-25T00:00:12.081+0000] {dag.py:4138} INFO - Setting next_dagrun for example_task_group to 2024-08-24 00:00:00+00:00, run_after=2024-08-25 00:00:00+00:00
[2024-08-25T00:00:12.200+0000] {processor.py:208} INFO - Processing /home/airflow/.local/lib/python3.12/site-packages/airflow/example_dags/example_task_group.py took 0.632 seconds
[2024-08-25T00:05:54.166+0000] {processor.py:186} INFO - Started process (PID=92) to work on /home/airflow/.local/lib/python3.12/site-packages/airflow/example_dags/example_task_group.py
[2024-08-25T00:05:54.168+0000] {processor.py:914} INFO - Processing file /home/airflow/.local/lib/python3.12/site-packages/airflow/example_dags/example_task_group.py for tasks to queue
[2024-08-25T00:05:54.207+0000] {logging_mixin.py:190} INFO - [2024-08-25T00:05:54.206+0000] {dagbag.py:587} INFO - Filling up the DagBag from /home/airflow/.local/lib/python3.12/site-packages/airflow/example_dags/example_task_group.py
[2024-08-25T00:05:54.270+0000] {processor.py:925} INFO - DAG(s) 'example_task_group' retrieved from /home/airflow/.local/lib/python3.12/site-packages/airflow/example_dags/example_task_group.py
[2024-08-25T00:05:54.456+0000] {logging_mixin.py:190} INFO - [2024-08-25T00:05:54.455+0000] {dag.py:3211} INFO - Sync 1 DAGs
[2024-08-25T00:05:54.549+0000] {logging_mixin.py:190} INFO - [2024-08-25T00:05:54.548+0000] {dag.py:4138} INFO - Setting next_dagrun for example_task_group to 2024-08-24 00:00:00+00:00, run_after=2024-08-25 00:00:00+00:00
[2024-08-25T00:05:54.640+0000] {processor.py:208} INFO - Processing /home/airflow/.local/lib/python3.12/site-packages/airflow/example_dags/example_task_group.py took 0.544 seconds
[2024-08-25T00:06:35.039+0000] {processor.py:186} INFO - Started process (PID=160) to work on /home/airflow/.local/lib/python3.12/site-packages/airflow/example_dags/example_task_group.py
[2024-08-25T00:06:35.053+0000] {processor.py:914} INFO - Processing file /home/airflow/.local/lib/python3.12/site-packages/airflow/example_dags/example_task_group.py for tasks to queue
[2024-08-25T00:06:35.105+0000] {logging_mixin.py:190} INFO - [2024-08-25T00:06:35.104+0000] {dagbag.py:587} INFO - Filling up the DagBag from /home/airflow/.local/lib/python3.12/site-packages/airflow/example_dags/example_task_group.py
[2024-08-25T00:06:35.306+0000] {processor.py:925} INFO - DAG(s) 'example_task_group' retrieved from /home/airflow/.local/lib/python3.12/site-packages/airflow/example_dags/example_task_group.py
[2024-08-25T00:06:35.727+0000] {logging_mixin.py:190} INFO - [2024-08-25T00:06:35.726+0000] {dag.py:3211} INFO - Sync 1 DAGs
[2024-08-25T00:06:36.212+0000] {logging_mixin.py:190} INFO - [2024-08-25T00:06:36.212+0000] {dag.py:4138} INFO - Setting next_dagrun for example_task_group to 2024-08-24 00:00:00+00:00, run_after=2024-08-25 00:00:00+00:00
[2024-08-25T00:06:36.478+0000] {processor.py:208} INFO - Processing /home/airflow/.local/lib/python3.12/site-packages/airflow/example_dags/example_task_group.py took 1.584 seconds
[2024-08-25T00:07:21.453+0000] {processor.py:186} INFO - Started process (PID=225) to work on /home/airflow/.local/lib/python3.12/site-packages/airflow/example_dags/example_task_group.py
[2024-08-25T00:07:21.457+0000] {processor.py:914} INFO - Processing file /home/airflow/.local/lib/python3.12/site-packages/airflow/example_dags/example_task_group.py for tasks to queue
[2024-08-25T00:07:21.496+0000] {logging_mixin.py:190} INFO - [2024-08-25T00:07:21.494+0000] {dagbag.py:587} INFO - Filling up the DagBag from /home/airflow/.local/lib/python3.12/site-packages/airflow/example_dags/example_task_group.py
[2024-08-25T00:07:21.537+0000] {processor.py:925} INFO - DAG(s) 'example_task_group' retrieved from /home/airflow/.local/lib/python3.12/site-packages/airflow/example_dags/example_task_group.py
[2024-08-25T00:07:21.698+0000] {logging_mixin.py:190} INFO - [2024-08-25T00:07:21.697+0000] {dag.py:3211} INFO - Sync 1 DAGs
[2024-08-25T00:07:21.845+0000] {logging_mixin.py:190} INFO - [2024-08-25T00:07:21.843+0000] {dag.py:4138} INFO - Setting next_dagrun for example_task_group to 2024-08-24 00:00:00+00:00, run_after=2024-08-25 00:00:00+00:00
[2024-08-25T00:07:22.049+0000] {processor.py:208} INFO - Processing /home/airflow/.local/lib/python3.12/site-packages/airflow/example_dags/example_task_group.py took 0.659 seconds
[2024-08-25T00:07:54.785+0000] {processor.py:186} INFO - Started process (PID=287) to work on /home/airflow/.local/lib/python3.12/site-packages/airflow/example_dags/example_task_group.py
[2024-08-25T00:07:54.787+0000] {processor.py:914} INFO - Processing file /home/airflow/.local/lib/python3.12/site-packages/airflow/example_dags/example_task_group.py for tasks to queue
[2024-08-25T00:07:54.799+0000] {logging_mixin.py:190} INFO - [2024-08-25T00:07:54.798+0000] {dagbag.py:587} INFO - Filling up the DagBag from /home/airflow/.local/lib/python3.12/site-packages/airflow/example_dags/example_task_group.py
[2024-08-25T00:07:54.843+0000] {processor.py:925} INFO - DAG(s) 'example_task_group' retrieved from /home/airflow/.local/lib/python3.12/site-packages/airflow/example_dags/example_task_group.py
[2024-08-25T00:07:55.117+0000] {logging_mixin.py:190} INFO - [2024-08-25T00:07:55.106+0000] {dag.py:3211} INFO - Sync 1 DAGs
[2024-08-25T00:07:55.288+0000] {logging_mixin.py:190} INFO - [2024-08-25T00:07:55.287+0000] {dag.py:4138} INFO - Setting next_dagrun for example_task_group to 2024-08-24 00:00:00+00:00, run_after=2024-08-25 00:00:00+00:00
[2024-08-25T00:07:55.590+0000] {processor.py:208} INFO - Processing /home/airflow/.local/lib/python3.12/site-packages/airflow/example_dags/example_task_group.py took 0.839 seconds
[2024-08-25T00:08:26.123+0000] {processor.py:186} INFO - Started process (PID=350) to work on /home/airflow/.local/lib/python3.12/site-packages/airflow/example_dags/example_task_group.py
[2024-08-25T00:08:26.138+0000] {processor.py:914} INFO - Processing file /home/airflow/.local/lib/python3.12/site-packages/airflow/example_dags/example_task_group.py for tasks to queue
[2024-08-25T00:08:26.251+0000] {logging_mixin.py:190} INFO - [2024-08-25T00:08:26.249+0000] {dagbag.py:587} INFO - Filling up the DagBag from /home/airflow/.local/lib/python3.12/site-packages/airflow/example_dags/example_task_group.py
[2024-08-25T00:08:26.449+0000] {processor.py:925} INFO - DAG(s) 'example_task_group' retrieved from /home/airflow/.local/lib/python3.12/site-packages/airflow/example_dags/example_task_group.py
[2024-08-25T00:08:26.799+0000] {logging_mixin.py:190} INFO - [2024-08-25T00:08:26.799+0000] {dag.py:3211} INFO - Sync 1 DAGs
[2024-08-25T00:08:27.242+0000] {logging_mixin.py:190} INFO - [2024-08-25T00:08:27.242+0000] {dag.py:4138} INFO - Setting next_dagrun for example_task_group to 2024-08-24 00:00:00+00:00, run_after=2024-08-25 00:00:00+00:00
[2024-08-25T00:08:27.448+0000] {processor.py:208} INFO - Processing /home/airflow/.local/lib/python3.12/site-packages/airflow/example_dags/example_task_group.py took 1.404 seconds
[2024-08-25T00:08:58.134+0000] {processor.py:186} INFO - Started process (PID=413) to work on /home/airflow/.local/lib/python3.12/site-packages/airflow/example_dags/example_task_group.py
[2024-08-25T00:08:58.144+0000] {processor.py:914} INFO - Processing file /home/airflow/.local/lib/python3.12/site-packages/airflow/example_dags/example_task_group.py for tasks to queue
[2024-08-25T00:08:58.160+0000] {logging_mixin.py:190} INFO - [2024-08-25T00:08:58.159+0000] {dagbag.py:587} INFO - Filling up the DagBag from /home/airflow/.local/lib/python3.12/site-packages/airflow/example_dags/example_task_group.py
[2024-08-25T00:08:58.202+0000] {processor.py:925} INFO - DAG(s) 'example_task_group' retrieved from /home/airflow/.local/lib/python3.12/site-packages/airflow/example_dags/example_task_group.py
[2024-08-25T00:08:58.283+0000] {logging_mixin.py:190} INFO - [2024-08-25T00:08:58.283+0000] {dag.py:3211} INFO - Sync 1 DAGs
[2024-08-25T00:08:58.360+0000] {logging_mixin.py:190} INFO - [2024-08-25T00:08:58.359+0000] {dag.py:4138} INFO - Setting next_dagrun for example_task_group to 2024-08-24 00:00:00+00:00, run_after=2024-08-25 00:00:00+00:00
[2024-08-25T00:08:58.436+0000] {processor.py:208} INFO - Processing /home/airflow/.local/lib/python3.12/site-packages/airflow/example_dags/example_task_group.py took 0.332 seconds
[2024-08-25T00:09:29.481+0000] {processor.py:186} INFO - Started process (PID=483) to work on /home/airflow/.local/lib/python3.12/site-packages/airflow/example_dags/example_task_group.py
[2024-08-25T00:09:29.484+0000] {processor.py:914} INFO - Processing file /home/airflow/.local/lib/python3.12/site-packages/airflow/example_dags/example_task_group.py for tasks to queue
[2024-08-25T00:09:29.489+0000] {logging_mixin.py:190} INFO - [2024-08-25T00:09:29.489+0000] {dagbag.py:587} INFO - Filling up the DagBag from /home/airflow/.local/lib/python3.12/site-packages/airflow/example_dags/example_task_group.py
[2024-08-25T00:09:29.515+0000] {processor.py:925} INFO - DAG(s) 'example_task_group' retrieved from /home/airflow/.local/lib/python3.12/site-packages/airflow/example_dags/example_task_group.py
[2024-08-25T00:09:29.671+0000] {logging_mixin.py:190} INFO - [2024-08-25T00:09:29.670+0000] {dag.py:3211} INFO - Sync 1 DAGs
[2024-08-25T00:09:29.806+0000] {logging_mixin.py:190} INFO - [2024-08-25T00:09:29.806+0000] {dag.py:4138} INFO - Setting next_dagrun for example_task_group to 2024-08-24 00:00:00+00:00, run_after=2024-08-25 00:00:00+00:00
[2024-08-25T00:09:29.913+0000] {processor.py:208} INFO - Processing /home/airflow/.local/lib/python3.12/site-packages/airflow/example_dags/example_task_group.py took 0.457 seconds
[2024-08-25T00:10:00.898+0000] {processor.py:186} INFO - Started process (PID=546) to work on /home/airflow/.local/lib/python3.12/site-packages/airflow/example_dags/example_task_group.py
[2024-08-25T00:10:00.900+0000] {processor.py:914} INFO - Processing file /home/airflow/.local/lib/python3.12/site-packages/airflow/example_dags/example_task_group.py for tasks to queue
[2024-08-25T00:10:00.919+0000] {logging_mixin.py:190} INFO - [2024-08-25T00:10:00.918+0000] {dagbag.py:587} INFO - Filling up the DagBag from /home/airflow/.local/lib/python3.12/site-packages/airflow/example_dags/example_task_group.py
[2024-08-25T00:10:00.977+0000] {processor.py:925} INFO - DAG(s) 'example_task_group' retrieved from /home/airflow/.local/lib/python3.12/site-packages/airflow/example_dags/example_task_group.py
[2024-08-25T00:10:01.058+0000] {logging_mixin.py:190} INFO - [2024-08-25T00:10:01.058+0000] {dag.py:3211} INFO - Sync 1 DAGs
[2024-08-25T00:10:01.129+0000] {logging_mixin.py:190} INFO - [2024-08-25T00:10:01.128+0000] {dag.py:4138} INFO - Setting next_dagrun for example_task_group to 2024-08-24 00:00:00+00:00, run_after=2024-08-25 00:00:00+00:00
[2024-08-25T00:10:01.184+0000] {processor.py:208} INFO - Processing /home/airflow/.local/lib/python3.12/site-packages/airflow/example_dags/example_task_group.py took 0.352 seconds
[2024-08-25T00:10:31.990+0000] {processor.py:186} INFO - Started process (PID=609) to work on /home/airflow/.local/lib/python3.12/site-packages/airflow/example_dags/example_task_group.py
[2024-08-25T00:10:31.999+0000] {processor.py:914} INFO - Processing file /home/airflow/.local/lib/python3.12/site-packages/airflow/example_dags/example_task_group.py for tasks to queue
[2024-08-25T00:10:32.036+0000] {logging_mixin.py:190} INFO - [2024-08-25T00:10:32.036+0000] {dagbag.py:587} INFO - Filling up the DagBag from /home/airflow/.local/lib/python3.12/site-packages/airflow/example_dags/example_task_group.py
[2024-08-25T00:10:32.099+0000] {processor.py:925} INFO - DAG(s) 'example_task_group' retrieved from /home/airflow/.local/lib/python3.12/site-packages/airflow/example_dags/example_task_group.py
[2024-08-25T00:10:32.223+0000] {logging_mixin.py:190} INFO - [2024-08-25T00:10:32.222+0000] {dag.py:3211} INFO - Sync 1 DAGs
[2024-08-25T00:10:32.586+0000] {logging_mixin.py:190} INFO - [2024-08-25T00:10:32.585+0000] {dag.py:4138} INFO - Setting next_dagrun for example_task_group to 2024-08-24 00:00:00+00:00, run_after=2024-08-25 00:00:00+00:00
[2024-08-25T00:10:32.691+0000] {processor.py:208} INFO - Processing /home/airflow/.local/lib/python3.12/site-packages/airflow/example_dags/example_task_group.py took 0.725 seconds
[2024-08-25T00:11:03.021+0000] {processor.py:186} INFO - Started process (PID=671) to work on /home/airflow/.local/lib/python3.12/site-packages/airflow/example_dags/example_task_group.py
[2024-08-25T00:11:03.023+0000] {processor.py:914} INFO - Processing file /home/airflow/.local/lib/python3.12/site-packages/airflow/example_dags/example_task_group.py for tasks to queue
[2024-08-25T00:11:03.031+0000] {logging_mixin.py:190} INFO - [2024-08-25T00:11:03.030+0000] {dagbag.py:587} INFO - Filling up the DagBag from /home/airflow/.local/lib/python3.12/site-packages/airflow/example_dags/example_task_group.py
[2024-08-25T00:11:03.064+0000] {processor.py:925} INFO - DAG(s) 'example_task_group' retrieved from /home/airflow/.local/lib/python3.12/site-packages/airflow/example_dags/example_task_group.py
[2024-08-25T00:11:03.131+0000] {logging_mixin.py:190} INFO - [2024-08-25T00:11:03.130+0000] {dag.py:3211} INFO - Sync 1 DAGs
[2024-08-25T00:11:03.235+0000] {logging_mixin.py:190} INFO - [2024-08-25T00:11:03.234+0000] {dag.py:4138} INFO - Setting next_dagrun for example_task_group to 2024-08-24 00:00:00+00:00, run_after=2024-08-25 00:00:00+00:00
[2024-08-25T00:11:03.291+0000] {processor.py:208} INFO - Processing /home/airflow/.local/lib/python3.12/site-packages/airflow/example_dags/example_task_group.py took 0.289 seconds
[2024-08-25T00:11:33.599+0000] {processor.py:186} INFO - Started process (PID=734) to work on /home/airflow/.local/lib/python3.12/site-packages/airflow/example_dags/example_task_group.py
[2024-08-25T00:11:33.601+0000] {processor.py:914} INFO - Processing file /home/airflow/.local/lib/python3.12/site-packages/airflow/example_dags/example_task_group.py for tasks to queue
[2024-08-25T00:11:33.608+0000] {logging_mixin.py:190} INFO - [2024-08-25T00:11:33.607+0000] {dagbag.py:587} INFO - Filling up the DagBag from /home/airflow/.local/lib/python3.12/site-packages/airflow/example_dags/example_task_group.py
[2024-08-25T00:11:33.642+0000] {processor.py:925} INFO - DAG(s) 'example_task_group' retrieved from /home/airflow/.local/lib/python3.12/site-packages/airflow/example_dags/example_task_group.py
[2024-08-25T00:11:33.704+0000] {logging_mixin.py:190} INFO - [2024-08-25T00:11:33.704+0000] {dag.py:3211} INFO - Sync 1 DAGs
[2024-08-25T00:11:33.766+0000] {logging_mixin.py:190} INFO - [2024-08-25T00:11:33.766+0000] {dag.py:4138} INFO - Setting next_dagrun for example_task_group to 2024-08-24 00:00:00+00:00, run_after=2024-08-25 00:00:00+00:00
[2024-08-25T00:11:33.811+0000] {processor.py:208} INFO - Processing /home/airflow/.local/lib/python3.12/site-packages/airflow/example_dags/example_task_group.py took 0.230 seconds
[2024-08-25T00:12:05.125+0000] {processor.py:186} INFO - Started process (PID=798) to work on /home/airflow/.local/lib/python3.12/site-packages/airflow/example_dags/example_task_group.py
[2024-08-25T00:12:05.130+0000] {processor.py:914} INFO - Processing file /home/airflow/.local/lib/python3.12/site-packages/airflow/example_dags/example_task_group.py for tasks to queue
[2024-08-25T00:12:05.137+0000] {logging_mixin.py:190} INFO - [2024-08-25T00:12:05.136+0000] {dagbag.py:587} INFO - Filling up the DagBag from /home/airflow/.local/lib/python3.12/site-packages/airflow/example_dags/example_task_group.py
[2024-08-25T00:12:05.168+0000] {processor.py:925} INFO - DAG(s) 'example_task_group' retrieved from /home/airflow/.local/lib/python3.12/site-packages/airflow/example_dags/example_task_group.py
[2024-08-25T00:12:05.249+0000] {logging_mixin.py:190} INFO - [2024-08-25T00:12:05.248+0000] {dag.py:3211} INFO - Sync 1 DAGs
[2024-08-25T00:12:05.356+0000] {logging_mixin.py:190} INFO - [2024-08-25T00:12:05.355+0000] {dag.py:4138} INFO - Setting next_dagrun for example_task_group to 2024-08-24 00:00:00+00:00, run_after=2024-08-25 00:00:00+00:00
[2024-08-25T00:12:05.400+0000] {processor.py:208} INFO - Processing /home/airflow/.local/lib/python3.12/site-packages/airflow/example_dags/example_task_group.py took 0.298 seconds
[2024-08-25T00:12:35.682+0000] {processor.py:186} INFO - Started process (PID=861) to work on /home/airflow/.local/lib/python3.12/site-packages/airflow/example_dags/example_task_group.py
[2024-08-25T00:12:35.685+0000] {processor.py:914} INFO - Processing file /home/airflow/.local/lib/python3.12/site-packages/airflow/example_dags/example_task_group.py for tasks to queue
[2024-08-25T00:12:35.690+0000] {logging_mixin.py:190} INFO - [2024-08-25T00:12:35.689+0000] {dagbag.py:587} INFO - Filling up the DagBag from /home/airflow/.local/lib/python3.12/site-packages/airflow/example_dags/example_task_group.py
[2024-08-25T00:12:35.715+0000] {processor.py:925} INFO - DAG(s) 'example_task_group' retrieved from /home/airflow/.local/lib/python3.12/site-packages/airflow/example_dags/example_task_group.py
[2024-08-25T00:12:35.777+0000] {logging_mixin.py:190} INFO - [2024-08-25T00:12:35.777+0000] {dag.py:3211} INFO - Sync 1 DAGs
[2024-08-25T00:12:35.834+0000] {logging_mixin.py:190} INFO - [2024-08-25T00:12:35.833+0000] {dag.py:4138} INFO - Setting next_dagrun for example_task_group to 2024-08-24 00:00:00+00:00, run_after=2024-08-25 00:00:00+00:00
[2024-08-25T00:12:35.873+0000] {processor.py:208} INFO - Processing /home/airflow/.local/lib/python3.12/site-packages/airflow/example_dags/example_task_group.py took 0.207 seconds
[2024-08-25T00:13:07.463+0000] {processor.py:186} INFO - Started process (PID=924) to work on /home/airflow/.local/lib/python3.12/site-packages/airflow/example_dags/example_task_group.py
[2024-08-25T00:13:07.465+0000] {processor.py:914} INFO - Processing file /home/airflow/.local/lib/python3.12/site-packages/airflow/example_dags/example_task_group.py for tasks to queue
[2024-08-25T00:13:07.470+0000] {logging_mixin.py:190} INFO - [2024-08-25T00:13:07.469+0000] {dagbag.py:587} INFO - Filling up the DagBag from /home/airflow/.local/lib/python3.12/site-packages/airflow/example_dags/example_task_group.py
[2024-08-25T00:13:07.498+0000] {processor.py:925} INFO - DAG(s) 'example_task_group' retrieved from /home/airflow/.local/lib/python3.12/site-packages/airflow/example_dags/example_task_group.py
[2024-08-25T00:13:07.569+0000] {logging_mixin.py:190} INFO - [2024-08-25T00:13:07.568+0000] {dag.py:3211} INFO - Sync 1 DAGs
[2024-08-25T00:13:07.644+0000] {logging_mixin.py:190} INFO - [2024-08-25T00:13:07.643+0000] {dag.py:4138} INFO - Setting next_dagrun for example_task_group to 2024-08-24 00:00:00+00:00, run_after=2024-08-25 00:00:00+00:00
[2024-08-25T00:13:07.703+0000] {processor.py:208} INFO - Processing /home/airflow/.local/lib/python3.12/site-packages/airflow/example_dags/example_task_group.py took 0.256 seconds
[2024-08-25T00:13:40.480+0000] {processor.py:186} INFO - Started process (PID=987) to work on /home/airflow/.local/lib/python3.12/site-packages/airflow/example_dags/example_task_group.py
[2024-08-25T00:13:40.512+0000] {processor.py:914} INFO - Processing file /home/airflow/.local/lib/python3.12/site-packages/airflow/example_dags/example_task_group.py for tasks to queue
[2024-08-25T00:13:40.531+0000] {logging_mixin.py:190} INFO - [2024-08-25T00:13:40.530+0000] {dagbag.py:587} INFO - Filling up the DagBag from /home/airflow/.local/lib/python3.12/site-packages/airflow/example_dags/example_task_group.py
[2024-08-25T00:13:40.683+0000] {processor.py:925} INFO - DAG(s) 'example_task_group' retrieved from /home/airflow/.local/lib/python3.12/site-packages/airflow/example_dags/example_task_group.py
[2024-08-25T00:13:40.813+0000] {logging_mixin.py:190} INFO - [2024-08-25T00:13:40.812+0000] {dag.py:3211} INFO - Sync 1 DAGs
[2024-08-25T00:13:40.897+0000] {logging_mixin.py:190} INFO - [2024-08-25T00:13:40.897+0000] {dag.py:4138} INFO - Setting next_dagrun for example_task_group to 2024-08-24 00:00:00+00:00, run_after=2024-08-25 00:00:00+00:00
[2024-08-25T00:13:40.950+0000] {processor.py:208} INFO - Processing /home/airflow/.local/lib/python3.12/site-packages/airflow/example_dags/example_task_group.py took 0.510 seconds
[2024-08-25T00:14:11.436+0000] {processor.py:186} INFO - Started process (PID=1051) to work on /home/airflow/.local/lib/python3.12/site-packages/airflow/example_dags/example_task_group.py
[2024-08-25T00:14:11.438+0000] {processor.py:914} INFO - Processing file /home/airflow/.local/lib/python3.12/site-packages/airflow/example_dags/example_task_group.py for tasks to queue
[2024-08-25T00:14:11.444+0000] {logging_mixin.py:190} INFO - [2024-08-25T00:14:11.443+0000] {dagbag.py:587} INFO - Filling up the DagBag from /home/airflow/.local/lib/python3.12/site-packages/airflow/example_dags/example_task_group.py
[2024-08-25T00:14:11.470+0000] {processor.py:925} INFO - DAG(s) 'example_task_group' retrieved from /home/airflow/.local/lib/python3.12/site-packages/airflow/example_dags/example_task_group.py
[2024-08-25T00:14:11.530+0000] {logging_mixin.py:190} INFO - [2024-08-25T00:14:11.529+0000] {dag.py:3211} INFO - Sync 1 DAGs
[2024-08-25T00:14:11.584+0000] {logging_mixin.py:190} INFO - [2024-08-25T00:14:11.583+0000] {dag.py:4138} INFO - Setting next_dagrun for example_task_group to 2024-08-24 00:00:00+00:00, run_after=2024-08-25 00:00:00+00:00
[2024-08-25T00:14:11.626+0000] {processor.py:208} INFO - Processing /home/airflow/.local/lib/python3.12/site-packages/airflow/example_dags/example_task_group.py took 0.204 seconds
[2024-08-25T00:14:43.855+0000] {processor.py:186} INFO - Started process (PID=1115) to work on /home/airflow/.local/lib/python3.12/site-packages/airflow/example_dags/example_task_group.py
[2024-08-25T00:14:43.858+0000] {processor.py:914} INFO - Processing file /home/airflow/.local/lib/python3.12/site-packages/airflow/example_dags/example_task_group.py for tasks to queue
[2024-08-25T00:14:43.874+0000] {logging_mixin.py:190} INFO - [2024-08-25T00:14:43.873+0000] {dagbag.py:587} INFO - Filling up the DagBag from /home/airflow/.local/lib/python3.12/site-packages/airflow/example_dags/example_task_group.py
[2024-08-25T00:14:43.957+0000] {processor.py:925} INFO - DAG(s) 'example_task_group' retrieved from /home/airflow/.local/lib/python3.12/site-packages/airflow/example_dags/example_task_group.py
[2024-08-25T00:14:44.196+0000] {logging_mixin.py:190} INFO - [2024-08-25T00:14:44.195+0000] {dag.py:3211} INFO - Sync 1 DAGs
[2024-08-25T00:14:44.417+0000] {logging_mixin.py:190} INFO - [2024-08-25T00:14:44.416+0000] {dag.py:4138} INFO - Setting next_dagrun for example_task_group to 2024-08-24 00:00:00+00:00, run_after=2024-08-25 00:00:00+00:00
[2024-08-25T00:14:44.560+0000] {processor.py:208} INFO - Processing /home/airflow/.local/lib/python3.12/site-packages/airflow/example_dags/example_task_group.py took 0.759 seconds
[2024-08-25T00:15:19.293+0000] {processor.py:186} INFO - Started process (PID=1178) to work on /home/airflow/.local/lib/python3.12/site-packages/airflow/example_dags/example_task_group.py
[2024-08-25T00:15:19.298+0000] {processor.py:914} INFO - Processing file /home/airflow/.local/lib/python3.12/site-packages/airflow/example_dags/example_task_group.py for tasks to queue
[2024-08-25T00:15:19.313+0000] {logging_mixin.py:190} INFO - [2024-08-25T00:15:19.312+0000] {dagbag.py:587} INFO - Filling up the DagBag from /home/airflow/.local/lib/python3.12/site-packages/airflow/example_dags/example_task_group.py
[2024-08-25T00:15:19.357+0000] {processor.py:925} INFO - DAG(s) 'example_task_group' retrieved from /home/airflow/.local/lib/python3.12/site-packages/airflow/example_dags/example_task_group.py
[2024-08-25T00:15:19.447+0000] {logging_mixin.py:190} INFO - [2024-08-25T00:15:19.446+0000] {dag.py:3211} INFO - Sync 1 DAGs
[2024-08-25T00:15:19.535+0000] {logging_mixin.py:190} INFO - [2024-08-25T00:15:19.534+0000] {dag.py:4138} INFO - Setting next_dagrun for example_task_group to 2024-08-24 00:00:00+00:00, run_after=2024-08-25 00:00:00+00:00
[2024-08-25T00:15:19.596+0000] {processor.py:208} INFO - Processing /home/airflow/.local/lib/python3.12/site-packages/airflow/example_dags/example_task_group.py took 0.324 seconds
[2024-08-25T00:15:50.331+0000] {processor.py:186} INFO - Started process (PID=1242) to work on /home/airflow/.local/lib/python3.12/site-packages/airflow/example_dags/example_task_group.py
[2024-08-25T00:15:50.333+0000] {processor.py:914} INFO - Processing file /home/airflow/.local/lib/python3.12/site-packages/airflow/example_dags/example_task_group.py for tasks to queue
[2024-08-25T00:15:50.340+0000] {logging_mixin.py:190} INFO - [2024-08-25T00:15:50.339+0000] {dagbag.py:587} INFO - Filling up the DagBag from /home/airflow/.local/lib/python3.12/site-packages/airflow/example_dags/example_task_group.py
[2024-08-25T00:15:50.388+0000] {processor.py:925} INFO - DAG(s) 'example_task_group' retrieved from /home/airflow/.local/lib/python3.12/site-packages/airflow/example_dags/example_task_group.py
[2024-08-25T00:15:50.471+0000] {logging_mixin.py:190} INFO - [2024-08-25T00:15:50.470+0000] {dag.py:3211} INFO - Sync 1 DAGs
[2024-08-25T00:15:50.598+0000] {logging_mixin.py:190} INFO - [2024-08-25T00:15:50.598+0000] {dag.py:4138} INFO - Setting next_dagrun for example_task_group to 2024-08-24 00:00:00+00:00, run_after=2024-08-25 00:00:00+00:00
[2024-08-25T00:15:50.671+0000] {processor.py:208} INFO - Processing /home/airflow/.local/lib/python3.12/site-packages/airflow/example_dags/example_task_group.py took 0.376 seconds
[2024-08-25T00:16:22.065+0000] {processor.py:186} INFO - Started process (PID=1306) to work on /home/airflow/.local/lib/python3.12/site-packages/airflow/example_dags/example_task_group.py
[2024-08-25T00:16:22.067+0000] {processor.py:914} INFO - Processing file /home/airflow/.local/lib/python3.12/site-packages/airflow/example_dags/example_task_group.py for tasks to queue
[2024-08-25T00:16:22.081+0000] {logging_mixin.py:190} INFO - [2024-08-25T00:16:22.080+0000] {dagbag.py:587} INFO - Filling up the DagBag from /home/airflow/.local/lib/python3.12/site-packages/airflow/example_dags/example_task_group.py
[2024-08-25T00:16:22.136+0000] {processor.py:925} INFO - DAG(s) 'example_task_group' retrieved from /home/airflow/.local/lib/python3.12/site-packages/airflow/example_dags/example_task_group.py
[2024-08-25T00:16:22.223+0000] {logging_mixin.py:190} INFO - [2024-08-25T00:16:22.222+0000] {dag.py:3211} INFO - Sync 1 DAGs
[2024-08-25T00:16:22.418+0000] {logging_mixin.py:190} INFO - [2024-08-25T00:16:22.405+0000] {dag.py:4138} INFO - Setting next_dagrun for example_task_group to 2024-08-24 00:00:00+00:00, run_after=2024-08-25 00:00:00+00:00
[2024-08-25T00:16:22.796+0000] {processor.py:208} INFO - Processing /home/airflow/.local/lib/python3.12/site-packages/airflow/example_dags/example_task_group.py took 0.761 seconds
[2024-08-25T00:16:53.462+0000] {processor.py:186} INFO - Started process (PID=1369) to work on /home/airflow/.local/lib/python3.12/site-packages/airflow/example_dags/example_task_group.py
[2024-08-25T00:16:53.476+0000] {processor.py:914} INFO - Processing file /home/airflow/.local/lib/python3.12/site-packages/airflow/example_dags/example_task_group.py for tasks to queue
[2024-08-25T00:16:53.498+0000] {logging_mixin.py:190} INFO - [2024-08-25T00:16:53.497+0000] {dagbag.py:587} INFO - Filling up the DagBag from /home/airflow/.local/lib/python3.12/site-packages/airflow/example_dags/example_task_group.py
[2024-08-25T00:16:53.553+0000] {processor.py:925} INFO - DAG(s) 'example_task_group' retrieved from /home/airflow/.local/lib/python3.12/site-packages/airflow/example_dags/example_task_group.py
[2024-08-25T00:16:53.749+0000] {logging_mixin.py:190} INFO - [2024-08-25T00:16:53.748+0000] {dag.py:3211} INFO - Sync 1 DAGs
[2024-08-25T00:16:53.958+0000] {logging_mixin.py:190} INFO - [2024-08-25T00:16:53.957+0000] {dag.py:4138} INFO - Setting next_dagrun for example_task_group to 2024-08-24 00:00:00+00:00, run_after=2024-08-25 00:00:00+00:00
[2024-08-25T00:16:54.136+0000] {processor.py:208} INFO - Processing /home/airflow/.local/lib/python3.12/site-packages/airflow/example_dags/example_task_group.py took 0.721 seconds
[2024-08-25T00:17:25.232+0000] {processor.py:186} INFO - Started process (PID=1432) to work on /home/airflow/.local/lib/python3.12/site-packages/airflow/example_dags/example_task_group.py
[2024-08-25T00:17:25.235+0000] {processor.py:914} INFO - Processing file /home/airflow/.local/lib/python3.12/site-packages/airflow/example_dags/example_task_group.py for tasks to queue
[2024-08-25T00:17:25.242+0000] {logging_mixin.py:190} INFO - [2024-08-25T00:17:25.241+0000] {dagbag.py:587} INFO - Filling up the DagBag from /home/airflow/.local/lib/python3.12/site-packages/airflow/example_dags/example_task_group.py
[2024-08-25T00:17:25.294+0000] {processor.py:925} INFO - DAG(s) 'example_task_group' retrieved from /home/airflow/.local/lib/python3.12/site-packages/airflow/example_dags/example_task_group.py
[2024-08-25T00:17:25.389+0000] {logging_mixin.py:190} INFO - [2024-08-25T00:17:25.388+0000] {dag.py:3211} INFO - Sync 1 DAGs
[2024-08-25T00:17:25.458+0000] {logging_mixin.py:190} INFO - [2024-08-25T00:17:25.458+0000] {dag.py:4138} INFO - Setting next_dagrun for example_task_group to 2024-08-24 00:00:00+00:00, run_after=2024-08-25 00:00:00+00:00
[2024-08-25T00:17:25.510+0000] {processor.py:208} INFO - Processing /home/airflow/.local/lib/python3.12/site-packages/airflow/example_dags/example_task_group.py took 0.307 seconds
[2024-08-25T00:17:57.561+0000] {processor.py:186} INFO - Started process (PID=1495) to work on /home/airflow/.local/lib/python3.12/site-packages/airflow/example_dags/example_task_group.py
[2024-08-25T00:17:57.565+0000] {processor.py:914} INFO - Processing file /home/airflow/.local/lib/python3.12/site-packages/airflow/example_dags/example_task_group.py for tasks to queue
[2024-08-25T00:17:57.575+0000] {logging_mixin.py:190} INFO - [2024-08-25T00:17:57.573+0000] {dagbag.py:587} INFO - Filling up the DagBag from /home/airflow/.local/lib/python3.12/site-packages/airflow/example_dags/example_task_group.py
[2024-08-25T00:17:57.620+0000] {processor.py:925} INFO - DAG(s) 'example_task_group' retrieved from /home/airflow/.local/lib/python3.12/site-packages/airflow/example_dags/example_task_group.py
[2024-08-25T00:17:57.714+0000] {logging_mixin.py:190} INFO - [2024-08-25T00:17:57.713+0000] {dag.py:3211} INFO - Sync 1 DAGs
[2024-08-25T00:17:57.813+0000] {logging_mixin.py:190} INFO - [2024-08-25T00:17:57.812+0000] {dag.py:4138} INFO - Setting next_dagrun for example_task_group to 2024-08-24 00:00:00+00:00, run_after=2024-08-25 00:00:00+00:00
[2024-08-25T00:17:57.886+0000] {processor.py:208} INFO - Processing /home/airflow/.local/lib/python3.12/site-packages/airflow/example_dags/example_task_group.py took 0.348 seconds
[2024-08-25T00:18:30.030+0000] {processor.py:186} INFO - Started process (PID=1558) to work on /home/airflow/.local/lib/python3.12/site-packages/airflow/example_dags/example_task_group.py
[2024-08-25T00:18:30.045+0000] {processor.py:914} INFO - Processing file /home/airflow/.local/lib/python3.12/site-packages/airflow/example_dags/example_task_group.py for tasks to queue
[2024-08-25T00:18:30.064+0000] {logging_mixin.py:190} INFO - [2024-08-25T00:18:30.061+0000] {dagbag.py:587} INFO - Filling up the DagBag from /home/airflow/.local/lib/python3.12/site-packages/airflow/example_dags/example_task_group.py
[2024-08-25T00:18:30.188+0000] {processor.py:925} INFO - DAG(s) 'example_task_group' retrieved from /home/airflow/.local/lib/python3.12/site-packages/airflow/example_dags/example_task_group.py
[2024-08-25T00:18:30.422+0000] {logging_mixin.py:190} INFO - [2024-08-25T00:18:30.421+0000] {dag.py:3211} INFO - Sync 1 DAGs
[2024-08-25T00:18:30.644+0000] {logging_mixin.py:190} INFO - [2024-08-25T00:18:30.643+0000] {dag.py:4138} INFO - Setting next_dagrun for example_task_group to 2024-08-24 00:00:00+00:00, run_after=2024-08-25 00:00:00+00:00
[2024-08-25T00:18:30.720+0000] {processor.py:208} INFO - Processing /home/airflow/.local/lib/python3.12/site-packages/airflow/example_dags/example_task_group.py took 0.731 seconds
[2024-08-25T00:19:01.369+0000] {processor.py:186} INFO - Started process (PID=1621) to work on /home/airflow/.local/lib/python3.12/site-packages/airflow/example_dags/example_task_group.py
[2024-08-25T00:19:01.375+0000] {processor.py:914} INFO - Processing file /home/airflow/.local/lib/python3.12/site-packages/airflow/example_dags/example_task_group.py for tasks to queue
[2024-08-25T00:19:01.407+0000] {logging_mixin.py:190} INFO - [2024-08-25T00:19:01.406+0000] {dagbag.py:587} INFO - Filling up the DagBag from /home/airflow/.local/lib/python3.12/site-packages/airflow/example_dags/example_task_group.py
[2024-08-25T00:19:01.505+0000] {processor.py:925} INFO - DAG(s) 'example_task_group' retrieved from /home/airflow/.local/lib/python3.12/site-packages/airflow/example_dags/example_task_group.py
[2024-08-25T00:19:01.599+0000] {logging_mixin.py:190} INFO - [2024-08-25T00:19:01.598+0000] {dag.py:3211} INFO - Sync 1 DAGs
[2024-08-25T00:19:01.686+0000] {logging_mixin.py:190} INFO - [2024-08-25T00:19:01.685+0000] {dag.py:4138} INFO - Setting next_dagrun for example_task_group to 2024-08-24 00:00:00+00:00, run_after=2024-08-25 00:00:00+00:00
[2024-08-25T00:19:01.760+0000] {processor.py:208} INFO - Processing /home/airflow/.local/lib/python3.12/site-packages/airflow/example_dags/example_task_group.py took 0.426 seconds
[2024-08-25T00:19:32.420+0000] {processor.py:186} INFO - Started process (PID=1684) to work on /home/airflow/.local/lib/python3.12/site-packages/airflow/example_dags/example_task_group.py
[2024-08-25T00:19:32.421+0000] {processor.py:914} INFO - Processing file /home/airflow/.local/lib/python3.12/site-packages/airflow/example_dags/example_task_group.py for tasks to queue
[2024-08-25T00:19:32.427+0000] {logging_mixin.py:190} INFO - [2024-08-25T00:19:32.426+0000] {dagbag.py:587} INFO - Filling up the DagBag from /home/airflow/.local/lib/python3.12/site-packages/airflow/example_dags/example_task_group.py
[2024-08-25T00:19:32.449+0000] {processor.py:925} INFO - DAG(s) 'example_task_group' retrieved from /home/airflow/.local/lib/python3.12/site-packages/airflow/example_dags/example_task_group.py
[2024-08-25T00:19:32.502+0000] {logging_mixin.py:190} INFO - [2024-08-25T00:19:32.502+0000] {dag.py:3211} INFO - Sync 1 DAGs
[2024-08-25T00:19:32.569+0000] {logging_mixin.py:190} INFO - [2024-08-25T00:19:32.569+0000] {dag.py:4138} INFO - Setting next_dagrun for example_task_group to 2024-08-24 00:00:00+00:00, run_after=2024-08-25 00:00:00+00:00
[2024-08-25T00:19:32.623+0000] {processor.py:208} INFO - Processing /home/airflow/.local/lib/python3.12/site-packages/airflow/example_dags/example_task_group.py took 0.219 seconds
[2024-08-25T00:20:02.742+0000] {processor.py:186} INFO - Started process (PID=1746) to work on /home/airflow/.local/lib/python3.12/site-packages/airflow/example_dags/example_task_group.py
[2024-08-25T00:20:02.744+0000] {processor.py:914} INFO - Processing file /home/airflow/.local/lib/python3.12/site-packages/airflow/example_dags/example_task_group.py for tasks to queue
[2024-08-25T00:20:02.753+0000] {logging_mixin.py:190} INFO - [2024-08-25T00:20:02.750+0000] {dagbag.py:587} INFO - Filling up the DagBag from /home/airflow/.local/lib/python3.12/site-packages/airflow/example_dags/example_task_group.py
[2024-08-25T00:20:02.798+0000] {processor.py:925} INFO - DAG(s) 'example_task_group' retrieved from /home/airflow/.local/lib/python3.12/site-packages/airflow/example_dags/example_task_group.py
[2024-08-25T00:20:02.886+0000] {logging_mixin.py:190} INFO - [2024-08-25T00:20:02.885+0000] {dag.py:3211} INFO - Sync 1 DAGs
[2024-08-25T00:20:03.074+0000] {logging_mixin.py:190} INFO - [2024-08-25T00:20:03.072+0000] {dag.py:4138} INFO - Setting next_dagrun for example_task_group to 2024-08-24 00:00:00+00:00, run_after=2024-08-25 00:00:00+00:00
[2024-08-25T00:20:03.230+0000] {processor.py:208} INFO - Processing /home/airflow/.local/lib/python3.12/site-packages/airflow/example_dags/example_task_group.py took 0.505 seconds
[2024-08-25T00:20:34.066+0000] {processor.py:186} INFO - Started process (PID=1810) to work on /home/airflow/.local/lib/python3.12/site-packages/airflow/example_dags/example_task_group.py
[2024-08-25T00:20:34.073+0000] {processor.py:914} INFO - Processing file /home/airflow/.local/lib/python3.12/site-packages/airflow/example_dags/example_task_group.py for tasks to queue
[2024-08-25T00:20:34.110+0000] {logging_mixin.py:190} INFO - [2024-08-25T00:20:34.109+0000] {dagbag.py:587} INFO - Filling up the DagBag from /home/airflow/.local/lib/python3.12/site-packages/airflow/example_dags/example_task_group.py
[2024-08-25T00:20:34.188+0000] {processor.py:925} INFO - DAG(s) 'example_task_group' retrieved from /home/airflow/.local/lib/python3.12/site-packages/airflow/example_dags/example_task_group.py
[2024-08-25T00:20:34.262+0000] {logging_mixin.py:190} INFO - [2024-08-25T00:20:34.262+0000] {dag.py:3211} INFO - Sync 1 DAGs
[2024-08-25T00:20:34.336+0000] {logging_mixin.py:190} INFO - [2024-08-25T00:20:34.335+0000] {dag.py:4138} INFO - Setting next_dagrun for example_task_group to 2024-08-24 00:00:00+00:00, run_after=2024-08-25 00:00:00+00:00
[2024-08-25T00:20:34.386+0000] {processor.py:208} INFO - Processing /home/airflow/.local/lib/python3.12/site-packages/airflow/example_dags/example_task_group.py took 0.361 seconds
[2024-08-25T00:26:37.165+0000] {processor.py:186} INFO - Started process (PID=105) to work on /home/airflow/.local/lib/python3.12/site-packages/airflow/example_dags/example_task_group.py
[2024-08-25T00:26:37.167+0000] {processor.py:914} INFO - Processing file /home/airflow/.local/lib/python3.12/site-packages/airflow/example_dags/example_task_group.py for tasks to queue
[2024-08-25T00:26:37.191+0000] {logging_mixin.py:190} INFO - [2024-08-25T00:26:37.190+0000] {dagbag.py:587} INFO - Filling up the DagBag from /home/airflow/.local/lib/python3.12/site-packages/airflow/example_dags/example_task_group.py
[2024-08-25T00:26:37.346+0000] {processor.py:925} INFO - DAG(s) 'example_task_group' retrieved from /home/airflow/.local/lib/python3.12/site-packages/airflow/example_dags/example_task_group.py
[2024-08-25T00:26:37.553+0000] {logging_mixin.py:190} INFO - [2024-08-25T00:26:37.552+0000] {dag.py:3211} INFO - Sync 1 DAGs
[2024-08-25T00:26:38.092+0000] {logging_mixin.py:190} INFO - [2024-08-25T00:26:38.092+0000] {dag.py:4138} INFO - Setting next_dagrun for example_task_group to 2024-08-24 00:00:00+00:00, run_after=2024-08-25 00:00:00+00:00
[2024-08-25T00:26:38.525+0000] {processor.py:208} INFO - Processing /home/airflow/.local/lib/python3.12/site-packages/airflow/example_dags/example_task_group.py took 1.391 seconds
[2024-08-25T00:27:35.985+0000] {processor.py:186} INFO - Started process (PID=174) to work on /home/airflow/.local/lib/python3.12/site-packages/airflow/example_dags/example_task_group.py
[2024-08-25T00:27:35.993+0000] {processor.py:914} INFO - Processing file /home/airflow/.local/lib/python3.12/site-packages/airflow/example_dags/example_task_group.py for tasks to queue
[2024-08-25T00:27:36.010+0000] {logging_mixin.py:190} INFO - [2024-08-25T00:27:36.005+0000] {dagbag.py:587} INFO - Filling up the DagBag from /home/airflow/.local/lib/python3.12/site-packages/airflow/example_dags/example_task_group.py
[2024-08-25T00:27:36.132+0000] {processor.py:925} INFO - DAG(s) 'example_task_group' retrieved from /home/airflow/.local/lib/python3.12/site-packages/airflow/example_dags/example_task_group.py
[2024-08-25T00:27:36.424+0000] {logging_mixin.py:190} INFO - [2024-08-25T00:27:36.423+0000] {dag.py:3211} INFO - Sync 1 DAGs
[2024-08-25T00:27:36.837+0000] {logging_mixin.py:190} INFO - [2024-08-25T00:27:36.836+0000] {dag.py:4138} INFO - Setting next_dagrun for example_task_group to 2024-08-24 00:00:00+00:00, run_after=2024-08-25 00:00:00+00:00
[2024-08-25T00:27:37.155+0000] {processor.py:208} INFO - Processing /home/airflow/.local/lib/python3.12/site-packages/airflow/example_dags/example_task_group.py took 1.335 seconds
[2024-08-25T00:28:23.959+0000] {processor.py:186} INFO - Started process (PID=237) to work on /home/airflow/.local/lib/python3.12/site-packages/airflow/example_dags/example_task_group.py
[2024-08-25T00:28:23.963+0000] {processor.py:914} INFO - Processing file /home/airflow/.local/lib/python3.12/site-packages/airflow/example_dags/example_task_group.py for tasks to queue
[2024-08-25T00:28:23.976+0000] {logging_mixin.py:190} INFO - [2024-08-25T00:28:23.973+0000] {dagbag.py:587} INFO - Filling up the DagBag from /home/airflow/.local/lib/python3.12/site-packages/airflow/example_dags/example_task_group.py
[2024-08-25T00:28:24.075+0000] {processor.py:925} INFO - DAG(s) 'example_task_group' retrieved from /home/airflow/.local/lib/python3.12/site-packages/airflow/example_dags/example_task_group.py
[2024-08-25T00:28:24.442+0000] {logging_mixin.py:190} INFO - [2024-08-25T00:28:24.441+0000] {dag.py:3211} INFO - Sync 1 DAGs
[2024-08-25T00:28:24.569+0000] {logging_mixin.py:190} INFO - [2024-08-25T00:28:24.569+0000] {dag.py:4138} INFO - Setting next_dagrun for example_task_group to 2024-08-24 00:00:00+00:00, run_after=2024-08-25 00:00:00+00:00
[2024-08-25T00:28:24.742+0000] {processor.py:208} INFO - Processing /home/airflow/.local/lib/python3.12/site-packages/airflow/example_dags/example_task_group.py took 0.816 seconds
[2024-08-25T00:28:56.845+0000] {processor.py:186} INFO - Started process (PID=300) to work on /home/airflow/.local/lib/python3.12/site-packages/airflow/example_dags/example_task_group.py
[2024-08-25T00:28:56.849+0000] {processor.py:914} INFO - Processing file /home/airflow/.local/lib/python3.12/site-packages/airflow/example_dags/example_task_group.py for tasks to queue
[2024-08-25T00:28:56.869+0000] {logging_mixin.py:190} INFO - [2024-08-25T00:28:56.868+0000] {dagbag.py:587} INFO - Filling up the DagBag from /home/airflow/.local/lib/python3.12/site-packages/airflow/example_dags/example_task_group.py
[2024-08-25T00:28:56.952+0000] {processor.py:925} INFO - DAG(s) 'example_task_group' retrieved from /home/airflow/.local/lib/python3.12/site-packages/airflow/example_dags/example_task_group.py
[2024-08-25T00:28:57.117+0000] {logging_mixin.py:190} INFO - [2024-08-25T00:28:57.116+0000] {dag.py:3211} INFO - Sync 1 DAGs
[2024-08-25T00:28:57.244+0000] {logging_mixin.py:190} INFO - [2024-08-25T00:28:57.244+0000] {dag.py:4138} INFO - Setting next_dagrun for example_task_group to 2024-08-24 00:00:00+00:00, run_after=2024-08-25 00:00:00+00:00
[2024-08-25T00:28:57.358+0000] {processor.py:208} INFO - Processing /home/airflow/.local/lib/python3.12/site-packages/airflow/example_dags/example_task_group.py took 0.548 seconds
[2024-08-25T00:29:27.840+0000] {processor.py:186} INFO - Started process (PID=363) to work on /home/airflow/.local/lib/python3.12/site-packages/airflow/example_dags/example_task_group.py
[2024-08-25T00:29:27.844+0000] {processor.py:914} INFO - Processing file /home/airflow/.local/lib/python3.12/site-packages/airflow/example_dags/example_task_group.py for tasks to queue
[2024-08-25T00:29:27.851+0000] {logging_mixin.py:190} INFO - [2024-08-25T00:29:27.850+0000] {dagbag.py:587} INFO - Filling up the DagBag from /home/airflow/.local/lib/python3.12/site-packages/airflow/example_dags/example_task_group.py
[2024-08-25T00:29:27.881+0000] {processor.py:925} INFO - DAG(s) 'example_task_group' retrieved from /home/airflow/.local/lib/python3.12/site-packages/airflow/example_dags/example_task_group.py
[2024-08-25T00:29:27.957+0000] {logging_mixin.py:190} INFO - [2024-08-25T00:29:27.956+0000] {dag.py:3211} INFO - Sync 1 DAGs
[2024-08-25T00:29:28.028+0000] {logging_mixin.py:190} INFO - [2024-08-25T00:29:28.026+0000] {dag.py:4138} INFO - Setting next_dagrun for example_task_group to 2024-08-24 00:00:00+00:00, run_after=2024-08-25 00:00:00+00:00
[2024-08-25T00:29:28.084+0000] {processor.py:208} INFO - Processing /home/airflow/.local/lib/python3.12/site-packages/airflow/example_dags/example_task_group.py took 0.262 seconds
[2024-08-25T00:29:59.390+0000] {processor.py:186} INFO - Started process (PID=422) to work on /home/airflow/.local/lib/python3.12/site-packages/airflow/example_dags/example_task_group.py
[2024-08-25T00:29:59.394+0000] {processor.py:914} INFO - Processing file /home/airflow/.local/lib/python3.12/site-packages/airflow/example_dags/example_task_group.py for tasks to queue
[2024-08-25T00:29:59.400+0000] {logging_mixin.py:190} INFO - [2024-08-25T00:29:59.400+0000] {dagbag.py:587} INFO - Filling up the DagBag from /home/airflow/.local/lib/python3.12/site-packages/airflow/example_dags/example_task_group.py
[2024-08-25T00:29:59.432+0000] {processor.py:925} INFO - DAG(s) 'example_task_group' retrieved from /home/airflow/.local/lib/python3.12/site-packages/airflow/example_dags/example_task_group.py
[2024-08-25T00:29:59.582+0000] {logging_mixin.py:190} INFO - [2024-08-25T00:29:59.581+0000] {dag.py:3211} INFO - Sync 1 DAGs
[2024-08-25T00:29:59.803+0000] {logging_mixin.py:190} INFO - [2024-08-25T00:29:59.802+0000] {dag.py:4138} INFO - Setting next_dagrun for example_task_group to 2024-08-24 00:00:00+00:00, run_after=2024-08-25 00:00:00+00:00
[2024-08-25T00:29:59.908+0000] {processor.py:208} INFO - Processing /home/airflow/.local/lib/python3.12/site-packages/airflow/example_dags/example_task_group.py took 0.539 seconds
[2024-08-25T00:30:38.604+0000] {processor.py:186} INFO - Started process (PID=485) to work on /home/airflow/.local/lib/python3.12/site-packages/airflow/example_dags/example_task_group.py
[2024-08-25T00:30:38.613+0000] {processor.py:914} INFO - Processing file /home/airflow/.local/lib/python3.12/site-packages/airflow/example_dags/example_task_group.py for tasks to queue
[2024-08-25T00:30:38.620+0000] {logging_mixin.py:190} INFO - [2024-08-25T00:30:38.619+0000] {dagbag.py:587} INFO - Filling up the DagBag from /home/airflow/.local/lib/python3.12/site-packages/airflow/example_dags/example_task_group.py
[2024-08-25T00:30:38.653+0000] {processor.py:925} INFO - DAG(s) 'example_task_group' retrieved from /home/airflow/.local/lib/python3.12/site-packages/airflow/example_dags/example_task_group.py
[2024-08-25T00:30:38.721+0000] {logging_mixin.py:190} INFO - [2024-08-25T00:30:38.721+0000] {dag.py:3211} INFO - Sync 1 DAGs
[2024-08-25T00:30:38.807+0000] {logging_mixin.py:190} INFO - [2024-08-25T00:30:38.807+0000] {dag.py:4138} INFO - Setting next_dagrun for example_task_group to 2024-08-24 00:00:00+00:00, run_after=2024-08-25 00:00:00+00:00
[2024-08-25T00:30:38.885+0000] {processor.py:208} INFO - Processing /home/airflow/.local/lib/python3.12/site-packages/airflow/example_dags/example_task_group.py took 0.314 seconds
[2024-08-25T00:31:11.351+0000] {processor.py:186} INFO - Started process (PID=549) to work on /home/airflow/.local/lib/python3.12/site-packages/airflow/example_dags/example_task_group.py
[2024-08-25T00:31:11.371+0000] {processor.py:914} INFO - Processing file /home/airflow/.local/lib/python3.12/site-packages/airflow/example_dags/example_task_group.py for tasks to queue
[2024-08-25T00:31:11.379+0000] {logging_mixin.py:190} INFO - [2024-08-25T00:31:11.378+0000] {dagbag.py:587} INFO - Filling up the DagBag from /home/airflow/.local/lib/python3.12/site-packages/airflow/example_dags/example_task_group.py
[2024-08-25T00:31:11.491+0000] {processor.py:925} INFO - DAG(s) 'example_task_group' retrieved from /home/airflow/.local/lib/python3.12/site-packages/airflow/example_dags/example_task_group.py
[2024-08-25T00:31:11.622+0000] {logging_mixin.py:190} INFO - [2024-08-25T00:31:11.622+0000] {dag.py:3211} INFO - Sync 1 DAGs
[2024-08-25T00:31:11.715+0000] {logging_mixin.py:190} INFO - [2024-08-25T00:31:11.713+0000] {dag.py:4138} INFO - Setting next_dagrun for example_task_group to 2024-08-24 00:00:00+00:00, run_after=2024-08-25 00:00:00+00:00
[2024-08-25T00:31:11.768+0000] {processor.py:208} INFO - Processing /home/airflow/.local/lib/python3.12/site-packages/airflow/example_dags/example_task_group.py took 0.467 seconds
[2024-08-25T00:31:59.375+0000] {processor.py:186} INFO - Started process (PID=608) to work on /home/airflow/.local/lib/python3.12/site-packages/airflow/example_dags/example_task_group.py
[2024-08-25T00:31:59.389+0000] {processor.py:914} INFO - Processing file /home/airflow/.local/lib/python3.12/site-packages/airflow/example_dags/example_task_group.py for tasks to queue
[2024-08-25T00:31:59.404+0000] {logging_mixin.py:190} INFO - [2024-08-25T00:31:59.402+0000] {dagbag.py:587} INFO - Filling up the DagBag from /home/airflow/.local/lib/python3.12/site-packages/airflow/example_dags/example_task_group.py
[2024-08-25T00:31:59.454+0000] {processor.py:925} INFO - DAG(s) 'example_task_group' retrieved from /home/airflow/.local/lib/python3.12/site-packages/airflow/example_dags/example_task_group.py
[2024-08-25T00:31:59.575+0000] {logging_mixin.py:190} INFO - [2024-08-25T00:31:59.574+0000] {dag.py:3211} INFO - Sync 1 DAGs
[2024-08-25T00:31:59.730+0000] {logging_mixin.py:190} INFO - [2024-08-25T00:31:59.726+0000] {dag.py:4138} INFO - Setting next_dagrun for example_task_group to 2024-08-24 00:00:00+00:00, run_after=2024-08-25 00:00:00+00:00
[2024-08-25T00:31:59.888+0000] {processor.py:208} INFO - Processing /home/airflow/.local/lib/python3.12/site-packages/airflow/example_dags/example_task_group.py took 0.545 seconds
[2024-08-25T00:32:32.745+0000] {processor.py:186} INFO - Started process (PID=671) to work on /home/airflow/.local/lib/python3.12/site-packages/airflow/example_dags/example_task_group.py
[2024-08-25T00:32:32.750+0000] {processor.py:914} INFO - Processing file /home/airflow/.local/lib/python3.12/site-packages/airflow/example_dags/example_task_group.py for tasks to queue
[2024-08-25T00:32:32.773+0000] {logging_mixin.py:190} INFO - [2024-08-25T00:32:32.772+0000] {dagbag.py:587} INFO - Filling up the DagBag from /home/airflow/.local/lib/python3.12/site-packages/airflow/example_dags/example_task_group.py
[2024-08-25T00:32:32.878+0000] {processor.py:925} INFO - DAG(s) 'example_task_group' retrieved from /home/airflow/.local/lib/python3.12/site-packages/airflow/example_dags/example_task_group.py
[2024-08-25T00:32:33.056+0000] {logging_mixin.py:190} INFO - [2024-08-25T00:32:33.055+0000] {dag.py:3211} INFO - Sync 1 DAGs
[2024-08-25T00:32:33.322+0000] {logging_mixin.py:190} INFO - [2024-08-25T00:32:33.321+0000] {dag.py:4138} INFO - Setting next_dagrun for example_task_group to 2024-08-24 00:00:00+00:00, run_after=2024-08-25 00:00:00+00:00
[2024-08-25T00:32:33.504+0000] {processor.py:208} INFO - Processing /home/airflow/.local/lib/python3.12/site-packages/airflow/example_dags/example_task_group.py took 0.800 seconds
[2024-08-25T00:33:29.711+0000] {processor.py:186} INFO - Started process (PID=747) to work on /home/airflow/.local/lib/python3.12/site-packages/airflow/example_dags/example_task_group.py
[2024-08-25T00:33:29.787+0000] {processor.py:914} INFO - Processing file /home/airflow/.local/lib/python3.12/site-packages/airflow/example_dags/example_task_group.py for tasks to queue
[2024-08-25T00:33:29.837+0000] {logging_mixin.py:190} INFO - [2024-08-25T00:33:29.836+0000] {dagbag.py:587} INFO - Filling up the DagBag from /home/airflow/.local/lib/python3.12/site-packages/airflow/example_dags/example_task_group.py
[2024-08-25T00:33:30.029+0000] {processor.py:925} INFO - DAG(s) 'example_task_group' retrieved from /home/airflow/.local/lib/python3.12/site-packages/airflow/example_dags/example_task_group.py
[2024-08-25T00:33:30.369+0000] {logging_mixin.py:190} INFO - [2024-08-25T00:33:30.368+0000] {dag.py:3211} INFO - Sync 1 DAGs
[2024-08-25T00:33:30.687+0000] {logging_mixin.py:190} INFO - [2024-08-25T00:33:30.687+0000] {dag.py:4138} INFO - Setting next_dagrun for example_task_group to 2024-08-24 00:00:00+00:00, run_after=2024-08-25 00:00:00+00:00
[2024-08-25T00:33:31.141+0000] {processor.py:208} INFO - Processing /home/airflow/.local/lib/python3.12/site-packages/airflow/example_dags/example_task_group.py took 1.497 seconds
[2024-08-25T00:34:17.248+0000] {processor.py:186} INFO - Started process (PID=816) to work on /home/airflow/.local/lib/python3.12/site-packages/airflow/example_dags/example_task_group.py
[2024-08-25T00:34:17.252+0000] {processor.py:914} INFO - Processing file /home/airflow/.local/lib/python3.12/site-packages/airflow/example_dags/example_task_group.py for tasks to queue
[2024-08-25T00:34:17.261+0000] {logging_mixin.py:190} INFO - [2024-08-25T00:34:17.260+0000] {dagbag.py:587} INFO - Filling up the DagBag from /home/airflow/.local/lib/python3.12/site-packages/airflow/example_dags/example_task_group.py
[2024-08-25T00:34:17.319+0000] {processor.py:925} INFO - DAG(s) 'example_task_group' retrieved from /home/airflow/.local/lib/python3.12/site-packages/airflow/example_dags/example_task_group.py
[2024-08-25T00:34:17.466+0000] {logging_mixin.py:190} INFO - [2024-08-25T00:34:17.465+0000] {dag.py:3211} INFO - Sync 1 DAGs
[2024-08-25T00:34:17.623+0000] {logging_mixin.py:190} INFO - [2024-08-25T00:34:17.622+0000] {dag.py:4138} INFO - Setting next_dagrun for example_task_group to 2024-08-24 00:00:00+00:00, run_after=2024-08-25 00:00:00+00:00
[2024-08-25T00:34:17.726+0000] {processor.py:208} INFO - Processing /home/airflow/.local/lib/python3.12/site-packages/airflow/example_dags/example_task_group.py took 0.519 seconds
[2024-08-25T00:34:50.700+0000] {processor.py:186} INFO - Started process (PID=879) to work on /home/airflow/.local/lib/python3.12/site-packages/airflow/example_dags/example_task_group.py
[2024-08-25T00:34:50.702+0000] {processor.py:914} INFO - Processing file /home/airflow/.local/lib/python3.12/site-packages/airflow/example_dags/example_task_group.py for tasks to queue
[2024-08-25T00:34:50.713+0000] {logging_mixin.py:190} INFO - [2024-08-25T00:34:50.711+0000] {dagbag.py:587} INFO - Filling up the DagBag from /home/airflow/.local/lib/python3.12/site-packages/airflow/example_dags/example_task_group.py
[2024-08-25T00:34:50.740+0000] {processor.py:925} INFO - DAG(s) 'example_task_group' retrieved from /home/airflow/.local/lib/python3.12/site-packages/airflow/example_dags/example_task_group.py
[2024-08-25T00:34:50.816+0000] {logging_mixin.py:190} INFO - [2024-08-25T00:34:50.815+0000] {dag.py:3211} INFO - Sync 1 DAGs
[2024-08-25T00:34:50.898+0000] {logging_mixin.py:190} INFO - [2024-08-25T00:34:50.897+0000] {dag.py:4138} INFO - Setting next_dagrun for example_task_group to 2024-08-24 00:00:00+00:00, run_after=2024-08-25 00:00:00+00:00
[2024-08-25T00:34:50.950+0000] {processor.py:208} INFO - Processing /home/airflow/.local/lib/python3.12/site-packages/airflow/example_dags/example_task_group.py took 0.271 seconds
[2024-08-25T00:35:21.898+0000] {processor.py:186} INFO - Started process (PID=940) to work on /home/airflow/.local/lib/python3.12/site-packages/airflow/example_dags/example_task_group.py
[2024-08-25T00:35:21.901+0000] {processor.py:914} INFO - Processing file /home/airflow/.local/lib/python3.12/site-packages/airflow/example_dags/example_task_group.py for tasks to queue
[2024-08-25T00:35:21.913+0000] {logging_mixin.py:190} INFO - [2024-08-25T00:35:21.912+0000] {dagbag.py:587} INFO - Filling up the DagBag from /home/airflow/.local/lib/python3.12/site-packages/airflow/example_dags/example_task_group.py
[2024-08-25T00:35:21.958+0000] {processor.py:925} INFO - DAG(s) 'example_task_group' retrieved from /home/airflow/.local/lib/python3.12/site-packages/airflow/example_dags/example_task_group.py
[2024-08-25T00:35:22.111+0000] {logging_mixin.py:190} INFO - [2024-08-25T00:35:22.110+0000] {dag.py:3211} INFO - Sync 1 DAGs
[2024-08-25T00:35:22.231+0000] {logging_mixin.py:190} INFO - [2024-08-25T00:35:22.230+0000] {dag.py:4138} INFO - Setting next_dagrun for example_task_group to 2024-08-24 00:00:00+00:00, run_after=2024-08-25 00:00:00+00:00
[2024-08-25T00:35:22.415+0000] {processor.py:208} INFO - Processing /home/airflow/.local/lib/python3.12/site-packages/airflow/example_dags/example_task_group.py took 0.538 seconds
[2024-08-25T00:35:56.997+0000] {processor.py:186} INFO - Started process (PID=1002) to work on /home/airflow/.local/lib/python3.12/site-packages/airflow/example_dags/example_task_group.py
[2024-08-25T00:35:56.999+0000] {processor.py:914} INFO - Processing file /home/airflow/.local/lib/python3.12/site-packages/airflow/example_dags/example_task_group.py for tasks to queue
[2024-08-25T00:35:57.012+0000] {logging_mixin.py:190} INFO - [2024-08-25T00:35:57.011+0000] {dagbag.py:587} INFO - Filling up the DagBag from /home/airflow/.local/lib/python3.12/site-packages/airflow/example_dags/example_task_group.py
[2024-08-25T00:35:57.058+0000] {processor.py:925} INFO - DAG(s) 'example_task_group' retrieved from /home/airflow/.local/lib/python3.12/site-packages/airflow/example_dags/example_task_group.py
[2024-08-25T00:35:57.157+0000] {logging_mixin.py:190} INFO - [2024-08-25T00:35:57.156+0000] {dag.py:3211} INFO - Sync 1 DAGs
[2024-08-25T00:35:57.432+0000] {logging_mixin.py:190} INFO - [2024-08-25T00:35:57.431+0000] {dag.py:4138} INFO - Setting next_dagrun for example_task_group to 2024-08-24 00:00:00+00:00, run_after=2024-08-25 00:00:00+00:00
[2024-08-25T00:35:57.829+0000] {processor.py:208} INFO - Processing /home/airflow/.local/lib/python3.12/site-packages/airflow/example_dags/example_task_group.py took 0.866 seconds
[2024-08-25T00:36:29.767+0000] {processor.py:186} INFO - Started process (PID=1065) to work on /home/airflow/.local/lib/python3.12/site-packages/airflow/example_dags/example_task_group.py
[2024-08-25T00:36:29.770+0000] {processor.py:914} INFO - Processing file /home/airflow/.local/lib/python3.12/site-packages/airflow/example_dags/example_task_group.py for tasks to queue
[2024-08-25T00:36:29.776+0000] {logging_mixin.py:190} INFO - [2024-08-25T00:36:29.775+0000] {dagbag.py:587} INFO - Filling up the DagBag from /home/airflow/.local/lib/python3.12/site-packages/airflow/example_dags/example_task_group.py
[2024-08-25T00:36:29.811+0000] {processor.py:925} INFO - DAG(s) 'example_task_group' retrieved from /home/airflow/.local/lib/python3.12/site-packages/airflow/example_dags/example_task_group.py
[2024-08-25T00:36:29.904+0000] {logging_mixin.py:190} INFO - [2024-08-25T00:36:29.903+0000] {dag.py:3211} INFO - Sync 1 DAGs
[2024-08-25T00:36:30.050+0000] {logging_mixin.py:190} INFO - [2024-08-25T00:36:30.049+0000] {dag.py:4138} INFO - Setting next_dagrun for example_task_group to 2024-08-24 00:00:00+00:00, run_after=2024-08-25 00:00:00+00:00
[2024-08-25T00:36:30.128+0000] {processor.py:208} INFO - Processing /home/airflow/.local/lib/python3.12/site-packages/airflow/example_dags/example_task_group.py took 0.380 seconds
[2024-08-25T00:37:01.578+0000] {processor.py:186} INFO - Started process (PID=1129) to work on /home/airflow/.local/lib/python3.12/site-packages/airflow/example_dags/example_task_group.py
[2024-08-25T00:37:01.582+0000] {processor.py:914} INFO - Processing file /home/airflow/.local/lib/python3.12/site-packages/airflow/example_dags/example_task_group.py for tasks to queue
[2024-08-25T00:37:01.588+0000] {logging_mixin.py:190} INFO - [2024-08-25T00:37:01.587+0000] {dagbag.py:587} INFO - Filling up the DagBag from /home/airflow/.local/lib/python3.12/site-packages/airflow/example_dags/example_task_group.py
[2024-08-25T00:37:01.640+0000] {processor.py:925} INFO - DAG(s) 'example_task_group' retrieved from /home/airflow/.local/lib/python3.12/site-packages/airflow/example_dags/example_task_group.py
[2024-08-25T00:37:01.814+0000] {logging_mixin.py:190} INFO - [2024-08-25T00:37:01.813+0000] {dag.py:3211} INFO - Sync 1 DAGs
[2024-08-25T00:37:01.907+0000] {logging_mixin.py:190} INFO - [2024-08-25T00:37:01.906+0000] {dag.py:4138} INFO - Setting next_dagrun for example_task_group to 2024-08-24 00:00:00+00:00, run_after=2024-08-25 00:00:00+00:00
[2024-08-25T00:37:01.983+0000] {processor.py:208} INFO - Processing /home/airflow/.local/lib/python3.12/site-packages/airflow/example_dags/example_task_group.py took 0.433 seconds
[2024-08-25T00:37:33.079+0000] {processor.py:186} INFO - Started process (PID=1191) to work on /home/airflow/.local/lib/python3.12/site-packages/airflow/example_dags/example_task_group.py
[2024-08-25T00:37:33.090+0000] {processor.py:914} INFO - Processing file /home/airflow/.local/lib/python3.12/site-packages/airflow/example_dags/example_task_group.py for tasks to queue
[2024-08-25T00:37:33.098+0000] {logging_mixin.py:190} INFO - [2024-08-25T00:37:33.097+0000] {dagbag.py:587} INFO - Filling up the DagBag from /home/airflow/.local/lib/python3.12/site-packages/airflow/example_dags/example_task_group.py
[2024-08-25T00:37:33.226+0000] {processor.py:925} INFO - DAG(s) 'example_task_group' retrieved from /home/airflow/.local/lib/python3.12/site-packages/airflow/example_dags/example_task_group.py
[2024-08-25T00:37:33.434+0000] {logging_mixin.py:190} INFO - [2024-08-25T00:37:33.433+0000] {dag.py:3211} INFO - Sync 1 DAGs
[2024-08-25T00:37:33.527+0000] {logging_mixin.py:190} INFO - [2024-08-25T00:37:33.527+0000] {dag.py:4138} INFO - Setting next_dagrun for example_task_group to 2024-08-24 00:00:00+00:00, run_after=2024-08-25 00:00:00+00:00
[2024-08-25T00:37:33.589+0000] {processor.py:208} INFO - Processing /home/airflow/.local/lib/python3.12/site-packages/airflow/example_dags/example_task_group.py took 0.549 seconds
[2024-08-25T00:38:03.865+0000] {processor.py:186} INFO - Started process (PID=1253) to work on /home/airflow/.local/lib/python3.12/site-packages/airflow/example_dags/example_task_group.py
[2024-08-25T00:38:03.867+0000] {processor.py:914} INFO - Processing file /home/airflow/.local/lib/python3.12/site-packages/airflow/example_dags/example_task_group.py for tasks to queue
[2024-08-25T00:38:03.870+0000] {logging_mixin.py:190} INFO - [2024-08-25T00:38:03.869+0000] {dagbag.py:587} INFO - Filling up the DagBag from /home/airflow/.local/lib/python3.12/site-packages/airflow/example_dags/example_task_group.py
[2024-08-25T00:38:03.909+0000] {processor.py:925} INFO - DAG(s) 'example_task_group' retrieved from /home/airflow/.local/lib/python3.12/site-packages/airflow/example_dags/example_task_group.py
[2024-08-25T00:38:04.040+0000] {logging_mixin.py:190} INFO - [2024-08-25T00:38:04.039+0000] {dag.py:3211} INFO - Sync 1 DAGs
[2024-08-25T00:38:04.216+0000] {logging_mixin.py:190} INFO - [2024-08-25T00:38:04.216+0000] {dag.py:4138} INFO - Setting next_dagrun for example_task_group to 2024-08-24 00:00:00+00:00, run_after=2024-08-25 00:00:00+00:00
[2024-08-25T00:38:04.313+0000] {processor.py:208} INFO - Processing /home/airflow/.local/lib/python3.12/site-packages/airflow/example_dags/example_task_group.py took 0.464 seconds
[2024-08-25T00:38:38.782+0000] {processor.py:186} INFO - Started process (PID=1319) to work on /home/airflow/.local/lib/python3.12/site-packages/airflow/example_dags/example_task_group.py
[2024-08-25T00:38:38.787+0000] {processor.py:914} INFO - Processing file /home/airflow/.local/lib/python3.12/site-packages/airflow/example_dags/example_task_group.py for tasks to queue
[2024-08-25T00:38:38.799+0000] {logging_mixin.py:190} INFO - [2024-08-25T00:38:38.798+0000] {dagbag.py:587} INFO - Filling up the DagBag from /home/airflow/.local/lib/python3.12/site-packages/airflow/example_dags/example_task_group.py
[2024-08-25T00:38:38.869+0000] {processor.py:925} INFO - DAG(s) 'example_task_group' retrieved from /home/airflow/.local/lib/python3.12/site-packages/airflow/example_dags/example_task_group.py
[2024-08-25T00:38:39.035+0000] {logging_mixin.py:190} INFO - [2024-08-25T00:38:39.034+0000] {dag.py:3211} INFO - Sync 1 DAGs
[2024-08-25T00:38:39.223+0000] {logging_mixin.py:190} INFO - [2024-08-25T00:38:39.216+0000] {dag.py:4138} INFO - Setting next_dagrun for example_task_group to 2024-08-24 00:00:00+00:00, run_after=2024-08-25 00:00:00+00:00
[2024-08-25T00:38:39.422+0000] {processor.py:208} INFO - Processing /home/airflow/.local/lib/python3.12/site-packages/airflow/example_dags/example_task_group.py took 0.673 seconds
[2024-08-25T00:39:11.292+0000] {processor.py:186} INFO - Started process (PID=1382) to work on /home/airflow/.local/lib/python3.12/site-packages/airflow/example_dags/example_task_group.py
[2024-08-25T00:39:11.297+0000] {processor.py:914} INFO - Processing file /home/airflow/.local/lib/python3.12/site-packages/airflow/example_dags/example_task_group.py for tasks to queue
[2024-08-25T00:39:11.303+0000] {logging_mixin.py:190} INFO - [2024-08-25T00:39:11.302+0000] {dagbag.py:587} INFO - Filling up the DagBag from /home/airflow/.local/lib/python3.12/site-packages/airflow/example_dags/example_task_group.py
[2024-08-25T00:39:11.413+0000] {processor.py:925} INFO - DAG(s) 'example_task_group' retrieved from /home/airflow/.local/lib/python3.12/site-packages/airflow/example_dags/example_task_group.py
[2024-08-25T00:39:11.684+0000] {logging_mixin.py:190} INFO - [2024-08-25T00:39:11.683+0000] {dag.py:3211} INFO - Sync 1 DAGs
[2024-08-25T00:39:12.003+0000] {logging_mixin.py:190} INFO - [2024-08-25T00:39:12.002+0000] {dag.py:4138} INFO - Setting next_dagrun for example_task_group to 2024-08-24 00:00:00+00:00, run_after=2024-08-25 00:00:00+00:00
[2024-08-25T00:39:12.272+0000] {processor.py:208} INFO - Processing /home/airflow/.local/lib/python3.12/site-packages/airflow/example_dags/example_task_group.py took 1.034 seconds
[2024-08-25T00:39:42.629+0000] {processor.py:186} INFO - Started process (PID=1444) to work on /home/airflow/.local/lib/python3.12/site-packages/airflow/example_dags/example_task_group.py
[2024-08-25T00:39:42.632+0000] {processor.py:914} INFO - Processing file /home/airflow/.local/lib/python3.12/site-packages/airflow/example_dags/example_task_group.py for tasks to queue
[2024-08-25T00:39:42.636+0000] {logging_mixin.py:190} INFO - [2024-08-25T00:39:42.635+0000] {dagbag.py:587} INFO - Filling up the DagBag from /home/airflow/.local/lib/python3.12/site-packages/airflow/example_dags/example_task_group.py
[2024-08-25T00:39:42.683+0000] {processor.py:925} INFO - DAG(s) 'example_task_group' retrieved from /home/airflow/.local/lib/python3.12/site-packages/airflow/example_dags/example_task_group.py
[2024-08-25T00:39:42.761+0000] {logging_mixin.py:190} INFO - [2024-08-25T00:39:42.760+0000] {dag.py:3211} INFO - Sync 1 DAGs
[2024-08-25T00:39:42.840+0000] {logging_mixin.py:190} INFO - [2024-08-25T00:39:42.839+0000] {dag.py:4138} INFO - Setting next_dagrun for example_task_group to 2024-08-24 00:00:00+00:00, run_after=2024-08-25 00:00:00+00:00
[2024-08-25T00:39:42.895+0000] {processor.py:208} INFO - Processing /home/airflow/.local/lib/python3.12/site-packages/airflow/example_dags/example_task_group.py took 0.283 seconds
[2024-08-25T00:40:13.203+0000] {processor.py:186} INFO - Started process (PID=1506) to work on /home/airflow/.local/lib/python3.12/site-packages/airflow/example_dags/example_task_group.py
[2024-08-25T00:40:13.205+0000] {processor.py:914} INFO - Processing file /home/airflow/.local/lib/python3.12/site-packages/airflow/example_dags/example_task_group.py for tasks to queue
[2024-08-25T00:40:13.212+0000] {logging_mixin.py:190} INFO - [2024-08-25T00:40:13.211+0000] {dagbag.py:587} INFO - Filling up the DagBag from /home/airflow/.local/lib/python3.12/site-packages/airflow/example_dags/example_task_group.py
[2024-08-25T00:40:13.246+0000] {processor.py:925} INFO - DAG(s) 'example_task_group' retrieved from /home/airflow/.local/lib/python3.12/site-packages/airflow/example_dags/example_task_group.py
[2024-08-25T00:40:13.357+0000] {logging_mixin.py:190} INFO - [2024-08-25T00:40:13.347+0000] {dag.py:3211} INFO - Sync 1 DAGs
[2024-08-25T00:40:13.540+0000] {logging_mixin.py:190} INFO - [2024-08-25T00:40:13.539+0000] {dag.py:4138} INFO - Setting next_dagrun for example_task_group to 2024-08-24 00:00:00+00:00, run_after=2024-08-25 00:00:00+00:00
[2024-08-25T00:40:13.685+0000] {processor.py:208} INFO - Processing /home/airflow/.local/lib/python3.12/site-packages/airflow/example_dags/example_task_group.py took 0.500 seconds
