[2024-08-25T00:00:30.717+0000] {processor.py:186} INFO - Started process (PID=38569) to work on /home/airflow/.local/lib/python3.12/site-packages/airflow/example_dags/example_branch_labels.py
[2024-08-25T00:00:30.719+0000] {processor.py:914} INFO - Processing file /home/airflow/.local/lib/python3.12/site-packages/airflow/example_dags/example_branch_labels.py for tasks to queue
[2024-08-25T00:00:30.726+0000] {logging_mixin.py:190} INFO - [2024-08-25T00:00:30.725+0000] {dagbag.py:587} INFO - Filling up the DagBag from /home/airflow/.local/lib/python3.12/site-packages/airflow/example_dags/example_branch_labels.py
[2024-08-25T00:00:30.755+0000] {processor.py:925} INFO - DAG(s) 'example_branch_labels' retrieved from /home/airflow/.local/lib/python3.12/site-packages/airflow/example_dags/example_branch_labels.py
[2024-08-25T00:00:30.820+0000] {logging_mixin.py:190} INFO - [2024-08-25T00:00:30.817+0000] {dag.py:3211} INFO - Sync 1 DAGs
[2024-08-25T00:00:30.896+0000] {logging_mixin.py:190} INFO - [2024-08-25T00:00:30.896+0000] {dag.py:4138} INFO - Setting next_dagrun for example_branch_labels to 2024-08-24 00:00:00+00:00, run_after=2024-08-25 00:00:00+00:00
[2024-08-25T00:00:30.948+0000] {processor.py:208} INFO - Processing /home/airflow/.local/lib/python3.12/site-packages/airflow/example_dags/example_branch_labels.py took 0.255 seconds
[2024-08-25T00:06:04.510+0000] {processor.py:186} INFO - Started process (PID=121) to work on /home/airflow/.local/lib/python3.12/site-packages/airflow/example_dags/example_branch_labels.py
[2024-08-25T00:06:04.517+0000] {processor.py:914} INFO - Processing file /home/airflow/.local/lib/python3.12/site-packages/airflow/example_dags/example_branch_labels.py for tasks to queue
[2024-08-25T00:06:04.523+0000] {logging_mixin.py:190} INFO - [2024-08-25T00:06:04.522+0000] {dagbag.py:587} INFO - Filling up the DagBag from /home/airflow/.local/lib/python3.12/site-packages/airflow/example_dags/example_branch_labels.py
[2024-08-25T00:06:04.563+0000] {processor.py:925} INFO - DAG(s) 'example_branch_labels' retrieved from /home/airflow/.local/lib/python3.12/site-packages/airflow/example_dags/example_branch_labels.py
[2024-08-25T00:06:04.655+0000] {logging_mixin.py:190} INFO - [2024-08-25T00:06:04.650+0000] {dag.py:3211} INFO - Sync 1 DAGs
[2024-08-25T00:06:04.908+0000] {logging_mixin.py:190} INFO - [2024-08-25T00:06:04.907+0000] {dag.py:4138} INFO - Setting next_dagrun for example_branch_labels to 2024-08-24 00:00:00+00:00, run_after=2024-08-25 00:00:00+00:00
[2024-08-25T00:06:04.989+0000] {processor.py:208} INFO - Processing /home/airflow/.local/lib/python3.12/site-packages/airflow/example_dags/example_branch_labels.py took 0.524 seconds
[2024-08-25T00:06:57.957+0000] {processor.py:186} INFO - Started process (PID=185) to work on /home/airflow/.local/lib/python3.12/site-packages/airflow/example_dags/example_branch_labels.py
[2024-08-25T00:06:57.967+0000] {processor.py:914} INFO - Processing file /home/airflow/.local/lib/python3.12/site-packages/airflow/example_dags/example_branch_labels.py for tasks to queue
[2024-08-25T00:06:57.991+0000] {logging_mixin.py:190} INFO - [2024-08-25T00:06:57.977+0000] {dagbag.py:587} INFO - Filling up the DagBag from /home/airflow/.local/lib/python3.12/site-packages/airflow/example_dags/example_branch_labels.py
[2024-08-25T00:06:58.036+0000] {processor.py:925} INFO - DAG(s) 'example_branch_labels' retrieved from /home/airflow/.local/lib/python3.12/site-packages/airflow/example_dags/example_branch_labels.py
[2024-08-25T00:06:58.180+0000] {logging_mixin.py:190} INFO - [2024-08-25T00:06:58.178+0000] {dag.py:3211} INFO - Sync 1 DAGs
[2024-08-25T00:06:58.347+0000] {logging_mixin.py:190} INFO - [2024-08-25T00:06:58.346+0000] {dag.py:4138} INFO - Setting next_dagrun for example_branch_labels to 2024-08-24 00:00:00+00:00, run_after=2024-08-25 00:00:00+00:00
[2024-08-25T00:06:58.826+0000] {processor.py:208} INFO - Processing /home/airflow/.local/lib/python3.12/site-packages/airflow/example_dags/example_branch_labels.py took 0.968 seconds
[2024-08-25T00:07:29.968+0000] {processor.py:186} INFO - Started process (PID=253) to work on /home/airflow/.local/lib/python3.12/site-packages/airflow/example_dags/example_branch_labels.py
[2024-08-25T00:07:29.970+0000] {processor.py:914} INFO - Processing file /home/airflow/.local/lib/python3.12/site-packages/airflow/example_dags/example_branch_labels.py for tasks to queue
[2024-08-25T00:07:29.976+0000] {logging_mixin.py:190} INFO - [2024-08-25T00:07:29.976+0000] {dagbag.py:587} INFO - Filling up the DagBag from /home/airflow/.local/lib/python3.12/site-packages/airflow/example_dags/example_branch_labels.py
[2024-08-25T00:07:30.003+0000] {processor.py:925} INFO - DAG(s) 'example_branch_labels' retrieved from /home/airflow/.local/lib/python3.12/site-packages/airflow/example_dags/example_branch_labels.py
[2024-08-25T00:07:30.059+0000] {logging_mixin.py:190} INFO - [2024-08-25T00:07:30.058+0000] {dag.py:3211} INFO - Sync 1 DAGs
[2024-08-25T00:07:30.132+0000] {logging_mixin.py:190} INFO - [2024-08-25T00:07:30.131+0000] {dag.py:4138} INFO - Setting next_dagrun for example_branch_labels to 2024-08-24 00:00:00+00:00, run_after=2024-08-25 00:00:00+00:00
[2024-08-25T00:07:30.175+0000] {processor.py:208} INFO - Processing /home/airflow/.local/lib/python3.12/site-packages/airflow/example_dags/example_branch_labels.py took 0.226 seconds
[2024-08-25T00:08:05.086+0000] {processor.py:186} INFO - Started process (PID=316) to work on /home/airflow/.local/lib/python3.12/site-packages/airflow/example_dags/example_branch_labels.py
[2024-08-25T00:08:05.110+0000] {processor.py:914} INFO - Processing file /home/airflow/.local/lib/python3.12/site-packages/airflow/example_dags/example_branch_labels.py for tasks to queue
[2024-08-25T00:08:05.128+0000] {logging_mixin.py:190} INFO - [2024-08-25T00:08:05.127+0000] {dagbag.py:587} INFO - Filling up the DagBag from /home/airflow/.local/lib/python3.12/site-packages/airflow/example_dags/example_branch_labels.py
[2024-08-25T00:08:05.301+0000] {processor.py:925} INFO - DAG(s) 'example_branch_labels' retrieved from /home/airflow/.local/lib/python3.12/site-packages/airflow/example_dags/example_branch_labels.py
[2024-08-25T00:08:05.852+0000] {logging_mixin.py:190} INFO - [2024-08-25T00:08:05.850+0000] {dag.py:3211} INFO - Sync 1 DAGs
[2024-08-25T00:08:06.195+0000] {logging_mixin.py:190} INFO - [2024-08-25T00:08:06.194+0000] {dag.py:4138} INFO - Setting next_dagrun for example_branch_labels to 2024-08-24 00:00:00+00:00, run_after=2024-08-25 00:00:00+00:00
[2024-08-25T00:08:06.342+0000] {processor.py:208} INFO - Processing /home/airflow/.local/lib/python3.12/site-packages/airflow/example_dags/example_branch_labels.py took 1.307 seconds
[2024-08-25T00:08:36.793+0000] {processor.py:186} INFO - Started process (PID=379) to work on /home/airflow/.local/lib/python3.12/site-packages/airflow/example_dags/example_branch_labels.py
[2024-08-25T00:08:36.796+0000] {processor.py:914} INFO - Processing file /home/airflow/.local/lib/python3.12/site-packages/airflow/example_dags/example_branch_labels.py for tasks to queue
[2024-08-25T00:08:36.805+0000] {logging_mixin.py:190} INFO - [2024-08-25T00:08:36.804+0000] {dagbag.py:587} INFO - Filling up the DagBag from /home/airflow/.local/lib/python3.12/site-packages/airflow/example_dags/example_branch_labels.py
[2024-08-25T00:08:36.837+0000] {processor.py:925} INFO - DAG(s) 'example_branch_labels' retrieved from /home/airflow/.local/lib/python3.12/site-packages/airflow/example_dags/example_branch_labels.py
[2024-08-25T00:08:36.926+0000] {logging_mixin.py:190} INFO - [2024-08-25T00:08:36.925+0000] {dag.py:3211} INFO - Sync 1 DAGs
[2024-08-25T00:08:37.127+0000] {logging_mixin.py:190} INFO - [2024-08-25T00:08:37.127+0000] {dag.py:4138} INFO - Setting next_dagrun for example_branch_labels to 2024-08-24 00:00:00+00:00, run_after=2024-08-25 00:00:00+00:00
[2024-08-25T00:08:37.304+0000] {processor.py:208} INFO - Processing /home/airflow/.local/lib/python3.12/site-packages/airflow/example_dags/example_branch_labels.py took 0.538 seconds
[2024-08-25T00:09:10.346+0000] {processor.py:186} INFO - Started process (PID=442) to work on /home/airflow/.local/lib/python3.12/site-packages/airflow/example_dags/example_branch_labels.py
[2024-08-25T00:09:10.350+0000] {processor.py:914} INFO - Processing file /home/airflow/.local/lib/python3.12/site-packages/airflow/example_dags/example_branch_labels.py for tasks to queue
[2024-08-25T00:09:10.366+0000] {logging_mixin.py:190} INFO - [2024-08-25T00:09:10.365+0000] {dagbag.py:587} INFO - Filling up the DagBag from /home/airflow/.local/lib/python3.12/site-packages/airflow/example_dags/example_branch_labels.py
[2024-08-25T00:09:10.412+0000] {processor.py:925} INFO - DAG(s) 'example_branch_labels' retrieved from /home/airflow/.local/lib/python3.12/site-packages/airflow/example_dags/example_branch_labels.py
[2024-08-25T00:09:10.497+0000] {logging_mixin.py:190} INFO - [2024-08-25T00:09:10.495+0000] {dag.py:3211} INFO - Sync 1 DAGs
[2024-08-25T00:09:10.584+0000] {logging_mixin.py:190} INFO - [2024-08-25T00:09:10.583+0000] {dag.py:4138} INFO - Setting next_dagrun for example_branch_labels to 2024-08-24 00:00:00+00:00, run_after=2024-08-25 00:00:00+00:00
[2024-08-25T00:09:10.647+0000] {processor.py:208} INFO - Processing /home/airflow/.local/lib/python3.12/site-packages/airflow/example_dags/example_branch_labels.py took 0.336 seconds
[2024-08-25T00:09:41.647+0000] {processor.py:186} INFO - Started process (PID=506) to work on /home/airflow/.local/lib/python3.12/site-packages/airflow/example_dags/example_branch_labels.py
[2024-08-25T00:09:41.649+0000] {processor.py:914} INFO - Processing file /home/airflow/.local/lib/python3.12/site-packages/airflow/example_dags/example_branch_labels.py for tasks to queue
[2024-08-25T00:09:41.658+0000] {logging_mixin.py:190} INFO - [2024-08-25T00:09:41.657+0000] {dagbag.py:587} INFO - Filling up the DagBag from /home/airflow/.local/lib/python3.12/site-packages/airflow/example_dags/example_branch_labels.py
[2024-08-25T00:09:41.700+0000] {processor.py:925} INFO - DAG(s) 'example_branch_labels' retrieved from /home/airflow/.local/lib/python3.12/site-packages/airflow/example_dags/example_branch_labels.py
[2024-08-25T00:09:41.787+0000] {logging_mixin.py:190} INFO - [2024-08-25T00:09:41.785+0000] {dag.py:3211} INFO - Sync 1 DAGs
[2024-08-25T00:09:42.036+0000] {logging_mixin.py:190} INFO - [2024-08-25T00:09:42.024+0000] {dag.py:4138} INFO - Setting next_dagrun for example_branch_labels to 2024-08-24 00:00:00+00:00, run_after=2024-08-25 00:00:00+00:00
[2024-08-25T00:09:42.567+0000] {processor.py:208} INFO - Processing /home/airflow/.local/lib/python3.12/site-packages/airflow/example_dags/example_branch_labels.py took 0.940 seconds
[2024-08-25T00:10:13.376+0000] {processor.py:186} INFO - Started process (PID=569) to work on /home/airflow/.local/lib/python3.12/site-packages/airflow/example_dags/example_branch_labels.py
[2024-08-25T00:10:13.379+0000] {processor.py:914} INFO - Processing file /home/airflow/.local/lib/python3.12/site-packages/airflow/example_dags/example_branch_labels.py for tasks to queue
[2024-08-25T00:10:13.385+0000] {logging_mixin.py:190} INFO - [2024-08-25T00:10:13.385+0000] {dagbag.py:587} INFO - Filling up the DagBag from /home/airflow/.local/lib/python3.12/site-packages/airflow/example_dags/example_branch_labels.py
[2024-08-25T00:10:13.450+0000] {processor.py:925} INFO - DAG(s) 'example_branch_labels' retrieved from /home/airflow/.local/lib/python3.12/site-packages/airflow/example_dags/example_branch_labels.py
[2024-08-25T00:10:13.518+0000] {logging_mixin.py:190} INFO - [2024-08-25T00:10:13.517+0000] {dag.py:3211} INFO - Sync 1 DAGs
[2024-08-25T00:10:13.587+0000] {logging_mixin.py:190} INFO - [2024-08-25T00:10:13.586+0000] {dag.py:4138} INFO - Setting next_dagrun for example_branch_labels to 2024-08-24 00:00:00+00:00, run_after=2024-08-25 00:00:00+00:00
[2024-08-25T00:10:13.628+0000] {processor.py:208} INFO - Processing /home/airflow/.local/lib/python3.12/site-packages/airflow/example_dags/example_branch_labels.py took 0.271 seconds
[2024-08-25T00:10:44.703+0000] {processor.py:186} INFO - Started process (PID=632) to work on /home/airflow/.local/lib/python3.12/site-packages/airflow/example_dags/example_branch_labels.py
[2024-08-25T00:10:44.716+0000] {processor.py:914} INFO - Processing file /home/airflow/.local/lib/python3.12/site-packages/airflow/example_dags/example_branch_labels.py for tasks to queue
[2024-08-25T00:10:44.731+0000] {logging_mixin.py:190} INFO - [2024-08-25T00:10:44.730+0000] {dagbag.py:587} INFO - Filling up the DagBag from /home/airflow/.local/lib/python3.12/site-packages/airflow/example_dags/example_branch_labels.py
[2024-08-25T00:10:44.833+0000] {processor.py:925} INFO - DAG(s) 'example_branch_labels' retrieved from /home/airflow/.local/lib/python3.12/site-packages/airflow/example_dags/example_branch_labels.py
[2024-08-25T00:10:44.998+0000] {logging_mixin.py:190} INFO - [2024-08-25T00:10:44.996+0000] {dag.py:3211} INFO - Sync 1 DAGs
[2024-08-25T00:10:45.206+0000] {logging_mixin.py:190} INFO - [2024-08-25T00:10:45.206+0000] {dag.py:4138} INFO - Setting next_dagrun for example_branch_labels to 2024-08-24 00:00:00+00:00, run_after=2024-08-25 00:00:00+00:00
[2024-08-25T00:10:45.277+0000] {processor.py:208} INFO - Processing /home/airflow/.local/lib/python3.12/site-packages/airflow/example_dags/example_branch_labels.py took 0.612 seconds
[2024-08-25T00:11:15.634+0000] {processor.py:186} INFO - Started process (PID=694) to work on /home/airflow/.local/lib/python3.12/site-packages/airflow/example_dags/example_branch_labels.py
[2024-08-25T00:11:15.636+0000] {processor.py:914} INFO - Processing file /home/airflow/.local/lib/python3.12/site-packages/airflow/example_dags/example_branch_labels.py for tasks to queue
[2024-08-25T00:11:15.641+0000] {logging_mixin.py:190} INFO - [2024-08-25T00:11:15.640+0000] {dagbag.py:587} INFO - Filling up the DagBag from /home/airflow/.local/lib/python3.12/site-packages/airflow/example_dags/example_branch_labels.py
[2024-08-25T00:11:15.662+0000] {processor.py:925} INFO - DAG(s) 'example_branch_labels' retrieved from /home/airflow/.local/lib/python3.12/site-packages/airflow/example_dags/example_branch_labels.py
[2024-08-25T00:11:15.715+0000] {logging_mixin.py:190} INFO - [2024-08-25T00:11:15.713+0000] {dag.py:3211} INFO - Sync 1 DAGs
[2024-08-25T00:11:15.769+0000] {logging_mixin.py:190} INFO - [2024-08-25T00:11:15.768+0000] {dag.py:4138} INFO - Setting next_dagrun for example_branch_labels to 2024-08-24 00:00:00+00:00, run_after=2024-08-25 00:00:00+00:00
[2024-08-25T00:11:15.809+0000] {processor.py:208} INFO - Processing /home/airflow/.local/lib/python3.12/site-packages/airflow/example_dags/example_branch_labels.py took 0.191 seconds
[2024-08-25T00:11:51.989+0000] {processor.py:186} INFO - Started process (PID=759) to work on /home/airflow/.local/lib/python3.12/site-packages/airflow/example_dags/example_branch_labels.py
[2024-08-25T00:11:51.991+0000] {processor.py:914} INFO - Processing file /home/airflow/.local/lib/python3.12/site-packages/airflow/example_dags/example_branch_labels.py for tasks to queue
[2024-08-25T00:11:52.006+0000] {logging_mixin.py:190} INFO - [2024-08-25T00:11:52.005+0000] {dagbag.py:587} INFO - Filling up the DagBag from /home/airflow/.local/lib/python3.12/site-packages/airflow/example_dags/example_branch_labels.py
[2024-08-25T00:11:52.046+0000] {processor.py:925} INFO - DAG(s) 'example_branch_labels' retrieved from /home/airflow/.local/lib/python3.12/site-packages/airflow/example_dags/example_branch_labels.py
[2024-08-25T00:11:52.138+0000] {logging_mixin.py:190} INFO - [2024-08-25T00:11:52.133+0000] {dag.py:3211} INFO - Sync 1 DAGs
[2024-08-25T00:11:52.453+0000] {logging_mixin.py:190} INFO - [2024-08-25T00:11:52.452+0000] {dag.py:4138} INFO - Setting next_dagrun for example_branch_labels to 2024-08-24 00:00:00+00:00, run_after=2024-08-25 00:00:00+00:00
[2024-08-25T00:11:52.663+0000] {processor.py:208} INFO - Processing /home/airflow/.local/lib/python3.12/site-packages/airflow/example_dags/example_branch_labels.py took 0.718 seconds
[2024-08-25T00:12:22.982+0000] {processor.py:186} INFO - Started process (PID=822) to work on /home/airflow/.local/lib/python3.12/site-packages/airflow/example_dags/example_branch_labels.py
[2024-08-25T00:12:22.991+0000] {processor.py:914} INFO - Processing file /home/airflow/.local/lib/python3.12/site-packages/airflow/example_dags/example_branch_labels.py for tasks to queue
[2024-08-25T00:12:23.006+0000] {logging_mixin.py:190} INFO - [2024-08-25T00:12:23.005+0000] {dagbag.py:587} INFO - Filling up the DagBag from /home/airflow/.local/lib/python3.12/site-packages/airflow/example_dags/example_branch_labels.py
[2024-08-25T00:12:23.097+0000] {processor.py:925} INFO - DAG(s) 'example_branch_labels' retrieved from /home/airflow/.local/lib/python3.12/site-packages/airflow/example_dags/example_branch_labels.py
[2024-08-25T00:12:23.278+0000] {logging_mixin.py:190} INFO - [2024-08-25T00:12:23.276+0000] {dag.py:3211} INFO - Sync 1 DAGs
[2024-08-25T00:12:23.433+0000] {logging_mixin.py:190} INFO - [2024-08-25T00:12:23.432+0000] {dag.py:4138} INFO - Setting next_dagrun for example_branch_labels to 2024-08-24 00:00:00+00:00, run_after=2024-08-25 00:00:00+00:00
[2024-08-25T00:12:23.509+0000] {processor.py:208} INFO - Processing /home/airflow/.local/lib/python3.12/site-packages/airflow/example_dags/example_branch_labels.py took 0.572 seconds
[2024-08-25T00:12:54.389+0000] {processor.py:186} INFO - Started process (PID=885) to work on /home/airflow/.local/lib/python3.12/site-packages/airflow/example_dags/example_branch_labels.py
[2024-08-25T00:12:54.392+0000] {processor.py:914} INFO - Processing file /home/airflow/.local/lib/python3.12/site-packages/airflow/example_dags/example_branch_labels.py for tasks to queue
[2024-08-25T00:12:54.398+0000] {logging_mixin.py:190} INFO - [2024-08-25T00:12:54.398+0000] {dagbag.py:587} INFO - Filling up the DagBag from /home/airflow/.local/lib/python3.12/site-packages/airflow/example_dags/example_branch_labels.py
[2024-08-25T00:12:54.430+0000] {processor.py:925} INFO - DAG(s) 'example_branch_labels' retrieved from /home/airflow/.local/lib/python3.12/site-packages/airflow/example_dags/example_branch_labels.py
[2024-08-25T00:12:54.486+0000] {logging_mixin.py:190} INFO - [2024-08-25T00:12:54.485+0000] {dag.py:3211} INFO - Sync 1 DAGs
[2024-08-25T00:12:54.543+0000] {logging_mixin.py:190} INFO - [2024-08-25T00:12:54.542+0000] {dag.py:4138} INFO - Setting next_dagrun for example_branch_labels to 2024-08-24 00:00:00+00:00, run_after=2024-08-25 00:00:00+00:00
[2024-08-25T00:12:54.630+0000] {processor.py:208} INFO - Processing /home/airflow/.local/lib/python3.12/site-packages/airflow/example_dags/example_branch_labels.py took 0.270 seconds
[2024-08-25T00:13:25.423+0000] {processor.py:186} INFO - Started process (PID=948) to work on /home/airflow/.local/lib/python3.12/site-packages/airflow/example_dags/example_branch_labels.py
[2024-08-25T00:13:25.425+0000] {processor.py:914} INFO - Processing file /home/airflow/.local/lib/python3.12/site-packages/airflow/example_dags/example_branch_labels.py for tasks to queue
[2024-08-25T00:13:25.430+0000] {logging_mixin.py:190} INFO - [2024-08-25T00:13:25.430+0000] {dagbag.py:587} INFO - Filling up the DagBag from /home/airflow/.local/lib/python3.12/site-packages/airflow/example_dags/example_branch_labels.py
[2024-08-25T00:13:25.455+0000] {processor.py:925} INFO - DAG(s) 'example_branch_labels' retrieved from /home/airflow/.local/lib/python3.12/site-packages/airflow/example_dags/example_branch_labels.py
[2024-08-25T00:13:25.519+0000] {logging_mixin.py:190} INFO - [2024-08-25T00:13:25.518+0000] {dag.py:3211} INFO - Sync 1 DAGs
[2024-08-25T00:13:25.591+0000] {logging_mixin.py:190} INFO - [2024-08-25T00:13:25.591+0000] {dag.py:4138} INFO - Setting next_dagrun for example_branch_labels to 2024-08-24 00:00:00+00:00, run_after=2024-08-25 00:00:00+00:00
[2024-08-25T00:13:25.633+0000] {processor.py:208} INFO - Processing /home/airflow/.local/lib/python3.12/site-packages/airflow/example_dags/example_branch_labels.py took 0.226 seconds
[2024-08-25T00:13:56.187+0000] {processor.py:186} INFO - Started process (PID=1011) to work on /home/airflow/.local/lib/python3.12/site-packages/airflow/example_dags/example_branch_labels.py
[2024-08-25T00:13:56.190+0000] {processor.py:914} INFO - Processing file /home/airflow/.local/lib/python3.12/site-packages/airflow/example_dags/example_branch_labels.py for tasks to queue
[2024-08-25T00:13:56.196+0000] {logging_mixin.py:190} INFO - [2024-08-25T00:13:56.195+0000] {dagbag.py:587} INFO - Filling up the DagBag from /home/airflow/.local/lib/python3.12/site-packages/airflow/example_dags/example_branch_labels.py
[2024-08-25T00:13:56.225+0000] {processor.py:925} INFO - DAG(s) 'example_branch_labels' retrieved from /home/airflow/.local/lib/python3.12/site-packages/airflow/example_dags/example_branch_labels.py
[2024-08-25T00:13:56.283+0000] {logging_mixin.py:190} INFO - [2024-08-25T00:13:56.282+0000] {dag.py:3211} INFO - Sync 1 DAGs
[2024-08-25T00:13:56.405+0000] {logging_mixin.py:190} INFO - [2024-08-25T00:13:56.403+0000] {dag.py:4138} INFO - Setting next_dagrun for example_branch_labels to 2024-08-24 00:00:00+00:00, run_after=2024-08-25 00:00:00+00:00
[2024-08-25T00:13:56.532+0000] {processor.py:208} INFO - Processing /home/airflow/.local/lib/python3.12/site-packages/airflow/example_dags/example_branch_labels.py took 0.362 seconds
[2024-08-25T00:14:27.354+0000] {processor.py:186} INFO - Started process (PID=1075) to work on /home/airflow/.local/lib/python3.12/site-packages/airflow/example_dags/example_branch_labels.py
[2024-08-25T00:14:27.366+0000] {processor.py:914} INFO - Processing file /home/airflow/.local/lib/python3.12/site-packages/airflow/example_dags/example_branch_labels.py for tasks to queue
[2024-08-25T00:14:27.384+0000] {logging_mixin.py:190} INFO - [2024-08-25T00:14:27.380+0000] {dagbag.py:587} INFO - Filling up the DagBag from /home/airflow/.local/lib/python3.12/site-packages/airflow/example_dags/example_branch_labels.py
[2024-08-25T00:14:27.458+0000] {processor.py:925} INFO - DAG(s) 'example_branch_labels' retrieved from /home/airflow/.local/lib/python3.12/site-packages/airflow/example_dags/example_branch_labels.py
[2024-08-25T00:14:27.613+0000] {logging_mixin.py:190} INFO - [2024-08-25T00:14:27.608+0000] {dag.py:3211} INFO - Sync 1 DAGs
[2024-08-25T00:14:27.875+0000] {logging_mixin.py:190} INFO - [2024-08-25T00:14:27.874+0000] {dag.py:4138} INFO - Setting next_dagrun for example_branch_labels to 2024-08-24 00:00:00+00:00, run_after=2024-08-25 00:00:00+00:00
[2024-08-25T00:14:27.930+0000] {processor.py:208} INFO - Processing /home/airflow/.local/lib/python3.12/site-packages/airflow/example_dags/example_branch_labels.py took 0.604 seconds
[2024-08-25T00:14:59.236+0000] {processor.py:186} INFO - Started process (PID=1138) to work on /home/airflow/.local/lib/python3.12/site-packages/airflow/example_dags/example_branch_labels.py
[2024-08-25T00:14:59.246+0000] {processor.py:914} INFO - Processing file /home/airflow/.local/lib/python3.12/site-packages/airflow/example_dags/example_branch_labels.py for tasks to queue
[2024-08-25T00:14:59.268+0000] {logging_mixin.py:190} INFO - [2024-08-25T00:14:59.267+0000] {dagbag.py:587} INFO - Filling up the DagBag from /home/airflow/.local/lib/python3.12/site-packages/airflow/example_dags/example_branch_labels.py
[2024-08-25T00:14:59.373+0000] {processor.py:925} INFO - DAG(s) 'example_branch_labels' retrieved from /home/airflow/.local/lib/python3.12/site-packages/airflow/example_dags/example_branch_labels.py
[2024-08-25T00:14:59.717+0000] {logging_mixin.py:190} INFO - [2024-08-25T00:14:59.716+0000] {dag.py:3211} INFO - Sync 1 DAGs
[2024-08-25T00:15:00.051+0000] {logging_mixin.py:190} INFO - [2024-08-25T00:15:00.049+0000] {dag.py:4138} INFO - Setting next_dagrun for example_branch_labels to 2024-08-24 00:00:00+00:00, run_after=2024-08-25 00:00:00+00:00
[2024-08-25T00:15:00.398+0000] {processor.py:208} INFO - Processing /home/airflow/.local/lib/python3.12/site-packages/airflow/example_dags/example_branch_labels.py took 1.200 seconds
[2024-08-25T00:15:30.776+0000] {processor.py:186} INFO - Started process (PID=1201) to work on /home/airflow/.local/lib/python3.12/site-packages/airflow/example_dags/example_branch_labels.py
[2024-08-25T00:15:30.779+0000] {processor.py:914} INFO - Processing file /home/airflow/.local/lib/python3.12/site-packages/airflow/example_dags/example_branch_labels.py for tasks to queue
[2024-08-25T00:15:30.788+0000] {logging_mixin.py:190} INFO - [2024-08-25T00:15:30.788+0000] {dagbag.py:587} INFO - Filling up the DagBag from /home/airflow/.local/lib/python3.12/site-packages/airflow/example_dags/example_branch_labels.py
[2024-08-25T00:15:30.812+0000] {processor.py:925} INFO - DAG(s) 'example_branch_labels' retrieved from /home/airflow/.local/lib/python3.12/site-packages/airflow/example_dags/example_branch_labels.py
[2024-08-25T00:15:30.866+0000] {logging_mixin.py:190} INFO - [2024-08-25T00:15:30.865+0000] {dag.py:3211} INFO - Sync 1 DAGs
[2024-08-25T00:15:30.942+0000] {logging_mixin.py:190} INFO - [2024-08-25T00:15:30.941+0000] {dag.py:4138} INFO - Setting next_dagrun for example_branch_labels to 2024-08-24 00:00:00+00:00, run_after=2024-08-25 00:00:00+00:00
[2024-08-25T00:15:31.002+0000] {processor.py:208} INFO - Processing /home/airflow/.local/lib/python3.12/site-packages/airflow/example_dags/example_branch_labels.py took 0.241 seconds
[2024-08-25T00:16:02.556+0000] {processor.py:186} INFO - Started process (PID=1272) to work on /home/airflow/.local/lib/python3.12/site-packages/airflow/example_dags/example_branch_labels.py
[2024-08-25T00:16:02.570+0000] {processor.py:914} INFO - Processing file /home/airflow/.local/lib/python3.12/site-packages/airflow/example_dags/example_branch_labels.py for tasks to queue
[2024-08-25T00:16:02.578+0000] {logging_mixin.py:190} INFO - [2024-08-25T00:16:02.577+0000] {dagbag.py:587} INFO - Filling up the DagBag from /home/airflow/.local/lib/python3.12/site-packages/airflow/example_dags/example_branch_labels.py
[2024-08-25T00:16:02.665+0000] {processor.py:925} INFO - DAG(s) 'example_branch_labels' retrieved from /home/airflow/.local/lib/python3.12/site-packages/airflow/example_dags/example_branch_labels.py
[2024-08-25T00:16:02.872+0000] {logging_mixin.py:190} INFO - [2024-08-25T00:16:02.870+0000] {dag.py:3211} INFO - Sync 1 DAGs
[2024-08-25T00:16:03.161+0000] {logging_mixin.py:190} INFO - [2024-08-25T00:16:03.160+0000] {dag.py:4138} INFO - Setting next_dagrun for example_branch_labels to 2024-08-24 00:00:00+00:00, run_after=2024-08-25 00:00:00+00:00
[2024-08-25T00:16:03.286+0000] {processor.py:208} INFO - Processing /home/airflow/.local/lib/python3.12/site-packages/airflow/example_dags/example_branch_labels.py took 0.814 seconds
[2024-08-25T00:16:34.714+0000] {processor.py:186} INFO - Started process (PID=1335) to work on /home/airflow/.local/lib/python3.12/site-packages/airflow/example_dags/example_branch_labels.py
[2024-08-25T00:16:34.717+0000] {processor.py:914} INFO - Processing file /home/airflow/.local/lib/python3.12/site-packages/airflow/example_dags/example_branch_labels.py for tasks to queue
[2024-08-25T00:16:34.725+0000] {logging_mixin.py:190} INFO - [2024-08-25T00:16:34.724+0000] {dagbag.py:587} INFO - Filling up the DagBag from /home/airflow/.local/lib/python3.12/site-packages/airflow/example_dags/example_branch_labels.py
[2024-08-25T00:16:34.769+0000] {processor.py:925} INFO - DAG(s) 'example_branch_labels' retrieved from /home/airflow/.local/lib/python3.12/site-packages/airflow/example_dags/example_branch_labels.py
[2024-08-25T00:16:34.889+0000] {logging_mixin.py:190} INFO - [2024-08-25T00:16:34.887+0000] {dag.py:3211} INFO - Sync 1 DAGs
[2024-08-25T00:16:35.007+0000] {logging_mixin.py:190} INFO - [2024-08-25T00:16:35.006+0000] {dag.py:4138} INFO - Setting next_dagrun for example_branch_labels to 2024-08-24 00:00:00+00:00, run_after=2024-08-25 00:00:00+00:00
[2024-08-25T00:16:35.091+0000] {processor.py:208} INFO - Processing /home/airflow/.local/lib/python3.12/site-packages/airflow/example_dags/example_branch_labels.py took 0.402 seconds
[2024-08-25T00:17:05.781+0000] {processor.py:186} INFO - Started process (PID=1398) to work on /home/airflow/.local/lib/python3.12/site-packages/airflow/example_dags/example_branch_labels.py
[2024-08-25T00:17:05.785+0000] {processor.py:914} INFO - Processing file /home/airflow/.local/lib/python3.12/site-packages/airflow/example_dags/example_branch_labels.py for tasks to queue
[2024-08-25T00:17:05.798+0000] {logging_mixin.py:190} INFO - [2024-08-25T00:17:05.797+0000] {dagbag.py:587} INFO - Filling up the DagBag from /home/airflow/.local/lib/python3.12/site-packages/airflow/example_dags/example_branch_labels.py
[2024-08-25T00:17:05.893+0000] {processor.py:925} INFO - DAG(s) 'example_branch_labels' retrieved from /home/airflow/.local/lib/python3.12/site-packages/airflow/example_dags/example_branch_labels.py
[2024-08-25T00:17:06.077+0000] {logging_mixin.py:190} INFO - [2024-08-25T00:17:06.076+0000] {dag.py:3211} INFO - Sync 1 DAGs
[2024-08-25T00:17:06.266+0000] {logging_mixin.py:190} INFO - [2024-08-25T00:17:06.265+0000] {dag.py:4138} INFO - Setting next_dagrun for example_branch_labels to 2024-08-24 00:00:00+00:00, run_after=2024-08-25 00:00:00+00:00
[2024-08-25T00:17:06.369+0000] {processor.py:208} INFO - Processing /home/airflow/.local/lib/python3.12/site-packages/airflow/example_dags/example_branch_labels.py took 0.615 seconds
[2024-08-25T00:17:37.103+0000] {processor.py:186} INFO - Started process (PID=1461) to work on /home/airflow/.local/lib/python3.12/site-packages/airflow/example_dags/example_branch_labels.py
[2024-08-25T00:17:37.105+0000] {processor.py:914} INFO - Processing file /home/airflow/.local/lib/python3.12/site-packages/airflow/example_dags/example_branch_labels.py for tasks to queue
[2024-08-25T00:17:37.114+0000] {logging_mixin.py:190} INFO - [2024-08-25T00:17:37.113+0000] {dagbag.py:587} INFO - Filling up the DagBag from /home/airflow/.local/lib/python3.12/site-packages/airflow/example_dags/example_branch_labels.py
[2024-08-25T00:17:37.138+0000] {processor.py:925} INFO - DAG(s) 'example_branch_labels' retrieved from /home/airflow/.local/lib/python3.12/site-packages/airflow/example_dags/example_branch_labels.py
[2024-08-25T00:17:37.192+0000] {logging_mixin.py:190} INFO - [2024-08-25T00:17:37.191+0000] {dag.py:3211} INFO - Sync 1 DAGs
[2024-08-25T00:17:37.262+0000] {logging_mixin.py:190} INFO - [2024-08-25T00:17:37.261+0000] {dag.py:4138} INFO - Setting next_dagrun for example_branch_labels to 2024-08-24 00:00:00+00:00, run_after=2024-08-25 00:00:00+00:00
[2024-08-25T00:17:37.327+0000] {processor.py:208} INFO - Processing /home/airflow/.local/lib/python3.12/site-packages/airflow/example_dags/example_branch_labels.py took 0.238 seconds
[2024-08-25T00:18:07.643+0000] {processor.py:186} INFO - Started process (PID=1524) to work on /home/airflow/.local/lib/python3.12/site-packages/airflow/example_dags/example_branch_labels.py
[2024-08-25T00:18:07.646+0000] {processor.py:914} INFO - Processing file /home/airflow/.local/lib/python3.12/site-packages/airflow/example_dags/example_branch_labels.py for tasks to queue
[2024-08-25T00:18:07.653+0000] {logging_mixin.py:190} INFO - [2024-08-25T00:18:07.652+0000] {dagbag.py:587} INFO - Filling up the DagBag from /home/airflow/.local/lib/python3.12/site-packages/airflow/example_dags/example_branch_labels.py
[2024-08-25T00:18:07.680+0000] {processor.py:925} INFO - DAG(s) 'example_branch_labels' retrieved from /home/airflow/.local/lib/python3.12/site-packages/airflow/example_dags/example_branch_labels.py
[2024-08-25T00:18:07.772+0000] {logging_mixin.py:190} INFO - [2024-08-25T00:18:07.770+0000] {dag.py:3211} INFO - Sync 1 DAGs
[2024-08-25T00:18:07.871+0000] {logging_mixin.py:190} INFO - [2024-08-25T00:18:07.871+0000] {dag.py:4138} INFO - Setting next_dagrun for example_branch_labels to 2024-08-24 00:00:00+00:00, run_after=2024-08-25 00:00:00+00:00
[2024-08-25T00:18:07.915+0000] {processor.py:208} INFO - Processing /home/airflow/.local/lib/python3.12/site-packages/airflow/example_dags/example_branch_labels.py took 0.290 seconds
[2024-08-25T00:18:40.053+0000] {processor.py:186} INFO - Started process (PID=1587) to work on /home/airflow/.local/lib/python3.12/site-packages/airflow/example_dags/example_branch_labels.py
[2024-08-25T00:18:40.056+0000] {processor.py:914} INFO - Processing file /home/airflow/.local/lib/python3.12/site-packages/airflow/example_dags/example_branch_labels.py for tasks to queue
[2024-08-25T00:18:40.098+0000] {logging_mixin.py:190} INFO - [2024-08-25T00:18:40.097+0000] {dagbag.py:587} INFO - Filling up the DagBag from /home/airflow/.local/lib/python3.12/site-packages/airflow/example_dags/example_branch_labels.py
[2024-08-25T00:18:40.197+0000] {processor.py:925} INFO - DAG(s) 'example_branch_labels' retrieved from /home/airflow/.local/lib/python3.12/site-packages/airflow/example_dags/example_branch_labels.py
[2024-08-25T00:18:40.391+0000] {logging_mixin.py:190} INFO - [2024-08-25T00:18:40.379+0000] {dag.py:3211} INFO - Sync 1 DAGs
[2024-08-25T00:18:40.685+0000] {logging_mixin.py:190} INFO - [2024-08-25T00:18:40.684+0000] {dag.py:4138} INFO - Setting next_dagrun for example_branch_labels to 2024-08-24 00:00:00+00:00, run_after=2024-08-25 00:00:00+00:00
[2024-08-25T00:18:40.809+0000] {processor.py:208} INFO - Processing /home/airflow/.local/lib/python3.12/site-packages/airflow/example_dags/example_branch_labels.py took 0.805 seconds
[2024-08-25T00:19:11.618+0000] {processor.py:186} INFO - Started process (PID=1650) to work on /home/airflow/.local/lib/python3.12/site-packages/airflow/example_dags/example_branch_labels.py
[2024-08-25T00:19:11.624+0000] {processor.py:914} INFO - Processing file /home/airflow/.local/lib/python3.12/site-packages/airflow/example_dags/example_branch_labels.py for tasks to queue
[2024-08-25T00:19:11.633+0000] {logging_mixin.py:190} INFO - [2024-08-25T00:19:11.632+0000] {dagbag.py:587} INFO - Filling up the DagBag from /home/airflow/.local/lib/python3.12/site-packages/airflow/example_dags/example_branch_labels.py
[2024-08-25T00:19:11.691+0000] {processor.py:925} INFO - DAG(s) 'example_branch_labels' retrieved from /home/airflow/.local/lib/python3.12/site-packages/airflow/example_dags/example_branch_labels.py
[2024-08-25T00:19:11.838+0000] {logging_mixin.py:190} INFO - [2024-08-25T00:19:11.836+0000] {dag.py:3211} INFO - Sync 1 DAGs
[2024-08-25T00:19:11.966+0000] {logging_mixin.py:190} INFO - [2024-08-25T00:19:11.965+0000] {dag.py:4138} INFO - Setting next_dagrun for example_branch_labels to 2024-08-24 00:00:00+00:00, run_after=2024-08-25 00:00:00+00:00
[2024-08-25T00:19:12.168+0000] {processor.py:208} INFO - Processing /home/airflow/.local/lib/python3.12/site-packages/airflow/example_dags/example_branch_labels.py took 0.587 seconds
[2024-08-25T00:19:43.341+0000] {processor.py:186} INFO - Started process (PID=1713) to work on /home/airflow/.local/lib/python3.12/site-packages/airflow/example_dags/example_branch_labels.py
[2024-08-25T00:19:43.343+0000] {processor.py:914} INFO - Processing file /home/airflow/.local/lib/python3.12/site-packages/airflow/example_dags/example_branch_labels.py for tasks to queue
[2024-08-25T00:19:43.349+0000] {logging_mixin.py:190} INFO - [2024-08-25T00:19:43.348+0000] {dagbag.py:587} INFO - Filling up the DagBag from /home/airflow/.local/lib/python3.12/site-packages/airflow/example_dags/example_branch_labels.py
[2024-08-25T00:19:43.380+0000] {processor.py:925} INFO - DAG(s) 'example_branch_labels' retrieved from /home/airflow/.local/lib/python3.12/site-packages/airflow/example_dags/example_branch_labels.py
[2024-08-25T00:19:43.457+0000] {logging_mixin.py:190} INFO - [2024-08-25T00:19:43.456+0000] {dag.py:3211} INFO - Sync 1 DAGs
[2024-08-25T00:19:43.593+0000] {logging_mixin.py:190} INFO - [2024-08-25T00:19:43.592+0000] {dag.py:4138} INFO - Setting next_dagrun for example_branch_labels to 2024-08-24 00:00:00+00:00, run_after=2024-08-25 00:00:00+00:00
[2024-08-25T00:19:43.728+0000] {processor.py:208} INFO - Processing /home/airflow/.local/lib/python3.12/site-packages/airflow/example_dags/example_branch_labels.py took 0.404 seconds
[2024-08-25T00:20:14.311+0000] {processor.py:186} INFO - Started process (PID=1777) to work on /home/airflow/.local/lib/python3.12/site-packages/airflow/example_dags/example_branch_labels.py
[2024-08-25T00:20:14.312+0000] {processor.py:914} INFO - Processing file /home/airflow/.local/lib/python3.12/site-packages/airflow/example_dags/example_branch_labels.py for tasks to queue
[2024-08-25T00:20:14.317+0000] {logging_mixin.py:190} INFO - [2024-08-25T00:20:14.317+0000] {dagbag.py:587} INFO - Filling up the DagBag from /home/airflow/.local/lib/python3.12/site-packages/airflow/example_dags/example_branch_labels.py
[2024-08-25T00:20:14.343+0000] {processor.py:925} INFO - DAG(s) 'example_branch_labels' retrieved from /home/airflow/.local/lib/python3.12/site-packages/airflow/example_dags/example_branch_labels.py
[2024-08-25T00:20:14.409+0000] {logging_mixin.py:190} INFO - [2024-08-25T00:20:14.408+0000] {dag.py:3211} INFO - Sync 1 DAGs
[2024-08-25T00:20:14.467+0000] {logging_mixin.py:190} INFO - [2024-08-25T00:20:14.466+0000] {dag.py:4138} INFO - Setting next_dagrun for example_branch_labels to 2024-08-24 00:00:00+00:00, run_after=2024-08-25 00:00:00+00:00
[2024-08-25T00:20:14.507+0000] {processor.py:208} INFO - Processing /home/airflow/.local/lib/python3.12/site-packages/airflow/example_dags/example_branch_labels.py took 0.209 seconds
[2024-08-25T00:20:44.913+0000] {processor.py:186} INFO - Started process (PID=1839) to work on /home/airflow/.local/lib/python3.12/site-packages/airflow/example_dags/example_branch_labels.py
[2024-08-25T00:20:44.915+0000] {processor.py:914} INFO - Processing file /home/airflow/.local/lib/python3.12/site-packages/airflow/example_dags/example_branch_labels.py for tasks to queue
[2024-08-25T00:20:44.921+0000] {logging_mixin.py:190} INFO - [2024-08-25T00:20:44.920+0000] {dagbag.py:587} INFO - Filling up the DagBag from /home/airflow/.local/lib/python3.12/site-packages/airflow/example_dags/example_branch_labels.py
[2024-08-25T00:20:44.946+0000] {processor.py:925} INFO - DAG(s) 'example_branch_labels' retrieved from /home/airflow/.local/lib/python3.12/site-packages/airflow/example_dags/example_branch_labels.py
[2024-08-25T00:20:45.002+0000] {logging_mixin.py:190} INFO - [2024-08-25T00:20:45.001+0000] {dag.py:3211} INFO - Sync 1 DAGs
[2024-08-25T00:20:45.061+0000] {logging_mixin.py:190} INFO - [2024-08-25T00:20:45.060+0000] {dag.py:4138} INFO - Setting next_dagrun for example_branch_labels to 2024-08-24 00:00:00+00:00, run_after=2024-08-25 00:00:00+00:00
[2024-08-25T00:20:45.098+0000] {processor.py:208} INFO - Processing /home/airflow/.local/lib/python3.12/site-packages/airflow/example_dags/example_branch_labels.py took 0.202 seconds
[2024-08-25T00:27:01.294+0000] {processor.py:186} INFO - Started process (PID=133) to work on /home/airflow/.local/lib/python3.12/site-packages/airflow/example_dags/example_branch_labels.py
[2024-08-25T00:27:01.339+0000] {processor.py:914} INFO - Processing file /home/airflow/.local/lib/python3.12/site-packages/airflow/example_dags/example_branch_labels.py for tasks to queue
[2024-08-25T00:27:01.374+0000] {logging_mixin.py:190} INFO - [2024-08-25T00:27:01.373+0000] {dagbag.py:587} INFO - Filling up the DagBag from /home/airflow/.local/lib/python3.12/site-packages/airflow/example_dags/example_branch_labels.py
[2024-08-25T00:27:01.612+0000] {processor.py:925} INFO - DAG(s) 'example_branch_labels' retrieved from /home/airflow/.local/lib/python3.12/site-packages/airflow/example_dags/example_branch_labels.py
[2024-08-25T00:27:02.149+0000] {logging_mixin.py:190} INFO - [2024-08-25T00:27:02.147+0000] {dag.py:3211} INFO - Sync 1 DAGs
[2024-08-25T00:27:02.457+0000] {logging_mixin.py:190} INFO - [2024-08-25T00:27:02.448+0000] {dag.py:4138} INFO - Setting next_dagrun for example_branch_labels to 2024-08-24 00:00:00+00:00, run_after=2024-08-25 00:00:00+00:00
[2024-08-25T00:27:02.688+0000] {processor.py:208} INFO - Processing /home/airflow/.local/lib/python3.12/site-packages/airflow/example_dags/example_branch_labels.py took 1.480 seconds
[2024-08-25T00:27:58.647+0000] {processor.py:186} INFO - Started process (PID=197) to work on /home/airflow/.local/lib/python3.12/site-packages/airflow/example_dags/example_branch_labels.py
[2024-08-25T00:27:58.708+0000] {processor.py:914} INFO - Processing file /home/airflow/.local/lib/python3.12/site-packages/airflow/example_dags/example_branch_labels.py for tasks to queue
[2024-08-25T00:27:58.732+0000] {logging_mixin.py:190} INFO - [2024-08-25T00:27:58.731+0000] {dagbag.py:587} INFO - Filling up the DagBag from /home/airflow/.local/lib/python3.12/site-packages/airflow/example_dags/example_branch_labels.py
[2024-08-25T00:27:58.957+0000] {processor.py:925} INFO - DAG(s) 'example_branch_labels' retrieved from /home/airflow/.local/lib/python3.12/site-packages/airflow/example_dags/example_branch_labels.py
[2024-08-25T00:27:59.316+0000] {logging_mixin.py:190} INFO - [2024-08-25T00:27:59.276+0000] {dag.py:3211} INFO - Sync 1 DAGs
[2024-08-25T00:27:59.829+0000] {logging_mixin.py:190} INFO - [2024-08-25T00:27:59.828+0000] {dag.py:4138} INFO - Setting next_dagrun for example_branch_labels to 2024-08-24 00:00:00+00:00, run_after=2024-08-25 00:00:00+00:00
[2024-08-25T00:28:00.169+0000] {processor.py:208} INFO - Processing /home/airflow/.local/lib/python3.12/site-packages/airflow/example_dags/example_branch_labels.py took 1.628 seconds
[2024-08-25T00:28:41.070+0000] {processor.py:186} INFO - Started process (PID=267) to work on /home/airflow/.local/lib/python3.12/site-packages/airflow/example_dags/example_branch_labels.py
[2024-08-25T00:28:41.077+0000] {processor.py:914} INFO - Processing file /home/airflow/.local/lib/python3.12/site-packages/airflow/example_dags/example_branch_labels.py for tasks to queue
[2024-08-25T00:28:41.092+0000] {logging_mixin.py:190} INFO - [2024-08-25T00:28:41.085+0000] {dagbag.py:587} INFO - Filling up the DagBag from /home/airflow/.local/lib/python3.12/site-packages/airflow/example_dags/example_branch_labels.py
[2024-08-25T00:28:41.152+0000] {processor.py:925} INFO - DAG(s) 'example_branch_labels' retrieved from /home/airflow/.local/lib/python3.12/site-packages/airflow/example_dags/example_branch_labels.py
[2024-08-25T00:28:41.269+0000] {logging_mixin.py:190} INFO - [2024-08-25T00:28:41.264+0000] {dag.py:3211} INFO - Sync 1 DAGs
[2024-08-25T00:28:41.566+0000] {logging_mixin.py:190} INFO - [2024-08-25T00:28:41.565+0000] {dag.py:4138} INFO - Setting next_dagrun for example_branch_labels to 2024-08-24 00:00:00+00:00, run_after=2024-08-25 00:00:00+00:00
[2024-08-25T00:28:41.935+0000] {processor.py:208} INFO - Processing /home/airflow/.local/lib/python3.12/site-packages/airflow/example_dags/example_branch_labels.py took 0.890 seconds
[2024-08-25T00:29:13.238+0000] {processor.py:186} INFO - Started process (PID=330) to work on /home/airflow/.local/lib/python3.12/site-packages/airflow/example_dags/example_branch_labels.py
[2024-08-25T00:29:13.241+0000] {processor.py:914} INFO - Processing file /home/airflow/.local/lib/python3.12/site-packages/airflow/example_dags/example_branch_labels.py for tasks to queue
[2024-08-25T00:29:13.246+0000] {logging_mixin.py:190} INFO - [2024-08-25T00:29:13.245+0000] {dagbag.py:587} INFO - Filling up the DagBag from /home/airflow/.local/lib/python3.12/site-packages/airflow/example_dags/example_branch_labels.py
[2024-08-25T00:29:13.302+0000] {processor.py:925} INFO - DAG(s) 'example_branch_labels' retrieved from /home/airflow/.local/lib/python3.12/site-packages/airflow/example_dags/example_branch_labels.py
[2024-08-25T00:29:13.428+0000] {logging_mixin.py:190} INFO - [2024-08-25T00:29:13.423+0000] {dag.py:3211} INFO - Sync 1 DAGs
[2024-08-25T00:29:13.657+0000] {logging_mixin.py:190} INFO - [2024-08-25T00:29:13.656+0000] {dag.py:4138} INFO - Setting next_dagrun for example_branch_labels to 2024-08-24 00:00:00+00:00, run_after=2024-08-25 00:00:00+00:00
[2024-08-25T00:29:13.901+0000] {processor.py:208} INFO - Processing /home/airflow/.local/lib/python3.12/site-packages/airflow/example_dags/example_branch_labels.py took 0.686 seconds
[2024-08-25T00:29:45.325+0000] {processor.py:186} INFO - Started process (PID=393) to work on /home/airflow/.local/lib/python3.12/site-packages/airflow/example_dags/example_branch_labels.py
[2024-08-25T00:29:45.329+0000] {processor.py:914} INFO - Processing file /home/airflow/.local/lib/python3.12/site-packages/airflow/example_dags/example_branch_labels.py for tasks to queue
[2024-08-25T00:29:45.344+0000] {logging_mixin.py:190} INFO - [2024-08-25T00:29:45.343+0000] {dagbag.py:587} INFO - Filling up the DagBag from /home/airflow/.local/lib/python3.12/site-packages/airflow/example_dags/example_branch_labels.py
[2024-08-25T00:29:45.416+0000] {processor.py:925} INFO - DAG(s) 'example_branch_labels' retrieved from /home/airflow/.local/lib/python3.12/site-packages/airflow/example_dags/example_branch_labels.py
[2024-08-25T00:29:45.745+0000] {logging_mixin.py:190} INFO - [2024-08-25T00:29:45.744+0000] {dag.py:3211} INFO - Sync 1 DAGs
[2024-08-25T00:29:46.089+0000] {logging_mixin.py:190} INFO - [2024-08-25T00:29:46.088+0000] {dag.py:4138} INFO - Setting next_dagrun for example_branch_labels to 2024-08-24 00:00:00+00:00, run_after=2024-08-25 00:00:00+00:00
[2024-08-25T00:29:46.370+0000] {processor.py:208} INFO - Processing /home/airflow/.local/lib/python3.12/site-packages/airflow/example_dags/example_branch_labels.py took 1.100 seconds
[2024-08-25T00:30:29.825+0000] {processor.py:186} INFO - Started process (PID=461) to work on /home/airflow/.local/lib/python3.12/site-packages/airflow/example_dags/example_branch_labels.py
[2024-08-25T00:30:29.828+0000] {processor.py:914} INFO - Processing file /home/airflow/.local/lib/python3.12/site-packages/airflow/example_dags/example_branch_labels.py for tasks to queue
[2024-08-25T00:30:29.864+0000] {logging_mixin.py:190} INFO - [2024-08-25T00:30:29.863+0000] {dagbag.py:587} INFO - Filling up the DagBag from /home/airflow/.local/lib/python3.12/site-packages/airflow/example_dags/example_branch_labels.py
[2024-08-25T00:30:29.915+0000] {processor.py:925} INFO - DAG(s) 'example_branch_labels' retrieved from /home/airflow/.local/lib/python3.12/site-packages/airflow/example_dags/example_branch_labels.py
[2024-08-25T00:30:30.010+0000] {logging_mixin.py:190} INFO - [2024-08-25T00:30:30.008+0000] {dag.py:3211} INFO - Sync 1 DAGs
[2024-08-25T00:30:30.100+0000] {logging_mixin.py:190} INFO - [2024-08-25T00:30:30.100+0000] {dag.py:4138} INFO - Setting next_dagrun for example_branch_labels to 2024-08-24 00:00:00+00:00, run_after=2024-08-25 00:00:00+00:00
[2024-08-25T00:30:30.156+0000] {processor.py:208} INFO - Processing /home/airflow/.local/lib/python3.12/site-packages/airflow/example_dags/example_branch_labels.py took 0.389 seconds
[2024-08-25T00:31:01.747+0000] {processor.py:186} INFO - Started process (PID=525) to work on /home/airflow/.local/lib/python3.12/site-packages/airflow/example_dags/example_branch_labels.py
[2024-08-25T00:31:01.750+0000] {processor.py:914} INFO - Processing file /home/airflow/.local/lib/python3.12/site-packages/airflow/example_dags/example_branch_labels.py for tasks to queue
[2024-08-25T00:31:01.765+0000] {logging_mixin.py:190} INFO - [2024-08-25T00:31:01.764+0000] {dagbag.py:587} INFO - Filling up the DagBag from /home/airflow/.local/lib/python3.12/site-packages/airflow/example_dags/example_branch_labels.py
[2024-08-25T00:31:01.851+0000] {processor.py:925} INFO - DAG(s) 'example_branch_labels' retrieved from /home/airflow/.local/lib/python3.12/site-packages/airflow/example_dags/example_branch_labels.py
[2024-08-25T00:31:02.184+0000] {logging_mixin.py:190} INFO - [2024-08-25T00:31:02.182+0000] {dag.py:3211} INFO - Sync 1 DAGs
[2024-08-25T00:31:02.478+0000] {logging_mixin.py:190} INFO - [2024-08-25T00:31:02.478+0000] {dag.py:4138} INFO - Setting next_dagrun for example_branch_labels to 2024-08-24 00:00:00+00:00, run_after=2024-08-25 00:00:00+00:00
[2024-08-25T00:31:02.736+0000] {processor.py:208} INFO - Processing /home/airflow/.local/lib/python3.12/site-packages/airflow/example_dags/example_branch_labels.py took 1.057 seconds
[2024-08-25T00:32:01.015+0000] {processor.py:186} INFO - Started process (PID=611) to work on /home/airflow/.local/lib/python3.12/site-packages/airflow/example_dags/example_branch_labels.py
[2024-08-25T00:32:01.020+0000] {processor.py:914} INFO - Processing file /home/airflow/.local/lib/python3.12/site-packages/airflow/example_dags/example_branch_labels.py for tasks to queue
[2024-08-25T00:32:01.028+0000] {logging_mixin.py:190} INFO - [2024-08-25T00:32:01.027+0000] {dagbag.py:587} INFO - Filling up the DagBag from /home/airflow/.local/lib/python3.12/site-packages/airflow/example_dags/example_branch_labels.py
[2024-08-25T00:32:01.097+0000] {processor.py:925} INFO - DAG(s) 'example_branch_labels' retrieved from /home/airflow/.local/lib/python3.12/site-packages/airflow/example_dags/example_branch_labels.py
[2024-08-25T00:32:01.374+0000] {logging_mixin.py:190} INFO - [2024-08-25T00:32:01.360+0000] {dag.py:3211} INFO - Sync 1 DAGs
[2024-08-25T00:32:01.672+0000] {logging_mixin.py:190} INFO - [2024-08-25T00:32:01.671+0000] {dag.py:4138} INFO - Setting next_dagrun for example_branch_labels to 2024-08-24 00:00:00+00:00, run_after=2024-08-25 00:00:00+00:00
[2024-08-25T00:32:01.922+0000] {processor.py:208} INFO - Processing /home/airflow/.local/lib/python3.12/site-packages/airflow/example_dags/example_branch_labels.py took 0.948 seconds
[2024-08-25T00:32:33.903+0000] {processor.py:186} INFO - Started process (PID=673) to work on /home/airflow/.local/lib/python3.12/site-packages/airflow/example_dags/example_branch_labels.py
[2024-08-25T00:32:33.929+0000] {processor.py:914} INFO - Processing file /home/airflow/.local/lib/python3.12/site-packages/airflow/example_dags/example_branch_labels.py for tasks to queue
[2024-08-25T00:32:33.951+0000] {logging_mixin.py:190} INFO - [2024-08-25T00:32:33.950+0000] {dagbag.py:587} INFO - Filling up the DagBag from /home/airflow/.local/lib/python3.12/site-packages/airflow/example_dags/example_branch_labels.py
[2024-08-25T00:32:34.066+0000] {processor.py:925} INFO - DAG(s) 'example_branch_labels' retrieved from /home/airflow/.local/lib/python3.12/site-packages/airflow/example_dags/example_branch_labels.py
[2024-08-25T00:32:34.275+0000] {logging_mixin.py:190} INFO - [2024-08-25T00:32:34.274+0000] {dag.py:3211} INFO - Sync 1 DAGs
[2024-08-25T00:32:34.595+0000] {logging_mixin.py:190} INFO - [2024-08-25T00:32:34.594+0000] {dag.py:4138} INFO - Setting next_dagrun for example_branch_labels to 2024-08-24 00:00:00+00:00, run_after=2024-08-25 00:00:00+00:00
[2024-08-25T00:32:34.853+0000] {processor.py:208} INFO - Processing /home/airflow/.local/lib/python3.12/site-packages/airflow/example_dags/example_branch_labels.py took 1.034 seconds
[2024-08-25T00:33:37.529+0000] {processor.py:186} INFO - Started process (PID=760) to work on /home/airflow/.local/lib/python3.12/site-packages/airflow/example_dags/example_branch_labels.py
[2024-08-25T00:33:37.540+0000] {processor.py:914} INFO - Processing file /home/airflow/.local/lib/python3.12/site-packages/airflow/example_dags/example_branch_labels.py for tasks to queue
[2024-08-25T00:33:37.562+0000] {logging_mixin.py:190} INFO - [2024-08-25T00:33:37.551+0000] {dagbag.py:587} INFO - Filling up the DagBag from /home/airflow/.local/lib/python3.12/site-packages/airflow/example_dags/example_branch_labels.py
[2024-08-25T00:33:37.676+0000] {processor.py:925} INFO - DAG(s) 'example_branch_labels' retrieved from /home/airflow/.local/lib/python3.12/site-packages/airflow/example_dags/example_branch_labels.py
[2024-08-25T00:33:37.934+0000] {logging_mixin.py:190} INFO - [2024-08-25T00:33:37.922+0000] {dag.py:3211} INFO - Sync 1 DAGs
[2024-08-25T00:33:38.300+0000] {logging_mixin.py:190} INFO - [2024-08-25T00:33:38.300+0000] {dag.py:4138} INFO - Setting next_dagrun for example_branch_labels to 2024-08-24 00:00:00+00:00, run_after=2024-08-25 00:00:00+00:00
[2024-08-25T00:33:38.511+0000] {processor.py:208} INFO - Processing /home/airflow/.local/lib/python3.12/site-packages/airflow/example_dags/example_branch_labels.py took 1.048 seconds
[2024-08-25T00:34:20.160+0000] {processor.py:186} INFO - Started process (PID=824) to work on /home/airflow/.local/lib/python3.12/site-packages/airflow/example_dags/example_branch_labels.py
[2024-08-25T00:34:20.163+0000] {processor.py:914} INFO - Processing file /home/airflow/.local/lib/python3.12/site-packages/airflow/example_dags/example_branch_labels.py for tasks to queue
[2024-08-25T00:34:20.181+0000] {logging_mixin.py:190} INFO - [2024-08-25T00:34:20.179+0000] {dagbag.py:587} INFO - Filling up the DagBag from /home/airflow/.local/lib/python3.12/site-packages/airflow/example_dags/example_branch_labels.py
[2024-08-25T00:34:20.257+0000] {processor.py:925} INFO - DAG(s) 'example_branch_labels' retrieved from /home/airflow/.local/lib/python3.12/site-packages/airflow/example_dags/example_branch_labels.py
[2024-08-25T00:34:20.380+0000] {logging_mixin.py:190} INFO - [2024-08-25T00:34:20.377+0000] {dag.py:3211} INFO - Sync 1 DAGs
[2024-08-25T00:34:20.474+0000] {logging_mixin.py:190} INFO - [2024-08-25T00:34:20.473+0000] {dag.py:4138} INFO - Setting next_dagrun for example_branch_labels to 2024-08-24 00:00:00+00:00, run_after=2024-08-25 00:00:00+00:00
[2024-08-25T00:34:20.552+0000] {processor.py:208} INFO - Processing /home/airflow/.local/lib/python3.12/site-packages/airflow/example_dags/example_branch_labels.py took 0.427 seconds
[2024-08-25T00:34:52.064+0000] {processor.py:186} INFO - Started process (PID=886) to work on /home/airflow/.local/lib/python3.12/site-packages/airflow/example_dags/example_branch_labels.py
[2024-08-25T00:34:52.066+0000] {processor.py:914} INFO - Processing file /home/airflow/.local/lib/python3.12/site-packages/airflow/example_dags/example_branch_labels.py for tasks to queue
[2024-08-25T00:34:52.075+0000] {logging_mixin.py:190} INFO - [2024-08-25T00:34:52.071+0000] {dagbag.py:587} INFO - Filling up the DagBag from /home/airflow/.local/lib/python3.12/site-packages/airflow/example_dags/example_branch_labels.py
[2024-08-25T00:34:52.118+0000] {processor.py:925} INFO - DAG(s) 'example_branch_labels' retrieved from /home/airflow/.local/lib/python3.12/site-packages/airflow/example_dags/example_branch_labels.py
[2024-08-25T00:34:52.200+0000] {logging_mixin.py:190} INFO - [2024-08-25T00:34:52.199+0000] {dag.py:3211} INFO - Sync 1 DAGs
[2024-08-25T00:34:52.409+0000] {logging_mixin.py:190} INFO - [2024-08-25T00:34:52.400+0000] {dag.py:4138} INFO - Setting next_dagrun for example_branch_labels to 2024-08-24 00:00:00+00:00, run_after=2024-08-25 00:00:00+00:00
[2024-08-25T00:34:52.485+0000] {processor.py:208} INFO - Processing /home/airflow/.local/lib/python3.12/site-packages/airflow/example_dags/example_branch_labels.py took 0.442 seconds
[2024-08-25T00:35:25.785+0000] {processor.py:186} INFO - Started process (PID=949) to work on /home/airflow/.local/lib/python3.12/site-packages/airflow/example_dags/example_branch_labels.py
[2024-08-25T00:35:25.799+0000] {processor.py:914} INFO - Processing file /home/airflow/.local/lib/python3.12/site-packages/airflow/example_dags/example_branch_labels.py for tasks to queue
[2024-08-25T00:35:25.811+0000] {logging_mixin.py:190} INFO - [2024-08-25T00:35:25.809+0000] {dagbag.py:587} INFO - Filling up the DagBag from /home/airflow/.local/lib/python3.12/site-packages/airflow/example_dags/example_branch_labels.py
[2024-08-25T00:35:25.850+0000] {processor.py:925} INFO - DAG(s) 'example_branch_labels' retrieved from /home/airflow/.local/lib/python3.12/site-packages/airflow/example_dags/example_branch_labels.py
[2024-08-25T00:35:25.935+0000] {logging_mixin.py:190} INFO - [2024-08-25T00:35:25.933+0000] {dag.py:3211} INFO - Sync 1 DAGs
[2024-08-25T00:35:26.083+0000] {logging_mixin.py:190} INFO - [2024-08-25T00:35:26.072+0000] {dag.py:4138} INFO - Setting next_dagrun for example_branch_labels to 2024-08-24 00:00:00+00:00, run_after=2024-08-25 00:00:00+00:00
[2024-08-25T00:35:26.332+0000] {processor.py:208} INFO - Processing /home/airflow/.local/lib/python3.12/site-packages/airflow/example_dags/example_branch_labels.py took 0.573 seconds
[2024-08-25T00:36:04.700+0000] {processor.py:186} INFO - Started process (PID=1012) to work on /home/airflow/.local/lib/python3.12/site-packages/airflow/example_dags/example_branch_labels.py
[2024-08-25T00:36:04.704+0000] {processor.py:914} INFO - Processing file /home/airflow/.local/lib/python3.12/site-packages/airflow/example_dags/example_branch_labels.py for tasks to queue
[2024-08-25T00:36:04.722+0000] {logging_mixin.py:190} INFO - [2024-08-25T00:36:04.722+0000] {dagbag.py:587} INFO - Filling up the DagBag from /home/airflow/.local/lib/python3.12/site-packages/airflow/example_dags/example_branch_labels.py
[2024-08-25T00:36:04.789+0000] {processor.py:925} INFO - DAG(s) 'example_branch_labels' retrieved from /home/airflow/.local/lib/python3.12/site-packages/airflow/example_dags/example_branch_labels.py
[2024-08-25T00:36:05.011+0000] {logging_mixin.py:190} INFO - [2024-08-25T00:36:05.009+0000] {dag.py:3211} INFO - Sync 1 DAGs
[2024-08-25T00:36:05.298+0000] {logging_mixin.py:190} INFO - [2024-08-25T00:36:05.297+0000] {dag.py:4138} INFO - Setting next_dagrun for example_branch_labels to 2024-08-24 00:00:00+00:00, run_after=2024-08-25 00:00:00+00:00
[2024-08-25T00:36:05.616+0000] {processor.py:208} INFO - Processing /home/airflow/.local/lib/python3.12/site-packages/airflow/example_dags/example_branch_labels.py took 0.941 seconds
[2024-08-25T00:36:36.180+0000] {processor.py:186} INFO - Started process (PID=1074) to work on /home/airflow/.local/lib/python3.12/site-packages/airflow/example_dags/example_branch_labels.py
[2024-08-25T00:36:36.182+0000] {processor.py:914} INFO - Processing file /home/airflow/.local/lib/python3.12/site-packages/airflow/example_dags/example_branch_labels.py for tasks to queue
[2024-08-25T00:36:36.189+0000] {logging_mixin.py:190} INFO - [2024-08-25T00:36:36.188+0000] {dagbag.py:587} INFO - Filling up the DagBag from /home/airflow/.local/lib/python3.12/site-packages/airflow/example_dags/example_branch_labels.py
[2024-08-25T00:36:36.260+0000] {processor.py:925} INFO - DAG(s) 'example_branch_labels' retrieved from /home/airflow/.local/lib/python3.12/site-packages/airflow/example_dags/example_branch_labels.py
[2024-08-25T00:36:36.368+0000] {logging_mixin.py:190} INFO - [2024-08-25T00:36:36.366+0000] {dag.py:3211} INFO - Sync 1 DAGs
[2024-08-25T00:36:36.443+0000] {logging_mixin.py:190} INFO - [2024-08-25T00:36:36.443+0000] {dag.py:4138} INFO - Setting next_dagrun for example_branch_labels to 2024-08-24 00:00:00+00:00, run_after=2024-08-25 00:00:00+00:00
[2024-08-25T00:36:36.487+0000] {processor.py:208} INFO - Processing /home/airflow/.local/lib/python3.12/site-packages/airflow/example_dags/example_branch_labels.py took 0.358 seconds
[2024-08-25T00:37:07.494+0000] {processor.py:186} INFO - Started process (PID=1144) to work on /home/airflow/.local/lib/python3.12/site-packages/airflow/example_dags/example_branch_labels.py
[2024-08-25T00:37:07.496+0000] {processor.py:914} INFO - Processing file /home/airflow/.local/lib/python3.12/site-packages/airflow/example_dags/example_branch_labels.py for tasks to queue
[2024-08-25T00:37:07.500+0000] {logging_mixin.py:190} INFO - [2024-08-25T00:37:07.499+0000] {dagbag.py:587} INFO - Filling up the DagBag from /home/airflow/.local/lib/python3.12/site-packages/airflow/example_dags/example_branch_labels.py
[2024-08-25T00:37:07.534+0000] {processor.py:925} INFO - DAG(s) 'example_branch_labels' retrieved from /home/airflow/.local/lib/python3.12/site-packages/airflow/example_dags/example_branch_labels.py
[2024-08-25T00:37:07.635+0000] {logging_mixin.py:190} INFO - [2024-08-25T00:37:07.631+0000] {dag.py:3211} INFO - Sync 1 DAGs
[2024-08-25T00:37:07.900+0000] {logging_mixin.py:190} INFO - [2024-08-25T00:37:07.899+0000] {dag.py:4138} INFO - Setting next_dagrun for example_branch_labels to 2024-08-24 00:00:00+00:00, run_after=2024-08-25 00:00:00+00:00
[2024-08-25T00:37:08.033+0000] {processor.py:208} INFO - Processing /home/airflow/.local/lib/python3.12/site-packages/airflow/example_dags/example_branch_labels.py took 0.559 seconds
[2024-08-25T00:37:38.415+0000] {processor.py:186} INFO - Started process (PID=1206) to work on /home/airflow/.local/lib/python3.12/site-packages/airflow/example_dags/example_branch_labels.py
[2024-08-25T00:37:38.419+0000] {processor.py:914} INFO - Processing file /home/airflow/.local/lib/python3.12/site-packages/airflow/example_dags/example_branch_labels.py for tasks to queue
[2024-08-25T00:37:38.424+0000] {logging_mixin.py:190} INFO - [2024-08-25T00:37:38.423+0000] {dagbag.py:587} INFO - Filling up the DagBag from /home/airflow/.local/lib/python3.12/site-packages/airflow/example_dags/example_branch_labels.py
[2024-08-25T00:37:38.456+0000] {processor.py:925} INFO - DAG(s) 'example_branch_labels' retrieved from /home/airflow/.local/lib/python3.12/site-packages/airflow/example_dags/example_branch_labels.py
[2024-08-25T00:37:38.519+0000] {logging_mixin.py:190} INFO - [2024-08-25T00:37:38.515+0000] {dag.py:3211} INFO - Sync 1 DAGs
[2024-08-25T00:37:38.594+0000] {logging_mixin.py:190} INFO - [2024-08-25T00:37:38.594+0000] {dag.py:4138} INFO - Setting next_dagrun for example_branch_labels to 2024-08-24 00:00:00+00:00, run_after=2024-08-25 00:00:00+00:00
[2024-08-25T00:37:38.642+0000] {processor.py:208} INFO - Processing /home/airflow/.local/lib/python3.12/site-packages/airflow/example_dags/example_branch_labels.py took 0.241 seconds
[2024-08-25T00:38:09.741+0000] {processor.py:186} INFO - Started process (PID=1268) to work on /home/airflow/.local/lib/python3.12/site-packages/airflow/example_dags/example_branch_labels.py
[2024-08-25T00:38:09.742+0000] {processor.py:914} INFO - Processing file /home/airflow/.local/lib/python3.12/site-packages/airflow/example_dags/example_branch_labels.py for tasks to queue
[2024-08-25T00:38:09.750+0000] {logging_mixin.py:190} INFO - [2024-08-25T00:38:09.749+0000] {dagbag.py:587} INFO - Filling up the DagBag from /home/airflow/.local/lib/python3.12/site-packages/airflow/example_dags/example_branch_labels.py
[2024-08-25T00:38:09.792+0000] {processor.py:925} INFO - DAG(s) 'example_branch_labels' retrieved from /home/airflow/.local/lib/python3.12/site-packages/airflow/example_dags/example_branch_labels.py
[2024-08-25T00:38:09.872+0000] {logging_mixin.py:190} INFO - [2024-08-25T00:38:09.871+0000] {dag.py:3211} INFO - Sync 1 DAGs
[2024-08-25T00:38:09.937+0000] {logging_mixin.py:190} INFO - [2024-08-25T00:38:09.937+0000] {dag.py:4138} INFO - Setting next_dagrun for example_branch_labels to 2024-08-24 00:00:00+00:00, run_after=2024-08-25 00:00:00+00:00
[2024-08-25T00:38:09.980+0000] {processor.py:208} INFO - Processing /home/airflow/.local/lib/python3.12/site-packages/airflow/example_dags/example_branch_labels.py took 0.258 seconds
[2024-08-25T00:38:42.614+0000] {processor.py:186} INFO - Started process (PID=1331) to work on /home/airflow/.local/lib/python3.12/site-packages/airflow/example_dags/example_branch_labels.py
[2024-08-25T00:38:42.617+0000] {processor.py:914} INFO - Processing file /home/airflow/.local/lib/python3.12/site-packages/airflow/example_dags/example_branch_labels.py for tasks to queue
[2024-08-25T00:38:42.621+0000] {logging_mixin.py:190} INFO - [2024-08-25T00:38:42.620+0000] {dagbag.py:587} INFO - Filling up the DagBag from /home/airflow/.local/lib/python3.12/site-packages/airflow/example_dags/example_branch_labels.py
[2024-08-25T00:38:42.667+0000] {processor.py:925} INFO - DAG(s) 'example_branch_labels' retrieved from /home/airflow/.local/lib/python3.12/site-packages/airflow/example_dags/example_branch_labels.py
[2024-08-25T00:38:42.801+0000] {logging_mixin.py:190} INFO - [2024-08-25T00:38:42.799+0000] {dag.py:3211} INFO - Sync 1 DAGs
[2024-08-25T00:38:42.901+0000] {logging_mixin.py:190} INFO - [2024-08-25T00:38:42.900+0000] {dag.py:4138} INFO - Setting next_dagrun for example_branch_labels to 2024-08-24 00:00:00+00:00, run_after=2024-08-25 00:00:00+00:00
[2024-08-25T00:38:42.990+0000] {processor.py:208} INFO - Processing /home/airflow/.local/lib/python3.12/site-packages/airflow/example_dags/example_branch_labels.py took 0.399 seconds
[2024-08-25T00:39:16.488+0000] {processor.py:186} INFO - Started process (PID=1396) to work on /home/airflow/.local/lib/python3.12/site-packages/airflow/example_dags/example_branch_labels.py
[2024-08-25T00:39:16.491+0000] {processor.py:914} INFO - Processing file /home/airflow/.local/lib/python3.12/site-packages/airflow/example_dags/example_branch_labels.py for tasks to queue
[2024-08-25T00:39:16.500+0000] {logging_mixin.py:190} INFO - [2024-08-25T00:39:16.499+0000] {dagbag.py:587} INFO - Filling up the DagBag from /home/airflow/.local/lib/python3.12/site-packages/airflow/example_dags/example_branch_labels.py
[2024-08-25T00:39:16.551+0000] {processor.py:925} INFO - DAG(s) 'example_branch_labels' retrieved from /home/airflow/.local/lib/python3.12/site-packages/airflow/example_dags/example_branch_labels.py
[2024-08-25T00:39:16.690+0000] {logging_mixin.py:190} INFO - [2024-08-25T00:39:16.688+0000] {dag.py:3211} INFO - Sync 1 DAGs
[2024-08-25T00:39:16.804+0000] {logging_mixin.py:190} INFO - [2024-08-25T00:39:16.803+0000] {dag.py:4138} INFO - Setting next_dagrun for example_branch_labels to 2024-08-24 00:00:00+00:00, run_after=2024-08-25 00:00:00+00:00
[2024-08-25T00:39:16.905+0000] {processor.py:208} INFO - Processing /home/airflow/.local/lib/python3.12/site-packages/airflow/example_dags/example_branch_labels.py took 0.438 seconds
[2024-08-25T00:39:47.586+0000] {processor.py:186} INFO - Started process (PID=1457) to work on /home/airflow/.local/lib/python3.12/site-packages/airflow/example_dags/example_branch_labels.py
[2024-08-25T00:39:47.588+0000] {processor.py:914} INFO - Processing file /home/airflow/.local/lib/python3.12/site-packages/airflow/example_dags/example_branch_labels.py for tasks to queue
[2024-08-25T00:39:47.592+0000] {logging_mixin.py:190} INFO - [2024-08-25T00:39:47.591+0000] {dagbag.py:587} INFO - Filling up the DagBag from /home/airflow/.local/lib/python3.12/site-packages/airflow/example_dags/example_branch_labels.py
[2024-08-25T00:39:47.618+0000] {processor.py:925} INFO - DAG(s) 'example_branch_labels' retrieved from /home/airflow/.local/lib/python3.12/site-packages/airflow/example_dags/example_branch_labels.py
[2024-08-25T00:39:47.683+0000] {logging_mixin.py:190} INFO - [2024-08-25T00:39:47.682+0000] {dag.py:3211} INFO - Sync 1 DAGs
[2024-08-25T00:39:47.775+0000] {logging_mixin.py:190} INFO - [2024-08-25T00:39:47.774+0000] {dag.py:4138} INFO - Setting next_dagrun for example_branch_labels to 2024-08-24 00:00:00+00:00, run_after=2024-08-25 00:00:00+00:00
[2024-08-25T00:39:47.869+0000] {processor.py:208} INFO - Processing /home/airflow/.local/lib/python3.12/site-packages/airflow/example_dags/example_branch_labels.py took 0.300 seconds
