[2024-08-25T00:00:01.898+0000] {processor.py:186} INFO - Started process (PID=38510) to work on /home/airflow/.local/lib/python3.12/site-packages/airflow/example_dags/example_params_trigger_ui.py
[2024-08-25T00:00:01.900+0000] {processor.py:914} INFO - Processing file /home/airflow/.local/lib/python3.12/site-packages/airflow/example_dags/example_params_trigger_ui.py for tasks to queue
[2024-08-25T00:00:01.907+0000] {logging_mixin.py:190} INFO - [2024-08-25T00:00:01.906+0000] {dagbag.py:587} INFO - Filling up the DagBag from /home/airflow/.local/lib/python3.12/site-packages/airflow/example_dags/example_params_trigger_ui.py
[2024-08-25T00:00:01.939+0000] {processor.py:925} INFO - DAG(s) 'example_params_trigger_ui' retrieved from /home/airflow/.local/lib/python3.12/site-packages/airflow/example_dags/example_params_trigger_ui.py
[2024-08-25T00:00:02.058+0000] {logging_mixin.py:190} INFO - [2024-08-25T00:00:02.057+0000] {dag.py:3211} INFO - Sync 1 DAGs
[2024-08-25T00:00:02.104+0000] {logging_mixin.py:190} INFO - [2024-08-25T00:00:02.103+0000] {dag.py:4138} INFO - Setting next_dagrun for example_params_trigger_ui to None, run_after=None
[2024-08-25T00:00:02.137+0000] {processor.py:208} INFO - Processing /home/airflow/.local/lib/python3.12/site-packages/airflow/example_dags/example_params_trigger_ui.py took 0.253 seconds
[2024-08-25T00:00:33.791+0000] {processor.py:186} INFO - Started process (PID=38573) to work on /home/airflow/.local/lib/python3.12/site-packages/airflow/example_dags/example_params_trigger_ui.py
[2024-08-25T00:00:33.794+0000] {processor.py:914} INFO - Processing file /home/airflow/.local/lib/python3.12/site-packages/airflow/example_dags/example_params_trigger_ui.py for tasks to queue
[2024-08-25T00:00:33.807+0000] {logging_mixin.py:190} INFO - [2024-08-25T00:00:33.806+0000] {dagbag.py:587} INFO - Filling up the DagBag from /home/airflow/.local/lib/python3.12/site-packages/airflow/example_dags/example_params_trigger_ui.py
[2024-08-25T00:00:33.866+0000] {processor.py:925} INFO - DAG(s) 'example_params_trigger_ui' retrieved from /home/airflow/.local/lib/python3.12/site-packages/airflow/example_dags/example_params_trigger_ui.py
[2024-08-25T00:00:34.048+0000] {logging_mixin.py:190} INFO - [2024-08-25T00:00:34.047+0000] {dag.py:3211} INFO - Sync 1 DAGs
[2024-08-25T00:00:34.109+0000] {logging_mixin.py:190} INFO - [2024-08-25T00:00:34.108+0000] {dag.py:4138} INFO - Setting next_dagrun for example_params_trigger_ui to None, run_after=None
[2024-08-25T00:00:34.171+0000] {processor.py:208} INFO - Processing /home/airflow/.local/lib/python3.12/site-packages/airflow/example_dags/example_params_trigger_ui.py took 0.405 seconds
[2024-08-25T00:06:05.152+0000] {processor.py:186} INFO - Started process (PID=123) to work on /home/airflow/.local/lib/python3.12/site-packages/airflow/example_dags/example_params_trigger_ui.py
[2024-08-25T00:06:05.155+0000] {processor.py:914} INFO - Processing file /home/airflow/.local/lib/python3.12/site-packages/airflow/example_dags/example_params_trigger_ui.py for tasks to queue
[2024-08-25T00:06:05.168+0000] {logging_mixin.py:190} INFO - [2024-08-25T00:06:05.167+0000] {dagbag.py:587} INFO - Filling up the DagBag from /home/airflow/.local/lib/python3.12/site-packages/airflow/example_dags/example_params_trigger_ui.py
[2024-08-25T00:06:05.336+0000] {processor.py:925} INFO - DAG(s) 'example_params_trigger_ui' retrieved from /home/airflow/.local/lib/python3.12/site-packages/airflow/example_dags/example_params_trigger_ui.py
[2024-08-25T00:06:05.704+0000] {logging_mixin.py:190} INFO - [2024-08-25T00:06:05.694+0000] {dag.py:3211} INFO - Sync 1 DAGs
[2024-08-25T00:06:05.807+0000] {logging_mixin.py:190} INFO - [2024-08-25T00:06:05.807+0000] {dag.py:4138} INFO - Setting next_dagrun for example_params_trigger_ui to None, run_after=None
[2024-08-25T00:06:05.961+0000] {processor.py:208} INFO - Processing /home/airflow/.local/lib/python3.12/site-packages/airflow/example_dags/example_params_trigger_ui.py took 0.849 seconds
[2024-08-25T00:06:59.121+0000] {processor.py:186} INFO - Started process (PID=193) to work on /home/airflow/.local/lib/python3.12/site-packages/airflow/example_dags/example_params_trigger_ui.py
[2024-08-25T00:06:59.136+0000] {processor.py:914} INFO - Processing file /home/airflow/.local/lib/python3.12/site-packages/airflow/example_dags/example_params_trigger_ui.py for tasks to queue
[2024-08-25T00:06:59.147+0000] {logging_mixin.py:190} INFO - [2024-08-25T00:06:59.146+0000] {dagbag.py:587} INFO - Filling up the DagBag from /home/airflow/.local/lib/python3.12/site-packages/airflow/example_dags/example_params_trigger_ui.py
[2024-08-25T00:06:59.239+0000] {processor.py:925} INFO - DAG(s) 'example_params_trigger_ui' retrieved from /home/airflow/.local/lib/python3.12/site-packages/airflow/example_dags/example_params_trigger_ui.py
[2024-08-25T00:06:59.579+0000] {logging_mixin.py:190} INFO - [2024-08-25T00:06:59.577+0000] {dag.py:3211} INFO - Sync 1 DAGs
[2024-08-25T00:06:59.762+0000] {logging_mixin.py:190} INFO - [2024-08-25T00:06:59.761+0000] {dag.py:4138} INFO - Setting next_dagrun for example_params_trigger_ui to None, run_after=None
[2024-08-25T00:07:00.075+0000] {processor.py:208} INFO - Processing /home/airflow/.local/lib/python3.12/site-packages/airflow/example_dags/example_params_trigger_ui.py took 1.014 seconds
[2024-08-25T00:07:30.306+0000] {processor.py:186} INFO - Started process (PID=255) to work on /home/airflow/.local/lib/python3.12/site-packages/airflow/example_dags/example_params_trigger_ui.py
[2024-08-25T00:07:30.308+0000] {processor.py:914} INFO - Processing file /home/airflow/.local/lib/python3.12/site-packages/airflow/example_dags/example_params_trigger_ui.py for tasks to queue
[2024-08-25T00:07:30.317+0000] {logging_mixin.py:190} INFO - [2024-08-25T00:07:30.316+0000] {dagbag.py:587} INFO - Filling up the DagBag from /home/airflow/.local/lib/python3.12/site-packages/airflow/example_dags/example_params_trigger_ui.py
[2024-08-25T00:07:30.356+0000] {processor.py:925} INFO - DAG(s) 'example_params_trigger_ui' retrieved from /home/airflow/.local/lib/python3.12/site-packages/airflow/example_dags/example_params_trigger_ui.py
[2024-08-25T00:07:30.541+0000] {logging_mixin.py:190} INFO - [2024-08-25T00:07:30.539+0000] {dag.py:3211} INFO - Sync 1 DAGs
[2024-08-25T00:07:30.597+0000] {logging_mixin.py:190} INFO - [2024-08-25T00:07:30.596+0000] {dag.py:4138} INFO - Setting next_dagrun for example_params_trigger_ui to None, run_after=None
[2024-08-25T00:07:30.647+0000] {processor.py:208} INFO - Processing /home/airflow/.local/lib/python3.12/site-packages/airflow/example_dags/example_params_trigger_ui.py took 0.361 seconds
[2024-08-25T00:08:06.551+0000] {processor.py:186} INFO - Started process (PID=318) to work on /home/airflow/.local/lib/python3.12/site-packages/airflow/example_dags/example_params_trigger_ui.py
[2024-08-25T00:08:06.554+0000] {processor.py:914} INFO - Processing file /home/airflow/.local/lib/python3.12/site-packages/airflow/example_dags/example_params_trigger_ui.py for tasks to queue
[2024-08-25T00:08:06.571+0000] {logging_mixin.py:190} INFO - [2024-08-25T00:08:06.570+0000] {dagbag.py:587} INFO - Filling up the DagBag from /home/airflow/.local/lib/python3.12/site-packages/airflow/example_dags/example_params_trigger_ui.py
[2024-08-25T00:08:06.691+0000] {processor.py:925} INFO - DAG(s) 'example_params_trigger_ui' retrieved from /home/airflow/.local/lib/python3.12/site-packages/airflow/example_dags/example_params_trigger_ui.py
[2024-08-25T00:08:07.419+0000] {logging_mixin.py:190} INFO - [2024-08-25T00:08:07.415+0000] {dag.py:3211} INFO - Sync 1 DAGs
[2024-08-25T00:08:07.560+0000] {logging_mixin.py:190} INFO - [2024-08-25T00:08:07.559+0000] {dag.py:4138} INFO - Setting next_dagrun for example_params_trigger_ui to None, run_after=None
[2024-08-25T00:08:07.934+0000] {processor.py:208} INFO - Processing /home/airflow/.local/lib/python3.12/site-packages/airflow/example_dags/example_params_trigger_ui.py took 1.408 seconds
[2024-08-25T00:08:38.569+0000] {processor.py:186} INFO - Started process (PID=381) to work on /home/airflow/.local/lib/python3.12/site-packages/airflow/example_dags/example_params_trigger_ui.py
[2024-08-25T00:08:38.571+0000] {processor.py:914} INFO - Processing file /home/airflow/.local/lib/python3.12/site-packages/airflow/example_dags/example_params_trigger_ui.py for tasks to queue
[2024-08-25T00:08:38.585+0000] {logging_mixin.py:190} INFO - [2024-08-25T00:08:38.584+0000] {dagbag.py:587} INFO - Filling up the DagBag from /home/airflow/.local/lib/python3.12/site-packages/airflow/example_dags/example_params_trigger_ui.py
[2024-08-25T00:08:38.636+0000] {processor.py:925} INFO - DAG(s) 'example_params_trigger_ui' retrieved from /home/airflow/.local/lib/python3.12/site-packages/airflow/example_dags/example_params_trigger_ui.py
[2024-08-25T00:08:38.869+0000] {logging_mixin.py:190} INFO - [2024-08-25T00:08:38.868+0000] {dag.py:3211} INFO - Sync 1 DAGs
[2024-08-25T00:08:38.934+0000] {logging_mixin.py:190} INFO - [2024-08-25T00:08:38.933+0000] {dag.py:4138} INFO - Setting next_dagrun for example_params_trigger_ui to None, run_after=None
[2024-08-25T00:08:39.075+0000] {processor.py:208} INFO - Processing /home/airflow/.local/lib/python3.12/site-packages/airflow/example_dags/example_params_trigger_ui.py took 0.525 seconds
[2024-08-25T00:09:10.748+0000] {processor.py:186} INFO - Started process (PID=444) to work on /home/airflow/.local/lib/python3.12/site-packages/airflow/example_dags/example_params_trigger_ui.py
[2024-08-25T00:09:10.750+0000] {processor.py:914} INFO - Processing file /home/airflow/.local/lib/python3.12/site-packages/airflow/example_dags/example_params_trigger_ui.py for tasks to queue
[2024-08-25T00:09:10.755+0000] {logging_mixin.py:190} INFO - [2024-08-25T00:09:10.754+0000] {dagbag.py:587} INFO - Filling up the DagBag from /home/airflow/.local/lib/python3.12/site-packages/airflow/example_dags/example_params_trigger_ui.py
[2024-08-25T00:09:10.795+0000] {processor.py:925} INFO - DAG(s) 'example_params_trigger_ui' retrieved from /home/airflow/.local/lib/python3.12/site-packages/airflow/example_dags/example_params_trigger_ui.py
[2024-08-25T00:09:11.044+0000] {logging_mixin.py:190} INFO - [2024-08-25T00:09:11.038+0000] {dag.py:3211} INFO - Sync 1 DAGs
[2024-08-25T00:09:11.120+0000] {logging_mixin.py:190} INFO - [2024-08-25T00:09:11.119+0000] {dag.py:4138} INFO - Setting next_dagrun for example_params_trigger_ui to None, run_after=None
[2024-08-25T00:09:11.196+0000] {processor.py:208} INFO - Processing /home/airflow/.local/lib/python3.12/site-packages/airflow/example_dags/example_params_trigger_ui.py took 0.465 seconds
[2024-08-25T00:09:43.145+0000] {processor.py:186} INFO - Started process (PID=508) to work on /home/airflow/.local/lib/python3.12/site-packages/airflow/example_dags/example_params_trigger_ui.py
[2024-08-25T00:09:43.147+0000] {processor.py:914} INFO - Processing file /home/airflow/.local/lib/python3.12/site-packages/airflow/example_dags/example_params_trigger_ui.py for tasks to queue
[2024-08-25T00:09:43.154+0000] {logging_mixin.py:190} INFO - [2024-08-25T00:09:43.153+0000] {dagbag.py:587} INFO - Filling up the DagBag from /home/airflow/.local/lib/python3.12/site-packages/airflow/example_dags/example_params_trigger_ui.py
[2024-08-25T00:09:43.197+0000] {processor.py:925} INFO - DAG(s) 'example_params_trigger_ui' retrieved from /home/airflow/.local/lib/python3.12/site-packages/airflow/example_dags/example_params_trigger_ui.py
[2024-08-25T00:09:43.416+0000] {logging_mixin.py:190} INFO - [2024-08-25T00:09:43.415+0000] {dag.py:3211} INFO - Sync 1 DAGs
[2024-08-25T00:09:43.470+0000] {logging_mixin.py:190} INFO - [2024-08-25T00:09:43.469+0000] {dag.py:4138} INFO - Setting next_dagrun for example_params_trigger_ui to None, run_after=None
[2024-08-25T00:09:43.525+0000] {processor.py:208} INFO - Processing /home/airflow/.local/lib/python3.12/site-packages/airflow/example_dags/example_params_trigger_ui.py took 0.409 seconds
[2024-08-25T00:10:13.679+0000] {processor.py:186} INFO - Started process (PID=571) to work on /home/airflow/.local/lib/python3.12/site-packages/airflow/example_dags/example_params_trigger_ui.py
[2024-08-25T00:10:13.681+0000] {processor.py:914} INFO - Processing file /home/airflow/.local/lib/python3.12/site-packages/airflow/example_dags/example_params_trigger_ui.py for tasks to queue
[2024-08-25T00:10:13.685+0000] {logging_mixin.py:190} INFO - [2024-08-25T00:10:13.685+0000] {dagbag.py:587} INFO - Filling up the DagBag from /home/airflow/.local/lib/python3.12/site-packages/airflow/example_dags/example_params_trigger_ui.py
[2024-08-25T00:10:13.709+0000] {processor.py:925} INFO - DAG(s) 'example_params_trigger_ui' retrieved from /home/airflow/.local/lib/python3.12/site-packages/airflow/example_dags/example_params_trigger_ui.py
[2024-08-25T00:10:13.813+0000] {logging_mixin.py:190} INFO - [2024-08-25T00:10:13.812+0000] {dag.py:3211} INFO - Sync 1 DAGs
[2024-08-25T00:10:13.842+0000] {logging_mixin.py:190} INFO - [2024-08-25T00:10:13.842+0000] {dag.py:4138} INFO - Setting next_dagrun for example_params_trigger_ui to None, run_after=None
[2024-08-25T00:10:13.876+0000] {processor.py:208} INFO - Processing /home/airflow/.local/lib/python3.12/site-packages/airflow/example_dags/example_params_trigger_ui.py took 0.209 seconds
[2024-08-25T00:10:45.351+0000] {processor.py:186} INFO - Started process (PID=634) to work on /home/airflow/.local/lib/python3.12/site-packages/airflow/example_dags/example_params_trigger_ui.py
[2024-08-25T00:10:45.353+0000] {processor.py:914} INFO - Processing file /home/airflow/.local/lib/python3.12/site-packages/airflow/example_dags/example_params_trigger_ui.py for tasks to queue
[2024-08-25T00:10:45.360+0000] {logging_mixin.py:190} INFO - [2024-08-25T00:10:45.359+0000] {dagbag.py:587} INFO - Filling up the DagBag from /home/airflow/.local/lib/python3.12/site-packages/airflow/example_dags/example_params_trigger_ui.py
[2024-08-25T00:10:45.398+0000] {processor.py:925} INFO - DAG(s) 'example_params_trigger_ui' retrieved from /home/airflow/.local/lib/python3.12/site-packages/airflow/example_dags/example_params_trigger_ui.py
[2024-08-25T00:10:45.729+0000] {logging_mixin.py:190} INFO - [2024-08-25T00:10:45.727+0000] {dag.py:3211} INFO - Sync 1 DAGs
[2024-08-25T00:10:45.829+0000] {logging_mixin.py:190} INFO - [2024-08-25T00:10:45.828+0000] {dag.py:4138} INFO - Setting next_dagrun for example_params_trigger_ui to None, run_after=None
[2024-08-25T00:10:45.969+0000] {processor.py:208} INFO - Processing /home/airflow/.local/lib/python3.12/site-packages/airflow/example_dags/example_params_trigger_ui.py took 0.636 seconds
[2024-08-25T00:11:16.682+0000] {processor.py:186} INFO - Started process (PID=696) to work on /home/airflow/.local/lib/python3.12/site-packages/airflow/example_dags/example_params_trigger_ui.py
[2024-08-25T00:11:16.684+0000] {processor.py:914} INFO - Processing file /home/airflow/.local/lib/python3.12/site-packages/airflow/example_dags/example_params_trigger_ui.py for tasks to queue
[2024-08-25T00:11:16.691+0000] {logging_mixin.py:190} INFO - [2024-08-25T00:11:16.690+0000] {dagbag.py:587} INFO - Filling up the DagBag from /home/airflow/.local/lib/python3.12/site-packages/airflow/example_dags/example_params_trigger_ui.py
[2024-08-25T00:11:16.721+0000] {processor.py:925} INFO - DAG(s) 'example_params_trigger_ui' retrieved from /home/airflow/.local/lib/python3.12/site-packages/airflow/example_dags/example_params_trigger_ui.py
[2024-08-25T00:11:16.853+0000] {logging_mixin.py:190} INFO - [2024-08-25T00:11:16.851+0000] {dag.py:3211} INFO - Sync 1 DAGs
[2024-08-25T00:11:16.892+0000] {logging_mixin.py:190} INFO - [2024-08-25T00:11:16.891+0000] {dag.py:4138} INFO - Setting next_dagrun for example_params_trigger_ui to None, run_after=None
[2024-08-25T00:11:16.936+0000] {processor.py:208} INFO - Processing /home/airflow/.local/lib/python3.12/site-packages/airflow/example_dags/example_params_trigger_ui.py took 0.270 seconds
[2024-08-25T00:11:53.511+0000] {processor.py:186} INFO - Started process (PID=761) to work on /home/airflow/.local/lib/python3.12/site-packages/airflow/example_dags/example_params_trigger_ui.py
[2024-08-25T00:11:53.517+0000] {processor.py:914} INFO - Processing file /home/airflow/.local/lib/python3.12/site-packages/airflow/example_dags/example_params_trigger_ui.py for tasks to queue
[2024-08-25T00:11:53.530+0000] {logging_mixin.py:190} INFO - [2024-08-25T00:11:53.524+0000] {dagbag.py:587} INFO - Filling up the DagBag from /home/airflow/.local/lib/python3.12/site-packages/airflow/example_dags/example_params_trigger_ui.py
[2024-08-25T00:11:53.580+0000] {processor.py:925} INFO - DAG(s) 'example_params_trigger_ui' retrieved from /home/airflow/.local/lib/python3.12/site-packages/airflow/example_dags/example_params_trigger_ui.py
[2024-08-25T00:11:53.792+0000] {logging_mixin.py:190} INFO - [2024-08-25T00:11:53.789+0000] {dag.py:3211} INFO - Sync 1 DAGs
[2024-08-25T00:11:53.928+0000] {logging_mixin.py:190} INFO - [2024-08-25T00:11:53.927+0000] {dag.py:4138} INFO - Setting next_dagrun for example_params_trigger_ui to None, run_after=None
[2024-08-25T00:11:54.014+0000] {processor.py:208} INFO - Processing /home/airflow/.local/lib/python3.12/site-packages/airflow/example_dags/example_params_trigger_ui.py took 0.538 seconds
[2024-08-25T00:12:24.191+0000] {processor.py:186} INFO - Started process (PID=825) to work on /home/airflow/.local/lib/python3.12/site-packages/airflow/example_dags/example_params_trigger_ui.py
[2024-08-25T00:12:24.202+0000] {processor.py:914} INFO - Processing file /home/airflow/.local/lib/python3.12/site-packages/airflow/example_dags/example_params_trigger_ui.py for tasks to queue
[2024-08-25T00:12:24.211+0000] {logging_mixin.py:190} INFO - [2024-08-25T00:12:24.210+0000] {dagbag.py:587} INFO - Filling up the DagBag from /home/airflow/.local/lib/python3.12/site-packages/airflow/example_dags/example_params_trigger_ui.py
[2024-08-25T00:12:24.299+0000] {processor.py:925} INFO - DAG(s) 'example_params_trigger_ui' retrieved from /home/airflow/.local/lib/python3.12/site-packages/airflow/example_dags/example_params_trigger_ui.py
[2024-08-25T00:12:24.579+0000] {logging_mixin.py:190} INFO - [2024-08-25T00:12:24.577+0000] {dag.py:3211} INFO - Sync 1 DAGs
[2024-08-25T00:12:24.629+0000] {logging_mixin.py:190} INFO - [2024-08-25T00:12:24.628+0000] {dag.py:4138} INFO - Setting next_dagrun for example_params_trigger_ui to None, run_after=None
[2024-08-25T00:12:24.712+0000] {processor.py:208} INFO - Processing /home/airflow/.local/lib/python3.12/site-packages/airflow/example_dags/example_params_trigger_ui.py took 0.557 seconds
[2024-08-25T00:12:55.765+0000] {processor.py:186} INFO - Started process (PID=888) to work on /home/airflow/.local/lib/python3.12/site-packages/airflow/example_dags/example_params_trigger_ui.py
[2024-08-25T00:12:55.767+0000] {processor.py:914} INFO - Processing file /home/airflow/.local/lib/python3.12/site-packages/airflow/example_dags/example_params_trigger_ui.py for tasks to queue
[2024-08-25T00:12:55.772+0000] {logging_mixin.py:190} INFO - [2024-08-25T00:12:55.771+0000] {dagbag.py:587} INFO - Filling up the DagBag from /home/airflow/.local/lib/python3.12/site-packages/airflow/example_dags/example_params_trigger_ui.py
[2024-08-25T00:12:55.798+0000] {processor.py:925} INFO - DAG(s) 'example_params_trigger_ui' retrieved from /home/airflow/.local/lib/python3.12/site-packages/airflow/example_dags/example_params_trigger_ui.py
[2024-08-25T00:12:56.056+0000] {logging_mixin.py:190} INFO - [2024-08-25T00:12:56.054+0000] {dag.py:3211} INFO - Sync 1 DAGs
[2024-08-25T00:12:56.119+0000] {logging_mixin.py:190} INFO - [2024-08-25T00:12:56.118+0000] {dag.py:4138} INFO - Setting next_dagrun for example_params_trigger_ui to None, run_after=None
[2024-08-25T00:12:56.181+0000] {processor.py:208} INFO - Processing /home/airflow/.local/lib/python3.12/site-packages/airflow/example_dags/example_params_trigger_ui.py took 0.432 seconds
[2024-08-25T00:13:26.741+0000] {processor.py:186} INFO - Started process (PID=951) to work on /home/airflow/.local/lib/python3.12/site-packages/airflow/example_dags/example_params_trigger_ui.py
[2024-08-25T00:13:26.743+0000] {processor.py:914} INFO - Processing file /home/airflow/.local/lib/python3.12/site-packages/airflow/example_dags/example_params_trigger_ui.py for tasks to queue
[2024-08-25T00:13:26.749+0000] {logging_mixin.py:190} INFO - [2024-08-25T00:13:26.748+0000] {dagbag.py:587} INFO - Filling up the DagBag from /home/airflow/.local/lib/python3.12/site-packages/airflow/example_dags/example_params_trigger_ui.py
[2024-08-25T00:13:26.776+0000] {processor.py:925} INFO - DAG(s) 'example_params_trigger_ui' retrieved from /home/airflow/.local/lib/python3.12/site-packages/airflow/example_dags/example_params_trigger_ui.py
[2024-08-25T00:13:26.915+0000] {logging_mixin.py:190} INFO - [2024-08-25T00:13:26.913+0000] {dag.py:3211} INFO - Sync 1 DAGs
[2024-08-25T00:13:26.948+0000] {logging_mixin.py:190} INFO - [2024-08-25T00:13:26.948+0000] {dag.py:4138} INFO - Setting next_dagrun for example_params_trigger_ui to None, run_after=None
[2024-08-25T00:13:26.989+0000] {processor.py:208} INFO - Processing /home/airflow/.local/lib/python3.12/site-packages/airflow/example_dags/example_params_trigger_ui.py took 0.260 seconds
[2024-08-25T00:13:57.554+0000] {processor.py:186} INFO - Started process (PID=1014) to work on /home/airflow/.local/lib/python3.12/site-packages/airflow/example_dags/example_params_trigger_ui.py
[2024-08-25T00:13:57.557+0000] {processor.py:914} INFO - Processing file /home/airflow/.local/lib/python3.12/site-packages/airflow/example_dags/example_params_trigger_ui.py for tasks to queue
[2024-08-25T00:13:57.583+0000] {logging_mixin.py:190} INFO - [2024-08-25T00:13:57.582+0000] {dagbag.py:587} INFO - Filling up the DagBag from /home/airflow/.local/lib/python3.12/site-packages/airflow/example_dags/example_params_trigger_ui.py
[2024-08-25T00:13:57.637+0000] {processor.py:925} INFO - DAG(s) 'example_params_trigger_ui' retrieved from /home/airflow/.local/lib/python3.12/site-packages/airflow/example_dags/example_params_trigger_ui.py
[2024-08-25T00:13:57.858+0000] {logging_mixin.py:190} INFO - [2024-08-25T00:13:57.857+0000] {dag.py:3211} INFO - Sync 1 DAGs
[2024-08-25T00:13:57.904+0000] {logging_mixin.py:190} INFO - [2024-08-25T00:13:57.903+0000] {dag.py:4138} INFO - Setting next_dagrun for example_params_trigger_ui to None, run_after=None
[2024-08-25T00:13:57.968+0000] {processor.py:208} INFO - Processing /home/airflow/.local/lib/python3.12/site-packages/airflow/example_dags/example_params_trigger_ui.py took 0.435 seconds
[2024-08-25T00:14:28.214+0000] {processor.py:186} INFO - Started process (PID=1077) to work on /home/airflow/.local/lib/python3.12/site-packages/airflow/example_dags/example_params_trigger_ui.py
[2024-08-25T00:14:28.217+0000] {processor.py:914} INFO - Processing file /home/airflow/.local/lib/python3.12/site-packages/airflow/example_dags/example_params_trigger_ui.py for tasks to queue
[2024-08-25T00:14:28.224+0000] {logging_mixin.py:190} INFO - [2024-08-25T00:14:28.223+0000] {dagbag.py:587} INFO - Filling up the DagBag from /home/airflow/.local/lib/python3.12/site-packages/airflow/example_dags/example_params_trigger_ui.py
[2024-08-25T00:14:28.309+0000] {processor.py:925} INFO - DAG(s) 'example_params_trigger_ui' retrieved from /home/airflow/.local/lib/python3.12/site-packages/airflow/example_dags/example_params_trigger_ui.py
[2024-08-25T00:14:28.624+0000] {logging_mixin.py:190} INFO - [2024-08-25T00:14:28.622+0000] {dag.py:3211} INFO - Sync 1 DAGs
[2024-08-25T00:14:28.694+0000] {logging_mixin.py:190} INFO - [2024-08-25T00:14:28.693+0000] {dag.py:4138} INFO - Setting next_dagrun for example_params_trigger_ui to None, run_after=None
[2024-08-25T00:14:28.753+0000] {processor.py:208} INFO - Processing /home/airflow/.local/lib/python3.12/site-packages/airflow/example_dags/example_params_trigger_ui.py took 0.560 seconds
[2024-08-25T00:15:01.777+0000] {processor.py:186} INFO - Started process (PID=1147) to work on /home/airflow/.local/lib/python3.12/site-packages/airflow/example_dags/example_params_trigger_ui.py
[2024-08-25T00:15:01.785+0000] {processor.py:914} INFO - Processing file /home/airflow/.local/lib/python3.12/site-packages/airflow/example_dags/example_params_trigger_ui.py for tasks to queue
[2024-08-25T00:15:01.793+0000] {logging_mixin.py:190} INFO - [2024-08-25T00:15:01.792+0000] {dagbag.py:587} INFO - Filling up the DagBag from /home/airflow/.local/lib/python3.12/site-packages/airflow/example_dags/example_params_trigger_ui.py
[2024-08-25T00:15:01.854+0000] {processor.py:925} INFO - DAG(s) 'example_params_trigger_ui' retrieved from /home/airflow/.local/lib/python3.12/site-packages/airflow/example_dags/example_params_trigger_ui.py
[2024-08-25T00:15:02.069+0000] {logging_mixin.py:190} INFO - [2024-08-25T00:15:02.067+0000] {dag.py:3211} INFO - Sync 1 DAGs
[2024-08-25T00:15:02.174+0000] {logging_mixin.py:190} INFO - [2024-08-25T00:15:02.173+0000] {dag.py:4138} INFO - Setting next_dagrun for example_params_trigger_ui to None, run_after=None
[2024-08-25T00:15:02.261+0000] {processor.py:208} INFO - Processing /home/airflow/.local/lib/python3.12/site-packages/airflow/example_dags/example_params_trigger_ui.py took 0.516 seconds
[2024-08-25T00:15:33.216+0000] {processor.py:186} INFO - Started process (PID=1211) to work on /home/airflow/.local/lib/python3.12/site-packages/airflow/example_dags/example_params_trigger_ui.py
[2024-08-25T00:15:33.232+0000] {processor.py:914} INFO - Processing file /home/airflow/.local/lib/python3.12/site-packages/airflow/example_dags/example_params_trigger_ui.py for tasks to queue
[2024-08-25T00:15:33.245+0000] {logging_mixin.py:190} INFO - [2024-08-25T00:15:33.245+0000] {dagbag.py:587} INFO - Filling up the DagBag from /home/airflow/.local/lib/python3.12/site-packages/airflow/example_dags/example_params_trigger_ui.py
[2024-08-25T00:15:33.288+0000] {processor.py:925} INFO - DAG(s) 'example_params_trigger_ui' retrieved from /home/airflow/.local/lib/python3.12/site-packages/airflow/example_dags/example_params_trigger_ui.py
[2024-08-25T00:15:33.511+0000] {logging_mixin.py:190} INFO - [2024-08-25T00:15:33.510+0000] {dag.py:3211} INFO - Sync 1 DAGs
[2024-08-25T00:15:33.570+0000] {logging_mixin.py:190} INFO - [2024-08-25T00:15:33.569+0000] {dag.py:4138} INFO - Setting next_dagrun for example_params_trigger_ui to None, run_after=None
[2024-08-25T00:15:33.630+0000] {processor.py:208} INFO - Processing /home/airflow/.local/lib/python3.12/site-packages/airflow/example_dags/example_params_trigger_ui.py took 0.443 seconds
[2024-08-25T00:16:04.190+0000] {processor.py:186} INFO - Started process (PID=1274) to work on /home/airflow/.local/lib/python3.12/site-packages/airflow/example_dags/example_params_trigger_ui.py
[2024-08-25T00:16:04.203+0000] {processor.py:914} INFO - Processing file /home/airflow/.local/lib/python3.12/site-packages/airflow/example_dags/example_params_trigger_ui.py for tasks to queue
[2024-08-25T00:16:04.219+0000] {logging_mixin.py:190} INFO - [2024-08-25T00:16:04.218+0000] {dagbag.py:587} INFO - Filling up the DagBag from /home/airflow/.local/lib/python3.12/site-packages/airflow/example_dags/example_params_trigger_ui.py
[2024-08-25T00:16:04.334+0000] {processor.py:925} INFO - DAG(s) 'example_params_trigger_ui' retrieved from /home/airflow/.local/lib/python3.12/site-packages/airflow/example_dags/example_params_trigger_ui.py
[2024-08-25T00:16:04.811+0000] {logging_mixin.py:190} INFO - [2024-08-25T00:16:04.809+0000] {dag.py:3211} INFO - Sync 1 DAGs
[2024-08-25T00:16:04.970+0000] {logging_mixin.py:190} INFO - [2024-08-25T00:16:04.970+0000] {dag.py:4138} INFO - Setting next_dagrun for example_params_trigger_ui to None, run_after=None
[2024-08-25T00:16:05.156+0000] {processor.py:208} INFO - Processing /home/airflow/.local/lib/python3.12/site-packages/airflow/example_dags/example_params_trigger_ui.py took 1.009 seconds
[2024-08-25T00:16:35.328+0000] {processor.py:186} INFO - Started process (PID=1338) to work on /home/airflow/.local/lib/python3.12/site-packages/airflow/example_dags/example_params_trigger_ui.py
[2024-08-25T00:16:35.330+0000] {processor.py:914} INFO - Processing file /home/airflow/.local/lib/python3.12/site-packages/airflow/example_dags/example_params_trigger_ui.py for tasks to queue
[2024-08-25T00:16:35.342+0000] {logging_mixin.py:190} INFO - [2024-08-25T00:16:35.341+0000] {dagbag.py:587} INFO - Filling up the DagBag from /home/airflow/.local/lib/python3.12/site-packages/airflow/example_dags/example_params_trigger_ui.py
[2024-08-25T00:16:35.409+0000] {processor.py:925} INFO - DAG(s) 'example_params_trigger_ui' retrieved from /home/airflow/.local/lib/python3.12/site-packages/airflow/example_dags/example_params_trigger_ui.py
[2024-08-25T00:16:35.666+0000] {logging_mixin.py:190} INFO - [2024-08-25T00:16:35.663+0000] {dag.py:3211} INFO - Sync 1 DAGs
[2024-08-25T00:16:35.738+0000] {logging_mixin.py:190} INFO - [2024-08-25T00:16:35.737+0000] {dag.py:4138} INFO - Setting next_dagrun for example_params_trigger_ui to None, run_after=None
[2024-08-25T00:16:35.811+0000] {processor.py:208} INFO - Processing /home/airflow/.local/lib/python3.12/site-packages/airflow/example_dags/example_params_trigger_ui.py took 0.508 seconds
[2024-08-25T00:17:06.496+0000] {processor.py:186} INFO - Started process (PID=1400) to work on /home/airflow/.local/lib/python3.12/site-packages/airflow/example_dags/example_params_trigger_ui.py
[2024-08-25T00:17:06.501+0000] {processor.py:914} INFO - Processing file /home/airflow/.local/lib/python3.12/site-packages/airflow/example_dags/example_params_trigger_ui.py for tasks to queue
[2024-08-25T00:17:06.509+0000] {logging_mixin.py:190} INFO - [2024-08-25T00:17:06.508+0000] {dagbag.py:587} INFO - Filling up the DagBag from /home/airflow/.local/lib/python3.12/site-packages/airflow/example_dags/example_params_trigger_ui.py
[2024-08-25T00:17:06.558+0000] {processor.py:925} INFO - DAG(s) 'example_params_trigger_ui' retrieved from /home/airflow/.local/lib/python3.12/site-packages/airflow/example_dags/example_params_trigger_ui.py
[2024-08-25T00:17:06.810+0000] {logging_mixin.py:190} INFO - [2024-08-25T00:17:06.803+0000] {dag.py:3211} INFO - Sync 1 DAGs
[2024-08-25T00:17:06.892+0000] {logging_mixin.py:190} INFO - [2024-08-25T00:17:06.891+0000] {dag.py:4138} INFO - Setting next_dagrun for example_params_trigger_ui to None, run_after=None
[2024-08-25T00:17:06.990+0000] {processor.py:208} INFO - Processing /home/airflow/.local/lib/python3.12/site-packages/airflow/example_dags/example_params_trigger_ui.py took 0.520 seconds
[2024-08-25T00:17:37.485+0000] {processor.py:186} INFO - Started process (PID=1463) to work on /home/airflow/.local/lib/python3.12/site-packages/airflow/example_dags/example_params_trigger_ui.py
[2024-08-25T00:17:37.488+0000] {processor.py:914} INFO - Processing file /home/airflow/.local/lib/python3.12/site-packages/airflow/example_dags/example_params_trigger_ui.py for tasks to queue
[2024-08-25T00:17:37.501+0000] {logging_mixin.py:190} INFO - [2024-08-25T00:17:37.500+0000] {dagbag.py:587} INFO - Filling up the DagBag from /home/airflow/.local/lib/python3.12/site-packages/airflow/example_dags/example_params_trigger_ui.py
[2024-08-25T00:17:37.554+0000] {processor.py:925} INFO - DAG(s) 'example_params_trigger_ui' retrieved from /home/airflow/.local/lib/python3.12/site-packages/airflow/example_dags/example_params_trigger_ui.py
[2024-08-25T00:17:37.708+0000] {logging_mixin.py:190} INFO - [2024-08-25T00:17:37.706+0000] {dag.py:3211} INFO - Sync 1 DAGs
[2024-08-25T00:17:37.750+0000] {logging_mixin.py:190} INFO - [2024-08-25T00:17:37.750+0000] {dag.py:4138} INFO - Setting next_dagrun for example_params_trigger_ui to None, run_after=None
[2024-08-25T00:17:37.815+0000] {processor.py:208} INFO - Processing /home/airflow/.local/lib/python3.12/site-packages/airflow/example_dags/example_params_trigger_ui.py took 0.361 seconds
[2024-08-25T00:18:08.282+0000] {processor.py:186} INFO - Started process (PID=1526) to work on /home/airflow/.local/lib/python3.12/site-packages/airflow/example_dags/example_params_trigger_ui.py
[2024-08-25T00:18:08.284+0000] {processor.py:914} INFO - Processing file /home/airflow/.local/lib/python3.12/site-packages/airflow/example_dags/example_params_trigger_ui.py for tasks to queue
[2024-08-25T00:18:08.289+0000] {logging_mixin.py:190} INFO - [2024-08-25T00:18:08.289+0000] {dagbag.py:587} INFO - Filling up the DagBag from /home/airflow/.local/lib/python3.12/site-packages/airflow/example_dags/example_params_trigger_ui.py
[2024-08-25T00:18:08.320+0000] {processor.py:925} INFO - DAG(s) 'example_params_trigger_ui' retrieved from /home/airflow/.local/lib/python3.12/site-packages/airflow/example_dags/example_params_trigger_ui.py
[2024-08-25T00:18:08.431+0000] {logging_mixin.py:190} INFO - [2024-08-25T00:18:08.430+0000] {dag.py:3211} INFO - Sync 1 DAGs
[2024-08-25T00:18:08.467+0000] {logging_mixin.py:190} INFO - [2024-08-25T00:18:08.467+0000] {dag.py:4138} INFO - Setting next_dagrun for example_params_trigger_ui to None, run_after=None
[2024-08-25T00:18:08.515+0000] {processor.py:208} INFO - Processing /home/airflow/.local/lib/python3.12/site-packages/airflow/example_dags/example_params_trigger_ui.py took 0.249 seconds
[2024-08-25T00:18:40.938+0000] {processor.py:186} INFO - Started process (PID=1589) to work on /home/airflow/.local/lib/python3.12/site-packages/airflow/example_dags/example_params_trigger_ui.py
[2024-08-25T00:18:40.941+0000] {processor.py:914} INFO - Processing file /home/airflow/.local/lib/python3.12/site-packages/airflow/example_dags/example_params_trigger_ui.py for tasks to queue
[2024-08-25T00:18:40.952+0000] {logging_mixin.py:190} INFO - [2024-08-25T00:18:40.951+0000] {dagbag.py:587} INFO - Filling up the DagBag from /home/airflow/.local/lib/python3.12/site-packages/airflow/example_dags/example_params_trigger_ui.py
[2024-08-25T00:18:41.003+0000] {processor.py:925} INFO - DAG(s) 'example_params_trigger_ui' retrieved from /home/airflow/.local/lib/python3.12/site-packages/airflow/example_dags/example_params_trigger_ui.py
[2024-08-25T00:18:41.237+0000] {logging_mixin.py:190} INFO - [2024-08-25T00:18:41.234+0000] {dag.py:3211} INFO - Sync 1 DAGs
[2024-08-25T00:18:41.310+0000] {logging_mixin.py:190} INFO - [2024-08-25T00:18:41.309+0000] {dag.py:4138} INFO - Setting next_dagrun for example_params_trigger_ui to None, run_after=None
[2024-08-25T00:18:41.387+0000] {processor.py:208} INFO - Processing /home/airflow/.local/lib/python3.12/site-packages/airflow/example_dags/example_params_trigger_ui.py took 0.472 seconds
[2024-08-25T00:19:12.380+0000] {processor.py:186} INFO - Started process (PID=1652) to work on /home/airflow/.local/lib/python3.12/site-packages/airflow/example_dags/example_params_trigger_ui.py
[2024-08-25T00:19:12.388+0000] {processor.py:914} INFO - Processing file /home/airflow/.local/lib/python3.12/site-packages/airflow/example_dags/example_params_trigger_ui.py for tasks to queue
[2024-08-25T00:19:12.397+0000] {logging_mixin.py:190} INFO - [2024-08-25T00:19:12.395+0000] {dagbag.py:587} INFO - Filling up the DagBag from /home/airflow/.local/lib/python3.12/site-packages/airflow/example_dags/example_params_trigger_ui.py
[2024-08-25T00:19:12.482+0000] {processor.py:925} INFO - DAG(s) 'example_params_trigger_ui' retrieved from /home/airflow/.local/lib/python3.12/site-packages/airflow/example_dags/example_params_trigger_ui.py
[2024-08-25T00:19:12.936+0000] {logging_mixin.py:190} INFO - [2024-08-25T00:19:12.934+0000] {dag.py:3211} INFO - Sync 1 DAGs
[2024-08-25T00:19:13.091+0000] {logging_mixin.py:190} INFO - [2024-08-25T00:19:13.080+0000] {dag.py:4138} INFO - Setting next_dagrun for example_params_trigger_ui to None, run_after=None
[2024-08-25T00:19:13.329+0000] {processor.py:208} INFO - Processing /home/airflow/.local/lib/python3.12/site-packages/airflow/example_dags/example_params_trigger_ui.py took 0.988 seconds
[2024-08-25T00:19:43.879+0000] {processor.py:186} INFO - Started process (PID=1715) to work on /home/airflow/.local/lib/python3.12/site-packages/airflow/example_dags/example_params_trigger_ui.py
[2024-08-25T00:19:43.882+0000] {processor.py:914} INFO - Processing file /home/airflow/.local/lib/python3.12/site-packages/airflow/example_dags/example_params_trigger_ui.py for tasks to queue
[2024-08-25T00:19:43.898+0000] {logging_mixin.py:190} INFO - [2024-08-25T00:19:43.897+0000] {dagbag.py:587} INFO - Filling up the DagBag from /home/airflow/.local/lib/python3.12/site-packages/airflow/example_dags/example_params_trigger_ui.py
[2024-08-25T00:19:43.952+0000] {processor.py:925} INFO - DAG(s) 'example_params_trigger_ui' retrieved from /home/airflow/.local/lib/python3.12/site-packages/airflow/example_dags/example_params_trigger_ui.py
[2024-08-25T00:19:44.421+0000] {logging_mixin.py:190} INFO - [2024-08-25T00:19:44.419+0000] {dag.py:3211} INFO - Sync 1 DAGs
[2024-08-25T00:19:44.564+0000] {logging_mixin.py:190} INFO - [2024-08-25T00:19:44.564+0000] {dag.py:4138} INFO - Setting next_dagrun for example_params_trigger_ui to None, run_after=None
[2024-08-25T00:19:44.689+0000] {processor.py:208} INFO - Processing /home/airflow/.local/lib/python3.12/site-packages/airflow/example_dags/example_params_trigger_ui.py took 0.838 seconds
[2024-08-25T00:20:15.407+0000] {processor.py:186} INFO - Started process (PID=1779) to work on /home/airflow/.local/lib/python3.12/site-packages/airflow/example_dags/example_params_trigger_ui.py
[2024-08-25T00:20:15.420+0000] {processor.py:914} INFO - Processing file /home/airflow/.local/lib/python3.12/site-packages/airflow/example_dags/example_params_trigger_ui.py for tasks to queue
[2024-08-25T00:20:15.441+0000] {logging_mixin.py:190} INFO - [2024-08-25T00:20:15.440+0000] {dagbag.py:587} INFO - Filling up the DagBag from /home/airflow/.local/lib/python3.12/site-packages/airflow/example_dags/example_params_trigger_ui.py
[2024-08-25T00:20:15.510+0000] {processor.py:925} INFO - DAG(s) 'example_params_trigger_ui' retrieved from /home/airflow/.local/lib/python3.12/site-packages/airflow/example_dags/example_params_trigger_ui.py
[2024-08-25T00:20:15.699+0000] {logging_mixin.py:190} INFO - [2024-08-25T00:20:15.698+0000] {dag.py:3211} INFO - Sync 1 DAGs
[2024-08-25T00:20:15.751+0000] {logging_mixin.py:190} INFO - [2024-08-25T00:20:15.750+0000] {dag.py:4138} INFO - Setting next_dagrun for example_params_trigger_ui to None, run_after=None
[2024-08-25T00:20:15.791+0000] {processor.py:208} INFO - Processing /home/airflow/.local/lib/python3.12/site-packages/airflow/example_dags/example_params_trigger_ui.py took 0.414 seconds
[2024-08-25T00:20:46.221+0000] {processor.py:186} INFO - Started process (PID=1841) to work on /home/airflow/.local/lib/python3.12/site-packages/airflow/example_dags/example_params_trigger_ui.py
[2024-08-25T00:20:46.226+0000] {processor.py:914} INFO - Processing file /home/airflow/.local/lib/python3.12/site-packages/airflow/example_dags/example_params_trigger_ui.py for tasks to queue
[2024-08-25T00:20:46.231+0000] {logging_mixin.py:190} INFO - [2024-08-25T00:20:46.230+0000] {dagbag.py:587} INFO - Filling up the DagBag from /home/airflow/.local/lib/python3.12/site-packages/airflow/example_dags/example_params_trigger_ui.py
[2024-08-25T00:20:46.267+0000] {processor.py:925} INFO - DAG(s) 'example_params_trigger_ui' retrieved from /home/airflow/.local/lib/python3.12/site-packages/airflow/example_dags/example_params_trigger_ui.py
[2024-08-25T00:20:46.403+0000] {logging_mixin.py:190} INFO - [2024-08-25T00:20:46.402+0000] {dag.py:3211} INFO - Sync 1 DAGs
[2024-08-25T00:20:46.448+0000] {logging_mixin.py:190} INFO - [2024-08-25T00:20:46.447+0000] {dag.py:4138} INFO - Setting next_dagrun for example_params_trigger_ui to None, run_after=None
[2024-08-25T00:20:46.487+0000] {processor.py:208} INFO - Processing /home/airflow/.local/lib/python3.12/site-packages/airflow/example_dags/example_params_trigger_ui.py took 0.286 seconds
[2024-08-25T00:27:04.262+0000] {processor.py:186} INFO - Started process (PID=135) to work on /home/airflow/.local/lib/python3.12/site-packages/airflow/example_dags/example_params_trigger_ui.py
[2024-08-25T00:27:04.278+0000] {processor.py:914} INFO - Processing file /home/airflow/.local/lib/python3.12/site-packages/airflow/example_dags/example_params_trigger_ui.py for tasks to queue
[2024-08-25T00:27:04.297+0000] {logging_mixin.py:190} INFO - [2024-08-25T00:27:04.297+0000] {dagbag.py:587} INFO - Filling up the DagBag from /home/airflow/.local/lib/python3.12/site-packages/airflow/example_dags/example_params_trigger_ui.py
[2024-08-25T00:27:04.686+0000] {processor.py:925} INFO - DAG(s) 'example_params_trigger_ui' retrieved from /home/airflow/.local/lib/python3.12/site-packages/airflow/example_dags/example_params_trigger_ui.py
[2024-08-25T00:27:05.789+0000] {logging_mixin.py:190} INFO - [2024-08-25T00:27:05.786+0000] {dag.py:3211} INFO - Sync 1 DAGs
[2024-08-25T00:27:06.288+0000] {logging_mixin.py:190} INFO - [2024-08-25T00:27:06.288+0000] {dag.py:4138} INFO - Setting next_dagrun for example_params_trigger_ui to None, run_after=None
[2024-08-25T00:27:06.784+0000] {processor.py:208} INFO - Processing /home/airflow/.local/lib/python3.12/site-packages/airflow/example_dags/example_params_trigger_ui.py took 2.731 seconds
[2024-08-25T00:28:00.660+0000] {processor.py:186} INFO - Started process (PID=205) to work on /home/airflow/.local/lib/python3.12/site-packages/airflow/example_dags/example_params_trigger_ui.py
[2024-08-25T00:28:00.663+0000] {processor.py:914} INFO - Processing file /home/airflow/.local/lib/python3.12/site-packages/airflow/example_dags/example_params_trigger_ui.py for tasks to queue
[2024-08-25T00:28:00.686+0000] {logging_mixin.py:190} INFO - [2024-08-25T00:28:00.685+0000] {dagbag.py:587} INFO - Filling up the DagBag from /home/airflow/.local/lib/python3.12/site-packages/airflow/example_dags/example_params_trigger_ui.py
[2024-08-25T00:28:00.828+0000] {processor.py:925} INFO - DAG(s) 'example_params_trigger_ui' retrieved from /home/airflow/.local/lib/python3.12/site-packages/airflow/example_dags/example_params_trigger_ui.py
[2024-08-25T00:28:01.816+0000] {logging_mixin.py:190} INFO - [2024-08-25T00:28:01.815+0000] {dag.py:3211} INFO - Sync 1 DAGs
[2024-08-25T00:28:02.232+0000] {logging_mixin.py:190} INFO - [2024-08-25T00:28:02.232+0000] {dag.py:4138} INFO - Setting next_dagrun for example_params_trigger_ui to None, run_after=None
[2024-08-25T00:28:02.567+0000] {processor.py:208} INFO - Processing /home/airflow/.local/lib/python3.12/site-packages/airflow/example_dags/example_params_trigger_ui.py took 2.041 seconds
[2024-08-25T00:28:43.095+0000] {processor.py:186} INFO - Started process (PID=269) to work on /home/airflow/.local/lib/python3.12/site-packages/airflow/example_dags/example_params_trigger_ui.py
[2024-08-25T00:28:43.098+0000] {processor.py:914} INFO - Processing file /home/airflow/.local/lib/python3.12/site-packages/airflow/example_dags/example_params_trigger_ui.py for tasks to queue
[2024-08-25T00:28:43.127+0000] {logging_mixin.py:190} INFO - [2024-08-25T00:28:43.118+0000] {dagbag.py:587} INFO - Filling up the DagBag from /home/airflow/.local/lib/python3.12/site-packages/airflow/example_dags/example_params_trigger_ui.py
[2024-08-25T00:28:43.268+0000] {processor.py:925} INFO - DAG(s) 'example_params_trigger_ui' retrieved from /home/airflow/.local/lib/python3.12/site-packages/airflow/example_dags/example_params_trigger_ui.py
[2024-08-25T00:28:43.593+0000] {logging_mixin.py:190} INFO - [2024-08-25T00:28:43.587+0000] {dag.py:3211} INFO - Sync 1 DAGs
[2024-08-25T00:28:43.667+0000] {logging_mixin.py:190} INFO - [2024-08-25T00:28:43.666+0000] {dag.py:4138} INFO - Setting next_dagrun for example_params_trigger_ui to None, run_after=None
[2024-08-25T00:28:43.767+0000] {processor.py:208} INFO - Processing /home/airflow/.local/lib/python3.12/site-packages/airflow/example_dags/example_params_trigger_ui.py took 0.825 seconds
[2024-08-25T00:29:15.385+0000] {processor.py:186} INFO - Started process (PID=332) to work on /home/airflow/.local/lib/python3.12/site-packages/airflow/example_dags/example_params_trigger_ui.py
[2024-08-25T00:29:15.435+0000] {processor.py:914} INFO - Processing file /home/airflow/.local/lib/python3.12/site-packages/airflow/example_dags/example_params_trigger_ui.py for tasks to queue
[2024-08-25T00:29:15.497+0000] {logging_mixin.py:190} INFO - [2024-08-25T00:29:15.496+0000] {dagbag.py:587} INFO - Filling up the DagBag from /home/airflow/.local/lib/python3.12/site-packages/airflow/example_dags/example_params_trigger_ui.py
[2024-08-25T00:29:15.663+0000] {processor.py:925} INFO - DAG(s) 'example_params_trigger_ui' retrieved from /home/airflow/.local/lib/python3.12/site-packages/airflow/example_dags/example_params_trigger_ui.py
[2024-08-25T00:29:16.497+0000] {logging_mixin.py:190} INFO - [2024-08-25T00:29:16.496+0000] {dag.py:3211} INFO - Sync 1 DAGs
[2024-08-25T00:29:16.710+0000] {logging_mixin.py:190} INFO - [2024-08-25T00:29:16.709+0000] {dag.py:4138} INFO - Setting next_dagrun for example_params_trigger_ui to None, run_after=None
[2024-08-25T00:29:16.945+0000] {processor.py:208} INFO - Processing /home/airflow/.local/lib/python3.12/site-packages/airflow/example_dags/example_params_trigger_ui.py took 1.634 seconds
[2024-08-25T00:29:47.661+0000] {processor.py:186} INFO - Started process (PID=395) to work on /home/airflow/.local/lib/python3.12/site-packages/airflow/example_dags/example_params_trigger_ui.py
[2024-08-25T00:29:47.663+0000] {processor.py:914} INFO - Processing file /home/airflow/.local/lib/python3.12/site-packages/airflow/example_dags/example_params_trigger_ui.py for tasks to queue
[2024-08-25T00:29:47.683+0000] {logging_mixin.py:190} INFO - [2024-08-25T00:29:47.681+0000] {dagbag.py:587} INFO - Filling up the DagBag from /home/airflow/.local/lib/python3.12/site-packages/airflow/example_dags/example_params_trigger_ui.py
[2024-08-25T00:29:47.799+0000] {processor.py:925} INFO - DAG(s) 'example_params_trigger_ui' retrieved from /home/airflow/.local/lib/python3.12/site-packages/airflow/example_dags/example_params_trigger_ui.py
[2024-08-25T00:29:48.279+0000] {logging_mixin.py:190} INFO - [2024-08-25T00:29:48.277+0000] {dag.py:3211} INFO - Sync 1 DAGs
[2024-08-25T00:29:48.424+0000] {logging_mixin.py:190} INFO - [2024-08-25T00:29:48.414+0000] {dag.py:4138} INFO - Setting next_dagrun for example_params_trigger_ui to None, run_after=None
[2024-08-25T00:29:48.584+0000] {processor.py:208} INFO - Processing /home/airflow/.local/lib/python3.12/site-packages/airflow/example_dags/example_params_trigger_ui.py took 0.980 seconds
[2024-08-25T00:30:30.341+0000] {processor.py:186} INFO - Started process (PID=463) to work on /home/airflow/.local/lib/python3.12/site-packages/airflow/example_dags/example_params_trigger_ui.py
[2024-08-25T00:30:30.357+0000] {processor.py:914} INFO - Processing file /home/airflow/.local/lib/python3.12/site-packages/airflow/example_dags/example_params_trigger_ui.py for tasks to queue
[2024-08-25T00:30:30.377+0000] {logging_mixin.py:190} INFO - [2024-08-25T00:30:30.376+0000] {dagbag.py:587} INFO - Filling up the DagBag from /home/airflow/.local/lib/python3.12/site-packages/airflow/example_dags/example_params_trigger_ui.py
[2024-08-25T00:30:30.463+0000] {processor.py:925} INFO - DAG(s) 'example_params_trigger_ui' retrieved from /home/airflow/.local/lib/python3.12/site-packages/airflow/example_dags/example_params_trigger_ui.py
[2024-08-25T00:30:30.914+0000] {logging_mixin.py:190} INFO - [2024-08-25T00:30:30.912+0000] {dag.py:3211} INFO - Sync 1 DAGs
[2024-08-25T00:30:31.005+0000] {logging_mixin.py:190} INFO - [2024-08-25T00:30:31.004+0000] {dag.py:4138} INFO - Setting next_dagrun for example_params_trigger_ui to None, run_after=None
[2024-08-25T00:30:31.135+0000] {processor.py:208} INFO - Processing /home/airflow/.local/lib/python3.12/site-packages/airflow/example_dags/example_params_trigger_ui.py took 0.855 seconds
[2024-08-25T00:31:03.167+0000] {processor.py:186} INFO - Started process (PID=534) to work on /home/airflow/.local/lib/python3.12/site-packages/airflow/example_dags/example_params_trigger_ui.py
[2024-08-25T00:31:03.169+0000] {processor.py:914} INFO - Processing file /home/airflow/.local/lib/python3.12/site-packages/airflow/example_dags/example_params_trigger_ui.py for tasks to queue
[2024-08-25T00:31:03.177+0000] {logging_mixin.py:190} INFO - [2024-08-25T00:31:03.176+0000] {dagbag.py:587} INFO - Filling up the DagBag from /home/airflow/.local/lib/python3.12/site-packages/airflow/example_dags/example_params_trigger_ui.py
[2024-08-25T00:31:03.227+0000] {processor.py:925} INFO - DAG(s) 'example_params_trigger_ui' retrieved from /home/airflow/.local/lib/python3.12/site-packages/airflow/example_dags/example_params_trigger_ui.py
[2024-08-25T00:31:03.528+0000] {logging_mixin.py:190} INFO - [2024-08-25T00:31:03.526+0000] {dag.py:3211} INFO - Sync 1 DAGs
[2024-08-25T00:31:03.649+0000] {logging_mixin.py:190} INFO - [2024-08-25T00:31:03.648+0000] {dag.py:4138} INFO - Setting next_dagrun for example_params_trigger_ui to None, run_after=None
[2024-08-25T00:31:03.796+0000] {processor.py:208} INFO - Processing /home/airflow/.local/lib/python3.12/site-packages/airflow/example_dags/example_params_trigger_ui.py took 0.683 seconds
[2024-08-25T00:32:04.128+0000] {processor.py:186} INFO - Started process (PID=619) to work on /home/airflow/.local/lib/python3.12/site-packages/airflow/example_dags/example_params_trigger_ui.py
[2024-08-25T00:32:04.152+0000] {processor.py:914} INFO - Processing file /home/airflow/.local/lib/python3.12/site-packages/airflow/example_dags/example_params_trigger_ui.py for tasks to queue
[2024-08-25T00:32:04.178+0000] {logging_mixin.py:190} INFO - [2024-08-25T00:32:04.177+0000] {dagbag.py:587} INFO - Filling up the DagBag from /home/airflow/.local/lib/python3.12/site-packages/airflow/example_dags/example_params_trigger_ui.py
[2024-08-25T00:32:04.315+0000] {processor.py:925} INFO - DAG(s) 'example_params_trigger_ui' retrieved from /home/airflow/.local/lib/python3.12/site-packages/airflow/example_dags/example_params_trigger_ui.py
[2024-08-25T00:32:04.923+0000] {logging_mixin.py:190} INFO - [2024-08-25T00:32:04.921+0000] {dag.py:3211} INFO - Sync 1 DAGs
[2024-08-25T00:32:05.087+0000] {logging_mixin.py:190} INFO - [2024-08-25T00:32:05.087+0000] {dag.py:4138} INFO - Setting next_dagrun for example_params_trigger_ui to None, run_after=None
[2024-08-25T00:32:05.450+0000] {processor.py:208} INFO - Processing /home/airflow/.local/lib/python3.12/site-packages/airflow/example_dags/example_params_trigger_ui.py took 1.355 seconds
[2024-08-25T00:32:36.826+0000] {processor.py:186} INFO - Started process (PID=683) to work on /home/airflow/.local/lib/python3.12/site-packages/airflow/example_dags/example_params_trigger_ui.py
[2024-08-25T00:32:36.846+0000] {processor.py:914} INFO - Processing file /home/airflow/.local/lib/python3.12/site-packages/airflow/example_dags/example_params_trigger_ui.py for tasks to queue
[2024-08-25T00:32:36.866+0000] {logging_mixin.py:190} INFO - [2024-08-25T00:32:36.865+0000] {dagbag.py:587} INFO - Filling up the DagBag from /home/airflow/.local/lib/python3.12/site-packages/airflow/example_dags/example_params_trigger_ui.py
[2024-08-25T00:32:36.995+0000] {processor.py:925} INFO - DAG(s) 'example_params_trigger_ui' retrieved from /home/airflow/.local/lib/python3.12/site-packages/airflow/example_dags/example_params_trigger_ui.py
[2024-08-25T00:32:37.829+0000] {logging_mixin.py:190} INFO - [2024-08-25T00:32:37.827+0000] {dag.py:3211} INFO - Sync 1 DAGs
[2024-08-25T00:32:38.168+0000] {logging_mixin.py:190} INFO - [2024-08-25T00:32:38.167+0000] {dag.py:4138} INFO - Setting next_dagrun for example_params_trigger_ui to None, run_after=None
[2024-08-25T00:32:38.470+0000] {processor.py:208} INFO - Processing /home/airflow/.local/lib/python3.12/site-packages/airflow/example_dags/example_params_trigger_ui.py took 1.773 seconds
[2024-08-25T00:33:42.129+0000] {processor.py:186} INFO - Started process (PID=762) to work on /home/airflow/.local/lib/python3.12/site-packages/airflow/example_dags/example_params_trigger_ui.py
[2024-08-25T00:33:42.269+0000] {processor.py:914} INFO - Processing file /home/airflow/.local/lib/python3.12/site-packages/airflow/example_dags/example_params_trigger_ui.py for tasks to queue
[2024-08-25T00:33:42.402+0000] {logging_mixin.py:190} INFO - [2024-08-25T00:33:42.401+0000] {dagbag.py:587} INFO - Filling up the DagBag from /home/airflow/.local/lib/python3.12/site-packages/airflow/example_dags/example_params_trigger_ui.py
[2024-08-25T00:33:42.711+0000] {processor.py:925} INFO - DAG(s) 'example_params_trigger_ui' retrieved from /home/airflow/.local/lib/python3.12/site-packages/airflow/example_dags/example_params_trigger_ui.py
[2024-08-25T00:33:43.424+0000] {logging_mixin.py:190} INFO - [2024-08-25T00:33:43.423+0000] {dag.py:3211} INFO - Sync 1 DAGs
[2024-08-25T00:33:43.701+0000] {logging_mixin.py:190} INFO - [2024-08-25T00:33:43.700+0000] {dag.py:4138} INFO - Setting next_dagrun for example_params_trigger_ui to None, run_after=None
[2024-08-25T00:33:44.141+0000] {processor.py:208} INFO - Processing /home/airflow/.local/lib/python3.12/site-packages/airflow/example_dags/example_params_trigger_ui.py took 2.069 seconds
[2024-08-25T00:34:21.273+0000] {processor.py:186} INFO - Started process (PID=826) to work on /home/airflow/.local/lib/python3.12/site-packages/airflow/example_dags/example_params_trigger_ui.py
[2024-08-25T00:34:21.275+0000] {processor.py:914} INFO - Processing file /home/airflow/.local/lib/python3.12/site-packages/airflow/example_dags/example_params_trigger_ui.py for tasks to queue
[2024-08-25T00:34:21.286+0000] {logging_mixin.py:190} INFO - [2024-08-25T00:34:21.285+0000] {dagbag.py:587} INFO - Filling up the DagBag from /home/airflow/.local/lib/python3.12/site-packages/airflow/example_dags/example_params_trigger_ui.py
[2024-08-25T00:34:21.331+0000] {processor.py:925} INFO - DAG(s) 'example_params_trigger_ui' retrieved from /home/airflow/.local/lib/python3.12/site-packages/airflow/example_dags/example_params_trigger_ui.py
[2024-08-25T00:34:21.572+0000] {logging_mixin.py:190} INFO - [2024-08-25T00:34:21.570+0000] {dag.py:3211} INFO - Sync 1 DAGs
[2024-08-25T00:34:21.629+0000] {logging_mixin.py:190} INFO - [2024-08-25T00:34:21.628+0000] {dag.py:4138} INFO - Setting next_dagrun for example_params_trigger_ui to None, run_after=None
[2024-08-25T00:34:21.690+0000] {processor.py:208} INFO - Processing /home/airflow/.local/lib/python3.12/site-packages/airflow/example_dags/example_params_trigger_ui.py took 0.440 seconds
[2024-08-25T00:34:53.221+0000] {processor.py:186} INFO - Started process (PID=889) to work on /home/airflow/.local/lib/python3.12/site-packages/airflow/example_dags/example_params_trigger_ui.py
[2024-08-25T00:34:53.229+0000] {processor.py:914} INFO - Processing file /home/airflow/.local/lib/python3.12/site-packages/airflow/example_dags/example_params_trigger_ui.py for tasks to queue
[2024-08-25T00:34:53.242+0000] {logging_mixin.py:190} INFO - [2024-08-25T00:34:53.236+0000] {dagbag.py:587} INFO - Filling up the DagBag from /home/airflow/.local/lib/python3.12/site-packages/airflow/example_dags/example_params_trigger_ui.py
[2024-08-25T00:34:53.284+0000] {processor.py:925} INFO - DAG(s) 'example_params_trigger_ui' retrieved from /home/airflow/.local/lib/python3.12/site-packages/airflow/example_dags/example_params_trigger_ui.py
[2024-08-25T00:34:53.548+0000] {logging_mixin.py:190} INFO - [2024-08-25T00:34:53.546+0000] {dag.py:3211} INFO - Sync 1 DAGs
[2024-08-25T00:34:53.662+0000] {logging_mixin.py:190} INFO - [2024-08-25T00:34:53.661+0000] {dag.py:4138} INFO - Setting next_dagrun for example_params_trigger_ui to None, run_after=None
[2024-08-25T00:34:53.750+0000] {processor.py:208} INFO - Processing /home/airflow/.local/lib/python3.12/site-packages/airflow/example_dags/example_params_trigger_ui.py took 0.554 seconds
[2024-08-25T00:35:28.637+0000] {processor.py:186} INFO - Started process (PID=951) to work on /home/airflow/.local/lib/python3.12/site-packages/airflow/example_dags/example_params_trigger_ui.py
[2024-08-25T00:35:28.741+0000] {processor.py:914} INFO - Processing file /home/airflow/.local/lib/python3.12/site-packages/airflow/example_dags/example_params_trigger_ui.py for tasks to queue
[2024-08-25T00:35:29.013+0000] {logging_mixin.py:190} INFO - [2024-08-25T00:35:29.012+0000] {dagbag.py:587} INFO - Filling up the DagBag from /home/airflow/.local/lib/python3.12/site-packages/airflow/example_dags/example_params_trigger_ui.py
[2024-08-25T00:35:29.255+0000] {processor.py:925} INFO - DAG(s) 'example_params_trigger_ui' retrieved from /home/airflow/.local/lib/python3.12/site-packages/airflow/example_dags/example_params_trigger_ui.py
[2024-08-25T00:35:29.879+0000] {logging_mixin.py:190} INFO - [2024-08-25T00:35:29.869+0000] {dag.py:3211} INFO - Sync 1 DAGs
[2024-08-25T00:35:30.087+0000] {logging_mixin.py:190} INFO - [2024-08-25T00:35:30.086+0000] {dag.py:4138} INFO - Setting next_dagrun for example_params_trigger_ui to None, run_after=None
[2024-08-25T00:35:30.289+0000] {processor.py:208} INFO - Processing /home/airflow/.local/lib/python3.12/site-packages/airflow/example_dags/example_params_trigger_ui.py took 1.702 seconds
[2024-08-25T00:36:06.480+0000] {processor.py:186} INFO - Started process (PID=1016) to work on /home/airflow/.local/lib/python3.12/site-packages/airflow/example_dags/example_params_trigger_ui.py
[2024-08-25T00:36:06.483+0000] {processor.py:914} INFO - Processing file /home/airflow/.local/lib/python3.12/site-packages/airflow/example_dags/example_params_trigger_ui.py for tasks to queue
[2024-08-25T00:36:06.489+0000] {logging_mixin.py:190} INFO - [2024-08-25T00:36:06.488+0000] {dagbag.py:587} INFO - Filling up the DagBag from /home/airflow/.local/lib/python3.12/site-packages/airflow/example_dags/example_params_trigger_ui.py
[2024-08-25T00:36:06.533+0000] {processor.py:925} INFO - DAG(s) 'example_params_trigger_ui' retrieved from /home/airflow/.local/lib/python3.12/site-packages/airflow/example_dags/example_params_trigger_ui.py
[2024-08-25T00:36:06.867+0000] {logging_mixin.py:190} INFO - [2024-08-25T00:36:06.865+0000] {dag.py:3211} INFO - Sync 1 DAGs
[2024-08-25T00:36:06.921+0000] {logging_mixin.py:190} INFO - [2024-08-25T00:36:06.920+0000] {dag.py:4138} INFO - Setting next_dagrun for example_params_trigger_ui to None, run_after=None
[2024-08-25T00:36:06.994+0000] {processor.py:208} INFO - Processing /home/airflow/.local/lib/python3.12/site-packages/airflow/example_dags/example_params_trigger_ui.py took 0.535 seconds
[2024-08-25T00:36:37.734+0000] {processor.py:186} INFO - Started process (PID=1086) to work on /home/airflow/.local/lib/python3.12/site-packages/airflow/example_dags/example_params_trigger_ui.py
[2024-08-25T00:36:37.738+0000] {processor.py:914} INFO - Processing file /home/airflow/.local/lib/python3.12/site-packages/airflow/example_dags/example_params_trigger_ui.py for tasks to queue
[2024-08-25T00:36:37.750+0000] {logging_mixin.py:190} INFO - [2024-08-25T00:36:37.749+0000] {dagbag.py:587} INFO - Filling up the DagBag from /home/airflow/.local/lib/python3.12/site-packages/airflow/example_dags/example_params_trigger_ui.py
[2024-08-25T00:36:37.798+0000] {processor.py:925} INFO - DAG(s) 'example_params_trigger_ui' retrieved from /home/airflow/.local/lib/python3.12/site-packages/airflow/example_dags/example_params_trigger_ui.py
[2024-08-25T00:36:38.196+0000] {logging_mixin.py:190} INFO - [2024-08-25T00:36:38.194+0000] {dag.py:3211} INFO - Sync 1 DAGs
[2024-08-25T00:36:38.326+0000] {logging_mixin.py:190} INFO - [2024-08-25T00:36:38.325+0000] {dag.py:4138} INFO - Setting next_dagrun for example_params_trigger_ui to None, run_after=None
[2024-08-25T00:36:38.410+0000] {processor.py:208} INFO - Processing /home/airflow/.local/lib/python3.12/site-packages/airflow/example_dags/example_params_trigger_ui.py took 0.710 seconds
[2024-08-25T00:37:08.738+0000] {processor.py:186} INFO - Started process (PID=1148) to work on /home/airflow/.local/lib/python3.12/site-packages/airflow/example_dags/example_params_trigger_ui.py
[2024-08-25T00:37:08.740+0000] {processor.py:914} INFO - Processing file /home/airflow/.local/lib/python3.12/site-packages/airflow/example_dags/example_params_trigger_ui.py for tasks to queue
[2024-08-25T00:37:08.749+0000] {logging_mixin.py:190} INFO - [2024-08-25T00:37:08.746+0000] {dagbag.py:587} INFO - Filling up the DagBag from /home/airflow/.local/lib/python3.12/site-packages/airflow/example_dags/example_params_trigger_ui.py
[2024-08-25T00:37:08.807+0000] {processor.py:925} INFO - DAG(s) 'example_params_trigger_ui' retrieved from /home/airflow/.local/lib/python3.12/site-packages/airflow/example_dags/example_params_trigger_ui.py
[2024-08-25T00:37:09.296+0000] {logging_mixin.py:190} INFO - [2024-08-25T00:37:09.283+0000] {dag.py:3211} INFO - Sync 1 DAGs
[2024-08-25T00:37:09.452+0000] {logging_mixin.py:190} INFO - [2024-08-25T00:37:09.451+0000] {dag.py:4138} INFO - Setting next_dagrun for example_params_trigger_ui to None, run_after=None
[2024-08-25T00:37:09.592+0000] {processor.py:208} INFO - Processing /home/airflow/.local/lib/python3.12/site-packages/airflow/example_dags/example_params_trigger_ui.py took 0.876 seconds
[2024-08-25T00:37:40.081+0000] {processor.py:186} INFO - Started process (PID=1210) to work on /home/airflow/.local/lib/python3.12/site-packages/airflow/example_dags/example_params_trigger_ui.py
[2024-08-25T00:37:40.083+0000] {processor.py:914} INFO - Processing file /home/airflow/.local/lib/python3.12/site-packages/airflow/example_dags/example_params_trigger_ui.py for tasks to queue
[2024-08-25T00:37:40.091+0000] {logging_mixin.py:190} INFO - [2024-08-25T00:37:40.090+0000] {dagbag.py:587} INFO - Filling up the DagBag from /home/airflow/.local/lib/python3.12/site-packages/airflow/example_dags/example_params_trigger_ui.py
[2024-08-25T00:37:40.130+0000] {processor.py:925} INFO - DAG(s) 'example_params_trigger_ui' retrieved from /home/airflow/.local/lib/python3.12/site-packages/airflow/example_dags/example_params_trigger_ui.py
[2024-08-25T00:37:40.432+0000] {logging_mixin.py:190} INFO - [2024-08-25T00:37:40.431+0000] {dag.py:3211} INFO - Sync 1 DAGs
[2024-08-25T00:37:40.495+0000] {logging_mixin.py:190} INFO - [2024-08-25T00:37:40.494+0000] {dag.py:4138} INFO - Setting next_dagrun for example_params_trigger_ui to None, run_after=None
[2024-08-25T00:37:40.550+0000] {processor.py:208} INFO - Processing /home/airflow/.local/lib/python3.12/site-packages/airflow/example_dags/example_params_trigger_ui.py took 0.487 seconds
[2024-08-25T00:38:10.818+0000] {processor.py:186} INFO - Started process (PID=1271) to work on /home/airflow/.local/lib/python3.12/site-packages/airflow/example_dags/example_params_trigger_ui.py
[2024-08-25T00:38:10.820+0000] {processor.py:914} INFO - Processing file /home/airflow/.local/lib/python3.12/site-packages/airflow/example_dags/example_params_trigger_ui.py for tasks to queue
[2024-08-25T00:38:10.823+0000] {logging_mixin.py:190} INFO - [2024-08-25T00:38:10.822+0000] {dagbag.py:587} INFO - Filling up the DagBag from /home/airflow/.local/lib/python3.12/site-packages/airflow/example_dags/example_params_trigger_ui.py
[2024-08-25T00:38:10.880+0000] {processor.py:925} INFO - DAG(s) 'example_params_trigger_ui' retrieved from /home/airflow/.local/lib/python3.12/site-packages/airflow/example_dags/example_params_trigger_ui.py
[2024-08-25T00:38:11.074+0000] {logging_mixin.py:190} INFO - [2024-08-25T00:38:11.073+0000] {dag.py:3211} INFO - Sync 1 DAGs
[2024-08-25T00:38:11.114+0000] {logging_mixin.py:190} INFO - [2024-08-25T00:38:11.113+0000] {dag.py:4138} INFO - Setting next_dagrun for example_params_trigger_ui to None, run_after=None
[2024-08-25T00:38:11.157+0000] {processor.py:208} INFO - Processing /home/airflow/.local/lib/python3.12/site-packages/airflow/example_dags/example_params_trigger_ui.py took 0.366 seconds
[2024-08-25T00:38:43.189+0000] {processor.py:186} INFO - Started process (PID=1333) to work on /home/airflow/.local/lib/python3.12/site-packages/airflow/example_dags/example_params_trigger_ui.py
[2024-08-25T00:38:43.200+0000] {processor.py:914} INFO - Processing file /home/airflow/.local/lib/python3.12/site-packages/airflow/example_dags/example_params_trigger_ui.py for tasks to queue
[2024-08-25T00:38:43.204+0000] {logging_mixin.py:190} INFO - [2024-08-25T00:38:43.203+0000] {dagbag.py:587} INFO - Filling up the DagBag from /home/airflow/.local/lib/python3.12/site-packages/airflow/example_dags/example_params_trigger_ui.py
[2024-08-25T00:38:43.317+0000] {processor.py:925} INFO - DAG(s) 'example_params_trigger_ui' retrieved from /home/airflow/.local/lib/python3.12/site-packages/airflow/example_dags/example_params_trigger_ui.py
[2024-08-25T00:38:43.702+0000] {logging_mixin.py:190} INFO - [2024-08-25T00:38:43.699+0000] {dag.py:3211} INFO - Sync 1 DAGs
[2024-08-25T00:38:43.807+0000] {logging_mixin.py:190} INFO - [2024-08-25T00:38:43.807+0000] {dag.py:4138} INFO - Setting next_dagrun for example_params_trigger_ui to None, run_after=None
[2024-08-25T00:38:43.966+0000] {processor.py:208} INFO - Processing /home/airflow/.local/lib/python3.12/site-packages/airflow/example_dags/example_params_trigger_ui.py took 0.815 seconds
[2024-08-25T00:39:18.064+0000] {processor.py:186} INFO - Started process (PID=1398) to work on /home/airflow/.local/lib/python3.12/site-packages/airflow/example_dags/example_params_trigger_ui.py
[2024-08-25T00:39:18.068+0000] {processor.py:914} INFO - Processing file /home/airflow/.local/lib/python3.12/site-packages/airflow/example_dags/example_params_trigger_ui.py for tasks to queue
[2024-08-25T00:39:18.074+0000] {logging_mixin.py:190} INFO - [2024-08-25T00:39:18.073+0000] {dagbag.py:587} INFO - Filling up the DagBag from /home/airflow/.local/lib/python3.12/site-packages/airflow/example_dags/example_params_trigger_ui.py
[2024-08-25T00:39:18.157+0000] {processor.py:925} INFO - DAG(s) 'example_params_trigger_ui' retrieved from /home/airflow/.local/lib/python3.12/site-packages/airflow/example_dags/example_params_trigger_ui.py
[2024-08-25T00:39:18.596+0000] {logging_mixin.py:190} INFO - [2024-08-25T00:39:18.591+0000] {dag.py:3211} INFO - Sync 1 DAGs
[2024-08-25T00:39:18.669+0000] {logging_mixin.py:190} INFO - [2024-08-25T00:39:18.668+0000] {dag.py:4138} INFO - Setting next_dagrun for example_params_trigger_ui to None, run_after=None
[2024-08-25T00:39:18.777+0000] {processor.py:208} INFO - Processing /home/airflow/.local/lib/python3.12/site-packages/airflow/example_dags/example_params_trigger_ui.py took 0.757 seconds
[2024-08-25T00:39:49.633+0000] {processor.py:186} INFO - Started process (PID=1460) to work on /home/airflow/.local/lib/python3.12/site-packages/airflow/example_dags/example_params_trigger_ui.py
[2024-08-25T00:39:49.636+0000] {processor.py:914} INFO - Processing file /home/airflow/.local/lib/python3.12/site-packages/airflow/example_dags/example_params_trigger_ui.py for tasks to queue
[2024-08-25T00:39:49.640+0000] {logging_mixin.py:190} INFO - [2024-08-25T00:39:49.639+0000] {dagbag.py:587} INFO - Filling up the DagBag from /home/airflow/.local/lib/python3.12/site-packages/airflow/example_dags/example_params_trigger_ui.py
[2024-08-25T00:39:49.690+0000] {processor.py:925} INFO - DAG(s) 'example_params_trigger_ui' retrieved from /home/airflow/.local/lib/python3.12/site-packages/airflow/example_dags/example_params_trigger_ui.py
[2024-08-25T00:39:49.903+0000] {logging_mixin.py:190} INFO - [2024-08-25T00:39:49.902+0000] {dag.py:3211} INFO - Sync 1 DAGs
[2024-08-25T00:39:49.961+0000] {logging_mixin.py:190} INFO - [2024-08-25T00:39:49.961+0000] {dag.py:4138} INFO - Setting next_dagrun for example_params_trigger_ui to None, run_after=None
[2024-08-25T00:39:50.040+0000] {processor.py:208} INFO - Processing /home/airflow/.local/lib/python3.12/site-packages/airflow/example_dags/example_params_trigger_ui.py took 0.427 seconds
[2024-08-25T00:40:21.788+0000] {processor.py:186} INFO - Started process (PID=1522) to work on /home/airflow/.local/lib/python3.12/site-packages/airflow/example_dags/example_params_trigger_ui.py
[2024-08-25T00:40:21.803+0000] {processor.py:914} INFO - Processing file /home/airflow/.local/lib/python3.12/site-packages/airflow/example_dags/example_params_trigger_ui.py for tasks to queue
[2024-08-25T00:40:21.829+0000] {logging_mixin.py:190} INFO - [2024-08-25T00:40:21.828+0000] {dagbag.py:587} INFO - Filling up the DagBag from /home/airflow/.local/lib/python3.12/site-packages/airflow/example_dags/example_params_trigger_ui.py
[2024-08-25T00:40:21.972+0000] {processor.py:925} INFO - DAG(s) 'example_params_trigger_ui' retrieved from /home/airflow/.local/lib/python3.12/site-packages/airflow/example_dags/example_params_trigger_ui.py
[2024-08-25T00:40:22.609+0000] {logging_mixin.py:190} INFO - [2024-08-25T00:40:22.608+0000] {dag.py:3211} INFO - Sync 1 DAGs
[2024-08-25T00:40:22.825+0000] {logging_mixin.py:190} INFO - [2024-08-25T00:40:22.824+0000] {dag.py:4138} INFO - Setting next_dagrun for example_params_trigger_ui to None, run_after=None
[2024-08-25T00:40:23.092+0000] {processor.py:208} INFO - Processing /home/airflow/.local/lib/python3.12/site-packages/airflow/example_dags/example_params_trigger_ui.py took 1.371 seconds
[2024-08-25T00:40:53.467+0000] {processor.py:186} INFO - Started process (PID=1584) to work on /home/airflow/.local/lib/python3.12/site-packages/airflow/example_dags/example_params_trigger_ui.py
[2024-08-25T00:40:53.469+0000] {processor.py:914} INFO - Processing file /home/airflow/.local/lib/python3.12/site-packages/airflow/example_dags/example_params_trigger_ui.py for tasks to queue
[2024-08-25T00:40:53.473+0000] {logging_mixin.py:190} INFO - [2024-08-25T00:40:53.472+0000] {dagbag.py:587} INFO - Filling up the DagBag from /home/airflow/.local/lib/python3.12/site-packages/airflow/example_dags/example_params_trigger_ui.py
[2024-08-25T00:40:53.511+0000] {processor.py:925} INFO - DAG(s) 'example_params_trigger_ui' retrieved from /home/airflow/.local/lib/python3.12/site-packages/airflow/example_dags/example_params_trigger_ui.py
[2024-08-25T00:40:53.658+0000] {logging_mixin.py:190} INFO - [2024-08-25T00:40:53.657+0000] {dag.py:3211} INFO - Sync 1 DAGs
[2024-08-25T00:40:53.694+0000] {logging_mixin.py:190} INFO - [2024-08-25T00:40:53.693+0000] {dag.py:4138} INFO - Setting next_dagrun for example_params_trigger_ui to None, run_after=None
[2024-08-25T00:40:53.739+0000] {processor.py:208} INFO - Processing /home/airflow/.local/lib/python3.12/site-packages/airflow/example_dags/example_params_trigger_ui.py took 0.292 seconds
[2024-08-25T00:41:27.478+0000] {processor.py:186} INFO - Started process (PID=1647) to work on /home/airflow/.local/lib/python3.12/site-packages/airflow/example_dags/example_params_trigger_ui.py
[2024-08-25T00:41:27.480+0000] {processor.py:914} INFO - Processing file /home/airflow/.local/lib/python3.12/site-packages/airflow/example_dags/example_params_trigger_ui.py for tasks to queue
[2024-08-25T00:41:27.484+0000] {logging_mixin.py:190} INFO - [2024-08-25T00:41:27.483+0000] {dagbag.py:587} INFO - Filling up the DagBag from /home/airflow/.local/lib/python3.12/site-packages/airflow/example_dags/example_params_trigger_ui.py
[2024-08-25T00:41:27.523+0000] {processor.py:925} INFO - DAG(s) 'example_params_trigger_ui' retrieved from /home/airflow/.local/lib/python3.12/site-packages/airflow/example_dags/example_params_trigger_ui.py
[2024-08-25T00:41:27.671+0000] {logging_mixin.py:190} INFO - [2024-08-25T00:41:27.669+0000] {dag.py:3211} INFO - Sync 1 DAGs
[2024-08-25T00:41:27.716+0000] {logging_mixin.py:190} INFO - [2024-08-25T00:41:27.715+0000] {dag.py:4138} INFO - Setting next_dagrun for example_params_trigger_ui to None, run_after=None
[2024-08-25T00:41:27.765+0000] {processor.py:208} INFO - Processing /home/airflow/.local/lib/python3.12/site-packages/airflow/example_dags/example_params_trigger_ui.py took 0.304 seconds
