[2024-08-25T00:00:14.859+0000] {processor.py:186} INFO - Started process (PID=38533) to work on /home/airflow/.local/lib/python3.12/site-packages/airflow/example_dags/example_bash_decorator.py
[2024-08-25T00:00:14.871+0000] {processor.py:914} INFO - Processing file /home/airflow/.local/lib/python3.12/site-packages/airflow/example_dags/example_bash_decorator.py for tasks to queue
[2024-08-25T00:00:14.888+0000] {logging_mixin.py:190} INFO - [2024-08-25T00:00:14.887+0000] {dagbag.py:587} INFO - Filling up the DagBag from /home/airflow/.local/lib/python3.12/site-packages/airflow/example_dags/example_bash_decorator.py
[2024-08-25T00:00:15.005+0000] {processor.py:925} INFO - DAG(s) 'example_bash_decorator' retrieved from /home/airflow/.local/lib/python3.12/site-packages/airflow/example_dags/example_bash_decorator.py
[2024-08-25T00:00:15.203+0000] {logging_mixin.py:190} INFO - [2024-08-25T00:00:15.202+0000] {dag.py:3211} INFO - Sync 1 DAGs
[2024-08-25T00:00:15.299+0000] {logging_mixin.py:190} INFO - [2024-08-25T00:00:15.298+0000] {dag.py:4138} INFO - Setting next_dagrun for example_bash_decorator to None, run_after=None
[2024-08-25T00:00:15.404+0000] {processor.py:208} INFO - Processing /home/airflow/.local/lib/python3.12/site-packages/airflow/example_dags/example_bash_decorator.py took 0.582 seconds
[2024-08-25T00:05:55.797+0000] {processor.py:186} INFO - Started process (PID=97) to work on /home/airflow/.local/lib/python3.12/site-packages/airflow/example_dags/example_bash_decorator.py
[2024-08-25T00:05:55.800+0000] {processor.py:914} INFO - Processing file /home/airflow/.local/lib/python3.12/site-packages/airflow/example_dags/example_bash_decorator.py for tasks to queue
[2024-08-25T00:05:55.808+0000] {logging_mixin.py:190} INFO - [2024-08-25T00:05:55.807+0000] {dagbag.py:587} INFO - Filling up the DagBag from /home/airflow/.local/lib/python3.12/site-packages/airflow/example_dags/example_bash_decorator.py
[2024-08-25T00:05:55.867+0000] {processor.py:925} INFO - DAG(s) 'example_bash_decorator' retrieved from /home/airflow/.local/lib/python3.12/site-packages/airflow/example_dags/example_bash_decorator.py
[2024-08-25T00:05:56.583+0000] {logging_mixin.py:190} INFO - [2024-08-25T00:05:56.583+0000] {dag.py:3211} INFO - Sync 1 DAGs
[2024-08-25T00:05:56.704+0000] {logging_mixin.py:190} INFO - [2024-08-25T00:05:56.703+0000] {dag.py:4138} INFO - Setting next_dagrun for example_bash_decorator to None, run_after=None
[2024-08-25T00:05:56.849+0000] {processor.py:208} INFO - Processing /home/airflow/.local/lib/python3.12/site-packages/airflow/example_dags/example_bash_decorator.py took 1.070 seconds
[2024-08-25T00:06:41.468+0000] {processor.py:186} INFO - Started process (PID=165) to work on /home/airflow/.local/lib/python3.12/site-packages/airflow/example_dags/example_bash_decorator.py
[2024-08-25T00:06:41.528+0000] {processor.py:914} INFO - Processing file /home/airflow/.local/lib/python3.12/site-packages/airflow/example_dags/example_bash_decorator.py for tasks to queue
[2024-08-25T00:06:41.548+0000] {logging_mixin.py:190} INFO - [2024-08-25T00:06:41.547+0000] {dagbag.py:587} INFO - Filling up the DagBag from /home/airflow/.local/lib/python3.12/site-packages/airflow/example_dags/example_bash_decorator.py
[2024-08-25T00:06:41.799+0000] {processor.py:925} INFO - DAG(s) 'example_bash_decorator' retrieved from /home/airflow/.local/lib/python3.12/site-packages/airflow/example_dags/example_bash_decorator.py
[2024-08-25T00:06:42.026+0000] {logging_mixin.py:190} INFO - [2024-08-25T00:06:42.025+0000] {dag.py:3211} INFO - Sync 1 DAGs
[2024-08-25T00:06:42.378+0000] {logging_mixin.py:190} INFO - [2024-08-25T00:06:42.377+0000] {dag.py:4138} INFO - Setting next_dagrun for example_bash_decorator to None, run_after=None
[2024-08-25T00:06:42.790+0000] {processor.py:208} INFO - Processing /home/airflow/.local/lib/python3.12/site-packages/airflow/example_dags/example_bash_decorator.py took 1.394 seconds
[2024-08-25T00:07:23.117+0000] {processor.py:186} INFO - Started process (PID=230) to work on /home/airflow/.local/lib/python3.12/site-packages/airflow/example_dags/example_bash_decorator.py
[2024-08-25T00:07:23.120+0000] {processor.py:914} INFO - Processing file /home/airflow/.local/lib/python3.12/site-packages/airflow/example_dags/example_bash_decorator.py for tasks to queue
[2024-08-25T00:07:23.130+0000] {logging_mixin.py:190} INFO - [2024-08-25T00:07:23.127+0000] {dagbag.py:587} INFO - Filling up the DagBag from /home/airflow/.local/lib/python3.12/site-packages/airflow/example_dags/example_bash_decorator.py
[2024-08-25T00:07:23.191+0000] {processor.py:925} INFO - DAG(s) 'example_bash_decorator' retrieved from /home/airflow/.local/lib/python3.12/site-packages/airflow/example_dags/example_bash_decorator.py
[2024-08-25T00:07:23.339+0000] {logging_mixin.py:190} INFO - [2024-08-25T00:07:23.338+0000] {dag.py:3211} INFO - Sync 1 DAGs
[2024-08-25T00:07:23.469+0000] {logging_mixin.py:190} INFO - [2024-08-25T00:07:23.469+0000] {dag.py:4138} INFO - Setting next_dagrun for example_bash_decorator to None, run_after=None
[2024-08-25T00:07:23.601+0000] {processor.py:208} INFO - Processing /home/airflow/.local/lib/python3.12/site-packages/airflow/example_dags/example_bash_decorator.py took 0.509 seconds
[2024-08-25T00:07:57.116+0000] {processor.py:186} INFO - Started process (PID=292) to work on /home/airflow/.local/lib/python3.12/site-packages/airflow/example_dags/example_bash_decorator.py
[2024-08-25T00:07:57.118+0000] {processor.py:914} INFO - Processing file /home/airflow/.local/lib/python3.12/site-packages/airflow/example_dags/example_bash_decorator.py for tasks to queue
[2024-08-25T00:07:57.126+0000] {logging_mixin.py:190} INFO - [2024-08-25T00:07:57.125+0000] {dagbag.py:587} INFO - Filling up the DagBag from /home/airflow/.local/lib/python3.12/site-packages/airflow/example_dags/example_bash_decorator.py
[2024-08-25T00:07:57.190+0000] {processor.py:925} INFO - DAG(s) 'example_bash_decorator' retrieved from /home/airflow/.local/lib/python3.12/site-packages/airflow/example_dags/example_bash_decorator.py
[2024-08-25T00:07:57.279+0000] {logging_mixin.py:190} INFO - [2024-08-25T00:07:57.279+0000] {dag.py:3211} INFO - Sync 1 DAGs
[2024-08-25T00:07:57.337+0000] {logging_mixin.py:190} INFO - [2024-08-25T00:07:57.336+0000] {dag.py:4138} INFO - Setting next_dagrun for example_bash_decorator to None, run_after=None
[2024-08-25T00:07:57.431+0000] {processor.py:208} INFO - Processing /home/airflow/.local/lib/python3.12/site-packages/airflow/example_dags/example_bash_decorator.py took 0.347 seconds
[2024-08-25T00:08:29.014+0000] {processor.py:186} INFO - Started process (PID=361) to work on /home/airflow/.local/lib/python3.12/site-packages/airflow/example_dags/example_bash_decorator.py
[2024-08-25T00:08:29.017+0000] {processor.py:914} INFO - Processing file /home/airflow/.local/lib/python3.12/site-packages/airflow/example_dags/example_bash_decorator.py for tasks to queue
[2024-08-25T00:08:29.025+0000] {logging_mixin.py:190} INFO - [2024-08-25T00:08:29.024+0000] {dagbag.py:587} INFO - Filling up the DagBag from /home/airflow/.local/lib/python3.12/site-packages/airflow/example_dags/example_bash_decorator.py
[2024-08-25T00:08:29.223+0000] {processor.py:925} INFO - DAG(s) 'example_bash_decorator' retrieved from /home/airflow/.local/lib/python3.12/site-packages/airflow/example_dags/example_bash_decorator.py
[2024-08-25T00:08:29.439+0000] {logging_mixin.py:190} INFO - [2024-08-25T00:08:29.438+0000] {dag.py:3211} INFO - Sync 1 DAGs
[2024-08-25T00:08:29.631+0000] {logging_mixin.py:190} INFO - [2024-08-25T00:08:29.619+0000] {dag.py:4138} INFO - Setting next_dagrun for example_bash_decorator to None, run_after=None
[2024-08-25T00:08:29.796+0000] {processor.py:208} INFO - Processing /home/airflow/.local/lib/python3.12/site-packages/airflow/example_dags/example_bash_decorator.py took 0.810 seconds
[2024-08-25T00:09:00.440+0000] {processor.py:186} INFO - Started process (PID=424) to work on /home/airflow/.local/lib/python3.12/site-packages/airflow/example_dags/example_bash_decorator.py
[2024-08-25T00:09:00.446+0000] {processor.py:914} INFO - Processing file /home/airflow/.local/lib/python3.12/site-packages/airflow/example_dags/example_bash_decorator.py for tasks to queue
[2024-08-25T00:09:00.457+0000] {logging_mixin.py:190} INFO - [2024-08-25T00:09:00.456+0000] {dagbag.py:587} INFO - Filling up the DagBag from /home/airflow/.local/lib/python3.12/site-packages/airflow/example_dags/example_bash_decorator.py
[2024-08-25T00:09:00.529+0000] {processor.py:925} INFO - DAG(s) 'example_bash_decorator' retrieved from /home/airflow/.local/lib/python3.12/site-packages/airflow/example_dags/example_bash_decorator.py
[2024-08-25T00:09:00.696+0000] {logging_mixin.py:190} INFO - [2024-08-25T00:09:00.695+0000] {dag.py:3211} INFO - Sync 1 DAGs
[2024-08-25T00:09:00.765+0000] {logging_mixin.py:190} INFO - [2024-08-25T00:09:00.765+0000] {dag.py:4138} INFO - Setting next_dagrun for example_bash_decorator to None, run_after=None
[2024-08-25T00:09:00.865+0000] {processor.py:208} INFO - Processing /home/airflow/.local/lib/python3.12/site-packages/airflow/example_dags/example_bash_decorator.py took 0.459 seconds
[2024-08-25T00:09:31.199+0000] {processor.py:186} INFO - Started process (PID=488) to work on /home/airflow/.local/lib/python3.12/site-packages/airflow/example_dags/example_bash_decorator.py
[2024-08-25T00:09:31.201+0000] {processor.py:914} INFO - Processing file /home/airflow/.local/lib/python3.12/site-packages/airflow/example_dags/example_bash_decorator.py for tasks to queue
[2024-08-25T00:09:31.208+0000] {logging_mixin.py:190} INFO - [2024-08-25T00:09:31.207+0000] {dagbag.py:587} INFO - Filling up the DagBag from /home/airflow/.local/lib/python3.12/site-packages/airflow/example_dags/example_bash_decorator.py
[2024-08-25T00:09:31.280+0000] {processor.py:925} INFO - DAG(s) 'example_bash_decorator' retrieved from /home/airflow/.local/lib/python3.12/site-packages/airflow/example_dags/example_bash_decorator.py
[2024-08-25T00:09:31.365+0000] {logging_mixin.py:190} INFO - [2024-08-25T00:09:31.364+0000] {dag.py:3211} INFO - Sync 1 DAGs
[2024-08-25T00:09:31.491+0000] {logging_mixin.py:190} INFO - [2024-08-25T00:09:31.490+0000] {dag.py:4138} INFO - Setting next_dagrun for example_bash_decorator to None, run_after=None
[2024-08-25T00:09:31.589+0000] {processor.py:208} INFO - Processing /home/airflow/.local/lib/python3.12/site-packages/airflow/example_dags/example_bash_decorator.py took 0.409 seconds
[2024-08-25T00:10:02.651+0000] {processor.py:186} INFO - Started process (PID=551) to work on /home/airflow/.local/lib/python3.12/site-packages/airflow/example_dags/example_bash_decorator.py
[2024-08-25T00:10:02.657+0000] {processor.py:914} INFO - Processing file /home/airflow/.local/lib/python3.12/site-packages/airflow/example_dags/example_bash_decorator.py for tasks to queue
[2024-08-25T00:10:02.665+0000] {logging_mixin.py:190} INFO - [2024-08-25T00:10:02.664+0000] {dagbag.py:587} INFO - Filling up the DagBag from /home/airflow/.local/lib/python3.12/site-packages/airflow/example_dags/example_bash_decorator.py
[2024-08-25T00:10:02.761+0000] {processor.py:925} INFO - DAG(s) 'example_bash_decorator' retrieved from /home/airflow/.local/lib/python3.12/site-packages/airflow/example_dags/example_bash_decorator.py
[2024-08-25T00:10:02.864+0000] {logging_mixin.py:190} INFO - [2024-08-25T00:10:02.863+0000] {dag.py:3211} INFO - Sync 1 DAGs
[2024-08-25T00:10:02.915+0000] {logging_mixin.py:190} INFO - [2024-08-25T00:10:02.914+0000] {dag.py:4138} INFO - Setting next_dagrun for example_bash_decorator to None, run_after=None
[2024-08-25T00:10:02.967+0000] {processor.py:208} INFO - Processing /home/airflow/.local/lib/python3.12/site-packages/airflow/example_dags/example_bash_decorator.py took 0.350 seconds
[2024-08-25T00:10:34.710+0000] {processor.py:186} INFO - Started process (PID=614) to work on /home/airflow/.local/lib/python3.12/site-packages/airflow/example_dags/example_bash_decorator.py
[2024-08-25T00:10:34.724+0000] {processor.py:914} INFO - Processing file /home/airflow/.local/lib/python3.12/site-packages/airflow/example_dags/example_bash_decorator.py for tasks to queue
[2024-08-25T00:10:34.741+0000] {logging_mixin.py:190} INFO - [2024-08-25T00:10:34.740+0000] {dagbag.py:587} INFO - Filling up the DagBag from /home/airflow/.local/lib/python3.12/site-packages/airflow/example_dags/example_bash_decorator.py
[2024-08-25T00:10:34.997+0000] {processor.py:925} INFO - DAG(s) 'example_bash_decorator' retrieved from /home/airflow/.local/lib/python3.12/site-packages/airflow/example_dags/example_bash_decorator.py
[2024-08-25T00:10:35.212+0000] {logging_mixin.py:190} INFO - [2024-08-25T00:10:35.211+0000] {dag.py:3211} INFO - Sync 1 DAGs
[2024-08-25T00:10:35.400+0000] {logging_mixin.py:190} INFO - [2024-08-25T00:10:35.399+0000] {dag.py:4138} INFO - Setting next_dagrun for example_bash_decorator to None, run_after=None
[2024-08-25T00:10:35.496+0000] {processor.py:208} INFO - Processing /home/airflow/.local/lib/python3.12/site-packages/airflow/example_dags/example_bash_decorator.py took 0.862 seconds
[2024-08-25T00:11:05.659+0000] {processor.py:186} INFO - Started process (PID=676) to work on /home/airflow/.local/lib/python3.12/site-packages/airflow/example_dags/example_bash_decorator.py
[2024-08-25T00:11:05.662+0000] {processor.py:914} INFO - Processing file /home/airflow/.local/lib/python3.12/site-packages/airflow/example_dags/example_bash_decorator.py for tasks to queue
[2024-08-25T00:11:05.668+0000] {logging_mixin.py:190} INFO - [2024-08-25T00:11:05.668+0000] {dagbag.py:587} INFO - Filling up the DagBag from /home/airflow/.local/lib/python3.12/site-packages/airflow/example_dags/example_bash_decorator.py
[2024-08-25T00:11:05.722+0000] {processor.py:925} INFO - DAG(s) 'example_bash_decorator' retrieved from /home/airflow/.local/lib/python3.12/site-packages/airflow/example_dags/example_bash_decorator.py
[2024-08-25T00:11:05.923+0000] {logging_mixin.py:190} INFO - [2024-08-25T00:11:05.922+0000] {dag.py:3211} INFO - Sync 1 DAGs
[2024-08-25T00:11:06.003+0000] {logging_mixin.py:190} INFO - [2024-08-25T00:11:06.003+0000] {dag.py:4138} INFO - Setting next_dagrun for example_bash_decorator to None, run_after=None
[2024-08-25T00:11:06.081+0000] {processor.py:208} INFO - Processing /home/airflow/.local/lib/python3.12/site-packages/airflow/example_dags/example_bash_decorator.py took 0.440 seconds
[2024-08-25T00:11:36.585+0000] {processor.py:186} INFO - Started process (PID=739) to work on /home/airflow/.local/lib/python3.12/site-packages/airflow/example_dags/example_bash_decorator.py
[2024-08-25T00:11:36.589+0000] {processor.py:914} INFO - Processing file /home/airflow/.local/lib/python3.12/site-packages/airflow/example_dags/example_bash_decorator.py for tasks to queue
[2024-08-25T00:11:36.601+0000] {logging_mixin.py:190} INFO - [2024-08-25T00:11:36.600+0000] {dagbag.py:587} INFO - Filling up the DagBag from /home/airflow/.local/lib/python3.12/site-packages/airflow/example_dags/example_bash_decorator.py
[2024-08-25T00:11:36.646+0000] {processor.py:925} INFO - DAG(s) 'example_bash_decorator' retrieved from /home/airflow/.local/lib/python3.12/site-packages/airflow/example_dags/example_bash_decorator.py
[2024-08-25T00:11:36.724+0000] {logging_mixin.py:190} INFO - [2024-08-25T00:11:36.723+0000] {dag.py:3211} INFO - Sync 1 DAGs
[2024-08-25T00:11:36.759+0000] {logging_mixin.py:190} INFO - [2024-08-25T00:11:36.759+0000] {dag.py:4138} INFO - Setting next_dagrun for example_bash_decorator to None, run_after=None
[2024-08-25T00:11:36.799+0000] {processor.py:208} INFO - Processing /home/airflow/.local/lib/python3.12/site-packages/airflow/example_dags/example_bash_decorator.py took 0.241 seconds
[2024-08-25T00:12:07.135+0000] {processor.py:186} INFO - Started process (PID=803) to work on /home/airflow/.local/lib/python3.12/site-packages/airflow/example_dags/example_bash_decorator.py
[2024-08-25T00:12:07.137+0000] {processor.py:914} INFO - Processing file /home/airflow/.local/lib/python3.12/site-packages/airflow/example_dags/example_bash_decorator.py for tasks to queue
[2024-08-25T00:12:07.142+0000] {logging_mixin.py:190} INFO - [2024-08-25T00:12:07.141+0000] {dagbag.py:587} INFO - Filling up the DagBag from /home/airflow/.local/lib/python3.12/site-packages/airflow/example_dags/example_bash_decorator.py
[2024-08-25T00:12:07.177+0000] {processor.py:925} INFO - DAG(s) 'example_bash_decorator' retrieved from /home/airflow/.local/lib/python3.12/site-packages/airflow/example_dags/example_bash_decorator.py
[2024-08-25T00:12:07.229+0000] {logging_mixin.py:190} INFO - [2024-08-25T00:12:07.229+0000] {dag.py:3211} INFO - Sync 1 DAGs
[2024-08-25T00:12:07.259+0000] {logging_mixin.py:190} INFO - [2024-08-25T00:12:07.259+0000] {dag.py:4138} INFO - Setting next_dagrun for example_bash_decorator to None, run_after=None
[2024-08-25T00:12:07.296+0000] {processor.py:208} INFO - Processing /home/airflow/.local/lib/python3.12/site-packages/airflow/example_dags/example_bash_decorator.py took 0.175 seconds
[2024-08-25T00:12:37.656+0000] {processor.py:186} INFO - Started process (PID=866) to work on /home/airflow/.local/lib/python3.12/site-packages/airflow/example_dags/example_bash_decorator.py
[2024-08-25T00:12:37.658+0000] {processor.py:914} INFO - Processing file /home/airflow/.local/lib/python3.12/site-packages/airflow/example_dags/example_bash_decorator.py for tasks to queue
[2024-08-25T00:12:37.664+0000] {logging_mixin.py:190} INFO - [2024-08-25T00:12:37.663+0000] {dagbag.py:587} INFO - Filling up the DagBag from /home/airflow/.local/lib/python3.12/site-packages/airflow/example_dags/example_bash_decorator.py
[2024-08-25T00:12:37.697+0000] {processor.py:925} INFO - DAG(s) 'example_bash_decorator' retrieved from /home/airflow/.local/lib/python3.12/site-packages/airflow/example_dags/example_bash_decorator.py
[2024-08-25T00:12:37.779+0000] {logging_mixin.py:190} INFO - [2024-08-25T00:12:37.779+0000] {dag.py:3211} INFO - Sync 1 DAGs
[2024-08-25T00:12:37.825+0000] {logging_mixin.py:190} INFO - [2024-08-25T00:12:37.825+0000] {dag.py:4138} INFO - Setting next_dagrun for example_bash_decorator to None, run_after=None
[2024-08-25T00:12:37.874+0000] {processor.py:208} INFO - Processing /home/airflow/.local/lib/python3.12/site-packages/airflow/example_dags/example_bash_decorator.py took 0.234 seconds
[2024-08-25T00:13:08.416+0000] {processor.py:186} INFO - Started process (PID=929) to work on /home/airflow/.local/lib/python3.12/site-packages/airflow/example_dags/example_bash_decorator.py
[2024-08-25T00:13:08.419+0000] {processor.py:914} INFO - Processing file /home/airflow/.local/lib/python3.12/site-packages/airflow/example_dags/example_bash_decorator.py for tasks to queue
[2024-08-25T00:13:08.424+0000] {logging_mixin.py:190} INFO - [2024-08-25T00:13:08.424+0000] {dagbag.py:587} INFO - Filling up the DagBag from /home/airflow/.local/lib/python3.12/site-packages/airflow/example_dags/example_bash_decorator.py
[2024-08-25T00:13:08.470+0000] {processor.py:925} INFO - DAG(s) 'example_bash_decorator' retrieved from /home/airflow/.local/lib/python3.12/site-packages/airflow/example_dags/example_bash_decorator.py
[2024-08-25T00:13:08.525+0000] {logging_mixin.py:190} INFO - [2024-08-25T00:13:08.525+0000] {dag.py:3211} INFO - Sync 1 DAGs
[2024-08-25T00:13:08.560+0000] {logging_mixin.py:190} INFO - [2024-08-25T00:13:08.560+0000] {dag.py:4138} INFO - Setting next_dagrun for example_bash_decorator to None, run_after=None
[2024-08-25T00:13:08.597+0000] {processor.py:208} INFO - Processing /home/airflow/.local/lib/python3.12/site-packages/airflow/example_dags/example_bash_decorator.py took 0.201 seconds
[2024-08-25T00:13:45.320+0000] {processor.py:186} INFO - Started process (PID=992) to work on /home/airflow/.local/lib/python3.12/site-packages/airflow/example_dags/example_bash_decorator.py
[2024-08-25T00:13:45.338+0000] {processor.py:914} INFO - Processing file /home/airflow/.local/lib/python3.12/site-packages/airflow/example_dags/example_bash_decorator.py for tasks to queue
[2024-08-25T00:13:45.358+0000] {logging_mixin.py:190} INFO - [2024-08-25T00:13:45.357+0000] {dagbag.py:587} INFO - Filling up the DagBag from /home/airflow/.local/lib/python3.12/site-packages/airflow/example_dags/example_bash_decorator.py
[2024-08-25T00:13:45.534+0000] {processor.py:925} INFO - DAG(s) 'example_bash_decorator' retrieved from /home/airflow/.local/lib/python3.12/site-packages/airflow/example_dags/example_bash_decorator.py
[2024-08-25T00:13:45.952+0000] {logging_mixin.py:190} INFO - [2024-08-25T00:13:45.951+0000] {dag.py:3211} INFO - Sync 1 DAGs
[2024-08-25T00:13:46.292+0000] {logging_mixin.py:190} INFO - [2024-08-25T00:13:46.291+0000] {dag.py:4138} INFO - Setting next_dagrun for example_bash_decorator to None, run_after=None
[2024-08-25T00:13:46.533+0000] {processor.py:208} INFO - Processing /home/airflow/.local/lib/python3.12/site-packages/airflow/example_dags/example_bash_decorator.py took 1.254 seconds
[2024-08-25T00:14:17.017+0000] {processor.py:186} INFO - Started process (PID=1056) to work on /home/airflow/.local/lib/python3.12/site-packages/airflow/example_dags/example_bash_decorator.py
[2024-08-25T00:14:17.019+0000] {processor.py:914} INFO - Processing file /home/airflow/.local/lib/python3.12/site-packages/airflow/example_dags/example_bash_decorator.py for tasks to queue
[2024-08-25T00:14:17.024+0000] {logging_mixin.py:190} INFO - [2024-08-25T00:14:17.024+0000] {dagbag.py:587} INFO - Filling up the DagBag from /home/airflow/.local/lib/python3.12/site-packages/airflow/example_dags/example_bash_decorator.py
[2024-08-25T00:14:17.092+0000] {processor.py:925} INFO - DAG(s) 'example_bash_decorator' retrieved from /home/airflow/.local/lib/python3.12/site-packages/airflow/example_dags/example_bash_decorator.py
[2024-08-25T00:14:17.169+0000] {logging_mixin.py:190} INFO - [2024-08-25T00:14:17.169+0000] {dag.py:3211} INFO - Sync 1 DAGs
[2024-08-25T00:14:17.211+0000] {logging_mixin.py:190} INFO - [2024-08-25T00:14:17.211+0000] {dag.py:4138} INFO - Setting next_dagrun for example_bash_decorator to None, run_after=None
[2024-08-25T00:14:17.260+0000] {processor.py:208} INFO - Processing /home/airflow/.local/lib/python3.12/site-packages/airflow/example_dags/example_bash_decorator.py took 0.259 seconds
[2024-08-25T00:14:48.067+0000] {processor.py:186} INFO - Started process (PID=1120) to work on /home/airflow/.local/lib/python3.12/site-packages/airflow/example_dags/example_bash_decorator.py
[2024-08-25T00:14:48.070+0000] {processor.py:914} INFO - Processing file /home/airflow/.local/lib/python3.12/site-packages/airflow/example_dags/example_bash_decorator.py for tasks to queue
[2024-08-25T00:14:48.075+0000] {logging_mixin.py:190} INFO - [2024-08-25T00:14:48.074+0000] {dagbag.py:587} INFO - Filling up the DagBag from /home/airflow/.local/lib/python3.12/site-packages/airflow/example_dags/example_bash_decorator.py
[2024-08-25T00:14:48.127+0000] {processor.py:925} INFO - DAG(s) 'example_bash_decorator' retrieved from /home/airflow/.local/lib/python3.12/site-packages/airflow/example_dags/example_bash_decorator.py
[2024-08-25T00:14:48.235+0000] {logging_mixin.py:190} INFO - [2024-08-25T00:14:48.235+0000] {dag.py:3211} INFO - Sync 1 DAGs
[2024-08-25T00:14:48.282+0000] {logging_mixin.py:190} INFO - [2024-08-25T00:14:48.281+0000] {dag.py:4138} INFO - Setting next_dagrun for example_bash_decorator to None, run_after=None
[2024-08-25T00:14:48.327+0000] {processor.py:208} INFO - Processing /home/airflow/.local/lib/python3.12/site-packages/airflow/example_dags/example_bash_decorator.py took 0.282 seconds
[2024-08-25T00:15:20.982+0000] {processor.py:186} INFO - Started process (PID=1183) to work on /home/airflow/.local/lib/python3.12/site-packages/airflow/example_dags/example_bash_decorator.py
[2024-08-25T00:15:20.990+0000] {processor.py:914} INFO - Processing file /home/airflow/.local/lib/python3.12/site-packages/airflow/example_dags/example_bash_decorator.py for tasks to queue
[2024-08-25T00:15:21.004+0000] {logging_mixin.py:190} INFO - [2024-08-25T00:15:21.003+0000] {dagbag.py:587} INFO - Filling up the DagBag from /home/airflow/.local/lib/python3.12/site-packages/airflow/example_dags/example_bash_decorator.py
[2024-08-25T00:15:21.115+0000] {processor.py:925} INFO - DAG(s) 'example_bash_decorator' retrieved from /home/airflow/.local/lib/python3.12/site-packages/airflow/example_dags/example_bash_decorator.py
[2024-08-25T00:15:21.266+0000] {logging_mixin.py:190} INFO - [2024-08-25T00:15:21.266+0000] {dag.py:3211} INFO - Sync 1 DAGs
[2024-08-25T00:15:21.320+0000] {logging_mixin.py:190} INFO - [2024-08-25T00:15:21.320+0000] {dag.py:4138} INFO - Setting next_dagrun for example_bash_decorator to None, run_after=None
[2024-08-25T00:15:21.374+0000] {processor.py:208} INFO - Processing /home/airflow/.local/lib/python3.12/site-packages/airflow/example_dags/example_bash_decorator.py took 0.444 seconds
[2024-08-25T00:15:52.021+0000] {processor.py:186} INFO - Started process (PID=1247) to work on /home/airflow/.local/lib/python3.12/site-packages/airflow/example_dags/example_bash_decorator.py
[2024-08-25T00:15:52.024+0000] {processor.py:914} INFO - Processing file /home/airflow/.local/lib/python3.12/site-packages/airflow/example_dags/example_bash_decorator.py for tasks to queue
[2024-08-25T00:15:52.034+0000] {logging_mixin.py:190} INFO - [2024-08-25T00:15:52.033+0000] {dagbag.py:587} INFO - Filling up the DagBag from /home/airflow/.local/lib/python3.12/site-packages/airflow/example_dags/example_bash_decorator.py
[2024-08-25T00:15:52.090+0000] {processor.py:925} INFO - DAG(s) 'example_bash_decorator' retrieved from /home/airflow/.local/lib/python3.12/site-packages/airflow/example_dags/example_bash_decorator.py
[2024-08-25T00:15:52.245+0000] {logging_mixin.py:190} INFO - [2024-08-25T00:15:52.244+0000] {dag.py:3211} INFO - Sync 1 DAGs
[2024-08-25T00:15:52.315+0000] {logging_mixin.py:190} INFO - [2024-08-25T00:15:52.315+0000] {dag.py:4138} INFO - Setting next_dagrun for example_bash_decorator to None, run_after=None
[2024-08-25T00:15:52.419+0000] {processor.py:208} INFO - Processing /home/airflow/.local/lib/python3.12/site-packages/airflow/example_dags/example_bash_decorator.py took 0.421 seconds
[2024-08-25T00:16:25.960+0000] {processor.py:186} INFO - Started process (PID=1311) to work on /home/airflow/.local/lib/python3.12/site-packages/airflow/example_dags/example_bash_decorator.py
[2024-08-25T00:16:25.963+0000] {processor.py:914} INFO - Processing file /home/airflow/.local/lib/python3.12/site-packages/airflow/example_dags/example_bash_decorator.py for tasks to queue
[2024-08-25T00:16:25.982+0000] {logging_mixin.py:190} INFO - [2024-08-25T00:16:25.981+0000] {dagbag.py:587} INFO - Filling up the DagBag from /home/airflow/.local/lib/python3.12/site-packages/airflow/example_dags/example_bash_decorator.py
[2024-08-25T00:16:26.172+0000] {processor.py:925} INFO - DAG(s) 'example_bash_decorator' retrieved from /home/airflow/.local/lib/python3.12/site-packages/airflow/example_dags/example_bash_decorator.py
[2024-08-25T00:16:26.408+0000] {logging_mixin.py:190} INFO - [2024-08-25T00:16:26.408+0000] {dag.py:3211} INFO - Sync 1 DAGs
[2024-08-25T00:16:26.639+0000] {logging_mixin.py:190} INFO - [2024-08-25T00:16:26.638+0000] {dag.py:4138} INFO - Setting next_dagrun for example_bash_decorator to None, run_after=None
[2024-08-25T00:16:26.952+0000] {processor.py:208} INFO - Processing /home/airflow/.local/lib/python3.12/site-packages/airflow/example_dags/example_bash_decorator.py took 1.043 seconds
[2024-08-25T00:16:57.468+0000] {processor.py:186} INFO - Started process (PID=1374) to work on /home/airflow/.local/lib/python3.12/site-packages/airflow/example_dags/example_bash_decorator.py
[2024-08-25T00:16:57.471+0000] {processor.py:914} INFO - Processing file /home/airflow/.local/lib/python3.12/site-packages/airflow/example_dags/example_bash_decorator.py for tasks to queue
[2024-08-25T00:16:57.477+0000] {logging_mixin.py:190} INFO - [2024-08-25T00:16:57.476+0000] {dagbag.py:587} INFO - Filling up the DagBag from /home/airflow/.local/lib/python3.12/site-packages/airflow/example_dags/example_bash_decorator.py
[2024-08-25T00:16:57.526+0000] {processor.py:925} INFO - DAG(s) 'example_bash_decorator' retrieved from /home/airflow/.local/lib/python3.12/site-packages/airflow/example_dags/example_bash_decorator.py
[2024-08-25T00:16:57.598+0000] {logging_mixin.py:190} INFO - [2024-08-25T00:16:57.597+0000] {dag.py:3211} INFO - Sync 1 DAGs
[2024-08-25T00:16:57.666+0000] {logging_mixin.py:190} INFO - [2024-08-25T00:16:57.665+0000] {dag.py:4138} INFO - Setting next_dagrun for example_bash_decorator to None, run_after=None
[2024-08-25T00:16:57.726+0000] {processor.py:208} INFO - Processing /home/airflow/.local/lib/python3.12/site-packages/airflow/example_dags/example_bash_decorator.py took 0.276 seconds
[2024-08-25T00:17:27.956+0000] {processor.py:186} INFO - Started process (PID=1437) to work on /home/airflow/.local/lib/python3.12/site-packages/airflow/example_dags/example_bash_decorator.py
[2024-08-25T00:17:27.958+0000] {processor.py:914} INFO - Processing file /home/airflow/.local/lib/python3.12/site-packages/airflow/example_dags/example_bash_decorator.py for tasks to queue
[2024-08-25T00:17:27.966+0000] {logging_mixin.py:190} INFO - [2024-08-25T00:17:27.965+0000] {dagbag.py:587} INFO - Filling up the DagBag from /home/airflow/.local/lib/python3.12/site-packages/airflow/example_dags/example_bash_decorator.py
[2024-08-25T00:17:28.011+0000] {processor.py:925} INFO - DAG(s) 'example_bash_decorator' retrieved from /home/airflow/.local/lib/python3.12/site-packages/airflow/example_dags/example_bash_decorator.py
[2024-08-25T00:17:28.103+0000] {logging_mixin.py:190} INFO - [2024-08-25T00:17:28.101+0000] {dag.py:3211} INFO - Sync 1 DAGs
[2024-08-25T00:17:28.195+0000] {logging_mixin.py:190} INFO - [2024-08-25T00:17:28.195+0000] {dag.py:4138} INFO - Setting next_dagrun for example_bash_decorator to None, run_after=None
[2024-08-25T00:17:28.294+0000] {processor.py:208} INFO - Processing /home/airflow/.local/lib/python3.12/site-packages/airflow/example_dags/example_bash_decorator.py took 0.354 seconds
[2024-08-25T00:17:58.671+0000] {processor.py:186} INFO - Started process (PID=1500) to work on /home/airflow/.local/lib/python3.12/site-packages/airflow/example_dags/example_bash_decorator.py
[2024-08-25T00:17:58.673+0000] {processor.py:914} INFO - Processing file /home/airflow/.local/lib/python3.12/site-packages/airflow/example_dags/example_bash_decorator.py for tasks to queue
[2024-08-25T00:17:58.681+0000] {logging_mixin.py:190} INFO - [2024-08-25T00:17:58.680+0000] {dagbag.py:587} INFO - Filling up the DagBag from /home/airflow/.local/lib/python3.12/site-packages/airflow/example_dags/example_bash_decorator.py
[2024-08-25T00:17:58.725+0000] {processor.py:925} INFO - DAG(s) 'example_bash_decorator' retrieved from /home/airflow/.local/lib/python3.12/site-packages/airflow/example_dags/example_bash_decorator.py
[2024-08-25T00:17:58.784+0000] {logging_mixin.py:190} INFO - [2024-08-25T00:17:58.784+0000] {dag.py:3211} INFO - Sync 1 DAGs
[2024-08-25T00:17:58.823+0000] {logging_mixin.py:190} INFO - [2024-08-25T00:17:58.822+0000] {dag.py:4138} INFO - Setting next_dagrun for example_bash_decorator to None, run_after=None
[2024-08-25T00:17:58.865+0000] {processor.py:208} INFO - Processing /home/airflow/.local/lib/python3.12/site-packages/airflow/example_dags/example_bash_decorator.py took 0.216 seconds
[2024-08-25T00:18:31.773+0000] {processor.py:186} INFO - Started process (PID=1563) to work on /home/airflow/.local/lib/python3.12/site-packages/airflow/example_dags/example_bash_decorator.py
[2024-08-25T00:18:31.791+0000] {processor.py:914} INFO - Processing file /home/airflow/.local/lib/python3.12/site-packages/airflow/example_dags/example_bash_decorator.py for tasks to queue
[2024-08-25T00:18:31.817+0000] {logging_mixin.py:190} INFO - [2024-08-25T00:18:31.803+0000] {dagbag.py:587} INFO - Filling up the DagBag from /home/airflow/.local/lib/python3.12/site-packages/airflow/example_dags/example_bash_decorator.py
[2024-08-25T00:18:31.889+0000] {processor.py:925} INFO - DAG(s) 'example_bash_decorator' retrieved from /home/airflow/.local/lib/python3.12/site-packages/airflow/example_dags/example_bash_decorator.py
[2024-08-25T00:18:32.010+0000] {logging_mixin.py:190} INFO - [2024-08-25T00:18:32.009+0000] {dag.py:3211} INFO - Sync 1 DAGs
[2024-08-25T00:18:32.073+0000] {logging_mixin.py:190} INFO - [2024-08-25T00:18:32.072+0000] {dag.py:4138} INFO - Setting next_dagrun for example_bash_decorator to None, run_after=None
[2024-08-25T00:18:32.141+0000] {processor.py:208} INFO - Processing /home/airflow/.local/lib/python3.12/site-packages/airflow/example_dags/example_bash_decorator.py took 0.394 seconds
[2024-08-25T00:19:02.376+0000] {processor.py:186} INFO - Started process (PID=1626) to work on /home/airflow/.local/lib/python3.12/site-packages/airflow/example_dags/example_bash_decorator.py
[2024-08-25T00:19:02.379+0000] {processor.py:914} INFO - Processing file /home/airflow/.local/lib/python3.12/site-packages/airflow/example_dags/example_bash_decorator.py for tasks to queue
[2024-08-25T00:19:02.393+0000] {logging_mixin.py:190} INFO - [2024-08-25T00:19:02.392+0000] {dagbag.py:587} INFO - Filling up the DagBag from /home/airflow/.local/lib/python3.12/site-packages/airflow/example_dags/example_bash_decorator.py
[2024-08-25T00:19:02.519+0000] {processor.py:925} INFO - DAG(s) 'example_bash_decorator' retrieved from /home/airflow/.local/lib/python3.12/site-packages/airflow/example_dags/example_bash_decorator.py
[2024-08-25T00:19:02.631+0000] {logging_mixin.py:190} INFO - [2024-08-25T00:19:02.630+0000] {dag.py:3211} INFO - Sync 1 DAGs
[2024-08-25T00:19:02.700+0000] {logging_mixin.py:190} INFO - [2024-08-25T00:19:02.700+0000] {dag.py:4138} INFO - Setting next_dagrun for example_bash_decorator to None, run_after=None
[2024-08-25T00:19:02.822+0000] {processor.py:208} INFO - Processing /home/airflow/.local/lib/python3.12/site-packages/airflow/example_dags/example_bash_decorator.py took 0.471 seconds
[2024-08-25T00:19:34.110+0000] {processor.py:186} INFO - Started process (PID=1695) to work on /home/airflow/.local/lib/python3.12/site-packages/airflow/example_dags/example_bash_decorator.py
[2024-08-25T00:19:34.116+0000] {processor.py:914} INFO - Processing file /home/airflow/.local/lib/python3.12/site-packages/airflow/example_dags/example_bash_decorator.py for tasks to queue
[2024-08-25T00:19:34.129+0000] {logging_mixin.py:190} INFO - [2024-08-25T00:19:34.128+0000] {dagbag.py:587} INFO - Filling up the DagBag from /home/airflow/.local/lib/python3.12/site-packages/airflow/example_dags/example_bash_decorator.py
[2024-08-25T00:19:34.328+0000] {processor.py:925} INFO - DAG(s) 'example_bash_decorator' retrieved from /home/airflow/.local/lib/python3.12/site-packages/airflow/example_dags/example_bash_decorator.py
[2024-08-25T00:19:34.534+0000] {logging_mixin.py:190} INFO - [2024-08-25T00:19:34.533+0000] {dag.py:3211} INFO - Sync 1 DAGs
[2024-08-25T00:19:34.620+0000] {logging_mixin.py:190} INFO - [2024-08-25T00:19:34.619+0000] {dag.py:4138} INFO - Setting next_dagrun for example_bash_decorator to None, run_after=None
[2024-08-25T00:19:34.679+0000] {processor.py:208} INFO - Processing /home/airflow/.local/lib/python3.12/site-packages/airflow/example_dags/example_bash_decorator.py took 0.619 seconds
[2024-08-25T00:20:05.729+0000] {processor.py:186} INFO - Started process (PID=1759) to work on /home/airflow/.local/lib/python3.12/site-packages/airflow/example_dags/example_bash_decorator.py
[2024-08-25T00:20:05.731+0000] {processor.py:914} INFO - Processing file /home/airflow/.local/lib/python3.12/site-packages/airflow/example_dags/example_bash_decorator.py for tasks to queue
[2024-08-25T00:20:05.739+0000] {logging_mixin.py:190} INFO - [2024-08-25T00:20:05.738+0000] {dagbag.py:587} INFO - Filling up the DagBag from /home/airflow/.local/lib/python3.12/site-packages/airflow/example_dags/example_bash_decorator.py
[2024-08-25T00:20:05.800+0000] {processor.py:925} INFO - DAG(s) 'example_bash_decorator' retrieved from /home/airflow/.local/lib/python3.12/site-packages/airflow/example_dags/example_bash_decorator.py
[2024-08-25T00:20:05.874+0000] {logging_mixin.py:190} INFO - [2024-08-25T00:20:05.873+0000] {dag.py:3211} INFO - Sync 1 DAGs
[2024-08-25T00:20:05.910+0000] {logging_mixin.py:190} INFO - [2024-08-25T00:20:05.909+0000] {dag.py:4138} INFO - Setting next_dagrun for example_bash_decorator to None, run_after=None
[2024-08-25T00:20:05.952+0000] {processor.py:208} INFO - Processing /home/airflow/.local/lib/python3.12/site-packages/airflow/example_dags/example_bash_decorator.py took 0.252 seconds
[2024-08-25T00:20:36.801+0000] {processor.py:186} INFO - Started process (PID=1821) to work on /home/airflow/.local/lib/python3.12/site-packages/airflow/example_dags/example_bash_decorator.py
[2024-08-25T00:20:36.804+0000] {processor.py:914} INFO - Processing file /home/airflow/.local/lib/python3.12/site-packages/airflow/example_dags/example_bash_decorator.py for tasks to queue
[2024-08-25T00:20:36.813+0000] {logging_mixin.py:190} INFO - [2024-08-25T00:20:36.812+0000] {dagbag.py:587} INFO - Filling up the DagBag from /home/airflow/.local/lib/python3.12/site-packages/airflow/example_dags/example_bash_decorator.py
[2024-08-25T00:20:36.895+0000] {processor.py:925} INFO - DAG(s) 'example_bash_decorator' retrieved from /home/airflow/.local/lib/python3.12/site-packages/airflow/example_dags/example_bash_decorator.py
[2024-08-25T00:20:37.055+0000] {logging_mixin.py:190} INFO - [2024-08-25T00:20:37.054+0000] {dag.py:3211} INFO - Sync 1 DAGs
[2024-08-25T00:20:37.137+0000] {logging_mixin.py:190} INFO - [2024-08-25T00:20:37.136+0000] {dag.py:4138} INFO - Setting next_dagrun for example_bash_decorator to None, run_after=None
[2024-08-25T00:20:37.254+0000] {processor.py:208} INFO - Processing /home/airflow/.local/lib/python3.12/site-packages/airflow/example_dags/example_bash_decorator.py took 0.483 seconds
[2024-08-25T00:26:43.613+0000] {processor.py:186} INFO - Started process (PID=110) to work on /home/airflow/.local/lib/python3.12/site-packages/airflow/example_dags/example_bash_decorator.py
[2024-08-25T00:26:43.616+0000] {processor.py:914} INFO - Processing file /home/airflow/.local/lib/python3.12/site-packages/airflow/example_dags/example_bash_decorator.py for tasks to queue
[2024-08-25T00:26:43.632+0000] {logging_mixin.py:190} INFO - [2024-08-25T00:26:43.631+0000] {dagbag.py:587} INFO - Filling up the DagBag from /home/airflow/.local/lib/python3.12/site-packages/airflow/example_dags/example_bash_decorator.py
[2024-08-25T00:26:43.995+0000] {processor.py:925} INFO - DAG(s) 'example_bash_decorator' retrieved from /home/airflow/.local/lib/python3.12/site-packages/airflow/example_dags/example_bash_decorator.py
[2024-08-25T00:26:46.020+0000] {logging_mixin.py:190} INFO - [2024-08-25T00:26:46.019+0000] {dag.py:3211} INFO - Sync 1 DAGs
[2024-08-25T00:26:46.451+0000] {logging_mixin.py:190} INFO - [2024-08-25T00:26:46.450+0000] {dag.py:4138} INFO - Setting next_dagrun for example_bash_decorator to None, run_after=None
[2024-08-25T00:26:46.601+0000] {processor.py:208} INFO - Processing /home/airflow/.local/lib/python3.12/site-packages/airflow/example_dags/example_bash_decorator.py took 3.051 seconds
[2024-08-25T00:27:38.828+0000] {processor.py:186} INFO - Started process (PID=179) to work on /home/airflow/.local/lib/python3.12/site-packages/airflow/example_dags/example_bash_decorator.py
[2024-08-25T00:27:38.836+0000] {processor.py:914} INFO - Processing file /home/airflow/.local/lib/python3.12/site-packages/airflow/example_dags/example_bash_decorator.py for tasks to queue
[2024-08-25T00:27:38.851+0000] {logging_mixin.py:190} INFO - [2024-08-25T00:27:38.847+0000] {dagbag.py:587} INFO - Filling up the DagBag from /home/airflow/.local/lib/python3.12/site-packages/airflow/example_dags/example_bash_decorator.py
[2024-08-25T00:27:39.452+0000] {processor.py:925} INFO - DAG(s) 'example_bash_decorator' retrieved from /home/airflow/.local/lib/python3.12/site-packages/airflow/example_dags/example_bash_decorator.py
[2024-08-25T00:27:40.146+0000] {logging_mixin.py:190} INFO - [2024-08-25T00:27:40.141+0000] {dag.py:3211} INFO - Sync 1 DAGs
[2024-08-25T00:27:40.369+0000] {logging_mixin.py:190} INFO - [2024-08-25T00:27:40.369+0000] {dag.py:4138} INFO - Setting next_dagrun for example_bash_decorator to None, run_after=None
[2024-08-25T00:27:40.567+0000] {processor.py:208} INFO - Processing /home/airflow/.local/lib/python3.12/site-packages/airflow/example_dags/example_bash_decorator.py took 1.778 seconds
[2024-08-25T00:28:28.808+0000] {processor.py:186} INFO - Started process (PID=242) to work on /home/airflow/.local/lib/python3.12/site-packages/airflow/example_dags/example_bash_decorator.py
[2024-08-25T00:28:28.822+0000] {processor.py:914} INFO - Processing file /home/airflow/.local/lib/python3.12/site-packages/airflow/example_dags/example_bash_decorator.py for tasks to queue
[2024-08-25T00:28:28.846+0000] {logging_mixin.py:190} INFO - [2024-08-25T00:28:28.845+0000] {dagbag.py:587} INFO - Filling up the DagBag from /home/airflow/.local/lib/python3.12/site-packages/airflow/example_dags/example_bash_decorator.py
[2024-08-25T00:28:29.085+0000] {processor.py:925} INFO - DAG(s) 'example_bash_decorator' retrieved from /home/airflow/.local/lib/python3.12/site-packages/airflow/example_dags/example_bash_decorator.py
[2024-08-25T00:28:29.236+0000] {logging_mixin.py:190} INFO - [2024-08-25T00:28:29.235+0000] {dag.py:3211} INFO - Sync 1 DAGs
[2024-08-25T00:28:29.343+0000] {logging_mixin.py:190} INFO - [2024-08-25T00:28:29.342+0000] {dag.py:4138} INFO - Setting next_dagrun for example_bash_decorator to None, run_after=None
[2024-08-25T00:28:29.504+0000] {processor.py:208} INFO - Processing /home/airflow/.local/lib/python3.12/site-packages/airflow/example_dags/example_bash_decorator.py took 0.817 seconds
[2024-08-25T00:29:00.023+0000] {processor.py:186} INFO - Started process (PID=305) to work on /home/airflow/.local/lib/python3.12/site-packages/airflow/example_dags/example_bash_decorator.py
[2024-08-25T00:29:00.035+0000] {processor.py:914} INFO - Processing file /home/airflow/.local/lib/python3.12/site-packages/airflow/example_dags/example_bash_decorator.py for tasks to queue
[2024-08-25T00:29:00.071+0000] {logging_mixin.py:190} INFO - [2024-08-25T00:29:00.070+0000] {dagbag.py:587} INFO - Filling up the DagBag from /home/airflow/.local/lib/python3.12/site-packages/airflow/example_dags/example_bash_decorator.py
[2024-08-25T00:29:00.165+0000] {processor.py:925} INFO - DAG(s) 'example_bash_decorator' retrieved from /home/airflow/.local/lib/python3.12/site-packages/airflow/example_dags/example_bash_decorator.py
[2024-08-25T00:29:00.342+0000] {logging_mixin.py:190} INFO - [2024-08-25T00:29:00.341+0000] {dag.py:3211} INFO - Sync 1 DAGs
[2024-08-25T00:29:00.457+0000] {logging_mixin.py:190} INFO - [2024-08-25T00:29:00.455+0000] {dag.py:4138} INFO - Setting next_dagrun for example_bash_decorator to None, run_after=None
[2024-08-25T00:29:00.705+0000] {processor.py:208} INFO - Processing /home/airflow/.local/lib/python3.12/site-packages/airflow/example_dags/example_bash_decorator.py took 0.735 seconds
[2024-08-25T00:29:31.013+0000] {processor.py:186} INFO - Started process (PID=374) to work on /home/airflow/.local/lib/python3.12/site-packages/airflow/example_dags/example_bash_decorator.py
[2024-08-25T00:29:31.016+0000] {processor.py:914} INFO - Processing file /home/airflow/.local/lib/python3.12/site-packages/airflow/example_dags/example_bash_decorator.py for tasks to queue
[2024-08-25T00:29:31.025+0000] {logging_mixin.py:190} INFO - [2024-08-25T00:29:31.024+0000] {dagbag.py:587} INFO - Filling up the DagBag from /home/airflow/.local/lib/python3.12/site-packages/airflow/example_dags/example_bash_decorator.py
[2024-08-25T00:29:31.122+0000] {processor.py:925} INFO - DAG(s) 'example_bash_decorator' retrieved from /home/airflow/.local/lib/python3.12/site-packages/airflow/example_dags/example_bash_decorator.py
[2024-08-25T00:29:31.245+0000] {logging_mixin.py:190} INFO - [2024-08-25T00:29:31.242+0000] {dag.py:3211} INFO - Sync 1 DAGs
[2024-08-25T00:29:31.317+0000] {logging_mixin.py:190} INFO - [2024-08-25T00:29:31.315+0000] {dag.py:4138} INFO - Setting next_dagrun for example_bash_decorator to None, run_after=None
[2024-08-25T00:29:31.391+0000] {processor.py:208} INFO - Processing /home/airflow/.local/lib/python3.12/site-packages/airflow/example_dags/example_bash_decorator.py took 0.405 seconds
[2024-08-25T00:30:03.892+0000] {processor.py:186} INFO - Started process (PID=437) to work on /home/airflow/.local/lib/python3.12/site-packages/airflow/example_dags/example_bash_decorator.py
[2024-08-25T00:30:03.916+0000] {processor.py:914} INFO - Processing file /home/airflow/.local/lib/python3.12/site-packages/airflow/example_dags/example_bash_decorator.py for tasks to queue
[2024-08-25T00:30:03.936+0000] {logging_mixin.py:190} INFO - [2024-08-25T00:30:03.935+0000] {dagbag.py:587} INFO - Filling up the DagBag from /home/airflow/.local/lib/python3.12/site-packages/airflow/example_dags/example_bash_decorator.py
[2024-08-25T00:30:04.096+0000] {processor.py:925} INFO - DAG(s) 'example_bash_decorator' retrieved from /home/airflow/.local/lib/python3.12/site-packages/airflow/example_dags/example_bash_decorator.py
[2024-08-25T00:30:04.345+0000] {logging_mixin.py:190} INFO - [2024-08-25T00:30:04.344+0000] {dag.py:3211} INFO - Sync 1 DAGs
[2024-08-25T00:30:04.470+0000] {logging_mixin.py:190} INFO - [2024-08-25T00:30:04.469+0000] {dag.py:4138} INFO - Setting next_dagrun for example_bash_decorator to None, run_after=None
[2024-08-25T00:30:04.544+0000] {processor.py:208} INFO - Processing /home/airflow/.local/lib/python3.12/site-packages/airflow/example_dags/example_bash_decorator.py took 0.705 seconds
[2024-08-25T00:30:42.111+0000] {processor.py:186} INFO - Started process (PID=501) to work on /home/airflow/.local/lib/python3.12/site-packages/airflow/example_dags/example_bash_decorator.py
[2024-08-25T00:30:42.113+0000] {processor.py:914} INFO - Processing file /home/airflow/.local/lib/python3.12/site-packages/airflow/example_dags/example_bash_decorator.py for tasks to queue
[2024-08-25T00:30:42.120+0000] {logging_mixin.py:190} INFO - [2024-08-25T00:30:42.119+0000] {dagbag.py:587} INFO - Filling up the DagBag from /home/airflow/.local/lib/python3.12/site-packages/airflow/example_dags/example_bash_decorator.py
[2024-08-25T00:30:42.164+0000] {processor.py:925} INFO - DAG(s) 'example_bash_decorator' retrieved from /home/airflow/.local/lib/python3.12/site-packages/airflow/example_dags/example_bash_decorator.py
[2024-08-25T00:30:42.251+0000] {logging_mixin.py:190} INFO - [2024-08-25T00:30:42.251+0000] {dag.py:3211} INFO - Sync 1 DAGs
[2024-08-25T00:30:42.306+0000] {logging_mixin.py:190} INFO - [2024-08-25T00:30:42.306+0000] {dag.py:4138} INFO - Setting next_dagrun for example_bash_decorator to None, run_after=None
[2024-08-25T00:30:42.356+0000] {processor.py:208} INFO - Processing /home/airflow/.local/lib/python3.12/site-packages/airflow/example_dags/example_bash_decorator.py took 0.265 seconds
[2024-08-25T00:31:22.501+0000] {processor.py:186} INFO - Started process (PID=566) to work on /home/airflow/.local/lib/python3.12/site-packages/airflow/example_dags/example_bash_decorator.py
[2024-08-25T00:31:22.525+0000] {processor.py:914} INFO - Processing file /home/airflow/.local/lib/python3.12/site-packages/airflow/example_dags/example_bash_decorator.py for tasks to queue
[2024-08-25T00:31:22.546+0000] {logging_mixin.py:190} INFO - [2024-08-25T00:31:22.545+0000] {dagbag.py:587} INFO - Filling up the DagBag from /home/airflow/.local/lib/python3.12/site-packages/airflow/example_dags/example_bash_decorator.py
[2024-08-25T00:31:22.771+0000] {processor.py:925} INFO - DAG(s) 'example_bash_decorator' retrieved from /home/airflow/.local/lib/python3.12/site-packages/airflow/example_dags/example_bash_decorator.py
[2024-08-25T00:31:23.128+0000] {logging_mixin.py:190} INFO - [2024-08-25T00:31:23.128+0000] {dag.py:3211} INFO - Sync 1 DAGs
[2024-08-25T00:31:23.413+0000] {logging_mixin.py:190} INFO - [2024-08-25T00:31:23.403+0000] {dag.py:4138} INFO - Setting next_dagrun for example_bash_decorator to None, run_after=None
[2024-08-25T00:31:23.602+0000] {processor.py:208} INFO - Processing /home/airflow/.local/lib/python3.12/site-packages/airflow/example_dags/example_bash_decorator.py took 1.155 seconds
[2024-08-25T00:32:12.743+0000] {processor.py:186} INFO - Started process (PID=638) to work on /home/airflow/.local/lib/python3.12/site-packages/airflow/example_dags/example_bash_decorator.py
[2024-08-25T00:32:12.745+0000] {processor.py:914} INFO - Processing file /home/airflow/.local/lib/python3.12/site-packages/airflow/example_dags/example_bash_decorator.py for tasks to queue
[2024-08-25T00:32:12.751+0000] {logging_mixin.py:190} INFO - [2024-08-25T00:32:12.750+0000] {dagbag.py:587} INFO - Filling up the DagBag from /home/airflow/.local/lib/python3.12/site-packages/airflow/example_dags/example_bash_decorator.py
[2024-08-25T00:32:12.795+0000] {processor.py:925} INFO - DAG(s) 'example_bash_decorator' retrieved from /home/airflow/.local/lib/python3.12/site-packages/airflow/example_dags/example_bash_decorator.py
[2024-08-25T00:32:12.864+0000] {logging_mixin.py:190} INFO - [2024-08-25T00:32:12.864+0000] {dag.py:3211} INFO - Sync 1 DAGs
[2024-08-25T00:32:12.903+0000] {logging_mixin.py:190} INFO - [2024-08-25T00:32:12.903+0000] {dag.py:4138} INFO - Setting next_dagrun for example_bash_decorator to None, run_after=None
[2024-08-25T00:32:12.948+0000] {processor.py:208} INFO - Processing /home/airflow/.local/lib/python3.12/site-packages/airflow/example_dags/example_bash_decorator.py took 0.221 seconds
[2024-08-25T00:32:48.968+0000] {processor.py:186} INFO - Started process (PID=702) to work on /home/airflow/.local/lib/python3.12/site-packages/airflow/example_dags/example_bash_decorator.py
[2024-08-25T00:32:49.111+0000] {processor.py:914} INFO - Processing file /home/airflow/.local/lib/python3.12/site-packages/airflow/example_dags/example_bash_decorator.py for tasks to queue
[2024-08-25T00:32:49.162+0000] {logging_mixin.py:190} INFO - [2024-08-25T00:32:49.162+0000] {dagbag.py:587} INFO - Filling up the DagBag from /home/airflow/.local/lib/python3.12/site-packages/airflow/example_dags/example_bash_decorator.py
[2024-08-25T00:32:49.349+0000] {processor.py:925} INFO - DAG(s) 'example_bash_decorator' retrieved from /home/airflow/.local/lib/python3.12/site-packages/airflow/example_dags/example_bash_decorator.py
[2024-08-25T00:32:49.577+0000] {logging_mixin.py:190} INFO - [2024-08-25T00:32:49.576+0000] {dag.py:3211} INFO - Sync 1 DAGs
[2024-08-25T00:32:49.780+0000] {logging_mixin.py:190} INFO - [2024-08-25T00:32:49.779+0000] {dag.py:4138} INFO - Setting next_dagrun for example_bash_decorator to None, run_after=None
[2024-08-25T00:32:49.971+0000] {processor.py:208} INFO - Processing /home/airflow/.local/lib/python3.12/site-packages/airflow/example_dags/example_bash_decorator.py took 1.055 seconds
[2024-08-25T00:33:34.492+0000] {processor.py:186} INFO - Started process (PID=752) to work on /home/airflow/.local/lib/python3.12/site-packages/airflow/example_dags/example_bash_decorator.py
[2024-08-25T00:33:34.504+0000] {processor.py:914} INFO - Processing file /home/airflow/.local/lib/python3.12/site-packages/airflow/example_dags/example_bash_decorator.py for tasks to queue
[2024-08-25T00:33:34.520+0000] {logging_mixin.py:190} INFO - [2024-08-25T00:33:34.517+0000] {dagbag.py:587} INFO - Filling up the DagBag from /home/airflow/.local/lib/python3.12/site-packages/airflow/example_dags/example_bash_decorator.py
[2024-08-25T00:33:34.736+0000] {processor.py:925} INFO - DAG(s) 'example_bash_decorator' retrieved from /home/airflow/.local/lib/python3.12/site-packages/airflow/example_dags/example_bash_decorator.py
[2024-08-25T00:33:35.107+0000] {logging_mixin.py:190} INFO - [2024-08-25T00:33:35.096+0000] {dag.py:3211} INFO - Sync 1 DAGs
[2024-08-25T00:33:35.296+0000] {logging_mixin.py:190} INFO - [2024-08-25T00:33:35.284+0000] {dag.py:4138} INFO - Setting next_dagrun for example_bash_decorator to None, run_after=None
[2024-08-25T00:33:35.571+0000] {processor.py:208} INFO - Processing /home/airflow/.local/lib/python3.12/site-packages/airflow/example_dags/example_bash_decorator.py took 1.138 seconds
[2024-08-25T00:34:19.458+0000] {processor.py:186} INFO - Started process (PID=821) to work on /home/airflow/.local/lib/python3.12/site-packages/airflow/example_dags/example_bash_decorator.py
[2024-08-25T00:34:19.462+0000] {processor.py:914} INFO - Processing file /home/airflow/.local/lib/python3.12/site-packages/airflow/example_dags/example_bash_decorator.py for tasks to queue
[2024-08-25T00:34:19.470+0000] {logging_mixin.py:190} INFO - [2024-08-25T00:34:19.469+0000] {dagbag.py:587} INFO - Filling up the DagBag from /home/airflow/.local/lib/python3.12/site-packages/airflow/example_dags/example_bash_decorator.py
[2024-08-25T00:34:19.540+0000] {processor.py:925} INFO - DAG(s) 'example_bash_decorator' retrieved from /home/airflow/.local/lib/python3.12/site-packages/airflow/example_dags/example_bash_decorator.py
[2024-08-25T00:34:19.634+0000] {logging_mixin.py:190} INFO - [2024-08-25T00:34:19.633+0000] {dag.py:3211} INFO - Sync 1 DAGs
[2024-08-25T00:34:19.685+0000] {logging_mixin.py:190} INFO - [2024-08-25T00:34:19.684+0000] {dag.py:4138} INFO - Setting next_dagrun for example_bash_decorator to None, run_after=None
[2024-08-25T00:34:19.741+0000] {processor.py:208} INFO - Processing /home/airflow/.local/lib/python3.12/site-packages/airflow/example_dags/example_bash_decorator.py took 0.311 seconds
[2024-08-25T00:34:51.711+0000] {processor.py:186} INFO - Started process (PID=884) to work on /home/airflow/.local/lib/python3.12/site-packages/airflow/example_dags/example_bash_decorator.py
[2024-08-25T00:34:51.713+0000] {processor.py:914} INFO - Processing file /home/airflow/.local/lib/python3.12/site-packages/airflow/example_dags/example_bash_decorator.py for tasks to queue
[2024-08-25T00:34:51.719+0000] {logging_mixin.py:190} INFO - [2024-08-25T00:34:51.718+0000] {dagbag.py:587} INFO - Filling up the DagBag from /home/airflow/.local/lib/python3.12/site-packages/airflow/example_dags/example_bash_decorator.py
[2024-08-25T00:34:51.783+0000] {processor.py:925} INFO - DAG(s) 'example_bash_decorator' retrieved from /home/airflow/.local/lib/python3.12/site-packages/airflow/example_dags/example_bash_decorator.py
[2024-08-25T00:34:51.862+0000] {logging_mixin.py:190} INFO - [2024-08-25T00:34:51.861+0000] {dag.py:3211} INFO - Sync 1 DAGs
[2024-08-25T00:34:51.917+0000] {logging_mixin.py:190} INFO - [2024-08-25T00:34:51.917+0000] {dag.py:4138} INFO - Setting next_dagrun for example_bash_decorator to None, run_after=None
[2024-08-25T00:34:51.969+0000] {processor.py:208} INFO - Processing /home/airflow/.local/lib/python3.12/site-packages/airflow/example_dags/example_bash_decorator.py took 0.281 seconds
[2024-08-25T00:35:24.601+0000] {processor.py:186} INFO - Started process (PID=946) to work on /home/airflow/.local/lib/python3.12/site-packages/airflow/example_dags/example_bash_decorator.py
[2024-08-25T00:35:24.603+0000] {processor.py:914} INFO - Processing file /home/airflow/.local/lib/python3.12/site-packages/airflow/example_dags/example_bash_decorator.py for tasks to queue
[2024-08-25T00:35:24.622+0000] {logging_mixin.py:190} INFO - [2024-08-25T00:35:24.612+0000] {dagbag.py:587} INFO - Filling up the DagBag from /home/airflow/.local/lib/python3.12/site-packages/airflow/example_dags/example_bash_decorator.py
[2024-08-25T00:35:24.754+0000] {processor.py:925} INFO - DAG(s) 'example_bash_decorator' retrieved from /home/airflow/.local/lib/python3.12/site-packages/airflow/example_dags/example_bash_decorator.py
[2024-08-25T00:35:24.951+0000] {logging_mixin.py:190} INFO - [2024-08-25T00:35:24.951+0000] {dag.py:3211} INFO - Sync 1 DAGs
[2024-08-25T00:35:25.039+0000] {logging_mixin.py:190} INFO - [2024-08-25T00:35:25.038+0000] {dag.py:4138} INFO - Setting next_dagrun for example_bash_decorator to None, run_after=None
[2024-08-25T00:35:25.132+0000] {processor.py:208} INFO - Processing /home/airflow/.local/lib/python3.12/site-packages/airflow/example_dags/example_bash_decorator.py took 0.564 seconds
[2024-08-25T00:36:02.571+0000] {processor.py:186} INFO - Started process (PID=1009) to work on /home/airflow/.local/lib/python3.12/site-packages/airflow/example_dags/example_bash_decorator.py
[2024-08-25T00:36:02.580+0000] {processor.py:914} INFO - Processing file /home/airflow/.local/lib/python3.12/site-packages/airflow/example_dags/example_bash_decorator.py for tasks to queue
[2024-08-25T00:36:02.603+0000] {logging_mixin.py:190} INFO - [2024-08-25T00:36:02.602+0000] {dagbag.py:587} INFO - Filling up the DagBag from /home/airflow/.local/lib/python3.12/site-packages/airflow/example_dags/example_bash_decorator.py
[2024-08-25T00:36:02.840+0000] {processor.py:925} INFO - DAG(s) 'example_bash_decorator' retrieved from /home/airflow/.local/lib/python3.12/site-packages/airflow/example_dags/example_bash_decorator.py
[2024-08-25T00:36:03.242+0000] {logging_mixin.py:190} INFO - [2024-08-25T00:36:03.242+0000] {dag.py:3211} INFO - Sync 1 DAGs
[2024-08-25T00:36:03.485+0000] {logging_mixin.py:190} INFO - [2024-08-25T00:36:03.484+0000] {dag.py:4138} INFO - Setting next_dagrun for example_bash_decorator to None, run_after=None
[2024-08-25T00:36:03.761+0000] {processor.py:208} INFO - Processing /home/airflow/.local/lib/python3.12/site-packages/airflow/example_dags/example_bash_decorator.py took 1.234 seconds
[2024-08-25T00:36:34.845+0000] {processor.py:186} INFO - Started process (PID=1072) to work on /home/airflow/.local/lib/python3.12/site-packages/airflow/example_dags/example_bash_decorator.py
[2024-08-25T00:36:34.860+0000] {processor.py:914} INFO - Processing file /home/airflow/.local/lib/python3.12/site-packages/airflow/example_dags/example_bash_decorator.py for tasks to queue
[2024-08-25T00:36:34.878+0000] {logging_mixin.py:190} INFO - [2024-08-25T00:36:34.877+0000] {dagbag.py:587} INFO - Filling up the DagBag from /home/airflow/.local/lib/python3.12/site-packages/airflow/example_dags/example_bash_decorator.py
[2024-08-25T00:36:35.112+0000] {processor.py:925} INFO - DAG(s) 'example_bash_decorator' retrieved from /home/airflow/.local/lib/python3.12/site-packages/airflow/example_dags/example_bash_decorator.py
[2024-08-25T00:36:35.497+0000] {logging_mixin.py:190} INFO - [2024-08-25T00:36:35.497+0000] {dag.py:3211} INFO - Sync 1 DAGs
[2024-08-25T00:36:35.627+0000] {logging_mixin.py:190} INFO - [2024-08-25T00:36:35.627+0000] {dag.py:4138} INFO - Setting next_dagrun for example_bash_decorator to None, run_after=None
[2024-08-25T00:36:35.789+0000] {processor.py:208} INFO - Processing /home/airflow/.local/lib/python3.12/site-packages/airflow/example_dags/example_bash_decorator.py took 1.021 seconds
[2024-08-25T00:37:06.594+0000] {processor.py:186} INFO - Started process (PID=1136) to work on /home/airflow/.local/lib/python3.12/site-packages/airflow/example_dags/example_bash_decorator.py
[2024-08-25T00:37:06.622+0000] {processor.py:914} INFO - Processing file /home/airflow/.local/lib/python3.12/site-packages/airflow/example_dags/example_bash_decorator.py for tasks to queue
[2024-08-25T00:37:06.640+0000] {logging_mixin.py:190} INFO - [2024-08-25T00:37:06.639+0000] {dagbag.py:587} INFO - Filling up the DagBag from /home/airflow/.local/lib/python3.12/site-packages/airflow/example_dags/example_bash_decorator.py
[2024-08-25T00:37:06.810+0000] {processor.py:925} INFO - DAG(s) 'example_bash_decorator' retrieved from /home/airflow/.local/lib/python3.12/site-packages/airflow/example_dags/example_bash_decorator.py
[2024-08-25T00:37:07.169+0000] {logging_mixin.py:190} INFO - [2024-08-25T00:37:07.168+0000] {dag.py:3211} INFO - Sync 1 DAGs
[2024-08-25T00:37:07.268+0000] {logging_mixin.py:190} INFO - [2024-08-25T00:37:07.267+0000] {dag.py:4138} INFO - Setting next_dagrun for example_bash_decorator to None, run_after=None
[2024-08-25T00:37:07.362+0000] {processor.py:208} INFO - Processing /home/airflow/.local/lib/python3.12/site-packages/airflow/example_dags/example_bash_decorator.py took 0.814 seconds
[2024-08-25T00:37:37.884+0000] {processor.py:186} INFO - Started process (PID=1204) to work on /home/airflow/.local/lib/python3.12/site-packages/airflow/example_dags/example_bash_decorator.py
[2024-08-25T00:37:37.910+0000] {processor.py:914} INFO - Processing file /home/airflow/.local/lib/python3.12/site-packages/airflow/example_dags/example_bash_decorator.py for tasks to queue
[2024-08-25T00:37:37.914+0000] {logging_mixin.py:190} INFO - [2024-08-25T00:37:37.913+0000] {dagbag.py:587} INFO - Filling up the DagBag from /home/airflow/.local/lib/python3.12/site-packages/airflow/example_dags/example_bash_decorator.py
[2024-08-25T00:37:38.041+0000] {processor.py:925} INFO - DAG(s) 'example_bash_decorator' retrieved from /home/airflow/.local/lib/python3.12/site-packages/airflow/example_dags/example_bash_decorator.py
[2024-08-25T00:37:38.182+0000] {logging_mixin.py:190} INFO - [2024-08-25T00:37:38.181+0000] {dag.py:3211} INFO - Sync 1 DAGs
[2024-08-25T00:37:38.242+0000] {logging_mixin.py:190} INFO - [2024-08-25T00:37:38.241+0000] {dag.py:4138} INFO - Setting next_dagrun for example_bash_decorator to None, run_after=None
[2024-08-25T00:37:38.332+0000] {processor.py:208} INFO - Processing /home/airflow/.local/lib/python3.12/site-packages/airflow/example_dags/example_bash_decorator.py took 0.476 seconds
[2024-08-25T00:38:09.261+0000] {processor.py:186} INFO - Started process (PID=1266) to work on /home/airflow/.local/lib/python3.12/site-packages/airflow/example_dags/example_bash_decorator.py
[2024-08-25T00:38:09.274+0000] {processor.py:914} INFO - Processing file /home/airflow/.local/lib/python3.12/site-packages/airflow/example_dags/example_bash_decorator.py for tasks to queue
[2024-08-25T00:38:09.288+0000] {logging_mixin.py:190} INFO - [2024-08-25T00:38:09.277+0000] {dagbag.py:587} INFO - Filling up the DagBag from /home/airflow/.local/lib/python3.12/site-packages/airflow/example_dags/example_bash_decorator.py
[2024-08-25T00:38:09.403+0000] {processor.py:925} INFO - DAG(s) 'example_bash_decorator' retrieved from /home/airflow/.local/lib/python3.12/site-packages/airflow/example_dags/example_bash_decorator.py
[2024-08-25T00:38:09.500+0000] {logging_mixin.py:190} INFO - [2024-08-25T00:38:09.500+0000] {dag.py:3211} INFO - Sync 1 DAGs
[2024-08-25T00:38:09.587+0000] {logging_mixin.py:190} INFO - [2024-08-25T00:38:09.586+0000] {dag.py:4138} INFO - Setting next_dagrun for example_bash_decorator to None, run_after=None
[2024-08-25T00:38:09.654+0000] {processor.py:208} INFO - Processing /home/airflow/.local/lib/python3.12/site-packages/airflow/example_dags/example_bash_decorator.py took 0.446 seconds
[2024-08-25T00:38:42.141+0000] {processor.py:186} INFO - Started process (PID=1329) to work on /home/airflow/.local/lib/python3.12/site-packages/airflow/example_dags/example_bash_decorator.py
[2024-08-25T00:38:42.144+0000] {processor.py:914} INFO - Processing file /home/airflow/.local/lib/python3.12/site-packages/airflow/example_dags/example_bash_decorator.py for tasks to queue
[2024-08-25T00:38:42.151+0000] {logging_mixin.py:190} INFO - [2024-08-25T00:38:42.150+0000] {dagbag.py:587} INFO - Filling up the DagBag from /home/airflow/.local/lib/python3.12/site-packages/airflow/example_dags/example_bash_decorator.py
[2024-08-25T00:38:42.219+0000] {processor.py:925} INFO - DAG(s) 'example_bash_decorator' retrieved from /home/airflow/.local/lib/python3.12/site-packages/airflow/example_dags/example_bash_decorator.py
[2024-08-25T00:38:42.339+0000] {logging_mixin.py:190} INFO - [2024-08-25T00:38:42.339+0000] {dag.py:3211} INFO - Sync 1 DAGs
[2024-08-25T00:38:42.408+0000] {logging_mixin.py:190} INFO - [2024-08-25T00:38:42.407+0000] {dag.py:4138} INFO - Setting next_dagrun for example_bash_decorator to None, run_after=None
[2024-08-25T00:38:42.507+0000] {processor.py:208} INFO - Processing /home/airflow/.local/lib/python3.12/site-packages/airflow/example_dags/example_bash_decorator.py took 0.385 seconds
[2024-08-25T00:39:14.302+0000] {processor.py:186} INFO - Started process (PID=1388) to work on /home/airflow/.local/lib/python3.12/site-packages/airflow/example_dags/example_bash_decorator.py
[2024-08-25T00:39:14.324+0000] {processor.py:914} INFO - Processing file /home/airflow/.local/lib/python3.12/site-packages/airflow/example_dags/example_bash_decorator.py for tasks to queue
[2024-08-25T00:39:14.340+0000] {logging_mixin.py:190} INFO - [2024-08-25T00:39:14.339+0000] {dagbag.py:587} INFO - Filling up the DagBag from /home/airflow/.local/lib/python3.12/site-packages/airflow/example_dags/example_bash_decorator.py
[2024-08-25T00:39:14.527+0000] {processor.py:925} INFO - DAG(s) 'example_bash_decorator' retrieved from /home/airflow/.local/lib/python3.12/site-packages/airflow/example_dags/example_bash_decorator.py
[2024-08-25T00:39:14.769+0000] {logging_mixin.py:190} INFO - [2024-08-25T00:39:14.768+0000] {dag.py:3211} INFO - Sync 1 DAGs
[2024-08-25T00:39:14.977+0000] {logging_mixin.py:190} INFO - [2024-08-25T00:39:14.976+0000] {dag.py:4138} INFO - Setting next_dagrun for example_bash_decorator to None, run_after=None
[2024-08-25T00:39:15.170+0000] {processor.py:208} INFO - Processing /home/airflow/.local/lib/python3.12/site-packages/airflow/example_dags/example_bash_decorator.py took 0.909 seconds
[2024-08-25T00:39:45.735+0000] {processor.py:186} INFO - Started process (PID=1450) to work on /home/airflow/.local/lib/python3.12/site-packages/airflow/example_dags/example_bash_decorator.py
[2024-08-25T00:39:45.737+0000] {processor.py:914} INFO - Processing file /home/airflow/.local/lib/python3.12/site-packages/airflow/example_dags/example_bash_decorator.py for tasks to queue
[2024-08-25T00:39:45.740+0000] {logging_mixin.py:190} INFO - [2024-08-25T00:39:45.739+0000] {dagbag.py:587} INFO - Filling up the DagBag from /home/airflow/.local/lib/python3.12/site-packages/airflow/example_dags/example_bash_decorator.py
[2024-08-25T00:39:45.790+0000] {processor.py:925} INFO - DAG(s) 'example_bash_decorator' retrieved from /home/airflow/.local/lib/python3.12/site-packages/airflow/example_dags/example_bash_decorator.py
[2024-08-25T00:39:45.863+0000] {logging_mixin.py:190} INFO - [2024-08-25T00:39:45.863+0000] {dag.py:3211} INFO - Sync 1 DAGs
[2024-08-25T00:39:45.903+0000] {logging_mixin.py:190} INFO - [2024-08-25T00:39:45.902+0000] {dag.py:4138} INFO - Setting next_dagrun for example_bash_decorator to None, run_after=None
[2024-08-25T00:39:45.950+0000] {processor.py:208} INFO - Processing /home/airflow/.local/lib/python3.12/site-packages/airflow/example_dags/example_bash_decorator.py took 0.234 seconds
[2024-08-25T00:40:16.859+0000] {processor.py:186} INFO - Started process (PID=1513) to work on /home/airflow/.local/lib/python3.12/site-packages/airflow/example_dags/example_bash_decorator.py
[2024-08-25T00:40:16.862+0000] {processor.py:914} INFO - Processing file /home/airflow/.local/lib/python3.12/site-packages/airflow/example_dags/example_bash_decorator.py for tasks to queue
[2024-08-25T00:40:16.875+0000] {logging_mixin.py:190} INFO - [2024-08-25T00:40:16.868+0000] {dagbag.py:587} INFO - Filling up the DagBag from /home/airflow/.local/lib/python3.12/site-packages/airflow/example_dags/example_bash_decorator.py
[2024-08-25T00:40:16.975+0000] {processor.py:925} INFO - DAG(s) 'example_bash_decorator' retrieved from /home/airflow/.local/lib/python3.12/site-packages/airflow/example_dags/example_bash_decorator.py
[2024-08-25T00:40:17.066+0000] {logging_mixin.py:190} INFO - [2024-08-25T00:40:17.066+0000] {dag.py:3211} INFO - Sync 1 DAGs
[2024-08-25T00:40:17.112+0000] {logging_mixin.py:190} INFO - [2024-08-25T00:40:17.111+0000] {dag.py:4138} INFO - Setting next_dagrun for example_bash_decorator to None, run_after=None
[2024-08-25T00:40:17.176+0000] {processor.py:208} INFO - Processing /home/airflow/.local/lib/python3.12/site-packages/airflow/example_dags/example_bash_decorator.py took 0.342 seconds
[2024-08-25T00:40:47.479+0000] {processor.py:186} INFO - Started process (PID=1575) to work on /home/airflow/.local/lib/python3.12/site-packages/airflow/example_dags/example_bash_decorator.py
[2024-08-25T00:40:47.481+0000] {processor.py:914} INFO - Processing file /home/airflow/.local/lib/python3.12/site-packages/airflow/example_dags/example_bash_decorator.py for tasks to queue
[2024-08-25T00:40:47.485+0000] {logging_mixin.py:190} INFO - [2024-08-25T00:40:47.484+0000] {dagbag.py:587} INFO - Filling up the DagBag from /home/airflow/.local/lib/python3.12/site-packages/airflow/example_dags/example_bash_decorator.py
[2024-08-25T00:40:47.534+0000] {processor.py:925} INFO - DAG(s) 'example_bash_decorator' retrieved from /home/airflow/.local/lib/python3.12/site-packages/airflow/example_dags/example_bash_decorator.py
[2024-08-25T00:40:47.597+0000] {logging_mixin.py:190} INFO - [2024-08-25T00:40:47.597+0000] {dag.py:3211} INFO - Sync 1 DAGs
[2024-08-25T00:40:47.635+0000] {logging_mixin.py:190} INFO - [2024-08-25T00:40:47.635+0000] {dag.py:4138} INFO - Setting next_dagrun for example_bash_decorator to None, run_after=None
[2024-08-25T00:40:47.680+0000] {processor.py:208} INFO - Processing /home/airflow/.local/lib/python3.12/site-packages/airflow/example_dags/example_bash_decorator.py took 0.217 seconds
[2024-08-25T00:41:23.043+0000] {processor.py:186} INFO - Started process (PID=1637) to work on /home/airflow/.local/lib/python3.12/site-packages/airflow/example_dags/example_bash_decorator.py
[2024-08-25T00:41:23.046+0000] {processor.py:914} INFO - Processing file /home/airflow/.local/lib/python3.12/site-packages/airflow/example_dags/example_bash_decorator.py for tasks to queue
[2024-08-25T00:41:23.050+0000] {logging_mixin.py:190} INFO - [2024-08-25T00:41:23.049+0000] {dagbag.py:587} INFO - Filling up the DagBag from /home/airflow/.local/lib/python3.12/site-packages/airflow/example_dags/example_bash_decorator.py
[2024-08-25T00:41:23.125+0000] {processor.py:925} INFO - DAG(s) 'example_bash_decorator' retrieved from /home/airflow/.local/lib/python3.12/site-packages/airflow/example_dags/example_bash_decorator.py
[2024-08-25T00:41:23.408+0000] {logging_mixin.py:190} INFO - [2024-08-25T00:41:23.408+0000] {dag.py:3211} INFO - Sync 1 DAGs
[2024-08-25T00:41:23.595+0000] {logging_mixin.py:190} INFO - [2024-08-25T00:41:23.594+0000] {dag.py:4138} INFO - Setting next_dagrun for example_bash_decorator to None, run_after=None
[2024-08-25T00:41:23.696+0000] {processor.py:208} INFO - Processing /home/airflow/.local/lib/python3.12/site-packages/airflow/example_dags/example_bash_decorator.py took 0.682 seconds
