[2024-08-25T00:00:17.339+0000] {processor.py:186} INFO - Started process (PID=38546) to work on /home/airflow/.local/lib/python3.12/site-packages/airflow/example_dags/example_workday_timetable.py
[2024-08-25T00:00:17.341+0000] {processor.py:914} INFO - Processing file /home/airflow/.local/lib/python3.12/site-packages/airflow/example_dags/example_workday_timetable.py for tasks to queue
[2024-08-25T00:00:17.347+0000] {logging_mixin.py:190} INFO - [2024-08-25T00:00:17.346+0000] {dagbag.py:587} INFO - Filling up the DagBag from /home/airflow/.local/lib/python3.12/site-packages/airflow/example_dags/example_workday_timetable.py
[2024-08-25T00:00:17.360+0000] {processor.py:925} INFO - DAG(s) 'example_workday_timetable' retrieved from /home/airflow/.local/lib/python3.12/site-packages/airflow/example_dags/example_workday_timetable.py
[2024-08-25T00:00:17.413+0000] {logging_mixin.py:190} INFO - [2024-08-25T00:00:17.412+0000] {dag.py:3211} INFO - Sync 1 DAGs
[2024-08-25T00:00:17.636+0000] {logging_mixin.py:190} INFO - [2024-08-25T00:00:17.636+0000] {dag.py:4138} INFO - Setting next_dagrun for example_workday_timetable to 2021-01-04 00:00:00+00:00, run_after=2021-01-05 00:00:00+00:00
[2024-08-25T00:00:17.681+0000] {processor.py:208} INFO - Processing /home/airflow/.local/lib/python3.12/site-packages/airflow/example_dags/example_workday_timetable.py took 0.359 seconds
[2024-08-25T00:06:07.233+0000] {processor.py:186} INFO - Started process (PID=126) to work on /home/airflow/.local/lib/python3.12/site-packages/airflow/example_dags/example_workday_timetable.py
[2024-08-25T00:06:07.237+0000] {processor.py:914} INFO - Processing file /home/airflow/.local/lib/python3.12/site-packages/airflow/example_dags/example_workday_timetable.py for tasks to queue
[2024-08-25T00:06:07.246+0000] {logging_mixin.py:190} INFO - [2024-08-25T00:06:07.244+0000] {dagbag.py:587} INFO - Filling up the DagBag from /home/airflow/.local/lib/python3.12/site-packages/airflow/example_dags/example_workday_timetable.py
[2024-08-25T00:06:07.267+0000] {processor.py:925} INFO - DAG(s) 'example_workday_timetable' retrieved from /home/airflow/.local/lib/python3.12/site-packages/airflow/example_dags/example_workday_timetable.py
[2024-08-25T00:06:07.368+0000] {logging_mixin.py:190} INFO - [2024-08-25T00:06:07.367+0000] {dag.py:3211} INFO - Sync 1 DAGs
[2024-08-25T00:06:07.702+0000] {logging_mixin.py:190} INFO - [2024-08-25T00:06:07.701+0000] {dag.py:4138} INFO - Setting next_dagrun for example_workday_timetable to 2021-01-04 00:00:00+00:00, run_after=2021-01-05 00:00:00+00:00
[2024-08-25T00:06:07.820+0000] {processor.py:208} INFO - Processing /home/airflow/.local/lib/python3.12/site-packages/airflow/example_dags/example_workday_timetable.py took 0.624 seconds
[2024-08-25T00:07:01.386+0000] {processor.py:186} INFO - Started process (PID=196) to work on /home/airflow/.local/lib/python3.12/site-packages/airflow/example_dags/example_workday_timetable.py
[2024-08-25T00:07:01.390+0000] {processor.py:914} INFO - Processing file /home/airflow/.local/lib/python3.12/site-packages/airflow/example_dags/example_workday_timetable.py for tasks to queue
[2024-08-25T00:07:01.408+0000] {logging_mixin.py:190} INFO - [2024-08-25T00:07:01.408+0000] {dagbag.py:587} INFO - Filling up the DagBag from /home/airflow/.local/lib/python3.12/site-packages/airflow/example_dags/example_workday_timetable.py
[2024-08-25T00:07:01.465+0000] {processor.py:925} INFO - DAG(s) 'example_workday_timetable' retrieved from /home/airflow/.local/lib/python3.12/site-packages/airflow/example_dags/example_workday_timetable.py
[2024-08-25T00:07:01.647+0000] {logging_mixin.py:190} INFO - [2024-08-25T00:07:01.646+0000] {dag.py:3211} INFO - Sync 1 DAGs
[2024-08-25T00:07:02.597+0000] {logging_mixin.py:190} INFO - [2024-08-25T00:07:02.596+0000] {dag.py:4138} INFO - Setting next_dagrun for example_workday_timetable to 2021-01-04 00:00:00+00:00, run_after=2021-01-05 00:00:00+00:00
[2024-08-25T00:07:02.809+0000] {processor.py:208} INFO - Processing /home/airflow/.local/lib/python3.12/site-packages/airflow/example_dags/example_workday_timetable.py took 1.496 seconds
[2024-08-25T00:07:33.093+0000] {processor.py:186} INFO - Started process (PID=259) to work on /home/airflow/.local/lib/python3.12/site-packages/airflow/example_dags/example_workday_timetable.py
[2024-08-25T00:07:33.099+0000] {processor.py:914} INFO - Processing file /home/airflow/.local/lib/python3.12/site-packages/airflow/example_dags/example_workday_timetable.py for tasks to queue
[2024-08-25T00:07:33.106+0000] {logging_mixin.py:190} INFO - [2024-08-25T00:07:33.105+0000] {dagbag.py:587} INFO - Filling up the DagBag from /home/airflow/.local/lib/python3.12/site-packages/airflow/example_dags/example_workday_timetable.py
[2024-08-25T00:07:33.124+0000] {processor.py:925} INFO - DAG(s) 'example_workday_timetable' retrieved from /home/airflow/.local/lib/python3.12/site-packages/airflow/example_dags/example_workday_timetable.py
[2024-08-25T00:07:33.176+0000] {logging_mixin.py:190} INFO - [2024-08-25T00:07:33.175+0000] {dag.py:3211} INFO - Sync 1 DAGs
[2024-08-25T00:07:33.410+0000] {logging_mixin.py:190} INFO - [2024-08-25T00:07:33.410+0000] {dag.py:4138} INFO - Setting next_dagrun for example_workday_timetable to 2021-01-04 00:00:00+00:00, run_after=2021-01-05 00:00:00+00:00
[2024-08-25T00:07:33.459+0000] {processor.py:208} INFO - Processing /home/airflow/.local/lib/python3.12/site-packages/airflow/example_dags/example_workday_timetable.py took 0.384 seconds
[2024-08-25T00:08:08.941+0000] {processor.py:186} INFO - Started process (PID=321) to work on /home/airflow/.local/lib/python3.12/site-packages/airflow/example_dags/example_workday_timetable.py
[2024-08-25T00:08:08.952+0000] {processor.py:914} INFO - Processing file /home/airflow/.local/lib/python3.12/site-packages/airflow/example_dags/example_workday_timetable.py for tasks to queue
[2024-08-25T00:08:08.959+0000] {logging_mixin.py:190} INFO - [2024-08-25T00:08:08.958+0000] {dagbag.py:587} INFO - Filling up the DagBag from /home/airflow/.local/lib/python3.12/site-packages/airflow/example_dags/example_workday_timetable.py
[2024-08-25T00:08:09.007+0000] {processor.py:925} INFO - DAG(s) 'example_workday_timetable' retrieved from /home/airflow/.local/lib/python3.12/site-packages/airflow/example_dags/example_workday_timetable.py
[2024-08-25T00:08:09.136+0000] {logging_mixin.py:190} INFO - [2024-08-25T00:08:09.135+0000] {dag.py:3211} INFO - Sync 1 DAGs
[2024-08-25T00:08:09.815+0000] {logging_mixin.py:190} INFO - [2024-08-25T00:08:09.812+0000] {dag.py:4138} INFO - Setting next_dagrun for example_workday_timetable to 2021-01-04 00:00:00+00:00, run_after=2021-01-05 00:00:00+00:00
[2024-08-25T00:08:09.948+0000] {processor.py:208} INFO - Processing /home/airflow/.local/lib/python3.12/site-packages/airflow/example_dags/example_workday_timetable.py took 1.030 seconds
[2024-08-25T00:08:40.810+0000] {processor.py:186} INFO - Started process (PID=384) to work on /home/airflow/.local/lib/python3.12/site-packages/airflow/example_dags/example_workday_timetable.py
[2024-08-25T00:08:41.200+0000] {processor.py:914} INFO - Processing file /home/airflow/.local/lib/python3.12/site-packages/airflow/example_dags/example_workday_timetable.py for tasks to queue
[2024-08-25T00:08:41.248+0000] {logging_mixin.py:190} INFO - [2024-08-25T00:08:41.248+0000] {dagbag.py:587} INFO - Filling up the DagBag from /home/airflow/.local/lib/python3.12/site-packages/airflow/example_dags/example_workday_timetable.py
[2024-08-25T00:08:41.355+0000] {processor.py:925} INFO - DAG(s) 'example_workday_timetable' retrieved from /home/airflow/.local/lib/python3.12/site-packages/airflow/example_dags/example_workday_timetable.py
[2024-08-25T00:08:41.511+0000] {logging_mixin.py:190} INFO - [2024-08-25T00:08:41.497+0000] {dag.py:3211} INFO - Sync 1 DAGs
[2024-08-25T00:08:42.248+0000] {logging_mixin.py:190} INFO - [2024-08-25T00:08:42.247+0000] {dag.py:4138} INFO - Setting next_dagrun for example_workday_timetable to 2021-01-04 00:00:00+00:00, run_after=2021-01-05 00:00:00+00:00
[2024-08-25T00:08:42.383+0000] {processor.py:208} INFO - Processing /home/airflow/.local/lib/python3.12/site-packages/airflow/example_dags/example_workday_timetable.py took 1.624 seconds
[2024-08-25T00:09:12.845+0000] {processor.py:186} INFO - Started process (PID=446) to work on /home/airflow/.local/lib/python3.12/site-packages/airflow/example_dags/example_workday_timetable.py
[2024-08-25T00:09:12.848+0000] {processor.py:914} INFO - Processing file /home/airflow/.local/lib/python3.12/site-packages/airflow/example_dags/example_workday_timetable.py for tasks to queue
[2024-08-25T00:09:12.856+0000] {logging_mixin.py:190} INFO - [2024-08-25T00:09:12.855+0000] {dagbag.py:587} INFO - Filling up the DagBag from /home/airflow/.local/lib/python3.12/site-packages/airflow/example_dags/example_workday_timetable.py
[2024-08-25T00:09:12.888+0000] {processor.py:925} INFO - DAG(s) 'example_workday_timetable' retrieved from /home/airflow/.local/lib/python3.12/site-packages/airflow/example_dags/example_workday_timetable.py
[2024-08-25T00:09:13.014+0000] {logging_mixin.py:190} INFO - [2024-08-25T00:09:13.012+0000] {dag.py:3211} INFO - Sync 1 DAGs
[2024-08-25T00:09:13.399+0000] {logging_mixin.py:190} INFO - [2024-08-25T00:09:13.398+0000] {dag.py:4138} INFO - Setting next_dagrun for example_workday_timetable to 2021-01-04 00:00:00+00:00, run_after=2021-01-05 00:00:00+00:00
[2024-08-25T00:09:13.445+0000] {processor.py:208} INFO - Processing /home/airflow/.local/lib/python3.12/site-packages/airflow/example_dags/example_workday_timetable.py took 0.625 seconds
[2024-08-25T00:09:43.617+0000] {processor.py:186} INFO - Started process (PID=510) to work on /home/airflow/.local/lib/python3.12/site-packages/airflow/example_dags/example_workday_timetable.py
[2024-08-25T00:09:43.619+0000] {processor.py:914} INFO - Processing file /home/airflow/.local/lib/python3.12/site-packages/airflow/example_dags/example_workday_timetable.py for tasks to queue
[2024-08-25T00:09:43.631+0000] {logging_mixin.py:190} INFO - [2024-08-25T00:09:43.630+0000] {dagbag.py:587} INFO - Filling up the DagBag from /home/airflow/.local/lib/python3.12/site-packages/airflow/example_dags/example_workday_timetable.py
[2024-08-25T00:09:43.649+0000] {processor.py:925} INFO - DAG(s) 'example_workday_timetable' retrieved from /home/airflow/.local/lib/python3.12/site-packages/airflow/example_dags/example_workday_timetable.py
[2024-08-25T00:09:43.707+0000] {logging_mixin.py:190} INFO - [2024-08-25T00:09:43.705+0000] {dag.py:3211} INFO - Sync 1 DAGs
[2024-08-25T00:09:43.911+0000] {logging_mixin.py:190} INFO - [2024-08-25T00:09:43.910+0000] {dag.py:4138} INFO - Setting next_dagrun for example_workday_timetable to 2021-01-04 00:00:00+00:00, run_after=2021-01-05 00:00:00+00:00
[2024-08-25T00:09:43.963+0000] {processor.py:208} INFO - Processing /home/airflow/.local/lib/python3.12/site-packages/airflow/example_dags/example_workday_timetable.py took 0.365 seconds
[2024-08-25T00:10:14.231+0000] {processor.py:186} INFO - Started process (PID=573) to work on /home/airflow/.local/lib/python3.12/site-packages/airflow/example_dags/example_workday_timetable.py
[2024-08-25T00:10:14.234+0000] {processor.py:914} INFO - Processing file /home/airflow/.local/lib/python3.12/site-packages/airflow/example_dags/example_workday_timetable.py for tasks to queue
[2024-08-25T00:10:14.246+0000] {logging_mixin.py:190} INFO - [2024-08-25T00:10:14.245+0000] {dagbag.py:587} INFO - Filling up the DagBag from /home/airflow/.local/lib/python3.12/site-packages/airflow/example_dags/example_workday_timetable.py
[2024-08-25T00:10:14.262+0000] {processor.py:925} INFO - DAG(s) 'example_workday_timetable' retrieved from /home/airflow/.local/lib/python3.12/site-packages/airflow/example_dags/example_workday_timetable.py
[2024-08-25T00:10:14.325+0000] {logging_mixin.py:190} INFO - [2024-08-25T00:10:14.323+0000] {dag.py:3211} INFO - Sync 1 DAGs
[2024-08-25T00:10:14.575+0000] {logging_mixin.py:190} INFO - [2024-08-25T00:10:14.575+0000] {dag.py:4138} INFO - Setting next_dagrun for example_workday_timetable to 2021-01-04 00:00:00+00:00, run_after=2021-01-05 00:00:00+00:00
[2024-08-25T00:10:14.611+0000] {processor.py:208} INFO - Processing /home/airflow/.local/lib/python3.12/site-packages/airflow/example_dags/example_workday_timetable.py took 0.396 seconds
[2024-08-25T00:10:46.142+0000] {processor.py:186} INFO - Started process (PID=636) to work on /home/airflow/.local/lib/python3.12/site-packages/airflow/example_dags/example_workday_timetable.py
[2024-08-25T00:10:46.145+0000] {processor.py:914} INFO - Processing file /home/airflow/.local/lib/python3.12/site-packages/airflow/example_dags/example_workday_timetable.py for tasks to queue
[2024-08-25T00:10:46.169+0000] {logging_mixin.py:190} INFO - [2024-08-25T00:10:46.168+0000] {dagbag.py:587} INFO - Filling up the DagBag from /home/airflow/.local/lib/python3.12/site-packages/airflow/example_dags/example_workday_timetable.py
[2024-08-25T00:10:46.194+0000] {processor.py:925} INFO - DAG(s) 'example_workday_timetable' retrieved from /home/airflow/.local/lib/python3.12/site-packages/airflow/example_dags/example_workday_timetable.py
[2024-08-25T00:10:46.265+0000] {logging_mixin.py:190} INFO - [2024-08-25T00:10:46.264+0000] {dag.py:3211} INFO - Sync 1 DAGs
[2024-08-25T00:10:46.528+0000] {logging_mixin.py:190} INFO - [2024-08-25T00:10:46.527+0000] {dag.py:4138} INFO - Setting next_dagrun for example_workday_timetable to 2021-01-04 00:00:00+00:00, run_after=2021-01-05 00:00:00+00:00
[2024-08-25T00:10:46.658+0000] {processor.py:208} INFO - Processing /home/airflow/.local/lib/python3.12/site-packages/airflow/example_dags/example_workday_timetable.py took 0.559 seconds
[2024-08-25T00:11:16.950+0000] {processor.py:186} INFO - Started process (PID=698) to work on /home/airflow/.local/lib/python3.12/site-packages/airflow/example_dags/example_workday_timetable.py
[2024-08-25T00:11:16.952+0000] {processor.py:914} INFO - Processing file /home/airflow/.local/lib/python3.12/site-packages/airflow/example_dags/example_workday_timetable.py for tasks to queue
[2024-08-25T00:11:16.958+0000] {logging_mixin.py:190} INFO - [2024-08-25T00:11:16.958+0000] {dagbag.py:587} INFO - Filling up the DagBag from /home/airflow/.local/lib/python3.12/site-packages/airflow/example_dags/example_workday_timetable.py
[2024-08-25T00:11:16.971+0000] {processor.py:925} INFO - DAG(s) 'example_workday_timetable' retrieved from /home/airflow/.local/lib/python3.12/site-packages/airflow/example_dags/example_workday_timetable.py
[2024-08-25T00:11:17.019+0000] {logging_mixin.py:190} INFO - [2024-08-25T00:11:17.018+0000] {dag.py:3211} INFO - Sync 1 DAGs
[2024-08-25T00:11:17.268+0000] {logging_mixin.py:190} INFO - [2024-08-25T00:11:17.267+0000] {dag.py:4138} INFO - Setting next_dagrun for example_workday_timetable to 2021-01-04 00:00:00+00:00, run_after=2021-01-05 00:00:00+00:00
[2024-08-25T00:11:17.324+0000] {processor.py:208} INFO - Processing /home/airflow/.local/lib/python3.12/site-packages/airflow/example_dags/example_workday_timetable.py took 0.391 seconds
[2024-08-25T00:11:56.994+0000] {processor.py:186} INFO - Started process (PID=764) to work on /home/airflow/.local/lib/python3.12/site-packages/airflow/example_dags/example_workday_timetable.py
[2024-08-25T00:11:57.043+0000] {processor.py:914} INFO - Processing file /home/airflow/.local/lib/python3.12/site-packages/airflow/example_dags/example_workday_timetable.py for tasks to queue
[2024-08-25T00:11:57.232+0000] {logging_mixin.py:190} INFO - [2024-08-25T00:11:57.225+0000] {dagbag.py:587} INFO - Filling up the DagBag from /home/airflow/.local/lib/python3.12/site-packages/airflow/example_dags/example_workday_timetable.py
[2024-08-25T00:11:57.664+0000] {processor.py:925} INFO - DAG(s) 'example_workday_timetable' retrieved from /home/airflow/.local/lib/python3.12/site-packages/airflow/example_dags/example_workday_timetable.py
[2024-08-25T00:11:58.017+0000] {logging_mixin.py:190} INFO - [2024-08-25T00:11:58.006+0000] {dag.py:3211} INFO - Sync 1 DAGs
[2024-08-25T00:11:58.743+0000] {logging_mixin.py:190} INFO - [2024-08-25T00:11:58.743+0000] {dag.py:4138} INFO - Setting next_dagrun for example_workday_timetable to 2021-01-04 00:00:00+00:00, run_after=2021-01-05 00:00:00+00:00
[2024-08-25T00:11:58.803+0000] {processor.py:208} INFO - Processing /home/airflow/.local/lib/python3.12/site-packages/airflow/example_dags/example_workday_timetable.py took 1.863 seconds
[2024-08-25T00:12:29.193+0000] {processor.py:186} INFO - Started process (PID=828) to work on /home/airflow/.local/lib/python3.12/site-packages/airflow/example_dags/example_workday_timetable.py
[2024-08-25T00:12:29.196+0000] {processor.py:914} INFO - Processing file /home/airflow/.local/lib/python3.12/site-packages/airflow/example_dags/example_workday_timetable.py for tasks to queue
[2024-08-25T00:12:29.201+0000] {logging_mixin.py:190} INFO - [2024-08-25T00:12:29.201+0000] {dagbag.py:587} INFO - Filling up the DagBag from /home/airflow/.local/lib/python3.12/site-packages/airflow/example_dags/example_workday_timetable.py
[2024-08-25T00:12:29.219+0000] {processor.py:925} INFO - DAG(s) 'example_workday_timetable' retrieved from /home/airflow/.local/lib/python3.12/site-packages/airflow/example_dags/example_workday_timetable.py
[2024-08-25T00:12:29.278+0000] {logging_mixin.py:190} INFO - [2024-08-25T00:12:29.277+0000] {dag.py:3211} INFO - Sync 1 DAGs
[2024-08-25T00:12:29.813+0000] {logging_mixin.py:190} INFO - [2024-08-25T00:12:29.812+0000] {dag.py:4138} INFO - Setting next_dagrun for example_workday_timetable to 2021-01-04 00:00:00+00:00, run_after=2021-01-05 00:00:00+00:00
[2024-08-25T00:12:29.991+0000] {processor.py:208} INFO - Processing /home/airflow/.local/lib/python3.12/site-packages/airflow/example_dags/example_workday_timetable.py took 0.821 seconds
[2024-08-25T00:13:00.770+0000] {processor.py:186} INFO - Started process (PID=892) to work on /home/airflow/.local/lib/python3.12/site-packages/airflow/example_dags/example_workday_timetable.py
[2024-08-25T00:13:00.774+0000] {processor.py:914} INFO - Processing file /home/airflow/.local/lib/python3.12/site-packages/airflow/example_dags/example_workday_timetable.py for tasks to queue
[2024-08-25T00:13:00.792+0000] {logging_mixin.py:190} INFO - [2024-08-25T00:13:00.791+0000] {dagbag.py:587} INFO - Filling up the DagBag from /home/airflow/.local/lib/python3.12/site-packages/airflow/example_dags/example_workday_timetable.py
[2024-08-25T00:13:00.808+0000] {processor.py:925} INFO - DAG(s) 'example_workday_timetable' retrieved from /home/airflow/.local/lib/python3.12/site-packages/airflow/example_dags/example_workday_timetable.py
[2024-08-25T00:13:00.876+0000] {logging_mixin.py:190} INFO - [2024-08-25T00:13:00.875+0000] {dag.py:3211} INFO - Sync 1 DAGs
[2024-08-25T00:13:01.110+0000] {logging_mixin.py:190} INFO - [2024-08-25T00:13:01.109+0000] {dag.py:4138} INFO - Setting next_dagrun for example_workday_timetable to 2021-01-04 00:00:00+00:00, run_after=2021-01-05 00:00:00+00:00
[2024-08-25T00:13:01.161+0000] {processor.py:208} INFO - Processing /home/airflow/.local/lib/python3.12/site-packages/airflow/example_dags/example_workday_timetable.py took 0.415 seconds
[2024-08-25T00:13:31.378+0000] {processor.py:186} INFO - Started process (PID=962) to work on /home/airflow/.local/lib/python3.12/site-packages/airflow/example_dags/example_workday_timetable.py
[2024-08-25T00:13:31.380+0000] {processor.py:914} INFO - Processing file /home/airflow/.local/lib/python3.12/site-packages/airflow/example_dags/example_workday_timetable.py for tasks to queue
[2024-08-25T00:13:31.386+0000] {logging_mixin.py:190} INFO - [2024-08-25T00:13:31.385+0000] {dagbag.py:587} INFO - Filling up the DagBag from /home/airflow/.local/lib/python3.12/site-packages/airflow/example_dags/example_workday_timetable.py
[2024-08-25T00:13:31.403+0000] {processor.py:925} INFO - DAG(s) 'example_workday_timetable' retrieved from /home/airflow/.local/lib/python3.12/site-packages/airflow/example_dags/example_workday_timetable.py
[2024-08-25T00:13:31.460+0000] {logging_mixin.py:190} INFO - [2024-08-25T00:13:31.459+0000] {dag.py:3211} INFO - Sync 1 DAGs
[2024-08-25T00:13:31.660+0000] {logging_mixin.py:190} INFO - [2024-08-25T00:13:31.659+0000] {dag.py:4138} INFO - Setting next_dagrun for example_workday_timetable to 2021-01-04 00:00:00+00:00, run_after=2021-01-05 00:00:00+00:00
[2024-08-25T00:13:31.697+0000] {processor.py:208} INFO - Processing /home/airflow/.local/lib/python3.12/site-packages/airflow/example_dags/example_workday_timetable.py took 0.344 seconds
[2024-08-25T00:14:01.839+0000] {processor.py:186} INFO - Started process (PID=1025) to work on /home/airflow/.local/lib/python3.12/site-packages/airflow/example_dags/example_workday_timetable.py
[2024-08-25T00:14:01.848+0000] {processor.py:914} INFO - Processing file /home/airflow/.local/lib/python3.12/site-packages/airflow/example_dags/example_workday_timetable.py for tasks to queue
[2024-08-25T00:14:01.865+0000] {logging_mixin.py:190} INFO - [2024-08-25T00:14:01.864+0000] {dagbag.py:587} INFO - Filling up the DagBag from /home/airflow/.local/lib/python3.12/site-packages/airflow/example_dags/example_workday_timetable.py
[2024-08-25T00:14:01.880+0000] {processor.py:925} INFO - DAG(s) 'example_workday_timetable' retrieved from /home/airflow/.local/lib/python3.12/site-packages/airflow/example_dags/example_workday_timetable.py
[2024-08-25T00:14:01.937+0000] {logging_mixin.py:190} INFO - [2024-08-25T00:14:01.935+0000] {dag.py:3211} INFO - Sync 1 DAGs
[2024-08-25T00:14:02.154+0000] {logging_mixin.py:190} INFO - [2024-08-25T00:14:02.154+0000] {dag.py:4138} INFO - Setting next_dagrun for example_workday_timetable to 2021-01-04 00:00:00+00:00, run_after=2021-01-05 00:00:00+00:00
[2024-08-25T00:14:02.196+0000] {processor.py:208} INFO - Processing /home/airflow/.local/lib/python3.12/site-packages/airflow/example_dags/example_workday_timetable.py took 0.394 seconds
[2024-08-25T00:14:32.303+0000] {processor.py:186} INFO - Started process (PID=1089) to work on /home/airflow/.local/lib/python3.12/site-packages/airflow/example_dags/example_workday_timetable.py
[2024-08-25T00:14:32.305+0000] {processor.py:914} INFO - Processing file /home/airflow/.local/lib/python3.12/site-packages/airflow/example_dags/example_workday_timetable.py for tasks to queue
[2024-08-25T00:14:32.313+0000] {logging_mixin.py:190} INFO - [2024-08-25T00:14:32.312+0000] {dagbag.py:587} INFO - Filling up the DagBag from /home/airflow/.local/lib/python3.12/site-packages/airflow/example_dags/example_workday_timetable.py
[2024-08-25T00:14:32.330+0000] {processor.py:925} INFO - DAG(s) 'example_workday_timetable' retrieved from /home/airflow/.local/lib/python3.12/site-packages/airflow/example_dags/example_workday_timetable.py
[2024-08-25T00:14:32.416+0000] {logging_mixin.py:190} INFO - [2024-08-25T00:14:32.413+0000] {dag.py:3211} INFO - Sync 1 DAGs
[2024-08-25T00:14:32.722+0000] {logging_mixin.py:190} INFO - [2024-08-25T00:14:32.721+0000] {dag.py:4138} INFO - Setting next_dagrun for example_workday_timetable to 2021-01-04 00:00:00+00:00, run_after=2021-01-05 00:00:00+00:00
[2024-08-25T00:14:32.788+0000] {processor.py:208} INFO - Processing /home/airflow/.local/lib/python3.12/site-packages/airflow/example_dags/example_workday_timetable.py took 0.505 seconds
[2024-08-25T00:15:04.161+0000] {processor.py:186} INFO - Started process (PID=1152) to work on /home/airflow/.local/lib/python3.12/site-packages/airflow/example_dags/example_workday_timetable.py
[2024-08-25T00:15:04.163+0000] {processor.py:914} INFO - Processing file /home/airflow/.local/lib/python3.12/site-packages/airflow/example_dags/example_workday_timetable.py for tasks to queue
[2024-08-25T00:15:04.176+0000] {logging_mixin.py:190} INFO - [2024-08-25T00:15:04.175+0000] {dagbag.py:587} INFO - Filling up the DagBag from /home/airflow/.local/lib/python3.12/site-packages/airflow/example_dags/example_workday_timetable.py
[2024-08-25T00:15:04.196+0000] {processor.py:925} INFO - DAG(s) 'example_workday_timetable' retrieved from /home/airflow/.local/lib/python3.12/site-packages/airflow/example_dags/example_workday_timetable.py
[2024-08-25T00:15:04.326+0000] {logging_mixin.py:190} INFO - [2024-08-25T00:15:04.324+0000] {dag.py:3211} INFO - Sync 1 DAGs
[2024-08-25T00:15:04.664+0000] {logging_mixin.py:190} INFO - [2024-08-25T00:15:04.663+0000] {dag.py:4138} INFO - Setting next_dagrun for example_workday_timetable to 2021-01-04 00:00:00+00:00, run_after=2021-01-05 00:00:00+00:00
[2024-08-25T00:15:04.745+0000] {processor.py:208} INFO - Processing /home/airflow/.local/lib/python3.12/site-packages/airflow/example_dags/example_workday_timetable.py took 0.605 seconds
[2024-08-25T00:15:35.380+0000] {processor.py:186} INFO - Started process (PID=1215) to work on /home/airflow/.local/lib/python3.12/site-packages/airflow/example_dags/example_workday_timetable.py
[2024-08-25T00:15:35.382+0000] {processor.py:914} INFO - Processing file /home/airflow/.local/lib/python3.12/site-packages/airflow/example_dags/example_workday_timetable.py for tasks to queue
[2024-08-25T00:15:35.390+0000] {logging_mixin.py:190} INFO - [2024-08-25T00:15:35.390+0000] {dagbag.py:587} INFO - Filling up the DagBag from /home/airflow/.local/lib/python3.12/site-packages/airflow/example_dags/example_workday_timetable.py
[2024-08-25T00:15:35.417+0000] {processor.py:925} INFO - DAG(s) 'example_workday_timetable' retrieved from /home/airflow/.local/lib/python3.12/site-packages/airflow/example_dags/example_workday_timetable.py
[2024-08-25T00:15:35.496+0000] {logging_mixin.py:190} INFO - [2024-08-25T00:15:35.495+0000] {dag.py:3211} INFO - Sync 1 DAGs
[2024-08-25T00:15:35.782+0000] {logging_mixin.py:190} INFO - [2024-08-25T00:15:35.781+0000] {dag.py:4138} INFO - Setting next_dagrun for example_workday_timetable to 2021-01-04 00:00:00+00:00, run_after=2021-01-05 00:00:00+00:00
[2024-08-25T00:15:35.854+0000] {processor.py:208} INFO - Processing /home/airflow/.local/lib/python3.12/site-packages/airflow/example_dags/example_workday_timetable.py took 0.500 seconds
[2024-08-25T00:16:07.496+0000] {processor.py:186} INFO - Started process (PID=1278) to work on /home/airflow/.local/lib/python3.12/site-packages/airflow/example_dags/example_workday_timetable.py
[2024-08-25T00:16:07.514+0000] {processor.py:914} INFO - Processing file /home/airflow/.local/lib/python3.12/site-packages/airflow/example_dags/example_workday_timetable.py for tasks to queue
[2024-08-25T00:16:07.565+0000] {logging_mixin.py:190} INFO - [2024-08-25T00:16:07.564+0000] {dagbag.py:587} INFO - Filling up the DagBag from /home/airflow/.local/lib/python3.12/site-packages/airflow/example_dags/example_workday_timetable.py
[2024-08-25T00:16:07.618+0000] {processor.py:925} INFO - DAG(s) 'example_workday_timetable' retrieved from /home/airflow/.local/lib/python3.12/site-packages/airflow/example_dags/example_workday_timetable.py
[2024-08-25T00:16:07.721+0000] {logging_mixin.py:190} INFO - [2024-08-25T00:16:07.719+0000] {dag.py:3211} INFO - Sync 1 DAGs
[2024-08-25T00:16:08.329+0000] {logging_mixin.py:190} INFO - [2024-08-25T00:16:08.328+0000] {dag.py:4138} INFO - Setting next_dagrun for example_workday_timetable to 2021-01-04 00:00:00+00:00, run_after=2021-01-05 00:00:00+00:00
[2024-08-25T00:16:08.426+0000] {processor.py:208} INFO - Processing /home/airflow/.local/lib/python3.12/site-packages/airflow/example_dags/example_workday_timetable.py took 0.984 seconds
[2024-08-25T00:16:38.841+0000] {processor.py:186} INFO - Started process (PID=1341) to work on /home/airflow/.local/lib/python3.12/site-packages/airflow/example_dags/example_workday_timetable.py
[2024-08-25T00:16:38.844+0000] {processor.py:914} INFO - Processing file /home/airflow/.local/lib/python3.12/site-packages/airflow/example_dags/example_workday_timetable.py for tasks to queue
[2024-08-25T00:16:38.851+0000] {logging_mixin.py:190} INFO - [2024-08-25T00:16:38.850+0000] {dagbag.py:587} INFO - Filling up the DagBag from /home/airflow/.local/lib/python3.12/site-packages/airflow/example_dags/example_workday_timetable.py
[2024-08-25T00:16:38.870+0000] {processor.py:925} INFO - DAG(s) 'example_workday_timetable' retrieved from /home/airflow/.local/lib/python3.12/site-packages/airflow/example_dags/example_workday_timetable.py
[2024-08-25T00:16:38.947+0000] {logging_mixin.py:190} INFO - [2024-08-25T00:16:38.946+0000] {dag.py:3211} INFO - Sync 1 DAGs
[2024-08-25T00:16:39.333+0000] {logging_mixin.py:190} INFO - [2024-08-25T00:16:39.326+0000] {dag.py:4138} INFO - Setting next_dagrun for example_workday_timetable to 2021-01-04 00:00:00+00:00, run_after=2021-01-05 00:00:00+00:00
[2024-08-25T00:16:39.498+0000] {processor.py:208} INFO - Processing /home/airflow/.local/lib/python3.12/site-packages/airflow/example_dags/example_workday_timetable.py took 0.673 seconds
[2024-08-25T00:17:10.350+0000] {processor.py:186} INFO - Started process (PID=1403) to work on /home/airflow/.local/lib/python3.12/site-packages/airflow/example_dags/example_workday_timetable.py
[2024-08-25T00:17:10.474+0000] {processor.py:914} INFO - Processing file /home/airflow/.local/lib/python3.12/site-packages/airflow/example_dags/example_workday_timetable.py for tasks to queue
[2024-08-25T00:17:10.554+0000] {logging_mixin.py:190} INFO - [2024-08-25T00:17:10.553+0000] {dagbag.py:587} INFO - Filling up the DagBag from /home/airflow/.local/lib/python3.12/site-packages/airflow/example_dags/example_workday_timetable.py
[2024-08-25T00:17:10.682+0000] {processor.py:925} INFO - DAG(s) 'example_workday_timetable' retrieved from /home/airflow/.local/lib/python3.12/site-packages/airflow/example_dags/example_workday_timetable.py
[2024-08-25T00:17:11.038+0000] {logging_mixin.py:190} INFO - [2024-08-25T00:17:11.037+0000] {dag.py:3211} INFO - Sync 1 DAGs
[2024-08-25T00:17:12.039+0000] {logging_mixin.py:190} INFO - [2024-08-25T00:17:12.039+0000] {dag.py:4138} INFO - Setting next_dagrun for example_workday_timetable to 2021-01-04 00:00:00+00:00, run_after=2021-01-05 00:00:00+00:00
[2024-08-25T00:17:12.306+0000] {processor.py:208} INFO - Processing /home/airflow/.local/lib/python3.12/site-packages/airflow/example_dags/example_workday_timetable.py took 2.022 seconds
[2024-08-25T00:17:43.155+0000] {processor.py:186} INFO - Started process (PID=1466) to work on /home/airflow/.local/lib/python3.12/site-packages/airflow/example_dags/example_workday_timetable.py
[2024-08-25T00:17:43.170+0000] {processor.py:914} INFO - Processing file /home/airflow/.local/lib/python3.12/site-packages/airflow/example_dags/example_workday_timetable.py for tasks to queue
[2024-08-25T00:17:43.184+0000] {logging_mixin.py:190} INFO - [2024-08-25T00:17:43.184+0000] {dagbag.py:587} INFO - Filling up the DagBag from /home/airflow/.local/lib/python3.12/site-packages/airflow/example_dags/example_workday_timetable.py
[2024-08-25T00:17:43.217+0000] {processor.py:925} INFO - DAG(s) 'example_workday_timetable' retrieved from /home/airflow/.local/lib/python3.12/site-packages/airflow/example_dags/example_workday_timetable.py
[2024-08-25T00:17:43.387+0000] {logging_mixin.py:190} INFO - [2024-08-25T00:17:43.386+0000] {dag.py:3211} INFO - Sync 1 DAGs
[2024-08-25T00:17:43.940+0000] {logging_mixin.py:190} INFO - [2024-08-25T00:17:43.939+0000] {dag.py:4138} INFO - Setting next_dagrun for example_workday_timetable to 2021-01-04 00:00:00+00:00, run_after=2021-01-05 00:00:00+00:00
[2024-08-25T00:17:44.019+0000] {processor.py:208} INFO - Processing /home/airflow/.local/lib/python3.12/site-packages/airflow/example_dags/example_workday_timetable.py took 0.916 seconds
[2024-08-25T00:18:14.740+0000] {processor.py:186} INFO - Started process (PID=1528) to work on /home/airflow/.local/lib/python3.12/site-packages/airflow/example_dags/example_workday_timetable.py
[2024-08-25T00:18:14.742+0000] {processor.py:914} INFO - Processing file /home/airflow/.local/lib/python3.12/site-packages/airflow/example_dags/example_workday_timetable.py for tasks to queue
[2024-08-25T00:18:14.747+0000] {logging_mixin.py:190} INFO - [2024-08-25T00:18:14.747+0000] {dagbag.py:587} INFO - Filling up the DagBag from /home/airflow/.local/lib/python3.12/site-packages/airflow/example_dags/example_workday_timetable.py
[2024-08-25T00:18:14.761+0000] {processor.py:925} INFO - DAG(s) 'example_workday_timetable' retrieved from /home/airflow/.local/lib/python3.12/site-packages/airflow/example_dags/example_workday_timetable.py
[2024-08-25T00:18:14.808+0000] {logging_mixin.py:190} INFO - [2024-08-25T00:18:14.807+0000] {dag.py:3211} INFO - Sync 1 DAGs
[2024-08-25T00:18:15.005+0000] {logging_mixin.py:190} INFO - [2024-08-25T00:18:15.004+0000] {dag.py:4138} INFO - Setting next_dagrun for example_workday_timetable to 2021-01-04 00:00:00+00:00, run_after=2021-01-05 00:00:00+00:00
[2024-08-25T00:18:15.100+0000] {processor.py:208} INFO - Processing /home/airflow/.local/lib/python3.12/site-packages/airflow/example_dags/example_workday_timetable.py took 0.376 seconds
[2024-08-25T00:18:45.658+0000] {processor.py:186} INFO - Started process (PID=1591) to work on /home/airflow/.local/lib/python3.12/site-packages/airflow/example_dags/example_workday_timetable.py
[2024-08-25T00:18:45.661+0000] {processor.py:914} INFO - Processing file /home/airflow/.local/lib/python3.12/site-packages/airflow/example_dags/example_workday_timetable.py for tasks to queue
[2024-08-25T00:18:45.669+0000] {logging_mixin.py:190} INFO - [2024-08-25T00:18:45.668+0000] {dagbag.py:587} INFO - Filling up the DagBag from /home/airflow/.local/lib/python3.12/site-packages/airflow/example_dags/example_workday_timetable.py
[2024-08-25T00:18:45.683+0000] {processor.py:925} INFO - DAG(s) 'example_workday_timetable' retrieved from /home/airflow/.local/lib/python3.12/site-packages/airflow/example_dags/example_workday_timetable.py
[2024-08-25T00:18:45.730+0000] {logging_mixin.py:190} INFO - [2024-08-25T00:18:45.729+0000] {dag.py:3211} INFO - Sync 1 DAGs
[2024-08-25T00:18:45.923+0000] {logging_mixin.py:190} INFO - [2024-08-25T00:18:45.922+0000] {dag.py:4138} INFO - Setting next_dagrun for example_workday_timetable to 2021-01-04 00:00:00+00:00, run_after=2021-01-05 00:00:00+00:00
[2024-08-25T00:18:45.972+0000] {processor.py:208} INFO - Processing /home/airflow/.local/lib/python3.12/site-packages/airflow/example_dags/example_workday_timetable.py took 0.332 seconds
[2024-08-25T00:19:17.023+0000] {processor.py:186} INFO - Started process (PID=1654) to work on /home/airflow/.local/lib/python3.12/site-packages/airflow/example_dags/example_workday_timetable.py
[2024-08-25T00:19:17.025+0000] {processor.py:914} INFO - Processing file /home/airflow/.local/lib/python3.12/site-packages/airflow/example_dags/example_workday_timetable.py for tasks to queue
[2024-08-25T00:19:17.032+0000] {logging_mixin.py:190} INFO - [2024-08-25T00:19:17.031+0000] {dagbag.py:587} INFO - Filling up the DagBag from /home/airflow/.local/lib/python3.12/site-packages/airflow/example_dags/example_workday_timetable.py
[2024-08-25T00:19:17.054+0000] {processor.py:925} INFO - DAG(s) 'example_workday_timetable' retrieved from /home/airflow/.local/lib/python3.12/site-packages/airflow/example_dags/example_workday_timetable.py
[2024-08-25T00:19:17.102+0000] {logging_mixin.py:190} INFO - [2024-08-25T00:19:17.101+0000] {dag.py:3211} INFO - Sync 1 DAGs
[2024-08-25T00:19:17.303+0000] {logging_mixin.py:190} INFO - [2024-08-25T00:19:17.302+0000] {dag.py:4138} INFO - Setting next_dagrun for example_workday_timetable to 2021-01-04 00:00:00+00:00, run_after=2021-01-05 00:00:00+00:00
[2024-08-25T00:19:17.343+0000] {processor.py:208} INFO - Processing /home/airflow/.local/lib/python3.12/site-packages/airflow/example_dags/example_workday_timetable.py took 0.340 seconds
[2024-08-25T00:19:48.012+0000] {processor.py:186} INFO - Started process (PID=1718) to work on /home/airflow/.local/lib/python3.12/site-packages/airflow/example_dags/example_workday_timetable.py
[2024-08-25T00:19:48.021+0000] {processor.py:914} INFO - Processing file /home/airflow/.local/lib/python3.12/site-packages/airflow/example_dags/example_workday_timetable.py for tasks to queue
[2024-08-25T00:19:48.030+0000] {logging_mixin.py:190} INFO - [2024-08-25T00:19:48.030+0000] {dagbag.py:587} INFO - Filling up the DagBag from /home/airflow/.local/lib/python3.12/site-packages/airflow/example_dags/example_workday_timetable.py
[2024-08-25T00:19:48.061+0000] {processor.py:925} INFO - DAG(s) 'example_workday_timetable' retrieved from /home/airflow/.local/lib/python3.12/site-packages/airflow/example_dags/example_workday_timetable.py
[2024-08-25T00:19:48.226+0000] {logging_mixin.py:190} INFO - [2024-08-25T00:19:48.224+0000] {dag.py:3211} INFO - Sync 1 DAGs
[2024-08-25T00:19:48.944+0000] {logging_mixin.py:190} INFO - [2024-08-25T00:19:48.943+0000] {dag.py:4138} INFO - Setting next_dagrun for example_workday_timetable to 2021-01-04 00:00:00+00:00, run_after=2021-01-05 00:00:00+00:00
[2024-08-25T00:19:49.152+0000] {processor.py:208} INFO - Processing /home/airflow/.local/lib/python3.12/site-packages/airflow/example_dags/example_workday_timetable.py took 1.182 seconds
[2024-08-25T00:20:19.960+0000] {processor.py:186} INFO - Started process (PID=1782) to work on /home/airflow/.local/lib/python3.12/site-packages/airflow/example_dags/example_workday_timetable.py
[2024-08-25T00:20:19.984+0000] {processor.py:914} INFO - Processing file /home/airflow/.local/lib/python3.12/site-packages/airflow/example_dags/example_workday_timetable.py for tasks to queue
[2024-08-25T00:20:20.000+0000] {logging_mixin.py:190} INFO - [2024-08-25T00:20:19.999+0000] {dagbag.py:587} INFO - Filling up the DagBag from /home/airflow/.local/lib/python3.12/site-packages/airflow/example_dags/example_workday_timetable.py
[2024-08-25T00:20:20.022+0000] {processor.py:925} INFO - DAG(s) 'example_workday_timetable' retrieved from /home/airflow/.local/lib/python3.12/site-packages/airflow/example_dags/example_workday_timetable.py
[2024-08-25T00:20:20.084+0000] {logging_mixin.py:190} INFO - [2024-08-25T00:20:20.083+0000] {dag.py:3211} INFO - Sync 1 DAGs
[2024-08-25T00:20:20.482+0000] {logging_mixin.py:190} INFO - [2024-08-25T00:20:20.482+0000] {dag.py:4138} INFO - Setting next_dagrun for example_workday_timetable to 2021-01-04 00:00:00+00:00, run_after=2021-01-05 00:00:00+00:00
[2024-08-25T00:20:20.523+0000] {processor.py:208} INFO - Processing /home/airflow/.local/lib/python3.12/site-packages/airflow/example_dags/example_workday_timetable.py took 0.595 seconds
[2024-08-25T00:20:50.666+0000] {processor.py:186} INFO - Started process (PID=1844) to work on /home/airflow/.local/lib/python3.12/site-packages/airflow/example_dags/example_workday_timetable.py
[2024-08-25T00:20:50.669+0000] {processor.py:914} INFO - Processing file /home/airflow/.local/lib/python3.12/site-packages/airflow/example_dags/example_workday_timetable.py for tasks to queue
[2024-08-25T00:20:50.673+0000] {logging_mixin.py:190} INFO - [2024-08-25T00:20:50.673+0000] {dagbag.py:587} INFO - Filling up the DagBag from /home/airflow/.local/lib/python3.12/site-packages/airflow/example_dags/example_workday_timetable.py
[2024-08-25T00:20:50.685+0000] {processor.py:925} INFO - DAG(s) 'example_workday_timetable' retrieved from /home/airflow/.local/lib/python3.12/site-packages/airflow/example_dags/example_workday_timetable.py
[2024-08-25T00:20:50.734+0000] {logging_mixin.py:190} INFO - [2024-08-25T00:20:50.733+0000] {dag.py:3211} INFO - Sync 1 DAGs
[2024-08-25T00:20:50.945+0000] {logging_mixin.py:190} INFO - [2024-08-25T00:20:50.944+0000] {dag.py:4138} INFO - Setting next_dagrun for example_workday_timetable to 2021-01-04 00:00:00+00:00, run_after=2021-01-05 00:00:00+00:00
[2024-08-25T00:20:50.989+0000] {processor.py:208} INFO - Processing /home/airflow/.local/lib/python3.12/site-packages/airflow/example_dags/example_workday_timetable.py took 0.338 seconds
[2024-08-25T00:27:10.269+0000] {processor.py:186} INFO - Started process (PID=138) to work on /home/airflow/.local/lib/python3.12/site-packages/airflow/example_dags/example_workday_timetable.py
[2024-08-25T00:27:10.273+0000] {processor.py:914} INFO - Processing file /home/airflow/.local/lib/python3.12/site-packages/airflow/example_dags/example_workday_timetable.py for tasks to queue
[2024-08-25T00:27:10.292+0000] {logging_mixin.py:190} INFO - [2024-08-25T00:27:10.292+0000] {dagbag.py:587} INFO - Filling up the DagBag from /home/airflow/.local/lib/python3.12/site-packages/airflow/example_dags/example_workday_timetable.py
[2024-08-25T00:27:10.383+0000] {processor.py:925} INFO - DAG(s) 'example_workday_timetable' retrieved from /home/airflow/.local/lib/python3.12/site-packages/airflow/example_dags/example_workday_timetable.py
[2024-08-25T00:27:10.631+0000] {logging_mixin.py:190} INFO - [2024-08-25T00:27:10.630+0000] {dag.py:3211} INFO - Sync 1 DAGs
[2024-08-25T00:27:11.770+0000] {logging_mixin.py:190} INFO - [2024-08-25T00:27:11.769+0000] {dag.py:4138} INFO - Setting next_dagrun for example_workday_timetable to 2021-01-04 00:00:00+00:00, run_after=2021-01-05 00:00:00+00:00
[2024-08-25T00:27:12.100+0000] {processor.py:208} INFO - Processing /home/airflow/.local/lib/python3.12/site-packages/airflow/example_dags/example_workday_timetable.py took 1.884 seconds
[2024-08-25T00:28:15.300+0000] {processor.py:186} INFO - Started process (PID=222) to work on /home/airflow/.local/lib/python3.12/site-packages/airflow/example_dags/example_workday_timetable.py
[2024-08-25T00:28:15.302+0000] {processor.py:914} INFO - Processing file /home/airflow/.local/lib/python3.12/site-packages/airflow/example_dags/example_workday_timetable.py for tasks to queue
[2024-08-25T00:28:15.325+0000] {logging_mixin.py:190} INFO - [2024-08-25T00:28:15.324+0000] {dagbag.py:587} INFO - Filling up the DagBag from /home/airflow/.local/lib/python3.12/site-packages/airflow/example_dags/example_workday_timetable.py
[2024-08-25T00:28:15.371+0000] {processor.py:925} INFO - DAG(s) 'example_workday_timetable' retrieved from /home/airflow/.local/lib/python3.12/site-packages/airflow/example_dags/example_workday_timetable.py
[2024-08-25T00:28:15.522+0000] {logging_mixin.py:190} INFO - [2024-08-25T00:28:15.520+0000] {dag.py:3211} INFO - Sync 1 DAGs
[2024-08-25T00:28:16.222+0000] {logging_mixin.py:190} INFO - [2024-08-25T00:28:16.221+0000] {dag.py:4138} INFO - Setting next_dagrun for example_workday_timetable to 2021-01-04 00:00:00+00:00, run_after=2021-01-05 00:00:00+00:00
[2024-08-25T00:28:16.341+0000] {processor.py:208} INFO - Processing /home/airflow/.local/lib/python3.12/site-packages/airflow/example_dags/example_workday_timetable.py took 1.094 seconds
[2024-08-25T00:28:51.474+0000] {processor.py:186} INFO - Started process (PID=285) to work on /home/airflow/.local/lib/python3.12/site-packages/airflow/example_dags/example_workday_timetable.py
[2024-08-25T00:28:51.482+0000] {processor.py:914} INFO - Processing file /home/airflow/.local/lib/python3.12/site-packages/airflow/example_dags/example_workday_timetable.py for tasks to queue
[2024-08-25T00:28:51.489+0000] {logging_mixin.py:190} INFO - [2024-08-25T00:28:51.488+0000] {dagbag.py:587} INFO - Filling up the DagBag from /home/airflow/.local/lib/python3.12/site-packages/airflow/example_dags/example_workday_timetable.py
[2024-08-25T00:28:51.508+0000] {processor.py:925} INFO - DAG(s) 'example_workday_timetable' retrieved from /home/airflow/.local/lib/python3.12/site-packages/airflow/example_dags/example_workday_timetable.py
[2024-08-25T00:28:51.586+0000] {logging_mixin.py:190} INFO - [2024-08-25T00:28:51.585+0000] {dag.py:3211} INFO - Sync 1 DAGs
[2024-08-25T00:28:52.171+0000] {logging_mixin.py:190} INFO - [2024-08-25T00:28:52.170+0000] {dag.py:4138} INFO - Setting next_dagrun for example_workday_timetable to 2021-01-04 00:00:00+00:00, run_after=2021-01-05 00:00:00+00:00
[2024-08-25T00:28:52.296+0000] {processor.py:208} INFO - Processing /home/airflow/.local/lib/python3.12/site-packages/airflow/example_dags/example_workday_timetable.py took 0.843 seconds
[2024-08-25T00:29:22.941+0000] {processor.py:186} INFO - Started process (PID=348) to work on /home/airflow/.local/lib/python3.12/site-packages/airflow/example_dags/example_workday_timetable.py
[2024-08-25T00:29:22.944+0000] {processor.py:914} INFO - Processing file /home/airflow/.local/lib/python3.12/site-packages/airflow/example_dags/example_workday_timetable.py for tasks to queue
[2024-08-25T00:29:22.953+0000] {logging_mixin.py:190} INFO - [2024-08-25T00:29:22.952+0000] {dagbag.py:587} INFO - Filling up the DagBag from /home/airflow/.local/lib/python3.12/site-packages/airflow/example_dags/example_workday_timetable.py
[2024-08-25T00:29:22.978+0000] {processor.py:925} INFO - DAG(s) 'example_workday_timetable' retrieved from /home/airflow/.local/lib/python3.12/site-packages/airflow/example_dags/example_workday_timetable.py
[2024-08-25T00:29:23.044+0000] {logging_mixin.py:190} INFO - [2024-08-25T00:29:23.042+0000] {dag.py:3211} INFO - Sync 1 DAGs
[2024-08-25T00:29:23.309+0000] {logging_mixin.py:190} INFO - [2024-08-25T00:29:23.308+0000] {dag.py:4138} INFO - Setting next_dagrun for example_workday_timetable to 2021-01-04 00:00:00+00:00, run_after=2021-01-05 00:00:00+00:00
[2024-08-25T00:29:23.366+0000] {processor.py:208} INFO - Processing /home/airflow/.local/lib/python3.12/site-packages/airflow/example_dags/example_workday_timetable.py took 0.448 seconds
[2024-08-25T00:29:56.427+0000] {processor.py:186} INFO - Started process (PID=411) to work on /home/airflow/.local/lib/python3.12/site-packages/airflow/example_dags/example_workday_timetable.py
[2024-08-25T00:29:56.431+0000] {processor.py:914} INFO - Processing file /home/airflow/.local/lib/python3.12/site-packages/airflow/example_dags/example_workday_timetable.py for tasks to queue
[2024-08-25T00:29:56.446+0000] {logging_mixin.py:190} INFO - [2024-08-25T00:29:56.446+0000] {dagbag.py:587} INFO - Filling up the DagBag from /home/airflow/.local/lib/python3.12/site-packages/airflow/example_dags/example_workday_timetable.py
[2024-08-25T00:29:56.494+0000] {processor.py:925} INFO - DAG(s) 'example_workday_timetable' retrieved from /home/airflow/.local/lib/python3.12/site-packages/airflow/example_dags/example_workday_timetable.py
[2024-08-25T00:29:56.571+0000] {logging_mixin.py:190} INFO - [2024-08-25T00:29:56.569+0000] {dag.py:3211} INFO - Sync 1 DAGs
[2024-08-25T00:29:56.887+0000] {logging_mixin.py:190} INFO - [2024-08-25T00:29:56.887+0000] {dag.py:4138} INFO - Setting next_dagrun for example_workday_timetable to 2021-01-04 00:00:00+00:00, run_after=2021-01-05 00:00:00+00:00
[2024-08-25T00:29:56.942+0000] {processor.py:208} INFO - Processing /home/airflow/.local/lib/python3.12/site-packages/airflow/example_dags/example_workday_timetable.py took 0.628 seconds
[2024-08-25T00:30:39.008+0000] {processor.py:186} INFO - Started process (PID=487) to work on /home/airflow/.local/lib/python3.12/site-packages/airflow/example_dags/example_workday_timetable.py
[2024-08-25T00:30:39.011+0000] {processor.py:914} INFO - Processing file /home/airflow/.local/lib/python3.12/site-packages/airflow/example_dags/example_workday_timetable.py for tasks to queue
[2024-08-25T00:30:39.018+0000] {logging_mixin.py:190} INFO - [2024-08-25T00:30:39.017+0000] {dagbag.py:587} INFO - Filling up the DagBag from /home/airflow/.local/lib/python3.12/site-packages/airflow/example_dags/example_workday_timetable.py
[2024-08-25T00:30:39.034+0000] {processor.py:925} INFO - DAG(s) 'example_workday_timetable' retrieved from /home/airflow/.local/lib/python3.12/site-packages/airflow/example_dags/example_workday_timetable.py
[2024-08-25T00:30:39.099+0000] {logging_mixin.py:190} INFO - [2024-08-25T00:30:39.098+0000] {dag.py:3211} INFO - Sync 1 DAGs
[2024-08-25T00:30:39.358+0000] {logging_mixin.py:190} INFO - [2024-08-25T00:30:39.357+0000] {dag.py:4138} INFO - Setting next_dagrun for example_workday_timetable to 2021-01-04 00:00:00+00:00, run_after=2021-01-05 00:00:00+00:00
[2024-08-25T00:30:39.434+0000] {processor.py:208} INFO - Processing /home/airflow/.local/lib/python3.12/site-packages/airflow/example_dags/example_workday_timetable.py took 0.445 seconds
[2024-08-25T00:31:12.323+0000] {processor.py:186} INFO - Started process (PID=552) to work on /home/airflow/.local/lib/python3.12/site-packages/airflow/example_dags/example_workday_timetable.py
[2024-08-25T00:31:12.326+0000] {processor.py:914} INFO - Processing file /home/airflow/.local/lib/python3.12/site-packages/airflow/example_dags/example_workday_timetable.py for tasks to queue
[2024-08-25T00:31:12.334+0000] {logging_mixin.py:190} INFO - [2024-08-25T00:31:12.333+0000] {dagbag.py:587} INFO - Filling up the DagBag from /home/airflow/.local/lib/python3.12/site-packages/airflow/example_dags/example_workday_timetable.py
[2024-08-25T00:31:12.350+0000] {processor.py:925} INFO - DAG(s) 'example_workday_timetable' retrieved from /home/airflow/.local/lib/python3.12/site-packages/airflow/example_dags/example_workday_timetable.py
[2024-08-25T00:31:12.413+0000] {logging_mixin.py:190} INFO - [2024-08-25T00:31:12.411+0000] {dag.py:3211} INFO - Sync 1 DAGs
[2024-08-25T00:31:12.717+0000] {logging_mixin.py:190} INFO - [2024-08-25T00:31:12.717+0000] {dag.py:4138} INFO - Setting next_dagrun for example_workday_timetable to 2021-01-04 00:00:00+00:00, run_after=2021-01-05 00:00:00+00:00
[2024-08-25T00:31:12.958+0000] {processor.py:208} INFO - Processing /home/airflow/.local/lib/python3.12/site-packages/airflow/example_dags/example_workday_timetable.py took 0.655 seconds
[2024-08-25T00:32:06.444+0000] {processor.py:186} INFO - Started process (PID=622) to work on /home/airflow/.local/lib/python3.12/site-packages/airflow/example_dags/example_workday_timetable.py
[2024-08-25T00:32:06.449+0000] {processor.py:914} INFO - Processing file /home/airflow/.local/lib/python3.12/site-packages/airflow/example_dags/example_workday_timetable.py for tasks to queue
[2024-08-25T00:32:06.460+0000] {logging_mixin.py:190} INFO - [2024-08-25T00:32:06.460+0000] {dagbag.py:587} INFO - Filling up the DagBag from /home/airflow/.local/lib/python3.12/site-packages/airflow/example_dags/example_workday_timetable.py
[2024-08-25T00:32:06.482+0000] {processor.py:925} INFO - DAG(s) 'example_workday_timetable' retrieved from /home/airflow/.local/lib/python3.12/site-packages/airflow/example_dags/example_workday_timetable.py
[2024-08-25T00:32:06.579+0000] {logging_mixin.py:190} INFO - [2024-08-25T00:32:06.577+0000] {dag.py:3211} INFO - Sync 1 DAGs
[2024-08-25T00:32:07.083+0000] {logging_mixin.py:190} INFO - [2024-08-25T00:32:07.082+0000] {dag.py:4138} INFO - Setting next_dagrun for example_workday_timetable to 2021-01-04 00:00:00+00:00, run_after=2021-01-05 00:00:00+00:00
[2024-08-25T00:32:07.184+0000] {processor.py:208} INFO - Processing /home/airflow/.local/lib/python3.12/site-packages/airflow/example_dags/example_workday_timetable.py took 0.761 seconds
[2024-08-25T00:32:42.085+0000] {processor.py:186} INFO - Started process (PID=687) to work on /home/airflow/.local/lib/python3.12/site-packages/airflow/example_dags/example_workday_timetable.py
[2024-08-25T00:32:42.088+0000] {processor.py:914} INFO - Processing file /home/airflow/.local/lib/python3.12/site-packages/airflow/example_dags/example_workday_timetable.py for tasks to queue
[2024-08-25T00:32:42.116+0000] {logging_mixin.py:190} INFO - [2024-08-25T00:32:42.115+0000] {dagbag.py:587} INFO - Filling up the DagBag from /home/airflow/.local/lib/python3.12/site-packages/airflow/example_dags/example_workday_timetable.py
[2024-08-25T00:32:42.154+0000] {processor.py:925} INFO - DAG(s) 'example_workday_timetable' retrieved from /home/airflow/.local/lib/python3.12/site-packages/airflow/example_dags/example_workday_timetable.py
[2024-08-25T00:32:42.357+0000] {logging_mixin.py:190} INFO - [2024-08-25T00:32:42.356+0000] {dag.py:3211} INFO - Sync 1 DAGs
[2024-08-25T00:32:43.304+0000] {logging_mixin.py:190} INFO - [2024-08-25T00:32:43.303+0000] {dag.py:4138} INFO - Setting next_dagrun for example_workday_timetable to 2021-01-04 00:00:00+00:00, run_after=2021-01-05 00:00:00+00:00
[2024-08-25T00:32:43.487+0000] {processor.py:208} INFO - Processing /home/airflow/.local/lib/python3.12/site-packages/airflow/example_dags/example_workday_timetable.py took 1.462 seconds
[2024-08-25T00:33:48.255+0000] {processor.py:186} INFO - Started process (PID=765) to work on /home/airflow/.local/lib/python3.12/site-packages/airflow/example_dags/example_workday_timetable.py
[2024-08-25T00:33:48.285+0000] {processor.py:914} INFO - Processing file /home/airflow/.local/lib/python3.12/site-packages/airflow/example_dags/example_workday_timetable.py for tasks to queue
[2024-08-25T00:33:48.303+0000] {logging_mixin.py:190} INFO - [2024-08-25T00:33:48.302+0000] {dagbag.py:587} INFO - Filling up the DagBag from /home/airflow/.local/lib/python3.12/site-packages/airflow/example_dags/example_workday_timetable.py
[2024-08-25T00:33:48.512+0000] {processor.py:925} INFO - DAG(s) 'example_workday_timetable' retrieved from /home/airflow/.local/lib/python3.12/site-packages/airflow/example_dags/example_workday_timetable.py
[2024-08-25T00:33:48.758+0000] {logging_mixin.py:190} INFO - [2024-08-25T00:33:48.756+0000] {dag.py:3211} INFO - Sync 1 DAGs
[2024-08-25T00:33:50.005+0000] {logging_mixin.py:190} INFO - [2024-08-25T00:33:50.004+0000] {dag.py:4138} INFO - Setting next_dagrun for example_workday_timetable to 2021-01-04 00:00:00+00:00, run_after=2021-01-05 00:00:00+00:00
[2024-08-25T00:33:50.275+0000] {processor.py:208} INFO - Processing /home/airflow/.local/lib/python3.12/site-packages/airflow/example_dags/example_workday_timetable.py took 2.108 seconds
[2024-08-25T00:34:22.358+0000] {processor.py:186} INFO - Started process (PID=829) to work on /home/airflow/.local/lib/python3.12/site-packages/airflow/example_dags/example_workday_timetable.py
[2024-08-25T00:34:22.366+0000] {processor.py:914} INFO - Processing file /home/airflow/.local/lib/python3.12/site-packages/airflow/example_dags/example_workday_timetable.py for tasks to queue
[2024-08-25T00:34:22.382+0000] {logging_mixin.py:190} INFO - [2024-08-25T00:34:22.381+0000] {dagbag.py:587} INFO - Filling up the DagBag from /home/airflow/.local/lib/python3.12/site-packages/airflow/example_dags/example_workday_timetable.py
[2024-08-25T00:34:22.415+0000] {processor.py:925} INFO - DAG(s) 'example_workday_timetable' retrieved from /home/airflow/.local/lib/python3.12/site-packages/airflow/example_dags/example_workday_timetable.py
[2024-08-25T00:34:22.555+0000] {logging_mixin.py:190} INFO - [2024-08-25T00:34:22.554+0000] {dag.py:3211} INFO - Sync 1 DAGs
[2024-08-25T00:34:22.942+0000] {logging_mixin.py:190} INFO - [2024-08-25T00:34:22.941+0000] {dag.py:4138} INFO - Setting next_dagrun for example_workday_timetable to 2021-01-04 00:00:00+00:00, run_after=2021-01-05 00:00:00+00:00
[2024-08-25T00:34:23.133+0000] {processor.py:208} INFO - Processing /home/airflow/.local/lib/python3.12/site-packages/airflow/example_dags/example_workday_timetable.py took 0.864 seconds
[2024-08-25T00:34:54.271+0000] {processor.py:186} INFO - Started process (PID=892) to work on /home/airflow/.local/lib/python3.12/site-packages/airflow/example_dags/example_workday_timetable.py
[2024-08-25T00:34:54.274+0000] {processor.py:914} INFO - Processing file /home/airflow/.local/lib/python3.12/site-packages/airflow/example_dags/example_workday_timetable.py for tasks to queue
[2024-08-25T00:34:54.281+0000] {logging_mixin.py:190} INFO - [2024-08-25T00:34:54.281+0000] {dagbag.py:587} INFO - Filling up the DagBag from /home/airflow/.local/lib/python3.12/site-packages/airflow/example_dags/example_workday_timetable.py
[2024-08-25T00:34:54.299+0000] {processor.py:925} INFO - DAG(s) 'example_workday_timetable' retrieved from /home/airflow/.local/lib/python3.12/site-packages/airflow/example_dags/example_workday_timetable.py
[2024-08-25T00:34:54.353+0000] {logging_mixin.py:190} INFO - [2024-08-25T00:34:54.352+0000] {dag.py:3211} INFO - Sync 1 DAGs
[2024-08-25T00:34:54.650+0000] {logging_mixin.py:190} INFO - [2024-08-25T00:34:54.649+0000] {dag.py:4138} INFO - Setting next_dagrun for example_workday_timetable to 2021-01-04 00:00:00+00:00, run_after=2021-01-05 00:00:00+00:00
[2024-08-25T00:34:54.715+0000] {processor.py:208} INFO - Processing /home/airflow/.local/lib/python3.12/site-packages/airflow/example_dags/example_workday_timetable.py took 0.461 seconds
[2024-08-25T00:35:33.090+0000] {processor.py:186} INFO - Started process (PID=956) to work on /home/airflow/.local/lib/python3.12/site-packages/airflow/example_dags/example_workday_timetable.py
[2024-08-25T00:35:33.098+0000] {processor.py:914} INFO - Processing file /home/airflow/.local/lib/python3.12/site-packages/airflow/example_dags/example_workday_timetable.py for tasks to queue
[2024-08-25T00:35:33.134+0000] {logging_mixin.py:190} INFO - [2024-08-25T00:35:33.133+0000] {dagbag.py:587} INFO - Filling up the DagBag from /home/airflow/.local/lib/python3.12/site-packages/airflow/example_dags/example_workday_timetable.py
[2024-08-25T00:35:33.169+0000] {processor.py:925} INFO - DAG(s) 'example_workday_timetable' retrieved from /home/airflow/.local/lib/python3.12/site-packages/airflow/example_dags/example_workday_timetable.py
[2024-08-25T00:35:33.335+0000] {logging_mixin.py:190} INFO - [2024-08-25T00:35:33.334+0000] {dag.py:3211} INFO - Sync 1 DAGs
[2024-08-25T00:35:34.230+0000] {logging_mixin.py:190} INFO - [2024-08-25T00:35:34.230+0000] {dag.py:4138} INFO - Setting next_dagrun for example_workday_timetable to 2021-01-04 00:00:00+00:00, run_after=2021-01-05 00:00:00+00:00
[2024-08-25T00:35:34.400+0000] {processor.py:208} INFO - Processing /home/airflow/.local/lib/python3.12/site-packages/airflow/example_dags/example_workday_timetable.py took 1.376 seconds
[2024-08-25T00:36:07.460+0000] {processor.py:186} INFO - Started process (PID=1025) to work on /home/airflow/.local/lib/python3.12/site-packages/airflow/example_dags/example_workday_timetable.py
[2024-08-25T00:36:07.462+0000] {processor.py:914} INFO - Processing file /home/airflow/.local/lib/python3.12/site-packages/airflow/example_dags/example_workday_timetable.py for tasks to queue
[2024-08-25T00:36:07.472+0000] {logging_mixin.py:190} INFO - [2024-08-25T00:36:07.471+0000] {dagbag.py:587} INFO - Filling up the DagBag from /home/airflow/.local/lib/python3.12/site-packages/airflow/example_dags/example_workday_timetable.py
[2024-08-25T00:36:07.486+0000] {processor.py:925} INFO - DAG(s) 'example_workday_timetable' retrieved from /home/airflow/.local/lib/python3.12/site-packages/airflow/example_dags/example_workday_timetable.py
[2024-08-25T00:36:07.568+0000] {logging_mixin.py:190} INFO - [2024-08-25T00:36:07.565+0000] {dag.py:3211} INFO - Sync 1 DAGs
[2024-08-25T00:36:07.944+0000] {logging_mixin.py:190} INFO - [2024-08-25T00:36:07.943+0000] {dag.py:4138} INFO - Setting next_dagrun for example_workday_timetable to 2021-01-04 00:00:00+00:00, run_after=2021-01-05 00:00:00+00:00
[2024-08-25T00:36:07.995+0000] {processor.py:208} INFO - Processing /home/airflow/.local/lib/python3.12/site-packages/airflow/example_dags/example_workday_timetable.py took 0.557 seconds
[2024-08-25T00:36:38.791+0000] {processor.py:186} INFO - Started process (PID=1089) to work on /home/airflow/.local/lib/python3.12/site-packages/airflow/example_dags/example_workday_timetable.py
[2024-08-25T00:36:38.793+0000] {processor.py:914} INFO - Processing file /home/airflow/.local/lib/python3.12/site-packages/airflow/example_dags/example_workday_timetable.py for tasks to queue
[2024-08-25T00:36:38.805+0000] {logging_mixin.py:190} INFO - [2024-08-25T00:36:38.804+0000] {dagbag.py:587} INFO - Filling up the DagBag from /home/airflow/.local/lib/python3.12/site-packages/airflow/example_dags/example_workday_timetable.py
[2024-08-25T00:36:38.822+0000] {processor.py:925} INFO - DAG(s) 'example_workday_timetable' retrieved from /home/airflow/.local/lib/python3.12/site-packages/airflow/example_dags/example_workday_timetable.py
[2024-08-25T00:36:38.891+0000] {logging_mixin.py:190} INFO - [2024-08-25T00:36:38.888+0000] {dag.py:3211} INFO - Sync 1 DAGs
[2024-08-25T00:36:39.161+0000] {logging_mixin.py:190} INFO - [2024-08-25T00:36:39.160+0000] {dag.py:4138} INFO - Setting next_dagrun for example_workday_timetable to 2021-01-04 00:00:00+00:00, run_after=2021-01-05 00:00:00+00:00
[2024-08-25T00:36:39.258+0000] {processor.py:208} INFO - Processing /home/airflow/.local/lib/python3.12/site-packages/airflow/example_dags/example_workday_timetable.py took 0.487 seconds
[2024-08-25T00:37:10.643+0000] {processor.py:186} INFO - Started process (PID=1152) to work on /home/airflow/.local/lib/python3.12/site-packages/airflow/example_dags/example_workday_timetable.py
[2024-08-25T00:37:10.645+0000] {processor.py:914} INFO - Processing file /home/airflow/.local/lib/python3.12/site-packages/airflow/example_dags/example_workday_timetable.py for tasks to queue
[2024-08-25T00:37:10.667+0000] {logging_mixin.py:190} INFO - [2024-08-25T00:37:10.666+0000] {dagbag.py:587} INFO - Filling up the DagBag from /home/airflow/.local/lib/python3.12/site-packages/airflow/example_dags/example_workday_timetable.py
[2024-08-25T00:37:10.739+0000] {processor.py:925} INFO - DAG(s) 'example_workday_timetable' retrieved from /home/airflow/.local/lib/python3.12/site-packages/airflow/example_dags/example_workday_timetable.py
[2024-08-25T00:37:10.868+0000] {logging_mixin.py:190} INFO - [2024-08-25T00:37:10.862+0000] {dag.py:3211} INFO - Sync 1 DAGs
[2024-08-25T00:37:11.358+0000] {logging_mixin.py:190} INFO - [2024-08-25T00:37:11.357+0000] {dag.py:4138} INFO - Setting next_dagrun for example_workday_timetable to 2021-01-04 00:00:00+00:00, run_after=2021-01-05 00:00:00+00:00
[2024-08-25T00:37:11.529+0000] {processor.py:208} INFO - Processing /home/airflow/.local/lib/python3.12/site-packages/airflow/example_dags/example_workday_timetable.py took 0.924 seconds
[2024-08-25T00:37:42.383+0000] {processor.py:186} INFO - Started process (PID=1213) to work on /home/airflow/.local/lib/python3.12/site-packages/airflow/example_dags/example_workday_timetable.py
[2024-08-25T00:37:42.387+0000] {processor.py:914} INFO - Processing file /home/airflow/.local/lib/python3.12/site-packages/airflow/example_dags/example_workday_timetable.py for tasks to queue
[2024-08-25T00:37:42.391+0000] {logging_mixin.py:190} INFO - [2024-08-25T00:37:42.390+0000] {dagbag.py:587} INFO - Filling up the DagBag from /home/airflow/.local/lib/python3.12/site-packages/airflow/example_dags/example_workday_timetable.py
[2024-08-25T00:37:42.407+0000] {processor.py:925} INFO - DAG(s) 'example_workday_timetable' retrieved from /home/airflow/.local/lib/python3.12/site-packages/airflow/example_dags/example_workday_timetable.py
[2024-08-25T00:37:42.459+0000] {logging_mixin.py:190} INFO - [2024-08-25T00:37:42.458+0000] {dag.py:3211} INFO - Sync 1 DAGs
[2024-08-25T00:37:42.678+0000] {logging_mixin.py:190} INFO - [2024-08-25T00:37:42.678+0000] {dag.py:4138} INFO - Setting next_dagrun for example_workday_timetable to 2021-01-04 00:00:00+00:00, run_after=2021-01-05 00:00:00+00:00
[2024-08-25T00:37:42.742+0000] {processor.py:208} INFO - Processing /home/airflow/.local/lib/python3.12/site-packages/airflow/example_dags/example_workday_timetable.py took 0.375 seconds
[2024-08-25T00:38:13.212+0000] {processor.py:186} INFO - Started process (PID=1275) to work on /home/airflow/.local/lib/python3.12/site-packages/airflow/example_dags/example_workday_timetable.py
[2024-08-25T00:38:13.216+0000] {processor.py:914} INFO - Processing file /home/airflow/.local/lib/python3.12/site-packages/airflow/example_dags/example_workday_timetable.py for tasks to queue
[2024-08-25T00:38:13.219+0000] {logging_mixin.py:190} INFO - [2024-08-25T00:38:13.219+0000] {dagbag.py:587} INFO - Filling up the DagBag from /home/airflow/.local/lib/python3.12/site-packages/airflow/example_dags/example_workday_timetable.py
[2024-08-25T00:38:13.238+0000] {processor.py:925} INFO - DAG(s) 'example_workday_timetable' retrieved from /home/airflow/.local/lib/python3.12/site-packages/airflow/example_dags/example_workday_timetable.py
[2024-08-25T00:38:13.310+0000] {logging_mixin.py:190} INFO - [2024-08-25T00:38:13.309+0000] {dag.py:3211} INFO - Sync 1 DAGs
[2024-08-25T00:38:13.552+0000] {logging_mixin.py:190} INFO - [2024-08-25T00:38:13.551+0000] {dag.py:4138} INFO - Setting next_dagrun for example_workday_timetable to 2021-01-04 00:00:00+00:00, run_after=2021-01-05 00:00:00+00:00
[2024-08-25T00:38:13.623+0000] {processor.py:208} INFO - Processing /home/airflow/.local/lib/python3.12/site-packages/airflow/example_dags/example_workday_timetable.py took 0.447 seconds
[2024-08-25T00:38:44.672+0000] {processor.py:186} INFO - Started process (PID=1337) to work on /home/airflow/.local/lib/python3.12/site-packages/airflow/example_dags/example_workday_timetable.py
[2024-08-25T00:38:44.674+0000] {processor.py:914} INFO - Processing file /home/airflow/.local/lib/python3.12/site-packages/airflow/example_dags/example_workday_timetable.py for tasks to queue
[2024-08-25T00:38:44.679+0000] {logging_mixin.py:190} INFO - [2024-08-25T00:38:44.678+0000] {dagbag.py:587} INFO - Filling up the DagBag from /home/airflow/.local/lib/python3.12/site-packages/airflow/example_dags/example_workday_timetable.py
[2024-08-25T00:38:44.698+0000] {processor.py:925} INFO - DAG(s) 'example_workday_timetable' retrieved from /home/airflow/.local/lib/python3.12/site-packages/airflow/example_dags/example_workday_timetable.py
[2024-08-25T00:38:44.773+0000] {logging_mixin.py:190} INFO - [2024-08-25T00:38:44.771+0000] {dag.py:3211} INFO - Sync 1 DAGs
[2024-08-25T00:38:45.076+0000] {logging_mixin.py:190} INFO - [2024-08-25T00:38:45.075+0000] {dag.py:4138} INFO - Setting next_dagrun for example_workday_timetable to 2021-01-04 00:00:00+00:00, run_after=2021-01-05 00:00:00+00:00
[2024-08-25T00:38:45.154+0000] {processor.py:208} INFO - Processing /home/airflow/.local/lib/python3.12/site-packages/airflow/example_dags/example_workday_timetable.py took 0.502 seconds
[2024-08-25T00:39:19.014+0000] {processor.py:186} INFO - Started process (PID=1400) to work on /home/airflow/.local/lib/python3.12/site-packages/airflow/example_dags/example_workday_timetable.py
[2024-08-25T00:39:19.019+0000] {processor.py:914} INFO - Processing file /home/airflow/.local/lib/python3.12/site-packages/airflow/example_dags/example_workday_timetable.py for tasks to queue
[2024-08-25T00:39:19.034+0000] {logging_mixin.py:190} INFO - [2024-08-25T00:39:19.032+0000] {dagbag.py:587} INFO - Filling up the DagBag from /home/airflow/.local/lib/python3.12/site-packages/airflow/example_dags/example_workday_timetable.py
[2024-08-25T00:39:19.100+0000] {processor.py:925} INFO - DAG(s) 'example_workday_timetable' retrieved from /home/airflow/.local/lib/python3.12/site-packages/airflow/example_dags/example_workday_timetable.py
[2024-08-25T00:39:19.274+0000] {logging_mixin.py:190} INFO - [2024-08-25T00:39:19.263+0000] {dag.py:3211} INFO - Sync 1 DAGs
[2024-08-25T00:39:19.863+0000] {logging_mixin.py:190} INFO - [2024-08-25T00:39:19.862+0000] {dag.py:4138} INFO - Setting next_dagrun for example_workday_timetable to 2021-01-04 00:00:00+00:00, run_after=2021-01-05 00:00:00+00:00
[2024-08-25T00:39:19.955+0000] {processor.py:208} INFO - Processing /home/airflow/.local/lib/python3.12/site-packages/airflow/example_dags/example_workday_timetable.py took 0.982 seconds
[2024-08-25T00:39:50.144+0000] {processor.py:186} INFO - Started process (PID=1462) to work on /home/airflow/.local/lib/python3.12/site-packages/airflow/example_dags/example_workday_timetable.py
[2024-08-25T00:39:50.146+0000] {processor.py:914} INFO - Processing file /home/airflow/.local/lib/python3.12/site-packages/airflow/example_dags/example_workday_timetable.py for tasks to queue
[2024-08-25T00:39:50.150+0000] {logging_mixin.py:190} INFO - [2024-08-25T00:39:50.149+0000] {dagbag.py:587} INFO - Filling up the DagBag from /home/airflow/.local/lib/python3.12/site-packages/airflow/example_dags/example_workday_timetable.py
[2024-08-25T00:39:50.166+0000] {processor.py:925} INFO - DAG(s) 'example_workday_timetable' retrieved from /home/airflow/.local/lib/python3.12/site-packages/airflow/example_dags/example_workday_timetable.py
[2024-08-25T00:39:50.254+0000] {logging_mixin.py:190} INFO - [2024-08-25T00:39:50.252+0000] {dag.py:3211} INFO - Sync 1 DAGs
[2024-08-25T00:39:50.580+0000] {logging_mixin.py:190} INFO - [2024-08-25T00:39:50.580+0000] {dag.py:4138} INFO - Setting next_dagrun for example_workday_timetable to 2021-01-04 00:00:00+00:00, run_after=2021-01-05 00:00:00+00:00
[2024-08-25T00:39:50.640+0000] {processor.py:208} INFO - Processing /home/airflow/.local/lib/python3.12/site-packages/airflow/example_dags/example_workday_timetable.py took 0.515 seconds
