[2024-08-25T00:00:10.187+0000] {processor.py:186} INFO - Started process (PID=38519) to work on /home/airflow/.local/lib/python3.12/site-packages/airflow/example_dags/example_python_decorator.py
[2024-08-25T00:00:10.190+0000] {processor.py:914} INFO - Processing file /home/airflow/.local/lib/python3.12/site-packages/airflow/example_dags/example_python_decorator.py for tasks to queue
[2024-08-25T00:00:10.196+0000] {logging_mixin.py:190} INFO - [2024-08-25T00:00:10.195+0000] {dagbag.py:587} INFO - Filling up the DagBag from /home/airflow/.local/lib/python3.12/site-packages/airflow/example_dags/example_python_decorator.py
[2024-08-25T00:00:10.243+0000] {processor.py:925} INFO - DAG(s) 'example_python_decorator' retrieved from /home/airflow/.local/lib/python3.12/site-packages/airflow/example_dags/example_python_decorator.py
[2024-08-25T00:00:10.311+0000] {logging_mixin.py:190} INFO - [2024-08-25T00:00:10.309+0000] {dag.py:3211} INFO - Sync 1 DAGs
[2024-08-25T00:00:10.354+0000] {logging_mixin.py:190} INFO - [2024-08-25T00:00:10.353+0000] {dag.py:4138} INFO - Setting next_dagrun for example_python_decorator to None, run_after=None
[2024-08-25T00:00:10.405+0000] {processor.py:208} INFO - Processing /home/airflow/.local/lib/python3.12/site-packages/airflow/example_dags/example_python_decorator.py took 0.235 seconds
[2024-08-25T00:05:52.614+0000] {processor.py:186} INFO - Started process (PID=89) to work on /home/airflow/.local/lib/python3.12/site-packages/airflow/example_dags/example_python_decorator.py
[2024-08-25T00:05:52.619+0000] {processor.py:914} INFO - Processing file /home/airflow/.local/lib/python3.12/site-packages/airflow/example_dags/example_python_decorator.py for tasks to queue
[2024-08-25T00:05:52.632+0000] {logging_mixin.py:190} INFO - [2024-08-25T00:05:52.631+0000] {dagbag.py:587} INFO - Filling up the DagBag from /home/airflow/.local/lib/python3.12/site-packages/airflow/example_dags/example_python_decorator.py
[2024-08-25T00:05:52.716+0000] {processor.py:925} INFO - DAG(s) 'example_python_decorator' retrieved from /home/airflow/.local/lib/python3.12/site-packages/airflow/example_dags/example_python_decorator.py
[2024-08-25T00:05:53.390+0000] {logging_mixin.py:190} INFO - [2024-08-25T00:05:53.388+0000] {dag.py:3211} INFO - Sync 1 DAGs
[2024-08-25T00:05:53.488+0000] {logging_mixin.py:190} INFO - [2024-08-25T00:05:53.487+0000] {dag.py:4138} INFO - Setting next_dagrun for example_python_decorator to None, run_after=None
[2024-08-25T00:05:53.735+0000] {processor.py:208} INFO - Processing /home/airflow/.local/lib/python3.12/site-packages/airflow/example_dags/example_python_decorator.py took 1.157 seconds
[2024-08-25T00:06:31.118+0000] {processor.py:186} INFO - Started process (PID=157) to work on /home/airflow/.local/lib/python3.12/site-packages/airflow/example_dags/example_python_decorator.py
[2024-08-25T00:06:31.139+0000] {processor.py:914} INFO - Processing file /home/airflow/.local/lib/python3.12/site-packages/airflow/example_dags/example_python_decorator.py for tasks to queue
[2024-08-25T00:06:31.165+0000] {logging_mixin.py:190} INFO - [2024-08-25T00:06:31.164+0000] {dagbag.py:587} INFO - Filling up the DagBag from /home/airflow/.local/lib/python3.12/site-packages/airflow/example_dags/example_python_decorator.py
[2024-08-25T00:06:31.385+0000] {processor.py:925} INFO - DAG(s) 'example_python_decorator' retrieved from /home/airflow/.local/lib/python3.12/site-packages/airflow/example_dags/example_python_decorator.py
[2024-08-25T00:06:31.837+0000] {logging_mixin.py:190} INFO - [2024-08-25T00:06:31.835+0000] {dag.py:3211} INFO - Sync 1 DAGs
[2024-08-25T00:06:32.241+0000] {logging_mixin.py:190} INFO - [2024-08-25T00:06:32.240+0000] {dag.py:4138} INFO - Setting next_dagrun for example_python_decorator to None, run_after=None
[2024-08-25T00:06:32.764+0000] {processor.py:208} INFO - Processing /home/airflow/.local/lib/python3.12/site-packages/airflow/example_dags/example_python_decorator.py took 1.732 seconds
[2024-08-25T00:07:19.700+0000] {processor.py:186} INFO - Started process (PID=220) to work on /home/airflow/.local/lib/python3.12/site-packages/airflow/example_dags/example_python_decorator.py
[2024-08-25T00:07:19.703+0000] {processor.py:914} INFO - Processing file /home/airflow/.local/lib/python3.12/site-packages/airflow/example_dags/example_python_decorator.py for tasks to queue
[2024-08-25T00:07:19.712+0000] {logging_mixin.py:190} INFO - [2024-08-25T00:07:19.711+0000] {dagbag.py:587} INFO - Filling up the DagBag from /home/airflow/.local/lib/python3.12/site-packages/airflow/example_dags/example_python_decorator.py
[2024-08-25T00:07:19.801+0000] {processor.py:925} INFO - DAG(s) 'example_python_decorator' retrieved from /home/airflow/.local/lib/python3.12/site-packages/airflow/example_dags/example_python_decorator.py
[2024-08-25T00:07:19.991+0000] {logging_mixin.py:190} INFO - [2024-08-25T00:07:19.989+0000] {dag.py:3211} INFO - Sync 1 DAGs
[2024-08-25T00:07:20.098+0000] {logging_mixin.py:190} INFO - [2024-08-25T00:07:20.097+0000] {dag.py:4138} INFO - Setting next_dagrun for example_python_decorator to None, run_after=None
[2024-08-25T00:07:20.248+0000] {processor.py:208} INFO - Processing /home/airflow/.local/lib/python3.12/site-packages/airflow/example_dags/example_python_decorator.py took 0.590 seconds
[2024-08-25T00:07:52.666+0000] {processor.py:186} INFO - Started process (PID=284) to work on /home/airflow/.local/lib/python3.12/site-packages/airflow/example_dags/example_python_decorator.py
[2024-08-25T00:07:52.668+0000] {processor.py:914} INFO - Processing file /home/airflow/.local/lib/python3.12/site-packages/airflow/example_dags/example_python_decorator.py for tasks to queue
[2024-08-25T00:07:52.687+0000] {logging_mixin.py:190} INFO - [2024-08-25T00:07:52.685+0000] {dagbag.py:587} INFO - Filling up the DagBag from /home/airflow/.local/lib/python3.12/site-packages/airflow/example_dags/example_python_decorator.py
[2024-08-25T00:07:52.768+0000] {processor.py:925} INFO - DAG(s) 'example_python_decorator' retrieved from /home/airflow/.local/lib/python3.12/site-packages/airflow/example_dags/example_python_decorator.py
[2024-08-25T00:07:52.927+0000] {logging_mixin.py:190} INFO - [2024-08-25T00:07:52.923+0000] {dag.py:3211} INFO - Sync 1 DAGs
[2024-08-25T00:07:53.036+0000] {logging_mixin.py:190} INFO - [2024-08-25T00:07:53.036+0000] {dag.py:4138} INFO - Setting next_dagrun for example_python_decorator to None, run_after=None
[2024-08-25T00:07:53.220+0000] {processor.py:208} INFO - Processing /home/airflow/.local/lib/python3.12/site-packages/airflow/example_dags/example_python_decorator.py took 0.588 seconds
[2024-08-25T00:08:23.598+0000] {processor.py:186} INFO - Started process (PID=347) to work on /home/airflow/.local/lib/python3.12/site-packages/airflow/example_dags/example_python_decorator.py
[2024-08-25T00:08:23.612+0000] {processor.py:914} INFO - Processing file /home/airflow/.local/lib/python3.12/site-packages/airflow/example_dags/example_python_decorator.py for tasks to queue
[2024-08-25T00:08:23.656+0000] {logging_mixin.py:190} INFO - [2024-08-25T00:08:23.654+0000] {dagbag.py:587} INFO - Filling up the DagBag from /home/airflow/.local/lib/python3.12/site-packages/airflow/example_dags/example_python_decorator.py
[2024-08-25T00:08:23.821+0000] {processor.py:925} INFO - DAG(s) 'example_python_decorator' retrieved from /home/airflow/.local/lib/python3.12/site-packages/airflow/example_dags/example_python_decorator.py
[2024-08-25T00:08:24.066+0000] {logging_mixin.py:190} INFO - [2024-08-25T00:08:24.065+0000] {dag.py:3211} INFO - Sync 1 DAGs
[2024-08-25T00:08:24.225+0000] {logging_mixin.py:190} INFO - [2024-08-25T00:08:24.224+0000] {dag.py:4138} INFO - Setting next_dagrun for example_python_decorator to None, run_after=None
[2024-08-25T00:08:24.397+0000] {processor.py:208} INFO - Processing /home/airflow/.local/lib/python3.12/site-packages/airflow/example_dags/example_python_decorator.py took 0.864 seconds
[2024-08-25T00:08:55.050+0000] {processor.py:186} INFO - Started process (PID=410) to work on /home/airflow/.local/lib/python3.12/site-packages/airflow/example_dags/example_python_decorator.py
[2024-08-25T00:08:55.055+0000] {processor.py:914} INFO - Processing file /home/airflow/.local/lib/python3.12/site-packages/airflow/example_dags/example_python_decorator.py for tasks to queue
[2024-08-25T00:08:55.062+0000] {logging_mixin.py:190} INFO - [2024-08-25T00:08:55.061+0000] {dagbag.py:587} INFO - Filling up the DagBag from /home/airflow/.local/lib/python3.12/site-packages/airflow/example_dags/example_python_decorator.py
[2024-08-25T00:08:55.114+0000] {processor.py:925} INFO - DAG(s) 'example_python_decorator' retrieved from /home/airflow/.local/lib/python3.12/site-packages/airflow/example_dags/example_python_decorator.py
[2024-08-25T00:08:55.173+0000] {logging_mixin.py:190} INFO - [2024-08-25T00:08:55.172+0000] {dag.py:3211} INFO - Sync 1 DAGs
[2024-08-25T00:08:55.211+0000] {logging_mixin.py:190} INFO - [2024-08-25T00:08:55.210+0000] {dag.py:4138} INFO - Setting next_dagrun for example_python_decorator to None, run_after=None
[2024-08-25T00:08:55.256+0000] {processor.py:208} INFO - Processing /home/airflow/.local/lib/python3.12/site-packages/airflow/example_dags/example_python_decorator.py took 0.226 seconds
[2024-08-25T00:09:25.881+0000] {processor.py:186} INFO - Started process (PID=473) to work on /home/airflow/.local/lib/python3.12/site-packages/airflow/example_dags/example_python_decorator.py
[2024-08-25T00:09:25.883+0000] {processor.py:914} INFO - Processing file /home/airflow/.local/lib/python3.12/site-packages/airflow/example_dags/example_python_decorator.py for tasks to queue
[2024-08-25T00:09:25.889+0000] {logging_mixin.py:190} INFO - [2024-08-25T00:09:25.888+0000] {dagbag.py:587} INFO - Filling up the DagBag from /home/airflow/.local/lib/python3.12/site-packages/airflow/example_dags/example_python_decorator.py
[2024-08-25T00:09:25.923+0000] {processor.py:925} INFO - DAG(s) 'example_python_decorator' retrieved from /home/airflow/.local/lib/python3.12/site-packages/airflow/example_dags/example_python_decorator.py
[2024-08-25T00:09:25.977+0000] {logging_mixin.py:190} INFO - [2024-08-25T00:09:25.976+0000] {dag.py:3211} INFO - Sync 1 DAGs
[2024-08-25T00:09:26.008+0000] {logging_mixin.py:190} INFO - [2024-08-25T00:09:26.007+0000] {dag.py:4138} INFO - Setting next_dagrun for example_python_decorator to None, run_after=None
[2024-08-25T00:09:26.044+0000] {processor.py:208} INFO - Processing /home/airflow/.local/lib/python3.12/site-packages/airflow/example_dags/example_python_decorator.py took 0.176 seconds
[2024-08-25T00:09:57.284+0000] {processor.py:186} INFO - Started process (PID=537) to work on /home/airflow/.local/lib/python3.12/site-packages/airflow/example_dags/example_python_decorator.py
[2024-08-25T00:09:57.292+0000] {processor.py:914} INFO - Processing file /home/airflow/.local/lib/python3.12/site-packages/airflow/example_dags/example_python_decorator.py for tasks to queue
[2024-08-25T00:09:57.299+0000] {logging_mixin.py:190} INFO - [2024-08-25T00:09:57.298+0000] {dagbag.py:587} INFO - Filling up the DagBag from /home/airflow/.local/lib/python3.12/site-packages/airflow/example_dags/example_python_decorator.py
[2024-08-25T00:09:57.374+0000] {processor.py:925} INFO - DAG(s) 'example_python_decorator' retrieved from /home/airflow/.local/lib/python3.12/site-packages/airflow/example_dags/example_python_decorator.py
[2024-08-25T00:09:57.692+0000] {logging_mixin.py:190} INFO - [2024-08-25T00:09:57.690+0000] {dag.py:3211} INFO - Sync 1 DAGs
[2024-08-25T00:09:57.884+0000] {logging_mixin.py:190} INFO - [2024-08-25T00:09:57.884+0000] {dag.py:4138} INFO - Setting next_dagrun for example_python_decorator to None, run_after=None
[2024-08-25T00:09:58.066+0000] {processor.py:208} INFO - Processing /home/airflow/.local/lib/python3.12/site-packages/airflow/example_dags/example_python_decorator.py took 0.810 seconds
[2024-08-25T00:10:30.288+0000] {processor.py:186} INFO - Started process (PID=606) to work on /home/airflow/.local/lib/python3.12/site-packages/airflow/example_dags/example_python_decorator.py
[2024-08-25T00:10:30.291+0000] {processor.py:914} INFO - Processing file /home/airflow/.local/lib/python3.12/site-packages/airflow/example_dags/example_python_decorator.py for tasks to queue
[2024-08-25T00:10:30.303+0000] {logging_mixin.py:190} INFO - [2024-08-25T00:10:30.301+0000] {dagbag.py:587} INFO - Filling up the DagBag from /home/airflow/.local/lib/python3.12/site-packages/airflow/example_dags/example_python_decorator.py
[2024-08-25T00:10:30.379+0000] {processor.py:925} INFO - DAG(s) 'example_python_decorator' retrieved from /home/airflow/.local/lib/python3.12/site-packages/airflow/example_dags/example_python_decorator.py
[2024-08-25T00:10:30.584+0000] {logging_mixin.py:190} INFO - [2024-08-25T00:10:30.580+0000] {dag.py:3211} INFO - Sync 1 DAGs
[2024-08-25T00:10:30.661+0000] {logging_mixin.py:190} INFO - [2024-08-25T00:10:30.660+0000] {dag.py:4138} INFO - Setting next_dagrun for example_python_decorator to None, run_after=None
[2024-08-25T00:10:30.771+0000] {processor.py:208} INFO - Processing /home/airflow/.local/lib/python3.12/site-packages/airflow/example_dags/example_python_decorator.py took 0.504 seconds
[2024-08-25T00:11:01.741+0000] {processor.py:186} INFO - Started process (PID=668) to work on /home/airflow/.local/lib/python3.12/site-packages/airflow/example_dags/example_python_decorator.py
[2024-08-25T00:11:01.744+0000] {processor.py:914} INFO - Processing file /home/airflow/.local/lib/python3.12/site-packages/airflow/example_dags/example_python_decorator.py for tasks to queue
[2024-08-25T00:11:01.751+0000] {logging_mixin.py:190} INFO - [2024-08-25T00:11:01.750+0000] {dagbag.py:587} INFO - Filling up the DagBag from /home/airflow/.local/lib/python3.12/site-packages/airflow/example_dags/example_python_decorator.py
[2024-08-25T00:11:01.802+0000] {processor.py:925} INFO - DAG(s) 'example_python_decorator' retrieved from /home/airflow/.local/lib/python3.12/site-packages/airflow/example_dags/example_python_decorator.py
[2024-08-25T00:11:01.896+0000] {logging_mixin.py:190} INFO - [2024-08-25T00:11:01.895+0000] {dag.py:3211} INFO - Sync 1 DAGs
[2024-08-25T00:11:01.941+0000] {logging_mixin.py:190} INFO - [2024-08-25T00:11:01.940+0000] {dag.py:4138} INFO - Setting next_dagrun for example_python_decorator to None, run_after=None
[2024-08-25T00:11:02.012+0000] {processor.py:208} INFO - Processing /home/airflow/.local/lib/python3.12/site-packages/airflow/example_dags/example_python_decorator.py took 0.288 seconds
[2024-08-25T00:11:32.966+0000] {processor.py:186} INFO - Started process (PID=731) to work on /home/airflow/.local/lib/python3.12/site-packages/airflow/example_dags/example_python_decorator.py
[2024-08-25T00:11:32.969+0000] {processor.py:914} INFO - Processing file /home/airflow/.local/lib/python3.12/site-packages/airflow/example_dags/example_python_decorator.py for tasks to queue
[2024-08-25T00:11:32.979+0000] {logging_mixin.py:190} INFO - [2024-08-25T00:11:32.978+0000] {dagbag.py:587} INFO - Filling up the DagBag from /home/airflow/.local/lib/python3.12/site-packages/airflow/example_dags/example_python_decorator.py
[2024-08-25T00:11:33.031+0000] {processor.py:925} INFO - DAG(s) 'example_python_decorator' retrieved from /home/airflow/.local/lib/python3.12/site-packages/airflow/example_dags/example_python_decorator.py
[2024-08-25T00:11:33.093+0000] {logging_mixin.py:190} INFO - [2024-08-25T00:11:33.092+0000] {dag.py:3211} INFO - Sync 1 DAGs
[2024-08-25T00:11:33.130+0000] {logging_mixin.py:190} INFO - [2024-08-25T00:11:33.129+0000] {dag.py:4138} INFO - Setting next_dagrun for example_python_decorator to None, run_after=None
[2024-08-25T00:11:33.189+0000] {processor.py:208} INFO - Processing /home/airflow/.local/lib/python3.12/site-packages/airflow/example_dags/example_python_decorator.py took 0.247 seconds
[2024-08-25T00:12:04.466+0000] {processor.py:186} INFO - Started process (PID=795) to work on /home/airflow/.local/lib/python3.12/site-packages/airflow/example_dags/example_python_decorator.py
[2024-08-25T00:12:04.468+0000] {processor.py:914} INFO - Processing file /home/airflow/.local/lib/python3.12/site-packages/airflow/example_dags/example_python_decorator.py for tasks to queue
[2024-08-25T00:12:04.473+0000] {logging_mixin.py:190} INFO - [2024-08-25T00:12:04.473+0000] {dagbag.py:587} INFO - Filling up the DagBag from /home/airflow/.local/lib/python3.12/site-packages/airflow/example_dags/example_python_decorator.py
[2024-08-25T00:12:04.514+0000] {processor.py:925} INFO - DAG(s) 'example_python_decorator' retrieved from /home/airflow/.local/lib/python3.12/site-packages/airflow/example_dags/example_python_decorator.py
[2024-08-25T00:12:04.606+0000] {logging_mixin.py:190} INFO - [2024-08-25T00:12:04.605+0000] {dag.py:3211} INFO - Sync 1 DAGs
[2024-08-25T00:12:04.653+0000] {logging_mixin.py:190} INFO - [2024-08-25T00:12:04.652+0000] {dag.py:4138} INFO - Setting next_dagrun for example_python_decorator to None, run_after=None
[2024-08-25T00:12:04.777+0000] {processor.py:208} INFO - Processing /home/airflow/.local/lib/python3.12/site-packages/airflow/example_dags/example_python_decorator.py took 0.325 seconds
[2024-08-25T00:12:35.161+0000] {processor.py:186} INFO - Started process (PID=858) to work on /home/airflow/.local/lib/python3.12/site-packages/airflow/example_dags/example_python_decorator.py
[2024-08-25T00:12:35.163+0000] {processor.py:914} INFO - Processing file /home/airflow/.local/lib/python3.12/site-packages/airflow/example_dags/example_python_decorator.py for tasks to queue
[2024-08-25T00:12:35.169+0000] {logging_mixin.py:190} INFO - [2024-08-25T00:12:35.169+0000] {dagbag.py:587} INFO - Filling up the DagBag from /home/airflow/.local/lib/python3.12/site-packages/airflow/example_dags/example_python_decorator.py
[2024-08-25T00:12:35.220+0000] {processor.py:925} INFO - DAG(s) 'example_python_decorator' retrieved from /home/airflow/.local/lib/python3.12/site-packages/airflow/example_dags/example_python_decorator.py
[2024-08-25T00:12:35.300+0000] {logging_mixin.py:190} INFO - [2024-08-25T00:12:35.298+0000] {dag.py:3211} INFO - Sync 1 DAGs
[2024-08-25T00:12:35.348+0000] {logging_mixin.py:190} INFO - [2024-08-25T00:12:35.347+0000] {dag.py:4138} INFO - Setting next_dagrun for example_python_decorator to None, run_after=None
[2024-08-25T00:12:35.395+0000] {processor.py:208} INFO - Processing /home/airflow/.local/lib/python3.12/site-packages/airflow/example_dags/example_python_decorator.py took 0.249 seconds
[2024-08-25T00:13:07.035+0000] {processor.py:186} INFO - Started process (PID=921) to work on /home/airflow/.local/lib/python3.12/site-packages/airflow/example_dags/example_python_decorator.py
[2024-08-25T00:13:07.038+0000] {processor.py:914} INFO - Processing file /home/airflow/.local/lib/python3.12/site-packages/airflow/example_dags/example_python_decorator.py for tasks to queue
[2024-08-25T00:13:07.047+0000] {logging_mixin.py:190} INFO - [2024-08-25T00:13:07.044+0000] {dagbag.py:587} INFO - Filling up the DagBag from /home/airflow/.local/lib/python3.12/site-packages/airflow/example_dags/example_python_decorator.py
[2024-08-25T00:13:07.090+0000] {processor.py:925} INFO - DAG(s) 'example_python_decorator' retrieved from /home/airflow/.local/lib/python3.12/site-packages/airflow/example_dags/example_python_decorator.py
[2024-08-25T00:13:07.162+0000] {logging_mixin.py:190} INFO - [2024-08-25T00:13:07.161+0000] {dag.py:3211} INFO - Sync 1 DAGs
[2024-08-25T00:13:07.209+0000] {logging_mixin.py:190} INFO - [2024-08-25T00:13:07.208+0000] {dag.py:4138} INFO - Setting next_dagrun for example_python_decorator to None, run_after=None
[2024-08-25T00:13:07.264+0000] {processor.py:208} INFO - Processing /home/airflow/.local/lib/python3.12/site-packages/airflow/example_dags/example_python_decorator.py took 0.249 seconds
[2024-08-25T00:13:38.648+0000] {processor.py:186} INFO - Started process (PID=984) to work on /home/airflow/.local/lib/python3.12/site-packages/airflow/example_dags/example_python_decorator.py
[2024-08-25T00:13:38.652+0000] {processor.py:914} INFO - Processing file /home/airflow/.local/lib/python3.12/site-packages/airflow/example_dags/example_python_decorator.py for tasks to queue
[2024-08-25T00:13:38.660+0000] {logging_mixin.py:190} INFO - [2024-08-25T00:13:38.659+0000] {dagbag.py:587} INFO - Filling up the DagBag from /home/airflow/.local/lib/python3.12/site-packages/airflow/example_dags/example_python_decorator.py
[2024-08-25T00:13:38.719+0000] {processor.py:925} INFO - DAG(s) 'example_python_decorator' retrieved from /home/airflow/.local/lib/python3.12/site-packages/airflow/example_dags/example_python_decorator.py
[2024-08-25T00:13:38.849+0000] {logging_mixin.py:190} INFO - [2024-08-25T00:13:38.838+0000] {dag.py:3211} INFO - Sync 1 DAGs
[2024-08-25T00:13:38.990+0000] {logging_mixin.py:190} INFO - [2024-08-25T00:13:38.989+0000] {dag.py:4138} INFO - Setting next_dagrun for example_python_decorator to None, run_after=None
[2024-08-25T00:13:39.100+0000] {processor.py:208} INFO - Processing /home/airflow/.local/lib/python3.12/site-packages/airflow/example_dags/example_python_decorator.py took 0.480 seconds
[2024-08-25T00:14:09.976+0000] {processor.py:186} INFO - Started process (PID=1048) to work on /home/airflow/.local/lib/python3.12/site-packages/airflow/example_dags/example_python_decorator.py
[2024-08-25T00:14:09.981+0000] {processor.py:914} INFO - Processing file /home/airflow/.local/lib/python3.12/site-packages/airflow/example_dags/example_python_decorator.py for tasks to queue
[2024-08-25T00:14:09.990+0000] {logging_mixin.py:190} INFO - [2024-08-25T00:14:09.989+0000] {dagbag.py:587} INFO - Filling up the DagBag from /home/airflow/.local/lib/python3.12/site-packages/airflow/example_dags/example_python_decorator.py
[2024-08-25T00:14:10.046+0000] {processor.py:925} INFO - DAG(s) 'example_python_decorator' retrieved from /home/airflow/.local/lib/python3.12/site-packages/airflow/example_dags/example_python_decorator.py
[2024-08-25T00:14:10.118+0000] {logging_mixin.py:190} INFO - [2024-08-25T00:14:10.118+0000] {dag.py:3211} INFO - Sync 1 DAGs
[2024-08-25T00:14:10.155+0000] {logging_mixin.py:190} INFO - [2024-08-25T00:14:10.154+0000] {dag.py:4138} INFO - Setting next_dagrun for example_python_decorator to None, run_after=None
[2024-08-25T00:14:10.200+0000] {processor.py:208} INFO - Processing /home/airflow/.local/lib/python3.12/site-packages/airflow/example_dags/example_python_decorator.py took 0.259 seconds
[2024-08-25T00:14:42.788+0000] {processor.py:186} INFO - Started process (PID=1112) to work on /home/airflow/.local/lib/python3.12/site-packages/airflow/example_dags/example_python_decorator.py
[2024-08-25T00:14:42.797+0000] {processor.py:914} INFO - Processing file /home/airflow/.local/lib/python3.12/site-packages/airflow/example_dags/example_python_decorator.py for tasks to queue
[2024-08-25T00:14:42.817+0000] {logging_mixin.py:190} INFO - [2024-08-25T00:14:42.806+0000] {dagbag.py:587} INFO - Filling up the DagBag from /home/airflow/.local/lib/python3.12/site-packages/airflow/example_dags/example_python_decorator.py
[2024-08-25T00:14:42.949+0000] {processor.py:925} INFO - DAG(s) 'example_python_decorator' retrieved from /home/airflow/.local/lib/python3.12/site-packages/airflow/example_dags/example_python_decorator.py
[2024-08-25T00:14:43.162+0000] {logging_mixin.py:190} INFO - [2024-08-25T00:14:43.160+0000] {dag.py:3211} INFO - Sync 1 DAGs
[2024-08-25T00:14:43.307+0000] {logging_mixin.py:190} INFO - [2024-08-25T00:14:43.306+0000] {dag.py:4138} INFO - Setting next_dagrun for example_python_decorator to None, run_after=None
[2024-08-25T00:14:43.438+0000] {processor.py:208} INFO - Processing /home/airflow/.local/lib/python3.12/site-packages/airflow/example_dags/example_python_decorator.py took 0.701 seconds
[2024-08-25T00:15:18.248+0000] {processor.py:186} INFO - Started process (PID=1175) to work on /home/airflow/.local/lib/python3.12/site-packages/airflow/example_dags/example_python_decorator.py
[2024-08-25T00:15:18.267+0000] {processor.py:914} INFO - Processing file /home/airflow/.local/lib/python3.12/site-packages/airflow/example_dags/example_python_decorator.py for tasks to queue
[2024-08-25T00:15:18.279+0000] {logging_mixin.py:190} INFO - [2024-08-25T00:15:18.278+0000] {dagbag.py:587} INFO - Filling up the DagBag from /home/airflow/.local/lib/python3.12/site-packages/airflow/example_dags/example_python_decorator.py
[2024-08-25T00:15:18.407+0000] {processor.py:925} INFO - DAG(s) 'example_python_decorator' retrieved from /home/airflow/.local/lib/python3.12/site-packages/airflow/example_dags/example_python_decorator.py
[2024-08-25T00:15:18.600+0000] {logging_mixin.py:190} INFO - [2024-08-25T00:15:18.596+0000] {dag.py:3211} INFO - Sync 1 DAGs
[2024-08-25T00:15:18.753+0000] {logging_mixin.py:190} INFO - [2024-08-25T00:15:18.745+0000] {dag.py:4138} INFO - Setting next_dagrun for example_python_decorator to None, run_after=None
[2024-08-25T00:15:18.942+0000] {processor.py:208} INFO - Processing /home/airflow/.local/lib/python3.12/site-packages/airflow/example_dags/example_python_decorator.py took 0.740 seconds
[2024-08-25T00:15:49.378+0000] {processor.py:186} INFO - Started process (PID=1239) to work on /home/airflow/.local/lib/python3.12/site-packages/airflow/example_dags/example_python_decorator.py
[2024-08-25T00:15:49.384+0000] {processor.py:914} INFO - Processing file /home/airflow/.local/lib/python3.12/site-packages/airflow/example_dags/example_python_decorator.py for tasks to queue
[2024-08-25T00:15:49.396+0000] {logging_mixin.py:190} INFO - [2024-08-25T00:15:49.395+0000] {dagbag.py:587} INFO - Filling up the DagBag from /home/airflow/.local/lib/python3.12/site-packages/airflow/example_dags/example_python_decorator.py
[2024-08-25T00:15:49.512+0000] {processor.py:925} INFO - DAG(s) 'example_python_decorator' retrieved from /home/airflow/.local/lib/python3.12/site-packages/airflow/example_dags/example_python_decorator.py
[2024-08-25T00:15:49.622+0000] {logging_mixin.py:190} INFO - [2024-08-25T00:15:49.620+0000] {dag.py:3211} INFO - Sync 1 DAGs
[2024-08-25T00:15:49.680+0000] {logging_mixin.py:190} INFO - [2024-08-25T00:15:49.679+0000] {dag.py:4138} INFO - Setting next_dagrun for example_python_decorator to None, run_after=None
[2024-08-25T00:15:49.853+0000] {processor.py:208} INFO - Processing /home/airflow/.local/lib/python3.12/site-packages/airflow/example_dags/example_python_decorator.py took 0.514 seconds
[2024-08-25T00:16:20.460+0000] {processor.py:186} INFO - Started process (PID=1303) to work on /home/airflow/.local/lib/python3.12/site-packages/airflow/example_dags/example_python_decorator.py
[2024-08-25T00:16:20.476+0000] {processor.py:914} INFO - Processing file /home/airflow/.local/lib/python3.12/site-packages/airflow/example_dags/example_python_decorator.py for tasks to queue
[2024-08-25T00:16:20.496+0000] {logging_mixin.py:190} INFO - [2024-08-25T00:16:20.495+0000] {dagbag.py:587} INFO - Filling up the DagBag from /home/airflow/.local/lib/python3.12/site-packages/airflow/example_dags/example_python_decorator.py
[2024-08-25T00:16:20.599+0000] {processor.py:925} INFO - DAG(s) 'example_python_decorator' retrieved from /home/airflow/.local/lib/python3.12/site-packages/airflow/example_dags/example_python_decorator.py
[2024-08-25T00:16:20.728+0000] {logging_mixin.py:190} INFO - [2024-08-25T00:16:20.726+0000] {dag.py:3211} INFO - Sync 1 DAGs
[2024-08-25T00:16:20.801+0000] {logging_mixin.py:190} INFO - [2024-08-25T00:16:20.800+0000] {dag.py:4138} INFO - Setting next_dagrun for example_python_decorator to None, run_after=None
[2024-08-25T00:16:20.881+0000] {processor.py:208} INFO - Processing /home/airflow/.local/lib/python3.12/site-packages/airflow/example_dags/example_python_decorator.py took 0.465 seconds
[2024-08-25T00:16:51.378+0000] {processor.py:186} INFO - Started process (PID=1366) to work on /home/airflow/.local/lib/python3.12/site-packages/airflow/example_dags/example_python_decorator.py
[2024-08-25T00:16:51.420+0000] {processor.py:914} INFO - Processing file /home/airflow/.local/lib/python3.12/site-packages/airflow/example_dags/example_python_decorator.py for tasks to queue
[2024-08-25T00:16:51.440+0000] {logging_mixin.py:190} INFO - [2024-08-25T00:16:51.439+0000] {dagbag.py:587} INFO - Filling up the DagBag from /home/airflow/.local/lib/python3.12/site-packages/airflow/example_dags/example_python_decorator.py
[2024-08-25T00:16:51.526+0000] {processor.py:925} INFO - DAG(s) 'example_python_decorator' retrieved from /home/airflow/.local/lib/python3.12/site-packages/airflow/example_dags/example_python_decorator.py
[2024-08-25T00:16:51.623+0000] {logging_mixin.py:190} INFO - [2024-08-25T00:16:51.622+0000] {dag.py:3211} INFO - Sync 1 DAGs
[2024-08-25T00:16:51.714+0000] {logging_mixin.py:190} INFO - [2024-08-25T00:16:51.708+0000] {dag.py:4138} INFO - Setting next_dagrun for example_python_decorator to None, run_after=None
[2024-08-25T00:16:51.819+0000] {processor.py:208} INFO - Processing /home/airflow/.local/lib/python3.12/site-packages/airflow/example_dags/example_python_decorator.py took 0.484 seconds
[2024-08-25T00:17:22.531+0000] {processor.py:186} INFO - Started process (PID=1428) to work on /home/airflow/.local/lib/python3.12/site-packages/airflow/example_dags/example_python_decorator.py
[2024-08-25T00:17:22.534+0000] {processor.py:914} INFO - Processing file /home/airflow/.local/lib/python3.12/site-packages/airflow/example_dags/example_python_decorator.py for tasks to queue
[2024-08-25T00:17:22.541+0000] {logging_mixin.py:190} INFO - [2024-08-25T00:17:22.540+0000] {dagbag.py:587} INFO - Filling up the DagBag from /home/airflow/.local/lib/python3.12/site-packages/airflow/example_dags/example_python_decorator.py
[2024-08-25T00:17:22.605+0000] {processor.py:925} INFO - DAG(s) 'example_python_decorator' retrieved from /home/airflow/.local/lib/python3.12/site-packages/airflow/example_dags/example_python_decorator.py
[2024-08-25T00:17:22.771+0000] {logging_mixin.py:190} INFO - [2024-08-25T00:17:22.770+0000] {dag.py:3211} INFO - Sync 1 DAGs
[2024-08-25T00:17:22.874+0000] {logging_mixin.py:190} INFO - [2024-08-25T00:17:22.873+0000] {dag.py:4138} INFO - Setting next_dagrun for example_python_decorator to None, run_after=None
[2024-08-25T00:17:23.044+0000] {processor.py:208} INFO - Processing /home/airflow/.local/lib/python3.12/site-packages/airflow/example_dags/example_python_decorator.py took 0.535 seconds
[2024-08-25T00:17:56.630+0000] {processor.py:186} INFO - Started process (PID=1492) to work on /home/airflow/.local/lib/python3.12/site-packages/airflow/example_dags/example_python_decorator.py
[2024-08-25T00:17:56.633+0000] {processor.py:914} INFO - Processing file /home/airflow/.local/lib/python3.12/site-packages/airflow/example_dags/example_python_decorator.py for tasks to queue
[2024-08-25T00:17:56.639+0000] {logging_mixin.py:190} INFO - [2024-08-25T00:17:56.639+0000] {dagbag.py:587} INFO - Filling up the DagBag from /home/airflow/.local/lib/python3.12/site-packages/airflow/example_dags/example_python_decorator.py
[2024-08-25T00:17:56.682+0000] {processor.py:925} INFO - DAG(s) 'example_python_decorator' retrieved from /home/airflow/.local/lib/python3.12/site-packages/airflow/example_dags/example_python_decorator.py
[2024-08-25T00:17:56.750+0000] {logging_mixin.py:190} INFO - [2024-08-25T00:17:56.749+0000] {dag.py:3211} INFO - Sync 1 DAGs
[2024-08-25T00:17:56.808+0000] {logging_mixin.py:190} INFO - [2024-08-25T00:17:56.808+0000] {dag.py:4138} INFO - Setting next_dagrun for example_python_decorator to None, run_after=None
[2024-08-25T00:17:56.876+0000] {processor.py:208} INFO - Processing /home/airflow/.local/lib/python3.12/site-packages/airflow/example_dags/example_python_decorator.py took 0.263 seconds
[2024-08-25T00:18:28.570+0000] {processor.py:186} INFO - Started process (PID=1555) to work on /home/airflow/.local/lib/python3.12/site-packages/airflow/example_dags/example_python_decorator.py
[2024-08-25T00:18:28.576+0000] {processor.py:914} INFO - Processing file /home/airflow/.local/lib/python3.12/site-packages/airflow/example_dags/example_python_decorator.py for tasks to queue
[2024-08-25T00:18:28.587+0000] {logging_mixin.py:190} INFO - [2024-08-25T00:18:28.586+0000] {dagbag.py:587} INFO - Filling up the DagBag from /home/airflow/.local/lib/python3.12/site-packages/airflow/example_dags/example_python_decorator.py
[2024-08-25T00:18:28.660+0000] {processor.py:925} INFO - DAG(s) 'example_python_decorator' retrieved from /home/airflow/.local/lib/python3.12/site-packages/airflow/example_dags/example_python_decorator.py
[2024-08-25T00:18:28.768+0000] {logging_mixin.py:190} INFO - [2024-08-25T00:18:28.766+0000] {dag.py:3211} INFO - Sync 1 DAGs
[2024-08-25T00:18:28.832+0000] {logging_mixin.py:190} INFO - [2024-08-25T00:18:28.831+0000] {dag.py:4138} INFO - Setting next_dagrun for example_python_decorator to None, run_after=None
[2024-08-25T00:18:28.921+0000] {processor.py:208} INFO - Processing /home/airflow/.local/lib/python3.12/site-packages/airflow/example_dags/example_python_decorator.py took 0.378 seconds
[2024-08-25T00:18:59.581+0000] {processor.py:186} INFO - Started process (PID=1617) to work on /home/airflow/.local/lib/python3.12/site-packages/airflow/example_dags/example_python_decorator.py
[2024-08-25T00:18:59.583+0000] {processor.py:914} INFO - Processing file /home/airflow/.local/lib/python3.12/site-packages/airflow/example_dags/example_python_decorator.py for tasks to queue
[2024-08-25T00:18:59.590+0000] {logging_mixin.py:190} INFO - [2024-08-25T00:18:59.589+0000] {dagbag.py:587} INFO - Filling up the DagBag from /home/airflow/.local/lib/python3.12/site-packages/airflow/example_dags/example_python_decorator.py
[2024-08-25T00:18:59.625+0000] {processor.py:925} INFO - DAG(s) 'example_python_decorator' retrieved from /home/airflow/.local/lib/python3.12/site-packages/airflow/example_dags/example_python_decorator.py
[2024-08-25T00:18:59.699+0000] {logging_mixin.py:190} INFO - [2024-08-25T00:18:59.698+0000] {dag.py:3211} INFO - Sync 1 DAGs
[2024-08-25T00:18:59.742+0000] {logging_mixin.py:190} INFO - [2024-08-25T00:18:59.742+0000] {dag.py:4138} INFO - Setting next_dagrun for example_python_decorator to None, run_after=None
[2024-08-25T00:18:59.795+0000] {processor.py:208} INFO - Processing /home/airflow/.local/lib/python3.12/site-packages/airflow/example_dags/example_python_decorator.py took 0.230 seconds
[2024-08-25T00:19:30.728+0000] {processor.py:186} INFO - Started process (PID=1680) to work on /home/airflow/.local/lib/python3.12/site-packages/airflow/example_dags/example_python_decorator.py
[2024-08-25T00:19:30.730+0000] {processor.py:914} INFO - Processing file /home/airflow/.local/lib/python3.12/site-packages/airflow/example_dags/example_python_decorator.py for tasks to queue
[2024-08-25T00:19:30.735+0000] {logging_mixin.py:190} INFO - [2024-08-25T00:19:30.735+0000] {dagbag.py:587} INFO - Filling up the DagBag from /home/airflow/.local/lib/python3.12/site-packages/airflow/example_dags/example_python_decorator.py
[2024-08-25T00:19:30.774+0000] {processor.py:925} INFO - DAG(s) 'example_python_decorator' retrieved from /home/airflow/.local/lib/python3.12/site-packages/airflow/example_dags/example_python_decorator.py
[2024-08-25T00:19:30.852+0000] {logging_mixin.py:190} INFO - [2024-08-25T00:19:30.851+0000] {dag.py:3211} INFO - Sync 1 DAGs
[2024-08-25T00:19:30.887+0000] {logging_mixin.py:190} INFO - [2024-08-25T00:19:30.887+0000] {dag.py:4138} INFO - Setting next_dagrun for example_python_decorator to None, run_after=None
[2024-08-25T00:19:30.928+0000] {processor.py:208} INFO - Processing /home/airflow/.local/lib/python3.12/site-packages/airflow/example_dags/example_python_decorator.py took 0.217 seconds
[2024-08-25T00:20:01.382+0000] {processor.py:186} INFO - Started process (PID=1743) to work on /home/airflow/.local/lib/python3.12/site-packages/airflow/example_dags/example_python_decorator.py
[2024-08-25T00:20:01.385+0000] {processor.py:914} INFO - Processing file /home/airflow/.local/lib/python3.12/site-packages/airflow/example_dags/example_python_decorator.py for tasks to queue
[2024-08-25T00:20:01.394+0000] {logging_mixin.py:190} INFO - [2024-08-25T00:20:01.393+0000] {dagbag.py:587} INFO - Filling up the DagBag from /home/airflow/.local/lib/python3.12/site-packages/airflow/example_dags/example_python_decorator.py
[2024-08-25T00:20:01.469+0000] {processor.py:925} INFO - DAG(s) 'example_python_decorator' retrieved from /home/airflow/.local/lib/python3.12/site-packages/airflow/example_dags/example_python_decorator.py
[2024-08-25T00:20:01.527+0000] {logging_mixin.py:190} INFO - [2024-08-25T00:20:01.526+0000] {dag.py:3211} INFO - Sync 1 DAGs
[2024-08-25T00:20:01.564+0000] {logging_mixin.py:190} INFO - [2024-08-25T00:20:01.564+0000] {dag.py:4138} INFO - Setting next_dagrun for example_python_decorator to None, run_after=None
[2024-08-25T00:20:01.621+0000] {processor.py:208} INFO - Processing /home/airflow/.local/lib/python3.12/site-packages/airflow/example_dags/example_python_decorator.py took 0.261 seconds
[2024-08-25T00:20:33.196+0000] {processor.py:186} INFO - Started process (PID=1807) to work on /home/airflow/.local/lib/python3.12/site-packages/airflow/example_dags/example_python_decorator.py
[2024-08-25T00:20:33.199+0000] {processor.py:914} INFO - Processing file /home/airflow/.local/lib/python3.12/site-packages/airflow/example_dags/example_python_decorator.py for tasks to queue
[2024-08-25T00:20:33.217+0000] {logging_mixin.py:190} INFO - [2024-08-25T00:20:33.217+0000] {dagbag.py:587} INFO - Filling up the DagBag from /home/airflow/.local/lib/python3.12/site-packages/airflow/example_dags/example_python_decorator.py
[2024-08-25T00:20:33.275+0000] {processor.py:925} INFO - DAG(s) 'example_python_decorator' retrieved from /home/airflow/.local/lib/python3.12/site-packages/airflow/example_dags/example_python_decorator.py
[2024-08-25T00:20:33.370+0000] {logging_mixin.py:190} INFO - [2024-08-25T00:20:33.369+0000] {dag.py:3211} INFO - Sync 1 DAGs
[2024-08-25T00:20:33.441+0000] {logging_mixin.py:190} INFO - [2024-08-25T00:20:33.440+0000] {dag.py:4138} INFO - Setting next_dagrun for example_python_decorator to None, run_after=None
[2024-08-25T00:20:33.532+0000] {processor.py:208} INFO - Processing /home/airflow/.local/lib/python3.12/site-packages/airflow/example_dags/example_python_decorator.py took 0.360 seconds
[2024-08-25T00:21:06.623+0000] {processor.py:186} INFO - Started process (PID=1870) to work on /home/airflow/.local/lib/python3.12/site-packages/airflow/example_dags/example_python_decorator.py
[2024-08-25T00:21:06.656+0000] {processor.py:914} INFO - Processing file /home/airflow/.local/lib/python3.12/site-packages/airflow/example_dags/example_python_decorator.py for tasks to queue
[2024-08-25T00:21:06.683+0000] {logging_mixin.py:190} INFO - [2024-08-25T00:21:06.682+0000] {dagbag.py:587} INFO - Filling up the DagBag from /home/airflow/.local/lib/python3.12/site-packages/airflow/example_dags/example_python_decorator.py
[2024-08-25T00:21:06.818+0000] {processor.py:925} INFO - DAG(s) 'example_python_decorator' retrieved from /home/airflow/.local/lib/python3.12/site-packages/airflow/example_dags/example_python_decorator.py
[2024-08-25T00:21:07.066+0000] {logging_mixin.py:190} INFO - [2024-08-25T00:21:07.065+0000] {dag.py:3211} INFO - Sync 1 DAGs
[2024-08-25T00:21:07.289+0000] {logging_mixin.py:190} INFO - [2024-08-25T00:21:07.289+0000] {dag.py:4138} INFO - Setting next_dagrun for example_python_decorator to None, run_after=None
[2024-08-25T00:21:07.514+0000] {processor.py:208} INFO - Processing /home/airflow/.local/lib/python3.12/site-packages/airflow/example_dags/example_python_decorator.py took 0.969 seconds
[2024-08-25T00:26:34.969+0000] {processor.py:186} INFO - Started process (PID=102) to work on /home/airflow/.local/lib/python3.12/site-packages/airflow/example_dags/example_python_decorator.py
[2024-08-25T00:26:34.976+0000] {processor.py:914} INFO - Processing file /home/airflow/.local/lib/python3.12/site-packages/airflow/example_dags/example_python_decorator.py for tasks to queue
[2024-08-25T00:26:34.995+0000] {logging_mixin.py:190} INFO - [2024-08-25T00:26:34.994+0000] {dagbag.py:587} INFO - Filling up the DagBag from /home/airflow/.local/lib/python3.12/site-packages/airflow/example_dags/example_python_decorator.py
[2024-08-25T00:26:35.160+0000] {processor.py:925} INFO - DAG(s) 'example_python_decorator' retrieved from /home/airflow/.local/lib/python3.12/site-packages/airflow/example_dags/example_python_decorator.py
[2024-08-25T00:26:36.643+0000] {logging_mixin.py:190} INFO - [2024-08-25T00:26:36.640+0000] {dag.py:3211} INFO - Sync 1 DAGs
[2024-08-25T00:26:36.756+0000] {logging_mixin.py:190} INFO - [2024-08-25T00:26:36.755+0000] {dag.py:4138} INFO - Setting next_dagrun for example_python_decorator to None, run_after=None
[2024-08-25T00:26:36.895+0000] {processor.py:208} INFO - Processing /home/airflow/.local/lib/python3.12/site-packages/airflow/example_dags/example_python_decorator.py took 2.041 seconds
[2024-08-25T00:27:33.602+0000] {processor.py:186} INFO - Started process (PID=171) to work on /home/airflow/.local/lib/python3.12/site-packages/airflow/example_dags/example_python_decorator.py
[2024-08-25T00:27:33.607+0000] {processor.py:914} INFO - Processing file /home/airflow/.local/lib/python3.12/site-packages/airflow/example_dags/example_python_decorator.py for tasks to queue
[2024-08-25T00:27:33.625+0000] {logging_mixin.py:190} INFO - [2024-08-25T00:27:33.625+0000] {dagbag.py:587} INFO - Filling up the DagBag from /home/airflow/.local/lib/python3.12/site-packages/airflow/example_dags/example_python_decorator.py
[2024-08-25T00:27:33.840+0000] {processor.py:925} INFO - DAG(s) 'example_python_decorator' retrieved from /home/airflow/.local/lib/python3.12/site-packages/airflow/example_dags/example_python_decorator.py
[2024-08-25T00:27:34.041+0000] {logging_mixin.py:190} INFO - [2024-08-25T00:27:34.039+0000] {dag.py:3211} INFO - Sync 1 DAGs
[2024-08-25T00:27:34.240+0000] {logging_mixin.py:190} INFO - [2024-08-25T00:27:34.239+0000] {dag.py:4138} INFO - Setting next_dagrun for example_python_decorator to None, run_after=None
[2024-08-25T00:27:34.486+0000] {processor.py:208} INFO - Processing /home/airflow/.local/lib/python3.12/site-packages/airflow/example_dags/example_python_decorator.py took 0.929 seconds
[2024-08-25T00:28:21.938+0000] {processor.py:186} INFO - Started process (PID=234) to work on /home/airflow/.local/lib/python3.12/site-packages/airflow/example_dags/example_python_decorator.py
[2024-08-25T00:28:21.952+0000] {processor.py:914} INFO - Processing file /home/airflow/.local/lib/python3.12/site-packages/airflow/example_dags/example_python_decorator.py for tasks to queue
[2024-08-25T00:28:21.964+0000] {logging_mixin.py:190} INFO - [2024-08-25T00:28:21.963+0000] {dagbag.py:587} INFO - Filling up the DagBag from /home/airflow/.local/lib/python3.12/site-packages/airflow/example_dags/example_python_decorator.py
[2024-08-25T00:28:22.108+0000] {processor.py:925} INFO - DAG(s) 'example_python_decorator' retrieved from /home/airflow/.local/lib/python3.12/site-packages/airflow/example_dags/example_python_decorator.py
[2024-08-25T00:28:22.373+0000] {logging_mixin.py:190} INFO - [2024-08-25T00:28:22.371+0000] {dag.py:3211} INFO - Sync 1 DAGs
[2024-08-25T00:28:22.461+0000] {logging_mixin.py:190} INFO - [2024-08-25T00:28:22.461+0000] {dag.py:4138} INFO - Setting next_dagrun for example_python_decorator to None, run_after=None
[2024-08-25T00:28:22.616+0000] {processor.py:208} INFO - Processing /home/airflow/.local/lib/python3.12/site-packages/airflow/example_dags/example_python_decorator.py took 0.742 seconds
[2024-08-25T00:28:54.574+0000] {processor.py:186} INFO - Started process (PID=293) to work on /home/airflow/.local/lib/python3.12/site-packages/airflow/example_dags/example_python_decorator.py
[2024-08-25T00:28:54.587+0000] {processor.py:914} INFO - Processing file /home/airflow/.local/lib/python3.12/site-packages/airflow/example_dags/example_python_decorator.py for tasks to queue
[2024-08-25T00:28:54.594+0000] {logging_mixin.py:190} INFO - [2024-08-25T00:28:54.593+0000] {dagbag.py:587} INFO - Filling up the DagBag from /home/airflow/.local/lib/python3.12/site-packages/airflow/example_dags/example_python_decorator.py
[2024-08-25T00:28:54.749+0000] {processor.py:925} INFO - DAG(s) 'example_python_decorator' retrieved from /home/airflow/.local/lib/python3.12/site-packages/airflow/example_dags/example_python_decorator.py
[2024-08-25T00:28:55.002+0000] {logging_mixin.py:190} INFO - [2024-08-25T00:28:55.000+0000] {dag.py:3211} INFO - Sync 1 DAGs
[2024-08-25T00:28:55.169+0000] {logging_mixin.py:190} INFO - [2024-08-25T00:28:55.169+0000] {dag.py:4138} INFO - Setting next_dagrun for example_python_decorator to None, run_after=None
[2024-08-25T00:28:55.352+0000] {processor.py:208} INFO - Processing /home/airflow/.local/lib/python3.12/site-packages/airflow/example_dags/example_python_decorator.py took 0.801 seconds
[2024-08-25T00:29:25.848+0000] {processor.py:186} INFO - Started process (PID=356) to work on /home/airflow/.local/lib/python3.12/site-packages/airflow/example_dags/example_python_decorator.py
[2024-08-25T00:29:25.857+0000] {processor.py:914} INFO - Processing file /home/airflow/.local/lib/python3.12/site-packages/airflow/example_dags/example_python_decorator.py for tasks to queue
[2024-08-25T00:29:25.868+0000] {logging_mixin.py:190} INFO - [2024-08-25T00:29:25.867+0000] {dagbag.py:587} INFO - Filling up the DagBag from /home/airflow/.local/lib/python3.12/site-packages/airflow/example_dags/example_python_decorator.py
[2024-08-25T00:29:25.966+0000] {processor.py:925} INFO - DAG(s) 'example_python_decorator' retrieved from /home/airflow/.local/lib/python3.12/site-packages/airflow/example_dags/example_python_decorator.py
[2024-08-25T00:29:26.063+0000] {logging_mixin.py:190} INFO - [2024-08-25T00:29:26.061+0000] {dag.py:3211} INFO - Sync 1 DAGs
[2024-08-25T00:29:26.124+0000] {logging_mixin.py:190} INFO - [2024-08-25T00:29:26.123+0000] {dag.py:4138} INFO - Setting next_dagrun for example_python_decorator to None, run_after=None
[2024-08-25T00:29:26.185+0000] {processor.py:208} INFO - Processing /home/airflow/.local/lib/python3.12/site-packages/airflow/example_dags/example_python_decorator.py took 0.410 seconds
[2024-08-25T00:29:58.904+0000] {processor.py:186} INFO - Started process (PID=419) to work on /home/airflow/.local/lib/python3.12/site-packages/airflow/example_dags/example_python_decorator.py
[2024-08-25T00:29:58.907+0000] {processor.py:914} INFO - Processing file /home/airflow/.local/lib/python3.12/site-packages/airflow/example_dags/example_python_decorator.py for tasks to queue
[2024-08-25T00:29:58.915+0000] {logging_mixin.py:190} INFO - [2024-08-25T00:29:58.914+0000] {dagbag.py:587} INFO - Filling up the DagBag from /home/airflow/.local/lib/python3.12/site-packages/airflow/example_dags/example_python_decorator.py
[2024-08-25T00:29:58.975+0000] {processor.py:925} INFO - DAG(s) 'example_python_decorator' retrieved from /home/airflow/.local/lib/python3.12/site-packages/airflow/example_dags/example_python_decorator.py
[2024-08-25T00:29:59.069+0000] {logging_mixin.py:190} INFO - [2024-08-25T00:29:59.068+0000] {dag.py:3211} INFO - Sync 1 DAGs
[2024-08-25T00:29:59.120+0000] {logging_mixin.py:190} INFO - [2024-08-25T00:29:59.119+0000] {dag.py:4138} INFO - Setting next_dagrun for example_python_decorator to None, run_after=None
[2024-08-25T00:29:59.170+0000] {processor.py:208} INFO - Processing /home/airflow/.local/lib/python3.12/site-packages/airflow/example_dags/example_python_decorator.py took 0.286 seconds
[2024-08-25T00:30:37.622+0000] {processor.py:186} INFO - Started process (PID=482) to work on /home/airflow/.local/lib/python3.12/site-packages/airflow/example_dags/example_python_decorator.py
[2024-08-25T00:30:37.634+0000] {processor.py:914} INFO - Processing file /home/airflow/.local/lib/python3.12/site-packages/airflow/example_dags/example_python_decorator.py for tasks to queue
[2024-08-25T00:30:37.646+0000] {logging_mixin.py:190} INFO - [2024-08-25T00:30:37.645+0000] {dagbag.py:587} INFO - Filling up the DagBag from /home/airflow/.local/lib/python3.12/site-packages/airflow/example_dags/example_python_decorator.py
[2024-08-25T00:30:37.813+0000] {processor.py:925} INFO - DAG(s) 'example_python_decorator' retrieved from /home/airflow/.local/lib/python3.12/site-packages/airflow/example_dags/example_python_decorator.py
[2024-08-25T00:30:37.967+0000] {logging_mixin.py:190} INFO - [2024-08-25T00:30:37.965+0000] {dag.py:3211} INFO - Sync 1 DAGs
[2024-08-25T00:30:38.062+0000] {logging_mixin.py:190} INFO - [2024-08-25T00:30:38.062+0000] {dag.py:4138} INFO - Setting next_dagrun for example_python_decorator to None, run_after=None
[2024-08-25T00:30:38.122+0000] {processor.py:208} INFO - Processing /home/airflow/.local/lib/python3.12/site-packages/airflow/example_dags/example_python_decorator.py took 0.578 seconds
[2024-08-25T00:31:09.174+0000] {processor.py:186} INFO - Started process (PID=546) to work on /home/airflow/.local/lib/python3.12/site-packages/airflow/example_dags/example_python_decorator.py
[2024-08-25T00:31:09.185+0000] {processor.py:914} INFO - Processing file /home/airflow/.local/lib/python3.12/site-packages/airflow/example_dags/example_python_decorator.py for tasks to queue
[2024-08-25T00:31:09.207+0000] {logging_mixin.py:190} INFO - [2024-08-25T00:31:09.206+0000] {dagbag.py:587} INFO - Filling up the DagBag from /home/airflow/.local/lib/python3.12/site-packages/airflow/example_dags/example_python_decorator.py
[2024-08-25T00:31:09.392+0000] {processor.py:925} INFO - DAG(s) 'example_python_decorator' retrieved from /home/airflow/.local/lib/python3.12/site-packages/airflow/example_dags/example_python_decorator.py
[2024-08-25T00:31:09.665+0000] {logging_mixin.py:190} INFO - [2024-08-25T00:31:09.663+0000] {dag.py:3211} INFO - Sync 1 DAGs
[2024-08-25T00:31:09.798+0000] {logging_mixin.py:190} INFO - [2024-08-25T00:31:09.797+0000] {dag.py:4138} INFO - Setting next_dagrun for example_python_decorator to None, run_after=None
[2024-08-25T00:31:09.901+0000] {processor.py:208} INFO - Processing /home/airflow/.local/lib/python3.12/site-packages/airflow/example_dags/example_python_decorator.py took 0.783 seconds
[2024-08-25T00:31:57.289+0000] {processor.py:186} INFO - Started process (PID=605) to work on /home/airflow/.local/lib/python3.12/site-packages/airflow/example_dags/example_python_decorator.py
[2024-08-25T00:31:57.291+0000] {processor.py:914} INFO - Processing file /home/airflow/.local/lib/python3.12/site-packages/airflow/example_dags/example_python_decorator.py for tasks to queue
[2024-08-25T00:31:57.302+0000] {logging_mixin.py:190} INFO - [2024-08-25T00:31:57.301+0000] {dagbag.py:587} INFO - Filling up the DagBag from /home/airflow/.local/lib/python3.12/site-packages/airflow/example_dags/example_python_decorator.py
[2024-08-25T00:31:57.373+0000] {processor.py:925} INFO - DAG(s) 'example_python_decorator' retrieved from /home/airflow/.local/lib/python3.12/site-packages/airflow/example_dags/example_python_decorator.py
[2024-08-25T00:31:57.491+0000] {logging_mixin.py:190} INFO - [2024-08-25T00:31:57.489+0000] {dag.py:3211} INFO - Sync 1 DAGs
[2024-08-25T00:31:57.643+0000] {logging_mixin.py:190} INFO - [2024-08-25T00:31:57.642+0000] {dag.py:4138} INFO - Setting next_dagrun for example_python_decorator to None, run_after=None
[2024-08-25T00:31:57.865+0000] {processor.py:208} INFO - Processing /home/airflow/.local/lib/python3.12/site-packages/airflow/example_dags/example_python_decorator.py took 0.604 seconds
[2024-08-25T00:32:28.136+0000] {processor.py:186} INFO - Started process (PID=668) to work on /home/airflow/.local/lib/python3.12/site-packages/airflow/example_dags/example_python_decorator.py
[2024-08-25T00:32:28.139+0000] {processor.py:914} INFO - Processing file /home/airflow/.local/lib/python3.12/site-packages/airflow/example_dags/example_python_decorator.py for tasks to queue
[2024-08-25T00:32:28.168+0000] {logging_mixin.py:190} INFO - [2024-08-25T00:32:28.167+0000] {dagbag.py:587} INFO - Filling up the DagBag from /home/airflow/.local/lib/python3.12/site-packages/airflow/example_dags/example_python_decorator.py
[2024-08-25T00:32:28.280+0000] {processor.py:925} INFO - DAG(s) 'example_python_decorator' retrieved from /home/airflow/.local/lib/python3.12/site-packages/airflow/example_dags/example_python_decorator.py
[2024-08-25T00:32:28.501+0000] {logging_mixin.py:190} INFO - [2024-08-25T00:32:28.498+0000] {dag.py:3211} INFO - Sync 1 DAGs
[2024-08-25T00:32:28.646+0000] {logging_mixin.py:190} INFO - [2024-08-25T00:32:28.646+0000] {dag.py:4138} INFO - Setting next_dagrun for example_python_decorator to None, run_after=None
[2024-08-25T00:32:28.902+0000] {processor.py:208} INFO - Processing /home/airflow/.local/lib/python3.12/site-packages/airflow/example_dags/example_python_decorator.py took 0.835 seconds
[2024-08-25T00:33:13.057+0000] {processor.py:186} INFO - Started process (PID=727) to work on /home/airflow/.local/lib/python3.12/site-packages/airflow/example_dags/example_python_decorator.py
[2024-08-25T00:33:13.076+0000] {processor.py:914} INFO - Processing file /home/airflow/.local/lib/python3.12/site-packages/airflow/example_dags/example_python_decorator.py for tasks to queue
[2024-08-25T00:33:13.108+0000] {logging_mixin.py:190} INFO - [2024-08-25T00:33:13.107+0000] {dagbag.py:587} INFO - Filling up the DagBag from /home/airflow/.local/lib/python3.12/site-packages/airflow/example_dags/example_python_decorator.py
[2024-08-25T00:33:13.267+0000] {processor.py:925} INFO - DAG(s) 'example_python_decorator' retrieved from /home/airflow/.local/lib/python3.12/site-packages/airflow/example_dags/example_python_decorator.py
[2024-08-25T00:33:13.659+0000] {logging_mixin.py:190} INFO - [2024-08-25T00:33:13.645+0000] {dag.py:3211} INFO - Sync 1 DAGs
[2024-08-25T00:33:13.896+0000] {logging_mixin.py:190} INFO - [2024-08-25T00:33:13.894+0000] {dag.py:4138} INFO - Setting next_dagrun for example_python_decorator to None, run_after=None
[2024-08-25T00:33:14.149+0000] {processor.py:208} INFO - Processing /home/airflow/.local/lib/python3.12/site-packages/airflow/example_dags/example_python_decorator.py took 1.197 seconds
[2024-08-25T00:34:05.350+0000] {processor.py:186} INFO - Started process (PID=791) to work on /home/airflow/.local/lib/python3.12/site-packages/airflow/example_dags/example_python_decorator.py
[2024-08-25T00:34:05.353+0000] {processor.py:914} INFO - Processing file /home/airflow/.local/lib/python3.12/site-packages/airflow/example_dags/example_python_decorator.py for tasks to queue
[2024-08-25T00:34:05.389+0000] {logging_mixin.py:190} INFO - [2024-08-25T00:34:05.388+0000] {dagbag.py:587} INFO - Filling up the DagBag from /home/airflow/.local/lib/python3.12/site-packages/airflow/example_dags/example_python_decorator.py
[2024-08-25T00:34:05.498+0000] {processor.py:925} INFO - DAG(s) 'example_python_decorator' retrieved from /home/airflow/.local/lib/python3.12/site-packages/airflow/example_dags/example_python_decorator.py
[2024-08-25T00:34:05.655+0000] {logging_mixin.py:190} INFO - [2024-08-25T00:34:05.653+0000] {dag.py:3211} INFO - Sync 1 DAGs
[2024-08-25T00:34:05.766+0000] {logging_mixin.py:190} INFO - [2024-08-25T00:34:05.765+0000] {dag.py:4138} INFO - Setting next_dagrun for example_python_decorator to None, run_after=None
[2024-08-25T00:34:05.879+0000] {processor.py:208} INFO - Processing /home/airflow/.local/lib/python3.12/site-packages/airflow/example_dags/example_python_decorator.py took 0.608 seconds
[2024-08-25T00:34:38.187+0000] {processor.py:186} INFO - Started process (PID=854) to work on /home/airflow/.local/lib/python3.12/site-packages/airflow/example_dags/example_python_decorator.py
[2024-08-25T00:34:38.195+0000] {processor.py:914} INFO - Processing file /home/airflow/.local/lib/python3.12/site-packages/airflow/example_dags/example_python_decorator.py for tasks to queue
[2024-08-25T00:34:38.223+0000] {logging_mixin.py:190} INFO - [2024-08-25T00:34:38.222+0000] {dagbag.py:587} INFO - Filling up the DagBag from /home/airflow/.local/lib/python3.12/site-packages/airflow/example_dags/example_python_decorator.py
[2024-08-25T00:34:38.348+0000] {processor.py:925} INFO - DAG(s) 'example_python_decorator' retrieved from /home/airflow/.local/lib/python3.12/site-packages/airflow/example_dags/example_python_decorator.py
[2024-08-25T00:34:38.549+0000] {logging_mixin.py:190} INFO - [2024-08-25T00:34:38.548+0000] {dag.py:3211} INFO - Sync 1 DAGs
[2024-08-25T00:34:38.625+0000] {logging_mixin.py:190} INFO - [2024-08-25T00:34:38.625+0000] {dag.py:4138} INFO - Setting next_dagrun for example_python_decorator to None, run_after=None
[2024-08-25T00:34:38.730+0000] {processor.py:208} INFO - Processing /home/airflow/.local/lib/python3.12/site-packages/airflow/example_dags/example_python_decorator.py took 0.590 seconds
[2024-08-25T00:35:10.630+0000] {processor.py:186} INFO - Started process (PID=916) to work on /home/airflow/.local/lib/python3.12/site-packages/airflow/example_dags/example_python_decorator.py
[2024-08-25T00:35:10.632+0000] {processor.py:914} INFO - Processing file /home/airflow/.local/lib/python3.12/site-packages/airflow/example_dags/example_python_decorator.py for tasks to queue
[2024-08-25T00:35:10.639+0000] {logging_mixin.py:190} INFO - [2024-08-25T00:35:10.638+0000] {dagbag.py:587} INFO - Filling up the DagBag from /home/airflow/.local/lib/python3.12/site-packages/airflow/example_dags/example_python_decorator.py
[2024-08-25T00:35:10.690+0000] {processor.py:925} INFO - DAG(s) 'example_python_decorator' retrieved from /home/airflow/.local/lib/python3.12/site-packages/airflow/example_dags/example_python_decorator.py
[2024-08-25T00:35:10.770+0000] {logging_mixin.py:190} INFO - [2024-08-25T00:35:10.768+0000] {dag.py:3211} INFO - Sync 1 DAGs
[2024-08-25T00:35:10.850+0000] {logging_mixin.py:190} INFO - [2024-08-25T00:35:10.849+0000] {dag.py:4138} INFO - Setting next_dagrun for example_python_decorator to None, run_after=None
[2024-08-25T00:35:11.054+0000] {processor.py:208} INFO - Processing /home/airflow/.local/lib/python3.12/site-packages/airflow/example_dags/example_python_decorator.py took 0.445 seconds
[2024-08-25T00:35:41.420+0000] {processor.py:186} INFO - Started process (PID=979) to work on /home/airflow/.local/lib/python3.12/site-packages/airflow/example_dags/example_python_decorator.py
[2024-08-25T00:35:41.434+0000] {processor.py:914} INFO - Processing file /home/airflow/.local/lib/python3.12/site-packages/airflow/example_dags/example_python_decorator.py for tasks to queue
[2024-08-25T00:35:41.462+0000] {logging_mixin.py:190} INFO - [2024-08-25T00:35:41.460+0000] {dagbag.py:587} INFO - Filling up the DagBag from /home/airflow/.local/lib/python3.12/site-packages/airflow/example_dags/example_python_decorator.py
[2024-08-25T00:35:41.626+0000] {processor.py:925} INFO - DAG(s) 'example_python_decorator' retrieved from /home/airflow/.local/lib/python3.12/site-packages/airflow/example_dags/example_python_decorator.py
[2024-08-25T00:35:41.825+0000] {logging_mixin.py:190} INFO - [2024-08-25T00:35:41.824+0000] {dag.py:3211} INFO - Sync 1 DAGs
[2024-08-25T00:35:41.961+0000] {logging_mixin.py:190} INFO - [2024-08-25T00:35:41.961+0000] {dag.py:4138} INFO - Setting next_dagrun for example_python_decorator to None, run_after=None
[2024-08-25T00:35:42.241+0000] {processor.py:208} INFO - Processing /home/airflow/.local/lib/python3.12/site-packages/airflow/example_dags/example_python_decorator.py took 0.866 seconds
[2024-08-25T00:36:12.838+0000] {processor.py:186} INFO - Started process (PID=1042) to work on /home/airflow/.local/lib/python3.12/site-packages/airflow/example_dags/example_python_decorator.py
[2024-08-25T00:36:12.842+0000] {processor.py:914} INFO - Processing file /home/airflow/.local/lib/python3.12/site-packages/airflow/example_dags/example_python_decorator.py for tasks to queue
[2024-08-25T00:36:12.847+0000] {logging_mixin.py:190} INFO - [2024-08-25T00:36:12.846+0000] {dagbag.py:587} INFO - Filling up the DagBag from /home/airflow/.local/lib/python3.12/site-packages/airflow/example_dags/example_python_decorator.py
[2024-08-25T00:36:12.893+0000] {processor.py:925} INFO - DAG(s) 'example_python_decorator' retrieved from /home/airflow/.local/lib/python3.12/site-packages/airflow/example_dags/example_python_decorator.py
[2024-08-25T00:36:12.966+0000] {logging_mixin.py:190} INFO - [2024-08-25T00:36:12.965+0000] {dag.py:3211} INFO - Sync 1 DAGs
[2024-08-25T00:36:13.011+0000] {logging_mixin.py:190} INFO - [2024-08-25T00:36:13.011+0000] {dag.py:4138} INFO - Setting next_dagrun for example_python_decorator to None, run_after=None
[2024-08-25T00:36:13.063+0000] {processor.py:208} INFO - Processing /home/airflow/.local/lib/python3.12/site-packages/airflow/example_dags/example_python_decorator.py took 0.253 seconds
[2024-08-25T00:36:44.983+0000] {processor.py:186} INFO - Started process (PID=1106) to work on /home/airflow/.local/lib/python3.12/site-packages/airflow/example_dags/example_python_decorator.py
[2024-08-25T00:36:45.028+0000] {processor.py:914} INFO - Processing file /home/airflow/.local/lib/python3.12/site-packages/airflow/example_dags/example_python_decorator.py for tasks to queue
[2024-08-25T00:36:45.073+0000] {logging_mixin.py:190} INFO - [2024-08-25T00:36:45.072+0000] {dagbag.py:587} INFO - Filling up the DagBag from /home/airflow/.local/lib/python3.12/site-packages/airflow/example_dags/example_python_decorator.py
[2024-08-25T00:36:45.253+0000] {processor.py:925} INFO - DAG(s) 'example_python_decorator' retrieved from /home/airflow/.local/lib/python3.12/site-packages/airflow/example_dags/example_python_decorator.py
[2024-08-25T00:36:45.506+0000] {logging_mixin.py:190} INFO - [2024-08-25T00:36:45.504+0000] {dag.py:3211} INFO - Sync 1 DAGs
[2024-08-25T00:36:45.792+0000] {logging_mixin.py:190} INFO - [2024-08-25T00:36:45.779+0000] {dag.py:4138} INFO - Setting next_dagrun for example_python_decorator to None, run_after=None
[2024-08-25T00:36:46.023+0000] {processor.py:208} INFO - Processing /home/airflow/.local/lib/python3.12/site-packages/airflow/example_dags/example_python_decorator.py took 1.078 seconds
[2024-08-25T00:37:19.921+0000] {processor.py:186} INFO - Started process (PID=1168) to work on /home/airflow/.local/lib/python3.12/site-packages/airflow/example_dags/example_python_decorator.py
[2024-08-25T00:37:19.929+0000] {processor.py:914} INFO - Processing file /home/airflow/.local/lib/python3.12/site-packages/airflow/example_dags/example_python_decorator.py for tasks to queue
[2024-08-25T00:37:19.947+0000] {logging_mixin.py:190} INFO - [2024-08-25T00:37:19.945+0000] {dagbag.py:587} INFO - Filling up the DagBag from /home/airflow/.local/lib/python3.12/site-packages/airflow/example_dags/example_python_decorator.py
[2024-08-25T00:37:20.087+0000] {processor.py:925} INFO - DAG(s) 'example_python_decorator' retrieved from /home/airflow/.local/lib/python3.12/site-packages/airflow/example_dags/example_python_decorator.py
[2024-08-25T00:37:20.252+0000] {logging_mixin.py:190} INFO - [2024-08-25T00:37:20.238+0000] {dag.py:3211} INFO - Sync 1 DAGs
[2024-08-25T00:37:20.374+0000] {logging_mixin.py:190} INFO - [2024-08-25T00:37:20.373+0000] {dag.py:4138} INFO - Setting next_dagrun for example_python_decorator to None, run_after=None
[2024-08-25T00:37:20.473+0000] {processor.py:208} INFO - Processing /home/airflow/.local/lib/python3.12/site-packages/airflow/example_dags/example_python_decorator.py took 0.620 seconds
[2024-08-25T00:37:52.553+0000] {processor.py:186} INFO - Started process (PID=1230) to work on /home/airflow/.local/lib/python3.12/site-packages/airflow/example_dags/example_python_decorator.py
[2024-08-25T00:37:52.563+0000] {processor.py:914} INFO - Processing file /home/airflow/.local/lib/python3.12/site-packages/airflow/example_dags/example_python_decorator.py for tasks to queue
[2024-08-25T00:37:52.570+0000] {logging_mixin.py:190} INFO - [2024-08-25T00:37:52.569+0000] {dagbag.py:587} INFO - Filling up the DagBag from /home/airflow/.local/lib/python3.12/site-packages/airflow/example_dags/example_python_decorator.py
[2024-08-25T00:37:52.648+0000] {processor.py:925} INFO - DAG(s) 'example_python_decorator' retrieved from /home/airflow/.local/lib/python3.12/site-packages/airflow/example_dags/example_python_decorator.py
[2024-08-25T00:37:52.865+0000] {logging_mixin.py:190} INFO - [2024-08-25T00:37:52.863+0000] {dag.py:3211} INFO - Sync 1 DAGs
[2024-08-25T00:37:52.986+0000] {logging_mixin.py:190} INFO - [2024-08-25T00:37:52.985+0000] {dag.py:4138} INFO - Setting next_dagrun for example_python_decorator to None, run_after=None
[2024-08-25T00:37:53.212+0000] {processor.py:208} INFO - Processing /home/airflow/.local/lib/python3.12/site-packages/airflow/example_dags/example_python_decorator.py took 0.683 seconds
[2024-08-25T00:38:23.642+0000] {processor.py:186} INFO - Started process (PID=1292) to work on /home/airflow/.local/lib/python3.12/site-packages/airflow/example_dags/example_python_decorator.py
[2024-08-25T00:38:23.660+0000] {processor.py:914} INFO - Processing file /home/airflow/.local/lib/python3.12/site-packages/airflow/example_dags/example_python_decorator.py for tasks to queue
[2024-08-25T00:38:23.677+0000] {logging_mixin.py:190} INFO - [2024-08-25T00:38:23.663+0000] {dagbag.py:587} INFO - Filling up the DagBag from /home/airflow/.local/lib/python3.12/site-packages/airflow/example_dags/example_python_decorator.py
[2024-08-25T00:38:23.792+0000] {processor.py:925} INFO - DAG(s) 'example_python_decorator' retrieved from /home/airflow/.local/lib/python3.12/site-packages/airflow/example_dags/example_python_decorator.py
[2024-08-25T00:38:23.915+0000] {logging_mixin.py:190} INFO - [2024-08-25T00:38:23.913+0000] {dag.py:3211} INFO - Sync 1 DAGs
[2024-08-25T00:38:23.998+0000] {logging_mixin.py:190} INFO - [2024-08-25T00:38:23.997+0000] {dag.py:4138} INFO - Setting next_dagrun for example_python_decorator to None, run_after=None
[2024-08-25T00:38:24.079+0000] {processor.py:208} INFO - Processing /home/airflow/.local/lib/python3.12/site-packages/airflow/example_dags/example_python_decorator.py took 0.495 seconds
[2024-08-25T00:38:54.750+0000] {processor.py:186} INFO - Started process (PID=1354) to work on /home/airflow/.local/lib/python3.12/site-packages/airflow/example_dags/example_python_decorator.py
[2024-08-25T00:38:54.753+0000] {processor.py:914} INFO - Processing file /home/airflow/.local/lib/python3.12/site-packages/airflow/example_dags/example_python_decorator.py for tasks to queue
[2024-08-25T00:38:54.757+0000] {logging_mixin.py:190} INFO - [2024-08-25T00:38:54.756+0000] {dagbag.py:587} INFO - Filling up the DagBag from /home/airflow/.local/lib/python3.12/site-packages/airflow/example_dags/example_python_decorator.py
[2024-08-25T00:38:54.803+0000] {processor.py:925} INFO - DAG(s) 'example_python_decorator' retrieved from /home/airflow/.local/lib/python3.12/site-packages/airflow/example_dags/example_python_decorator.py
[2024-08-25T00:38:54.890+0000] {logging_mixin.py:190} INFO - [2024-08-25T00:38:54.888+0000] {dag.py:3211} INFO - Sync 1 DAGs
[2024-08-25T00:38:54.953+0000] {logging_mixin.py:190} INFO - [2024-08-25T00:38:54.951+0000] {dag.py:4138} INFO - Setting next_dagrun for example_python_decorator to None, run_after=None
[2024-08-25T00:38:55.009+0000] {processor.py:208} INFO - Processing /home/airflow/.local/lib/python3.12/site-packages/airflow/example_dags/example_python_decorator.py took 0.278 seconds
[2024-08-25T00:39:25.266+0000] {processor.py:186} INFO - Started process (PID=1417) to work on /home/airflow/.local/lib/python3.12/site-packages/airflow/example_dags/example_python_decorator.py
[2024-08-25T00:39:25.269+0000] {processor.py:914} INFO - Processing file /home/airflow/.local/lib/python3.12/site-packages/airflow/example_dags/example_python_decorator.py for tasks to queue
[2024-08-25T00:39:25.275+0000] {logging_mixin.py:190} INFO - [2024-08-25T00:39:25.273+0000] {dagbag.py:587} INFO - Filling up the DagBag from /home/airflow/.local/lib/python3.12/site-packages/airflow/example_dags/example_python_decorator.py
[2024-08-25T00:39:25.313+0000] {processor.py:925} INFO - DAG(s) 'example_python_decorator' retrieved from /home/airflow/.local/lib/python3.12/site-packages/airflow/example_dags/example_python_decorator.py
[2024-08-25T00:39:25.377+0000] {logging_mixin.py:190} INFO - [2024-08-25T00:39:25.376+0000] {dag.py:3211} INFO - Sync 1 DAGs
[2024-08-25T00:39:25.415+0000] {logging_mixin.py:190} INFO - [2024-08-25T00:39:25.415+0000] {dag.py:4138} INFO - Setting next_dagrun for example_python_decorator to None, run_after=None
[2024-08-25T00:39:25.458+0000] {processor.py:208} INFO - Processing /home/airflow/.local/lib/python3.12/site-packages/airflow/example_dags/example_python_decorator.py took 0.209 seconds
[2024-08-25T00:39:55.586+0000] {processor.py:186} INFO - Started process (PID=1479) to work on /home/airflow/.local/lib/python3.12/site-packages/airflow/example_dags/example_python_decorator.py
[2024-08-25T00:39:55.589+0000] {processor.py:914} INFO - Processing file /home/airflow/.local/lib/python3.12/site-packages/airflow/example_dags/example_python_decorator.py for tasks to queue
[2024-08-25T00:39:55.592+0000] {logging_mixin.py:190} INFO - [2024-08-25T00:39:55.592+0000] {dagbag.py:587} INFO - Filling up the DagBag from /home/airflow/.local/lib/python3.12/site-packages/airflow/example_dags/example_python_decorator.py
[2024-08-25T00:39:55.639+0000] {processor.py:925} INFO - DAG(s) 'example_python_decorator' retrieved from /home/airflow/.local/lib/python3.12/site-packages/airflow/example_dags/example_python_decorator.py
[2024-08-25T00:39:55.718+0000] {logging_mixin.py:190} INFO - [2024-08-25T00:39:55.716+0000] {dag.py:3211} INFO - Sync 1 DAGs
[2024-08-25T00:39:55.774+0000] {logging_mixin.py:190} INFO - [2024-08-25T00:39:55.773+0000] {dag.py:4138} INFO - Setting next_dagrun for example_python_decorator to None, run_after=None
[2024-08-25T00:39:55.874+0000] {processor.py:208} INFO - Processing /home/airflow/.local/lib/python3.12/site-packages/airflow/example_dags/example_python_decorator.py took 0.307 seconds
