[2024-08-25T00:00:24.951+0000] {processor.py:186} INFO - Started process (PID=38559) to work on /home/airflow/.local/lib/python3.12/site-packages/airflow/example_dags/example_branch_operator_decorator.py
[2024-08-25T00:00:24.959+0000] {processor.py:914} INFO - Processing file /home/airflow/.local/lib/python3.12/site-packages/airflow/example_dags/example_branch_operator_decorator.py for tasks to queue
[2024-08-25T00:00:24.965+0000] {logging_mixin.py:190} INFO - [2024-08-25T00:00:24.965+0000] {dagbag.py:587} INFO - Filling up the DagBag from /home/airflow/.local/lib/python3.12/site-packages/airflow/example_dags/example_branch_operator_decorator.py
[2024-08-25T00:00:25.048+0000] {processor.py:925} INFO - DAG(s) 'example_branch_python_operator_decorator' retrieved from /home/airflow/.local/lib/python3.12/site-packages/airflow/example_dags/example_branch_operator_decorator.py
[2024-08-25T00:00:25.141+0000] {logging_mixin.py:190} INFO - [2024-08-25T00:00:25.140+0000] {dag.py:3211} INFO - Sync 1 DAGs
[2024-08-25T00:00:25.216+0000] {logging_mixin.py:190} INFO - [2024-08-25T00:00:25.215+0000] {dag.py:4138} INFO - Setting next_dagrun for example_branch_python_operator_decorator to 2024-08-24 00:00:00+00:00, run_after=2024-08-25 00:00:00+00:00
[2024-08-25T00:00:25.279+0000] {processor.py:208} INFO - Processing /home/airflow/.local/lib/python3.12/site-packages/airflow/example_dags/example_branch_operator_decorator.py took 0.349 seconds
[2024-08-25T00:05:42.403+0000] {processor.py:186} INFO - Started process (PID=75) to work on /home/airflow/.local/lib/python3.12/site-packages/airflow/example_dags/example_branch_operator_decorator.py
[2024-08-25T00:05:42.416+0000] {processor.py:914} INFO - Processing file /home/airflow/.local/lib/python3.12/site-packages/airflow/example_dags/example_branch_operator_decorator.py for tasks to queue
[2024-08-25T00:05:42.435+0000] {logging_mixin.py:190} INFO - [2024-08-25T00:05:42.434+0000] {dagbag.py:587} INFO - Filling up the DagBag from /home/airflow/.local/lib/python3.12/site-packages/airflow/example_dags/example_branch_operator_decorator.py
[2024-08-25T00:05:42.655+0000] {processor.py:925} INFO - DAG(s) 'example_branch_python_operator_decorator' retrieved from /home/airflow/.local/lib/python3.12/site-packages/airflow/example_dags/example_branch_operator_decorator.py
[2024-08-25T00:05:44.843+0000] {logging_mixin.py:190} INFO - [2024-08-25T00:05:44.841+0000] {dag.py:3211} INFO - Sync 1 DAGs
[2024-08-25T00:05:44.974+0000] {logging_mixin.py:190} INFO - [2024-08-25T00:05:44.973+0000] {dag.py:4138} INFO - Setting next_dagrun for example_branch_python_operator_decorator to 2024-08-24 00:00:00+00:00, run_after=2024-08-25 00:00:00+00:00
[2024-08-25T00:05:45.155+0000] {processor.py:208} INFO - Processing /home/airflow/.local/lib/python3.12/site-packages/airflow/example_dags/example_branch_operator_decorator.py took 2.780 seconds
[2024-08-25T00:06:15.364+0000] {processor.py:186} INFO - Started process (PID=139) to work on /home/airflow/.local/lib/python3.12/site-packages/airflow/example_dags/example_branch_operator_decorator.py
[2024-08-25T00:06:15.367+0000] {processor.py:914} INFO - Processing file /home/airflow/.local/lib/python3.12/site-packages/airflow/example_dags/example_branch_operator_decorator.py for tasks to queue
[2024-08-25T00:06:15.374+0000] {logging_mixin.py:190} INFO - [2024-08-25T00:06:15.373+0000] {dagbag.py:587} INFO - Filling up the DagBag from /home/airflow/.local/lib/python3.12/site-packages/airflow/example_dags/example_branch_operator_decorator.py
[2024-08-25T00:06:15.508+0000] {processor.py:925} INFO - DAG(s) 'example_branch_python_operator_decorator' retrieved from /home/airflow/.local/lib/python3.12/site-packages/airflow/example_dags/example_branch_operator_decorator.py
[2024-08-25T00:06:15.711+0000] {logging_mixin.py:190} INFO - [2024-08-25T00:06:15.709+0000] {dag.py:3211} INFO - Sync 1 DAGs
[2024-08-25T00:06:15.830+0000] {logging_mixin.py:190} INFO - [2024-08-25T00:06:15.829+0000] {dag.py:4138} INFO - Setting next_dagrun for example_branch_python_operator_decorator to 2024-08-24 00:00:00+00:00, run_after=2024-08-25 00:00:00+00:00
[2024-08-25T00:06:15.938+0000] {processor.py:208} INFO - Processing /home/airflow/.local/lib/python3.12/site-packages/airflow/example_dags/example_branch_operator_decorator.py took 0.597 seconds
[2024-08-25T00:07:05.716+0000] {processor.py:186} INFO - Started process (PID=206) to work on /home/airflow/.local/lib/python3.12/site-packages/airflow/example_dags/example_branch_operator_decorator.py
[2024-08-25T00:07:05.727+0000] {processor.py:914} INFO - Processing file /home/airflow/.local/lib/python3.12/site-packages/airflow/example_dags/example_branch_operator_decorator.py for tasks to queue
[2024-08-25T00:07:05.767+0000] {logging_mixin.py:190} INFO - [2024-08-25T00:07:05.766+0000] {dagbag.py:587} INFO - Filling up the DagBag from /home/airflow/.local/lib/python3.12/site-packages/airflow/example_dags/example_branch_operator_decorator.py
[2024-08-25T00:07:05.977+0000] {processor.py:925} INFO - DAG(s) 'example_branch_python_operator_decorator' retrieved from /home/airflow/.local/lib/python3.12/site-packages/airflow/example_dags/example_branch_operator_decorator.py
[2024-08-25T00:07:06.336+0000] {logging_mixin.py:190} INFO - [2024-08-25T00:07:06.334+0000] {dag.py:3211} INFO - Sync 1 DAGs
[2024-08-25T00:07:06.706+0000] {logging_mixin.py:190} INFO - [2024-08-25T00:07:06.691+0000] {dag.py:4138} INFO - Setting next_dagrun for example_branch_python_operator_decorator to 2024-08-24 00:00:00+00:00, run_after=2024-08-25 00:00:00+00:00
[2024-08-25T00:07:06.947+0000] {processor.py:208} INFO - Processing /home/airflow/.local/lib/python3.12/site-packages/airflow/example_dags/example_branch_operator_decorator.py took 1.300 seconds
[2024-08-25T00:07:38.598+0000] {processor.py:186} INFO - Started process (PID=269) to work on /home/airflow/.local/lib/python3.12/site-packages/airflow/example_dags/example_branch_operator_decorator.py
[2024-08-25T00:07:38.602+0000] {processor.py:914} INFO - Processing file /home/airflow/.local/lib/python3.12/site-packages/airflow/example_dags/example_branch_operator_decorator.py for tasks to queue
[2024-08-25T00:07:38.609+0000] {logging_mixin.py:190} INFO - [2024-08-25T00:07:38.608+0000] {dagbag.py:587} INFO - Filling up the DagBag from /home/airflow/.local/lib/python3.12/site-packages/airflow/example_dags/example_branch_operator_decorator.py
[2024-08-25T00:07:38.740+0000] {processor.py:925} INFO - DAG(s) 'example_branch_python_operator_decorator' retrieved from /home/airflow/.local/lib/python3.12/site-packages/airflow/example_dags/example_branch_operator_decorator.py
[2024-08-25T00:07:38.911+0000] {logging_mixin.py:190} INFO - [2024-08-25T00:07:38.910+0000] {dag.py:3211} INFO - Sync 1 DAGs
[2024-08-25T00:07:39.049+0000] {logging_mixin.py:190} INFO - [2024-08-25T00:07:39.046+0000] {dag.py:4138} INFO - Setting next_dagrun for example_branch_python_operator_decorator to 2024-08-24 00:00:00+00:00, run_after=2024-08-25 00:00:00+00:00
[2024-08-25T00:07:39.123+0000] {processor.py:208} INFO - Processing /home/airflow/.local/lib/python3.12/site-packages/airflow/example_dags/example_branch_operator_decorator.py took 0.551 seconds
[2024-08-25T00:08:11.655+0000] {processor.py:186} INFO - Started process (PID=331) to work on /home/airflow/.local/lib/python3.12/site-packages/airflow/example_dags/example_branch_operator_decorator.py
[2024-08-25T00:08:11.657+0000] {processor.py:914} INFO - Processing file /home/airflow/.local/lib/python3.12/site-packages/airflow/example_dags/example_branch_operator_decorator.py for tasks to queue
[2024-08-25T00:08:11.663+0000] {logging_mixin.py:190} INFO - [2024-08-25T00:08:11.662+0000] {dagbag.py:587} INFO - Filling up the DagBag from /home/airflow/.local/lib/python3.12/site-packages/airflow/example_dags/example_branch_operator_decorator.py
[2024-08-25T00:08:11.748+0000] {processor.py:925} INFO - DAG(s) 'example_branch_python_operator_decorator' retrieved from /home/airflow/.local/lib/python3.12/site-packages/airflow/example_dags/example_branch_operator_decorator.py
[2024-08-25T00:08:11.857+0000] {logging_mixin.py:190} INFO - [2024-08-25T00:08:11.856+0000] {dag.py:3211} INFO - Sync 1 DAGs
[2024-08-25T00:08:11.977+0000] {logging_mixin.py:190} INFO - [2024-08-25T00:08:11.977+0000] {dag.py:4138} INFO - Setting next_dagrun for example_branch_python_operator_decorator to 2024-08-24 00:00:00+00:00, run_after=2024-08-25 00:00:00+00:00
[2024-08-25T00:08:12.058+0000] {processor.py:208} INFO - Processing /home/airflow/.local/lib/python3.12/site-packages/airflow/example_dags/example_branch_operator_decorator.py took 0.421 seconds
[2024-08-25T00:08:43.705+0000] {processor.py:186} INFO - Started process (PID=390) to work on /home/airflow/.local/lib/python3.12/site-packages/airflow/example_dags/example_branch_operator_decorator.py
[2024-08-25T00:08:43.707+0000] {processor.py:914} INFO - Processing file /home/airflow/.local/lib/python3.12/site-packages/airflow/example_dags/example_branch_operator_decorator.py for tasks to queue
[2024-08-25T00:08:43.717+0000] {logging_mixin.py:190} INFO - [2024-08-25T00:08:43.716+0000] {dagbag.py:587} INFO - Filling up the DagBag from /home/airflow/.local/lib/python3.12/site-packages/airflow/example_dags/example_branch_operator_decorator.py
[2024-08-25T00:08:44.011+0000] {processor.py:925} INFO - DAG(s) 'example_branch_python_operator_decorator' retrieved from /home/airflow/.local/lib/python3.12/site-packages/airflow/example_dags/example_branch_operator_decorator.py
[2024-08-25T00:08:44.583+0000] {logging_mixin.py:190} INFO - [2024-08-25T00:08:44.581+0000] {dag.py:3211} INFO - Sync 1 DAGs
[2024-08-25T00:08:44.978+0000] {logging_mixin.py:190} INFO - [2024-08-25T00:08:44.977+0000] {dag.py:4138} INFO - Setting next_dagrun for example_branch_python_operator_decorator to 2024-08-24 00:00:00+00:00, run_after=2024-08-25 00:00:00+00:00
[2024-08-25T00:08:45.158+0000] {processor.py:208} INFO - Processing /home/airflow/.local/lib/python3.12/site-packages/airflow/example_dags/example_branch_operator_decorator.py took 1.475 seconds
[2024-08-25T00:09:15.772+0000] {processor.py:186} INFO - Started process (PID=453) to work on /home/airflow/.local/lib/python3.12/site-packages/airflow/example_dags/example_branch_operator_decorator.py
[2024-08-25T00:09:15.776+0000] {processor.py:914} INFO - Processing file /home/airflow/.local/lib/python3.12/site-packages/airflow/example_dags/example_branch_operator_decorator.py for tasks to queue
[2024-08-25T00:09:15.787+0000] {logging_mixin.py:190} INFO - [2024-08-25T00:09:15.786+0000] {dagbag.py:587} INFO - Filling up the DagBag from /home/airflow/.local/lib/python3.12/site-packages/airflow/example_dags/example_branch_operator_decorator.py
[2024-08-25T00:09:15.876+0000] {processor.py:925} INFO - DAG(s) 'example_branch_python_operator_decorator' retrieved from /home/airflow/.local/lib/python3.12/site-packages/airflow/example_dags/example_branch_operator_decorator.py
[2024-08-25T00:09:16.088+0000] {logging_mixin.py:190} INFO - [2024-08-25T00:09:16.086+0000] {dag.py:3211} INFO - Sync 1 DAGs
[2024-08-25T00:09:16.219+0000] {logging_mixin.py:190} INFO - [2024-08-25T00:09:16.218+0000] {dag.py:4138} INFO - Setting next_dagrun for example_branch_python_operator_decorator to 2024-08-24 00:00:00+00:00, run_after=2024-08-25 00:00:00+00:00
[2024-08-25T00:09:16.362+0000] {processor.py:208} INFO - Processing /home/airflow/.local/lib/python3.12/site-packages/airflow/example_dags/example_branch_operator_decorator.py took 0.618 seconds
[2024-08-25T00:09:47.156+0000] {processor.py:186} INFO - Started process (PID=518) to work on /home/airflow/.local/lib/python3.12/site-packages/airflow/example_dags/example_branch_operator_decorator.py
[2024-08-25T00:09:47.169+0000] {processor.py:914} INFO - Processing file /home/airflow/.local/lib/python3.12/site-packages/airflow/example_dags/example_branch_operator_decorator.py for tasks to queue
[2024-08-25T00:09:47.185+0000] {logging_mixin.py:190} INFO - [2024-08-25T00:09:47.184+0000] {dagbag.py:587} INFO - Filling up the DagBag from /home/airflow/.local/lib/python3.12/site-packages/airflow/example_dags/example_branch_operator_decorator.py
[2024-08-25T00:09:47.285+0000] {processor.py:925} INFO - DAG(s) 'example_branch_python_operator_decorator' retrieved from /home/airflow/.local/lib/python3.12/site-packages/airflow/example_dags/example_branch_operator_decorator.py
[2024-08-25T00:09:47.507+0000] {logging_mixin.py:190} INFO - [2024-08-25T00:09:47.506+0000] {dag.py:3211} INFO - Sync 1 DAGs
[2024-08-25T00:09:47.672+0000] {logging_mixin.py:190} INFO - [2024-08-25T00:09:47.669+0000] {dag.py:4138} INFO - Setting next_dagrun for example_branch_python_operator_decorator to 2024-08-24 00:00:00+00:00, run_after=2024-08-25 00:00:00+00:00
[2024-08-25T00:09:47.850+0000] {processor.py:208} INFO - Processing /home/airflow/.local/lib/python3.12/site-packages/airflow/example_dags/example_branch_operator_decorator.py took 0.732 seconds
[2024-08-25T00:10:18.566+0000] {processor.py:186} INFO - Started process (PID=581) to work on /home/airflow/.local/lib/python3.12/site-packages/airflow/example_dags/example_branch_operator_decorator.py
[2024-08-25T00:10:18.580+0000] {processor.py:914} INFO - Processing file /home/airflow/.local/lib/python3.12/site-packages/airflow/example_dags/example_branch_operator_decorator.py for tasks to queue
[2024-08-25T00:10:18.586+0000] {logging_mixin.py:190} INFO - [2024-08-25T00:10:18.585+0000] {dagbag.py:587} INFO - Filling up the DagBag from /home/airflow/.local/lib/python3.12/site-packages/airflow/example_dags/example_branch_operator_decorator.py
[2024-08-25T00:10:18.866+0000] {processor.py:925} INFO - DAG(s) 'example_branch_python_operator_decorator' retrieved from /home/airflow/.local/lib/python3.12/site-packages/airflow/example_dags/example_branch_operator_decorator.py
[2024-08-25T00:10:19.196+0000] {logging_mixin.py:190} INFO - [2024-08-25T00:10:19.187+0000] {dag.py:3211} INFO - Sync 1 DAGs
[2024-08-25T00:10:19.392+0000] {logging_mixin.py:190} INFO - [2024-08-25T00:10:19.392+0000] {dag.py:4138} INFO - Setting next_dagrun for example_branch_python_operator_decorator to 2024-08-24 00:00:00+00:00, run_after=2024-08-25 00:00:00+00:00
[2024-08-25T00:10:19.561+0000] {processor.py:208} INFO - Processing /home/airflow/.local/lib/python3.12/site-packages/airflow/example_dags/example_branch_operator_decorator.py took 1.069 seconds
[2024-08-25T00:10:49.692+0000] {processor.py:186} INFO - Started process (PID=644) to work on /home/airflow/.local/lib/python3.12/site-packages/airflow/example_dags/example_branch_operator_decorator.py
[2024-08-25T00:10:49.705+0000] {processor.py:914} INFO - Processing file /home/airflow/.local/lib/python3.12/site-packages/airflow/example_dags/example_branch_operator_decorator.py for tasks to queue
[2024-08-25T00:10:49.712+0000] {logging_mixin.py:190} INFO - [2024-08-25T00:10:49.711+0000] {dagbag.py:587} INFO - Filling up the DagBag from /home/airflow/.local/lib/python3.12/site-packages/airflow/example_dags/example_branch_operator_decorator.py
[2024-08-25T00:10:49.920+0000] {processor.py:925} INFO - DAG(s) 'example_branch_python_operator_decorator' retrieved from /home/airflow/.local/lib/python3.12/site-packages/airflow/example_dags/example_branch_operator_decorator.py
[2024-08-25T00:10:50.117+0000] {logging_mixin.py:190} INFO - [2024-08-25T00:10:50.116+0000] {dag.py:3211} INFO - Sync 1 DAGs
[2024-08-25T00:10:50.376+0000] {logging_mixin.py:190} INFO - [2024-08-25T00:10:50.375+0000] {dag.py:4138} INFO - Setting next_dagrun for example_branch_python_operator_decorator to 2024-08-24 00:00:00+00:00, run_after=2024-08-25 00:00:00+00:00
[2024-08-25T00:10:50.506+0000] {processor.py:208} INFO - Processing /home/airflow/.local/lib/python3.12/site-packages/airflow/example_dags/example_branch_operator_decorator.py took 0.842 seconds
[2024-08-25T00:11:20.700+0000] {processor.py:186} INFO - Started process (PID=707) to work on /home/airflow/.local/lib/python3.12/site-packages/airflow/example_dags/example_branch_operator_decorator.py
[2024-08-25T00:11:20.702+0000] {processor.py:914} INFO - Processing file /home/airflow/.local/lib/python3.12/site-packages/airflow/example_dags/example_branch_operator_decorator.py for tasks to queue
[2024-08-25T00:11:20.708+0000] {logging_mixin.py:190} INFO - [2024-08-25T00:11:20.707+0000] {dagbag.py:587} INFO - Filling up the DagBag from /home/airflow/.local/lib/python3.12/site-packages/airflow/example_dags/example_branch_operator_decorator.py
[2024-08-25T00:11:20.758+0000] {processor.py:925} INFO - DAG(s) 'example_branch_python_operator_decorator' retrieved from /home/airflow/.local/lib/python3.12/site-packages/airflow/example_dags/example_branch_operator_decorator.py
[2024-08-25T00:11:20.829+0000] {logging_mixin.py:190} INFO - [2024-08-25T00:11:20.828+0000] {dag.py:3211} INFO - Sync 1 DAGs
[2024-08-25T00:11:20.903+0000] {logging_mixin.py:190} INFO - [2024-08-25T00:11:20.902+0000] {dag.py:4138} INFO - Setting next_dagrun for example_branch_python_operator_decorator to 2024-08-24 00:00:00+00:00, run_after=2024-08-25 00:00:00+00:00
[2024-08-25T00:11:20.959+0000] {processor.py:208} INFO - Processing /home/airflow/.local/lib/python3.12/site-packages/airflow/example_dags/example_branch_operator_decorator.py took 0.268 seconds
[2024-08-25T00:12:00.447+0000] {processor.py:186} INFO - Started process (PID=770) to work on /home/airflow/.local/lib/python3.12/site-packages/airflow/example_dags/example_branch_operator_decorator.py
[2024-08-25T00:12:00.459+0000] {processor.py:914} INFO - Processing file /home/airflow/.local/lib/python3.12/site-packages/airflow/example_dags/example_branch_operator_decorator.py for tasks to queue
[2024-08-25T00:12:00.476+0000] {logging_mixin.py:190} INFO - [2024-08-25T00:12:00.475+0000] {dagbag.py:587} INFO - Filling up the DagBag from /home/airflow/.local/lib/python3.12/site-packages/airflow/example_dags/example_branch_operator_decorator.py
[2024-08-25T00:12:00.700+0000] {processor.py:925} INFO - DAG(s) 'example_branch_python_operator_decorator' retrieved from /home/airflow/.local/lib/python3.12/site-packages/airflow/example_dags/example_branch_operator_decorator.py
[2024-08-25T00:12:00.915+0000] {logging_mixin.py:190} INFO - [2024-08-25T00:12:00.914+0000] {dag.py:3211} INFO - Sync 1 DAGs
[2024-08-25T00:12:01.126+0000] {logging_mixin.py:190} INFO - [2024-08-25T00:12:01.125+0000] {dag.py:4138} INFO - Setting next_dagrun for example_branch_python_operator_decorator to 2024-08-24 00:00:00+00:00, run_after=2024-08-25 00:00:00+00:00
[2024-08-25T00:12:01.233+0000] {processor.py:208} INFO - Processing /home/airflow/.local/lib/python3.12/site-packages/airflow/example_dags/example_branch_operator_decorator.py took 0.838 seconds
[2024-08-25T00:12:31.580+0000] {processor.py:186} INFO - Started process (PID=840) to work on /home/airflow/.local/lib/python3.12/site-packages/airflow/example_dags/example_branch_operator_decorator.py
[2024-08-25T00:12:31.583+0000] {processor.py:914} INFO - Processing file /home/airflow/.local/lib/python3.12/site-packages/airflow/example_dags/example_branch_operator_decorator.py for tasks to queue
[2024-08-25T00:12:31.590+0000] {logging_mixin.py:190} INFO - [2024-08-25T00:12:31.589+0000] {dagbag.py:587} INFO - Filling up the DagBag from /home/airflow/.local/lib/python3.12/site-packages/airflow/example_dags/example_branch_operator_decorator.py
[2024-08-25T00:12:31.660+0000] {processor.py:925} INFO - DAG(s) 'example_branch_python_operator_decorator' retrieved from /home/airflow/.local/lib/python3.12/site-packages/airflow/example_dags/example_branch_operator_decorator.py
[2024-08-25T00:12:31.750+0000] {logging_mixin.py:190} INFO - [2024-08-25T00:12:31.749+0000] {dag.py:3211} INFO - Sync 1 DAGs
[2024-08-25T00:12:31.808+0000] {logging_mixin.py:190} INFO - [2024-08-25T00:12:31.808+0000] {dag.py:4138} INFO - Setting next_dagrun for example_branch_python_operator_decorator to 2024-08-24 00:00:00+00:00, run_after=2024-08-25 00:00:00+00:00
[2024-08-25T00:12:31.847+0000] {processor.py:208} INFO - Processing /home/airflow/.local/lib/python3.12/site-packages/airflow/example_dags/example_branch_operator_decorator.py took 0.286 seconds
[2024-08-25T00:13:02.695+0000] {processor.py:186} INFO - Started process (PID=903) to work on /home/airflow/.local/lib/python3.12/site-packages/airflow/example_dags/example_branch_operator_decorator.py
[2024-08-25T00:13:02.697+0000] {processor.py:914} INFO - Processing file /home/airflow/.local/lib/python3.12/site-packages/airflow/example_dags/example_branch_operator_decorator.py for tasks to queue
[2024-08-25T00:13:02.714+0000] {logging_mixin.py:190} INFO - [2024-08-25T00:13:02.713+0000] {dagbag.py:587} INFO - Filling up the DagBag from /home/airflow/.local/lib/python3.12/site-packages/airflow/example_dags/example_branch_operator_decorator.py
[2024-08-25T00:13:03.005+0000] {processor.py:925} INFO - DAG(s) 'example_branch_python_operator_decorator' retrieved from /home/airflow/.local/lib/python3.12/site-packages/airflow/example_dags/example_branch_operator_decorator.py
[2024-08-25T00:13:03.227+0000] {logging_mixin.py:190} INFO - [2024-08-25T00:13:03.226+0000] {dag.py:3211} INFO - Sync 1 DAGs
[2024-08-25T00:13:03.315+0000] {logging_mixin.py:190} INFO - [2024-08-25T00:13:03.314+0000] {dag.py:4138} INFO - Setting next_dagrun for example_branch_python_operator_decorator to 2024-08-24 00:00:00+00:00, run_after=2024-08-25 00:00:00+00:00
[2024-08-25T00:13:03.372+0000] {processor.py:208} INFO - Processing /home/airflow/.local/lib/python3.12/site-packages/airflow/example_dags/example_branch_operator_decorator.py took 0.701 seconds
[2024-08-25T00:13:34.252+0000] {processor.py:186} INFO - Started process (PID=966) to work on /home/airflow/.local/lib/python3.12/site-packages/airflow/example_dags/example_branch_operator_decorator.py
[2024-08-25T00:13:34.254+0000] {processor.py:914} INFO - Processing file /home/airflow/.local/lib/python3.12/site-packages/airflow/example_dags/example_branch_operator_decorator.py for tasks to queue
[2024-08-25T00:13:34.266+0000] {logging_mixin.py:190} INFO - [2024-08-25T00:13:34.265+0000] {dagbag.py:587} INFO - Filling up the DagBag from /home/airflow/.local/lib/python3.12/site-packages/airflow/example_dags/example_branch_operator_decorator.py
[2024-08-25T00:13:34.357+0000] {processor.py:925} INFO - DAG(s) 'example_branch_python_operator_decorator' retrieved from /home/airflow/.local/lib/python3.12/site-packages/airflow/example_dags/example_branch_operator_decorator.py
[2024-08-25T00:13:34.441+0000] {logging_mixin.py:190} INFO - [2024-08-25T00:13:34.440+0000] {dag.py:3211} INFO - Sync 1 DAGs
[2024-08-25T00:13:34.547+0000] {logging_mixin.py:190} INFO - [2024-08-25T00:13:34.546+0000] {dag.py:4138} INFO - Setting next_dagrun for example_branch_python_operator_decorator to 2024-08-24 00:00:00+00:00, run_after=2024-08-25 00:00:00+00:00
[2024-08-25T00:13:34.598+0000] {processor.py:208} INFO - Processing /home/airflow/.local/lib/python3.12/site-packages/airflow/example_dags/example_branch_operator_decorator.py took 0.372 seconds
[2024-08-25T00:14:05.046+0000] {processor.py:186} INFO - Started process (PID=1030) to work on /home/airflow/.local/lib/python3.12/site-packages/airflow/example_dags/example_branch_operator_decorator.py
[2024-08-25T00:14:05.048+0000] {processor.py:914} INFO - Processing file /home/airflow/.local/lib/python3.12/site-packages/airflow/example_dags/example_branch_operator_decorator.py for tasks to queue
[2024-08-25T00:14:05.053+0000] {logging_mixin.py:190} INFO - [2024-08-25T00:14:05.052+0000] {dagbag.py:587} INFO - Filling up the DagBag from /home/airflow/.local/lib/python3.12/site-packages/airflow/example_dags/example_branch_operator_decorator.py
[2024-08-25T00:14:05.112+0000] {processor.py:925} INFO - DAG(s) 'example_branch_python_operator_decorator' retrieved from /home/airflow/.local/lib/python3.12/site-packages/airflow/example_dags/example_branch_operator_decorator.py
[2024-08-25T00:14:05.255+0000] {logging_mixin.py:190} INFO - [2024-08-25T00:14:05.252+0000] {dag.py:3211} INFO - Sync 1 DAGs
[2024-08-25T00:14:05.375+0000] {logging_mixin.py:190} INFO - [2024-08-25T00:14:05.375+0000] {dag.py:4138} INFO - Setting next_dagrun for example_branch_python_operator_decorator to 2024-08-24 00:00:00+00:00, run_after=2024-08-25 00:00:00+00:00
[2024-08-25T00:14:05.411+0000] {processor.py:208} INFO - Processing /home/airflow/.local/lib/python3.12/site-packages/airflow/example_dags/example_branch_operator_decorator.py took 0.378 seconds
[2024-08-25T00:14:35.771+0000] {processor.py:186} INFO - Started process (PID=1094) to work on /home/airflow/.local/lib/python3.12/site-packages/airflow/example_dags/example_branch_operator_decorator.py
[2024-08-25T00:14:35.777+0000] {processor.py:914} INFO - Processing file /home/airflow/.local/lib/python3.12/site-packages/airflow/example_dags/example_branch_operator_decorator.py for tasks to queue
[2024-08-25T00:14:35.807+0000] {logging_mixin.py:190} INFO - [2024-08-25T00:14:35.806+0000] {dagbag.py:587} INFO - Filling up the DagBag from /home/airflow/.local/lib/python3.12/site-packages/airflow/example_dags/example_branch_operator_decorator.py
[2024-08-25T00:14:35.942+0000] {processor.py:925} INFO - DAG(s) 'example_branch_python_operator_decorator' retrieved from /home/airflow/.local/lib/python3.12/site-packages/airflow/example_dags/example_branch_operator_decorator.py
[2024-08-25T00:14:36.052+0000] {logging_mixin.py:190} INFO - [2024-08-25T00:14:36.051+0000] {dag.py:3211} INFO - Sync 1 DAGs
[2024-08-25T00:14:36.137+0000] {logging_mixin.py:190} INFO - [2024-08-25T00:14:36.137+0000] {dag.py:4138} INFO - Setting next_dagrun for example_branch_python_operator_decorator to 2024-08-24 00:00:00+00:00, run_after=2024-08-25 00:00:00+00:00
[2024-08-25T00:14:36.233+0000] {processor.py:208} INFO - Processing /home/airflow/.local/lib/python3.12/site-packages/airflow/example_dags/example_branch_operator_decorator.py took 0.498 seconds
[2024-08-25T00:15:06.515+0000] {processor.py:186} INFO - Started process (PID=1158) to work on /home/airflow/.local/lib/python3.12/site-packages/airflow/example_dags/example_branch_operator_decorator.py
[2024-08-25T00:15:06.524+0000] {processor.py:914} INFO - Processing file /home/airflow/.local/lib/python3.12/site-packages/airflow/example_dags/example_branch_operator_decorator.py for tasks to queue
[2024-08-25T00:15:06.532+0000] {logging_mixin.py:190} INFO - [2024-08-25T00:15:06.531+0000] {dagbag.py:587} INFO - Filling up the DagBag from /home/airflow/.local/lib/python3.12/site-packages/airflow/example_dags/example_branch_operator_decorator.py
[2024-08-25T00:15:06.644+0000] {processor.py:925} INFO - DAG(s) 'example_branch_python_operator_decorator' retrieved from /home/airflow/.local/lib/python3.12/site-packages/airflow/example_dags/example_branch_operator_decorator.py
[2024-08-25T00:15:06.837+0000] {logging_mixin.py:190} INFO - [2024-08-25T00:15:06.832+0000] {dag.py:3211} INFO - Sync 1 DAGs
[2024-08-25T00:15:06.962+0000] {logging_mixin.py:190} INFO - [2024-08-25T00:15:06.961+0000] {dag.py:4138} INFO - Setting next_dagrun for example_branch_python_operator_decorator to 2024-08-24 00:00:00+00:00, run_after=2024-08-25 00:00:00+00:00
[2024-08-25T00:15:07.027+0000] {processor.py:208} INFO - Processing /home/airflow/.local/lib/python3.12/site-packages/airflow/example_dags/example_branch_operator_decorator.py took 0.548 seconds
[2024-08-25T00:15:37.237+0000] {processor.py:186} INFO - Started process (PID=1221) to work on /home/airflow/.local/lib/python3.12/site-packages/airflow/example_dags/example_branch_operator_decorator.py
[2024-08-25T00:15:37.239+0000] {processor.py:914} INFO - Processing file /home/airflow/.local/lib/python3.12/site-packages/airflow/example_dags/example_branch_operator_decorator.py for tasks to queue
[2024-08-25T00:15:37.245+0000] {logging_mixin.py:190} INFO - [2024-08-25T00:15:37.243+0000] {dagbag.py:587} INFO - Filling up the DagBag from /home/airflow/.local/lib/python3.12/site-packages/airflow/example_dags/example_branch_operator_decorator.py
[2024-08-25T00:15:37.315+0000] {processor.py:925} INFO - DAG(s) 'example_branch_python_operator_decorator' retrieved from /home/airflow/.local/lib/python3.12/site-packages/airflow/example_dags/example_branch_operator_decorator.py
[2024-08-25T00:15:37.521+0000] {logging_mixin.py:190} INFO - [2024-08-25T00:15:37.516+0000] {dag.py:3211} INFO - Sync 1 DAGs
[2024-08-25T00:15:37.723+0000] {logging_mixin.py:190} INFO - [2024-08-25T00:15:37.722+0000] {dag.py:4138} INFO - Setting next_dagrun for example_branch_python_operator_decorator to 2024-08-24 00:00:00+00:00, run_after=2024-08-25 00:00:00+00:00
[2024-08-25T00:15:37.790+0000] {processor.py:208} INFO - Processing /home/airflow/.local/lib/python3.12/site-packages/airflow/example_dags/example_branch_operator_decorator.py took 0.570 seconds
[2024-08-25T00:16:09.125+0000] {processor.py:186} INFO - Started process (PID=1281) to work on /home/airflow/.local/lib/python3.12/site-packages/airflow/example_dags/example_branch_operator_decorator.py
[2024-08-25T00:16:09.139+0000] {processor.py:914} INFO - Processing file /home/airflow/.local/lib/python3.12/site-packages/airflow/example_dags/example_branch_operator_decorator.py for tasks to queue
[2024-08-25T00:16:09.164+0000] {logging_mixin.py:190} INFO - [2024-08-25T00:16:09.164+0000] {dagbag.py:587} INFO - Filling up the DagBag from /home/airflow/.local/lib/python3.12/site-packages/airflow/example_dags/example_branch_operator_decorator.py
[2024-08-25T00:16:09.444+0000] {processor.py:925} INFO - DAG(s) 'example_branch_python_operator_decorator' retrieved from /home/airflow/.local/lib/python3.12/site-packages/airflow/example_dags/example_branch_operator_decorator.py
[2024-08-25T00:16:09.639+0000] {logging_mixin.py:190} INFO - [2024-08-25T00:16:09.638+0000] {dag.py:3211} INFO - Sync 1 DAGs
[2024-08-25T00:16:09.833+0000] {logging_mixin.py:190} INFO - [2024-08-25T00:16:09.832+0000] {dag.py:4138} INFO - Setting next_dagrun for example_branch_python_operator_decorator to 2024-08-24 00:00:00+00:00, run_after=2024-08-25 00:00:00+00:00
[2024-08-25T00:16:10.049+0000] {processor.py:208} INFO - Processing /home/airflow/.local/lib/python3.12/site-packages/airflow/example_dags/example_branch_operator_decorator.py took 0.970 seconds
[2024-08-25T00:16:40.779+0000] {processor.py:186} INFO - Started process (PID=1344) to work on /home/airflow/.local/lib/python3.12/site-packages/airflow/example_dags/example_branch_operator_decorator.py
[2024-08-25T00:16:40.781+0000] {processor.py:914} INFO - Processing file /home/airflow/.local/lib/python3.12/site-packages/airflow/example_dags/example_branch_operator_decorator.py for tasks to queue
[2024-08-25T00:16:40.790+0000] {logging_mixin.py:190} INFO - [2024-08-25T00:16:40.790+0000] {dagbag.py:587} INFO - Filling up the DagBag from /home/airflow/.local/lib/python3.12/site-packages/airflow/example_dags/example_branch_operator_decorator.py
[2024-08-25T00:16:40.864+0000] {processor.py:925} INFO - DAG(s) 'example_branch_python_operator_decorator' retrieved from /home/airflow/.local/lib/python3.12/site-packages/airflow/example_dags/example_branch_operator_decorator.py
[2024-08-25T00:16:40.965+0000] {logging_mixin.py:190} INFO - [2024-08-25T00:16:40.964+0000] {dag.py:3211} INFO - Sync 1 DAGs
[2024-08-25T00:16:41.053+0000] {logging_mixin.py:190} INFO - [2024-08-25T00:16:41.052+0000] {dag.py:4138} INFO - Setting next_dagrun for example_branch_python_operator_decorator to 2024-08-24 00:00:00+00:00, run_after=2024-08-25 00:00:00+00:00
[2024-08-25T00:16:41.123+0000] {processor.py:208} INFO - Processing /home/airflow/.local/lib/python3.12/site-packages/airflow/example_dags/example_branch_operator_decorator.py took 0.363 seconds
[2024-08-25T00:17:13.657+0000] {processor.py:186} INFO - Started process (PID=1405) to work on /home/airflow/.local/lib/python3.12/site-packages/airflow/example_dags/example_branch_operator_decorator.py
[2024-08-25T00:17:13.673+0000] {processor.py:914} INFO - Processing file /home/airflow/.local/lib/python3.12/site-packages/airflow/example_dags/example_branch_operator_decorator.py for tasks to queue
[2024-08-25T00:17:13.742+0000] {logging_mixin.py:190} INFO - [2024-08-25T00:17:13.741+0000] {dagbag.py:587} INFO - Filling up the DagBag from /home/airflow/.local/lib/python3.12/site-packages/airflow/example_dags/example_branch_operator_decorator.py
[2024-08-25T00:17:14.411+0000] {processor.py:925} INFO - DAG(s) 'example_branch_python_operator_decorator' retrieved from /home/airflow/.local/lib/python3.12/site-packages/airflow/example_dags/example_branch_operator_decorator.py
[2024-08-25T00:17:14.707+0000] {logging_mixin.py:190} INFO - [2024-08-25T00:17:14.706+0000] {dag.py:3211} INFO - Sync 1 DAGs
[2024-08-25T00:17:14.888+0000] {logging_mixin.py:190} INFO - [2024-08-25T00:17:14.887+0000] {dag.py:4138} INFO - Setting next_dagrun for example_branch_python_operator_decorator to 2024-08-24 00:00:00+00:00, run_after=2024-08-25 00:00:00+00:00
[2024-08-25T00:17:15.021+0000] {processor.py:208} INFO - Processing /home/airflow/.local/lib/python3.12/site-packages/airflow/example_dags/example_branch_operator_decorator.py took 1.416 seconds
[2024-08-25T00:17:45.331+0000] {processor.py:186} INFO - Started process (PID=1468) to work on /home/airflow/.local/lib/python3.12/site-packages/airflow/example_dags/example_branch_operator_decorator.py
[2024-08-25T00:17:45.335+0000] {processor.py:914} INFO - Processing file /home/airflow/.local/lib/python3.12/site-packages/airflow/example_dags/example_branch_operator_decorator.py for tasks to queue
[2024-08-25T00:17:45.343+0000] {logging_mixin.py:190} INFO - [2024-08-25T00:17:45.342+0000] {dagbag.py:587} INFO - Filling up the DagBag from /home/airflow/.local/lib/python3.12/site-packages/airflow/example_dags/example_branch_operator_decorator.py
[2024-08-25T00:17:45.424+0000] {processor.py:925} INFO - DAG(s) 'example_branch_python_operator_decorator' retrieved from /home/airflow/.local/lib/python3.12/site-packages/airflow/example_dags/example_branch_operator_decorator.py
[2024-08-25T00:17:45.569+0000] {logging_mixin.py:190} INFO - [2024-08-25T00:17:45.567+0000] {dag.py:3211} INFO - Sync 1 DAGs
[2024-08-25T00:17:45.681+0000] {logging_mixin.py:190} INFO - [2024-08-25T00:17:45.681+0000] {dag.py:4138} INFO - Setting next_dagrun for example_branch_python_operator_decorator to 2024-08-24 00:00:00+00:00, run_after=2024-08-25 00:00:00+00:00
[2024-08-25T00:17:45.861+0000] {processor.py:208} INFO - Processing /home/airflow/.local/lib/python3.12/site-packages/airflow/example_dags/example_branch_operator_decorator.py took 0.551 seconds
[2024-08-25T00:18:16.281+0000] {processor.py:186} INFO - Started process (PID=1531) to work on /home/airflow/.local/lib/python3.12/site-packages/airflow/example_dags/example_branch_operator_decorator.py
[2024-08-25T00:18:16.284+0000] {processor.py:914} INFO - Processing file /home/airflow/.local/lib/python3.12/site-packages/airflow/example_dags/example_branch_operator_decorator.py for tasks to queue
[2024-08-25T00:18:16.290+0000] {logging_mixin.py:190} INFO - [2024-08-25T00:18:16.289+0000] {dagbag.py:587} INFO - Filling up the DagBag from /home/airflow/.local/lib/python3.12/site-packages/airflow/example_dags/example_branch_operator_decorator.py
[2024-08-25T00:18:16.344+0000] {processor.py:925} INFO - DAG(s) 'example_branch_python_operator_decorator' retrieved from /home/airflow/.local/lib/python3.12/site-packages/airflow/example_dags/example_branch_operator_decorator.py
[2024-08-25T00:18:16.417+0000] {logging_mixin.py:190} INFO - [2024-08-25T00:18:16.416+0000] {dag.py:3211} INFO - Sync 1 DAGs
[2024-08-25T00:18:16.499+0000] {logging_mixin.py:190} INFO - [2024-08-25T00:18:16.498+0000] {dag.py:4138} INFO - Setting next_dagrun for example_branch_python_operator_decorator to 2024-08-24 00:00:00+00:00, run_after=2024-08-25 00:00:00+00:00
[2024-08-25T00:18:16.554+0000] {processor.py:208} INFO - Processing /home/airflow/.local/lib/python3.12/site-packages/airflow/example_dags/example_branch_operator_decorator.py took 0.294 seconds
[2024-08-25T00:18:46.878+0000] {processor.py:186} INFO - Started process (PID=1593) to work on /home/airflow/.local/lib/python3.12/site-packages/airflow/example_dags/example_branch_operator_decorator.py
[2024-08-25T00:18:46.885+0000] {processor.py:914} INFO - Processing file /home/airflow/.local/lib/python3.12/site-packages/airflow/example_dags/example_branch_operator_decorator.py for tasks to queue
[2024-08-25T00:18:46.896+0000] {logging_mixin.py:190} INFO - [2024-08-25T00:18:46.895+0000] {dagbag.py:587} INFO - Filling up the DagBag from /home/airflow/.local/lib/python3.12/site-packages/airflow/example_dags/example_branch_operator_decorator.py
[2024-08-25T00:18:46.999+0000] {processor.py:925} INFO - DAG(s) 'example_branch_python_operator_decorator' retrieved from /home/airflow/.local/lib/python3.12/site-packages/airflow/example_dags/example_branch_operator_decorator.py
[2024-08-25T00:18:47.157+0000] {logging_mixin.py:190} INFO - [2024-08-25T00:18:47.156+0000] {dag.py:3211} INFO - Sync 1 DAGs
[2024-08-25T00:18:47.314+0000] {logging_mixin.py:190} INFO - [2024-08-25T00:18:47.313+0000] {dag.py:4138} INFO - Setting next_dagrun for example_branch_python_operator_decorator to 2024-08-24 00:00:00+00:00, run_after=2024-08-25 00:00:00+00:00
[2024-08-25T00:18:47.390+0000] {processor.py:208} INFO - Processing /home/airflow/.local/lib/python3.12/site-packages/airflow/example_dags/example_branch_operator_decorator.py took 0.542 seconds
[2024-08-25T00:19:17.794+0000] {processor.py:186} INFO - Started process (PID=1656) to work on /home/airflow/.local/lib/python3.12/site-packages/airflow/example_dags/example_branch_operator_decorator.py
[2024-08-25T00:19:17.796+0000] {processor.py:914} INFO - Processing file /home/airflow/.local/lib/python3.12/site-packages/airflow/example_dags/example_branch_operator_decorator.py for tasks to queue
[2024-08-25T00:19:17.808+0000] {logging_mixin.py:190} INFO - [2024-08-25T00:19:17.807+0000] {dagbag.py:587} INFO - Filling up the DagBag from /home/airflow/.local/lib/python3.12/site-packages/airflow/example_dags/example_branch_operator_decorator.py
[2024-08-25T00:19:17.931+0000] {processor.py:925} INFO - DAG(s) 'example_branch_python_operator_decorator' retrieved from /home/airflow/.local/lib/python3.12/site-packages/airflow/example_dags/example_branch_operator_decorator.py
[2024-08-25T00:19:18.051+0000] {logging_mixin.py:190} INFO - [2024-08-25T00:19:18.049+0000] {dag.py:3211} INFO - Sync 1 DAGs
[2024-08-25T00:19:18.132+0000] {logging_mixin.py:190} INFO - [2024-08-25T00:19:18.131+0000] {dag.py:4138} INFO - Setting next_dagrun for example_branch_python_operator_decorator to 2024-08-24 00:00:00+00:00, run_after=2024-08-25 00:00:00+00:00
[2024-08-25T00:19:18.174+0000] {processor.py:208} INFO - Processing /home/airflow/.local/lib/python3.12/site-packages/airflow/example_dags/example_branch_operator_decorator.py took 0.405 seconds
[2024-08-25T00:19:48.670+0000] {processor.py:186} INFO - Started process (PID=1719) to work on /home/airflow/.local/lib/python3.12/site-packages/airflow/example_dags/example_branch_operator_decorator.py
[2024-08-25T00:19:48.676+0000] {processor.py:914} INFO - Processing file /home/airflow/.local/lib/python3.12/site-packages/airflow/example_dags/example_branch_operator_decorator.py for tasks to queue
[2024-08-25T00:19:48.739+0000] {logging_mixin.py:190} INFO - [2024-08-25T00:19:48.738+0000] {dagbag.py:587} INFO - Filling up the DagBag from /home/airflow/.local/lib/python3.12/site-packages/airflow/example_dags/example_branch_operator_decorator.py
[2024-08-25T00:19:48.997+0000] {processor.py:925} INFO - DAG(s) 'example_branch_python_operator_decorator' retrieved from /home/airflow/.local/lib/python3.12/site-packages/airflow/example_dags/example_branch_operator_decorator.py
[2024-08-25T00:19:49.284+0000] {logging_mixin.py:190} INFO - [2024-08-25T00:19:49.282+0000] {dag.py:3211} INFO - Sync 1 DAGs
[2024-08-25T00:19:49.534+0000] {logging_mixin.py:190} INFO - [2024-08-25T00:19:49.534+0000] {dag.py:4138} INFO - Setting next_dagrun for example_branch_python_operator_decorator to 2024-08-24 00:00:00+00:00, run_after=2024-08-25 00:00:00+00:00
[2024-08-25T00:19:49.947+0000] {processor.py:208} INFO - Processing /home/airflow/.local/lib/python3.12/site-packages/airflow/example_dags/example_branch_operator_decorator.py took 1.333 seconds
[2024-08-25T00:20:20.631+0000] {processor.py:186} INFO - Started process (PID=1783) to work on /home/airflow/.local/lib/python3.12/site-packages/airflow/example_dags/example_branch_operator_decorator.py
[2024-08-25T00:20:20.634+0000] {processor.py:914} INFO - Processing file /home/airflow/.local/lib/python3.12/site-packages/airflow/example_dags/example_branch_operator_decorator.py for tasks to queue
[2024-08-25T00:20:20.640+0000] {logging_mixin.py:190} INFO - [2024-08-25T00:20:20.640+0000] {dagbag.py:587} INFO - Filling up the DagBag from /home/airflow/.local/lib/python3.12/site-packages/airflow/example_dags/example_branch_operator_decorator.py
[2024-08-25T00:20:20.733+0000] {processor.py:925} INFO - DAG(s) 'example_branch_python_operator_decorator' retrieved from /home/airflow/.local/lib/python3.12/site-packages/airflow/example_dags/example_branch_operator_decorator.py
[2024-08-25T00:20:20.817+0000] {logging_mixin.py:190} INFO - [2024-08-25T00:20:20.816+0000] {dag.py:3211} INFO - Sync 1 DAGs
[2024-08-25T00:20:20.884+0000] {logging_mixin.py:190} INFO - [2024-08-25T00:20:20.884+0000] {dag.py:4138} INFO - Setting next_dagrun for example_branch_python_operator_decorator to 2024-08-24 00:00:00+00:00, run_after=2024-08-25 00:00:00+00:00
[2024-08-25T00:20:20.955+0000] {processor.py:208} INFO - Processing /home/airflow/.local/lib/python3.12/site-packages/airflow/example_dags/example_branch_operator_decorator.py took 0.348 seconds
[2024-08-25T00:20:51.106+0000] {processor.py:186} INFO - Started process (PID=1845) to work on /home/airflow/.local/lib/python3.12/site-packages/airflow/example_dags/example_branch_operator_decorator.py
[2024-08-25T00:20:51.139+0000] {processor.py:914} INFO - Processing file /home/airflow/.local/lib/python3.12/site-packages/airflow/example_dags/example_branch_operator_decorator.py for tasks to queue
[2024-08-25T00:20:51.156+0000] {logging_mixin.py:190} INFO - [2024-08-25T00:20:51.153+0000] {dagbag.py:587} INFO - Filling up the DagBag from /home/airflow/.local/lib/python3.12/site-packages/airflow/example_dags/example_branch_operator_decorator.py
[2024-08-25T00:20:51.239+0000] {processor.py:925} INFO - DAG(s) 'example_branch_python_operator_decorator' retrieved from /home/airflow/.local/lib/python3.12/site-packages/airflow/example_dags/example_branch_operator_decorator.py
[2024-08-25T00:20:51.337+0000] {logging_mixin.py:190} INFO - [2024-08-25T00:20:51.335+0000] {dag.py:3211} INFO - Sync 1 DAGs
[2024-08-25T00:20:51.435+0000] {logging_mixin.py:190} INFO - [2024-08-25T00:20:51.434+0000] {dag.py:4138} INFO - Setting next_dagrun for example_branch_python_operator_decorator to 2024-08-24 00:00:00+00:00, run_after=2024-08-25 00:00:00+00:00
[2024-08-25T00:20:51.484+0000] {processor.py:208} INFO - Processing /home/airflow/.local/lib/python3.12/site-packages/airflow/example_dags/example_branch_operator_decorator.py took 0.416 seconds
[2024-08-25T00:26:15.064+0000] {processor.py:186} INFO - Started process (PID=82) to work on /home/airflow/.local/lib/python3.12/site-packages/airflow/example_dags/example_branch_operator_decorator.py
[2024-08-25T00:26:15.081+0000] {processor.py:914} INFO - Processing file /home/airflow/.local/lib/python3.12/site-packages/airflow/example_dags/example_branch_operator_decorator.py for tasks to queue
[2024-08-25T00:26:15.123+0000] {logging_mixin.py:190} INFO - [2024-08-25T00:26:15.121+0000] {dagbag.py:587} INFO - Filling up the DagBag from /home/airflow/.local/lib/python3.12/site-packages/airflow/example_dags/example_branch_operator_decorator.py
[2024-08-25T00:26:15.574+0000] {processor.py:925} INFO - DAG(s) 'example_branch_python_operator_decorator' retrieved from /home/airflow/.local/lib/python3.12/site-packages/airflow/example_dags/example_branch_operator_decorator.py
[2024-08-25T00:26:19.563+0000] {logging_mixin.py:190} INFO - [2024-08-25T00:26:19.562+0000] {dag.py:3211} INFO - Sync 1 DAGs
[2024-08-25T00:26:19.803+0000] {logging_mixin.py:190} INFO - [2024-08-25T00:26:19.802+0000] {dag.py:4138} INFO - Setting next_dagrun for example_branch_python_operator_decorator to 2024-08-24 00:00:00+00:00, run_after=2024-08-25 00:00:00+00:00
[2024-08-25T00:26:20.052+0000] {processor.py:208} INFO - Processing /home/airflow/.local/lib/python3.12/site-packages/airflow/example_dags/example_branch_operator_decorator.py took 5.051 seconds
[2024-08-25T00:27:19.578+0000] {processor.py:186} INFO - Started process (PID=150) to work on /home/airflow/.local/lib/python3.12/site-packages/airflow/example_dags/example_branch_operator_decorator.py
[2024-08-25T00:27:19.591+0000] {processor.py:914} INFO - Processing file /home/airflow/.local/lib/python3.12/site-packages/airflow/example_dags/example_branch_operator_decorator.py for tasks to queue
[2024-08-25T00:27:19.601+0000] {logging_mixin.py:190} INFO - [2024-08-25T00:27:19.600+0000] {dagbag.py:587} INFO - Filling up the DagBag from /home/airflow/.local/lib/python3.12/site-packages/airflow/example_dags/example_branch_operator_decorator.py
[2024-08-25T00:27:19.970+0000] {processor.py:925} INFO - DAG(s) 'example_branch_python_operator_decorator' retrieved from /home/airflow/.local/lib/python3.12/site-packages/airflow/example_dags/example_branch_operator_decorator.py
[2024-08-25T00:27:20.224+0000] {logging_mixin.py:190} INFO - [2024-08-25T00:27:20.222+0000] {dag.py:3211} INFO - Sync 1 DAGs
[2024-08-25T00:27:20.381+0000] {logging_mixin.py:190} INFO - [2024-08-25T00:27:20.381+0000] {dag.py:4138} INFO - Setting next_dagrun for example_branch_python_operator_decorator to 2024-08-24 00:00:00+00:00, run_after=2024-08-25 00:00:00+00:00
[2024-08-25T00:27:20.508+0000] {processor.py:208} INFO - Processing /home/airflow/.local/lib/python3.12/site-packages/airflow/example_dags/example_branch_operator_decorator.py took 0.976 seconds
[2024-08-25T00:28:06.120+0000] {processor.py:186} INFO - Started process (PID=210) to work on /home/airflow/.local/lib/python3.12/site-packages/airflow/example_dags/example_branch_operator_decorator.py
[2024-08-25T00:28:06.134+0000] {processor.py:914} INFO - Processing file /home/airflow/.local/lib/python3.12/site-packages/airflow/example_dags/example_branch_operator_decorator.py for tasks to queue
[2024-08-25T00:28:06.155+0000] {logging_mixin.py:190} INFO - [2024-08-25T00:28:06.154+0000] {dagbag.py:587} INFO - Filling up the DagBag from /home/airflow/.local/lib/python3.12/site-packages/airflow/example_dags/example_branch_operator_decorator.py
[2024-08-25T00:28:06.412+0000] {processor.py:925} INFO - DAG(s) 'example_branch_python_operator_decorator' retrieved from /home/airflow/.local/lib/python3.12/site-packages/airflow/example_dags/example_branch_operator_decorator.py
[2024-08-25T00:28:06.922+0000] {logging_mixin.py:190} INFO - [2024-08-25T00:28:06.920+0000] {dag.py:3211} INFO - Sync 1 DAGs
[2024-08-25T00:28:07.145+0000] {logging_mixin.py:190} INFO - [2024-08-25T00:28:07.144+0000] {dag.py:4138} INFO - Setting next_dagrun for example_branch_python_operator_decorator to 2024-08-24 00:00:00+00:00, run_after=2024-08-25 00:00:00+00:00
[2024-08-25T00:28:07.273+0000] {processor.py:208} INFO - Processing /home/airflow/.local/lib/python3.12/site-packages/airflow/example_dags/example_branch_operator_decorator.py took 1.205 seconds
[2024-08-25T00:28:45.989+0000] {processor.py:186} INFO - Started process (PID=273) to work on /home/airflow/.local/lib/python3.12/site-packages/airflow/example_dags/example_branch_operator_decorator.py
[2024-08-25T00:28:45.998+0000] {processor.py:914} INFO - Processing file /home/airflow/.local/lib/python3.12/site-packages/airflow/example_dags/example_branch_operator_decorator.py for tasks to queue
[2024-08-25T00:28:46.019+0000] {logging_mixin.py:190} INFO - [2024-08-25T00:28:46.018+0000] {dagbag.py:587} INFO - Filling up the DagBag from /home/airflow/.local/lib/python3.12/site-packages/airflow/example_dags/example_branch_operator_decorator.py
[2024-08-25T00:28:46.151+0000] {processor.py:925} INFO - DAG(s) 'example_branch_python_operator_decorator' retrieved from /home/airflow/.local/lib/python3.12/site-packages/airflow/example_dags/example_branch_operator_decorator.py
[2024-08-25T00:28:46.317+0000] {logging_mixin.py:190} INFO - [2024-08-25T00:28:46.315+0000] {dag.py:3211} INFO - Sync 1 DAGs
[2024-08-25T00:28:46.444+0000] {logging_mixin.py:190} INFO - [2024-08-25T00:28:46.440+0000] {dag.py:4138} INFO - Setting next_dagrun for example_branch_python_operator_decorator to 2024-08-24 00:00:00+00:00, run_after=2024-08-25 00:00:00+00:00
[2024-08-25T00:28:46.559+0000] {processor.py:208} INFO - Processing /home/airflow/.local/lib/python3.12/site-packages/airflow/example_dags/example_branch_operator_decorator.py took 0.593 seconds
[2024-08-25T00:29:17.906+0000] {processor.py:186} INFO - Started process (PID=335) to work on /home/airflow/.local/lib/python3.12/site-packages/airflow/example_dags/example_branch_operator_decorator.py
[2024-08-25T00:29:17.926+0000] {processor.py:914} INFO - Processing file /home/airflow/.local/lib/python3.12/site-packages/airflow/example_dags/example_branch_operator_decorator.py for tasks to queue
[2024-08-25T00:29:17.939+0000] {logging_mixin.py:190} INFO - [2024-08-25T00:29:17.938+0000] {dagbag.py:587} INFO - Filling up the DagBag from /home/airflow/.local/lib/python3.12/site-packages/airflow/example_dags/example_branch_operator_decorator.py
[2024-08-25T00:29:18.299+0000] {processor.py:925} INFO - DAG(s) 'example_branch_python_operator_decorator' retrieved from /home/airflow/.local/lib/python3.12/site-packages/airflow/example_dags/example_branch_operator_decorator.py
[2024-08-25T00:29:18.600+0000] {logging_mixin.py:190} INFO - [2024-08-25T00:29:18.599+0000] {dag.py:3211} INFO - Sync 1 DAGs
[2024-08-25T00:29:18.819+0000] {logging_mixin.py:190} INFO - [2024-08-25T00:29:18.818+0000] {dag.py:4138} INFO - Setting next_dagrun for example_branch_python_operator_decorator to 2024-08-24 00:00:00+00:00, run_after=2024-08-25 00:00:00+00:00
[2024-08-25T00:29:18.943+0000] {processor.py:208} INFO - Processing /home/airflow/.local/lib/python3.12/site-packages/airflow/example_dags/example_branch_operator_decorator.py took 1.105 seconds
[2024-08-25T00:29:49.308+0000] {processor.py:186} INFO - Started process (PID=398) to work on /home/airflow/.local/lib/python3.12/site-packages/airflow/example_dags/example_branch_operator_decorator.py
[2024-08-25T00:29:49.314+0000] {processor.py:914} INFO - Processing file /home/airflow/.local/lib/python3.12/site-packages/airflow/example_dags/example_branch_operator_decorator.py for tasks to queue
[2024-08-25T00:29:49.325+0000] {logging_mixin.py:190} INFO - [2024-08-25T00:29:49.322+0000] {dagbag.py:587} INFO - Filling up the DagBag from /home/airflow/.local/lib/python3.12/site-packages/airflow/example_dags/example_branch_operator_decorator.py
[2024-08-25T00:29:49.444+0000] {processor.py:925} INFO - DAG(s) 'example_branch_python_operator_decorator' retrieved from /home/airflow/.local/lib/python3.12/site-packages/airflow/example_dags/example_branch_operator_decorator.py
[2024-08-25T00:29:49.614+0000] {logging_mixin.py:190} INFO - [2024-08-25T00:29:49.604+0000] {dag.py:3211} INFO - Sync 1 DAGs
[2024-08-25T00:29:49.733+0000] {logging_mixin.py:190} INFO - [2024-08-25T00:29:49.732+0000] {dag.py:4138} INFO - Setting next_dagrun for example_branch_python_operator_decorator to 2024-08-24 00:00:00+00:00, run_after=2024-08-25 00:00:00+00:00
[2024-08-25T00:29:49.827+0000] {processor.py:208} INFO - Processing /home/airflow/.local/lib/python3.12/site-packages/airflow/example_dags/example_branch_operator_decorator.py took 0.563 seconds
[2024-08-25T00:30:23.932+0000] {processor.py:186} INFO - Started process (PID=454) to work on /home/airflow/.local/lib/python3.12/site-packages/airflow/example_dags/example_branch_operator_decorator.py
[2024-08-25T00:30:23.935+0000] {processor.py:914} INFO - Processing file /home/airflow/.local/lib/python3.12/site-packages/airflow/example_dags/example_branch_operator_decorator.py for tasks to queue
[2024-08-25T00:30:23.947+0000] {logging_mixin.py:190} INFO - [2024-08-25T00:30:23.946+0000] {dagbag.py:587} INFO - Filling up the DagBag from /home/airflow/.local/lib/python3.12/site-packages/airflow/example_dags/example_branch_operator_decorator.py
[2024-08-25T00:30:24.292+0000] {processor.py:925} INFO - DAG(s) 'example_branch_python_operator_decorator' retrieved from /home/airflow/.local/lib/python3.12/site-packages/airflow/example_dags/example_branch_operator_decorator.py
[2024-08-25T00:30:24.904+0000] {logging_mixin.py:190} INFO - [2024-08-25T00:30:24.901+0000] {dag.py:3211} INFO - Sync 1 DAGs
[2024-08-25T00:30:25.464+0000] {logging_mixin.py:190} INFO - [2024-08-25T00:30:25.431+0000] {dag.py:4138} INFO - Setting next_dagrun for example_branch_python_operator_decorator to 2024-08-24 00:00:00+00:00, run_after=2024-08-25 00:00:00+00:00
[2024-08-25T00:30:25.616+0000] {processor.py:208} INFO - Processing /home/airflow/.local/lib/python3.12/site-packages/airflow/example_dags/example_branch_operator_decorator.py took 1.735 seconds
[2024-08-25T00:30:56.131+0000] {processor.py:186} INFO - Started process (PID=518) to work on /home/airflow/.local/lib/python3.12/site-packages/airflow/example_dags/example_branch_operator_decorator.py
[2024-08-25T00:30:56.135+0000] {processor.py:914} INFO - Processing file /home/airflow/.local/lib/python3.12/site-packages/airflow/example_dags/example_branch_operator_decorator.py for tasks to queue
[2024-08-25T00:30:56.154+0000] {logging_mixin.py:190} INFO - [2024-08-25T00:30:56.153+0000] {dagbag.py:587} INFO - Filling up the DagBag from /home/airflow/.local/lib/python3.12/site-packages/airflow/example_dags/example_branch_operator_decorator.py
[2024-08-25T00:30:56.444+0000] {processor.py:925} INFO - DAG(s) 'example_branch_python_operator_decorator' retrieved from /home/airflow/.local/lib/python3.12/site-packages/airflow/example_dags/example_branch_operator_decorator.py
[2024-08-25T00:30:56.820+0000] {logging_mixin.py:190} INFO - [2024-08-25T00:30:56.818+0000] {dag.py:3211} INFO - Sync 1 DAGs
[2024-08-25T00:30:57.044+0000] {logging_mixin.py:190} INFO - [2024-08-25T00:30:57.043+0000] {dag.py:4138} INFO - Setting next_dagrun for example_branch_python_operator_decorator to 2024-08-24 00:00:00+00:00, run_after=2024-08-25 00:00:00+00:00
[2024-08-25T00:30:57.182+0000] {processor.py:208} INFO - Processing /home/airflow/.local/lib/python3.12/site-packages/airflow/example_dags/example_branch_operator_decorator.py took 1.088 seconds
[2024-08-25T00:31:33.210+0000] {processor.py:186} INFO - Started process (PID=584) to work on /home/airflow/.local/lib/python3.12/site-packages/airflow/example_dags/example_branch_operator_decorator.py
[2024-08-25T00:31:33.243+0000] {processor.py:914} INFO - Processing file /home/airflow/.local/lib/python3.12/site-packages/airflow/example_dags/example_branch_operator_decorator.py for tasks to queue
[2024-08-25T00:31:33.273+0000] {logging_mixin.py:190} INFO - [2024-08-25T00:31:33.272+0000] {dagbag.py:587} INFO - Filling up the DagBag from /home/airflow/.local/lib/python3.12/site-packages/airflow/example_dags/example_branch_operator_decorator.py
[2024-08-25T00:31:33.558+0000] {processor.py:925} INFO - DAG(s) 'example_branch_python_operator_decorator' retrieved from /home/airflow/.local/lib/python3.12/site-packages/airflow/example_dags/example_branch_operator_decorator.py
[2024-08-25T00:31:34.025+0000] {logging_mixin.py:190} INFO - [2024-08-25T00:31:34.024+0000] {dag.py:3211} INFO - Sync 1 DAGs
[2024-08-25T00:31:34.392+0000] {logging_mixin.py:190} INFO - [2024-08-25T00:31:34.392+0000] {dag.py:4138} INFO - Setting next_dagrun for example_branch_python_operator_decorator to 2024-08-24 00:00:00+00:00, run_after=2024-08-25 00:00:00+00:00
[2024-08-25T00:31:34.574+0000] {processor.py:208} INFO - Processing /home/airflow/.local/lib/python3.12/site-packages/airflow/example_dags/example_branch_operator_decorator.py took 1.419 seconds
[2024-08-25T00:32:09.468+0000] {processor.py:186} INFO - Started process (PID=631) to work on /home/airflow/.local/lib/python3.12/site-packages/airflow/example_dags/example_branch_operator_decorator.py
[2024-08-25T00:32:09.472+0000] {processor.py:914} INFO - Processing file /home/airflow/.local/lib/python3.12/site-packages/airflow/example_dags/example_branch_operator_decorator.py for tasks to queue
[2024-08-25T00:32:09.480+0000] {logging_mixin.py:190} INFO - [2024-08-25T00:32:09.479+0000] {dagbag.py:587} INFO - Filling up the DagBag from /home/airflow/.local/lib/python3.12/site-packages/airflow/example_dags/example_branch_operator_decorator.py
[2024-08-25T00:32:09.698+0000] {processor.py:925} INFO - DAG(s) 'example_branch_python_operator_decorator' retrieved from /home/airflow/.local/lib/python3.12/site-packages/airflow/example_dags/example_branch_operator_decorator.py
[2024-08-25T00:32:09.977+0000] {logging_mixin.py:190} INFO - [2024-08-25T00:32:09.975+0000] {dag.py:3211} INFO - Sync 1 DAGs
[2024-08-25T00:32:10.322+0000] {logging_mixin.py:190} INFO - [2024-08-25T00:32:10.309+0000] {dag.py:4138} INFO - Setting next_dagrun for example_branch_python_operator_decorator to 2024-08-24 00:00:00+00:00, run_after=2024-08-25 00:00:00+00:00
[2024-08-25T00:32:10.461+0000] {processor.py:208} INFO - Processing /home/airflow/.local/lib/python3.12/site-packages/airflow/example_dags/example_branch_operator_decorator.py took 1.022 seconds
[2024-08-25T00:32:45.644+0000] {processor.py:186} INFO - Started process (PID=695) to work on /home/airflow/.local/lib/python3.12/site-packages/airflow/example_dags/example_branch_operator_decorator.py
[2024-08-25T00:32:45.646+0000] {processor.py:914} INFO - Processing file /home/airflow/.local/lib/python3.12/site-packages/airflow/example_dags/example_branch_operator_decorator.py for tasks to queue
[2024-08-25T00:32:45.655+0000] {logging_mixin.py:190} INFO - [2024-08-25T00:32:45.654+0000] {dagbag.py:587} INFO - Filling up the DagBag from /home/airflow/.local/lib/python3.12/site-packages/airflow/example_dags/example_branch_operator_decorator.py
[2024-08-25T00:32:45.735+0000] {processor.py:925} INFO - DAG(s) 'example_branch_python_operator_decorator' retrieved from /home/airflow/.local/lib/python3.12/site-packages/airflow/example_dags/example_branch_operator_decorator.py
[2024-08-25T00:32:45.856+0000] {logging_mixin.py:190} INFO - [2024-08-25T00:32:45.855+0000] {dag.py:3211} INFO - Sync 1 DAGs
[2024-08-25T00:32:45.969+0000] {logging_mixin.py:190} INFO - [2024-08-25T00:32:45.968+0000] {dag.py:4138} INFO - Setting next_dagrun for example_branch_python_operator_decorator to 2024-08-24 00:00:00+00:00, run_after=2024-08-25 00:00:00+00:00
[2024-08-25T00:32:46.084+0000] {processor.py:208} INFO - Processing /home/airflow/.local/lib/python3.12/site-packages/airflow/example_dags/example_branch_operator_decorator.py took 0.460 seconds
[2024-08-25T00:33:22.644+0000] {processor.py:186} INFO - Started process (PID=741) to work on /home/airflow/.local/lib/python3.12/site-packages/airflow/example_dags/example_branch_operator_decorator.py
[2024-08-25T00:33:22.647+0000] {processor.py:914} INFO - Processing file /home/airflow/.local/lib/python3.12/site-packages/airflow/example_dags/example_branch_operator_decorator.py for tasks to queue
[2024-08-25T00:33:22.662+0000] {logging_mixin.py:190} INFO - [2024-08-25T00:33:22.659+0000] {dagbag.py:587} INFO - Filling up the DagBag from /home/airflow/.local/lib/python3.12/site-packages/airflow/example_dags/example_branch_operator_decorator.py
[2024-08-25T00:33:22.787+0000] {processor.py:925} INFO - DAG(s) 'example_branch_python_operator_decorator' retrieved from /home/airflow/.local/lib/python3.12/site-packages/airflow/example_dags/example_branch_operator_decorator.py
[2024-08-25T00:33:23.031+0000] {logging_mixin.py:190} INFO - [2024-08-25T00:33:23.029+0000] {dag.py:3211} INFO - Sync 1 DAGs
[2024-08-25T00:33:23.314+0000] {logging_mixin.py:190} INFO - [2024-08-25T00:33:23.313+0000] {dag.py:4138} INFO - Setting next_dagrun for example_branch_python_operator_decorator to 2024-08-24 00:00:00+00:00, run_after=2024-08-25 00:00:00+00:00
[2024-08-25T00:33:23.511+0000] {processor.py:208} INFO - Processing /home/airflow/.local/lib/python3.12/site-packages/airflow/example_dags/example_branch_operator_decorator.py took 0.894 seconds
[2024-08-25T00:34:13.500+0000] {processor.py:186} INFO - Started process (PID=810) to work on /home/airflow/.local/lib/python3.12/site-packages/airflow/example_dags/example_branch_operator_decorator.py
[2024-08-25T00:34:13.525+0000] {processor.py:914} INFO - Processing file /home/airflow/.local/lib/python3.12/site-packages/airflow/example_dags/example_branch_operator_decorator.py for tasks to queue
[2024-08-25T00:34:13.594+0000] {logging_mixin.py:190} INFO - [2024-08-25T00:34:13.593+0000] {dagbag.py:587} INFO - Filling up the DagBag from /home/airflow/.local/lib/python3.12/site-packages/airflow/example_dags/example_branch_operator_decorator.py
[2024-08-25T00:34:13.938+0000] {processor.py:925} INFO - DAG(s) 'example_branch_python_operator_decorator' retrieved from /home/airflow/.local/lib/python3.12/site-packages/airflow/example_dags/example_branch_operator_decorator.py
[2024-08-25T00:34:14.292+0000] {logging_mixin.py:190} INFO - [2024-08-25T00:34:14.290+0000] {dag.py:3211} INFO - Sync 1 DAGs
[2024-08-25T00:34:14.577+0000] {logging_mixin.py:190} INFO - [2024-08-25T00:34:14.566+0000] {dag.py:4138} INFO - Setting next_dagrun for example_branch_python_operator_decorator to 2024-08-24 00:00:00+00:00, run_after=2024-08-25 00:00:00+00:00
[2024-08-25T00:34:14.749+0000] {processor.py:208} INFO - Processing /home/airflow/.local/lib/python3.12/site-packages/airflow/example_dags/example_branch_operator_decorator.py took 1.300 seconds
[2024-08-25T00:34:47.771+0000] {processor.py:186} INFO - Started process (PID=871) to work on /home/airflow/.local/lib/python3.12/site-packages/airflow/example_dags/example_branch_operator_decorator.py
[2024-08-25T00:34:47.783+0000] {processor.py:914} INFO - Processing file /home/airflow/.local/lib/python3.12/site-packages/airflow/example_dags/example_branch_operator_decorator.py for tasks to queue
[2024-08-25T00:34:47.800+0000] {logging_mixin.py:190} INFO - [2024-08-25T00:34:47.799+0000] {dagbag.py:587} INFO - Filling up the DagBag from /home/airflow/.local/lib/python3.12/site-packages/airflow/example_dags/example_branch_operator_decorator.py
[2024-08-25T00:34:48.071+0000] {processor.py:925} INFO - DAG(s) 'example_branch_python_operator_decorator' retrieved from /home/airflow/.local/lib/python3.12/site-packages/airflow/example_dags/example_branch_operator_decorator.py
[2024-08-25T00:34:48.397+0000] {logging_mixin.py:190} INFO - [2024-08-25T00:34:48.395+0000] {dag.py:3211} INFO - Sync 1 DAGs
[2024-08-25T00:34:48.683+0000] {logging_mixin.py:190} INFO - [2024-08-25T00:34:48.682+0000] {dag.py:4138} INFO - Setting next_dagrun for example_branch_python_operator_decorator to 2024-08-24 00:00:00+00:00, run_after=2024-08-25 00:00:00+00:00
[2024-08-25T00:34:48.856+0000] {processor.py:208} INFO - Processing /home/airflow/.local/lib/python3.12/site-packages/airflow/example_dags/example_branch_operator_decorator.py took 1.127 seconds
[2024-08-25T00:35:19.139+0000] {processor.py:186} INFO - Started process (PID=933) to work on /home/airflow/.local/lib/python3.12/site-packages/airflow/example_dags/example_branch_operator_decorator.py
[2024-08-25T00:35:19.141+0000] {processor.py:914} INFO - Processing file /home/airflow/.local/lib/python3.12/site-packages/airflow/example_dags/example_branch_operator_decorator.py for tasks to queue
[2024-08-25T00:35:19.149+0000] {logging_mixin.py:190} INFO - [2024-08-25T00:35:19.148+0000] {dagbag.py:587} INFO - Filling up the DagBag from /home/airflow/.local/lib/python3.12/site-packages/airflow/example_dags/example_branch_operator_decorator.py
[2024-08-25T00:35:19.262+0000] {processor.py:925} INFO - DAG(s) 'example_branch_python_operator_decorator' retrieved from /home/airflow/.local/lib/python3.12/site-packages/airflow/example_dags/example_branch_operator_decorator.py
[2024-08-25T00:35:19.376+0000] {logging_mixin.py:190} INFO - [2024-08-25T00:35:19.375+0000] {dag.py:3211} INFO - Sync 1 DAGs
[2024-08-25T00:35:19.463+0000] {logging_mixin.py:190} INFO - [2024-08-25T00:35:19.462+0000] {dag.py:4138} INFO - Setting next_dagrun for example_branch_python_operator_decorator to 2024-08-24 00:00:00+00:00, run_after=2024-08-25 00:00:00+00:00
[2024-08-25T00:35:19.523+0000] {processor.py:208} INFO - Processing /home/airflow/.local/lib/python3.12/site-packages/airflow/example_dags/example_branch_operator_decorator.py took 0.410 seconds
[2024-08-25T00:35:54.613+0000] {processor.py:186} INFO - Started process (PID=996) to work on /home/airflow/.local/lib/python3.12/site-packages/airflow/example_dags/example_branch_operator_decorator.py
[2024-08-25T00:35:54.629+0000] {processor.py:914} INFO - Processing file /home/airflow/.local/lib/python3.12/site-packages/airflow/example_dags/example_branch_operator_decorator.py for tasks to queue
[2024-08-25T00:35:54.641+0000] {logging_mixin.py:190} INFO - [2024-08-25T00:35:54.640+0000] {dagbag.py:587} INFO - Filling up the DagBag from /home/airflow/.local/lib/python3.12/site-packages/airflow/example_dags/example_branch_operator_decorator.py
[2024-08-25T00:35:54.840+0000] {processor.py:925} INFO - DAG(s) 'example_branch_python_operator_decorator' retrieved from /home/airflow/.local/lib/python3.12/site-packages/airflow/example_dags/example_branch_operator_decorator.py
[2024-08-25T00:35:55.128+0000] {logging_mixin.py:190} INFO - [2024-08-25T00:35:55.127+0000] {dag.py:3211} INFO - Sync 1 DAGs
[2024-08-25T00:35:55.387+0000] {logging_mixin.py:190} INFO - [2024-08-25T00:35:55.386+0000] {dag.py:4138} INFO - Setting next_dagrun for example_branch_python_operator_decorator to 2024-08-24 00:00:00+00:00, run_after=2024-08-25 00:00:00+00:00
[2024-08-25T00:35:55.561+0000] {processor.py:208} INFO - Processing /home/airflow/.local/lib/python3.12/site-packages/airflow/example_dags/example_branch_operator_decorator.py took 1.006 seconds
[2024-08-25T00:36:27.561+0000] {processor.py:186} INFO - Started process (PID=1059) to work on /home/airflow/.local/lib/python3.12/site-packages/airflow/example_dags/example_branch_operator_decorator.py
[2024-08-25T00:36:27.563+0000] {processor.py:914} INFO - Processing file /home/airflow/.local/lib/python3.12/site-packages/airflow/example_dags/example_branch_operator_decorator.py for tasks to queue
[2024-08-25T00:36:27.577+0000] {logging_mixin.py:190} INFO - [2024-08-25T00:36:27.576+0000] {dagbag.py:587} INFO - Filling up the DagBag from /home/airflow/.local/lib/python3.12/site-packages/airflow/example_dags/example_branch_operator_decorator.py
[2024-08-25T00:36:27.710+0000] {processor.py:925} INFO - DAG(s) 'example_branch_python_operator_decorator' retrieved from /home/airflow/.local/lib/python3.12/site-packages/airflow/example_dags/example_branch_operator_decorator.py
[2024-08-25T00:36:27.884+0000] {logging_mixin.py:190} INFO - [2024-08-25T00:36:27.882+0000] {dag.py:3211} INFO - Sync 1 DAGs
[2024-08-25T00:36:28.012+0000] {logging_mixin.py:190} INFO - [2024-08-25T00:36:28.010+0000] {dag.py:4138} INFO - Setting next_dagrun for example_branch_python_operator_decorator to 2024-08-24 00:00:00+00:00, run_after=2024-08-25 00:00:00+00:00
[2024-08-25T00:36:28.151+0000] {processor.py:208} INFO - Processing /home/airflow/.local/lib/python3.12/site-packages/airflow/example_dags/example_branch_operator_decorator.py took 0.619 seconds
[2024-08-25T00:36:58.946+0000] {processor.py:186} INFO - Started process (PID=1120) to work on /home/airflow/.local/lib/python3.12/site-packages/airflow/example_dags/example_branch_operator_decorator.py
[2024-08-25T00:36:58.959+0000] {processor.py:914} INFO - Processing file /home/airflow/.local/lib/python3.12/site-packages/airflow/example_dags/example_branch_operator_decorator.py for tasks to queue
[2024-08-25T00:36:58.965+0000] {logging_mixin.py:190} INFO - [2024-08-25T00:36:58.964+0000] {dagbag.py:587} INFO - Filling up the DagBag from /home/airflow/.local/lib/python3.12/site-packages/airflow/example_dags/example_branch_operator_decorator.py
[2024-08-25T00:36:59.124+0000] {processor.py:925} INFO - DAG(s) 'example_branch_python_operator_decorator' retrieved from /home/airflow/.local/lib/python3.12/site-packages/airflow/example_dags/example_branch_operator_decorator.py
[2024-08-25T00:36:59.355+0000] {logging_mixin.py:190} INFO - [2024-08-25T00:36:59.343+0000] {dag.py:3211} INFO - Sync 1 DAGs
[2024-08-25T00:36:59.532+0000] {logging_mixin.py:190} INFO - [2024-08-25T00:36:59.531+0000] {dag.py:4138} INFO - Setting next_dagrun for example_branch_python_operator_decorator to 2024-08-24 00:00:00+00:00, run_after=2024-08-25 00:00:00+00:00
[2024-08-25T00:36:59.638+0000] {processor.py:208} INFO - Processing /home/airflow/.local/lib/python3.12/site-packages/airflow/example_dags/example_branch_operator_decorator.py took 0.714 seconds
[2024-08-25T00:37:29.844+0000] {processor.py:186} INFO - Started process (PID=1182) to work on /home/airflow/.local/lib/python3.12/site-packages/airflow/example_dags/example_branch_operator_decorator.py
[2024-08-25T00:37:29.848+0000] {processor.py:914} INFO - Processing file /home/airflow/.local/lib/python3.12/site-packages/airflow/example_dags/example_branch_operator_decorator.py for tasks to queue
[2024-08-25T00:37:29.851+0000] {logging_mixin.py:190} INFO - [2024-08-25T00:37:29.851+0000] {dagbag.py:587} INFO - Filling up the DagBag from /home/airflow/.local/lib/python3.12/site-packages/airflow/example_dags/example_branch_operator_decorator.py
[2024-08-25T00:37:29.941+0000] {processor.py:925} INFO - DAG(s) 'example_branch_python_operator_decorator' retrieved from /home/airflow/.local/lib/python3.12/site-packages/airflow/example_dags/example_branch_operator_decorator.py
[2024-08-25T00:37:30.058+0000] {logging_mixin.py:190} INFO - [2024-08-25T00:37:30.057+0000] {dag.py:3211} INFO - Sync 1 DAGs
[2024-08-25T00:37:30.156+0000] {logging_mixin.py:190} INFO - [2024-08-25T00:37:30.156+0000] {dag.py:4138} INFO - Setting next_dagrun for example_branch_python_operator_decorator to 2024-08-24 00:00:00+00:00, run_after=2024-08-25 00:00:00+00:00
[2024-08-25T00:37:30.231+0000] {processor.py:208} INFO - Processing /home/airflow/.local/lib/python3.12/site-packages/airflow/example_dags/example_branch_operator_decorator.py took 0.406 seconds
[2024-08-25T00:38:00.537+0000] {processor.py:186} INFO - Started process (PID=1244) to work on /home/airflow/.local/lib/python3.12/site-packages/airflow/example_dags/example_branch_operator_decorator.py
[2024-08-25T00:38:00.540+0000] {processor.py:914} INFO - Processing file /home/airflow/.local/lib/python3.12/site-packages/airflow/example_dags/example_branch_operator_decorator.py for tasks to queue
[2024-08-25T00:38:00.543+0000] {logging_mixin.py:190} INFO - [2024-08-25T00:38:00.542+0000] {dagbag.py:587} INFO - Filling up the DagBag from /home/airflow/.local/lib/python3.12/site-packages/airflow/example_dags/example_branch_operator_decorator.py
[2024-08-25T00:38:00.704+0000] {processor.py:925} INFO - DAG(s) 'example_branch_python_operator_decorator' retrieved from /home/airflow/.local/lib/python3.12/site-packages/airflow/example_dags/example_branch_operator_decorator.py
[2024-08-25T00:38:00.872+0000] {logging_mixin.py:190} INFO - [2024-08-25T00:38:00.870+0000] {dag.py:3211} INFO - Sync 1 DAGs
[2024-08-25T00:38:00.980+0000] {logging_mixin.py:190} INFO - [2024-08-25T00:38:00.980+0000] {dag.py:4138} INFO - Setting next_dagrun for example_branch_python_operator_decorator to 2024-08-24 00:00:00+00:00, run_after=2024-08-25 00:00:00+00:00
[2024-08-25T00:38:01.040+0000] {processor.py:208} INFO - Processing /home/airflow/.local/lib/python3.12/site-packages/airflow/example_dags/example_branch_operator_decorator.py took 0.520 seconds
[2024-08-25T00:38:31.851+0000] {processor.py:186} INFO - Started process (PID=1304) to work on /home/airflow/.local/lib/python3.12/site-packages/airflow/example_dags/example_branch_operator_decorator.py
[2024-08-25T00:38:31.853+0000] {processor.py:914} INFO - Processing file /home/airflow/.local/lib/python3.12/site-packages/airflow/example_dags/example_branch_operator_decorator.py for tasks to queue
[2024-08-25T00:38:31.861+0000] {logging_mixin.py:190} INFO - [2024-08-25T00:38:31.858+0000] {dagbag.py:587} INFO - Filling up the DagBag from /home/airflow/.local/lib/python3.12/site-packages/airflow/example_dags/example_branch_operator_decorator.py
[2024-08-25T00:38:32.063+0000] {processor.py:925} INFO - DAG(s) 'example_branch_python_operator_decorator' retrieved from /home/airflow/.local/lib/python3.12/site-packages/airflow/example_dags/example_branch_operator_decorator.py
[2024-08-25T00:38:32.293+0000] {logging_mixin.py:190} INFO - [2024-08-25T00:38:32.291+0000] {dag.py:3211} INFO - Sync 1 DAGs
[2024-08-25T00:38:32.506+0000] {logging_mixin.py:190} INFO - [2024-08-25T00:38:32.505+0000] {dag.py:4138} INFO - Setting next_dagrun for example_branch_python_operator_decorator to 2024-08-24 00:00:00+00:00, run_after=2024-08-25 00:00:00+00:00
[2024-08-25T00:38:32.760+0000] {processor.py:208} INFO - Processing /home/airflow/.local/lib/python3.12/site-packages/airflow/example_dags/example_branch_operator_decorator.py took 0.938 seconds
[2024-08-25T00:39:03.525+0000] {processor.py:186} INFO - Started process (PID=1367) to work on /home/airflow/.local/lib/python3.12/site-packages/airflow/example_dags/example_branch_operator_decorator.py
[2024-08-25T00:39:03.531+0000] {processor.py:914} INFO - Processing file /home/airflow/.local/lib/python3.12/site-packages/airflow/example_dags/example_branch_operator_decorator.py for tasks to queue
[2024-08-25T00:39:03.541+0000] {logging_mixin.py:190} INFO - [2024-08-25T00:39:03.539+0000] {dagbag.py:587} INFO - Filling up the DagBag from /home/airflow/.local/lib/python3.12/site-packages/airflow/example_dags/example_branch_operator_decorator.py
[2024-08-25T00:39:03.662+0000] {processor.py:925} INFO - DAG(s) 'example_branch_python_operator_decorator' retrieved from /home/airflow/.local/lib/python3.12/site-packages/airflow/example_dags/example_branch_operator_decorator.py
[2024-08-25T00:39:03.929+0000] {logging_mixin.py:190} INFO - [2024-08-25T00:39:03.927+0000] {dag.py:3211} INFO - Sync 1 DAGs
[2024-08-25T00:39:04.142+0000] {logging_mixin.py:190} INFO - [2024-08-25T00:39:04.141+0000] {dag.py:4138} INFO - Setting next_dagrun for example_branch_python_operator_decorator to 2024-08-24 00:00:00+00:00, run_after=2024-08-25 00:00:00+00:00
[2024-08-25T00:39:04.414+0000] {processor.py:208} INFO - Processing /home/airflow/.local/lib/python3.12/site-packages/airflow/example_dags/example_branch_operator_decorator.py took 0.920 seconds
[2024-08-25T00:39:34.946+0000] {processor.py:186} INFO - Started process (PID=1430) to work on /home/airflow/.local/lib/python3.12/site-packages/airflow/example_dags/example_branch_operator_decorator.py
[2024-08-25T00:39:34.948+0000] {processor.py:914} INFO - Processing file /home/airflow/.local/lib/python3.12/site-packages/airflow/example_dags/example_branch_operator_decorator.py for tasks to queue
[2024-08-25T00:39:34.952+0000] {logging_mixin.py:190} INFO - [2024-08-25T00:39:34.951+0000] {dagbag.py:587} INFO - Filling up the DagBag from /home/airflow/.local/lib/python3.12/site-packages/airflow/example_dags/example_branch_operator_decorator.py
[2024-08-25T00:39:35.004+0000] {processor.py:925} INFO - DAG(s) 'example_branch_python_operator_decorator' retrieved from /home/airflow/.local/lib/python3.12/site-packages/airflow/example_dags/example_branch_operator_decorator.py
[2024-08-25T00:39:35.076+0000] {logging_mixin.py:190} INFO - [2024-08-25T00:39:35.076+0000] {dag.py:3211} INFO - Sync 1 DAGs
[2024-08-25T00:39:35.131+0000] {logging_mixin.py:190} INFO - [2024-08-25T00:39:35.130+0000] {dag.py:4138} INFO - Setting next_dagrun for example_branch_python_operator_decorator to 2024-08-24 00:00:00+00:00, run_after=2024-08-25 00:00:00+00:00
[2024-08-25T00:39:35.172+0000] {processor.py:208} INFO - Processing /home/airflow/.local/lib/python3.12/site-packages/airflow/example_dags/example_branch_operator_decorator.py took 0.240 seconds
[2024-08-25T00:40:05.893+0000] {processor.py:186} INFO - Started process (PID=1492) to work on /home/airflow/.local/lib/python3.12/site-packages/airflow/example_dags/example_branch_operator_decorator.py
[2024-08-25T00:40:05.896+0000] {processor.py:914} INFO - Processing file /home/airflow/.local/lib/python3.12/site-packages/airflow/example_dags/example_branch_operator_decorator.py for tasks to queue
[2024-08-25T00:40:05.910+0000] {logging_mixin.py:190} INFO - [2024-08-25T00:40:05.908+0000] {dagbag.py:587} INFO - Filling up the DagBag from /home/airflow/.local/lib/python3.12/site-packages/airflow/example_dags/example_branch_operator_decorator.py
[2024-08-25T00:40:06.082+0000] {processor.py:925} INFO - DAG(s) 'example_branch_python_operator_decorator' retrieved from /home/airflow/.local/lib/python3.12/site-packages/airflow/example_dags/example_branch_operator_decorator.py
[2024-08-25T00:40:06.361+0000] {logging_mixin.py:190} INFO - [2024-08-25T00:40:06.359+0000] {dag.py:3211} INFO - Sync 1 DAGs
[2024-08-25T00:40:06.568+0000] {logging_mixin.py:190} INFO - [2024-08-25T00:40:06.558+0000] {dag.py:4138} INFO - Setting next_dagrun for example_branch_python_operator_decorator to 2024-08-24 00:00:00+00:00, run_after=2024-08-25 00:00:00+00:00
[2024-08-25T00:40:06.688+0000] {processor.py:208} INFO - Processing /home/airflow/.local/lib/python3.12/site-packages/airflow/example_dags/example_branch_operator_decorator.py took 0.814 seconds
[2024-08-25T00:40:36.923+0000] {processor.py:186} INFO - Started process (PID=1554) to work on /home/airflow/.local/lib/python3.12/site-packages/airflow/example_dags/example_branch_operator_decorator.py
[2024-08-25T00:40:36.925+0000] {processor.py:914} INFO - Processing file /home/airflow/.local/lib/python3.12/site-packages/airflow/example_dags/example_branch_operator_decorator.py for tasks to queue
[2024-08-25T00:40:36.930+0000] {logging_mixin.py:190} INFO - [2024-08-25T00:40:36.929+0000] {dagbag.py:587} INFO - Filling up the DagBag from /home/airflow/.local/lib/python3.12/site-packages/airflow/example_dags/example_branch_operator_decorator.py
[2024-08-25T00:40:37.025+0000] {processor.py:925} INFO - DAG(s) 'example_branch_python_operator_decorator' retrieved from /home/airflow/.local/lib/python3.12/site-packages/airflow/example_dags/example_branch_operator_decorator.py
[2024-08-25T00:40:37.152+0000] {logging_mixin.py:190} INFO - [2024-08-25T00:40:37.151+0000] {dag.py:3211} INFO - Sync 1 DAGs
[2024-08-25T00:40:37.251+0000] {logging_mixin.py:190} INFO - [2024-08-25T00:40:37.250+0000] {dag.py:4138} INFO - Setting next_dagrun for example_branch_python_operator_decorator to 2024-08-24 00:00:00+00:00, run_after=2024-08-25 00:00:00+00:00
[2024-08-25T00:40:37.310+0000] {processor.py:208} INFO - Processing /home/airflow/.local/lib/python3.12/site-packages/airflow/example_dags/example_branch_operator_decorator.py took 0.411 seconds
[2024-08-25T00:41:11.413+0000] {processor.py:186} INFO - Started process (PID=1622) to work on /home/airflow/.local/lib/python3.12/site-packages/airflow/example_dags/example_branch_operator_decorator.py
[2024-08-25T00:41:11.429+0000] {processor.py:914} INFO - Processing file /home/airflow/.local/lib/python3.12/site-packages/airflow/example_dags/example_branch_operator_decorator.py for tasks to queue
[2024-08-25T00:41:11.438+0000] {logging_mixin.py:190} INFO - [2024-08-25T00:41:11.437+0000] {dagbag.py:587} INFO - Filling up the DagBag from /home/airflow/.local/lib/python3.12/site-packages/airflow/example_dags/example_branch_operator_decorator.py
[2024-08-25T00:41:11.679+0000] {processor.py:925} INFO - DAG(s) 'example_branch_python_operator_decorator' retrieved from /home/airflow/.local/lib/python3.12/site-packages/airflow/example_dags/example_branch_operator_decorator.py
[2024-08-25T00:41:11.800+0000] {logging_mixin.py:190} INFO - [2024-08-25T00:41:11.799+0000] {dag.py:3211} INFO - Sync 1 DAGs
[2024-08-25T00:41:11.979+0000] {logging_mixin.py:190} INFO - [2024-08-25T00:41:11.962+0000] {dag.py:4138} INFO - Setting next_dagrun for example_branch_python_operator_decorator to 2024-08-24 00:00:00+00:00, run_after=2024-08-25 00:00:00+00:00
[2024-08-25T00:41:12.140+0000] {processor.py:208} INFO - Processing /home/airflow/.local/lib/python3.12/site-packages/airflow/example_dags/example_branch_operator_decorator.py took 0.786 seconds
[2024-08-25T00:41:42.741+0000] {processor.py:186} INFO - Started process (PID=1685) to work on /home/airflow/.local/lib/python3.12/site-packages/airflow/example_dags/example_branch_operator_decorator.py
[2024-08-25T00:41:42.743+0000] {processor.py:914} INFO - Processing file /home/airflow/.local/lib/python3.12/site-packages/airflow/example_dags/example_branch_operator_decorator.py for tasks to queue
[2024-08-25T00:41:42.746+0000] {logging_mixin.py:190} INFO - [2024-08-25T00:41:42.746+0000] {dagbag.py:587} INFO - Filling up the DagBag from /home/airflow/.local/lib/python3.12/site-packages/airflow/example_dags/example_branch_operator_decorator.py
[2024-08-25T00:41:42.835+0000] {processor.py:925} INFO - DAG(s) 'example_branch_python_operator_decorator' retrieved from /home/airflow/.local/lib/python3.12/site-packages/airflow/example_dags/example_branch_operator_decorator.py
[2024-08-25T00:41:42.925+0000] {logging_mixin.py:190} INFO - [2024-08-25T00:41:42.923+0000] {dag.py:3211} INFO - Sync 1 DAGs
[2024-08-25T00:41:43.014+0000] {logging_mixin.py:190} INFO - [2024-08-25T00:41:43.013+0000] {dag.py:4138} INFO - Setting next_dagrun for example_branch_python_operator_decorator to 2024-08-24 00:00:00+00:00, run_after=2024-08-25 00:00:00+00:00
[2024-08-25T00:41:43.067+0000] {processor.py:208} INFO - Processing /home/airflow/.local/lib/python3.12/site-packages/airflow/example_dags/example_branch_operator_decorator.py took 0.346 seconds
