[2024-08-25T00:00:01.574+0000] {processor.py:186} INFO - Started process (PID=38508) to work on /home/airflow/.local/lib/python3.12/site-packages/airflow/example_dags/example_nested_branch_dag.py
[2024-08-25T00:00:01.576+0000] {processor.py:914} INFO - Processing file /home/airflow/.local/lib/python3.12/site-packages/airflow/example_dags/example_nested_branch_dag.py for tasks to queue
[2024-08-25T00:00:01.584+0000] {logging_mixin.py:190} INFO - [2024-08-25T00:00:01.583+0000] {dagbag.py:587} INFO - Filling up the DagBag from /home/airflow/.local/lib/python3.12/site-packages/airflow/example_dags/example_nested_branch_dag.py
[2024-08-25T00:00:01.633+0000] {processor.py:925} INFO - DAG(s) 'example_nested_branch_dag' retrieved from /home/airflow/.local/lib/python3.12/site-packages/airflow/example_dags/example_nested_branch_dag.py
[2024-08-25T00:00:01.702+0000] {logging_mixin.py:190} INFO - [2024-08-25T00:00:01.700+0000] {dag.py:3211} INFO - Sync 1 DAGs
[2024-08-25T00:00:01.775+0000] {logging_mixin.py:190} INFO - [2024-08-25T00:00:01.775+0000] {dag.py:4138} INFO - Setting next_dagrun for example_nested_branch_dag to 2024-08-24 00:00:00+00:00, run_after=2024-08-25 00:00:00+00:00
[2024-08-25T00:00:01.823+0000] {processor.py:208} INFO - Processing /home/airflow/.local/lib/python3.12/site-packages/airflow/example_dags/example_nested_branch_dag.py took 0.267 seconds
[2024-08-25T00:00:32.626+0000] {processor.py:186} INFO - Started process (PID=38571) to work on /home/airflow/.local/lib/python3.12/site-packages/airflow/example_dags/example_nested_branch_dag.py
[2024-08-25T00:00:32.629+0000] {processor.py:914} INFO - Processing file /home/airflow/.local/lib/python3.12/site-packages/airflow/example_dags/example_nested_branch_dag.py for tasks to queue
[2024-08-25T00:00:32.639+0000] {logging_mixin.py:190} INFO - [2024-08-25T00:00:32.638+0000] {dagbag.py:587} INFO - Filling up the DagBag from /home/airflow/.local/lib/python3.12/site-packages/airflow/example_dags/example_nested_branch_dag.py
[2024-08-25T00:00:32.734+0000] {processor.py:925} INFO - DAG(s) 'example_nested_branch_dag' retrieved from /home/airflow/.local/lib/python3.12/site-packages/airflow/example_dags/example_nested_branch_dag.py
[2024-08-25T00:00:32.935+0000] {logging_mixin.py:190} INFO - [2024-08-25T00:00:32.921+0000] {dag.py:3211} INFO - Sync 1 DAGs
[2024-08-25T00:00:33.563+0000] {logging_mixin.py:190} INFO - [2024-08-25T00:00:33.562+0000] {dag.py:4138} INFO - Setting next_dagrun for example_nested_branch_dag to 2024-08-24 00:00:00+00:00, run_after=2024-08-25 00:00:00+00:00
[2024-08-25T00:00:33.636+0000] {processor.py:208} INFO - Processing /home/airflow/.local/lib/python3.12/site-packages/airflow/example_dags/example_nested_branch_dag.py took 1.048 seconds
[2024-08-25T00:06:04.751+0000] {processor.py:186} INFO - Started process (PID=122) to work on /home/airflow/.local/lib/python3.12/site-packages/airflow/example_dags/example_nested_branch_dag.py
[2024-08-25T00:06:04.763+0000] {processor.py:914} INFO - Processing file /home/airflow/.local/lib/python3.12/site-packages/airflow/example_dags/example_nested_branch_dag.py for tasks to queue
[2024-08-25T00:06:04.783+0000] {logging_mixin.py:190} INFO - [2024-08-25T00:06:04.781+0000] {dagbag.py:587} INFO - Filling up the DagBag from /home/airflow/.local/lib/python3.12/site-packages/airflow/example_dags/example_nested_branch_dag.py
[2024-08-25T00:06:04.915+0000] {processor.py:925} INFO - DAG(s) 'example_nested_branch_dag' retrieved from /home/airflow/.local/lib/python3.12/site-packages/airflow/example_dags/example_nested_branch_dag.py
[2024-08-25T00:06:05.035+0000] {logging_mixin.py:190} INFO - [2024-08-25T00:06:05.030+0000] {dag.py:3211} INFO - Sync 1 DAGs
[2024-08-25T00:06:05.146+0000] {logging_mixin.py:190} INFO - [2024-08-25T00:06:05.146+0000] {dag.py:4138} INFO - Setting next_dagrun for example_nested_branch_dag to 2024-08-24 00:00:00+00:00, run_after=2024-08-25 00:00:00+00:00
[2024-08-25T00:06:05.319+0000] {processor.py:208} INFO - Processing /home/airflow/.local/lib/python3.12/site-packages/airflow/example_dags/example_nested_branch_dag.py took 0.618 seconds
[2024-08-25T00:06:59.011+0000] {processor.py:186} INFO - Started process (PID=192) to work on /home/airflow/.local/lib/python3.12/site-packages/airflow/example_dags/example_nested_branch_dag.py
[2024-08-25T00:06:59.024+0000] {processor.py:914} INFO - Processing file /home/airflow/.local/lib/python3.12/site-packages/airflow/example_dags/example_nested_branch_dag.py for tasks to queue
[2024-08-25T00:06:59.058+0000] {logging_mixin.py:190} INFO - [2024-08-25T00:06:59.057+0000] {dagbag.py:587} INFO - Filling up the DagBag from /home/airflow/.local/lib/python3.12/site-packages/airflow/example_dags/example_nested_branch_dag.py
[2024-08-25T00:06:59.117+0000] {processor.py:925} INFO - DAG(s) 'example_nested_branch_dag' retrieved from /home/airflow/.local/lib/python3.12/site-packages/airflow/example_dags/example_nested_branch_dag.py
[2024-08-25T00:06:59.242+0000] {logging_mixin.py:190} INFO - [2024-08-25T00:06:59.241+0000] {dag.py:3211} INFO - Sync 1 DAGs
[2024-08-25T00:06:59.455+0000] {logging_mixin.py:190} INFO - [2024-08-25T00:06:59.454+0000] {dag.py:4138} INFO - Setting next_dagrun for example_nested_branch_dag to 2024-08-24 00:00:00+00:00, run_after=2024-08-25 00:00:00+00:00
[2024-08-25T00:06:59.547+0000] {processor.py:208} INFO - Processing /home/airflow/.local/lib/python3.12/site-packages/airflow/example_dags/example_nested_branch_dag.py took 0.565 seconds
[2024-08-25T00:07:30.288+0000] {processor.py:186} INFO - Started process (PID=254) to work on /home/airflow/.local/lib/python3.12/site-packages/airflow/example_dags/example_nested_branch_dag.py
[2024-08-25T00:07:30.290+0000] {processor.py:914} INFO - Processing file /home/airflow/.local/lib/python3.12/site-packages/airflow/example_dags/example_nested_branch_dag.py for tasks to queue
[2024-08-25T00:07:30.299+0000] {logging_mixin.py:190} INFO - [2024-08-25T00:07:30.298+0000] {dagbag.py:587} INFO - Filling up the DagBag from /home/airflow/.local/lib/python3.12/site-packages/airflow/example_dags/example_nested_branch_dag.py
[2024-08-25T00:07:30.340+0000] {processor.py:925} INFO - DAG(s) 'example_nested_branch_dag' retrieved from /home/airflow/.local/lib/python3.12/site-packages/airflow/example_dags/example_nested_branch_dag.py
[2024-08-25T00:07:30.414+0000] {logging_mixin.py:190} INFO - [2024-08-25T00:07:30.413+0000] {dag.py:3211} INFO - Sync 1 DAGs
[2024-08-25T00:07:30.498+0000] {logging_mixin.py:190} INFO - [2024-08-25T00:07:30.497+0000] {dag.py:4138} INFO - Setting next_dagrun for example_nested_branch_dag to 2024-08-24 00:00:00+00:00, run_after=2024-08-25 00:00:00+00:00
[2024-08-25T00:07:30.550+0000] {processor.py:208} INFO - Processing /home/airflow/.local/lib/python3.12/site-packages/airflow/example_dags/example_nested_branch_dag.py took 0.286 seconds
[2024-08-25T00:08:06.267+0000] {processor.py:186} INFO - Started process (PID=317) to work on /home/airflow/.local/lib/python3.12/site-packages/airflow/example_dags/example_nested_branch_dag.py
[2024-08-25T00:08:06.288+0000] {processor.py:914} INFO - Processing file /home/airflow/.local/lib/python3.12/site-packages/airflow/example_dags/example_nested_branch_dag.py for tasks to queue
[2024-08-25T00:08:06.307+0000] {logging_mixin.py:190} INFO - [2024-08-25T00:08:06.306+0000] {dagbag.py:587} INFO - Filling up the DagBag from /home/airflow/.local/lib/python3.12/site-packages/airflow/example_dags/example_nested_branch_dag.py
[2024-08-25T00:08:06.456+0000] {processor.py:925} INFO - DAG(s) 'example_nested_branch_dag' retrieved from /home/airflow/.local/lib/python3.12/site-packages/airflow/example_dags/example_nested_branch_dag.py
[2024-08-25T00:08:06.612+0000] {logging_mixin.py:190} INFO - [2024-08-25T00:08:06.606+0000] {dag.py:3211} INFO - Sync 1 DAGs
[2024-08-25T00:08:06.925+0000] {logging_mixin.py:190} INFO - [2024-08-25T00:08:06.925+0000] {dag.py:4138} INFO - Setting next_dagrun for example_nested_branch_dag to 2024-08-24 00:00:00+00:00, run_after=2024-08-25 00:00:00+00:00
[2024-08-25T00:08:07.130+0000] {processor.py:208} INFO - Processing /home/airflow/.local/lib/python3.12/site-packages/airflow/example_dags/example_nested_branch_dag.py took 0.919 seconds
[2024-08-25T00:08:37.497+0000] {processor.py:186} INFO - Started process (PID=380) to work on /home/airflow/.local/lib/python3.12/site-packages/airflow/example_dags/example_nested_branch_dag.py
[2024-08-25T00:08:37.500+0000] {processor.py:914} INFO - Processing file /home/airflow/.local/lib/python3.12/site-packages/airflow/example_dags/example_nested_branch_dag.py for tasks to queue
[2024-08-25T00:08:37.508+0000] {logging_mixin.py:190} INFO - [2024-08-25T00:08:37.507+0000] {dagbag.py:587} INFO - Filling up the DagBag from /home/airflow/.local/lib/python3.12/site-packages/airflow/example_dags/example_nested_branch_dag.py
[2024-08-25T00:08:37.598+0000] {processor.py:925} INFO - DAG(s) 'example_nested_branch_dag' retrieved from /home/airflow/.local/lib/python3.12/site-packages/airflow/example_dags/example_nested_branch_dag.py
[2024-08-25T00:08:37.718+0000] {logging_mixin.py:190} INFO - [2024-08-25T00:08:37.716+0000] {dag.py:3211} INFO - Sync 1 DAGs
[2024-08-25T00:08:37.799+0000] {logging_mixin.py:190} INFO - [2024-08-25T00:08:37.799+0000] {dag.py:4138} INFO - Setting next_dagrun for example_nested_branch_dag to 2024-08-24 00:00:00+00:00, run_after=2024-08-25 00:00:00+00:00
[2024-08-25T00:08:37.865+0000] {processor.py:208} INFO - Processing /home/airflow/.local/lib/python3.12/site-packages/airflow/example_dags/example_nested_branch_dag.py took 0.398 seconds
[2024-08-25T00:09:10.624+0000] {processor.py:186} INFO - Started process (PID=443) to work on /home/airflow/.local/lib/python3.12/site-packages/airflow/example_dags/example_nested_branch_dag.py
[2024-08-25T00:09:10.628+0000] {processor.py:914} INFO - Processing file /home/airflow/.local/lib/python3.12/site-packages/airflow/example_dags/example_nested_branch_dag.py for tasks to queue
[2024-08-25T00:09:10.636+0000] {logging_mixin.py:190} INFO - [2024-08-25T00:09:10.635+0000] {dagbag.py:587} INFO - Filling up the DagBag from /home/airflow/.local/lib/python3.12/site-packages/airflow/example_dags/example_nested_branch_dag.py
[2024-08-25T00:09:10.696+0000] {processor.py:925} INFO - DAG(s) 'example_nested_branch_dag' retrieved from /home/airflow/.local/lib/python3.12/site-packages/airflow/example_dags/example_nested_branch_dag.py
[2024-08-25T00:09:10.784+0000] {logging_mixin.py:190} INFO - [2024-08-25T00:09:10.782+0000] {dag.py:3211} INFO - Sync 1 DAGs
[2024-08-25T00:09:10.871+0000] {logging_mixin.py:190} INFO - [2024-08-25T00:09:10.871+0000] {dag.py:4138} INFO - Setting next_dagrun for example_nested_branch_dag to 2024-08-24 00:00:00+00:00, run_after=2024-08-25 00:00:00+00:00
[2024-08-25T00:09:10.926+0000] {processor.py:208} INFO - Processing /home/airflow/.local/lib/python3.12/site-packages/airflow/example_dags/example_nested_branch_dag.py took 0.321 seconds
[2024-08-25T00:09:42.689+0000] {processor.py:186} INFO - Started process (PID=507) to work on /home/airflow/.local/lib/python3.12/site-packages/airflow/example_dags/example_nested_branch_dag.py
[2024-08-25T00:09:42.712+0000] {processor.py:914} INFO - Processing file /home/airflow/.local/lib/python3.12/site-packages/airflow/example_dags/example_nested_branch_dag.py for tasks to queue
[2024-08-25T00:09:42.729+0000] {logging_mixin.py:190} INFO - [2024-08-25T00:09:42.728+0000] {dagbag.py:587} INFO - Filling up the DagBag from /home/airflow/.local/lib/python3.12/site-packages/airflow/example_dags/example_nested_branch_dag.py
[2024-08-25T00:09:42.817+0000] {processor.py:925} INFO - DAG(s) 'example_nested_branch_dag' retrieved from /home/airflow/.local/lib/python3.12/site-packages/airflow/example_dags/example_nested_branch_dag.py
[2024-08-25T00:09:42.995+0000] {logging_mixin.py:190} INFO - [2024-08-25T00:09:42.968+0000] {dag.py:3211} INFO - Sync 1 DAGs
[2024-08-25T00:09:43.156+0000] {logging_mixin.py:190} INFO - [2024-08-25T00:09:43.155+0000] {dag.py:4138} INFO - Setting next_dagrun for example_nested_branch_dag to 2024-08-24 00:00:00+00:00, run_after=2024-08-25 00:00:00+00:00
[2024-08-25T00:09:43.227+0000] {processor.py:208} INFO - Processing /home/airflow/.local/lib/python3.12/site-packages/airflow/example_dags/example_nested_branch_dag.py took 0.598 seconds
[2024-08-25T00:10:13.374+0000] {processor.py:186} INFO - Started process (PID=570) to work on /home/airflow/.local/lib/python3.12/site-packages/airflow/example_dags/example_nested_branch_dag.py
[2024-08-25T00:10:13.376+0000] {processor.py:914} INFO - Processing file /home/airflow/.local/lib/python3.12/site-packages/airflow/example_dags/example_nested_branch_dag.py for tasks to queue
[2024-08-25T00:10:13.383+0000] {logging_mixin.py:190} INFO - [2024-08-25T00:10:13.382+0000] {dagbag.py:587} INFO - Filling up the DagBag from /home/airflow/.local/lib/python3.12/site-packages/airflow/example_dags/example_nested_branch_dag.py
[2024-08-25T00:10:13.439+0000] {processor.py:925} INFO - DAG(s) 'example_nested_branch_dag' retrieved from /home/airflow/.local/lib/python3.12/site-packages/airflow/example_dags/example_nested_branch_dag.py
[2024-08-25T00:10:13.509+0000] {logging_mixin.py:190} INFO - [2024-08-25T00:10:13.507+0000] {dag.py:3211} INFO - Sync 1 DAGs
[2024-08-25T00:10:13.575+0000] {logging_mixin.py:190} INFO - [2024-08-25T00:10:13.574+0000] {dag.py:4138} INFO - Setting next_dagrun for example_nested_branch_dag to 2024-08-24 00:00:00+00:00, run_after=2024-08-25 00:00:00+00:00
[2024-08-25T00:10:13.614+0000] {processor.py:208} INFO - Processing /home/airflow/.local/lib/python3.12/site-packages/airflow/example_dags/example_nested_branch_dag.py took 0.258 seconds
[2024-08-25T00:10:44.427+0000] {processor.py:186} INFO - Started process (PID=633) to work on /home/airflow/.local/lib/python3.12/site-packages/airflow/example_dags/example_nested_branch_dag.py
[2024-08-25T00:10:44.576+0000] {processor.py:914} INFO - Processing file /home/airflow/.local/lib/python3.12/site-packages/airflow/example_dags/example_nested_branch_dag.py for tasks to queue
[2024-08-25T00:10:44.610+0000] {logging_mixin.py:190} INFO - [2024-08-25T00:10:44.609+0000] {dagbag.py:587} INFO - Filling up the DagBag from /home/airflow/.local/lib/python3.12/site-packages/airflow/example_dags/example_nested_branch_dag.py
[2024-08-25T00:10:44.745+0000] {processor.py:925} INFO - DAG(s) 'example_nested_branch_dag' retrieved from /home/airflow/.local/lib/python3.12/site-packages/airflow/example_dags/example_nested_branch_dag.py
[2024-08-25T00:10:44.903+0000] {logging_mixin.py:190} INFO - [2024-08-25T00:10:44.901+0000] {dag.py:3211} INFO - Sync 1 DAGs
[2024-08-25T00:10:45.170+0000] {logging_mixin.py:190} INFO - [2024-08-25T00:10:45.169+0000] {dag.py:4138} INFO - Setting next_dagrun for example_nested_branch_dag to 2024-08-24 00:00:00+00:00, run_after=2024-08-25 00:00:00+00:00
[2024-08-25T00:10:45.245+0000] {processor.py:208} INFO - Processing /home/airflow/.local/lib/python3.12/site-packages/airflow/example_dags/example_nested_branch_dag.py took 0.866 seconds
[2024-08-25T00:11:15.637+0000] {processor.py:186} INFO - Started process (PID=695) to work on /home/airflow/.local/lib/python3.12/site-packages/airflow/example_dags/example_nested_branch_dag.py
[2024-08-25T00:11:15.639+0000] {processor.py:914} INFO - Processing file /home/airflow/.local/lib/python3.12/site-packages/airflow/example_dags/example_nested_branch_dag.py for tasks to queue
[2024-08-25T00:11:15.643+0000] {logging_mixin.py:190} INFO - [2024-08-25T00:11:15.643+0000] {dagbag.py:587} INFO - Filling up the DagBag from /home/airflow/.local/lib/python3.12/site-packages/airflow/example_dags/example_nested_branch_dag.py
[2024-08-25T00:11:15.671+0000] {processor.py:925} INFO - DAG(s) 'example_nested_branch_dag' retrieved from /home/airflow/.local/lib/python3.12/site-packages/airflow/example_dags/example_nested_branch_dag.py
[2024-08-25T00:11:15.723+0000] {logging_mixin.py:190} INFO - [2024-08-25T00:11:15.722+0000] {dag.py:3211} INFO - Sync 1 DAGs
[2024-08-25T00:11:15.776+0000] {logging_mixin.py:190} INFO - [2024-08-25T00:11:15.775+0000] {dag.py:4138} INFO - Setting next_dagrun for example_nested_branch_dag to 2024-08-24 00:00:00+00:00, run_after=2024-08-25 00:00:00+00:00
[2024-08-25T00:11:15.818+0000] {processor.py:208} INFO - Processing /home/airflow/.local/lib/python3.12/site-packages/airflow/example_dags/example_nested_branch_dag.py took 0.195 seconds
[2024-08-25T00:11:52.892+0000] {processor.py:186} INFO - Started process (PID=760) to work on /home/airflow/.local/lib/python3.12/site-packages/airflow/example_dags/example_nested_branch_dag.py
[2024-08-25T00:11:52.896+0000] {processor.py:914} INFO - Processing file /home/airflow/.local/lib/python3.12/site-packages/airflow/example_dags/example_nested_branch_dag.py for tasks to queue
[2024-08-25T00:11:52.913+0000] {logging_mixin.py:190} INFO - [2024-08-25T00:11:52.912+0000] {dagbag.py:587} INFO - Filling up the DagBag from /home/airflow/.local/lib/python3.12/site-packages/airflow/example_dags/example_nested_branch_dag.py
[2024-08-25T00:11:52.963+0000] {processor.py:925} INFO - DAG(s) 'example_nested_branch_dag' retrieved from /home/airflow/.local/lib/python3.12/site-packages/airflow/example_dags/example_nested_branch_dag.py
[2024-08-25T00:11:53.076+0000] {logging_mixin.py:190} INFO - [2024-08-25T00:11:53.074+0000] {dag.py:3211} INFO - Sync 1 DAGs
[2024-08-25T00:11:53.190+0000] {logging_mixin.py:190} INFO - [2024-08-25T00:11:53.189+0000] {dag.py:4138} INFO - Setting next_dagrun for example_nested_branch_dag to 2024-08-24 00:00:00+00:00, run_after=2024-08-25 00:00:00+00:00
[2024-08-25T00:11:53.288+0000] {processor.py:208} INFO - Processing /home/airflow/.local/lib/python3.12/site-packages/airflow/example_dags/example_nested_branch_dag.py took 0.443 seconds
[2024-08-25T00:12:23.636+0000] {processor.py:186} INFO - Started process (PID=824) to work on /home/airflow/.local/lib/python3.12/site-packages/airflow/example_dags/example_nested_branch_dag.py
[2024-08-25T00:12:23.638+0000] {processor.py:914} INFO - Processing file /home/airflow/.local/lib/python3.12/site-packages/airflow/example_dags/example_nested_branch_dag.py for tasks to queue
[2024-08-25T00:12:23.657+0000] {logging_mixin.py:190} INFO - [2024-08-25T00:12:23.656+0000] {dagbag.py:587} INFO - Filling up the DagBag from /home/airflow/.local/lib/python3.12/site-packages/airflow/example_dags/example_nested_branch_dag.py
[2024-08-25T00:12:23.720+0000] {processor.py:925} INFO - DAG(s) 'example_nested_branch_dag' retrieved from /home/airflow/.local/lib/python3.12/site-packages/airflow/example_dags/example_nested_branch_dag.py
[2024-08-25T00:12:23.815+0000] {logging_mixin.py:190} INFO - [2024-08-25T00:12:23.813+0000] {dag.py:3211} INFO - Sync 1 DAGs
[2024-08-25T00:12:23.940+0000] {logging_mixin.py:190} INFO - [2024-08-25T00:12:23.939+0000] {dag.py:4138} INFO - Setting next_dagrun for example_nested_branch_dag to 2024-08-24 00:00:00+00:00, run_after=2024-08-25 00:00:00+00:00
[2024-08-25T00:12:24.044+0000] {processor.py:208} INFO - Processing /home/airflow/.local/lib/python3.12/site-packages/airflow/example_dags/example_nested_branch_dag.py took 0.430 seconds
[2024-08-25T00:12:54.422+0000] {processor.py:186} INFO - Started process (PID=886) to work on /home/airflow/.local/lib/python3.12/site-packages/airflow/example_dags/example_nested_branch_dag.py
[2024-08-25T00:12:54.424+0000] {processor.py:914} INFO - Processing file /home/airflow/.local/lib/python3.12/site-packages/airflow/example_dags/example_nested_branch_dag.py for tasks to queue
[2024-08-25T00:12:54.431+0000] {logging_mixin.py:190} INFO - [2024-08-25T00:12:54.430+0000] {dagbag.py:587} INFO - Filling up the DagBag from /home/airflow/.local/lib/python3.12/site-packages/airflow/example_dags/example_nested_branch_dag.py
[2024-08-25T00:12:54.464+0000] {processor.py:925} INFO - DAG(s) 'example_nested_branch_dag' retrieved from /home/airflow/.local/lib/python3.12/site-packages/airflow/example_dags/example_nested_branch_dag.py
[2024-08-25T00:12:54.516+0000] {logging_mixin.py:190} INFO - [2024-08-25T00:12:54.515+0000] {dag.py:3211} INFO - Sync 1 DAGs
[2024-08-25T00:12:54.603+0000] {logging_mixin.py:190} INFO - [2024-08-25T00:12:54.602+0000] {dag.py:4138} INFO - Setting next_dagrun for example_nested_branch_dag to 2024-08-24 00:00:00+00:00, run_after=2024-08-25 00:00:00+00:00
[2024-08-25T00:12:54.675+0000] {processor.py:208} INFO - Processing /home/airflow/.local/lib/python3.12/site-packages/airflow/example_dags/example_nested_branch_dag.py took 0.278 seconds
[2024-08-25T00:13:25.429+0000] {processor.py:186} INFO - Started process (PID=949) to work on /home/airflow/.local/lib/python3.12/site-packages/airflow/example_dags/example_nested_branch_dag.py
[2024-08-25T00:13:25.431+0000] {processor.py:914} INFO - Processing file /home/airflow/.local/lib/python3.12/site-packages/airflow/example_dags/example_nested_branch_dag.py for tasks to queue
[2024-08-25T00:13:25.437+0000] {logging_mixin.py:190} INFO - [2024-08-25T00:13:25.436+0000] {dagbag.py:587} INFO - Filling up the DagBag from /home/airflow/.local/lib/python3.12/site-packages/airflow/example_dags/example_nested_branch_dag.py
[2024-08-25T00:13:25.475+0000] {processor.py:925} INFO - DAG(s) 'example_nested_branch_dag' retrieved from /home/airflow/.local/lib/python3.12/site-packages/airflow/example_dags/example_nested_branch_dag.py
[2024-08-25T00:13:25.531+0000] {logging_mixin.py:190} INFO - [2024-08-25T00:13:25.530+0000] {dag.py:3211} INFO - Sync 1 DAGs
[2024-08-25T00:13:25.604+0000] {logging_mixin.py:190} INFO - [2024-08-25T00:13:25.603+0000] {dag.py:4138} INFO - Setting next_dagrun for example_nested_branch_dag to 2024-08-24 00:00:00+00:00, run_after=2024-08-25 00:00:00+00:00
[2024-08-25T00:13:25.648+0000] {processor.py:208} INFO - Processing /home/airflow/.local/lib/python3.12/site-packages/airflow/example_dags/example_nested_branch_dag.py took 0.237 seconds
[2024-08-25T00:13:56.193+0000] {processor.py:186} INFO - Started process (PID=1012) to work on /home/airflow/.local/lib/python3.12/site-packages/airflow/example_dags/example_nested_branch_dag.py
[2024-08-25T00:13:56.195+0000] {processor.py:914} INFO - Processing file /home/airflow/.local/lib/python3.12/site-packages/airflow/example_dags/example_nested_branch_dag.py for tasks to queue
[2024-08-25T00:13:56.201+0000] {logging_mixin.py:190} INFO - [2024-08-25T00:13:56.201+0000] {dagbag.py:587} INFO - Filling up the DagBag from /home/airflow/.local/lib/python3.12/site-packages/airflow/example_dags/example_nested_branch_dag.py
[2024-08-25T00:13:56.233+0000] {processor.py:925} INFO - DAG(s) 'example_nested_branch_dag' retrieved from /home/airflow/.local/lib/python3.12/site-packages/airflow/example_dags/example_nested_branch_dag.py
[2024-08-25T00:13:56.293+0000] {logging_mixin.py:190} INFO - [2024-08-25T00:13:56.292+0000] {dag.py:3211} INFO - Sync 1 DAGs
[2024-08-25T00:13:56.396+0000] {logging_mixin.py:190} INFO - [2024-08-25T00:13:56.395+0000] {dag.py:4138} INFO - Setting next_dagrun for example_nested_branch_dag to 2024-08-24 00:00:00+00:00, run_after=2024-08-25 00:00:00+00:00
[2024-08-25T00:13:56.518+0000] {processor.py:208} INFO - Processing /home/airflow/.local/lib/python3.12/site-packages/airflow/example_dags/example_nested_branch_dag.py took 0.343 seconds
[2024-08-25T00:14:28.029+0000] {processor.py:186} INFO - Started process (PID=1076) to work on /home/airflow/.local/lib/python3.12/site-packages/airflow/example_dags/example_nested_branch_dag.py
[2024-08-25T00:14:28.032+0000] {processor.py:914} INFO - Processing file /home/airflow/.local/lib/python3.12/site-packages/airflow/example_dags/example_nested_branch_dag.py for tasks to queue
[2024-08-25T00:14:28.039+0000] {logging_mixin.py:190} INFO - [2024-08-25T00:14:28.038+0000] {dagbag.py:587} INFO - Filling up the DagBag from /home/airflow/.local/lib/python3.12/site-packages/airflow/example_dags/example_nested_branch_dag.py
[2024-08-25T00:14:28.093+0000] {processor.py:925} INFO - DAG(s) 'example_nested_branch_dag' retrieved from /home/airflow/.local/lib/python3.12/site-packages/airflow/example_dags/example_nested_branch_dag.py
[2024-08-25T00:14:28.174+0000] {logging_mixin.py:190} INFO - [2024-08-25T00:14:28.173+0000] {dag.py:3211} INFO - Sync 1 DAGs
[2024-08-25T00:14:28.313+0000] {logging_mixin.py:190} INFO - [2024-08-25T00:14:28.313+0000] {dag.py:4138} INFO - Setting next_dagrun for example_nested_branch_dag to 2024-08-24 00:00:00+00:00, run_after=2024-08-25 00:00:00+00:00
[2024-08-25T00:14:28.437+0000] {processor.py:208} INFO - Processing /home/airflow/.local/lib/python3.12/site-packages/airflow/example_dags/example_nested_branch_dag.py took 0.431 seconds
[2024-08-25T00:15:00.821+0000] {processor.py:186} INFO - Started process (PID=1140) to work on /home/airflow/.local/lib/python3.12/site-packages/airflow/example_dags/example_nested_branch_dag.py
[2024-08-25T00:15:00.827+0000] {processor.py:914} INFO - Processing file /home/airflow/.local/lib/python3.12/site-packages/airflow/example_dags/example_nested_branch_dag.py for tasks to queue
[2024-08-25T00:15:00.856+0000] {logging_mixin.py:190} INFO - [2024-08-25T00:15:00.855+0000] {dagbag.py:587} INFO - Filling up the DagBag from /home/airflow/.local/lib/python3.12/site-packages/airflow/example_dags/example_nested_branch_dag.py
[2024-08-25T00:15:01.007+0000] {processor.py:925} INFO - DAG(s) 'example_nested_branch_dag' retrieved from /home/airflow/.local/lib/python3.12/site-packages/airflow/example_dags/example_nested_branch_dag.py
[2024-08-25T00:15:01.135+0000] {logging_mixin.py:190} INFO - [2024-08-25T00:15:01.133+0000] {dag.py:3211} INFO - Sync 1 DAGs
[2024-08-25T00:15:01.326+0000] {logging_mixin.py:190} INFO - [2024-08-25T00:15:01.325+0000] {dag.py:4138} INFO - Setting next_dagrun for example_nested_branch_dag to 2024-08-24 00:00:00+00:00, run_after=2024-08-25 00:00:00+00:00
[2024-08-25T00:15:01.542+0000] {processor.py:208} INFO - Processing /home/airflow/.local/lib/python3.12/site-packages/airflow/example_dags/example_nested_branch_dag.py took 0.794 seconds
[2024-08-25T00:15:31.818+0000] {processor.py:186} INFO - Started process (PID=1209) to work on /home/airflow/.local/lib/python3.12/site-packages/airflow/example_dags/example_nested_branch_dag.py
[2024-08-25T00:15:31.820+0000] {processor.py:914} INFO - Processing file /home/airflow/.local/lib/python3.12/site-packages/airflow/example_dags/example_nested_branch_dag.py for tasks to queue
[2024-08-25T00:15:31.825+0000] {logging_mixin.py:190} INFO - [2024-08-25T00:15:31.825+0000] {dagbag.py:587} INFO - Filling up the DagBag from /home/airflow/.local/lib/python3.12/site-packages/airflow/example_dags/example_nested_branch_dag.py
[2024-08-25T00:15:31.861+0000] {processor.py:925} INFO - DAG(s) 'example_nested_branch_dag' retrieved from /home/airflow/.local/lib/python3.12/site-packages/airflow/example_dags/example_nested_branch_dag.py
[2024-08-25T00:15:31.915+0000] {logging_mixin.py:190} INFO - [2024-08-25T00:15:31.911+0000] {dag.py:3211} INFO - Sync 1 DAGs
[2024-08-25T00:15:31.985+0000] {logging_mixin.py:190} INFO - [2024-08-25T00:15:31.984+0000] {dag.py:4138} INFO - Setting next_dagrun for example_nested_branch_dag to 2024-08-24 00:00:00+00:00, run_after=2024-08-25 00:00:00+00:00
[2024-08-25T00:15:32.058+0000] {processor.py:208} INFO - Processing /home/airflow/.local/lib/python3.12/site-packages/airflow/example_dags/example_nested_branch_dag.py took 0.255 seconds
[2024-08-25T00:16:03.254+0000] {processor.py:186} INFO - Started process (PID=1273) to work on /home/airflow/.local/lib/python3.12/site-packages/airflow/example_dags/example_nested_branch_dag.py
[2024-08-25T00:16:03.256+0000] {processor.py:914} INFO - Processing file /home/airflow/.local/lib/python3.12/site-packages/airflow/example_dags/example_nested_branch_dag.py for tasks to queue
[2024-08-25T00:16:03.273+0000] {logging_mixin.py:190} INFO - [2024-08-25T00:16:03.272+0000] {dagbag.py:587} INFO - Filling up the DagBag from /home/airflow/.local/lib/python3.12/site-packages/airflow/example_dags/example_nested_branch_dag.py
[2024-08-25T00:16:03.399+0000] {processor.py:925} INFO - DAG(s) 'example_nested_branch_dag' retrieved from /home/airflow/.local/lib/python3.12/site-packages/airflow/example_dags/example_nested_branch_dag.py
[2024-08-25T00:16:03.593+0000] {logging_mixin.py:190} INFO - [2024-08-25T00:16:03.591+0000] {dag.py:3211} INFO - Sync 1 DAGs
[2024-08-25T00:16:03.836+0000] {logging_mixin.py:190} INFO - [2024-08-25T00:16:03.826+0000] {dag.py:4138} INFO - Setting next_dagrun for example_nested_branch_dag to 2024-08-24 00:00:00+00:00, run_after=2024-08-25 00:00:00+00:00
[2024-08-25T00:16:03.953+0000] {processor.py:208} INFO - Processing /home/airflow/.local/lib/python3.12/site-packages/airflow/example_dags/example_nested_branch_dag.py took 0.754 seconds
[2024-08-25T00:16:34.785+0000] {processor.py:186} INFO - Started process (PID=1336) to work on /home/airflow/.local/lib/python3.12/site-packages/airflow/example_dags/example_nested_branch_dag.py
[2024-08-25T00:16:34.788+0000] {processor.py:914} INFO - Processing file /home/airflow/.local/lib/python3.12/site-packages/airflow/example_dags/example_nested_branch_dag.py for tasks to queue
[2024-08-25T00:16:34.799+0000] {logging_mixin.py:190} INFO - [2024-08-25T00:16:34.798+0000] {dagbag.py:587} INFO - Filling up the DagBag from /home/airflow/.local/lib/python3.12/site-packages/airflow/example_dags/example_nested_branch_dag.py
[2024-08-25T00:16:34.851+0000] {processor.py:925} INFO - DAG(s) 'example_nested_branch_dag' retrieved from /home/airflow/.local/lib/python3.12/site-packages/airflow/example_dags/example_nested_branch_dag.py
[2024-08-25T00:16:34.947+0000] {logging_mixin.py:190} INFO - [2024-08-25T00:16:34.945+0000] {dag.py:3211} INFO - Sync 1 DAGs
[2024-08-25T00:16:35.057+0000] {logging_mixin.py:190} INFO - [2024-08-25T00:16:35.056+0000] {dag.py:4138} INFO - Setting next_dagrun for example_nested_branch_dag to 2024-08-24 00:00:00+00:00, run_after=2024-08-25 00:00:00+00:00
[2024-08-25T00:16:35.174+0000] {processor.py:208} INFO - Processing /home/airflow/.local/lib/python3.12/site-packages/airflow/example_dags/example_nested_branch_dag.py took 0.413 seconds
[2024-08-25T00:17:06.275+0000] {processor.py:186} INFO - Started process (PID=1399) to work on /home/airflow/.local/lib/python3.12/site-packages/airflow/example_dags/example_nested_branch_dag.py
[2024-08-25T00:17:06.278+0000] {processor.py:914} INFO - Processing file /home/airflow/.local/lib/python3.12/site-packages/airflow/example_dags/example_nested_branch_dag.py for tasks to queue
[2024-08-25T00:17:06.290+0000] {logging_mixin.py:190} INFO - [2024-08-25T00:17:06.290+0000] {dagbag.py:587} INFO - Filling up the DagBag from /home/airflow/.local/lib/python3.12/site-packages/airflow/example_dags/example_nested_branch_dag.py
[2024-08-25T00:17:06.363+0000] {processor.py:925} INFO - DAG(s) 'example_nested_branch_dag' retrieved from /home/airflow/.local/lib/python3.12/site-packages/airflow/example_dags/example_nested_branch_dag.py
[2024-08-25T00:17:06.477+0000] {logging_mixin.py:190} INFO - [2024-08-25T00:17:06.476+0000] {dag.py:3211} INFO - Sync 1 DAGs
[2024-08-25T00:17:06.606+0000] {logging_mixin.py:190} INFO - [2024-08-25T00:17:06.605+0000] {dag.py:4138} INFO - Setting next_dagrun for example_nested_branch_dag to 2024-08-24 00:00:00+00:00, run_after=2024-08-25 00:00:00+00:00
[2024-08-25T00:17:06.747+0000] {processor.py:208} INFO - Processing /home/airflow/.local/lib/python3.12/site-packages/airflow/example_dags/example_nested_branch_dag.py took 0.504 seconds
[2024-08-25T00:17:37.480+0000] {processor.py:186} INFO - Started process (PID=1462) to work on /home/airflow/.local/lib/python3.12/site-packages/airflow/example_dags/example_nested_branch_dag.py
[2024-08-25T00:17:37.483+0000] {processor.py:914} INFO - Processing file /home/airflow/.local/lib/python3.12/site-packages/airflow/example_dags/example_nested_branch_dag.py for tasks to queue
[2024-08-25T00:17:37.490+0000] {logging_mixin.py:190} INFO - [2024-08-25T00:17:37.489+0000] {dagbag.py:587} INFO - Filling up the DagBag from /home/airflow/.local/lib/python3.12/site-packages/airflow/example_dags/example_nested_branch_dag.py
[2024-08-25T00:17:37.546+0000] {processor.py:925} INFO - DAG(s) 'example_nested_branch_dag' retrieved from /home/airflow/.local/lib/python3.12/site-packages/airflow/example_dags/example_nested_branch_dag.py
[2024-08-25T00:17:37.619+0000] {logging_mixin.py:190} INFO - [2024-08-25T00:17:37.618+0000] {dag.py:3211} INFO - Sync 1 DAGs
[2024-08-25T00:17:37.696+0000] {logging_mixin.py:190} INFO - [2024-08-25T00:17:37.695+0000] {dag.py:4138} INFO - Setting next_dagrun for example_nested_branch_dag to 2024-08-24 00:00:00+00:00, run_after=2024-08-25 00:00:00+00:00
[2024-08-25T00:17:37.744+0000] {processor.py:208} INFO - Processing /home/airflow/.local/lib/python3.12/site-packages/airflow/example_dags/example_nested_branch_dag.py took 0.295 seconds
[2024-08-25T00:18:07.998+0000] {processor.py:186} INFO - Started process (PID=1525) to work on /home/airflow/.local/lib/python3.12/site-packages/airflow/example_dags/example_nested_branch_dag.py
[2024-08-25T00:18:08.000+0000] {processor.py:914} INFO - Processing file /home/airflow/.local/lib/python3.12/site-packages/airflow/example_dags/example_nested_branch_dag.py for tasks to queue
[2024-08-25T00:18:08.007+0000] {logging_mixin.py:190} INFO - [2024-08-25T00:18:08.006+0000] {dagbag.py:587} INFO - Filling up the DagBag from /home/airflow/.local/lib/python3.12/site-packages/airflow/example_dags/example_nested_branch_dag.py
[2024-08-25T00:18:08.041+0000] {processor.py:925} INFO - DAG(s) 'example_nested_branch_dag' retrieved from /home/airflow/.local/lib/python3.12/site-packages/airflow/example_dags/example_nested_branch_dag.py
[2024-08-25T00:18:08.100+0000] {logging_mixin.py:190} INFO - [2024-08-25T00:18:08.099+0000] {dag.py:3211} INFO - Sync 1 DAGs
[2024-08-25T00:18:08.158+0000] {logging_mixin.py:190} INFO - [2024-08-25T00:18:08.158+0000] {dag.py:4138} INFO - Setting next_dagrun for example_nested_branch_dag to 2024-08-24 00:00:00+00:00, run_after=2024-08-25 00:00:00+00:00
[2024-08-25T00:18:08.192+0000] {processor.py:208} INFO - Processing /home/airflow/.local/lib/python3.12/site-packages/airflow/example_dags/example_nested_branch_dag.py took 0.209 seconds
[2024-08-25T00:18:40.721+0000] {processor.py:186} INFO - Started process (PID=1588) to work on /home/airflow/.local/lib/python3.12/site-packages/airflow/example_dags/example_nested_branch_dag.py
[2024-08-25T00:18:40.730+0000] {processor.py:914} INFO - Processing file /home/airflow/.local/lib/python3.12/site-packages/airflow/example_dags/example_nested_branch_dag.py for tasks to queue
[2024-08-25T00:18:40.739+0000] {logging_mixin.py:190} INFO - [2024-08-25T00:18:40.738+0000] {dagbag.py:587} INFO - Filling up the DagBag from /home/airflow/.local/lib/python3.12/site-packages/airflow/example_dags/example_nested_branch_dag.py
[2024-08-25T00:18:40.807+0000] {processor.py:925} INFO - DAG(s) 'example_nested_branch_dag' retrieved from /home/airflow/.local/lib/python3.12/site-packages/airflow/example_dags/example_nested_branch_dag.py
[2024-08-25T00:18:40.914+0000] {logging_mixin.py:190} INFO - [2024-08-25T00:18:40.911+0000] {dag.py:3211} INFO - Sync 1 DAGs
[2024-08-25T00:18:41.029+0000] {logging_mixin.py:190} INFO - [2024-08-25T00:18:41.028+0000] {dag.py:4138} INFO - Setting next_dagrun for example_nested_branch_dag to 2024-08-24 00:00:00+00:00, run_after=2024-08-25 00:00:00+00:00
[2024-08-25T00:18:41.100+0000] {processor.py:208} INFO - Processing /home/airflow/.local/lib/python3.12/site-packages/airflow/example_dags/example_nested_branch_dag.py took 0.413 seconds
[2024-08-25T00:19:11.633+0000] {processor.py:186} INFO - Started process (PID=1651) to work on /home/airflow/.local/lib/python3.12/site-packages/airflow/example_dags/example_nested_branch_dag.py
[2024-08-25T00:19:11.644+0000] {processor.py:914} INFO - Processing file /home/airflow/.local/lib/python3.12/site-packages/airflow/example_dags/example_nested_branch_dag.py for tasks to queue
[2024-08-25T00:19:11.652+0000] {logging_mixin.py:190} INFO - [2024-08-25T00:19:11.651+0000] {dagbag.py:587} INFO - Filling up the DagBag from /home/airflow/.local/lib/python3.12/site-packages/airflow/example_dags/example_nested_branch_dag.py
[2024-08-25T00:19:11.740+0000] {processor.py:925} INFO - DAG(s) 'example_nested_branch_dag' retrieved from /home/airflow/.local/lib/python3.12/site-packages/airflow/example_dags/example_nested_branch_dag.py
[2024-08-25T00:19:11.904+0000] {logging_mixin.py:190} INFO - [2024-08-25T00:19:11.902+0000] {dag.py:3211} INFO - Sync 1 DAGs
[2024-08-25T00:19:12.079+0000] {logging_mixin.py:190} INFO - [2024-08-25T00:19:12.077+0000] {dag.py:4138} INFO - Setting next_dagrun for example_nested_branch_dag to 2024-08-24 00:00:00+00:00, run_after=2024-08-25 00:00:00+00:00
[2024-08-25T00:19:12.216+0000] {processor.py:208} INFO - Processing /home/airflow/.local/lib/python3.12/site-packages/airflow/example_dags/example_nested_branch_dag.py took 0.606 seconds
[2024-08-25T00:19:43.460+0000] {processor.py:186} INFO - Started process (PID=1714) to work on /home/airflow/.local/lib/python3.12/site-packages/airflow/example_dags/example_nested_branch_dag.py
[2024-08-25T00:19:43.462+0000] {processor.py:914} INFO - Processing file /home/airflow/.local/lib/python3.12/site-packages/airflow/example_dags/example_nested_branch_dag.py for tasks to queue
[2024-08-25T00:19:43.470+0000] {logging_mixin.py:190} INFO - [2024-08-25T00:19:43.469+0000] {dagbag.py:587} INFO - Filling up the DagBag from /home/airflow/.local/lib/python3.12/site-packages/airflow/example_dags/example_nested_branch_dag.py
[2024-08-25T00:19:43.551+0000] {processor.py:925} INFO - DAG(s) 'example_nested_branch_dag' retrieved from /home/airflow/.local/lib/python3.12/site-packages/airflow/example_dags/example_nested_branch_dag.py
[2024-08-25T00:19:43.722+0000] {logging_mixin.py:190} INFO - [2024-08-25T00:19:43.721+0000] {dag.py:3211} INFO - Sync 1 DAGs
[2024-08-25T00:19:43.859+0000] {logging_mixin.py:190} INFO - [2024-08-25T00:19:43.858+0000] {dag.py:4138} INFO - Setting next_dagrun for example_nested_branch_dag to 2024-08-24 00:00:00+00:00, run_after=2024-08-25 00:00:00+00:00
[2024-08-25T00:19:43.960+0000] {processor.py:208} INFO - Processing /home/airflow/.local/lib/python3.12/site-packages/airflow/example_dags/example_nested_branch_dag.py took 0.519 seconds
[2024-08-25T00:20:14.315+0000] {processor.py:186} INFO - Started process (PID=1778) to work on /home/airflow/.local/lib/python3.12/site-packages/airflow/example_dags/example_nested_branch_dag.py
[2024-08-25T00:20:14.316+0000] {processor.py:914} INFO - Processing file /home/airflow/.local/lib/python3.12/site-packages/airflow/example_dags/example_nested_branch_dag.py for tasks to queue
[2024-08-25T00:20:14.322+0000] {logging_mixin.py:190} INFO - [2024-08-25T00:20:14.321+0000] {dagbag.py:587} INFO - Filling up the DagBag from /home/airflow/.local/lib/python3.12/site-packages/airflow/example_dags/example_nested_branch_dag.py
[2024-08-25T00:20:14.357+0000] {processor.py:925} INFO - DAG(s) 'example_nested_branch_dag' retrieved from /home/airflow/.local/lib/python3.12/site-packages/airflow/example_dags/example_nested_branch_dag.py
[2024-08-25T00:20:14.417+0000] {logging_mixin.py:190} INFO - [2024-08-25T00:20:14.416+0000] {dag.py:3211} INFO - Sync 1 DAGs
[2024-08-25T00:20:14.475+0000] {logging_mixin.py:190} INFO - [2024-08-25T00:20:14.474+0000] {dag.py:4138} INFO - Setting next_dagrun for example_nested_branch_dag to 2024-08-24 00:00:00+00:00, run_after=2024-08-25 00:00:00+00:00
[2024-08-25T00:20:14.519+0000] {processor.py:208} INFO - Processing /home/airflow/.local/lib/python3.12/site-packages/airflow/example_dags/example_nested_branch_dag.py took 0.218 seconds
[2024-08-25T00:20:44.966+0000] {processor.py:186} INFO - Started process (PID=1840) to work on /home/airflow/.local/lib/python3.12/site-packages/airflow/example_dags/example_nested_branch_dag.py
[2024-08-25T00:20:44.968+0000] {processor.py:914} INFO - Processing file /home/airflow/.local/lib/python3.12/site-packages/airflow/example_dags/example_nested_branch_dag.py for tasks to queue
[2024-08-25T00:20:44.973+0000] {logging_mixin.py:190} INFO - [2024-08-25T00:20:44.973+0000] {dagbag.py:587} INFO - Filling up the DagBag from /home/airflow/.local/lib/python3.12/site-packages/airflow/example_dags/example_nested_branch_dag.py
[2024-08-25T00:20:45.004+0000] {processor.py:925} INFO - DAG(s) 'example_nested_branch_dag' retrieved from /home/airflow/.local/lib/python3.12/site-packages/airflow/example_dags/example_nested_branch_dag.py
[2024-08-25T00:20:45.057+0000] {logging_mixin.py:190} INFO - [2024-08-25T00:20:45.056+0000] {dag.py:3211} INFO - Sync 1 DAGs
[2024-08-25T00:20:45.128+0000] {logging_mixin.py:190} INFO - [2024-08-25T00:20:45.128+0000] {dag.py:4138} INFO - Setting next_dagrun for example_nested_branch_dag to 2024-08-24 00:00:00+00:00, run_after=2024-08-25 00:00:00+00:00
[2024-08-25T00:20:45.168+0000] {processor.py:208} INFO - Processing /home/airflow/.local/lib/python3.12/site-packages/airflow/example_dags/example_nested_branch_dag.py took 0.220 seconds
[2024-08-25T00:27:01.849+0000] {processor.py:186} INFO - Started process (PID=134) to work on /home/airflow/.local/lib/python3.12/site-packages/airflow/example_dags/example_nested_branch_dag.py
[2024-08-25T00:27:01.853+0000] {processor.py:914} INFO - Processing file /home/airflow/.local/lib/python3.12/site-packages/airflow/example_dags/example_nested_branch_dag.py for tasks to queue
[2024-08-25T00:27:01.967+0000] {logging_mixin.py:190} INFO - [2024-08-25T00:27:01.915+0000] {dagbag.py:587} INFO - Filling up the DagBag from /home/airflow/.local/lib/python3.12/site-packages/airflow/example_dags/example_nested_branch_dag.py
[2024-08-25T00:27:02.206+0000] {processor.py:925} INFO - DAG(s) 'example_nested_branch_dag' retrieved from /home/airflow/.local/lib/python3.12/site-packages/airflow/example_dags/example_nested_branch_dag.py
[2024-08-25T00:27:02.584+0000] {logging_mixin.py:190} INFO - [2024-08-25T00:27:02.582+0000] {dag.py:3211} INFO - Sync 1 DAGs
[2024-08-25T00:27:03.066+0000] {logging_mixin.py:190} INFO - [2024-08-25T00:27:03.065+0000] {dag.py:4138} INFO - Setting next_dagrun for example_nested_branch_dag to 2024-08-24 00:00:00+00:00, run_after=2024-08-25 00:00:00+00:00
[2024-08-25T00:27:03.942+0000] {processor.py:208} INFO - Processing /home/airflow/.local/lib/python3.12/site-packages/airflow/example_dags/example_nested_branch_dag.py took 2.205 seconds
[2024-08-25T00:27:59.844+0000] {processor.py:186} INFO - Started process (PID=199) to work on /home/airflow/.local/lib/python3.12/site-packages/airflow/example_dags/example_nested_branch_dag.py
[2024-08-25T00:27:59.864+0000] {processor.py:914} INFO - Processing file /home/airflow/.local/lib/python3.12/site-packages/airflow/example_dags/example_nested_branch_dag.py for tasks to queue
[2024-08-25T00:27:59.908+0000] {logging_mixin.py:190} INFO - [2024-08-25T00:27:59.907+0000] {dagbag.py:587} INFO - Filling up the DagBag from /home/airflow/.local/lib/python3.12/site-packages/airflow/example_dags/example_nested_branch_dag.py
[2024-08-25T00:28:00.053+0000] {processor.py:925} INFO - DAG(s) 'example_nested_branch_dag' retrieved from /home/airflow/.local/lib/python3.12/site-packages/airflow/example_dags/example_nested_branch_dag.py
[2024-08-25T00:28:00.406+0000] {logging_mixin.py:190} INFO - [2024-08-25T00:28:00.399+0000] {dag.py:3211} INFO - Sync 1 DAGs
[2024-08-25T00:28:00.658+0000] {logging_mixin.py:190} INFO - [2024-08-25T00:28:00.655+0000] {dag.py:4138} INFO - Setting next_dagrun for example_nested_branch_dag to 2024-08-24 00:00:00+00:00, run_after=2024-08-25 00:00:00+00:00
[2024-08-25T00:28:00.909+0000] {processor.py:208} INFO - Processing /home/airflow/.local/lib/python3.12/site-packages/airflow/example_dags/example_nested_branch_dag.py took 1.214 seconds
[2024-08-25T00:28:42.622+0000] {processor.py:186} INFO - Started process (PID=268) to work on /home/airflow/.local/lib/python3.12/site-packages/airflow/example_dags/example_nested_branch_dag.py
[2024-08-25T00:28:42.658+0000] {processor.py:914} INFO - Processing file /home/airflow/.local/lib/python3.12/site-packages/airflow/example_dags/example_nested_branch_dag.py for tasks to queue
[2024-08-25T00:28:42.679+0000] {logging_mixin.py:190} INFO - [2024-08-25T00:28:42.675+0000] {dagbag.py:587} INFO - Filling up the DagBag from /home/airflow/.local/lib/python3.12/site-packages/airflow/example_dags/example_nested_branch_dag.py
[2024-08-25T00:28:42.856+0000] {processor.py:925} INFO - DAG(s) 'example_nested_branch_dag' retrieved from /home/airflow/.local/lib/python3.12/site-packages/airflow/example_dags/example_nested_branch_dag.py
[2024-08-25T00:28:43.125+0000] {logging_mixin.py:190} INFO - [2024-08-25T00:28:43.123+0000] {dag.py:3211} INFO - Sync 1 DAGs
[2024-08-25T00:28:43.343+0000] {logging_mixin.py:190} INFO - [2024-08-25T00:28:43.342+0000] {dag.py:4138} INFO - Setting next_dagrun for example_nested_branch_dag to 2024-08-24 00:00:00+00:00, run_after=2024-08-25 00:00:00+00:00
[2024-08-25T00:28:43.454+0000] {processor.py:208} INFO - Processing /home/airflow/.local/lib/python3.12/site-packages/airflow/example_dags/example_nested_branch_dag.py took 0.874 seconds
[2024-08-25T00:29:15.115+0000] {processor.py:186} INFO - Started process (PID=331) to work on /home/airflow/.local/lib/python3.12/site-packages/airflow/example_dags/example_nested_branch_dag.py
[2024-08-25T00:29:15.151+0000] {processor.py:914} INFO - Processing file /home/airflow/.local/lib/python3.12/site-packages/airflow/example_dags/example_nested_branch_dag.py for tasks to queue
[2024-08-25T00:29:15.176+0000] {logging_mixin.py:190} INFO - [2024-08-25T00:29:15.175+0000] {dagbag.py:587} INFO - Filling up the DagBag from /home/airflow/.local/lib/python3.12/site-packages/airflow/example_dags/example_nested_branch_dag.py
[2024-08-25T00:29:15.303+0000] {processor.py:925} INFO - DAG(s) 'example_nested_branch_dag' retrieved from /home/airflow/.local/lib/python3.12/site-packages/airflow/example_dags/example_nested_branch_dag.py
[2024-08-25T00:29:15.651+0000] {logging_mixin.py:190} INFO - [2024-08-25T00:29:15.649+0000] {dag.py:3211} INFO - Sync 1 DAGs
[2024-08-25T00:29:16.140+0000] {logging_mixin.py:190} INFO - [2024-08-25T00:29:16.140+0000] {dag.py:4138} INFO - Setting next_dagrun for example_nested_branch_dag to 2024-08-24 00:00:00+00:00, run_after=2024-08-25 00:00:00+00:00
[2024-08-25T00:29:16.330+0000] {processor.py:208} INFO - Processing /home/airflow/.local/lib/python3.12/site-packages/airflow/example_dags/example_nested_branch_dag.py took 1.252 seconds
[2024-08-25T00:29:46.643+0000] {processor.py:186} INFO - Started process (PID=394) to work on /home/airflow/.local/lib/python3.12/site-packages/airflow/example_dags/example_nested_branch_dag.py
[2024-08-25T00:29:46.647+0000] {processor.py:914} INFO - Processing file /home/airflow/.local/lib/python3.12/site-packages/airflow/example_dags/example_nested_branch_dag.py for tasks to queue
[2024-08-25T00:29:46.665+0000] {logging_mixin.py:190} INFO - [2024-08-25T00:29:46.664+0000] {dagbag.py:587} INFO - Filling up the DagBag from /home/airflow/.local/lib/python3.12/site-packages/airflow/example_dags/example_nested_branch_dag.py
[2024-08-25T00:29:46.758+0000] {processor.py:925} INFO - DAG(s) 'example_nested_branch_dag' retrieved from /home/airflow/.local/lib/python3.12/site-packages/airflow/example_dags/example_nested_branch_dag.py
[2024-08-25T00:29:46.964+0000] {logging_mixin.py:190} INFO - [2024-08-25T00:29:46.962+0000] {dag.py:3211} INFO - Sync 1 DAGs
[2024-08-25T00:29:47.247+0000] {logging_mixin.py:190} INFO - [2024-08-25T00:29:47.236+0000] {dag.py:4138} INFO - Setting next_dagrun for example_nested_branch_dag to 2024-08-24 00:00:00+00:00, run_after=2024-08-25 00:00:00+00:00
[2024-08-25T00:29:47.437+0000] {processor.py:208} INFO - Processing /home/airflow/.local/lib/python3.12/site-packages/airflow/example_dags/example_nested_branch_dag.py took 0.826 seconds
[2024-08-25T00:30:30.058+0000] {processor.py:186} INFO - Started process (PID=462) to work on /home/airflow/.local/lib/python3.12/site-packages/airflow/example_dags/example_nested_branch_dag.py
[2024-08-25T00:30:30.073+0000] {processor.py:914} INFO - Processing file /home/airflow/.local/lib/python3.12/site-packages/airflow/example_dags/example_nested_branch_dag.py for tasks to queue
[2024-08-25T00:30:30.086+0000] {logging_mixin.py:190} INFO - [2024-08-25T00:30:30.085+0000] {dagbag.py:587} INFO - Filling up the DagBag from /home/airflow/.local/lib/python3.12/site-packages/airflow/example_dags/example_nested_branch_dag.py
[2024-08-25T00:30:30.218+0000] {processor.py:925} INFO - DAG(s) 'example_nested_branch_dag' retrieved from /home/airflow/.local/lib/python3.12/site-packages/airflow/example_dags/example_nested_branch_dag.py
[2024-08-25T00:30:30.398+0000] {logging_mixin.py:190} INFO - [2024-08-25T00:30:30.396+0000] {dag.py:3211} INFO - Sync 1 DAGs
[2024-08-25T00:30:30.566+0000] {logging_mixin.py:190} INFO - [2024-08-25T00:30:30.565+0000] {dag.py:4138} INFO - Setting next_dagrun for example_nested_branch_dag to 2024-08-24 00:00:00+00:00, run_after=2024-08-25 00:00:00+00:00
[2024-08-25T00:30:30.685+0000] {processor.py:208} INFO - Processing /home/airflow/.local/lib/python3.12/site-packages/airflow/example_dags/example_nested_branch_dag.py took 0.665 seconds
[2024-08-25T00:31:01.995+0000] {processor.py:186} INFO - Started process (PID=526) to work on /home/airflow/.local/lib/python3.12/site-packages/airflow/example_dags/example_nested_branch_dag.py
[2024-08-25T00:31:02.001+0000] {processor.py:914} INFO - Processing file /home/airflow/.local/lib/python3.12/site-packages/airflow/example_dags/example_nested_branch_dag.py for tasks to queue
[2024-08-25T00:31:02.014+0000] {logging_mixin.py:190} INFO - [2024-08-25T00:31:02.013+0000] {dagbag.py:587} INFO - Filling up the DagBag from /home/airflow/.local/lib/python3.12/site-packages/airflow/example_dags/example_nested_branch_dag.py
[2024-08-25T00:31:02.415+0000] {processor.py:925} INFO - DAG(s) 'example_nested_branch_dag' retrieved from /home/airflow/.local/lib/python3.12/site-packages/airflow/example_dags/example_nested_branch_dag.py
[2024-08-25T00:31:02.652+0000] {logging_mixin.py:190} INFO - [2024-08-25T00:31:02.646+0000] {dag.py:3211} INFO - Sync 1 DAGs
[2024-08-25T00:31:02.858+0000] {logging_mixin.py:190} INFO - [2024-08-25T00:31:02.855+0000] {dag.py:4138} INFO - Setting next_dagrun for example_nested_branch_dag to 2024-08-24 00:00:00+00:00, run_after=2024-08-25 00:00:00+00:00
[2024-08-25T00:31:02.976+0000] {processor.py:208} INFO - Processing /home/airflow/.local/lib/python3.12/site-packages/airflow/example_dags/example_nested_branch_dag.py took 1.011 seconds
[2024-08-25T00:32:02.353+0000] {processor.py:186} INFO - Started process (PID=612) to work on /home/airflow/.local/lib/python3.12/site-packages/airflow/example_dags/example_nested_branch_dag.py
[2024-08-25T00:32:02.360+0000] {processor.py:914} INFO - Processing file /home/airflow/.local/lib/python3.12/site-packages/airflow/example_dags/example_nested_branch_dag.py for tasks to queue
[2024-08-25T00:32:02.380+0000] {logging_mixin.py:190} INFO - [2024-08-25T00:32:02.379+0000] {dagbag.py:587} INFO - Filling up the DagBag from /home/airflow/.local/lib/python3.12/site-packages/airflow/example_dags/example_nested_branch_dag.py
[2024-08-25T00:32:02.592+0000] {processor.py:925} INFO - DAG(s) 'example_nested_branch_dag' retrieved from /home/airflow/.local/lib/python3.12/site-packages/airflow/example_dags/example_nested_branch_dag.py
[2024-08-25T00:32:03.120+0000] {logging_mixin.py:190} INFO - [2024-08-25T00:32:03.118+0000] {dag.py:3211} INFO - Sync 1 DAGs
[2024-08-25T00:32:03.799+0000] {logging_mixin.py:190} INFO - [2024-08-25T00:32:03.798+0000] {dag.py:4138} INFO - Setting next_dagrun for example_nested_branch_dag to 2024-08-24 00:00:00+00:00, run_after=2024-08-25 00:00:00+00:00
[2024-08-25T00:32:03.911+0000] {processor.py:208} INFO - Processing /home/airflow/.local/lib/python3.12/site-packages/airflow/example_dags/example_nested_branch_dag.py took 1.679 seconds
[2024-08-25T00:32:34.563+0000] {processor.py:186} INFO - Started process (PID=681) to work on /home/airflow/.local/lib/python3.12/site-packages/airflow/example_dags/example_nested_branch_dag.py
[2024-08-25T00:32:34.577+0000] {processor.py:914} INFO - Processing file /home/airflow/.local/lib/python3.12/site-packages/airflow/example_dags/example_nested_branch_dag.py for tasks to queue
[2024-08-25T00:32:34.627+0000] {logging_mixin.py:190} INFO - [2024-08-25T00:32:34.626+0000] {dagbag.py:587} INFO - Filling up the DagBag from /home/airflow/.local/lib/python3.12/site-packages/airflow/example_dags/example_nested_branch_dag.py
[2024-08-25T00:32:34.823+0000] {processor.py:925} INFO - DAG(s) 'example_nested_branch_dag' retrieved from /home/airflow/.local/lib/python3.12/site-packages/airflow/example_dags/example_nested_branch_dag.py
[2024-08-25T00:32:35.198+0000] {logging_mixin.py:190} INFO - [2024-08-25T00:32:35.181+0000] {dag.py:3211} INFO - Sync 1 DAGs
[2024-08-25T00:32:35.896+0000] {logging_mixin.py:190} INFO - [2024-08-25T00:32:35.895+0000] {dag.py:4138} INFO - Setting next_dagrun for example_nested_branch_dag to 2024-08-24 00:00:00+00:00, run_after=2024-08-25 00:00:00+00:00
[2024-08-25T00:32:36.064+0000] {processor.py:208} INFO - Processing /home/airflow/.local/lib/python3.12/site-packages/airflow/example_dags/example_nested_branch_dag.py took 1.589 seconds
[2024-08-25T00:33:38.930+0000] {processor.py:186} INFO - Started process (PID=761) to work on /home/airflow/.local/lib/python3.12/site-packages/airflow/example_dags/example_nested_branch_dag.py
[2024-08-25T00:33:38.933+0000] {processor.py:914} INFO - Processing file /home/airflow/.local/lib/python3.12/site-packages/airflow/example_dags/example_nested_branch_dag.py for tasks to queue
[2024-08-25T00:33:38.964+0000] {logging_mixin.py:190} INFO - [2024-08-25T00:33:38.963+0000] {dagbag.py:587} INFO - Filling up the DagBag from /home/airflow/.local/lib/python3.12/site-packages/airflow/example_dags/example_nested_branch_dag.py
[2024-08-25T00:33:39.126+0000] {processor.py:925} INFO - DAG(s) 'example_nested_branch_dag' retrieved from /home/airflow/.local/lib/python3.12/site-packages/airflow/example_dags/example_nested_branch_dag.py
[2024-08-25T00:33:39.386+0000] {logging_mixin.py:190} INFO - [2024-08-25T00:33:39.384+0000] {dag.py:3211} INFO - Sync 1 DAGs
[2024-08-25T00:33:39.668+0000] {logging_mixin.py:190} INFO - [2024-08-25T00:33:39.668+0000] {dag.py:4138} INFO - Setting next_dagrun for example_nested_branch_dag to 2024-08-24 00:00:00+00:00, run_after=2024-08-25 00:00:00+00:00
[2024-08-25T00:33:40.108+0000] {processor.py:208} INFO - Processing /home/airflow/.local/lib/python3.12/site-packages/airflow/example_dags/example_nested_branch_dag.py took 1.232 seconds
[2024-08-25T00:34:20.704+0000] {processor.py:186} INFO - Started process (PID=825) to work on /home/airflow/.local/lib/python3.12/site-packages/airflow/example_dags/example_nested_branch_dag.py
[2024-08-25T00:34:20.707+0000] {processor.py:914} INFO - Processing file /home/airflow/.local/lib/python3.12/site-packages/airflow/example_dags/example_nested_branch_dag.py for tasks to queue
[2024-08-25T00:34:20.725+0000] {logging_mixin.py:190} INFO - [2024-08-25T00:34:20.724+0000] {dagbag.py:587} INFO - Filling up the DagBag from /home/airflow/.local/lib/python3.12/site-packages/airflow/example_dags/example_nested_branch_dag.py
[2024-08-25T00:34:20.830+0000] {processor.py:925} INFO - DAG(s) 'example_nested_branch_dag' retrieved from /home/airflow/.local/lib/python3.12/site-packages/airflow/example_dags/example_nested_branch_dag.py
[2024-08-25T00:34:20.987+0000] {logging_mixin.py:190} INFO - [2024-08-25T00:34:20.985+0000] {dag.py:3211} INFO - Sync 1 DAGs
[2024-08-25T00:34:21.085+0000] {logging_mixin.py:190} INFO - [2024-08-25T00:34:21.084+0000] {dag.py:4138} INFO - Setting next_dagrun for example_nested_branch_dag to 2024-08-24 00:00:00+00:00, run_after=2024-08-25 00:00:00+00:00
[2024-08-25T00:34:21.155+0000] {processor.py:208} INFO - Processing /home/airflow/.local/lib/python3.12/site-packages/airflow/example_dags/example_nested_branch_dag.py took 0.487 seconds
[2024-08-25T00:34:52.625+0000] {processor.py:186} INFO - Started process (PID=888) to work on /home/airflow/.local/lib/python3.12/site-packages/airflow/example_dags/example_nested_branch_dag.py
[2024-08-25T00:34:52.647+0000] {processor.py:914} INFO - Processing file /home/airflow/.local/lib/python3.12/site-packages/airflow/example_dags/example_nested_branch_dag.py for tasks to queue
[2024-08-25T00:34:52.675+0000] {logging_mixin.py:190} INFO - [2024-08-25T00:34:52.663+0000] {dagbag.py:587} INFO - Filling up the DagBag from /home/airflow/.local/lib/python3.12/site-packages/airflow/example_dags/example_nested_branch_dag.py
[2024-08-25T00:34:52.765+0000] {processor.py:925} INFO - DAG(s) 'example_nested_branch_dag' retrieved from /home/airflow/.local/lib/python3.12/site-packages/airflow/example_dags/example_nested_branch_dag.py
[2024-08-25T00:34:52.910+0000] {logging_mixin.py:190} INFO - [2024-08-25T00:34:52.909+0000] {dag.py:3211} INFO - Sync 1 DAGs
[2024-08-25T00:34:53.038+0000] {logging_mixin.py:190} INFO - [2024-08-25T00:34:53.037+0000] {dag.py:4138} INFO - Setting next_dagrun for example_nested_branch_dag to 2024-08-24 00:00:00+00:00, run_after=2024-08-25 00:00:00+00:00
[2024-08-25T00:34:53.105+0000] {processor.py:208} INFO - Processing /home/airflow/.local/lib/python3.12/site-packages/airflow/example_dags/example_nested_branch_dag.py took 0.519 seconds
[2024-08-25T00:35:27.451+0000] {processor.py:186} INFO - Started process (PID=950) to work on /home/airflow/.local/lib/python3.12/site-packages/airflow/example_dags/example_nested_branch_dag.py
[2024-08-25T00:35:27.475+0000] {processor.py:914} INFO - Processing file /home/airflow/.local/lib/python3.12/site-packages/airflow/example_dags/example_nested_branch_dag.py for tasks to queue
[2024-08-25T00:35:27.502+0000] {logging_mixin.py:190} INFO - [2024-08-25T00:35:27.501+0000] {dagbag.py:587} INFO - Filling up the DagBag from /home/airflow/.local/lib/python3.12/site-packages/airflow/example_dags/example_nested_branch_dag.py
[2024-08-25T00:35:27.632+0000] {processor.py:925} INFO - DAG(s) 'example_nested_branch_dag' retrieved from /home/airflow/.local/lib/python3.12/site-packages/airflow/example_dags/example_nested_branch_dag.py
[2024-08-25T00:35:27.858+0000] {logging_mixin.py:190} INFO - [2024-08-25T00:35:27.847+0000] {dag.py:3211} INFO - Sync 1 DAGs
[2024-08-25T00:35:28.110+0000] {logging_mixin.py:190} INFO - [2024-08-25T00:35:28.110+0000] {dag.py:4138} INFO - Setting next_dagrun for example_nested_branch_dag to 2024-08-24 00:00:00+00:00, run_after=2024-08-25 00:00:00+00:00
[2024-08-25T00:35:28.380+0000] {processor.py:208} INFO - Processing /home/airflow/.local/lib/python3.12/site-packages/airflow/example_dags/example_nested_branch_dag.py took 0.981 seconds
[2024-08-25T00:36:05.826+0000] {processor.py:186} INFO - Started process (PID=1013) to work on /home/airflow/.local/lib/python3.12/site-packages/airflow/example_dags/example_nested_branch_dag.py
[2024-08-25T00:36:05.841+0000] {processor.py:914} INFO - Processing file /home/airflow/.local/lib/python3.12/site-packages/airflow/example_dags/example_nested_branch_dag.py for tasks to queue
[2024-08-25T00:36:05.855+0000] {logging_mixin.py:190} INFO - [2024-08-25T00:36:05.854+0000] {dagbag.py:587} INFO - Filling up the DagBag from /home/airflow/.local/lib/python3.12/site-packages/airflow/example_dags/example_nested_branch_dag.py
[2024-08-25T00:36:05.916+0000] {processor.py:925} INFO - DAG(s) 'example_nested_branch_dag' retrieved from /home/airflow/.local/lib/python3.12/site-packages/airflow/example_dags/example_nested_branch_dag.py
[2024-08-25T00:36:06.027+0000] {logging_mixin.py:190} INFO - [2024-08-25T00:36:06.025+0000] {dag.py:3211} INFO - Sync 1 DAGs
[2024-08-25T00:36:06.126+0000] {logging_mixin.py:190} INFO - [2024-08-25T00:36:06.125+0000] {dag.py:4138} INFO - Setting next_dagrun for example_nested_branch_dag to 2024-08-24 00:00:00+00:00, run_after=2024-08-25 00:00:00+00:00
[2024-08-25T00:36:06.194+0000] {processor.py:208} INFO - Processing /home/airflow/.local/lib/python3.12/site-packages/airflow/example_dags/example_nested_branch_dag.py took 0.391 seconds
[2024-08-25T00:36:36.902+0000] {processor.py:186} INFO - Started process (PID=1084) to work on /home/airflow/.local/lib/python3.12/site-packages/airflow/example_dags/example_nested_branch_dag.py
[2024-08-25T00:36:36.919+0000] {processor.py:914} INFO - Processing file /home/airflow/.local/lib/python3.12/site-packages/airflow/example_dags/example_nested_branch_dag.py for tasks to queue
[2024-08-25T00:36:36.928+0000] {logging_mixin.py:190} INFO - [2024-08-25T00:36:36.927+0000] {dagbag.py:587} INFO - Filling up the DagBag from /home/airflow/.local/lib/python3.12/site-packages/airflow/example_dags/example_nested_branch_dag.py
[2024-08-25T00:36:37.010+0000] {processor.py:925} INFO - DAG(s) 'example_nested_branch_dag' retrieved from /home/airflow/.local/lib/python3.12/site-packages/airflow/example_dags/example_nested_branch_dag.py
[2024-08-25T00:36:37.106+0000] {logging_mixin.py:190} INFO - [2024-08-25T00:36:37.105+0000] {dag.py:3211} INFO - Sync 1 DAGs
[2024-08-25T00:36:37.194+0000] {logging_mixin.py:190} INFO - [2024-08-25T00:36:37.194+0000] {dag.py:4138} INFO - Setting next_dagrun for example_nested_branch_dag to 2024-08-24 00:00:00+00:00, run_after=2024-08-25 00:00:00+00:00
[2024-08-25T00:36:37.254+0000] {processor.py:208} INFO - Processing /home/airflow/.local/lib/python3.12/site-packages/airflow/example_dags/example_nested_branch_dag.py took 0.381 seconds
[2024-08-25T00:37:07.769+0000] {processor.py:186} INFO - Started process (PID=1145) to work on /home/airflow/.local/lib/python3.12/site-packages/airflow/example_dags/example_nested_branch_dag.py
[2024-08-25T00:37:07.798+0000] {processor.py:914} INFO - Processing file /home/airflow/.local/lib/python3.12/site-packages/airflow/example_dags/example_nested_branch_dag.py for tasks to queue
[2024-08-25T00:37:07.803+0000] {logging_mixin.py:190} INFO - [2024-08-25T00:37:07.802+0000] {dagbag.py:587} INFO - Filling up the DagBag from /home/airflow/.local/lib/python3.12/site-packages/airflow/example_dags/example_nested_branch_dag.py
[2024-08-25T00:37:07.981+0000] {processor.py:925} INFO - DAG(s) 'example_nested_branch_dag' retrieved from /home/airflow/.local/lib/python3.12/site-packages/airflow/example_dags/example_nested_branch_dag.py
[2024-08-25T00:37:08.106+0000] {logging_mixin.py:190} INFO - [2024-08-25T00:37:08.100+0000] {dag.py:3211} INFO - Sync 1 DAGs
[2024-08-25T00:37:08.216+0000] {logging_mixin.py:190} INFO - [2024-08-25T00:37:08.215+0000] {dag.py:4138} INFO - Setting next_dagrun for example_nested_branch_dag to 2024-08-24 00:00:00+00:00, run_after=2024-08-25 00:00:00+00:00
[2024-08-25T00:37:08.299+0000] {processor.py:208} INFO - Processing /home/airflow/.local/lib/python3.12/site-packages/airflow/example_dags/example_nested_branch_dag.py took 0.564 seconds
[2024-08-25T00:37:38.726+0000] {processor.py:186} INFO - Started process (PID=1207) to work on /home/airflow/.local/lib/python3.12/site-packages/airflow/example_dags/example_nested_branch_dag.py
[2024-08-25T00:37:38.728+0000] {processor.py:914} INFO - Processing file /home/airflow/.local/lib/python3.12/site-packages/airflow/example_dags/example_nested_branch_dag.py for tasks to queue
[2024-08-25T00:37:38.731+0000] {logging_mixin.py:190} INFO - [2024-08-25T00:37:38.731+0000] {dagbag.py:587} INFO - Filling up the DagBag from /home/airflow/.local/lib/python3.12/site-packages/airflow/example_dags/example_nested_branch_dag.py
[2024-08-25T00:37:38.764+0000] {processor.py:925} INFO - DAG(s) 'example_nested_branch_dag' retrieved from /home/airflow/.local/lib/python3.12/site-packages/airflow/example_dags/example_nested_branch_dag.py
[2024-08-25T00:37:38.833+0000] {logging_mixin.py:190} INFO - [2024-08-25T00:37:38.830+0000] {dag.py:3211} INFO - Sync 1 DAGs
[2024-08-25T00:37:38.900+0000] {logging_mixin.py:190} INFO - [2024-08-25T00:37:38.899+0000] {dag.py:4138} INFO - Setting next_dagrun for example_nested_branch_dag to 2024-08-24 00:00:00+00:00, run_after=2024-08-25 00:00:00+00:00
[2024-08-25T00:37:38.943+0000] {processor.py:208} INFO - Processing /home/airflow/.local/lib/python3.12/site-packages/airflow/example_dags/example_nested_branch_dag.py took 0.232 seconds
[2024-08-25T00:38:10.102+0000] {processor.py:186} INFO - Started process (PID=1269) to work on /home/airflow/.local/lib/python3.12/site-packages/airflow/example_dags/example_nested_branch_dag.py
[2024-08-25T00:38:10.104+0000] {processor.py:914} INFO - Processing file /home/airflow/.local/lib/python3.12/site-packages/airflow/example_dags/example_nested_branch_dag.py for tasks to queue
[2024-08-25T00:38:10.107+0000] {logging_mixin.py:190} INFO - [2024-08-25T00:38:10.106+0000] {dagbag.py:587} INFO - Filling up the DagBag from /home/airflow/.local/lib/python3.12/site-packages/airflow/example_dags/example_nested_branch_dag.py
[2024-08-25T00:38:10.140+0000] {processor.py:925} INFO - DAG(s) 'example_nested_branch_dag' retrieved from /home/airflow/.local/lib/python3.12/site-packages/airflow/example_dags/example_nested_branch_dag.py
[2024-08-25T00:38:10.228+0000] {logging_mixin.py:190} INFO - [2024-08-25T00:38:10.226+0000] {dag.py:3211} INFO - Sync 1 DAGs
[2024-08-25T00:38:10.314+0000] {logging_mixin.py:190} INFO - [2024-08-25T00:38:10.314+0000] {dag.py:4138} INFO - Setting next_dagrun for example_nested_branch_dag to 2024-08-24 00:00:00+00:00, run_after=2024-08-25 00:00:00+00:00
[2024-08-25T00:38:10.357+0000] {processor.py:208} INFO - Processing /home/airflow/.local/lib/python3.12/site-packages/airflow/example_dags/example_nested_branch_dag.py took 0.273 seconds
[2024-08-25T00:38:42.674+0000] {processor.py:186} INFO - Started process (PID=1332) to work on /home/airflow/.local/lib/python3.12/site-packages/airflow/example_dags/example_nested_branch_dag.py
[2024-08-25T00:38:42.677+0000] {processor.py:914} INFO - Processing file /home/airflow/.local/lib/python3.12/site-packages/airflow/example_dags/example_nested_branch_dag.py for tasks to queue
[2024-08-25T00:38:42.685+0000] {logging_mixin.py:190} INFO - [2024-08-25T00:38:42.684+0000] {dagbag.py:587} INFO - Filling up the DagBag from /home/airflow/.local/lib/python3.12/site-packages/airflow/example_dags/example_nested_branch_dag.py
[2024-08-25T00:38:42.738+0000] {processor.py:925} INFO - DAG(s) 'example_nested_branch_dag' retrieved from /home/airflow/.local/lib/python3.12/site-packages/airflow/example_dags/example_nested_branch_dag.py
[2024-08-25T00:38:42.854+0000] {logging_mixin.py:190} INFO - [2024-08-25T00:38:42.853+0000] {dag.py:3211} INFO - Sync 1 DAGs
[2024-08-25T00:38:42.949+0000] {logging_mixin.py:190} INFO - [2024-08-25T00:38:42.948+0000] {dag.py:4138} INFO - Setting next_dagrun for example_nested_branch_dag to 2024-08-24 00:00:00+00:00, run_after=2024-08-25 00:00:00+00:00
[2024-08-25T00:38:43.110+0000] {processor.py:208} INFO - Processing /home/airflow/.local/lib/python3.12/site-packages/airflow/example_dags/example_nested_branch_dag.py took 0.455 seconds
[2024-08-25T00:39:17.050+0000] {processor.py:186} INFO - Started process (PID=1397) to work on /home/airflow/.local/lib/python3.12/site-packages/airflow/example_dags/example_nested_branch_dag.py
[2024-08-25T00:39:17.053+0000] {processor.py:914} INFO - Processing file /home/airflow/.local/lib/python3.12/site-packages/airflow/example_dags/example_nested_branch_dag.py for tasks to queue
[2024-08-25T00:39:17.065+0000] {logging_mixin.py:190} INFO - [2024-08-25T00:39:17.064+0000] {dagbag.py:587} INFO - Filling up the DagBag from /home/airflow/.local/lib/python3.12/site-packages/airflow/example_dags/example_nested_branch_dag.py
[2024-08-25T00:39:17.218+0000] {processor.py:925} INFO - DAG(s) 'example_nested_branch_dag' retrieved from /home/airflow/.local/lib/python3.12/site-packages/airflow/example_dags/example_nested_branch_dag.py
[2024-08-25T00:39:17.565+0000] {logging_mixin.py:190} INFO - [2024-08-25T00:39:17.562+0000] {dag.py:3211} INFO - Sync 1 DAGs
[2024-08-25T00:39:17.731+0000] {logging_mixin.py:190} INFO - [2024-08-25T00:39:17.730+0000] {dag.py:4138} INFO - Setting next_dagrun for example_nested_branch_dag to 2024-08-24 00:00:00+00:00, run_after=2024-08-25 00:00:00+00:00
[2024-08-25T00:39:17.869+0000] {processor.py:208} INFO - Processing /home/airflow/.local/lib/python3.12/site-packages/airflow/example_dags/example_nested_branch_dag.py took 0.861 seconds
[2024-08-25T00:39:49.193+0000] {processor.py:186} INFO - Started process (PID=1459) to work on /home/airflow/.local/lib/python3.12/site-packages/airflow/example_dags/example_nested_branch_dag.py
[2024-08-25T00:39:49.207+0000] {processor.py:914} INFO - Processing file /home/airflow/.local/lib/python3.12/site-packages/airflow/example_dags/example_nested_branch_dag.py for tasks to queue
[2024-08-25T00:39:49.230+0000] {logging_mixin.py:190} INFO - [2024-08-25T00:39:49.229+0000] {dagbag.py:587} INFO - Filling up the DagBag from /home/airflow/.local/lib/python3.12/site-packages/airflow/example_dags/example_nested_branch_dag.py
[2024-08-25T00:39:49.304+0000] {processor.py:925} INFO - DAG(s) 'example_nested_branch_dag' retrieved from /home/airflow/.local/lib/python3.12/site-packages/airflow/example_dags/example_nested_branch_dag.py
[2024-08-25T00:39:49.412+0000] {logging_mixin.py:190} INFO - [2024-08-25T00:39:49.410+0000] {dag.py:3211} INFO - Sync 1 DAGs
[2024-08-25T00:39:49.521+0000] {logging_mixin.py:190} INFO - [2024-08-25T00:39:49.519+0000] {dag.py:4138} INFO - Setting next_dagrun for example_nested_branch_dag to 2024-08-24 00:00:00+00:00, run_after=2024-08-25 00:00:00+00:00
[2024-08-25T00:39:49.599+0000] {processor.py:208} INFO - Processing /home/airflow/.local/lib/python3.12/site-packages/airflow/example_dags/example_nested_branch_dag.py took 0.498 seconds
[2024-08-25T00:40:20.244+0000] {processor.py:186} INFO - Started process (PID=1521) to work on /home/airflow/.local/lib/python3.12/site-packages/airflow/example_dags/example_nested_branch_dag.py
[2024-08-25T00:40:20.250+0000] {processor.py:914} INFO - Processing file /home/airflow/.local/lib/python3.12/site-packages/airflow/example_dags/example_nested_branch_dag.py for tasks to queue
[2024-08-25T00:40:20.276+0000] {logging_mixin.py:190} INFO - [2024-08-25T00:40:20.275+0000] {dagbag.py:587} INFO - Filling up the DagBag from /home/airflow/.local/lib/python3.12/site-packages/airflow/example_dags/example_nested_branch_dag.py
[2024-08-25T00:40:20.435+0000] {processor.py:925} INFO - DAG(s) 'example_nested_branch_dag' retrieved from /home/airflow/.local/lib/python3.12/site-packages/airflow/example_dags/example_nested_branch_dag.py
[2024-08-25T00:40:20.707+0000] {logging_mixin.py:190} INFO - [2024-08-25T00:40:20.705+0000] {dag.py:3211} INFO - Sync 1 DAGs
[2024-08-25T00:40:20.976+0000] {logging_mixin.py:190} INFO - [2024-08-25T00:40:20.976+0000] {dag.py:4138} INFO - Setting next_dagrun for example_nested_branch_dag to 2024-08-24 00:00:00+00:00, run_after=2024-08-25 00:00:00+00:00
[2024-08-25T00:40:21.144+0000] {processor.py:208} INFO - Processing /home/airflow/.local/lib/python3.12/site-packages/airflow/example_dags/example_nested_branch_dag.py took 0.942 seconds
[2024-08-25T00:40:51.390+0000] {processor.py:186} INFO - Started process (PID=1582) to work on /home/airflow/.local/lib/python3.12/site-packages/airflow/example_dags/example_nested_branch_dag.py
[2024-08-25T00:40:51.392+0000] {processor.py:914} INFO - Processing file /home/airflow/.local/lib/python3.12/site-packages/airflow/example_dags/example_nested_branch_dag.py for tasks to queue
[2024-08-25T00:40:51.394+0000] {logging_mixin.py:190} INFO - [2024-08-25T00:40:51.394+0000] {dagbag.py:587} INFO - Filling up the DagBag from /home/airflow/.local/lib/python3.12/site-packages/airflow/example_dags/example_nested_branch_dag.py
[2024-08-25T00:40:51.428+0000] {processor.py:925} INFO - DAG(s) 'example_nested_branch_dag' retrieved from /home/airflow/.local/lib/python3.12/site-packages/airflow/example_dags/example_nested_branch_dag.py
[2024-08-25T00:40:51.484+0000] {logging_mixin.py:190} INFO - [2024-08-25T00:40:51.483+0000] {dag.py:3211} INFO - Sync 1 DAGs
[2024-08-25T00:40:51.534+0000] {logging_mixin.py:190} INFO - [2024-08-25T00:40:51.534+0000] {dag.py:4138} INFO - Setting next_dagrun for example_nested_branch_dag to 2024-08-24 00:00:00+00:00, run_after=2024-08-25 00:00:00+00:00
[2024-08-25T00:40:51.570+0000] {processor.py:208} INFO - Processing /home/airflow/.local/lib/python3.12/site-packages/airflow/example_dags/example_nested_branch_dag.py took 0.194 seconds
[2024-08-25T00:41:25.038+0000] {processor.py:186} INFO - Started process (PID=1641) to work on /home/airflow/.local/lib/python3.12/site-packages/airflow/example_dags/example_nested_branch_dag.py
[2024-08-25T00:41:25.051+0000] {processor.py:914} INFO - Processing file /home/airflow/.local/lib/python3.12/site-packages/airflow/example_dags/example_nested_branch_dag.py for tasks to queue
[2024-08-25T00:41:25.055+0000] {logging_mixin.py:190} INFO - [2024-08-25T00:41:25.054+0000] {dagbag.py:587} INFO - Filling up the DagBag from /home/airflow/.local/lib/python3.12/site-packages/airflow/example_dags/example_nested_branch_dag.py
[2024-08-25T00:41:25.160+0000] {processor.py:925} INFO - DAG(s) 'example_nested_branch_dag' retrieved from /home/airflow/.local/lib/python3.12/site-packages/airflow/example_dags/example_nested_branch_dag.py
[2024-08-25T00:41:25.330+0000] {logging_mixin.py:190} INFO - [2024-08-25T00:41:25.329+0000] {dag.py:3211} INFO - Sync 1 DAGs
[2024-08-25T00:41:25.587+0000] {logging_mixin.py:190} INFO - [2024-08-25T00:41:25.578+0000] {dag.py:4138} INFO - Setting next_dagrun for example_nested_branch_dag to 2024-08-24 00:00:00+00:00, run_after=2024-08-25 00:00:00+00:00
[2024-08-25T00:41:25.788+0000] {processor.py:208} INFO - Processing /home/airflow/.local/lib/python3.12/site-packages/airflow/example_dags/example_nested_branch_dag.py took 0.791 seconds
