[2024-08-25T00:00:17.568+0000] {processor.py:186} INFO - Started process (PID=38547) to work on /home/airflow/.local/lib/python3.12/site-packages/airflow/example_dags/example_latest_only_with_trigger.py
[2024-08-25T00:00:17.571+0000] {processor.py:914} INFO - Processing file /home/airflow/.local/lib/python3.12/site-packages/airflow/example_dags/example_latest_only_with_trigger.py for tasks to queue
[2024-08-25T00:00:17.577+0000] {logging_mixin.py:190} INFO - [2024-08-25T00:00:17.576+0000] {dagbag.py:587} INFO - Filling up the DagBag from /home/airflow/.local/lib/python3.12/site-packages/airflow/example_dags/example_latest_only_with_trigger.py
[2024-08-25T00:00:17.601+0000] {processor.py:925} INFO - DAG(s) 'latest_only_with_trigger' retrieved from /home/airflow/.local/lib/python3.12/site-packages/airflow/example_dags/example_latest_only_with_trigger.py
[2024-08-25T00:00:17.658+0000] {logging_mixin.py:190} INFO - [2024-08-25T00:00:17.657+0000] {dag.py:3211} INFO - Sync 1 DAGs
[2024-08-25T00:00:17.735+0000] {logging_mixin.py:190} INFO - [2024-08-25T00:00:17.731+0000] {dag.py:4138} INFO - Setting next_dagrun for latest_only_with_trigger to 2024-08-24 20:00:00+00:00, run_after=2024-08-25 00:00:00+00:00
[2024-08-25T00:00:17.811+0000] {processor.py:208} INFO - Processing /home/airflow/.local/lib/python3.12/site-packages/airflow/example_dags/example_latest_only_with_trigger.py took 0.263 seconds
[2024-08-25T00:06:08.939+0000] {processor.py:186} INFO - Started process (PID=129) to work on /home/airflow/.local/lib/python3.12/site-packages/airflow/example_dags/example_latest_only_with_trigger.py
[2024-08-25T00:06:08.941+0000] {processor.py:914} INFO - Processing file /home/airflow/.local/lib/python3.12/site-packages/airflow/example_dags/example_latest_only_with_trigger.py for tasks to queue
[2024-08-25T00:06:08.955+0000] {logging_mixin.py:190} INFO - [2024-08-25T00:06:08.954+0000] {dagbag.py:587} INFO - Filling up the DagBag from /home/airflow/.local/lib/python3.12/site-packages/airflow/example_dags/example_latest_only_with_trigger.py
[2024-08-25T00:06:08.993+0000] {processor.py:925} INFO - DAG(s) 'latest_only_with_trigger' retrieved from /home/airflow/.local/lib/python3.12/site-packages/airflow/example_dags/example_latest_only_with_trigger.py
[2024-08-25T00:06:09.119+0000] {logging_mixin.py:190} INFO - [2024-08-25T00:06:09.117+0000] {dag.py:3211} INFO - Sync 1 DAGs
[2024-08-25T00:06:09.452+0000] {logging_mixin.py:190} INFO - [2024-08-25T00:06:09.451+0000] {dag.py:4138} INFO - Setting next_dagrun for latest_only_with_trigger to 2024-08-24 20:00:00+00:00, run_after=2024-08-25 00:00:00+00:00
[2024-08-25T00:06:09.605+0000] {processor.py:208} INFO - Processing /home/airflow/.local/lib/python3.12/site-packages/airflow/example_dags/example_latest_only_with_trigger.py took 0.699 seconds
[2024-08-25T00:07:03.067+0000] {processor.py:186} INFO - Started process (PID=199) to work on /home/airflow/.local/lib/python3.12/site-packages/airflow/example_dags/example_latest_only_with_trigger.py
[2024-08-25T00:07:03.072+0000] {processor.py:914} INFO - Processing file /home/airflow/.local/lib/python3.12/site-packages/airflow/example_dags/example_latest_only_with_trigger.py for tasks to queue
[2024-08-25T00:07:03.093+0000] {logging_mixin.py:190} INFO - [2024-08-25T00:07:03.092+0000] {dagbag.py:587} INFO - Filling up the DagBag from /home/airflow/.local/lib/python3.12/site-packages/airflow/example_dags/example_latest_only_with_trigger.py
[2024-08-25T00:07:03.204+0000] {processor.py:925} INFO - DAG(s) 'latest_only_with_trigger' retrieved from /home/airflow/.local/lib/python3.12/site-packages/airflow/example_dags/example_latest_only_with_trigger.py
[2024-08-25T00:07:03.299+0000] {logging_mixin.py:190} INFO - [2024-08-25T00:07:03.295+0000] {dag.py:3211} INFO - Sync 1 DAGs
[2024-08-25T00:07:03.507+0000] {logging_mixin.py:190} INFO - [2024-08-25T00:07:03.507+0000] {dag.py:4138} INFO - Setting next_dagrun for latest_only_with_trigger to 2024-08-24 20:00:00+00:00, run_after=2024-08-25 00:00:00+00:00
[2024-08-25T00:07:03.607+0000] {processor.py:208} INFO - Processing /home/airflow/.local/lib/python3.12/site-packages/airflow/example_dags/example_latest_only_with_trigger.py took 0.628 seconds
[2024-08-25T00:07:34.139+0000] {processor.py:186} INFO - Started process (PID=261) to work on /home/airflow/.local/lib/python3.12/site-packages/airflow/example_dags/example_latest_only_with_trigger.py
[2024-08-25T00:07:34.148+0000] {processor.py:914} INFO - Processing file /home/airflow/.local/lib/python3.12/site-packages/airflow/example_dags/example_latest_only_with_trigger.py for tasks to queue
[2024-08-25T00:07:34.182+0000] {logging_mixin.py:190} INFO - [2024-08-25T00:07:34.175+0000] {dagbag.py:587} INFO - Filling up the DagBag from /home/airflow/.local/lib/python3.12/site-packages/airflow/example_dags/example_latest_only_with_trigger.py
[2024-08-25T00:07:34.263+0000] {processor.py:925} INFO - DAG(s) 'latest_only_with_trigger' retrieved from /home/airflow/.local/lib/python3.12/site-packages/airflow/example_dags/example_latest_only_with_trigger.py
[2024-08-25T00:07:34.460+0000] {logging_mixin.py:190} INFO - [2024-08-25T00:07:34.459+0000] {dag.py:3211} INFO - Sync 1 DAGs
[2024-08-25T00:07:34.541+0000] {logging_mixin.py:190} INFO - [2024-08-25T00:07:34.541+0000] {dag.py:4138} INFO - Setting next_dagrun for latest_only_with_trigger to 2024-08-24 20:00:00+00:00, run_after=2024-08-25 00:00:00+00:00
[2024-08-25T00:07:34.594+0000] {processor.py:208} INFO - Processing /home/airflow/.local/lib/python3.12/site-packages/airflow/example_dags/example_latest_only_with_trigger.py took 0.491 seconds
[2024-08-25T00:08:10.560+0000] {processor.py:186} INFO - Started process (PID=324) to work on /home/airflow/.local/lib/python3.12/site-packages/airflow/example_dags/example_latest_only_with_trigger.py
[2024-08-25T00:08:10.565+0000] {processor.py:914} INFO - Processing file /home/airflow/.local/lib/python3.12/site-packages/airflow/example_dags/example_latest_only_with_trigger.py for tasks to queue
[2024-08-25T00:08:10.576+0000] {logging_mixin.py:190} INFO - [2024-08-25T00:08:10.575+0000] {dagbag.py:587} INFO - Filling up the DagBag from /home/airflow/.local/lib/python3.12/site-packages/airflow/example_dags/example_latest_only_with_trigger.py
[2024-08-25T00:08:10.606+0000] {processor.py:925} INFO - DAG(s) 'latest_only_with_trigger' retrieved from /home/airflow/.local/lib/python3.12/site-packages/airflow/example_dags/example_latest_only_with_trigger.py
[2024-08-25T00:08:10.701+0000] {logging_mixin.py:190} INFO - [2024-08-25T00:08:10.700+0000] {dag.py:3211} INFO - Sync 1 DAGs
[2024-08-25T00:08:10.814+0000] {logging_mixin.py:190} INFO - [2024-08-25T00:08:10.813+0000] {dag.py:4138} INFO - Setting next_dagrun for latest_only_with_trigger to 2024-08-24 20:00:00+00:00, run_after=2024-08-25 00:00:00+00:00
[2024-08-25T00:08:10.927+0000] {processor.py:208} INFO - Processing /home/airflow/.local/lib/python3.12/site-packages/airflow/example_dags/example_latest_only_with_trigger.py took 0.386 seconds
[2024-08-25T00:08:42.883+0000] {processor.py:186} INFO - Started process (PID=387) to work on /home/airflow/.local/lib/python3.12/site-packages/airflow/example_dags/example_latest_only_with_trigger.py
[2024-08-25T00:08:42.885+0000] {processor.py:914} INFO - Processing file /home/airflow/.local/lib/python3.12/site-packages/airflow/example_dags/example_latest_only_with_trigger.py for tasks to queue
[2024-08-25T00:08:42.890+0000] {logging_mixin.py:190} INFO - [2024-08-25T00:08:42.890+0000] {dagbag.py:587} INFO - Filling up the DagBag from /home/airflow/.local/lib/python3.12/site-packages/airflow/example_dags/example_latest_only_with_trigger.py
[2024-08-25T00:08:42.917+0000] {processor.py:925} INFO - DAG(s) 'latest_only_with_trigger' retrieved from /home/airflow/.local/lib/python3.12/site-packages/airflow/example_dags/example_latest_only_with_trigger.py
[2024-08-25T00:08:42.993+0000] {logging_mixin.py:190} INFO - [2024-08-25T00:08:42.991+0000] {dag.py:3211} INFO - Sync 1 DAGs
[2024-08-25T00:08:43.068+0000] {logging_mixin.py:190} INFO - [2024-08-25T00:08:43.068+0000] {dag.py:4138} INFO - Setting next_dagrun for latest_only_with_trigger to 2024-08-24 20:00:00+00:00, run_after=2024-08-25 00:00:00+00:00
[2024-08-25T00:08:43.119+0000] {processor.py:208} INFO - Processing /home/airflow/.local/lib/python3.12/site-packages/airflow/example_dags/example_latest_only_with_trigger.py took 0.254 seconds
[2024-08-25T00:09:14.379+0000] {processor.py:186} INFO - Started process (PID=450) to work on /home/airflow/.local/lib/python3.12/site-packages/airflow/example_dags/example_latest_only_with_trigger.py
[2024-08-25T00:09:14.383+0000] {processor.py:914} INFO - Processing file /home/airflow/.local/lib/python3.12/site-packages/airflow/example_dags/example_latest_only_with_trigger.py for tasks to queue
[2024-08-25T00:09:14.393+0000] {logging_mixin.py:190} INFO - [2024-08-25T00:09:14.392+0000] {dagbag.py:587} INFO - Filling up the DagBag from /home/airflow/.local/lib/python3.12/site-packages/airflow/example_dags/example_latest_only_with_trigger.py
[2024-08-25T00:09:14.423+0000] {processor.py:925} INFO - DAG(s) 'latest_only_with_trigger' retrieved from /home/airflow/.local/lib/python3.12/site-packages/airflow/example_dags/example_latest_only_with_trigger.py
[2024-08-25T00:09:14.515+0000] {logging_mixin.py:190} INFO - [2024-08-25T00:09:14.513+0000] {dag.py:3211} INFO - Sync 1 DAGs
[2024-08-25T00:09:14.579+0000] {logging_mixin.py:190} INFO - [2024-08-25T00:09:14.578+0000] {dag.py:4138} INFO - Setting next_dagrun for latest_only_with_trigger to 2024-08-24 20:00:00+00:00, run_after=2024-08-25 00:00:00+00:00
[2024-08-25T00:09:14.629+0000] {processor.py:208} INFO - Processing /home/airflow/.local/lib/python3.12/site-packages/airflow/example_dags/example_latest_only_with_trigger.py took 0.272 seconds
[2024-08-25T00:09:45.555+0000] {processor.py:186} INFO - Started process (PID=514) to work on /home/airflow/.local/lib/python3.12/site-packages/airflow/example_dags/example_latest_only_with_trigger.py
[2024-08-25T00:09:45.558+0000] {processor.py:914} INFO - Processing file /home/airflow/.local/lib/python3.12/site-packages/airflow/example_dags/example_latest_only_with_trigger.py for tasks to queue
[2024-08-25T00:09:45.565+0000] {logging_mixin.py:190} INFO - [2024-08-25T00:09:45.564+0000] {dagbag.py:587} INFO - Filling up the DagBag from /home/airflow/.local/lib/python3.12/site-packages/airflow/example_dags/example_latest_only_with_trigger.py
[2024-08-25T00:09:45.589+0000] {processor.py:925} INFO - DAG(s) 'latest_only_with_trigger' retrieved from /home/airflow/.local/lib/python3.12/site-packages/airflow/example_dags/example_latest_only_with_trigger.py
[2024-08-25T00:09:45.695+0000] {logging_mixin.py:190} INFO - [2024-08-25T00:09:45.693+0000] {dag.py:3211} INFO - Sync 1 DAGs
[2024-08-25T00:09:45.788+0000] {logging_mixin.py:190} INFO - [2024-08-25T00:09:45.787+0000] {dag.py:4138} INFO - Setting next_dagrun for latest_only_with_trigger to 2024-08-24 20:00:00+00:00, run_after=2024-08-25 00:00:00+00:00
[2024-08-25T00:09:45.849+0000] {processor.py:208} INFO - Processing /home/airflow/.local/lib/python3.12/site-packages/airflow/example_dags/example_latest_only_with_trigger.py took 0.313 seconds
[2024-08-25T00:10:15.917+0000] {processor.py:186} INFO - Started process (PID=576) to work on /home/airflow/.local/lib/python3.12/site-packages/airflow/example_dags/example_latest_only_with_trigger.py
[2024-08-25T00:10:15.919+0000] {processor.py:914} INFO - Processing file /home/airflow/.local/lib/python3.12/site-packages/airflow/example_dags/example_latest_only_with_trigger.py for tasks to queue
[2024-08-25T00:10:15.925+0000] {logging_mixin.py:190} INFO - [2024-08-25T00:10:15.925+0000] {dagbag.py:587} INFO - Filling up the DagBag from /home/airflow/.local/lib/python3.12/site-packages/airflow/example_dags/example_latest_only_with_trigger.py
[2024-08-25T00:10:15.944+0000] {processor.py:925} INFO - DAG(s) 'latest_only_with_trigger' retrieved from /home/airflow/.local/lib/python3.12/site-packages/airflow/example_dags/example_latest_only_with_trigger.py
[2024-08-25T00:10:15.999+0000] {logging_mixin.py:190} INFO - [2024-08-25T00:10:15.998+0000] {dag.py:3211} INFO - Sync 1 DAGs
[2024-08-25T00:10:16.074+0000] {logging_mixin.py:190} INFO - [2024-08-25T00:10:16.073+0000] {dag.py:4138} INFO - Setting next_dagrun for latest_only_with_trigger to 2024-08-24 20:00:00+00:00, run_after=2024-08-25 00:00:00+00:00
[2024-08-25T00:10:16.146+0000] {processor.py:208} INFO - Processing /home/airflow/.local/lib/python3.12/site-packages/airflow/example_dags/example_latest_only_with_trigger.py took 0.241 seconds
[2024-08-25T00:10:47.177+0000] {processor.py:186} INFO - Started process (PID=640) to work on /home/airflow/.local/lib/python3.12/site-packages/airflow/example_dags/example_latest_only_with_trigger.py
[2024-08-25T00:10:47.179+0000] {processor.py:914} INFO - Processing file /home/airflow/.local/lib/python3.12/site-packages/airflow/example_dags/example_latest_only_with_trigger.py for tasks to queue
[2024-08-25T00:10:47.196+0000] {logging_mixin.py:190} INFO - [2024-08-25T00:10:47.195+0000] {dagbag.py:587} INFO - Filling up the DagBag from /home/airflow/.local/lib/python3.12/site-packages/airflow/example_dags/example_latest_only_with_trigger.py
[2024-08-25T00:10:47.266+0000] {processor.py:925} INFO - DAG(s) 'latest_only_with_trigger' retrieved from /home/airflow/.local/lib/python3.12/site-packages/airflow/example_dags/example_latest_only_with_trigger.py
[2024-08-25T00:10:47.370+0000] {logging_mixin.py:190} INFO - [2024-08-25T00:10:47.368+0000] {dag.py:3211} INFO - Sync 1 DAGs
[2024-08-25T00:10:47.489+0000] {logging_mixin.py:190} INFO - [2024-08-25T00:10:47.488+0000] {dag.py:4138} INFO - Setting next_dagrun for latest_only_with_trigger to 2024-08-24 20:00:00+00:00, run_after=2024-08-25 00:00:00+00:00
[2024-08-25T00:10:47.559+0000] {processor.py:208} INFO - Processing /home/airflow/.local/lib/python3.12/site-packages/airflow/example_dags/example_latest_only_with_trigger.py took 0.411 seconds
[2024-08-25T00:11:17.743+0000] {processor.py:186} INFO - Started process (PID=701) to work on /home/airflow/.local/lib/python3.12/site-packages/airflow/example_dags/example_latest_only_with_trigger.py
[2024-08-25T00:11:17.745+0000] {processor.py:914} INFO - Processing file /home/airflow/.local/lib/python3.12/site-packages/airflow/example_dags/example_latest_only_with_trigger.py for tasks to queue
[2024-08-25T00:11:17.749+0000] {logging_mixin.py:190} INFO - [2024-08-25T00:11:17.749+0000] {dagbag.py:587} INFO - Filling up the DagBag from /home/airflow/.local/lib/python3.12/site-packages/airflow/example_dags/example_latest_only_with_trigger.py
[2024-08-25T00:11:17.765+0000] {processor.py:925} INFO - DAG(s) 'latest_only_with_trigger' retrieved from /home/airflow/.local/lib/python3.12/site-packages/airflow/example_dags/example_latest_only_with_trigger.py
[2024-08-25T00:11:17.808+0000] {logging_mixin.py:190} INFO - [2024-08-25T00:11:17.807+0000] {dag.py:3211} INFO - Sync 1 DAGs
[2024-08-25T00:11:17.856+0000] {logging_mixin.py:190} INFO - [2024-08-25T00:11:17.856+0000] {dag.py:4138} INFO - Setting next_dagrun for latest_only_with_trigger to 2024-08-24 20:00:00+00:00, run_after=2024-08-25 00:00:00+00:00
[2024-08-25T00:11:17.889+0000] {processor.py:208} INFO - Processing /home/airflow/.local/lib/python3.12/site-packages/airflow/example_dags/example_latest_only_with_trigger.py took 0.160 seconds
[2024-08-25T00:11:59.434+0000] {processor.py:186} INFO - Started process (PID=767) to work on /home/airflow/.local/lib/python3.12/site-packages/airflow/example_dags/example_latest_only_with_trigger.py
[2024-08-25T00:11:59.442+0000] {processor.py:914} INFO - Processing file /home/airflow/.local/lib/python3.12/site-packages/airflow/example_dags/example_latest_only_with_trigger.py for tasks to queue
[2024-08-25T00:11:59.449+0000] {logging_mixin.py:190} INFO - [2024-08-25T00:11:59.448+0000] {dagbag.py:587} INFO - Filling up the DagBag from /home/airflow/.local/lib/python3.12/site-packages/airflow/example_dags/example_latest_only_with_trigger.py
[2024-08-25T00:11:59.495+0000] {processor.py:925} INFO - DAG(s) 'latest_only_with_trigger' retrieved from /home/airflow/.local/lib/python3.12/site-packages/airflow/example_dags/example_latest_only_with_trigger.py
[2024-08-25T00:11:59.618+0000] {logging_mixin.py:190} INFO - [2024-08-25T00:11:59.616+0000] {dag.py:3211} INFO - Sync 1 DAGs
[2024-08-25T00:11:59.758+0000] {logging_mixin.py:190} INFO - [2024-08-25T00:11:59.757+0000] {dag.py:4138} INFO - Setting next_dagrun for latest_only_with_trigger to 2024-08-24 20:00:00+00:00, run_after=2024-08-25 00:00:00+00:00
[2024-08-25T00:11:59.841+0000] {processor.py:208} INFO - Processing /home/airflow/.local/lib/python3.12/site-packages/airflow/example_dags/example_latest_only_with_trigger.py took 0.437 seconds
[2024-08-25T00:12:30.095+0000] {processor.py:186} INFO - Started process (PID=831) to work on /home/airflow/.local/lib/python3.12/site-packages/airflow/example_dags/example_latest_only_with_trigger.py
[2024-08-25T00:12:30.097+0000] {processor.py:914} INFO - Processing file /home/airflow/.local/lib/python3.12/site-packages/airflow/example_dags/example_latest_only_with_trigger.py for tasks to queue
[2024-08-25T00:12:30.104+0000] {logging_mixin.py:190} INFO - [2024-08-25T00:12:30.103+0000] {dagbag.py:587} INFO - Filling up the DagBag from /home/airflow/.local/lib/python3.12/site-packages/airflow/example_dags/example_latest_only_with_trigger.py
[2024-08-25T00:12:30.126+0000] {processor.py:925} INFO - DAG(s) 'latest_only_with_trigger' retrieved from /home/airflow/.local/lib/python3.12/site-packages/airflow/example_dags/example_latest_only_with_trigger.py
[2024-08-25T00:12:30.193+0000] {logging_mixin.py:190} INFO - [2024-08-25T00:12:30.192+0000] {dag.py:3211} INFO - Sync 1 DAGs
[2024-08-25T00:12:30.267+0000] {logging_mixin.py:190} INFO - [2024-08-25T00:12:30.267+0000] {dag.py:4138} INFO - Setting next_dagrun for latest_only_with_trigger to 2024-08-24 20:00:00+00:00, run_after=2024-08-25 00:00:00+00:00
[2024-08-25T00:12:30.332+0000] {processor.py:208} INFO - Processing /home/airflow/.local/lib/python3.12/site-packages/airflow/example_dags/example_latest_only_with_trigger.py took 0.256 seconds
[2024-08-25T00:13:01.131+0000] {processor.py:186} INFO - Started process (PID=900) to work on /home/airflow/.local/lib/python3.12/site-packages/airflow/example_dags/example_latest_only_with_trigger.py
[2024-08-25T00:13:01.133+0000] {processor.py:914} INFO - Processing file /home/airflow/.local/lib/python3.12/site-packages/airflow/example_dags/example_latest_only_with_trigger.py for tasks to queue
[2024-08-25T00:13:01.139+0000] {logging_mixin.py:190} INFO - [2024-08-25T00:13:01.138+0000] {dagbag.py:587} INFO - Filling up the DagBag from /home/airflow/.local/lib/python3.12/site-packages/airflow/example_dags/example_latest_only_with_trigger.py
[2024-08-25T00:13:01.158+0000] {processor.py:925} INFO - DAG(s) 'latest_only_with_trigger' retrieved from /home/airflow/.local/lib/python3.12/site-packages/airflow/example_dags/example_latest_only_with_trigger.py
[2024-08-25T00:13:01.223+0000] {logging_mixin.py:190} INFO - [2024-08-25T00:13:01.222+0000] {dag.py:3211} INFO - Sync 1 DAGs
[2024-08-25T00:13:01.319+0000] {logging_mixin.py:190} INFO - [2024-08-25T00:13:01.318+0000] {dag.py:4138} INFO - Setting next_dagrun for latest_only_with_trigger to 2024-08-24 20:00:00+00:00, run_after=2024-08-25 00:00:00+00:00
[2024-08-25T00:13:01.407+0000] {processor.py:208} INFO - Processing /home/airflow/.local/lib/python3.12/site-packages/airflow/example_dags/example_latest_only_with_trigger.py took 0.292 seconds
[2024-08-25T00:13:31.836+0000] {processor.py:186} INFO - Started process (PID=963) to work on /home/airflow/.local/lib/python3.12/site-packages/airflow/example_dags/example_latest_only_with_trigger.py
[2024-08-25T00:13:31.840+0000] {processor.py:914} INFO - Processing file /home/airflow/.local/lib/python3.12/site-packages/airflow/example_dags/example_latest_only_with_trigger.py for tasks to queue
[2024-08-25T00:13:31.847+0000] {logging_mixin.py:190} INFO - [2024-08-25T00:13:31.846+0000] {dagbag.py:587} INFO - Filling up the DagBag from /home/airflow/.local/lib/python3.12/site-packages/airflow/example_dags/example_latest_only_with_trigger.py
[2024-08-25T00:13:31.883+0000] {processor.py:925} INFO - DAG(s) 'latest_only_with_trigger' retrieved from /home/airflow/.local/lib/python3.12/site-packages/airflow/example_dags/example_latest_only_with_trigger.py
[2024-08-25T00:13:31.952+0000] {logging_mixin.py:190} INFO - [2024-08-25T00:13:31.951+0000] {dag.py:3211} INFO - Sync 1 DAGs
[2024-08-25T00:13:32.023+0000] {logging_mixin.py:190} INFO - [2024-08-25T00:13:32.022+0000] {dag.py:4138} INFO - Setting next_dagrun for latest_only_with_trigger to 2024-08-24 20:00:00+00:00, run_after=2024-08-25 00:00:00+00:00
[2024-08-25T00:13:32.068+0000] {processor.py:208} INFO - Processing /home/airflow/.local/lib/python3.12/site-packages/airflow/example_dags/example_latest_only_with_trigger.py took 0.271 seconds
[2024-08-25T00:14:02.195+0000] {processor.py:186} INFO - Started process (PID=1027) to work on /home/airflow/.local/lib/python3.12/site-packages/airflow/example_dags/example_latest_only_with_trigger.py
[2024-08-25T00:14:02.197+0000] {processor.py:914} INFO - Processing file /home/airflow/.local/lib/python3.12/site-packages/airflow/example_dags/example_latest_only_with_trigger.py for tasks to queue
[2024-08-25T00:14:02.203+0000] {logging_mixin.py:190} INFO - [2024-08-25T00:14:02.202+0000] {dagbag.py:587} INFO - Filling up the DagBag from /home/airflow/.local/lib/python3.12/site-packages/airflow/example_dags/example_latest_only_with_trigger.py
[2024-08-25T00:14:02.221+0000] {processor.py:925} INFO - DAG(s) 'latest_only_with_trigger' retrieved from /home/airflow/.local/lib/python3.12/site-packages/airflow/example_dags/example_latest_only_with_trigger.py
[2024-08-25T00:14:02.269+0000] {logging_mixin.py:190} INFO - [2024-08-25T00:14:02.268+0000] {dag.py:3211} INFO - Sync 1 DAGs
[2024-08-25T00:14:02.330+0000] {logging_mixin.py:190} INFO - [2024-08-25T00:14:02.330+0000] {dag.py:4138} INFO - Setting next_dagrun for latest_only_with_trigger to 2024-08-24 20:00:00+00:00, run_after=2024-08-25 00:00:00+00:00
[2024-08-25T00:14:02.385+0000] {processor.py:208} INFO - Processing /home/airflow/.local/lib/python3.12/site-packages/airflow/example_dags/example_latest_only_with_trigger.py took 0.205 seconds
[2024-08-25T00:14:32.775+0000] {processor.py:186} INFO - Started process (PID=1091) to work on /home/airflow/.local/lib/python3.12/site-packages/airflow/example_dags/example_latest_only_with_trigger.py
[2024-08-25T00:14:32.778+0000] {processor.py:914} INFO - Processing file /home/airflow/.local/lib/python3.12/site-packages/airflow/example_dags/example_latest_only_with_trigger.py for tasks to queue
[2024-08-25T00:14:32.785+0000] {logging_mixin.py:190} INFO - [2024-08-25T00:14:32.784+0000] {dagbag.py:587} INFO - Filling up the DagBag from /home/airflow/.local/lib/python3.12/site-packages/airflow/example_dags/example_latest_only_with_trigger.py
[2024-08-25T00:14:32.813+0000] {processor.py:925} INFO - DAG(s) 'latest_only_with_trigger' retrieved from /home/airflow/.local/lib/python3.12/site-packages/airflow/example_dags/example_latest_only_with_trigger.py
[2024-08-25T00:14:32.901+0000] {logging_mixin.py:190} INFO - [2024-08-25T00:14:32.900+0000] {dag.py:3211} INFO - Sync 1 DAGs
[2024-08-25T00:14:33.011+0000] {logging_mixin.py:190} INFO - [2024-08-25T00:14:33.010+0000] {dag.py:4138} INFO - Setting next_dagrun for latest_only_with_trigger to 2024-08-24 20:00:00+00:00, run_after=2024-08-25 00:00:00+00:00
[2024-08-25T00:14:33.141+0000] {processor.py:208} INFO - Processing /home/airflow/.local/lib/python3.12/site-packages/airflow/example_dags/example_latest_only_with_trigger.py took 0.385 seconds
[2024-08-25T00:15:05.475+0000] {processor.py:186} INFO - Started process (PID=1154) to work on /home/airflow/.local/lib/python3.12/site-packages/airflow/example_dags/example_latest_only_with_trigger.py
[2024-08-25T00:15:05.477+0000] {processor.py:914} INFO - Processing file /home/airflow/.local/lib/python3.12/site-packages/airflow/example_dags/example_latest_only_with_trigger.py for tasks to queue
[2024-08-25T00:15:05.494+0000] {logging_mixin.py:190} INFO - [2024-08-25T00:15:05.493+0000] {dagbag.py:587} INFO - Filling up the DagBag from /home/airflow/.local/lib/python3.12/site-packages/airflow/example_dags/example_latest_only_with_trigger.py
[2024-08-25T00:15:05.538+0000] {processor.py:925} INFO - DAG(s) 'latest_only_with_trigger' retrieved from /home/airflow/.local/lib/python3.12/site-packages/airflow/example_dags/example_latest_only_with_trigger.py
[2024-08-25T00:15:05.674+0000] {logging_mixin.py:190} INFO - [2024-08-25T00:15:05.673+0000] {dag.py:3211} INFO - Sync 1 DAGs
[2024-08-25T00:15:05.827+0000] {logging_mixin.py:190} INFO - [2024-08-25T00:15:05.824+0000] {dag.py:4138} INFO - Setting next_dagrun for latest_only_with_trigger to 2024-08-24 20:00:00+00:00, run_after=2024-08-25 00:00:00+00:00
[2024-08-25T00:15:05.925+0000] {processor.py:208} INFO - Processing /home/airflow/.local/lib/python3.12/site-packages/airflow/example_dags/example_latest_only_with_trigger.py took 0.484 seconds
[2024-08-25T00:15:36.416+0000] {processor.py:186} INFO - Started process (PID=1218) to work on /home/airflow/.local/lib/python3.12/site-packages/airflow/example_dags/example_latest_only_with_trigger.py
[2024-08-25T00:15:36.420+0000] {processor.py:914} INFO - Processing file /home/airflow/.local/lib/python3.12/site-packages/airflow/example_dags/example_latest_only_with_trigger.py for tasks to queue
[2024-08-25T00:15:36.440+0000] {logging_mixin.py:190} INFO - [2024-08-25T00:15:36.439+0000] {dagbag.py:587} INFO - Filling up the DagBag from /home/airflow/.local/lib/python3.12/site-packages/airflow/example_dags/example_latest_only_with_trigger.py
[2024-08-25T00:15:36.467+0000] {processor.py:925} INFO - DAG(s) 'latest_only_with_trigger' retrieved from /home/airflow/.local/lib/python3.12/site-packages/airflow/example_dags/example_latest_only_with_trigger.py
[2024-08-25T00:15:36.540+0000] {logging_mixin.py:190} INFO - [2024-08-25T00:15:36.538+0000] {dag.py:3211} INFO - Sync 1 DAGs
[2024-08-25T00:15:36.634+0000] {logging_mixin.py:190} INFO - [2024-08-25T00:15:36.634+0000] {dag.py:4138} INFO - Setting next_dagrun for latest_only_with_trigger to 2024-08-24 20:00:00+00:00, run_after=2024-08-25 00:00:00+00:00
[2024-08-25T00:15:36.698+0000] {processor.py:208} INFO - Processing /home/airflow/.local/lib/python3.12/site-packages/airflow/example_dags/example_latest_only_with_trigger.py took 0.301 seconds
[2024-08-25T00:16:12.245+0000] {processor.py:186} INFO - Started process (PID=1285) to work on /home/airflow/.local/lib/python3.12/site-packages/airflow/example_dags/example_latest_only_with_trigger.py
[2024-08-25T00:16:12.270+0000] {processor.py:914} INFO - Processing file /home/airflow/.local/lib/python3.12/site-packages/airflow/example_dags/example_latest_only_with_trigger.py for tasks to queue
[2024-08-25T00:16:12.287+0000] {logging_mixin.py:190} INFO - [2024-08-25T00:16:12.286+0000] {dagbag.py:587} INFO - Filling up the DagBag from /home/airflow/.local/lib/python3.12/site-packages/airflow/example_dags/example_latest_only_with_trigger.py
[2024-08-25T00:16:12.354+0000] {processor.py:925} INFO - DAG(s) 'latest_only_with_trigger' retrieved from /home/airflow/.local/lib/python3.12/site-packages/airflow/example_dags/example_latest_only_with_trigger.py
[2024-08-25T00:16:12.560+0000] {logging_mixin.py:190} INFO - [2024-08-25T00:16:12.558+0000] {dag.py:3211} INFO - Sync 1 DAGs
[2024-08-25T00:16:12.847+0000] {logging_mixin.py:190} INFO - [2024-08-25T00:16:12.846+0000] {dag.py:4138} INFO - Setting next_dagrun for latest_only_with_trigger to 2024-08-24 20:00:00+00:00, run_after=2024-08-25 00:00:00+00:00
[2024-08-25T00:16:13.073+0000] {processor.py:208} INFO - Processing /home/airflow/.local/lib/python3.12/site-packages/airflow/example_dags/example_latest_only_with_trigger.py took 0.866 seconds
[2024-08-25T00:16:43.438+0000] {processor.py:186} INFO - Started process (PID=1348) to work on /home/airflow/.local/lib/python3.12/site-packages/airflow/example_dags/example_latest_only_with_trigger.py
[2024-08-25T00:16:43.441+0000] {processor.py:914} INFO - Processing file /home/airflow/.local/lib/python3.12/site-packages/airflow/example_dags/example_latest_only_with_trigger.py for tasks to queue
[2024-08-25T00:16:43.451+0000] {logging_mixin.py:190} INFO - [2024-08-25T00:16:43.450+0000] {dagbag.py:587} INFO - Filling up the DagBag from /home/airflow/.local/lib/python3.12/site-packages/airflow/example_dags/example_latest_only_with_trigger.py
[2024-08-25T00:16:43.489+0000] {processor.py:925} INFO - DAG(s) 'latest_only_with_trigger' retrieved from /home/airflow/.local/lib/python3.12/site-packages/airflow/example_dags/example_latest_only_with_trigger.py
[2024-08-25T00:16:43.576+0000] {logging_mixin.py:190} INFO - [2024-08-25T00:16:43.575+0000] {dag.py:3211} INFO - Sync 1 DAGs
[2024-08-25T00:16:43.735+0000] {logging_mixin.py:190} INFO - [2024-08-25T00:16:43.734+0000] {dag.py:4138} INFO - Setting next_dagrun for latest_only_with_trigger to 2024-08-24 20:00:00+00:00, run_after=2024-08-25 00:00:00+00:00
[2024-08-25T00:16:43.894+0000] {processor.py:208} INFO - Processing /home/airflow/.local/lib/python3.12/site-packages/airflow/example_dags/example_latest_only_with_trigger.py took 0.479 seconds
[2024-08-25T00:17:19.194+0000] {processor.py:186} INFO - Started process (PID=1413) to work on /home/airflow/.local/lib/python3.12/site-packages/airflow/example_dags/example_latest_only_with_trigger.py
[2024-08-25T00:17:19.201+0000] {processor.py:914} INFO - Processing file /home/airflow/.local/lib/python3.12/site-packages/airflow/example_dags/example_latest_only_with_trigger.py for tasks to queue
[2024-08-25T00:17:19.214+0000] {logging_mixin.py:190} INFO - [2024-08-25T00:17:19.213+0000] {dagbag.py:587} INFO - Filling up the DagBag from /home/airflow/.local/lib/python3.12/site-packages/airflow/example_dags/example_latest_only_with_trigger.py
[2024-08-25T00:17:19.247+0000] {processor.py:925} INFO - DAG(s) 'latest_only_with_trigger' retrieved from /home/airflow/.local/lib/python3.12/site-packages/airflow/example_dags/example_latest_only_with_trigger.py
[2024-08-25T00:17:19.337+0000] {logging_mixin.py:190} INFO - [2024-08-25T00:17:19.336+0000] {dag.py:3211} INFO - Sync 1 DAGs
[2024-08-25T00:17:19.432+0000] {logging_mixin.py:190} INFO - [2024-08-25T00:17:19.431+0000] {dag.py:4138} INFO - Setting next_dagrun for latest_only_with_trigger to 2024-08-24 20:00:00+00:00, run_after=2024-08-25 00:00:00+00:00
[2024-08-25T00:17:19.521+0000] {processor.py:208} INFO - Processing /home/airflow/.local/lib/python3.12/site-packages/airflow/example_dags/example_latest_only_with_trigger.py took 0.373 seconds
[2024-08-25T00:17:51.903+0000] {processor.py:186} INFO - Started process (PID=1476) to work on /home/airflow/.local/lib/python3.12/site-packages/airflow/example_dags/example_latest_only_with_trigger.py
[2024-08-25T00:17:51.918+0000] {processor.py:914} INFO - Processing file /home/airflow/.local/lib/python3.12/site-packages/airflow/example_dags/example_latest_only_with_trigger.py for tasks to queue
[2024-08-25T00:17:51.928+0000] {logging_mixin.py:190} INFO - [2024-08-25T00:17:51.927+0000] {dagbag.py:587} INFO - Filling up the DagBag from /home/airflow/.local/lib/python3.12/site-packages/airflow/example_dags/example_latest_only_with_trigger.py
[2024-08-25T00:17:51.970+0000] {processor.py:925} INFO - DAG(s) 'latest_only_with_trigger' retrieved from /home/airflow/.local/lib/python3.12/site-packages/airflow/example_dags/example_latest_only_with_trigger.py
[2024-08-25T00:17:52.089+0000] {logging_mixin.py:190} INFO - [2024-08-25T00:17:52.087+0000] {dag.py:3211} INFO - Sync 1 DAGs
[2024-08-25T00:17:52.198+0000] {logging_mixin.py:190} INFO - [2024-08-25T00:17:52.197+0000] {dag.py:4138} INFO - Setting next_dagrun for latest_only_with_trigger to 2024-08-24 20:00:00+00:00, run_after=2024-08-25 00:00:00+00:00
[2024-08-25T00:17:52.313+0000] {processor.py:208} INFO - Processing /home/airflow/.local/lib/python3.12/site-packages/airflow/example_dags/example_latest_only_with_trigger.py took 0.447 seconds
[2024-08-25T00:18:23.694+0000] {processor.py:186} INFO - Started process (PID=1539) to work on /home/airflow/.local/lib/python3.12/site-packages/airflow/example_dags/example_latest_only_with_trigger.py
[2024-08-25T00:18:23.697+0000] {processor.py:914} INFO - Processing file /home/airflow/.local/lib/python3.12/site-packages/airflow/example_dags/example_latest_only_with_trigger.py for tasks to queue
[2024-08-25T00:18:23.728+0000] {logging_mixin.py:190} INFO - [2024-08-25T00:18:23.725+0000] {dagbag.py:587} INFO - Filling up the DagBag from /home/airflow/.local/lib/python3.12/site-packages/airflow/example_dags/example_latest_only_with_trigger.py
[2024-08-25T00:18:23.767+0000] {processor.py:925} INFO - DAG(s) 'latest_only_with_trigger' retrieved from /home/airflow/.local/lib/python3.12/site-packages/airflow/example_dags/example_latest_only_with_trigger.py
[2024-08-25T00:18:23.943+0000] {logging_mixin.py:190} INFO - [2024-08-25T00:18:23.936+0000] {dag.py:3211} INFO - Sync 1 DAGs
[2024-08-25T00:18:24.102+0000] {logging_mixin.py:190} INFO - [2024-08-25T00:18:24.099+0000] {dag.py:4138} INFO - Setting next_dagrun for latest_only_with_trigger to 2024-08-24 20:00:00+00:00, run_after=2024-08-25 00:00:00+00:00
[2024-08-25T00:18:24.233+0000] {processor.py:208} INFO - Processing /home/airflow/.local/lib/python3.12/site-packages/airflow/example_dags/example_latest_only_with_trigger.py took 0.570 seconds
[2024-08-25T00:18:54.434+0000] {processor.py:186} INFO - Started process (PID=1601) to work on /home/airflow/.local/lib/python3.12/site-packages/airflow/example_dags/example_latest_only_with_trigger.py
[2024-08-25T00:18:54.442+0000] {processor.py:914} INFO - Processing file /home/airflow/.local/lib/python3.12/site-packages/airflow/example_dags/example_latest_only_with_trigger.py for tasks to queue
[2024-08-25T00:18:54.456+0000] {logging_mixin.py:190} INFO - [2024-08-25T00:18:54.455+0000] {dagbag.py:587} INFO - Filling up the DagBag from /home/airflow/.local/lib/python3.12/site-packages/airflow/example_dags/example_latest_only_with_trigger.py
[2024-08-25T00:18:54.480+0000] {processor.py:925} INFO - DAG(s) 'latest_only_with_trigger' retrieved from /home/airflow/.local/lib/python3.12/site-packages/airflow/example_dags/example_latest_only_with_trigger.py
[2024-08-25T00:18:54.548+0000] {logging_mixin.py:190} INFO - [2024-08-25T00:18:54.547+0000] {dag.py:3211} INFO - Sync 1 DAGs
[2024-08-25T00:18:54.627+0000] {logging_mixin.py:190} INFO - [2024-08-25T00:18:54.627+0000] {dag.py:4138} INFO - Setting next_dagrun for latest_only_with_trigger to 2024-08-24 20:00:00+00:00, run_after=2024-08-25 00:00:00+00:00
[2024-08-25T00:18:54.670+0000] {processor.py:208} INFO - Processing /home/airflow/.local/lib/python3.12/site-packages/airflow/example_dags/example_latest_only_with_trigger.py took 0.265 seconds
[2024-08-25T00:19:25.178+0000] {processor.py:186} INFO - Started process (PID=1664) to work on /home/airflow/.local/lib/python3.12/site-packages/airflow/example_dags/example_latest_only_with_trigger.py
[2024-08-25T00:19:25.181+0000] {processor.py:914} INFO - Processing file /home/airflow/.local/lib/python3.12/site-packages/airflow/example_dags/example_latest_only_with_trigger.py for tasks to queue
[2024-08-25T00:19:25.196+0000] {logging_mixin.py:190} INFO - [2024-08-25T00:19:25.195+0000] {dagbag.py:587} INFO - Filling up the DagBag from /home/airflow/.local/lib/python3.12/site-packages/airflow/example_dags/example_latest_only_with_trigger.py
[2024-08-25T00:19:25.241+0000] {processor.py:925} INFO - DAG(s) 'latest_only_with_trigger' retrieved from /home/airflow/.local/lib/python3.12/site-packages/airflow/example_dags/example_latest_only_with_trigger.py
[2024-08-25T00:19:25.339+0000] {logging_mixin.py:190} INFO - [2024-08-25T00:19:25.337+0000] {dag.py:3211} INFO - Sync 1 DAGs
[2024-08-25T00:19:25.428+0000] {logging_mixin.py:190} INFO - [2024-08-25T00:19:25.428+0000] {dag.py:4138} INFO - Setting next_dagrun for latest_only_with_trigger to 2024-08-24 20:00:00+00:00, run_after=2024-08-25 00:00:00+00:00
[2024-08-25T00:19:25.494+0000] {processor.py:208} INFO - Processing /home/airflow/.local/lib/python3.12/site-packages/airflow/example_dags/example_latest_only_with_trigger.py took 0.354 seconds
[2024-08-25T00:19:56.213+0000] {processor.py:186} INFO - Started process (PID=1727) to work on /home/airflow/.local/lib/python3.12/site-packages/airflow/example_dags/example_latest_only_with_trigger.py
[2024-08-25T00:19:56.216+0000] {processor.py:914} INFO - Processing file /home/airflow/.local/lib/python3.12/site-packages/airflow/example_dags/example_latest_only_with_trigger.py for tasks to queue
[2024-08-25T00:19:56.223+0000] {logging_mixin.py:190} INFO - [2024-08-25T00:19:56.223+0000] {dagbag.py:587} INFO - Filling up the DagBag from /home/airflow/.local/lib/python3.12/site-packages/airflow/example_dags/example_latest_only_with_trigger.py
[2024-08-25T00:19:56.245+0000] {processor.py:925} INFO - DAG(s) 'latest_only_with_trigger' retrieved from /home/airflow/.local/lib/python3.12/site-packages/airflow/example_dags/example_latest_only_with_trigger.py
[2024-08-25T00:19:56.311+0000] {logging_mixin.py:190} INFO - [2024-08-25T00:19:56.308+0000] {dag.py:3211} INFO - Sync 1 DAGs
[2024-08-25T00:19:56.384+0000] {logging_mixin.py:190} INFO - [2024-08-25T00:19:56.383+0000] {dag.py:4138} INFO - Setting next_dagrun for latest_only_with_trigger to 2024-08-24 20:00:00+00:00, run_after=2024-08-25 00:00:00+00:00
[2024-08-25T00:19:56.518+0000] {processor.py:208} INFO - Processing /home/airflow/.local/lib/python3.12/site-packages/airflow/example_dags/example_latest_only_with_trigger.py took 0.333 seconds
[2024-08-25T00:20:27.120+0000] {processor.py:186} INFO - Started process (PID=1790) to work on /home/airflow/.local/lib/python3.12/site-packages/airflow/example_dags/example_latest_only_with_trigger.py
[2024-08-25T00:20:27.131+0000] {processor.py:914} INFO - Processing file /home/airflow/.local/lib/python3.12/site-packages/airflow/example_dags/example_latest_only_with_trigger.py for tasks to queue
[2024-08-25T00:20:27.143+0000] {logging_mixin.py:190} INFO - [2024-08-25T00:20:27.142+0000] {dagbag.py:587} INFO - Filling up the DagBag from /home/airflow/.local/lib/python3.12/site-packages/airflow/example_dags/example_latest_only_with_trigger.py
[2024-08-25T00:20:27.204+0000] {processor.py:925} INFO - DAG(s) 'latest_only_with_trigger' retrieved from /home/airflow/.local/lib/python3.12/site-packages/airflow/example_dags/example_latest_only_with_trigger.py
[2024-08-25T00:20:27.357+0000] {logging_mixin.py:190} INFO - [2024-08-25T00:20:27.350+0000] {dag.py:3211} INFO - Sync 1 DAGs
[2024-08-25T00:20:27.449+0000] {logging_mixin.py:190} INFO - [2024-08-25T00:20:27.448+0000] {dag.py:4138} INFO - Setting next_dagrun for latest_only_with_trigger to 2024-08-24 20:00:00+00:00, run_after=2024-08-25 00:00:00+00:00
[2024-08-25T00:20:27.524+0000] {processor.py:208} INFO - Processing /home/airflow/.local/lib/python3.12/site-packages/airflow/example_dags/example_latest_only_with_trigger.py took 0.455 seconds
[2024-08-25T00:20:58.082+0000] {processor.py:186} INFO - Started process (PID=1852) to work on /home/airflow/.local/lib/python3.12/site-packages/airflow/example_dags/example_latest_only_with_trigger.py
[2024-08-25T00:20:58.084+0000] {processor.py:914} INFO - Processing file /home/airflow/.local/lib/python3.12/site-packages/airflow/example_dags/example_latest_only_with_trigger.py for tasks to queue
[2024-08-25T00:20:58.091+0000] {logging_mixin.py:190} INFO - [2024-08-25T00:20:58.090+0000] {dagbag.py:587} INFO - Filling up the DagBag from /home/airflow/.local/lib/python3.12/site-packages/airflow/example_dags/example_latest_only_with_trigger.py
[2024-08-25T00:20:58.154+0000] {processor.py:925} INFO - DAG(s) 'latest_only_with_trigger' retrieved from /home/airflow/.local/lib/python3.12/site-packages/airflow/example_dags/example_latest_only_with_trigger.py
[2024-08-25T00:20:58.353+0000] {logging_mixin.py:190} INFO - [2024-08-25T00:20:58.352+0000] {dag.py:3211} INFO - Sync 1 DAGs
[2024-08-25T00:20:58.491+0000] {logging_mixin.py:190} INFO - [2024-08-25T00:20:58.490+0000] {dag.py:4138} INFO - Setting next_dagrun for latest_only_with_trigger to 2024-08-24 20:00:00+00:00, run_after=2024-08-25 00:00:00+00:00
[2024-08-25T00:20:58.539+0000] {processor.py:208} INFO - Processing /home/airflow/.local/lib/python3.12/site-packages/airflow/example_dags/example_latest_only_with_trigger.py took 0.491 seconds
[2024-08-25T00:27:15.109+0000] {processor.py:186} INFO - Started process (PID=141) to work on /home/airflow/.local/lib/python3.12/site-packages/airflow/example_dags/example_latest_only_with_trigger.py
[2024-08-25T00:27:15.153+0000] {processor.py:914} INFO - Processing file /home/airflow/.local/lib/python3.12/site-packages/airflow/example_dags/example_latest_only_with_trigger.py for tasks to queue
[2024-08-25T00:27:15.181+0000] {logging_mixin.py:190} INFO - [2024-08-25T00:27:15.180+0000] {dagbag.py:587} INFO - Filling up the DagBag from /home/airflow/.local/lib/python3.12/site-packages/airflow/example_dags/example_latest_only_with_trigger.py
[2024-08-25T00:27:15.452+0000] {processor.py:925} INFO - DAG(s) 'latest_only_with_trigger' retrieved from /home/airflow/.local/lib/python3.12/site-packages/airflow/example_dags/example_latest_only_with_trigger.py
[2024-08-25T00:27:16.084+0000] {logging_mixin.py:190} INFO - [2024-08-25T00:27:16.081+0000] {dag.py:3211} INFO - Sync 1 DAGs
[2024-08-25T00:27:16.657+0000] {logging_mixin.py:190} INFO - [2024-08-25T00:27:16.657+0000] {dag.py:4138} INFO - Setting next_dagrun for latest_only_with_trigger to 2024-08-24 20:00:00+00:00, run_after=2024-08-25 00:00:00+00:00
[2024-08-25T00:27:17.110+0000] {processor.py:208} INFO - Processing /home/airflow/.local/lib/python3.12/site-packages/airflow/example_dags/example_latest_only_with_trigger.py took 2.234 seconds
[2024-08-25T00:28:17.223+0000] {processor.py:186} INFO - Started process (PID=225) to work on /home/airflow/.local/lib/python3.12/site-packages/airflow/example_dags/example_latest_only_with_trigger.py
[2024-08-25T00:28:17.263+0000] {processor.py:914} INFO - Processing file /home/airflow/.local/lib/python3.12/site-packages/airflow/example_dags/example_latest_only_with_trigger.py for tasks to queue
[2024-08-25T00:28:17.315+0000] {logging_mixin.py:190} INFO - [2024-08-25T00:28:17.314+0000] {dagbag.py:587} INFO - Filling up the DagBag from /home/airflow/.local/lib/python3.12/site-packages/airflow/example_dags/example_latest_only_with_trigger.py
[2024-08-25T00:28:17.380+0000] {processor.py:925} INFO - DAG(s) 'latest_only_with_trigger' retrieved from /home/airflow/.local/lib/python3.12/site-packages/airflow/example_dags/example_latest_only_with_trigger.py
[2024-08-25T00:28:17.533+0000] {logging_mixin.py:190} INFO - [2024-08-25T00:28:17.531+0000] {dag.py:3211} INFO - Sync 1 DAGs
[2024-08-25T00:28:17.726+0000] {logging_mixin.py:190} INFO - [2024-08-25T00:28:17.725+0000] {dag.py:4138} INFO - Setting next_dagrun for latest_only_with_trigger to 2024-08-24 20:00:00+00:00, run_after=2024-08-25 00:00:00+00:00
[2024-08-25T00:28:17.839+0000] {processor.py:208} INFO - Processing /home/airflow/.local/lib/python3.12/site-packages/airflow/example_dags/example_latest_only_with_trigger.py took 0.844 seconds
[2024-08-25T00:28:52.556+0000] {processor.py:186} INFO - Started process (PID=288) to work on /home/airflow/.local/lib/python3.12/site-packages/airflow/example_dags/example_latest_only_with_trigger.py
[2024-08-25T00:28:52.559+0000] {processor.py:914} INFO - Processing file /home/airflow/.local/lib/python3.12/site-packages/airflow/example_dags/example_latest_only_with_trigger.py for tasks to queue
[2024-08-25T00:28:52.567+0000] {logging_mixin.py:190} INFO - [2024-08-25T00:28:52.566+0000] {dagbag.py:587} INFO - Filling up the DagBag from /home/airflow/.local/lib/python3.12/site-packages/airflow/example_dags/example_latest_only_with_trigger.py
[2024-08-25T00:28:52.600+0000] {processor.py:925} INFO - DAG(s) 'latest_only_with_trigger' retrieved from /home/airflow/.local/lib/python3.12/site-packages/airflow/example_dags/example_latest_only_with_trigger.py
[2024-08-25T00:28:52.703+0000] {logging_mixin.py:190} INFO - [2024-08-25T00:28:52.701+0000] {dag.py:3211} INFO - Sync 1 DAGs
[2024-08-25T00:28:52.881+0000] {logging_mixin.py:190} INFO - [2024-08-25T00:28:52.865+0000] {dag.py:4138} INFO - Setting next_dagrun for latest_only_with_trigger to 2024-08-24 20:00:00+00:00, run_after=2024-08-25 00:00:00+00:00
[2024-08-25T00:28:53.058+0000] {processor.py:208} INFO - Processing /home/airflow/.local/lib/python3.12/site-packages/airflow/example_dags/example_latest_only_with_trigger.py took 0.533 seconds
[2024-08-25T00:29:23.515+0000] {processor.py:186} INFO - Started process (PID=351) to work on /home/airflow/.local/lib/python3.12/site-packages/airflow/example_dags/example_latest_only_with_trigger.py
[2024-08-25T00:29:23.517+0000] {processor.py:914} INFO - Processing file /home/airflow/.local/lib/python3.12/site-packages/airflow/example_dags/example_latest_only_with_trigger.py for tasks to queue
[2024-08-25T00:29:23.522+0000] {logging_mixin.py:190} INFO - [2024-08-25T00:29:23.522+0000] {dagbag.py:587} INFO - Filling up the DagBag from /home/airflow/.local/lib/python3.12/site-packages/airflow/example_dags/example_latest_only_with_trigger.py
[2024-08-25T00:29:23.550+0000] {processor.py:925} INFO - DAG(s) 'latest_only_with_trigger' retrieved from /home/airflow/.local/lib/python3.12/site-packages/airflow/example_dags/example_latest_only_with_trigger.py
[2024-08-25T00:29:23.614+0000] {logging_mixin.py:190} INFO - [2024-08-25T00:29:23.613+0000] {dag.py:3211} INFO - Sync 1 DAGs
[2024-08-25T00:29:23.683+0000] {logging_mixin.py:190} INFO - [2024-08-25T00:29:23.682+0000] {dag.py:4138} INFO - Setting next_dagrun for latest_only_with_trigger to 2024-08-24 20:00:00+00:00, run_after=2024-08-25 00:00:00+00:00
[2024-08-25T00:29:23.743+0000] {processor.py:208} INFO - Processing /home/airflow/.local/lib/python3.12/site-packages/airflow/example_dags/example_latest_only_with_trigger.py took 0.251 seconds
[2024-08-25T00:29:57.123+0000] {processor.py:186} INFO - Started process (PID=414) to work on /home/airflow/.local/lib/python3.12/site-packages/airflow/example_dags/example_latest_only_with_trigger.py
[2024-08-25T00:29:57.127+0000] {processor.py:914} INFO - Processing file /home/airflow/.local/lib/python3.12/site-packages/airflow/example_dags/example_latest_only_with_trigger.py for tasks to queue
[2024-08-25T00:29:57.136+0000] {logging_mixin.py:190} INFO - [2024-08-25T00:29:57.135+0000] {dagbag.py:587} INFO - Filling up the DagBag from /home/airflow/.local/lib/python3.12/site-packages/airflow/example_dags/example_latest_only_with_trigger.py
[2024-08-25T00:29:57.162+0000] {processor.py:925} INFO - DAG(s) 'latest_only_with_trigger' retrieved from /home/airflow/.local/lib/python3.12/site-packages/airflow/example_dags/example_latest_only_with_trigger.py
[2024-08-25T00:29:57.234+0000] {logging_mixin.py:190} INFO - [2024-08-25T00:29:57.233+0000] {dag.py:3211} INFO - Sync 1 DAGs
[2024-08-25T00:29:57.332+0000] {logging_mixin.py:190} INFO - [2024-08-25T00:29:57.331+0000] {dag.py:4138} INFO - Setting next_dagrun for latest_only_with_trigger to 2024-08-24 20:00:00+00:00, run_after=2024-08-25 00:00:00+00:00
[2024-08-25T00:29:57.628+0000] {processor.py:208} INFO - Processing /home/airflow/.local/lib/python3.12/site-packages/airflow/example_dags/example_latest_only_with_trigger.py took 0.528 seconds
[2024-08-25T00:30:40.073+0000] {processor.py:186} INFO - Started process (PID=490) to work on /home/airflow/.local/lib/python3.12/site-packages/airflow/example_dags/example_latest_only_with_trigger.py
[2024-08-25T00:30:40.076+0000] {processor.py:914} INFO - Processing file /home/airflow/.local/lib/python3.12/site-packages/airflow/example_dags/example_latest_only_with_trigger.py for tasks to queue
[2024-08-25T00:30:40.083+0000] {logging_mixin.py:190} INFO - [2024-08-25T00:30:40.082+0000] {dagbag.py:587} INFO - Filling up the DagBag from /home/airflow/.local/lib/python3.12/site-packages/airflow/example_dags/example_latest_only_with_trigger.py
[2024-08-25T00:30:40.109+0000] {processor.py:925} INFO - DAG(s) 'latest_only_with_trigger' retrieved from /home/airflow/.local/lib/python3.12/site-packages/airflow/example_dags/example_latest_only_with_trigger.py
[2024-08-25T00:30:40.234+0000] {logging_mixin.py:190} INFO - [2024-08-25T00:30:40.233+0000] {dag.py:3211} INFO - Sync 1 DAGs
[2024-08-25T00:30:40.330+0000] {logging_mixin.py:190} INFO - [2024-08-25T00:30:40.330+0000] {dag.py:4138} INFO - Setting next_dagrun for latest_only_with_trigger to 2024-08-24 20:00:00+00:00, run_after=2024-08-25 00:00:00+00:00
[2024-08-25T00:30:40.423+0000] {processor.py:208} INFO - Processing /home/airflow/.local/lib/python3.12/site-packages/airflow/example_dags/example_latest_only_with_trigger.py took 0.370 seconds
[2024-08-25T00:31:15.221+0000] {processor.py:186} INFO - Started process (PID=555) to work on /home/airflow/.local/lib/python3.12/site-packages/airflow/example_dags/example_latest_only_with_trigger.py
[2024-08-25T00:31:15.231+0000] {processor.py:914} INFO - Processing file /home/airflow/.local/lib/python3.12/site-packages/airflow/example_dags/example_latest_only_with_trigger.py for tasks to queue
[2024-08-25T00:31:15.240+0000] {logging_mixin.py:190} INFO - [2024-08-25T00:31:15.239+0000] {dagbag.py:587} INFO - Filling up the DagBag from /home/airflow/.local/lib/python3.12/site-packages/airflow/example_dags/example_latest_only_with_trigger.py
[2024-08-25T00:31:15.338+0000] {processor.py:925} INFO - DAG(s) 'latest_only_with_trigger' retrieved from /home/airflow/.local/lib/python3.12/site-packages/airflow/example_dags/example_latest_only_with_trigger.py
[2024-08-25T00:31:15.565+0000] {logging_mixin.py:190} INFO - [2024-08-25T00:31:15.564+0000] {dag.py:3211} INFO - Sync 1 DAGs
[2024-08-25T00:31:15.717+0000] {logging_mixin.py:190} INFO - [2024-08-25T00:31:15.716+0000] {dag.py:4138} INFO - Setting next_dagrun for latest_only_with_trigger to 2024-08-24 20:00:00+00:00, run_after=2024-08-25 00:00:00+00:00
[2024-08-25T00:31:15.847+0000] {processor.py:208} INFO - Processing /home/airflow/.local/lib/python3.12/site-packages/airflow/example_dags/example_latest_only_with_trigger.py took 0.693 seconds
[2024-08-25T00:32:07.885+0000] {processor.py:186} INFO - Started process (PID=625) to work on /home/airflow/.local/lib/python3.12/site-packages/airflow/example_dags/example_latest_only_with_trigger.py
[2024-08-25T00:32:07.888+0000] {processor.py:914} INFO - Processing file /home/airflow/.local/lib/python3.12/site-packages/airflow/example_dags/example_latest_only_with_trigger.py for tasks to queue
[2024-08-25T00:32:07.908+0000] {logging_mixin.py:190} INFO - [2024-08-25T00:32:07.907+0000] {dagbag.py:587} INFO - Filling up the DagBag from /home/airflow/.local/lib/python3.12/site-packages/airflow/example_dags/example_latest_only_with_trigger.py
[2024-08-25T00:32:07.946+0000] {processor.py:925} INFO - DAG(s) 'latest_only_with_trigger' retrieved from /home/airflow/.local/lib/python3.12/site-packages/airflow/example_dags/example_latest_only_with_trigger.py
[2024-08-25T00:32:08.053+0000] {logging_mixin.py:190} INFO - [2024-08-25T00:32:08.049+0000] {dag.py:3211} INFO - Sync 1 DAGs
[2024-08-25T00:32:08.258+0000] {logging_mixin.py:190} INFO - [2024-08-25T00:32:08.257+0000] {dag.py:4138} INFO - Setting next_dagrun for latest_only_with_trigger to 2024-08-24 20:00:00+00:00, run_after=2024-08-25 00:00:00+00:00
[2024-08-25T00:32:08.392+0000] {processor.py:208} INFO - Processing /home/airflow/.local/lib/python3.12/site-packages/airflow/example_dags/example_latest_only_with_trigger.py took 0.544 seconds
[2024-08-25T00:32:44.525+0000] {processor.py:186} INFO - Started process (PID=690) to work on /home/airflow/.local/lib/python3.12/site-packages/airflow/example_dags/example_latest_only_with_trigger.py
[2024-08-25T00:32:44.527+0000] {processor.py:914} INFO - Processing file /home/airflow/.local/lib/python3.12/site-packages/airflow/example_dags/example_latest_only_with_trigger.py for tasks to queue
[2024-08-25T00:32:44.536+0000] {logging_mixin.py:190} INFO - [2024-08-25T00:32:44.535+0000] {dagbag.py:587} INFO - Filling up the DagBag from /home/airflow/.local/lib/python3.12/site-packages/airflow/example_dags/example_latest_only_with_trigger.py
[2024-08-25T00:32:44.559+0000] {processor.py:925} INFO - DAG(s) 'latest_only_with_trigger' retrieved from /home/airflow/.local/lib/python3.12/site-packages/airflow/example_dags/example_latest_only_with_trigger.py
[2024-08-25T00:32:44.630+0000] {logging_mixin.py:190} INFO - [2024-08-25T00:32:44.629+0000] {dag.py:3211} INFO - Sync 1 DAGs
[2024-08-25T00:32:44.761+0000] {logging_mixin.py:190} INFO - [2024-08-25T00:32:44.760+0000] {dag.py:4138} INFO - Setting next_dagrun for latest_only_with_trigger to 2024-08-24 20:00:00+00:00, run_after=2024-08-25 00:00:00+00:00
[2024-08-25T00:32:44.835+0000] {processor.py:208} INFO - Processing /home/airflow/.local/lib/python3.12/site-packages/airflow/example_dags/example_latest_only_with_trigger.py took 0.327 seconds
[2024-08-25T00:33:51.107+0000] {processor.py:186} INFO - Started process (PID=768) to work on /home/airflow/.local/lib/python3.12/site-packages/airflow/example_dags/example_latest_only_with_trigger.py
[2024-08-25T00:33:51.150+0000] {processor.py:914} INFO - Processing file /home/airflow/.local/lib/python3.12/site-packages/airflow/example_dags/example_latest_only_with_trigger.py for tasks to queue
[2024-08-25T00:33:51.170+0000] {logging_mixin.py:190} INFO - [2024-08-25T00:33:51.168+0000] {dagbag.py:587} INFO - Filling up the DagBag from /home/airflow/.local/lib/python3.12/site-packages/airflow/example_dags/example_latest_only_with_trigger.py
[2024-08-25T00:33:51.282+0000] {processor.py:925} INFO - DAG(s) 'latest_only_with_trigger' retrieved from /home/airflow/.local/lib/python3.12/site-packages/airflow/example_dags/example_latest_only_with_trigger.py
[2024-08-25T00:33:51.521+0000] {logging_mixin.py:190} INFO - [2024-08-25T00:33:51.509+0000] {dag.py:3211} INFO - Sync 1 DAGs
[2024-08-25T00:33:51.883+0000] {logging_mixin.py:190} INFO - [2024-08-25T00:33:51.879+0000] {dag.py:4138} INFO - Setting next_dagrun for latest_only_with_trigger to 2024-08-24 20:00:00+00:00, run_after=2024-08-25 00:00:00+00:00
[2024-08-25T00:33:52.060+0000] {processor.py:208} INFO - Processing /home/airflow/.local/lib/python3.12/site-packages/airflow/example_dags/example_latest_only_with_trigger.py took 1.005 seconds
[2024-08-25T00:34:23.703+0000] {processor.py:186} INFO - Started process (PID=832) to work on /home/airflow/.local/lib/python3.12/site-packages/airflow/example_dags/example_latest_only_with_trigger.py
[2024-08-25T00:34:23.706+0000] {processor.py:914} INFO - Processing file /home/airflow/.local/lib/python3.12/site-packages/airflow/example_dags/example_latest_only_with_trigger.py for tasks to queue
[2024-08-25T00:34:23.720+0000] {logging_mixin.py:190} INFO - [2024-08-25T00:34:23.719+0000] {dagbag.py:587} INFO - Filling up the DagBag from /home/airflow/.local/lib/python3.12/site-packages/airflow/example_dags/example_latest_only_with_trigger.py
[2024-08-25T00:34:23.758+0000] {processor.py:925} INFO - DAG(s) 'latest_only_with_trigger' retrieved from /home/airflow/.local/lib/python3.12/site-packages/airflow/example_dags/example_latest_only_with_trigger.py
[2024-08-25T00:34:24.100+0000] {logging_mixin.py:190} INFO - [2024-08-25T00:34:24.091+0000] {dag.py:3211} INFO - Sync 1 DAGs
[2024-08-25T00:34:24.279+0000] {logging_mixin.py:190} INFO - [2024-08-25T00:34:24.277+0000] {dag.py:4138} INFO - Setting next_dagrun for latest_only_with_trigger to 2024-08-24 20:00:00+00:00, run_after=2024-08-25 00:00:00+00:00
[2024-08-25T00:34:24.344+0000] {processor.py:208} INFO - Processing /home/airflow/.local/lib/python3.12/site-packages/airflow/example_dags/example_latest_only_with_trigger.py took 0.682 seconds
[2024-08-25T00:34:55.333+0000] {processor.py:186} INFO - Started process (PID=895) to work on /home/airflow/.local/lib/python3.12/site-packages/airflow/example_dags/example_latest_only_with_trigger.py
[2024-08-25T00:34:55.335+0000] {processor.py:914} INFO - Processing file /home/airflow/.local/lib/python3.12/site-packages/airflow/example_dags/example_latest_only_with_trigger.py for tasks to queue
[2024-08-25T00:34:55.342+0000] {logging_mixin.py:190} INFO - [2024-08-25T00:34:55.342+0000] {dagbag.py:587} INFO - Filling up the DagBag from /home/airflow/.local/lib/python3.12/site-packages/airflow/example_dags/example_latest_only_with_trigger.py
[2024-08-25T00:34:55.380+0000] {processor.py:925} INFO - DAG(s) 'latest_only_with_trigger' retrieved from /home/airflow/.local/lib/python3.12/site-packages/airflow/example_dags/example_latest_only_with_trigger.py
[2024-08-25T00:34:55.451+0000] {logging_mixin.py:190} INFO - [2024-08-25T00:34:55.449+0000] {dag.py:3211} INFO - Sync 1 DAGs
[2024-08-25T00:34:55.527+0000] {logging_mixin.py:190} INFO - [2024-08-25T00:34:55.526+0000] {dag.py:4138} INFO - Setting next_dagrun for latest_only_with_trigger to 2024-08-24 20:00:00+00:00, run_after=2024-08-25 00:00:00+00:00
[2024-08-25T00:34:55.587+0000] {processor.py:208} INFO - Processing /home/airflow/.local/lib/python3.12/site-packages/airflow/example_dags/example_latest_only_with_trigger.py took 0.292 seconds
[2024-08-25T00:35:36.177+0000] {processor.py:186} INFO - Started process (PID=959) to work on /home/airflow/.local/lib/python3.12/site-packages/airflow/example_dags/example_latest_only_with_trigger.py
[2024-08-25T00:35:36.189+0000] {processor.py:914} INFO - Processing file /home/airflow/.local/lib/python3.12/site-packages/airflow/example_dags/example_latest_only_with_trigger.py for tasks to queue
[2024-08-25T00:35:36.218+0000] {logging_mixin.py:190} INFO - [2024-08-25T00:35:36.217+0000] {dagbag.py:587} INFO - Filling up the DagBag from /home/airflow/.local/lib/python3.12/site-packages/airflow/example_dags/example_latest_only_with_trigger.py
[2024-08-25T00:35:36.272+0000] {processor.py:925} INFO - DAG(s) 'latest_only_with_trigger' retrieved from /home/airflow/.local/lib/python3.12/site-packages/airflow/example_dags/example_latest_only_with_trigger.py
[2024-08-25T00:35:36.475+0000] {logging_mixin.py:190} INFO - [2024-08-25T00:35:36.473+0000] {dag.py:3211} INFO - Sync 1 DAGs
[2024-08-25T00:35:36.618+0000] {logging_mixin.py:190} INFO - [2024-08-25T00:35:36.618+0000] {dag.py:4138} INFO - Setting next_dagrun for latest_only_with_trigger to 2024-08-24 20:00:00+00:00, run_after=2024-08-25 00:00:00+00:00
[2024-08-25T00:35:36.702+0000] {processor.py:208} INFO - Processing /home/airflow/.local/lib/python3.12/site-packages/airflow/example_dags/example_latest_only_with_trigger.py took 0.566 seconds
[2024-08-25T00:36:08.636+0000] {processor.py:186} INFO - Started process (PID=1030) to work on /home/airflow/.local/lib/python3.12/site-packages/airflow/example_dags/example_latest_only_with_trigger.py
[2024-08-25T00:36:08.639+0000] {processor.py:914} INFO - Processing file /home/airflow/.local/lib/python3.12/site-packages/airflow/example_dags/example_latest_only_with_trigger.py for tasks to queue
[2024-08-25T00:36:08.646+0000] {logging_mixin.py:190} INFO - [2024-08-25T00:36:08.645+0000] {dagbag.py:587} INFO - Filling up the DagBag from /home/airflow/.local/lib/python3.12/site-packages/airflow/example_dags/example_latest_only_with_trigger.py
[2024-08-25T00:36:08.678+0000] {processor.py:925} INFO - DAG(s) 'latest_only_with_trigger' retrieved from /home/airflow/.local/lib/python3.12/site-packages/airflow/example_dags/example_latest_only_with_trigger.py
[2024-08-25T00:36:08.756+0000] {logging_mixin.py:190} INFO - [2024-08-25T00:36:08.755+0000] {dag.py:3211} INFO - Sync 1 DAGs
[2024-08-25T00:36:08.955+0000] {logging_mixin.py:190} INFO - [2024-08-25T00:36:08.954+0000] {dag.py:4138} INFO - Setting next_dagrun for latest_only_with_trigger to 2024-08-24 20:00:00+00:00, run_after=2024-08-25 00:00:00+00:00
[2024-08-25T00:36:09.085+0000] {processor.py:208} INFO - Processing /home/airflow/.local/lib/python3.12/site-packages/airflow/example_dags/example_latest_only_with_trigger.py took 0.476 seconds
[2024-08-25T00:36:40.135+0000] {processor.py:186} INFO - Started process (PID=1094) to work on /home/airflow/.local/lib/python3.12/site-packages/airflow/example_dags/example_latest_only_with_trigger.py
[2024-08-25T00:36:40.137+0000] {processor.py:914} INFO - Processing file /home/airflow/.local/lib/python3.12/site-packages/airflow/example_dags/example_latest_only_with_trigger.py for tasks to queue
[2024-08-25T00:36:40.146+0000] {logging_mixin.py:190} INFO - [2024-08-25T00:36:40.144+0000] {dagbag.py:587} INFO - Filling up the DagBag from /home/airflow/.local/lib/python3.12/site-packages/airflow/example_dags/example_latest_only_with_trigger.py
[2024-08-25T00:36:40.170+0000] {processor.py:925} INFO - DAG(s) 'latest_only_with_trigger' retrieved from /home/airflow/.local/lib/python3.12/site-packages/airflow/example_dags/example_latest_only_with_trigger.py
[2024-08-25T00:36:40.275+0000] {logging_mixin.py:190} INFO - [2024-08-25T00:36:40.273+0000] {dag.py:3211} INFO - Sync 1 DAGs
[2024-08-25T00:36:40.344+0000] {logging_mixin.py:190} INFO - [2024-08-25T00:36:40.343+0000] {dag.py:4138} INFO - Setting next_dagrun for latest_only_with_trigger to 2024-08-24 20:00:00+00:00, run_after=2024-08-25 00:00:00+00:00
[2024-08-25T00:36:40.393+0000] {processor.py:208} INFO - Processing /home/airflow/.local/lib/python3.12/site-packages/airflow/example_dags/example_latest_only_with_trigger.py took 0.277 seconds
[2024-08-25T00:37:19.010+0000] {processor.py:186} INFO - Started process (PID=1163) to work on /home/airflow/.local/lib/python3.12/site-packages/airflow/example_dags/example_latest_only_with_trigger.py
[2024-08-25T00:37:19.015+0000] {processor.py:914} INFO - Processing file /home/airflow/.local/lib/python3.12/site-packages/airflow/example_dags/example_latest_only_with_trigger.py for tasks to queue
[2024-08-25T00:37:19.020+0000] {logging_mixin.py:190} INFO - [2024-08-25T00:37:19.019+0000] {dagbag.py:587} INFO - Filling up the DagBag from /home/airflow/.local/lib/python3.12/site-packages/airflow/example_dags/example_latest_only_with_trigger.py
[2024-08-25T00:37:19.065+0000] {processor.py:925} INFO - DAG(s) 'latest_only_with_trigger' retrieved from /home/airflow/.local/lib/python3.12/site-packages/airflow/example_dags/example_latest_only_with_trigger.py
[2024-08-25T00:37:19.154+0000] {logging_mixin.py:190} INFO - [2024-08-25T00:37:19.152+0000] {dag.py:3211} INFO - Sync 1 DAGs
[2024-08-25T00:37:19.300+0000] {logging_mixin.py:190} INFO - [2024-08-25T00:37:19.300+0000] {dag.py:4138} INFO - Setting next_dagrun for latest_only_with_trigger to 2024-08-24 20:00:00+00:00, run_after=2024-08-25 00:00:00+00:00
[2024-08-25T00:37:19.387+0000] {processor.py:208} INFO - Processing /home/airflow/.local/lib/python3.12/site-packages/airflow/example_dags/example_latest_only_with_trigger.py took 0.401 seconds
[2024-08-25T00:37:50.350+0000] {processor.py:186} INFO - Started process (PID=1225) to work on /home/airflow/.local/lib/python3.12/site-packages/airflow/example_dags/example_latest_only_with_trigger.py
[2024-08-25T00:37:50.354+0000] {processor.py:914} INFO - Processing file /home/airflow/.local/lib/python3.12/site-packages/airflow/example_dags/example_latest_only_with_trigger.py for tasks to queue
[2024-08-25T00:37:50.377+0000] {logging_mixin.py:190} INFO - [2024-08-25T00:37:50.371+0000] {dagbag.py:587} INFO - Filling up the DagBag from /home/airflow/.local/lib/python3.12/site-packages/airflow/example_dags/example_latest_only_with_trigger.py
[2024-08-25T00:37:50.416+0000] {processor.py:925} INFO - DAG(s) 'latest_only_with_trigger' retrieved from /home/airflow/.local/lib/python3.12/site-packages/airflow/example_dags/example_latest_only_with_trigger.py
[2024-08-25T00:37:50.525+0000] {logging_mixin.py:190} INFO - [2024-08-25T00:37:50.519+0000] {dag.py:3211} INFO - Sync 1 DAGs
[2024-08-25T00:37:50.754+0000] {logging_mixin.py:190} INFO - [2024-08-25T00:37:50.754+0000] {dag.py:4138} INFO - Setting next_dagrun for latest_only_with_trigger to 2024-08-24 20:00:00+00:00, run_after=2024-08-25 00:00:00+00:00
[2024-08-25T00:37:50.929+0000] {processor.py:208} INFO - Processing /home/airflow/.local/lib/python3.12/site-packages/airflow/example_dags/example_latest_only_with_trigger.py took 0.727 seconds
[2024-08-25T00:38:21.370+0000] {processor.py:186} INFO - Started process (PID=1287) to work on /home/airflow/.local/lib/python3.12/site-packages/airflow/example_dags/example_latest_only_with_trigger.py
[2024-08-25T00:38:21.374+0000] {processor.py:914} INFO - Processing file /home/airflow/.local/lib/python3.12/site-packages/airflow/example_dags/example_latest_only_with_trigger.py for tasks to queue
[2024-08-25T00:38:21.378+0000] {logging_mixin.py:190} INFO - [2024-08-25T00:38:21.376+0000] {dagbag.py:587} INFO - Filling up the DagBag from /home/airflow/.local/lib/python3.12/site-packages/airflow/example_dags/example_latest_only_with_trigger.py
[2024-08-25T00:38:21.407+0000] {processor.py:925} INFO - DAG(s) 'latest_only_with_trigger' retrieved from /home/airflow/.local/lib/python3.12/site-packages/airflow/example_dags/example_latest_only_with_trigger.py
[2024-08-25T00:38:21.482+0000] {logging_mixin.py:190} INFO - [2024-08-25T00:38:21.479+0000] {dag.py:3211} INFO - Sync 1 DAGs
[2024-08-25T00:38:21.574+0000] {logging_mixin.py:190} INFO - [2024-08-25T00:38:21.574+0000] {dag.py:4138} INFO - Setting next_dagrun for latest_only_with_trigger to 2024-08-24 20:00:00+00:00, run_after=2024-08-25 00:00:00+00:00
[2024-08-25T00:38:21.633+0000] {processor.py:208} INFO - Processing /home/airflow/.local/lib/python3.12/site-packages/airflow/example_dags/example_latest_only_with_trigger.py took 0.280 seconds
[2024-08-25T00:38:52.006+0000] {processor.py:186} INFO - Started process (PID=1349) to work on /home/airflow/.local/lib/python3.12/site-packages/airflow/example_dags/example_latest_only_with_trigger.py
[2024-08-25T00:38:52.008+0000] {processor.py:914} INFO - Processing file /home/airflow/.local/lib/python3.12/site-packages/airflow/example_dags/example_latest_only_with_trigger.py for tasks to queue
[2024-08-25T00:38:52.012+0000] {logging_mixin.py:190} INFO - [2024-08-25T00:38:52.012+0000] {dagbag.py:587} INFO - Filling up the DagBag from /home/airflow/.local/lib/python3.12/site-packages/airflow/example_dags/example_latest_only_with_trigger.py
[2024-08-25T00:38:52.050+0000] {processor.py:925} INFO - DAG(s) 'latest_only_with_trigger' retrieved from /home/airflow/.local/lib/python3.12/site-packages/airflow/example_dags/example_latest_only_with_trigger.py
[2024-08-25T00:38:52.144+0000] {logging_mixin.py:190} INFO - [2024-08-25T00:38:52.142+0000] {dag.py:3211} INFO - Sync 1 DAGs
[2024-08-25T00:38:52.244+0000] {logging_mixin.py:190} INFO - [2024-08-25T00:38:52.244+0000] {dag.py:4138} INFO - Setting next_dagrun for latest_only_with_trigger to 2024-08-24 20:00:00+00:00, run_after=2024-08-25 00:00:00+00:00
[2024-08-25T00:38:52.326+0000] {processor.py:208} INFO - Processing /home/airflow/.local/lib/python3.12/site-packages/airflow/example_dags/example_latest_only_with_trigger.py took 0.349 seconds
[2024-08-25T00:39:23.031+0000] {processor.py:186} INFO - Started process (PID=1412) to work on /home/airflow/.local/lib/python3.12/site-packages/airflow/example_dags/example_latest_only_with_trigger.py
[2024-08-25T00:39:23.042+0000] {processor.py:914} INFO - Processing file /home/airflow/.local/lib/python3.12/site-packages/airflow/example_dags/example_latest_only_with_trigger.py for tasks to queue
[2024-08-25T00:39:23.050+0000] {logging_mixin.py:190} INFO - [2024-08-25T00:39:23.049+0000] {dagbag.py:587} INFO - Filling up the DagBag from /home/airflow/.local/lib/python3.12/site-packages/airflow/example_dags/example_latest_only_with_trigger.py
[2024-08-25T00:39:23.092+0000] {processor.py:925} INFO - DAG(s) 'latest_only_with_trigger' retrieved from /home/airflow/.local/lib/python3.12/site-packages/airflow/example_dags/example_latest_only_with_trigger.py
[2024-08-25T00:39:23.167+0000] {logging_mixin.py:190} INFO - [2024-08-25T00:39:23.164+0000] {dag.py:3211} INFO - Sync 1 DAGs
[2024-08-25T00:39:23.265+0000] {logging_mixin.py:190} INFO - [2024-08-25T00:39:23.265+0000] {dag.py:4138} INFO - Setting next_dagrun for latest_only_with_trigger to 2024-08-24 20:00:00+00:00, run_after=2024-08-25 00:00:00+00:00
[2024-08-25T00:39:23.330+0000] {processor.py:208} INFO - Processing /home/airflow/.local/lib/python3.12/site-packages/airflow/example_dags/example_latest_only_with_trigger.py took 0.323 seconds
[2024-08-25T00:39:54.877+0000] {processor.py:186} INFO - Started process (PID=1474) to work on /home/airflow/.local/lib/python3.12/site-packages/airflow/example_dags/example_latest_only_with_trigger.py
[2024-08-25T00:39:54.881+0000] {processor.py:914} INFO - Processing file /home/airflow/.local/lib/python3.12/site-packages/airflow/example_dags/example_latest_only_with_trigger.py for tasks to queue
[2024-08-25T00:39:54.884+0000] {logging_mixin.py:190} INFO - [2024-08-25T00:39:54.884+0000] {dagbag.py:587} INFO - Filling up the DagBag from /home/airflow/.local/lib/python3.12/site-packages/airflow/example_dags/example_latest_only_with_trigger.py
[2024-08-25T00:39:54.914+0000] {processor.py:925} INFO - DAG(s) 'latest_only_with_trigger' retrieved from /home/airflow/.local/lib/python3.12/site-packages/airflow/example_dags/example_latest_only_with_trigger.py
[2024-08-25T00:39:54.981+0000] {logging_mixin.py:190} INFO - [2024-08-25T00:39:54.980+0000] {dag.py:3211} INFO - Sync 1 DAGs
[2024-08-25T00:39:55.058+0000] {logging_mixin.py:190} INFO - [2024-08-25T00:39:55.057+0000] {dag.py:4138} INFO - Setting next_dagrun for latest_only_with_trigger to 2024-08-24 20:00:00+00:00, run_after=2024-08-25 00:00:00+00:00
[2024-08-25T00:39:55.109+0000] {processor.py:208} INFO - Processing /home/airflow/.local/lib/python3.12/site-packages/airflow/example_dags/example_latest_only_with_trigger.py took 0.250 seconds
