[2024-08-25T00:00:28.233+0000] {processor.py:186} INFO - Started process (PID=38563) to work on /home/airflow/.local/lib/python3.12/site-packages/airflow/example_dags/example_trigger_target_dag.py
[2024-08-25T00:00:28.235+0000] {processor.py:914} INFO - Processing file /home/airflow/.local/lib/python3.12/site-packages/airflow/example_dags/example_trigger_target_dag.py for tasks to queue
[2024-08-25T00:00:28.244+0000] {logging_mixin.py:190} INFO - [2024-08-25T00:00:28.243+0000] {dagbag.py:587} INFO - Filling up the DagBag from /home/airflow/.local/lib/python3.12/site-packages/airflow/example_dags/example_trigger_target_dag.py
[2024-08-25T00:00:28.269+0000] {processor.py:925} INFO - DAG(s) 'example_trigger_target_dag' retrieved from /home/airflow/.local/lib/python3.12/site-packages/airflow/example_dags/example_trigger_target_dag.py
[2024-08-25T00:00:28.334+0000] {logging_mixin.py:190} INFO - [2024-08-25T00:00:28.333+0000] {dag.py:3211} INFO - Sync 1 DAGs
[2024-08-25T00:00:28.382+0000] {logging_mixin.py:190} INFO - [2024-08-25T00:00:28.382+0000] {dag.py:4138} INFO - Setting next_dagrun for example_trigger_target_dag to None, run_after=None
[2024-08-25T00:00:28.446+0000] {processor.py:208} INFO - Processing /home/airflow/.local/lib/python3.12/site-packages/airflow/example_dags/example_trigger_target_dag.py took 0.245 seconds
[2024-08-25T00:05:45.445+0000] {processor.py:186} INFO - Started process (PID=80) to work on /home/airflow/.local/lib/python3.12/site-packages/airflow/example_dags/example_trigger_target_dag.py
[2024-08-25T00:05:45.449+0000] {processor.py:914} INFO - Processing file /home/airflow/.local/lib/python3.12/site-packages/airflow/example_dags/example_trigger_target_dag.py for tasks to queue
[2024-08-25T00:05:45.468+0000] {logging_mixin.py:190} INFO - [2024-08-25T00:05:45.467+0000] {dagbag.py:587} INFO - Filling up the DagBag from /home/airflow/.local/lib/python3.12/site-packages/airflow/example_dags/example_trigger_target_dag.py
[2024-08-25T00:05:45.526+0000] {processor.py:925} INFO - DAG(s) 'example_trigger_target_dag' retrieved from /home/airflow/.local/lib/python3.12/site-packages/airflow/example_dags/example_trigger_target_dag.py
[2024-08-25T00:05:45.637+0000] {logging_mixin.py:190} INFO - [2024-08-25T00:05:45.636+0000] {dag.py:3211} INFO - Sync 1 DAGs
[2024-08-25T00:05:45.712+0000] {logging_mixin.py:190} INFO - [2024-08-25T00:05:45.711+0000] {dag.py:4138} INFO - Setting next_dagrun for example_trigger_target_dag to None, run_after=None
[2024-08-25T00:05:45.849+0000] {processor.py:208} INFO - Processing /home/airflow/.local/lib/python3.12/site-packages/airflow/example_dags/example_trigger_target_dag.py took 0.457 seconds
[2024-08-25T00:06:16.126+0000] {processor.py:186} INFO - Started process (PID=142) to work on /home/airflow/.local/lib/python3.12/site-packages/airflow/example_dags/example_trigger_target_dag.py
[2024-08-25T00:06:16.132+0000] {processor.py:914} INFO - Processing file /home/airflow/.local/lib/python3.12/site-packages/airflow/example_dags/example_trigger_target_dag.py for tasks to queue
[2024-08-25T00:06:16.148+0000] {logging_mixin.py:190} INFO - [2024-08-25T00:06:16.147+0000] {dagbag.py:587} INFO - Filling up the DagBag from /home/airflow/.local/lib/python3.12/site-packages/airflow/example_dags/example_trigger_target_dag.py
[2024-08-25T00:06:16.186+0000] {processor.py:925} INFO - DAG(s) 'example_trigger_target_dag' retrieved from /home/airflow/.local/lib/python3.12/site-packages/airflow/example_dags/example_trigger_target_dag.py
[2024-08-25T00:06:16.321+0000] {logging_mixin.py:190} INFO - [2024-08-25T00:06:16.320+0000] {dag.py:3211} INFO - Sync 1 DAGs
[2024-08-25T00:06:16.427+0000] {logging_mixin.py:190} INFO - [2024-08-25T00:06:16.419+0000] {dag.py:4138} INFO - Setting next_dagrun for example_trigger_target_dag to None, run_after=None
[2024-08-25T00:06:16.575+0000] {processor.py:208} INFO - Processing /home/airflow/.local/lib/python3.12/site-packages/airflow/example_dags/example_trigger_target_dag.py took 0.487 seconds
[2024-08-25T00:07:11.342+0000] {processor.py:186} INFO - Started process (PID=211) to work on /home/airflow/.local/lib/python3.12/site-packages/airflow/example_dags/example_trigger_target_dag.py
[2024-08-25T00:07:11.438+0000] {processor.py:914} INFO - Processing file /home/airflow/.local/lib/python3.12/site-packages/airflow/example_dags/example_trigger_target_dag.py for tasks to queue
[2024-08-25T00:07:11.570+0000] {logging_mixin.py:190} INFO - [2024-08-25T00:07:11.569+0000] {dagbag.py:587} INFO - Filling up the DagBag from /home/airflow/.local/lib/python3.12/site-packages/airflow/example_dags/example_trigger_target_dag.py
[2024-08-25T00:07:11.905+0000] {processor.py:925} INFO - DAG(s) 'example_trigger_target_dag' retrieved from /home/airflow/.local/lib/python3.12/site-packages/airflow/example_dags/example_trigger_target_dag.py
[2024-08-25T00:07:12.405+0000] {logging_mixin.py:190} INFO - [2024-08-25T00:07:12.404+0000] {dag.py:3211} INFO - Sync 1 DAGs
[2024-08-25T00:07:12.647+0000] {logging_mixin.py:190} INFO - [2024-08-25T00:07:12.647+0000] {dag.py:4138} INFO - Setting next_dagrun for example_trigger_target_dag to None, run_after=None
[2024-08-25T00:07:13.082+0000] {processor.py:208} INFO - Processing /home/airflow/.local/lib/python3.12/site-packages/airflow/example_dags/example_trigger_target_dag.py took 1.980 seconds
[2024-08-25T00:07:44.480+0000] {processor.py:186} INFO - Started process (PID=272) to work on /home/airflow/.local/lib/python3.12/site-packages/airflow/example_dags/example_trigger_target_dag.py
[2024-08-25T00:07:44.498+0000] {processor.py:914} INFO - Processing file /home/airflow/.local/lib/python3.12/site-packages/airflow/example_dags/example_trigger_target_dag.py for tasks to queue
[2024-08-25T00:07:44.580+0000] {logging_mixin.py:190} INFO - [2024-08-25T00:07:44.579+0000] {dagbag.py:587} INFO - Filling up the DagBag from /home/airflow/.local/lib/python3.12/site-packages/airflow/example_dags/example_trigger_target_dag.py
[2024-08-25T00:07:44.725+0000] {processor.py:925} INFO - DAG(s) 'example_trigger_target_dag' retrieved from /home/airflow/.local/lib/python3.12/site-packages/airflow/example_dags/example_trigger_target_dag.py
[2024-08-25T00:07:44.893+0000] {logging_mixin.py:190} INFO - [2024-08-25T00:07:44.893+0000] {dag.py:3211} INFO - Sync 1 DAGs
[2024-08-25T00:07:44.982+0000] {logging_mixin.py:190} INFO - [2024-08-25T00:07:44.982+0000] {dag.py:4138} INFO - Setting next_dagrun for example_trigger_target_dag to None, run_after=None
[2024-08-25T00:07:45.133+0000] {processor.py:208} INFO - Processing /home/airflow/.local/lib/python3.12/site-packages/airflow/example_dags/example_trigger_target_dag.py took 0.725 seconds
[2024-08-25T00:08:15.616+0000] {processor.py:186} INFO - Started process (PID=335) to work on /home/airflow/.local/lib/python3.12/site-packages/airflow/example_dags/example_trigger_target_dag.py
[2024-08-25T00:08:15.619+0000] {processor.py:914} INFO - Processing file /home/airflow/.local/lib/python3.12/site-packages/airflow/example_dags/example_trigger_target_dag.py for tasks to queue
[2024-08-25T00:08:15.625+0000] {logging_mixin.py:190} INFO - [2024-08-25T00:08:15.624+0000] {dagbag.py:587} INFO - Filling up the DagBag from /home/airflow/.local/lib/python3.12/site-packages/airflow/example_dags/example_trigger_target_dag.py
[2024-08-25T00:08:15.663+0000] {processor.py:925} INFO - DAG(s) 'example_trigger_target_dag' retrieved from /home/airflow/.local/lib/python3.12/site-packages/airflow/example_dags/example_trigger_target_dag.py
[2024-08-25T00:08:15.754+0000] {logging_mixin.py:190} INFO - [2024-08-25T00:08:15.749+0000] {dag.py:3211} INFO - Sync 1 DAGs
[2024-08-25T00:08:15.840+0000] {logging_mixin.py:190} INFO - [2024-08-25T00:08:15.840+0000] {dag.py:4138} INFO - Setting next_dagrun for example_trigger_target_dag to None, run_after=None
[2024-08-25T00:08:15.889+0000] {processor.py:208} INFO - Processing /home/airflow/.local/lib/python3.12/site-packages/airflow/example_dags/example_trigger_target_dag.py took 0.299 seconds
[2024-08-25T00:08:46.157+0000] {processor.py:186} INFO - Started process (PID=398) to work on /home/airflow/.local/lib/python3.12/site-packages/airflow/example_dags/example_trigger_target_dag.py
[2024-08-25T00:08:46.160+0000] {processor.py:914} INFO - Processing file /home/airflow/.local/lib/python3.12/site-packages/airflow/example_dags/example_trigger_target_dag.py for tasks to queue
[2024-08-25T00:08:46.169+0000] {logging_mixin.py:190} INFO - [2024-08-25T00:08:46.168+0000] {dagbag.py:587} INFO - Filling up the DagBag from /home/airflow/.local/lib/python3.12/site-packages/airflow/example_dags/example_trigger_target_dag.py
[2024-08-25T00:08:46.194+0000] {processor.py:925} INFO - DAG(s) 'example_trigger_target_dag' retrieved from /home/airflow/.local/lib/python3.12/site-packages/airflow/example_dags/example_trigger_target_dag.py
[2024-08-25T00:08:46.267+0000] {logging_mixin.py:190} INFO - [2024-08-25T00:08:46.267+0000] {dag.py:3211} INFO - Sync 1 DAGs
[2024-08-25T00:08:46.307+0000] {logging_mixin.py:190} INFO - [2024-08-25T00:08:46.306+0000] {dag.py:4138} INFO - Setting next_dagrun for example_trigger_target_dag to None, run_after=None
[2024-08-25T00:08:46.360+0000] {processor.py:208} INFO - Processing /home/airflow/.local/lib/python3.12/site-packages/airflow/example_dags/example_trigger_target_dag.py took 0.224 seconds
[2024-08-25T00:09:16.576+0000] {processor.py:186} INFO - Started process (PID=456) to work on /home/airflow/.local/lib/python3.12/site-packages/airflow/example_dags/example_trigger_target_dag.py
[2024-08-25T00:09:16.586+0000] {processor.py:914} INFO - Processing file /home/airflow/.local/lib/python3.12/site-packages/airflow/example_dags/example_trigger_target_dag.py for tasks to queue
[2024-08-25T00:09:16.605+0000] {logging_mixin.py:190} INFO - [2024-08-25T00:09:16.604+0000] {dagbag.py:587} INFO - Filling up the DagBag from /home/airflow/.local/lib/python3.12/site-packages/airflow/example_dags/example_trigger_target_dag.py
[2024-08-25T00:09:16.641+0000] {processor.py:925} INFO - DAG(s) 'example_trigger_target_dag' retrieved from /home/airflow/.local/lib/python3.12/site-packages/airflow/example_dags/example_trigger_target_dag.py
[2024-08-25T00:09:16.734+0000] {logging_mixin.py:190} INFO - [2024-08-25T00:09:16.733+0000] {dag.py:3211} INFO - Sync 1 DAGs
[2024-08-25T00:09:16.804+0000] {logging_mixin.py:190} INFO - [2024-08-25T00:09:16.803+0000] {dag.py:4138} INFO - Setting next_dagrun for example_trigger_target_dag to None, run_after=None
[2024-08-25T00:09:16.876+0000] {processor.py:208} INFO - Processing /home/airflow/.local/lib/python3.12/site-packages/airflow/example_dags/example_trigger_target_dag.py took 0.327 seconds
[2024-08-25T00:09:48.099+0000] {processor.py:186} INFO - Started process (PID=520) to work on /home/airflow/.local/lib/python3.12/site-packages/airflow/example_dags/example_trigger_target_dag.py
[2024-08-25T00:09:48.105+0000] {processor.py:914} INFO - Processing file /home/airflow/.local/lib/python3.12/site-packages/airflow/example_dags/example_trigger_target_dag.py for tasks to queue
[2024-08-25T00:09:48.118+0000] {logging_mixin.py:190} INFO - [2024-08-25T00:09:48.117+0000] {dagbag.py:587} INFO - Filling up the DagBag from /home/airflow/.local/lib/python3.12/site-packages/airflow/example_dags/example_trigger_target_dag.py
[2024-08-25T00:09:48.148+0000] {processor.py:925} INFO - DAG(s) 'example_trigger_target_dag' retrieved from /home/airflow/.local/lib/python3.12/site-packages/airflow/example_dags/example_trigger_target_dag.py
[2024-08-25T00:09:48.214+0000] {logging_mixin.py:190} INFO - [2024-08-25T00:09:48.213+0000] {dag.py:3211} INFO - Sync 1 DAGs
[2024-08-25T00:09:48.307+0000] {logging_mixin.py:190} INFO - [2024-08-25T00:09:48.306+0000] {dag.py:4138} INFO - Setting next_dagrun for example_trigger_target_dag to None, run_after=None
[2024-08-25T00:09:48.442+0000] {processor.py:208} INFO - Processing /home/airflow/.local/lib/python3.12/site-packages/airflow/example_dags/example_trigger_target_dag.py took 0.374 seconds
[2024-08-25T00:10:19.695+0000] {processor.py:186} INFO - Started process (PID=584) to work on /home/airflow/.local/lib/python3.12/site-packages/airflow/example_dags/example_trigger_target_dag.py
[2024-08-25T00:10:19.697+0000] {processor.py:914} INFO - Processing file /home/airflow/.local/lib/python3.12/site-packages/airflow/example_dags/example_trigger_target_dag.py for tasks to queue
[2024-08-25T00:10:19.704+0000] {logging_mixin.py:190} INFO - [2024-08-25T00:10:19.704+0000] {dagbag.py:587} INFO - Filling up the DagBag from /home/airflow/.local/lib/python3.12/site-packages/airflow/example_dags/example_trigger_target_dag.py
[2024-08-25T00:10:19.730+0000] {processor.py:925} INFO - DAG(s) 'example_trigger_target_dag' retrieved from /home/airflow/.local/lib/python3.12/site-packages/airflow/example_dags/example_trigger_target_dag.py
[2024-08-25T00:10:19.797+0000] {logging_mixin.py:190} INFO - [2024-08-25T00:10:19.796+0000] {dag.py:3211} INFO - Sync 1 DAGs
[2024-08-25T00:10:19.859+0000] {logging_mixin.py:190} INFO - [2024-08-25T00:10:19.859+0000] {dag.py:4138} INFO - Setting next_dagrun for example_trigger_target_dag to None, run_after=None
[2024-08-25T00:10:19.939+0000] {processor.py:208} INFO - Processing /home/airflow/.local/lib/python3.12/site-packages/airflow/example_dags/example_trigger_target_dag.py took 0.270 seconds
[2024-08-25T00:10:50.820+0000] {processor.py:186} INFO - Started process (PID=647) to work on /home/airflow/.local/lib/python3.12/site-packages/airflow/example_dags/example_trigger_target_dag.py
[2024-08-25T00:10:50.824+0000] {processor.py:914} INFO - Processing file /home/airflow/.local/lib/python3.12/site-packages/airflow/example_dags/example_trigger_target_dag.py for tasks to queue
[2024-08-25T00:10:50.850+0000] {logging_mixin.py:190} INFO - [2024-08-25T00:10:50.843+0000] {dagbag.py:587} INFO - Filling up the DagBag from /home/airflow/.local/lib/python3.12/site-packages/airflow/example_dags/example_trigger_target_dag.py
[2024-08-25T00:10:50.929+0000] {processor.py:925} INFO - DAG(s) 'example_trigger_target_dag' retrieved from /home/airflow/.local/lib/python3.12/site-packages/airflow/example_dags/example_trigger_target_dag.py
[2024-08-25T00:10:51.169+0000] {logging_mixin.py:190} INFO - [2024-08-25T00:10:51.158+0000] {dag.py:3211} INFO - Sync 1 DAGs
[2024-08-25T00:10:51.269+0000] {logging_mixin.py:190} INFO - [2024-08-25T00:10:51.268+0000] {dag.py:4138} INFO - Setting next_dagrun for example_trigger_target_dag to None, run_after=None
[2024-08-25T00:10:51.366+0000] {processor.py:208} INFO - Processing /home/airflow/.local/lib/python3.12/site-packages/airflow/example_dags/example_trigger_target_dag.py took 0.588 seconds
[2024-08-25T00:11:21.811+0000] {processor.py:186} INFO - Started process (PID=709) to work on /home/airflow/.local/lib/python3.12/site-packages/airflow/example_dags/example_trigger_target_dag.py
[2024-08-25T00:11:21.822+0000] {processor.py:914} INFO - Processing file /home/airflow/.local/lib/python3.12/site-packages/airflow/example_dags/example_trigger_target_dag.py for tasks to queue
[2024-08-25T00:11:21.854+0000] {logging_mixin.py:190} INFO - [2024-08-25T00:11:21.853+0000] {dagbag.py:587} INFO - Filling up the DagBag from /home/airflow/.local/lib/python3.12/site-packages/airflow/example_dags/example_trigger_target_dag.py
[2024-08-25T00:11:21.902+0000] {processor.py:925} INFO - DAG(s) 'example_trigger_target_dag' retrieved from /home/airflow/.local/lib/python3.12/site-packages/airflow/example_dags/example_trigger_target_dag.py
[2024-08-25T00:11:22.022+0000] {logging_mixin.py:190} INFO - [2024-08-25T00:11:22.022+0000] {dag.py:3211} INFO - Sync 1 DAGs
[2024-08-25T00:11:22.144+0000] {logging_mixin.py:190} INFO - [2024-08-25T00:11:22.143+0000] {dag.py:4138} INFO - Setting next_dagrun for example_trigger_target_dag to None, run_after=None
[2024-08-25T00:11:22.278+0000] {processor.py:208} INFO - Processing /home/airflow/.local/lib/python3.12/site-packages/airflow/example_dags/example_trigger_target_dag.py took 0.500 seconds
[2024-08-25T00:12:01.333+0000] {processor.py:186} INFO - Started process (PID=779) to work on /home/airflow/.local/lib/python3.12/site-packages/airflow/example_dags/example_trigger_target_dag.py
[2024-08-25T00:12:01.335+0000] {processor.py:914} INFO - Processing file /home/airflow/.local/lib/python3.12/site-packages/airflow/example_dags/example_trigger_target_dag.py for tasks to queue
[2024-08-25T00:12:01.342+0000] {logging_mixin.py:190} INFO - [2024-08-25T00:12:01.341+0000] {dagbag.py:587} INFO - Filling up the DagBag from /home/airflow/.local/lib/python3.12/site-packages/airflow/example_dags/example_trigger_target_dag.py
[2024-08-25T00:12:01.362+0000] {processor.py:925} INFO - DAG(s) 'example_trigger_target_dag' retrieved from /home/airflow/.local/lib/python3.12/site-packages/airflow/example_dags/example_trigger_target_dag.py
[2024-08-25T00:12:01.418+0000] {logging_mixin.py:190} INFO - [2024-08-25T00:12:01.417+0000] {dag.py:3211} INFO - Sync 1 DAGs
[2024-08-25T00:12:01.469+0000] {logging_mixin.py:190} INFO - [2024-08-25T00:12:01.468+0000] {dag.py:4138} INFO - Setting next_dagrun for example_trigger_target_dag to None, run_after=None
[2024-08-25T00:12:01.518+0000] {processor.py:208} INFO - Processing /home/airflow/.local/lib/python3.12/site-packages/airflow/example_dags/example_trigger_target_dag.py took 0.203 seconds
[2024-08-25T00:12:31.928+0000] {processor.py:186} INFO - Started process (PID=842) to work on /home/airflow/.local/lib/python3.12/site-packages/airflow/example_dags/example_trigger_target_dag.py
[2024-08-25T00:12:31.938+0000] {processor.py:914} INFO - Processing file /home/airflow/.local/lib/python3.12/site-packages/airflow/example_dags/example_trigger_target_dag.py for tasks to queue
[2024-08-25T00:12:31.958+0000] {logging_mixin.py:190} INFO - [2024-08-25T00:12:31.951+0000] {dagbag.py:587} INFO - Filling up the DagBag from /home/airflow/.local/lib/python3.12/site-packages/airflow/example_dags/example_trigger_target_dag.py
[2024-08-25T00:12:31.980+0000] {processor.py:925} INFO - DAG(s) 'example_trigger_target_dag' retrieved from /home/airflow/.local/lib/python3.12/site-packages/airflow/example_dags/example_trigger_target_dag.py
[2024-08-25T00:12:32.018+0000] {logging_mixin.py:190} INFO - [2024-08-25T00:12:32.017+0000] {dag.py:3211} INFO - Sync 1 DAGs
[2024-08-25T00:12:32.065+0000] {logging_mixin.py:190} INFO - [2024-08-25T00:12:32.064+0000] {dag.py:4138} INFO - Setting next_dagrun for example_trigger_target_dag to None, run_after=None
[2024-08-25T00:12:32.118+0000] {processor.py:208} INFO - Processing /home/airflow/.local/lib/python3.12/site-packages/airflow/example_dags/example_trigger_target_dag.py took 0.215 seconds
[2024-08-25T00:13:03.470+0000] {processor.py:186} INFO - Started process (PID=905) to work on /home/airflow/.local/lib/python3.12/site-packages/airflow/example_dags/example_trigger_target_dag.py
[2024-08-25T00:13:03.472+0000] {processor.py:914} INFO - Processing file /home/airflow/.local/lib/python3.12/site-packages/airflow/example_dags/example_trigger_target_dag.py for tasks to queue
[2024-08-25T00:13:03.479+0000] {logging_mixin.py:190} INFO - [2024-08-25T00:13:03.478+0000] {dagbag.py:587} INFO - Filling up the DagBag from /home/airflow/.local/lib/python3.12/site-packages/airflow/example_dags/example_trigger_target_dag.py
[2024-08-25T00:13:03.504+0000] {processor.py:925} INFO - DAG(s) 'example_trigger_target_dag' retrieved from /home/airflow/.local/lib/python3.12/site-packages/airflow/example_dags/example_trigger_target_dag.py
[2024-08-25T00:13:03.565+0000] {logging_mixin.py:190} INFO - [2024-08-25T00:13:03.563+0000] {dag.py:3211} INFO - Sync 1 DAGs
[2024-08-25T00:13:03.651+0000] {logging_mixin.py:190} INFO - [2024-08-25T00:13:03.650+0000] {dag.py:4138} INFO - Setting next_dagrun for example_trigger_target_dag to None, run_after=None
[2024-08-25T00:13:03.726+0000] {processor.py:208} INFO - Processing /home/airflow/.local/lib/python3.12/site-packages/airflow/example_dags/example_trigger_target_dag.py took 0.274 seconds
[2024-08-25T00:13:34.665+0000] {processor.py:186} INFO - Started process (PID=968) to work on /home/airflow/.local/lib/python3.12/site-packages/airflow/example_dags/example_trigger_target_dag.py
[2024-08-25T00:13:34.667+0000] {processor.py:914} INFO - Processing file /home/airflow/.local/lib/python3.12/site-packages/airflow/example_dags/example_trigger_target_dag.py for tasks to queue
[2024-08-25T00:13:34.674+0000] {logging_mixin.py:190} INFO - [2024-08-25T00:13:34.673+0000] {dagbag.py:587} INFO - Filling up the DagBag from /home/airflow/.local/lib/python3.12/site-packages/airflow/example_dags/example_trigger_target_dag.py
[2024-08-25T00:13:34.695+0000] {processor.py:925} INFO - DAG(s) 'example_trigger_target_dag' retrieved from /home/airflow/.local/lib/python3.12/site-packages/airflow/example_dags/example_trigger_target_dag.py
[2024-08-25T00:13:34.733+0000] {logging_mixin.py:190} INFO - [2024-08-25T00:13:34.733+0000] {dag.py:3211} INFO - Sync 1 DAGs
[2024-08-25T00:13:34.765+0000] {logging_mixin.py:190} INFO - [2024-08-25T00:13:34.764+0000] {dag.py:4138} INFO - Setting next_dagrun for example_trigger_target_dag to None, run_after=None
[2024-08-25T00:13:34.812+0000] {processor.py:208} INFO - Processing /home/airflow/.local/lib/python3.12/site-packages/airflow/example_dags/example_trigger_target_dag.py took 0.165 seconds
[2024-08-25T00:14:05.475+0000] {processor.py:186} INFO - Started process (PID=1032) to work on /home/airflow/.local/lib/python3.12/site-packages/airflow/example_dags/example_trigger_target_dag.py
[2024-08-25T00:14:05.476+0000] {processor.py:914} INFO - Processing file /home/airflow/.local/lib/python3.12/site-packages/airflow/example_dags/example_trigger_target_dag.py for tasks to queue
[2024-08-25T00:14:05.481+0000] {logging_mixin.py:190} INFO - [2024-08-25T00:14:05.480+0000] {dagbag.py:587} INFO - Filling up the DagBag from /home/airflow/.local/lib/python3.12/site-packages/airflow/example_dags/example_trigger_target_dag.py
[2024-08-25T00:14:05.500+0000] {processor.py:925} INFO - DAG(s) 'example_trigger_target_dag' retrieved from /home/airflow/.local/lib/python3.12/site-packages/airflow/example_dags/example_trigger_target_dag.py
[2024-08-25T00:14:05.538+0000] {logging_mixin.py:190} INFO - [2024-08-25T00:14:05.537+0000] {dag.py:3211} INFO - Sync 1 DAGs
[2024-08-25T00:14:05.568+0000] {logging_mixin.py:190} INFO - [2024-08-25T00:14:05.568+0000] {dag.py:4138} INFO - Setting next_dagrun for example_trigger_target_dag to None, run_after=None
[2024-08-25T00:14:05.603+0000] {processor.py:208} INFO - Processing /home/airflow/.local/lib/python3.12/site-packages/airflow/example_dags/example_trigger_target_dag.py took 0.141 seconds
[2024-08-25T00:14:36.476+0000] {processor.py:186} INFO - Started process (PID=1096) to work on /home/airflow/.local/lib/python3.12/site-packages/airflow/example_dags/example_trigger_target_dag.py
[2024-08-25T00:14:36.485+0000] {processor.py:914} INFO - Processing file /home/airflow/.local/lib/python3.12/site-packages/airflow/example_dags/example_trigger_target_dag.py for tasks to queue
[2024-08-25T00:14:36.532+0000] {logging_mixin.py:190} INFO - [2024-08-25T00:14:36.531+0000] {dagbag.py:587} INFO - Filling up the DagBag from /home/airflow/.local/lib/python3.12/site-packages/airflow/example_dags/example_trigger_target_dag.py
[2024-08-25T00:14:36.667+0000] {processor.py:925} INFO - DAG(s) 'example_trigger_target_dag' retrieved from /home/airflow/.local/lib/python3.12/site-packages/airflow/example_dags/example_trigger_target_dag.py
[2024-08-25T00:14:36.823+0000] {logging_mixin.py:190} INFO - [2024-08-25T00:14:36.822+0000] {dag.py:3211} INFO - Sync 1 DAGs
[2024-08-25T00:14:36.978+0000] {logging_mixin.py:190} INFO - [2024-08-25T00:14:36.977+0000] {dag.py:4138} INFO - Setting next_dagrun for example_trigger_target_dag to None, run_after=None
[2024-08-25T00:14:37.098+0000] {processor.py:208} INFO - Processing /home/airflow/.local/lib/python3.12/site-packages/airflow/example_dags/example_trigger_target_dag.py took 0.661 seconds
[2024-08-25T00:15:08.286+0000] {processor.py:186} INFO - Started process (PID=1161) to work on /home/airflow/.local/lib/python3.12/site-packages/airflow/example_dags/example_trigger_target_dag.py
[2024-08-25T00:15:08.290+0000] {processor.py:914} INFO - Processing file /home/airflow/.local/lib/python3.12/site-packages/airflow/example_dags/example_trigger_target_dag.py for tasks to queue
[2024-08-25T00:15:08.297+0000] {logging_mixin.py:190} INFO - [2024-08-25T00:15:08.296+0000] {dagbag.py:587} INFO - Filling up the DagBag from /home/airflow/.local/lib/python3.12/site-packages/airflow/example_dags/example_trigger_target_dag.py
[2024-08-25T00:15:08.341+0000] {processor.py:925} INFO - DAG(s) 'example_trigger_target_dag' retrieved from /home/airflow/.local/lib/python3.12/site-packages/airflow/example_dags/example_trigger_target_dag.py
[2024-08-25T00:15:08.491+0000] {logging_mixin.py:190} INFO - [2024-08-25T00:15:08.475+0000] {dag.py:3211} INFO - Sync 1 DAGs
[2024-08-25T00:15:08.747+0000] {logging_mixin.py:190} INFO - [2024-08-25T00:15:08.746+0000] {dag.py:4138} INFO - Setting next_dagrun for example_trigger_target_dag to None, run_after=None
[2024-08-25T00:15:08.955+0000] {processor.py:208} INFO - Processing /home/airflow/.local/lib/python3.12/site-packages/airflow/example_dags/example_trigger_target_dag.py took 0.694 seconds
[2024-08-25T00:15:39.326+0000] {processor.py:186} INFO - Started process (PID=1225) to work on /home/airflow/.local/lib/python3.12/site-packages/airflow/example_dags/example_trigger_target_dag.py
[2024-08-25T00:15:39.328+0000] {processor.py:914} INFO - Processing file /home/airflow/.local/lib/python3.12/site-packages/airflow/example_dags/example_trigger_target_dag.py for tasks to queue
[2024-08-25T00:15:39.333+0000] {logging_mixin.py:190} INFO - [2024-08-25T00:15:39.332+0000] {dagbag.py:587} INFO - Filling up the DagBag from /home/airflow/.local/lib/python3.12/site-packages/airflow/example_dags/example_trigger_target_dag.py
[2024-08-25T00:15:39.357+0000] {processor.py:925} INFO - DAG(s) 'example_trigger_target_dag' retrieved from /home/airflow/.local/lib/python3.12/site-packages/airflow/example_dags/example_trigger_target_dag.py
[2024-08-25T00:15:39.422+0000] {logging_mixin.py:190} INFO - [2024-08-25T00:15:39.421+0000] {dag.py:3211} INFO - Sync 1 DAGs
[2024-08-25T00:15:39.495+0000] {logging_mixin.py:190} INFO - [2024-08-25T00:15:39.494+0000] {dag.py:4138} INFO - Setting next_dagrun for example_trigger_target_dag to None, run_after=None
[2024-08-25T00:15:39.574+0000] {processor.py:208} INFO - Processing /home/airflow/.local/lib/python3.12/site-packages/airflow/example_dags/example_trigger_target_dag.py took 0.267 seconds
[2024-08-25T00:16:14.275+0000] {processor.py:186} INFO - Started process (PID=1289) to work on /home/airflow/.local/lib/python3.12/site-packages/airflow/example_dags/example_trigger_target_dag.py
[2024-08-25T00:16:14.290+0000] {processor.py:914} INFO - Processing file /home/airflow/.local/lib/python3.12/site-packages/airflow/example_dags/example_trigger_target_dag.py for tasks to queue
[2024-08-25T00:16:14.298+0000] {logging_mixin.py:190} INFO - [2024-08-25T00:16:14.297+0000] {dagbag.py:587} INFO - Filling up the DagBag from /home/airflow/.local/lib/python3.12/site-packages/airflow/example_dags/example_trigger_target_dag.py
[2024-08-25T00:16:14.363+0000] {processor.py:925} INFO - DAG(s) 'example_trigger_target_dag' retrieved from /home/airflow/.local/lib/python3.12/site-packages/airflow/example_dags/example_trigger_target_dag.py
[2024-08-25T00:16:14.522+0000] {logging_mixin.py:190} INFO - [2024-08-25T00:16:14.521+0000] {dag.py:3211} INFO - Sync 1 DAGs
[2024-08-25T00:16:14.651+0000] {logging_mixin.py:190} INFO - [2024-08-25T00:16:14.650+0000] {dag.py:4138} INFO - Setting next_dagrun for example_trigger_target_dag to None, run_after=None
[2024-08-25T00:16:14.883+0000] {processor.py:208} INFO - Processing /home/airflow/.local/lib/python3.12/site-packages/airflow/example_dags/example_trigger_target_dag.py took 0.672 seconds
[2024-08-25T00:16:45.260+0000] {processor.py:186} INFO - Started process (PID=1352) to work on /home/airflow/.local/lib/python3.12/site-packages/airflow/example_dags/example_trigger_target_dag.py
[2024-08-25T00:16:45.262+0000] {processor.py:914} INFO - Processing file /home/airflow/.local/lib/python3.12/site-packages/airflow/example_dags/example_trigger_target_dag.py for tasks to queue
[2024-08-25T00:16:45.270+0000] {logging_mixin.py:190} INFO - [2024-08-25T00:16:45.269+0000] {dagbag.py:587} INFO - Filling up the DagBag from /home/airflow/.local/lib/python3.12/site-packages/airflow/example_dags/example_trigger_target_dag.py
[2024-08-25T00:16:45.312+0000] {processor.py:925} INFO - DAG(s) 'example_trigger_target_dag' retrieved from /home/airflow/.local/lib/python3.12/site-packages/airflow/example_dags/example_trigger_target_dag.py
[2024-08-25T00:16:45.368+0000] {logging_mixin.py:190} INFO - [2024-08-25T00:16:45.367+0000] {dag.py:3211} INFO - Sync 1 DAGs
[2024-08-25T00:16:45.413+0000] {logging_mixin.py:190} INFO - [2024-08-25T00:16:45.412+0000] {dag.py:4138} INFO - Setting next_dagrun for example_trigger_target_dag to None, run_after=None
[2024-08-25T00:16:45.453+0000] {processor.py:208} INFO - Processing /home/airflow/.local/lib/python3.12/site-packages/airflow/example_dags/example_trigger_target_dag.py took 0.215 seconds
[2024-08-25T00:17:17.449+0000] {processor.py:186} INFO - Started process (PID=1410) to work on /home/airflow/.local/lib/python3.12/site-packages/airflow/example_dags/example_trigger_target_dag.py
[2024-08-25T00:17:17.452+0000] {processor.py:914} INFO - Processing file /home/airflow/.local/lib/python3.12/site-packages/airflow/example_dags/example_trigger_target_dag.py for tasks to queue
[2024-08-25T00:17:17.468+0000] {logging_mixin.py:190} INFO - [2024-08-25T00:17:17.466+0000] {dagbag.py:587} INFO - Filling up the DagBag from /home/airflow/.local/lib/python3.12/site-packages/airflow/example_dags/example_trigger_target_dag.py
[2024-08-25T00:17:17.497+0000] {processor.py:925} INFO - DAG(s) 'example_trigger_target_dag' retrieved from /home/airflow/.local/lib/python3.12/site-packages/airflow/example_dags/example_trigger_target_dag.py
[2024-08-25T00:17:17.583+0000] {logging_mixin.py:190} INFO - [2024-08-25T00:17:17.583+0000] {dag.py:3211} INFO - Sync 1 DAGs
[2024-08-25T00:17:17.657+0000] {logging_mixin.py:190} INFO - [2024-08-25T00:17:17.657+0000] {dag.py:4138} INFO - Setting next_dagrun for example_trigger_target_dag to None, run_after=None
[2024-08-25T00:17:17.741+0000] {processor.py:208} INFO - Processing /home/airflow/.local/lib/python3.12/site-packages/airflow/example_dags/example_trigger_target_dag.py took 0.328 seconds
[2024-08-25T00:17:49.616+0000] {processor.py:186} INFO - Started process (PID=1473) to work on /home/airflow/.local/lib/python3.12/site-packages/airflow/example_dags/example_trigger_target_dag.py
[2024-08-25T00:17:49.636+0000] {processor.py:914} INFO - Processing file /home/airflow/.local/lib/python3.12/site-packages/airflow/example_dags/example_trigger_target_dag.py for tasks to queue
[2024-08-25T00:17:49.670+0000] {logging_mixin.py:190} INFO - [2024-08-25T00:17:49.669+0000] {dagbag.py:587} INFO - Filling up the DagBag from /home/airflow/.local/lib/python3.12/site-packages/airflow/example_dags/example_trigger_target_dag.py
[2024-08-25T00:17:49.776+0000] {processor.py:925} INFO - DAG(s) 'example_trigger_target_dag' retrieved from /home/airflow/.local/lib/python3.12/site-packages/airflow/example_dags/example_trigger_target_dag.py
[2024-08-25T00:17:50.150+0000] {logging_mixin.py:190} INFO - [2024-08-25T00:17:50.149+0000] {dag.py:3211} INFO - Sync 1 DAGs
[2024-08-25T00:17:50.331+0000] {logging_mixin.py:190} INFO - [2024-08-25T00:17:50.330+0000] {dag.py:4138} INFO - Setting next_dagrun for example_trigger_target_dag to None, run_after=None
[2024-08-25T00:17:50.587+0000] {processor.py:208} INFO - Processing /home/airflow/.local/lib/python3.12/site-packages/airflow/example_dags/example_trigger_target_dag.py took 1.030 seconds
[2024-08-25T00:18:20.761+0000] {processor.py:186} INFO - Started process (PID=1535) to work on /home/airflow/.local/lib/python3.12/site-packages/airflow/example_dags/example_trigger_target_dag.py
[2024-08-25T00:18:20.768+0000] {processor.py:914} INFO - Processing file /home/airflow/.local/lib/python3.12/site-packages/airflow/example_dags/example_trigger_target_dag.py for tasks to queue
[2024-08-25T00:18:20.787+0000] {logging_mixin.py:190} INFO - [2024-08-25T00:18:20.786+0000] {dagbag.py:587} INFO - Filling up the DagBag from /home/airflow/.local/lib/python3.12/site-packages/airflow/example_dags/example_trigger_target_dag.py
[2024-08-25T00:18:20.837+0000] {processor.py:925} INFO - DAG(s) 'example_trigger_target_dag' retrieved from /home/airflow/.local/lib/python3.12/site-packages/airflow/example_dags/example_trigger_target_dag.py
[2024-08-25T00:18:20.940+0000] {logging_mixin.py:190} INFO - [2024-08-25T00:18:20.939+0000] {dag.py:3211} INFO - Sync 1 DAGs
[2024-08-25T00:18:21.003+0000] {logging_mixin.py:190} INFO - [2024-08-25T00:18:21.002+0000] {dag.py:4138} INFO - Setting next_dagrun for example_trigger_target_dag to None, run_after=None
[2024-08-25T00:18:21.057+0000] {processor.py:208} INFO - Processing /home/airflow/.local/lib/python3.12/site-packages/airflow/example_dags/example_trigger_target_dag.py took 0.323 seconds
[2024-08-25T00:18:51.560+0000] {processor.py:186} INFO - Started process (PID=1598) to work on /home/airflow/.local/lib/python3.12/site-packages/airflow/example_dags/example_trigger_target_dag.py
[2024-08-25T00:18:51.562+0000] {processor.py:914} INFO - Processing file /home/airflow/.local/lib/python3.12/site-packages/airflow/example_dags/example_trigger_target_dag.py for tasks to queue
[2024-08-25T00:18:51.569+0000] {logging_mixin.py:190} INFO - [2024-08-25T00:18:51.568+0000] {dagbag.py:587} INFO - Filling up the DagBag from /home/airflow/.local/lib/python3.12/site-packages/airflow/example_dags/example_trigger_target_dag.py
[2024-08-25T00:18:51.597+0000] {processor.py:925} INFO - DAG(s) 'example_trigger_target_dag' retrieved from /home/airflow/.local/lib/python3.12/site-packages/airflow/example_dags/example_trigger_target_dag.py
[2024-08-25T00:18:51.678+0000] {logging_mixin.py:190} INFO - [2024-08-25T00:18:51.677+0000] {dag.py:3211} INFO - Sync 1 DAGs
[2024-08-25T00:18:51.797+0000] {logging_mixin.py:190} INFO - [2024-08-25T00:18:51.796+0000] {dag.py:4138} INFO - Setting next_dagrun for example_trigger_target_dag to None, run_after=None
[2024-08-25T00:18:51.966+0000] {processor.py:208} INFO - Processing /home/airflow/.local/lib/python3.12/site-packages/airflow/example_dags/example_trigger_target_dag.py took 0.424 seconds
[2024-08-25T00:19:22.419+0000] {processor.py:186} INFO - Started process (PID=1661) to work on /home/airflow/.local/lib/python3.12/site-packages/airflow/example_dags/example_trigger_target_dag.py
[2024-08-25T00:19:22.421+0000] {processor.py:914} INFO - Processing file /home/airflow/.local/lib/python3.12/site-packages/airflow/example_dags/example_trigger_target_dag.py for tasks to queue
[2024-08-25T00:19:22.436+0000] {logging_mixin.py:190} INFO - [2024-08-25T00:19:22.435+0000] {dagbag.py:587} INFO - Filling up the DagBag from /home/airflow/.local/lib/python3.12/site-packages/airflow/example_dags/example_trigger_target_dag.py
[2024-08-25T00:19:22.467+0000] {processor.py:925} INFO - DAG(s) 'example_trigger_target_dag' retrieved from /home/airflow/.local/lib/python3.12/site-packages/airflow/example_dags/example_trigger_target_dag.py
[2024-08-25T00:19:22.560+0000] {logging_mixin.py:190} INFO - [2024-08-25T00:19:22.560+0000] {dag.py:3211} INFO - Sync 1 DAGs
[2024-08-25T00:19:22.743+0000] {logging_mixin.py:190} INFO - [2024-08-25T00:19:22.742+0000] {dag.py:4138} INFO - Setting next_dagrun for example_trigger_target_dag to None, run_after=None
[2024-08-25T00:19:22.904+0000] {processor.py:208} INFO - Processing /home/airflow/.local/lib/python3.12/site-packages/airflow/example_dags/example_trigger_target_dag.py took 0.503 seconds
[2024-08-25T00:19:53.842+0000] {processor.py:186} INFO - Started process (PID=1724) to work on /home/airflow/.local/lib/python3.12/site-packages/airflow/example_dags/example_trigger_target_dag.py
[2024-08-25T00:19:53.845+0000] {processor.py:914} INFO - Processing file /home/airflow/.local/lib/python3.12/site-packages/airflow/example_dags/example_trigger_target_dag.py for tasks to queue
[2024-08-25T00:19:53.854+0000] {logging_mixin.py:190} INFO - [2024-08-25T00:19:53.852+0000] {dagbag.py:587} INFO - Filling up the DagBag from /home/airflow/.local/lib/python3.12/site-packages/airflow/example_dags/example_trigger_target_dag.py
[2024-08-25T00:19:53.883+0000] {processor.py:925} INFO - DAG(s) 'example_trigger_target_dag' retrieved from /home/airflow/.local/lib/python3.12/site-packages/airflow/example_dags/example_trigger_target_dag.py
[2024-08-25T00:19:53.944+0000] {logging_mixin.py:190} INFO - [2024-08-25T00:19:53.943+0000] {dag.py:3211} INFO - Sync 1 DAGs
[2024-08-25T00:19:53.997+0000] {logging_mixin.py:190} INFO - [2024-08-25T00:19:53.997+0000] {dag.py:4138} INFO - Setting next_dagrun for example_trigger_target_dag to None, run_after=None
[2024-08-25T00:19:54.043+0000] {processor.py:208} INFO - Processing /home/airflow/.local/lib/python3.12/site-packages/airflow/example_dags/example_trigger_target_dag.py took 0.224 seconds
[2024-08-25T00:20:24.417+0000] {processor.py:186} INFO - Started process (PID=1788) to work on /home/airflow/.local/lib/python3.12/site-packages/airflow/example_dags/example_trigger_target_dag.py
[2024-08-25T00:20:24.423+0000] {processor.py:914} INFO - Processing file /home/airflow/.local/lib/python3.12/site-packages/airflow/example_dags/example_trigger_target_dag.py for tasks to queue
[2024-08-25T00:20:24.438+0000] {logging_mixin.py:190} INFO - [2024-08-25T00:20:24.437+0000] {dagbag.py:587} INFO - Filling up the DagBag from /home/airflow/.local/lib/python3.12/site-packages/airflow/example_dags/example_trigger_target_dag.py
[2024-08-25T00:20:24.479+0000] {processor.py:925} INFO - DAG(s) 'example_trigger_target_dag' retrieved from /home/airflow/.local/lib/python3.12/site-packages/airflow/example_dags/example_trigger_target_dag.py
[2024-08-25T00:20:24.642+0000] {logging_mixin.py:190} INFO - [2024-08-25T00:20:24.642+0000] {dag.py:3211} INFO - Sync 1 DAGs
[2024-08-25T00:20:24.799+0000] {logging_mixin.py:190} INFO - [2024-08-25T00:20:24.799+0000] {dag.py:4138} INFO - Setting next_dagrun for example_trigger_target_dag to None, run_after=None
[2024-08-25T00:20:24.874+0000] {processor.py:208} INFO - Processing /home/airflow/.local/lib/python3.12/site-packages/airflow/example_dags/example_trigger_target_dag.py took 0.483 seconds
[2024-08-25T00:20:55.678+0000] {processor.py:186} INFO - Started process (PID=1850) to work on /home/airflow/.local/lib/python3.12/site-packages/airflow/example_dags/example_trigger_target_dag.py
[2024-08-25T00:20:55.681+0000] {processor.py:914} INFO - Processing file /home/airflow/.local/lib/python3.12/site-packages/airflow/example_dags/example_trigger_target_dag.py for tasks to queue
[2024-08-25T00:20:55.687+0000] {logging_mixin.py:190} INFO - [2024-08-25T00:20:55.686+0000] {dagbag.py:587} INFO - Filling up the DagBag from /home/airflow/.local/lib/python3.12/site-packages/airflow/example_dags/example_trigger_target_dag.py
[2024-08-25T00:20:55.711+0000] {processor.py:925} INFO - DAG(s) 'example_trigger_target_dag' retrieved from /home/airflow/.local/lib/python3.12/site-packages/airflow/example_dags/example_trigger_target_dag.py
[2024-08-25T00:20:55.768+0000] {logging_mixin.py:190} INFO - [2024-08-25T00:20:55.767+0000] {dag.py:3211} INFO - Sync 1 DAGs
[2024-08-25T00:20:55.811+0000] {logging_mixin.py:190} INFO - [2024-08-25T00:20:55.811+0000] {dag.py:4138} INFO - Setting next_dagrun for example_trigger_target_dag to None, run_after=None
[2024-08-25T00:20:55.856+0000] {processor.py:208} INFO - Processing /home/airflow/.local/lib/python3.12/site-packages/airflow/example_dags/example_trigger_target_dag.py took 0.193 seconds
[2024-08-25T00:26:23.903+0000] {processor.py:186} INFO - Started process (PID=87) to work on /home/airflow/.local/lib/python3.12/site-packages/airflow/example_dags/example_trigger_target_dag.py
[2024-08-25T00:26:23.919+0000] {processor.py:914} INFO - Processing file /home/airflow/.local/lib/python3.12/site-packages/airflow/example_dags/example_trigger_target_dag.py for tasks to queue
[2024-08-25T00:26:23.928+0000] {logging_mixin.py:190} INFO - [2024-08-25T00:26:23.926+0000] {dagbag.py:587} INFO - Filling up the DagBag from /home/airflow/.local/lib/python3.12/site-packages/airflow/example_dags/example_trigger_target_dag.py
[2024-08-25T00:26:24.035+0000] {processor.py:925} INFO - DAG(s) 'example_trigger_target_dag' retrieved from /home/airflow/.local/lib/python3.12/site-packages/airflow/example_dags/example_trigger_target_dag.py
[2024-08-25T00:26:24.262+0000] {logging_mixin.py:190} INFO - [2024-08-25T00:26:24.261+0000] {dag.py:3211} INFO - Sync 1 DAGs
[2024-08-25T00:26:24.444+0000] {logging_mixin.py:190} INFO - [2024-08-25T00:26:24.443+0000] {dag.py:4138} INFO - Setting next_dagrun for example_trigger_target_dag to None, run_after=None
[2024-08-25T00:26:24.913+0000] {processor.py:208} INFO - Processing /home/airflow/.local/lib/python3.12/site-packages/airflow/example_dags/example_trigger_target_dag.py took 1.095 seconds
[2024-08-25T00:27:22.190+0000] {processor.py:186} INFO - Started process (PID=155) to work on /home/airflow/.local/lib/python3.12/site-packages/airflow/example_dags/example_trigger_target_dag.py
[2024-08-25T00:27:22.192+0000] {processor.py:914} INFO - Processing file /home/airflow/.local/lib/python3.12/site-packages/airflow/example_dags/example_trigger_target_dag.py for tasks to queue
[2024-08-25T00:27:22.221+0000] {logging_mixin.py:190} INFO - [2024-08-25T00:27:22.219+0000] {dagbag.py:587} INFO - Filling up the DagBag from /home/airflow/.local/lib/python3.12/site-packages/airflow/example_dags/example_trigger_target_dag.py
[2024-08-25T00:27:22.291+0000] {processor.py:925} INFO - DAG(s) 'example_trigger_target_dag' retrieved from /home/airflow/.local/lib/python3.12/site-packages/airflow/example_dags/example_trigger_target_dag.py
[2024-08-25T00:27:22.435+0000] {logging_mixin.py:190} INFO - [2024-08-25T00:27:22.434+0000] {dag.py:3211} INFO - Sync 1 DAGs
[2024-08-25T00:27:22.550+0000] {logging_mixin.py:190} INFO - [2024-08-25T00:27:22.550+0000] {dag.py:4138} INFO - Setting next_dagrun for example_trigger_target_dag to None, run_after=None
[2024-08-25T00:27:22.692+0000] {processor.py:208} INFO - Processing /home/airflow/.local/lib/python3.12/site-packages/airflow/example_dags/example_trigger_target_dag.py took 0.545 seconds
[2024-08-25T00:28:09.210+0000] {processor.py:186} INFO - Started process (PID=215) to work on /home/airflow/.local/lib/python3.12/site-packages/airflow/example_dags/example_trigger_target_dag.py
[2024-08-25T00:28:09.227+0000] {processor.py:914} INFO - Processing file /home/airflow/.local/lib/python3.12/site-packages/airflow/example_dags/example_trigger_target_dag.py for tasks to queue
[2024-08-25T00:28:09.256+0000] {logging_mixin.py:190} INFO - [2024-08-25T00:28:09.245+0000] {dagbag.py:587} INFO - Filling up the DagBag from /home/airflow/.local/lib/python3.12/site-packages/airflow/example_dags/example_trigger_target_dag.py
[2024-08-25T00:28:09.339+0000] {processor.py:925} INFO - DAG(s) 'example_trigger_target_dag' retrieved from /home/airflow/.local/lib/python3.12/site-packages/airflow/example_dags/example_trigger_target_dag.py
[2024-08-25T00:28:09.512+0000] {logging_mixin.py:190} INFO - [2024-08-25T00:28:09.511+0000] {dag.py:3211} INFO - Sync 1 DAGs
[2024-08-25T00:28:09.631+0000] {logging_mixin.py:190} INFO - [2024-08-25T00:28:09.631+0000] {dag.py:4138} INFO - Setting next_dagrun for example_trigger_target_dag to None, run_after=None
[2024-08-25T00:28:09.788+0000] {processor.py:208} INFO - Processing /home/airflow/.local/lib/python3.12/site-packages/airflow/example_dags/example_trigger_target_dag.py took 0.628 seconds
[2024-08-25T00:28:48.239+0000] {processor.py:186} INFO - Started process (PID=278) to work on /home/airflow/.local/lib/python3.12/site-packages/airflow/example_dags/example_trigger_target_dag.py
[2024-08-25T00:28:48.242+0000] {processor.py:914} INFO - Processing file /home/airflow/.local/lib/python3.12/site-packages/airflow/example_dags/example_trigger_target_dag.py for tasks to queue
[2024-08-25T00:28:48.251+0000] {logging_mixin.py:190} INFO - [2024-08-25T00:28:48.250+0000] {dagbag.py:587} INFO - Filling up the DagBag from /home/airflow/.local/lib/python3.12/site-packages/airflow/example_dags/example_trigger_target_dag.py
[2024-08-25T00:28:48.290+0000] {processor.py:925} INFO - DAG(s) 'example_trigger_target_dag' retrieved from /home/airflow/.local/lib/python3.12/site-packages/airflow/example_dags/example_trigger_target_dag.py
[2024-08-25T00:28:48.399+0000] {logging_mixin.py:190} INFO - [2024-08-25T00:28:48.398+0000] {dag.py:3211} INFO - Sync 1 DAGs
[2024-08-25T00:28:48.472+0000] {logging_mixin.py:190} INFO - [2024-08-25T00:28:48.471+0000] {dag.py:4138} INFO - Setting next_dagrun for example_trigger_target_dag to None, run_after=None
[2024-08-25T00:28:48.571+0000] {processor.py:208} INFO - Processing /home/airflow/.local/lib/python3.12/site-packages/airflow/example_dags/example_trigger_target_dag.py took 0.363 seconds
[2024-08-25T00:29:20.885+0000] {processor.py:186} INFO - Started process (PID=341) to work on /home/airflow/.local/lib/python3.12/site-packages/airflow/example_dags/example_trigger_target_dag.py
[2024-08-25T00:29:20.887+0000] {processor.py:914} INFO - Processing file /home/airflow/.local/lib/python3.12/site-packages/airflow/example_dags/example_trigger_target_dag.py for tasks to queue
[2024-08-25T00:29:20.899+0000] {logging_mixin.py:190} INFO - [2024-08-25T00:29:20.898+0000] {dagbag.py:587} INFO - Filling up the DagBag from /home/airflow/.local/lib/python3.12/site-packages/airflow/example_dags/example_trigger_target_dag.py
[2024-08-25T00:29:20.938+0000] {processor.py:925} INFO - DAG(s) 'example_trigger_target_dag' retrieved from /home/airflow/.local/lib/python3.12/site-packages/airflow/example_dags/example_trigger_target_dag.py
[2024-08-25T00:29:21.014+0000] {logging_mixin.py:190} INFO - [2024-08-25T00:29:21.013+0000] {dag.py:3211} INFO - Sync 1 DAGs
[2024-08-25T00:29:21.069+0000] {logging_mixin.py:190} INFO - [2024-08-25T00:29:21.068+0000] {dag.py:4138} INFO - Setting next_dagrun for example_trigger_target_dag to None, run_after=None
[2024-08-25T00:29:21.137+0000] {processor.py:208} INFO - Processing /home/airflow/.local/lib/python3.12/site-packages/airflow/example_dags/example_trigger_target_dag.py took 0.275 seconds
[2024-08-25T00:29:52.317+0000] {processor.py:186} INFO - Started process (PID=403) to work on /home/airflow/.local/lib/python3.12/site-packages/airflow/example_dags/example_trigger_target_dag.py
[2024-08-25T00:29:52.319+0000] {processor.py:914} INFO - Processing file /home/airflow/.local/lib/python3.12/site-packages/airflow/example_dags/example_trigger_target_dag.py for tasks to queue
[2024-08-25T00:29:52.331+0000] {logging_mixin.py:190} INFO - [2024-08-25T00:29:52.330+0000] {dagbag.py:587} INFO - Filling up the DagBag from /home/airflow/.local/lib/python3.12/site-packages/airflow/example_dags/example_trigger_target_dag.py
[2024-08-25T00:29:52.383+0000] {processor.py:925} INFO - DAG(s) 'example_trigger_target_dag' retrieved from /home/airflow/.local/lib/python3.12/site-packages/airflow/example_dags/example_trigger_target_dag.py
[2024-08-25T00:29:52.492+0000] {logging_mixin.py:190} INFO - [2024-08-25T00:29:52.490+0000] {dag.py:3211} INFO - Sync 1 DAGs
[2024-08-25T00:29:52.562+0000] {logging_mixin.py:190} INFO - [2024-08-25T00:29:52.562+0000] {dag.py:4138} INFO - Setting next_dagrun for example_trigger_target_dag to None, run_after=None
[2024-08-25T00:29:52.637+0000] {processor.py:208} INFO - Processing /home/airflow/.local/lib/python3.12/site-packages/airflow/example_dags/example_trigger_target_dag.py took 0.343 seconds
[2024-08-25T00:30:32.682+0000] {processor.py:186} INFO - Started process (PID=473) to work on /home/airflow/.local/lib/python3.12/site-packages/airflow/example_dags/example_trigger_target_dag.py
[2024-08-25T00:30:32.686+0000] {processor.py:914} INFO - Processing file /home/airflow/.local/lib/python3.12/site-packages/airflow/example_dags/example_trigger_target_dag.py for tasks to queue
[2024-08-25T00:30:32.720+0000] {logging_mixin.py:190} INFO - [2024-08-25T00:30:32.715+0000] {dagbag.py:587} INFO - Filling up the DagBag from /home/airflow/.local/lib/python3.12/site-packages/airflow/example_dags/example_trigger_target_dag.py
[2024-08-25T00:30:32.806+0000] {processor.py:925} INFO - DAG(s) 'example_trigger_target_dag' retrieved from /home/airflow/.local/lib/python3.12/site-packages/airflow/example_dags/example_trigger_target_dag.py
[2024-08-25T00:30:32.919+0000] {logging_mixin.py:190} INFO - [2024-08-25T00:30:32.918+0000] {dag.py:3211} INFO - Sync 1 DAGs
[2024-08-25T00:30:33.001+0000] {logging_mixin.py:190} INFO - [2024-08-25T00:30:33.001+0000] {dag.py:4138} INFO - Setting next_dagrun for example_trigger_target_dag to None, run_after=None
[2024-08-25T00:30:33.108+0000] {processor.py:208} INFO - Processing /home/airflow/.local/lib/python3.12/site-packages/airflow/example_dags/example_trigger_target_dag.py took 0.468 seconds
[2024-08-25T00:31:04.507+0000] {processor.py:186} INFO - Started process (PID=537) to work on /home/airflow/.local/lib/python3.12/site-packages/airflow/example_dags/example_trigger_target_dag.py
[2024-08-25T00:31:04.521+0000] {processor.py:914} INFO - Processing file /home/airflow/.local/lib/python3.12/site-packages/airflow/example_dags/example_trigger_target_dag.py for tasks to queue
[2024-08-25T00:31:04.534+0000] {logging_mixin.py:190} INFO - [2024-08-25T00:31:04.533+0000] {dagbag.py:587} INFO - Filling up the DagBag from /home/airflow/.local/lib/python3.12/site-packages/airflow/example_dags/example_trigger_target_dag.py
[2024-08-25T00:31:04.643+0000] {processor.py:925} INFO - DAG(s) 'example_trigger_target_dag' retrieved from /home/airflow/.local/lib/python3.12/site-packages/airflow/example_dags/example_trigger_target_dag.py
[2024-08-25T00:31:04.815+0000] {logging_mixin.py:190} INFO - [2024-08-25T00:31:04.814+0000] {dag.py:3211} INFO - Sync 1 DAGs
[2024-08-25T00:31:04.965+0000] {logging_mixin.py:190} INFO - [2024-08-25T00:31:04.964+0000] {dag.py:4138} INFO - Setting next_dagrun for example_trigger_target_dag to None, run_after=None
[2024-08-25T00:31:05.132+0000] {processor.py:208} INFO - Processing /home/airflow/.local/lib/python3.12/site-packages/airflow/example_dags/example_trigger_target_dag.py took 0.670 seconds
[2024-08-25T00:31:51.031+0000] {processor.py:186} INFO - Started process (PID=596) to work on /home/airflow/.local/lib/python3.12/site-packages/airflow/example_dags/example_trigger_target_dag.py
[2024-08-25T00:31:51.045+0000] {processor.py:914} INFO - Processing file /home/airflow/.local/lib/python3.12/site-packages/airflow/example_dags/example_trigger_target_dag.py for tasks to queue
[2024-08-25T00:31:51.111+0000] {logging_mixin.py:190} INFO - [2024-08-25T00:31:51.081+0000] {dagbag.py:587} INFO - Filling up the DagBag from /home/airflow/.local/lib/python3.12/site-packages/airflow/example_dags/example_trigger_target_dag.py
[2024-08-25T00:31:51.307+0000] {processor.py:925} INFO - DAG(s) 'example_trigger_target_dag' retrieved from /home/airflow/.local/lib/python3.12/site-packages/airflow/example_dags/example_trigger_target_dag.py
[2024-08-25T00:31:51.787+0000] {logging_mixin.py:190} INFO - [2024-08-25T00:31:51.787+0000] {dag.py:3211} INFO - Sync 1 DAGs
[2024-08-25T00:31:52.086+0000] {logging_mixin.py:190} INFO - [2024-08-25T00:31:52.084+0000] {dag.py:4138} INFO - Setting next_dagrun for example_trigger_target_dag to None, run_after=None
[2024-08-25T00:31:52.301+0000] {processor.py:208} INFO - Processing /home/airflow/.local/lib/python3.12/site-packages/airflow/example_dags/example_trigger_target_dag.py took 1.451 seconds
[2024-08-25T00:32:22.877+0000] {processor.py:186} INFO - Started process (PID=658) to work on /home/airflow/.local/lib/python3.12/site-packages/airflow/example_dags/example_trigger_target_dag.py
[2024-08-25T00:32:22.886+0000] {processor.py:914} INFO - Processing file /home/airflow/.local/lib/python3.12/site-packages/airflow/example_dags/example_trigger_target_dag.py for tasks to queue
[2024-08-25T00:32:22.899+0000] {logging_mixin.py:190} INFO - [2024-08-25T00:32:22.896+0000] {dagbag.py:587} INFO - Filling up the DagBag from /home/airflow/.local/lib/python3.12/site-packages/airflow/example_dags/example_trigger_target_dag.py
[2024-08-25T00:32:22.962+0000] {processor.py:925} INFO - DAG(s) 'example_trigger_target_dag' retrieved from /home/airflow/.local/lib/python3.12/site-packages/airflow/example_dags/example_trigger_target_dag.py
[2024-08-25T00:32:23.106+0000] {logging_mixin.py:190} INFO - [2024-08-25T00:32:23.106+0000] {dag.py:3211} INFO - Sync 1 DAGs
[2024-08-25T00:32:23.199+0000] {logging_mixin.py:190} INFO - [2024-08-25T00:32:23.198+0000] {dag.py:4138} INFO - Setting next_dagrun for example_trigger_target_dag to None, run_after=None
[2024-08-25T00:32:23.315+0000] {processor.py:208} INFO - Processing /home/airflow/.local/lib/python3.12/site-packages/airflow/example_dags/example_trigger_target_dag.py took 0.493 seconds
[2024-08-25T00:33:03.211+0000] {processor.py:186} INFO - Started process (PID=712) to work on /home/airflow/.local/lib/python3.12/site-packages/airflow/example_dags/example_trigger_target_dag.py
[2024-08-25T00:33:03.213+0000] {processor.py:914} INFO - Processing file /home/airflow/.local/lib/python3.12/site-packages/airflow/example_dags/example_trigger_target_dag.py for tasks to queue
[2024-08-25T00:33:03.232+0000] {logging_mixin.py:190} INFO - [2024-08-25T00:33:03.231+0000] {dagbag.py:587} INFO - Filling up the DagBag from /home/airflow/.local/lib/python3.12/site-packages/airflow/example_dags/example_trigger_target_dag.py
[2024-08-25T00:33:03.290+0000] {processor.py:925} INFO - DAG(s) 'example_trigger_target_dag' retrieved from /home/airflow/.local/lib/python3.12/site-packages/airflow/example_dags/example_trigger_target_dag.py
[2024-08-25T00:33:03.527+0000] {logging_mixin.py:190} INFO - [2024-08-25T00:33:03.526+0000] {dag.py:3211} INFO - Sync 1 DAGs
[2024-08-25T00:33:03.767+0000] {logging_mixin.py:190} INFO - [2024-08-25T00:33:03.766+0000] {dag.py:4138} INFO - Setting next_dagrun for example_trigger_target_dag to None, run_after=None
[2024-08-25T00:33:04.384+0000] {processor.py:208} INFO - Processing /home/airflow/.local/lib/python3.12/site-packages/airflow/example_dags/example_trigger_target_dag.py took 1.211 seconds
[2024-08-25T00:33:58.698+0000] {processor.py:186} INFO - Started process (PID=775) to work on /home/airflow/.local/lib/python3.12/site-packages/airflow/example_dags/example_trigger_target_dag.py
[2024-08-25T00:33:58.762+0000] {processor.py:914} INFO - Processing file /home/airflow/.local/lib/python3.12/site-packages/airflow/example_dags/example_trigger_target_dag.py for tasks to queue
[2024-08-25T00:33:58.830+0000] {logging_mixin.py:190} INFO - [2024-08-25T00:33:58.829+0000] {dagbag.py:587} INFO - Filling up the DagBag from /home/airflow/.local/lib/python3.12/site-packages/airflow/example_dags/example_trigger_target_dag.py
[2024-08-25T00:33:59.046+0000] {processor.py:925} INFO - DAG(s) 'example_trigger_target_dag' retrieved from /home/airflow/.local/lib/python3.12/site-packages/airflow/example_dags/example_trigger_target_dag.py
[2024-08-25T00:33:59.366+0000] {logging_mixin.py:190} INFO - [2024-08-25T00:33:59.365+0000] {dag.py:3211} INFO - Sync 1 DAGs
[2024-08-25T00:33:59.515+0000] {logging_mixin.py:190} INFO - [2024-08-25T00:33:59.515+0000] {dag.py:4138} INFO - Setting next_dagrun for example_trigger_target_dag to None, run_after=None
[2024-08-25T00:33:59.755+0000] {processor.py:208} INFO - Processing /home/airflow/.local/lib/python3.12/site-packages/airflow/example_dags/example_trigger_target_dag.py took 1.122 seconds
[2024-08-25T00:34:30.936+0000] {processor.py:186} INFO - Started process (PID=839) to work on /home/airflow/.local/lib/python3.12/site-packages/airflow/example_dags/example_trigger_target_dag.py
[2024-08-25T00:34:30.971+0000] {processor.py:914} INFO - Processing file /home/airflow/.local/lib/python3.12/site-packages/airflow/example_dags/example_trigger_target_dag.py for tasks to queue
[2024-08-25T00:34:30.994+0000] {logging_mixin.py:190} INFO - [2024-08-25T00:34:30.993+0000] {dagbag.py:587} INFO - Filling up the DagBag from /home/airflow/.local/lib/python3.12/site-packages/airflow/example_dags/example_trigger_target_dag.py
[2024-08-25T00:34:31.139+0000] {processor.py:925} INFO - DAG(s) 'example_trigger_target_dag' retrieved from /home/airflow/.local/lib/python3.12/site-packages/airflow/example_dags/example_trigger_target_dag.py
[2024-08-25T00:34:31.335+0000] {logging_mixin.py:190} INFO - [2024-08-25T00:34:31.334+0000] {dag.py:3211} INFO - Sync 1 DAGs
[2024-08-25T00:34:31.570+0000] {logging_mixin.py:190} INFO - [2024-08-25T00:34:31.569+0000] {dag.py:4138} INFO - Setting next_dagrun for example_trigger_target_dag to None, run_after=None
[2024-08-25T00:34:31.903+0000] {processor.py:208} INFO - Processing /home/airflow/.local/lib/python3.12/site-packages/airflow/example_dags/example_trigger_target_dag.py took 1.013 seconds
[2024-08-25T00:35:02.926+0000] {processor.py:186} INFO - Started process (PID=901) to work on /home/airflow/.local/lib/python3.12/site-packages/airflow/example_dags/example_trigger_target_dag.py
[2024-08-25T00:35:02.938+0000] {processor.py:914} INFO - Processing file /home/airflow/.local/lib/python3.12/site-packages/airflow/example_dags/example_trigger_target_dag.py for tasks to queue
[2024-08-25T00:35:02.956+0000] {logging_mixin.py:190} INFO - [2024-08-25T00:35:02.955+0000] {dagbag.py:587} INFO - Filling up the DagBag from /home/airflow/.local/lib/python3.12/site-packages/airflow/example_dags/example_trigger_target_dag.py
[2024-08-25T00:35:03.036+0000] {processor.py:925} INFO - DAG(s) 'example_trigger_target_dag' retrieved from /home/airflow/.local/lib/python3.12/site-packages/airflow/example_dags/example_trigger_target_dag.py
[2024-08-25T00:35:03.176+0000] {logging_mixin.py:190} INFO - [2024-08-25T00:35:03.175+0000] {dag.py:3211} INFO - Sync 1 DAGs
[2024-08-25T00:35:03.350+0000] {logging_mixin.py:190} INFO - [2024-08-25T00:35:03.350+0000] {dag.py:4138} INFO - Setting next_dagrun for example_trigger_target_dag to None, run_after=None
[2024-08-25T00:35:03.635+0000] {processor.py:208} INFO - Processing /home/airflow/.local/lib/python3.12/site-packages/airflow/example_dags/example_trigger_target_dag.py took 0.760 seconds
[2024-08-25T00:35:37.038+0000] {processor.py:186} INFO - Started process (PID=969) to work on /home/airflow/.local/lib/python3.12/site-packages/airflow/example_dags/example_trigger_target_dag.py
[2024-08-25T00:35:37.041+0000] {processor.py:914} INFO - Processing file /home/airflow/.local/lib/python3.12/site-packages/airflow/example_dags/example_trigger_target_dag.py for tasks to queue
[2024-08-25T00:35:37.054+0000] {logging_mixin.py:190} INFO - [2024-08-25T00:35:37.054+0000] {dagbag.py:587} INFO - Filling up the DagBag from /home/airflow/.local/lib/python3.12/site-packages/airflow/example_dags/example_trigger_target_dag.py
[2024-08-25T00:35:37.099+0000] {processor.py:925} INFO - DAG(s) 'example_trigger_target_dag' retrieved from /home/airflow/.local/lib/python3.12/site-packages/airflow/example_dags/example_trigger_target_dag.py
[2024-08-25T00:35:37.166+0000] {logging_mixin.py:190} INFO - [2024-08-25T00:35:37.165+0000] {dag.py:3211} INFO - Sync 1 DAGs
[2024-08-25T00:35:37.244+0000] {logging_mixin.py:190} INFO - [2024-08-25T00:35:37.243+0000] {dag.py:4138} INFO - Setting next_dagrun for example_trigger_target_dag to None, run_after=None
[2024-08-25T00:35:37.327+0000] {processor.py:208} INFO - Processing /home/airflow/.local/lib/python3.12/site-packages/airflow/example_dags/example_trigger_target_dag.py took 0.314 seconds
[2024-08-25T00:36:08.254+0000] {processor.py:186} INFO - Started process (PID=1028) to work on /home/airflow/.local/lib/python3.12/site-packages/airflow/example_dags/example_trigger_target_dag.py
[2024-08-25T00:36:08.257+0000] {processor.py:914} INFO - Processing file /home/airflow/.local/lib/python3.12/site-packages/airflow/example_dags/example_trigger_target_dag.py for tasks to queue
[2024-08-25T00:36:08.262+0000] {logging_mixin.py:190} INFO - [2024-08-25T00:36:08.262+0000] {dagbag.py:587} INFO - Filling up the DagBag from /home/airflow/.local/lib/python3.12/site-packages/airflow/example_dags/example_trigger_target_dag.py
[2024-08-25T00:36:08.308+0000] {processor.py:925} INFO - DAG(s) 'example_trigger_target_dag' retrieved from /home/airflow/.local/lib/python3.12/site-packages/airflow/example_dags/example_trigger_target_dag.py
[2024-08-25T00:36:08.384+0000] {logging_mixin.py:190} INFO - [2024-08-25T00:36:08.383+0000] {dag.py:3211} INFO - Sync 1 DAGs
[2024-08-25T00:36:08.443+0000] {logging_mixin.py:190} INFO - [2024-08-25T00:36:08.442+0000] {dag.py:4138} INFO - Setting next_dagrun for example_trigger_target_dag to None, run_after=None
[2024-08-25T00:36:08.524+0000] {processor.py:208} INFO - Processing /home/airflow/.local/lib/python3.12/site-packages/airflow/example_dags/example_trigger_target_dag.py took 0.291 seconds
[2024-08-25T00:36:39.495+0000] {processor.py:186} INFO - Started process (PID=1091) to work on /home/airflow/.local/lib/python3.12/site-packages/airflow/example_dags/example_trigger_target_dag.py
[2024-08-25T00:36:39.503+0000] {processor.py:914} INFO - Processing file /home/airflow/.local/lib/python3.12/site-packages/airflow/example_dags/example_trigger_target_dag.py for tasks to queue
[2024-08-25T00:36:39.511+0000] {logging_mixin.py:190} INFO - [2024-08-25T00:36:39.510+0000] {dagbag.py:587} INFO - Filling up the DagBag from /home/airflow/.local/lib/python3.12/site-packages/airflow/example_dags/example_trigger_target_dag.py
[2024-08-25T00:36:39.539+0000] {processor.py:925} INFO - DAG(s) 'example_trigger_target_dag' retrieved from /home/airflow/.local/lib/python3.12/site-packages/airflow/example_dags/example_trigger_target_dag.py
[2024-08-25T00:36:39.613+0000] {logging_mixin.py:190} INFO - [2024-08-25T00:36:39.613+0000] {dag.py:3211} INFO - Sync 1 DAGs
[2024-08-25T00:36:39.674+0000] {logging_mixin.py:190} INFO - [2024-08-25T00:36:39.673+0000] {dag.py:4138} INFO - Setting next_dagrun for example_trigger_target_dag to None, run_after=None
[2024-08-25T00:36:39.742+0000] {processor.py:208} INFO - Processing /home/airflow/.local/lib/python3.12/site-packages/airflow/example_dags/example_trigger_target_dag.py took 0.268 seconds
[2024-08-25T00:37:10.046+0000] {processor.py:186} INFO - Started process (PID=1150) to work on /home/airflow/.local/lib/python3.12/site-packages/airflow/example_dags/example_trigger_target_dag.py
[2024-08-25T00:37:10.053+0000] {processor.py:914} INFO - Processing file /home/airflow/.local/lib/python3.12/site-packages/airflow/example_dags/example_trigger_target_dag.py for tasks to queue
[2024-08-25T00:37:10.058+0000] {logging_mixin.py:190} INFO - [2024-08-25T00:37:10.057+0000] {dagbag.py:587} INFO - Filling up the DagBag from /home/airflow/.local/lib/python3.12/site-packages/airflow/example_dags/example_trigger_target_dag.py
[2024-08-25T00:37:10.109+0000] {processor.py:925} INFO - DAG(s) 'example_trigger_target_dag' retrieved from /home/airflow/.local/lib/python3.12/site-packages/airflow/example_dags/example_trigger_target_dag.py
[2024-08-25T00:37:10.326+0000] {logging_mixin.py:190} INFO - [2024-08-25T00:37:10.322+0000] {dag.py:3211} INFO - Sync 1 DAGs
[2024-08-25T00:37:10.397+0000] {logging_mixin.py:190} INFO - [2024-08-25T00:37:10.396+0000] {dag.py:4138} INFO - Setting next_dagrun for example_trigger_target_dag to None, run_after=None
[2024-08-25T00:37:10.482+0000] {processor.py:208} INFO - Processing /home/airflow/.local/lib/python3.12/site-packages/airflow/example_dags/example_trigger_target_dag.py took 0.457 seconds
[2024-08-25T00:37:41.182+0000] {processor.py:186} INFO - Started process (PID=1212) to work on /home/airflow/.local/lib/python3.12/site-packages/airflow/example_dags/example_trigger_target_dag.py
[2024-08-25T00:37:41.184+0000] {processor.py:914} INFO - Processing file /home/airflow/.local/lib/python3.12/site-packages/airflow/example_dags/example_trigger_target_dag.py for tasks to queue
[2024-08-25T00:37:41.188+0000] {logging_mixin.py:190} INFO - [2024-08-25T00:37:41.188+0000] {dagbag.py:587} INFO - Filling up the DagBag from /home/airflow/.local/lib/python3.12/site-packages/airflow/example_dags/example_trigger_target_dag.py
[2024-08-25T00:37:41.215+0000] {processor.py:925} INFO - DAG(s) 'example_trigger_target_dag' retrieved from /home/airflow/.local/lib/python3.12/site-packages/airflow/example_dags/example_trigger_target_dag.py
[2024-08-25T00:37:41.294+0000] {logging_mixin.py:190} INFO - [2024-08-25T00:37:41.293+0000] {dag.py:3211} INFO - Sync 1 DAGs
[2024-08-25T00:37:41.333+0000] {logging_mixin.py:190} INFO - [2024-08-25T00:37:41.333+0000] {dag.py:4138} INFO - Setting next_dagrun for example_trigger_target_dag to None, run_after=None
[2024-08-25T00:37:41.387+0000] {processor.py:208} INFO - Processing /home/airflow/.local/lib/python3.12/site-packages/airflow/example_dags/example_trigger_target_dag.py took 0.223 seconds
[2024-08-25T00:38:11.838+0000] {processor.py:186} INFO - Started process (PID=1273) to work on /home/airflow/.local/lib/python3.12/site-packages/airflow/example_dags/example_trigger_target_dag.py
[2024-08-25T00:38:11.840+0000] {processor.py:914} INFO - Processing file /home/airflow/.local/lib/python3.12/site-packages/airflow/example_dags/example_trigger_target_dag.py for tasks to queue
[2024-08-25T00:38:11.844+0000] {logging_mixin.py:190} INFO - [2024-08-25T00:38:11.843+0000] {dagbag.py:587} INFO - Filling up the DagBag from /home/airflow/.local/lib/python3.12/site-packages/airflow/example_dags/example_trigger_target_dag.py
[2024-08-25T00:38:11.873+0000] {processor.py:925} INFO - DAG(s) 'example_trigger_target_dag' retrieved from /home/airflow/.local/lib/python3.12/site-packages/airflow/example_dags/example_trigger_target_dag.py
[2024-08-25T00:38:11.936+0000] {logging_mixin.py:190} INFO - [2024-08-25T00:38:11.935+0000] {dag.py:3211} INFO - Sync 1 DAGs
[2024-08-25T00:38:11.994+0000] {logging_mixin.py:190} INFO - [2024-08-25T00:38:11.993+0000] {dag.py:4138} INFO - Setting next_dagrun for example_trigger_target_dag to None, run_after=None
[2024-08-25T00:38:12.051+0000] {processor.py:208} INFO - Processing /home/airflow/.local/lib/python3.12/site-packages/airflow/example_dags/example_trigger_target_dag.py took 0.230 seconds
[2024-08-25T00:38:43.275+0000] {processor.py:186} INFO - Started process (PID=1334) to work on /home/airflow/.local/lib/python3.12/site-packages/airflow/example_dags/example_trigger_target_dag.py
[2024-08-25T00:38:43.278+0000] {processor.py:914} INFO - Processing file /home/airflow/.local/lib/python3.12/site-packages/airflow/example_dags/example_trigger_target_dag.py for tasks to queue
[2024-08-25T00:38:43.292+0000] {logging_mixin.py:190} INFO - [2024-08-25T00:38:43.291+0000] {dagbag.py:587} INFO - Filling up the DagBag from /home/airflow/.local/lib/python3.12/site-packages/airflow/example_dags/example_trigger_target_dag.py
[2024-08-25T00:38:43.358+0000] {processor.py:925} INFO - DAG(s) 'example_trigger_target_dag' retrieved from /home/airflow/.local/lib/python3.12/site-packages/airflow/example_dags/example_trigger_target_dag.py
[2024-08-25T00:38:43.504+0000] {logging_mixin.py:190} INFO - [2024-08-25T00:38:43.503+0000] {dag.py:3211} INFO - Sync 1 DAGs
[2024-08-25T00:38:43.617+0000] {logging_mixin.py:190} INFO - [2024-08-25T00:38:43.617+0000] {dag.py:4138} INFO - Setting next_dagrun for example_trigger_target_dag to None, run_after=None
[2024-08-25T00:38:43.708+0000] {processor.py:208} INFO - Processing /home/airflow/.local/lib/python3.12/site-packages/airflow/example_dags/example_trigger_target_dag.py took 0.480 seconds
[2024-08-25T00:39:15.638+0000] {processor.py:186} INFO - Started process (PID=1393) to work on /home/airflow/.local/lib/python3.12/site-packages/airflow/example_dags/example_trigger_target_dag.py
[2024-08-25T00:39:15.646+0000] {processor.py:914} INFO - Processing file /home/airflow/.local/lib/python3.12/site-packages/airflow/example_dags/example_trigger_target_dag.py for tasks to queue
[2024-08-25T00:39:15.655+0000] {logging_mixin.py:190} INFO - [2024-08-25T00:39:15.654+0000] {dagbag.py:587} INFO - Filling up the DagBag from /home/airflow/.local/lib/python3.12/site-packages/airflow/example_dags/example_trigger_target_dag.py
[2024-08-25T00:39:15.710+0000] {processor.py:925} INFO - DAG(s) 'example_trigger_target_dag' retrieved from /home/airflow/.local/lib/python3.12/site-packages/airflow/example_dags/example_trigger_target_dag.py
[2024-08-25T00:39:15.807+0000] {logging_mixin.py:190} INFO - [2024-08-25T00:39:15.806+0000] {dag.py:3211} INFO - Sync 1 DAGs
[2024-08-25T00:39:15.882+0000] {logging_mixin.py:190} INFO - [2024-08-25T00:39:15.881+0000] {dag.py:4138} INFO - Setting next_dagrun for example_trigger_target_dag to None, run_after=None
[2024-08-25T00:39:16.014+0000] {processor.py:208} INFO - Processing /home/airflow/.local/lib/python3.12/site-packages/airflow/example_dags/example_trigger_target_dag.py took 0.411 seconds
[2024-08-25T00:39:46.276+0000] {processor.py:186} INFO - Started process (PID=1454) to work on /home/airflow/.local/lib/python3.12/site-packages/airflow/example_dags/example_trigger_target_dag.py
[2024-08-25T00:39:46.278+0000] {processor.py:914} INFO - Processing file /home/airflow/.local/lib/python3.12/site-packages/airflow/example_dags/example_trigger_target_dag.py for tasks to queue
[2024-08-25T00:39:46.283+0000] {logging_mixin.py:190} INFO - [2024-08-25T00:39:46.281+0000] {dagbag.py:587} INFO - Filling up the DagBag from /home/airflow/.local/lib/python3.12/site-packages/airflow/example_dags/example_trigger_target_dag.py
[2024-08-25T00:39:46.321+0000] {processor.py:925} INFO - DAG(s) 'example_trigger_target_dag' retrieved from /home/airflow/.local/lib/python3.12/site-packages/airflow/example_dags/example_trigger_target_dag.py
[2024-08-25T00:39:46.381+0000] {logging_mixin.py:190} INFO - [2024-08-25T00:39:46.380+0000] {dag.py:3211} INFO - Sync 1 DAGs
[2024-08-25T00:39:46.414+0000] {logging_mixin.py:190} INFO - [2024-08-25T00:39:46.414+0000] {dag.py:4138} INFO - Setting next_dagrun for example_trigger_target_dag to None, run_after=None
[2024-08-25T00:39:46.461+0000] {processor.py:208} INFO - Processing /home/airflow/.local/lib/python3.12/site-packages/airflow/example_dags/example_trigger_target_dag.py took 0.205 seconds
