[2024-08-25T00:00:12.440+0000] {processor.py:186} INFO - Started process (PID=38529) to work on /home/airflow/.local/lib/python3.12/site-packages/airflow/example_dags/tutorial_taskflow_api.py
[2024-08-25T00:00:12.449+0000] {processor.py:914} INFO - Processing file /home/airflow/.local/lib/python3.12/site-packages/airflow/example_dags/tutorial_taskflow_api.py for tasks to queue
[2024-08-25T00:00:12.481+0000] {logging_mixin.py:190} INFO - [2024-08-25T00:00:12.480+0000] {dagbag.py:587} INFO - Filling up the DagBag from /home/airflow/.local/lib/python3.12/site-packages/airflow/example_dags/tutorial_taskflow_api.py
[2024-08-25T00:00:12.551+0000] {processor.py:925} INFO - DAG(s) 'tutorial_taskflow_api' retrieved from /home/airflow/.local/lib/python3.12/site-packages/airflow/example_dags/tutorial_taskflow_api.py
[2024-08-25T00:00:12.878+0000] {logging_mixin.py:190} INFO - [2024-08-25T00:00:12.875+0000] {dag.py:3211} INFO - Sync 1 DAGs
[2024-08-25T00:00:13.105+0000] {logging_mixin.py:190} INFO - [2024-08-25T00:00:13.105+0000] {dag.py:4138} INFO - Setting next_dagrun for tutorial_taskflow_api to None, run_after=None
[2024-08-25T00:00:13.278+0000] {processor.py:208} INFO - Processing /home/airflow/.local/lib/python3.12/site-packages/airflow/example_dags/tutorial_taskflow_api.py took 0.875 seconds
[2024-08-25T00:05:54.557+0000] {processor.py:186} INFO - Started process (PID=93) to work on /home/airflow/.local/lib/python3.12/site-packages/airflow/example_dags/tutorial_taskflow_api.py
[2024-08-25T00:05:54.566+0000] {processor.py:914} INFO - Processing file /home/airflow/.local/lib/python3.12/site-packages/airflow/example_dags/tutorial_taskflow_api.py for tasks to queue
[2024-08-25T00:05:54.578+0000] {logging_mixin.py:190} INFO - [2024-08-25T00:05:54.578+0000] {dagbag.py:587} INFO - Filling up the DagBag from /home/airflow/.local/lib/python3.12/site-packages/airflow/example_dags/tutorial_taskflow_api.py
[2024-08-25T00:05:54.614+0000] {processor.py:925} INFO - DAG(s) 'tutorial_taskflow_api' retrieved from /home/airflow/.local/lib/python3.12/site-packages/airflow/example_dags/tutorial_taskflow_api.py
[2024-08-25T00:05:54.777+0000] {logging_mixin.py:190} INFO - [2024-08-25T00:05:54.774+0000] {dag.py:3211} INFO - Sync 1 DAGs
[2024-08-25T00:05:54.933+0000] {logging_mixin.py:190} INFO - [2024-08-25T00:05:54.932+0000] {dag.py:4138} INFO - Setting next_dagrun for tutorial_taskflow_api to None, run_after=None
[2024-08-25T00:05:55.042+0000] {processor.py:208} INFO - Processing /home/airflow/.local/lib/python3.12/site-packages/airflow/example_dags/tutorial_taskflow_api.py took 0.513 seconds
[2024-08-25T00:06:36.344+0000] {processor.py:186} INFO - Started process (PID=161) to work on /home/airflow/.local/lib/python3.12/site-packages/airflow/example_dags/tutorial_taskflow_api.py
[2024-08-25T00:06:36.354+0000] {processor.py:914} INFO - Processing file /home/airflow/.local/lib/python3.12/site-packages/airflow/example_dags/tutorial_taskflow_api.py for tasks to queue
[2024-08-25T00:06:36.375+0000] {logging_mixin.py:190} INFO - [2024-08-25T00:06:36.375+0000] {dagbag.py:587} INFO - Filling up the DagBag from /home/airflow/.local/lib/python3.12/site-packages/airflow/example_dags/tutorial_taskflow_api.py
[2024-08-25T00:06:36.523+0000] {processor.py:925} INFO - DAG(s) 'tutorial_taskflow_api' retrieved from /home/airflow/.local/lib/python3.12/site-packages/airflow/example_dags/tutorial_taskflow_api.py
[2024-08-25T00:06:36.735+0000] {logging_mixin.py:190} INFO - [2024-08-25T00:06:36.727+0000] {dag.py:3211} INFO - Sync 1 DAGs
[2024-08-25T00:06:36.863+0000] {logging_mixin.py:190} INFO - [2024-08-25T00:06:36.862+0000] {dag.py:4138} INFO - Setting next_dagrun for tutorial_taskflow_api to None, run_after=None
[2024-08-25T00:06:37.181+0000] {processor.py:208} INFO - Processing /home/airflow/.local/lib/python3.12/site-packages/airflow/example_dags/tutorial_taskflow_api.py took 0.904 seconds
[2024-08-25T00:07:21.508+0000] {processor.py:186} INFO - Started process (PID=226) to work on /home/airflow/.local/lib/python3.12/site-packages/airflow/example_dags/tutorial_taskflow_api.py
[2024-08-25T00:07:21.511+0000] {processor.py:914} INFO - Processing file /home/airflow/.local/lib/python3.12/site-packages/airflow/example_dags/tutorial_taskflow_api.py for tasks to queue
[2024-08-25T00:07:21.518+0000] {logging_mixin.py:190} INFO - [2024-08-25T00:07:21.517+0000] {dagbag.py:587} INFO - Filling up the DagBag from /home/airflow/.local/lib/python3.12/site-packages/airflow/example_dags/tutorial_taskflow_api.py
[2024-08-25T00:07:21.559+0000] {processor.py:925} INFO - DAG(s) 'tutorial_taskflow_api' retrieved from /home/airflow/.local/lib/python3.12/site-packages/airflow/example_dags/tutorial_taskflow_api.py
[2024-08-25T00:07:21.671+0000] {logging_mixin.py:190} INFO - [2024-08-25T00:07:21.670+0000] {dag.py:3211} INFO - Sync 1 DAGs
[2024-08-25T00:07:21.799+0000] {logging_mixin.py:190} INFO - [2024-08-25T00:07:21.798+0000] {dag.py:4138} INFO - Setting next_dagrun for tutorial_taskflow_api to None, run_after=None
[2024-08-25T00:07:21.913+0000] {processor.py:208} INFO - Processing /home/airflow/.local/lib/python3.12/site-packages/airflow/example_dags/tutorial_taskflow_api.py took 0.440 seconds
[2024-08-25T00:07:55.575+0000] {processor.py:186} INFO - Started process (PID=288) to work on /home/airflow/.local/lib/python3.12/site-packages/airflow/example_dags/tutorial_taskflow_api.py
[2024-08-25T00:07:55.603+0000] {processor.py:914} INFO - Processing file /home/airflow/.local/lib/python3.12/site-packages/airflow/example_dags/tutorial_taskflow_api.py for tasks to queue
[2024-08-25T00:07:55.619+0000] {logging_mixin.py:190} INFO - [2024-08-25T00:07:55.618+0000] {dagbag.py:587} INFO - Filling up the DagBag from /home/airflow/.local/lib/python3.12/site-packages/airflow/example_dags/tutorial_taskflow_api.py
[2024-08-25T00:07:55.668+0000] {processor.py:925} INFO - DAG(s) 'tutorial_taskflow_api' retrieved from /home/airflow/.local/lib/python3.12/site-packages/airflow/example_dags/tutorial_taskflow_api.py
[2024-08-25T00:07:55.789+0000] {logging_mixin.py:190} INFO - [2024-08-25T00:07:55.767+0000] {dag.py:3211} INFO - Sync 1 DAGs
[2024-08-25T00:07:55.864+0000] {logging_mixin.py:190} INFO - [2024-08-25T00:07:55.863+0000] {dag.py:4138} INFO - Setting next_dagrun for tutorial_taskflow_api to None, run_after=None
[2024-08-25T00:07:55.946+0000] {processor.py:208} INFO - Processing /home/airflow/.local/lib/python3.12/site-packages/airflow/example_dags/tutorial_taskflow_api.py took 0.447 seconds
[2024-08-25T00:08:27.475+0000] {processor.py:186} INFO - Started process (PID=351) to work on /home/airflow/.local/lib/python3.12/site-packages/airflow/example_dags/tutorial_taskflow_api.py
[2024-08-25T00:08:27.491+0000] {processor.py:914} INFO - Processing file /home/airflow/.local/lib/python3.12/site-packages/airflow/example_dags/tutorial_taskflow_api.py for tasks to queue
[2024-08-25T00:08:27.513+0000] {logging_mixin.py:190} INFO - [2024-08-25T00:08:27.512+0000] {dagbag.py:587} INFO - Filling up the DagBag from /home/airflow/.local/lib/python3.12/site-packages/airflow/example_dags/tutorial_taskflow_api.py
[2024-08-25T00:08:27.633+0000] {processor.py:925} INFO - DAG(s) 'tutorial_taskflow_api' retrieved from /home/airflow/.local/lib/python3.12/site-packages/airflow/example_dags/tutorial_taskflow_api.py
[2024-08-25T00:08:27.873+0000] {logging_mixin.py:190} INFO - [2024-08-25T00:08:27.872+0000] {dag.py:3211} INFO - Sync 1 DAGs
[2024-08-25T00:08:28.022+0000] {logging_mixin.py:190} INFO - [2024-08-25T00:08:28.022+0000] {dag.py:4138} INFO - Setting next_dagrun for tutorial_taskflow_api to None, run_after=None
[2024-08-25T00:08:28.146+0000] {processor.py:208} INFO - Processing /home/airflow/.local/lib/python3.12/site-packages/airflow/example_dags/tutorial_taskflow_api.py took 0.763 seconds
[2024-08-25T00:08:58.493+0000] {processor.py:186} INFO - Started process (PID=414) to work on /home/airflow/.local/lib/python3.12/site-packages/airflow/example_dags/tutorial_taskflow_api.py
[2024-08-25T00:08:58.496+0000] {processor.py:914} INFO - Processing file /home/airflow/.local/lib/python3.12/site-packages/airflow/example_dags/tutorial_taskflow_api.py for tasks to queue
[2024-08-25T00:08:58.506+0000] {logging_mixin.py:190} INFO - [2024-08-25T00:08:58.505+0000] {dagbag.py:587} INFO - Filling up the DagBag from /home/airflow/.local/lib/python3.12/site-packages/airflow/example_dags/tutorial_taskflow_api.py
[2024-08-25T00:08:58.539+0000] {processor.py:925} INFO - DAG(s) 'tutorial_taskflow_api' retrieved from /home/airflow/.local/lib/python3.12/site-packages/airflow/example_dags/tutorial_taskflow_api.py
[2024-08-25T00:08:58.729+0000] {logging_mixin.py:190} INFO - [2024-08-25T00:08:58.727+0000] {dag.py:3211} INFO - Sync 1 DAGs
[2024-08-25T00:08:58.932+0000] {logging_mixin.py:190} INFO - [2024-08-25T00:08:58.925+0000] {dag.py:4138} INFO - Setting next_dagrun for tutorial_taskflow_api to None, run_after=None
[2024-08-25T00:08:59.148+0000] {processor.py:208} INFO - Processing /home/airflow/.local/lib/python3.12/site-packages/airflow/example_dags/tutorial_taskflow_api.py took 0.677 seconds
[2024-08-25T00:09:29.488+0000] {processor.py:186} INFO - Started process (PID=484) to work on /home/airflow/.local/lib/python3.12/site-packages/airflow/example_dags/tutorial_taskflow_api.py
[2024-08-25T00:09:29.490+0000] {processor.py:914} INFO - Processing file /home/airflow/.local/lib/python3.12/site-packages/airflow/example_dags/tutorial_taskflow_api.py for tasks to queue
[2024-08-25T00:09:29.496+0000] {logging_mixin.py:190} INFO - [2024-08-25T00:09:29.495+0000] {dagbag.py:587} INFO - Filling up the DagBag from /home/airflow/.local/lib/python3.12/site-packages/airflow/example_dags/tutorial_taskflow_api.py
[2024-08-25T00:09:29.517+0000] {processor.py:925} INFO - DAG(s) 'tutorial_taskflow_api' retrieved from /home/airflow/.local/lib/python3.12/site-packages/airflow/example_dags/tutorial_taskflow_api.py
[2024-08-25T00:09:29.651+0000] {logging_mixin.py:190} INFO - [2024-08-25T00:09:29.650+0000] {dag.py:3211} INFO - Sync 1 DAGs
[2024-08-25T00:09:29.767+0000] {logging_mixin.py:190} INFO - [2024-08-25T00:09:29.766+0000] {dag.py:4138} INFO - Setting next_dagrun for tutorial_taskflow_api to None, run_after=None
[2024-08-25T00:09:29.828+0000] {processor.py:208} INFO - Processing /home/airflow/.local/lib/python3.12/site-packages/airflow/example_dags/tutorial_taskflow_api.py took 0.359 seconds
[2024-08-25T00:10:00.880+0000] {processor.py:186} INFO - Started process (PID=547) to work on /home/airflow/.local/lib/python3.12/site-packages/airflow/example_dags/tutorial_taskflow_api.py
[2024-08-25T00:10:00.893+0000] {processor.py:914} INFO - Processing file /home/airflow/.local/lib/python3.12/site-packages/airflow/example_dags/tutorial_taskflow_api.py for tasks to queue
[2024-08-25T00:10:00.910+0000] {logging_mixin.py:190} INFO - [2024-08-25T00:10:00.909+0000] {dagbag.py:587} INFO - Filling up the DagBag from /home/airflow/.local/lib/python3.12/site-packages/airflow/example_dags/tutorial_taskflow_api.py
[2024-08-25T00:10:00.970+0000] {processor.py:925} INFO - DAG(s) 'tutorial_taskflow_api' retrieved from /home/airflow/.local/lib/python3.12/site-packages/airflow/example_dags/tutorial_taskflow_api.py
[2024-08-25T00:10:01.050+0000] {logging_mixin.py:190} INFO - [2024-08-25T00:10:01.047+0000] {dag.py:3211} INFO - Sync 1 DAGs
[2024-08-25T00:10:01.094+0000] {logging_mixin.py:190} INFO - [2024-08-25T00:10:01.094+0000] {dag.py:4138} INFO - Setting next_dagrun for tutorial_taskflow_api to None, run_after=None
[2024-08-25T00:10:01.154+0000] {processor.py:208} INFO - Processing /home/airflow/.local/lib/python3.12/site-packages/airflow/example_dags/tutorial_taskflow_api.py took 0.313 seconds
[2024-08-25T00:10:32.535+0000] {processor.py:186} INFO - Started process (PID=610) to work on /home/airflow/.local/lib/python3.12/site-packages/airflow/example_dags/tutorial_taskflow_api.py
[2024-08-25T00:10:32.553+0000] {processor.py:914} INFO - Processing file /home/airflow/.local/lib/python3.12/site-packages/airflow/example_dags/tutorial_taskflow_api.py for tasks to queue
[2024-08-25T00:10:32.567+0000] {logging_mixin.py:190} INFO - [2024-08-25T00:10:32.567+0000] {dagbag.py:587} INFO - Filling up the DagBag from /home/airflow/.local/lib/python3.12/site-packages/airflow/example_dags/tutorial_taskflow_api.py
[2024-08-25T00:10:32.622+0000] {processor.py:925} INFO - DAG(s) 'tutorial_taskflow_api' retrieved from /home/airflow/.local/lib/python3.12/site-packages/airflow/example_dags/tutorial_taskflow_api.py
[2024-08-25T00:10:32.712+0000] {logging_mixin.py:190} INFO - [2024-08-25T00:10:32.711+0000] {dag.py:3211} INFO - Sync 1 DAGs
[2024-08-25T00:10:32.841+0000] {logging_mixin.py:190} INFO - [2024-08-25T00:10:32.840+0000] {dag.py:4138} INFO - Setting next_dagrun for tutorial_taskflow_api to None, run_after=None
[2024-08-25T00:10:33.034+0000] {processor.py:208} INFO - Processing /home/airflow/.local/lib/python3.12/site-packages/airflow/example_dags/tutorial_taskflow_api.py took 0.577 seconds
[2024-08-25T00:11:03.261+0000] {processor.py:186} INFO - Started process (PID=672) to work on /home/airflow/.local/lib/python3.12/site-packages/airflow/example_dags/tutorial_taskflow_api.py
[2024-08-25T00:11:03.264+0000] {processor.py:914} INFO - Processing file /home/airflow/.local/lib/python3.12/site-packages/airflow/example_dags/tutorial_taskflow_api.py for tasks to queue
[2024-08-25T00:11:03.272+0000] {logging_mixin.py:190} INFO - [2024-08-25T00:11:03.271+0000] {dagbag.py:587} INFO - Filling up the DagBag from /home/airflow/.local/lib/python3.12/site-packages/airflow/example_dags/tutorial_taskflow_api.py
[2024-08-25T00:11:03.299+0000] {processor.py:925} INFO - DAG(s) 'tutorial_taskflow_api' retrieved from /home/airflow/.local/lib/python3.12/site-packages/airflow/example_dags/tutorial_taskflow_api.py
[2024-08-25T00:11:03.359+0000] {logging_mixin.py:190} INFO - [2024-08-25T00:11:03.358+0000] {dag.py:3211} INFO - Sync 1 DAGs
[2024-08-25T00:11:03.406+0000] {logging_mixin.py:190} INFO - [2024-08-25T00:11:03.405+0000] {dag.py:4138} INFO - Setting next_dagrun for tutorial_taskflow_api to None, run_after=None
[2024-08-25T00:11:03.463+0000] {processor.py:208} INFO - Processing /home/airflow/.local/lib/python3.12/site-packages/airflow/example_dags/tutorial_taskflow_api.py took 0.223 seconds
[2024-08-25T00:11:33.898+0000] {processor.py:186} INFO - Started process (PID=735) to work on /home/airflow/.local/lib/python3.12/site-packages/airflow/example_dags/tutorial_taskflow_api.py
[2024-08-25T00:11:33.900+0000] {processor.py:914} INFO - Processing file /home/airflow/.local/lib/python3.12/site-packages/airflow/example_dags/tutorial_taskflow_api.py for tasks to queue
[2024-08-25T00:11:33.908+0000] {logging_mixin.py:190} INFO - [2024-08-25T00:11:33.907+0000] {dagbag.py:587} INFO - Filling up the DagBag from /home/airflow/.local/lib/python3.12/site-packages/airflow/example_dags/tutorial_taskflow_api.py
[2024-08-25T00:11:33.935+0000] {processor.py:925} INFO - DAG(s) 'tutorial_taskflow_api' retrieved from /home/airflow/.local/lib/python3.12/site-packages/airflow/example_dags/tutorial_taskflow_api.py
[2024-08-25T00:11:33.986+0000] {logging_mixin.py:190} INFO - [2024-08-25T00:11:33.984+0000] {dag.py:3211} INFO - Sync 1 DAGs
[2024-08-25T00:11:34.019+0000] {logging_mixin.py:190} INFO - [2024-08-25T00:11:34.019+0000] {dag.py:4138} INFO - Setting next_dagrun for tutorial_taskflow_api to None, run_after=None
[2024-08-25T00:11:34.054+0000] {processor.py:208} INFO - Processing /home/airflow/.local/lib/python3.12/site-packages/airflow/example_dags/tutorial_taskflow_api.py took 0.179 seconds
[2024-08-25T00:12:05.210+0000] {processor.py:186} INFO - Started process (PID=799) to work on /home/airflow/.local/lib/python3.12/site-packages/airflow/example_dags/tutorial_taskflow_api.py
[2024-08-25T00:12:05.216+0000] {processor.py:914} INFO - Processing file /home/airflow/.local/lib/python3.12/site-packages/airflow/example_dags/tutorial_taskflow_api.py for tasks to queue
[2024-08-25T00:12:05.223+0000] {logging_mixin.py:190} INFO - [2024-08-25T00:12:05.222+0000] {dagbag.py:587} INFO - Filling up the DagBag from /home/airflow/.local/lib/python3.12/site-packages/airflow/example_dags/tutorial_taskflow_api.py
[2024-08-25T00:12:05.252+0000] {processor.py:925} INFO - DAG(s) 'tutorial_taskflow_api' retrieved from /home/airflow/.local/lib/python3.12/site-packages/airflow/example_dags/tutorial_taskflow_api.py
[2024-08-25T00:12:05.339+0000] {logging_mixin.py:190} INFO - [2024-08-25T00:12:05.338+0000] {dag.py:3211} INFO - Sync 1 DAGs
[2024-08-25T00:12:05.378+0000] {logging_mixin.py:190} INFO - [2024-08-25T00:12:05.378+0000] {dag.py:4138} INFO - Setting next_dagrun for tutorial_taskflow_api to None, run_after=None
[2024-08-25T00:12:05.422+0000] {processor.py:208} INFO - Processing /home/airflow/.local/lib/python3.12/site-packages/airflow/example_dags/tutorial_taskflow_api.py took 0.238 seconds
[2024-08-25T00:12:35.791+0000] {processor.py:186} INFO - Started process (PID=862) to work on /home/airflow/.local/lib/python3.12/site-packages/airflow/example_dags/tutorial_taskflow_api.py
[2024-08-25T00:12:35.793+0000] {processor.py:914} INFO - Processing file /home/airflow/.local/lib/python3.12/site-packages/airflow/example_dags/tutorial_taskflow_api.py for tasks to queue
[2024-08-25T00:12:35.799+0000] {logging_mixin.py:190} INFO - [2024-08-25T00:12:35.798+0000] {dagbag.py:587} INFO - Filling up the DagBag from /home/airflow/.local/lib/python3.12/site-packages/airflow/example_dags/tutorial_taskflow_api.py
[2024-08-25T00:12:35.818+0000] {processor.py:925} INFO - DAG(s) 'tutorial_taskflow_api' retrieved from /home/airflow/.local/lib/python3.12/site-packages/airflow/example_dags/tutorial_taskflow_api.py
[2024-08-25T00:12:35.866+0000] {logging_mixin.py:190} INFO - [2024-08-25T00:12:35.865+0000] {dag.py:3211} INFO - Sync 1 DAGs
[2024-08-25T00:12:35.902+0000] {logging_mixin.py:190} INFO - [2024-08-25T00:12:35.902+0000] {dag.py:4138} INFO - Setting next_dagrun for tutorial_taskflow_api to None, run_after=None
[2024-08-25T00:12:35.936+0000] {processor.py:208} INFO - Processing /home/airflow/.local/lib/python3.12/site-packages/airflow/example_dags/tutorial_taskflow_api.py took 0.159 seconds
[2024-08-25T00:13:07.713+0000] {processor.py:186} INFO - Started process (PID=925) to work on /home/airflow/.local/lib/python3.12/site-packages/airflow/example_dags/tutorial_taskflow_api.py
[2024-08-25T00:13:07.716+0000] {processor.py:914} INFO - Processing file /home/airflow/.local/lib/python3.12/site-packages/airflow/example_dags/tutorial_taskflow_api.py for tasks to queue
[2024-08-25T00:13:07.727+0000] {logging_mixin.py:190} INFO - [2024-08-25T00:13:07.726+0000] {dagbag.py:587} INFO - Filling up the DagBag from /home/airflow/.local/lib/python3.12/site-packages/airflow/example_dags/tutorial_taskflow_api.py
[2024-08-25T00:13:07.752+0000] {processor.py:925} INFO - DAG(s) 'tutorial_taskflow_api' retrieved from /home/airflow/.local/lib/python3.12/site-packages/airflow/example_dags/tutorial_taskflow_api.py
[2024-08-25T00:13:07.805+0000] {logging_mixin.py:190} INFO - [2024-08-25T00:13:07.804+0000] {dag.py:3211} INFO - Sync 1 DAGs
[2024-08-25T00:13:07.855+0000] {logging_mixin.py:190} INFO - [2024-08-25T00:13:07.854+0000] {dag.py:4138} INFO - Setting next_dagrun for tutorial_taskflow_api to None, run_after=None
[2024-08-25T00:13:07.903+0000] {processor.py:208} INFO - Processing /home/airflow/.local/lib/python3.12/site-packages/airflow/example_dags/tutorial_taskflow_api.py took 0.208 seconds
[2024-08-25T00:13:40.865+0000] {processor.py:186} INFO - Started process (PID=988) to work on /home/airflow/.local/lib/python3.12/site-packages/airflow/example_dags/tutorial_taskflow_api.py
[2024-08-25T00:13:40.868+0000] {processor.py:914} INFO - Processing file /home/airflow/.local/lib/python3.12/site-packages/airflow/example_dags/tutorial_taskflow_api.py for tasks to queue
[2024-08-25T00:13:40.874+0000] {logging_mixin.py:190} INFO - [2024-08-25T00:13:40.873+0000] {dagbag.py:587} INFO - Filling up the DagBag from /home/airflow/.local/lib/python3.12/site-packages/airflow/example_dags/tutorial_taskflow_api.py
[2024-08-25T00:13:40.900+0000] {processor.py:925} INFO - DAG(s) 'tutorial_taskflow_api' retrieved from /home/airflow/.local/lib/python3.12/site-packages/airflow/example_dags/tutorial_taskflow_api.py
[2024-08-25T00:13:40.961+0000] {logging_mixin.py:190} INFO - [2024-08-25T00:13:40.959+0000] {dag.py:3211} INFO - Sync 1 DAGs
[2024-08-25T00:13:41.014+0000] {logging_mixin.py:190} INFO - [2024-08-25T00:13:41.013+0000] {dag.py:4138} INFO - Setting next_dagrun for tutorial_taskflow_api to None, run_after=None
[2024-08-25T00:13:41.084+0000] {processor.py:208} INFO - Processing /home/airflow/.local/lib/python3.12/site-packages/airflow/example_dags/tutorial_taskflow_api.py took 0.237 seconds
[2024-08-25T00:14:11.436+0000] {processor.py:186} INFO - Started process (PID=1052) to work on /home/airflow/.local/lib/python3.12/site-packages/airflow/example_dags/tutorial_taskflow_api.py
[2024-08-25T00:14:11.439+0000] {processor.py:914} INFO - Processing file /home/airflow/.local/lib/python3.12/site-packages/airflow/example_dags/tutorial_taskflow_api.py for tasks to queue
[2024-08-25T00:14:11.444+0000] {logging_mixin.py:190} INFO - [2024-08-25T00:14:11.444+0000] {dagbag.py:587} INFO - Filling up the DagBag from /home/airflow/.local/lib/python3.12/site-packages/airflow/example_dags/tutorial_taskflow_api.py
[2024-08-25T00:14:11.466+0000] {processor.py:925} INFO - DAG(s) 'tutorial_taskflow_api' retrieved from /home/airflow/.local/lib/python3.12/site-packages/airflow/example_dags/tutorial_taskflow_api.py
[2024-08-25T00:14:11.522+0000] {logging_mixin.py:190} INFO - [2024-08-25T00:14:11.521+0000] {dag.py:3211} INFO - Sync 1 DAGs
[2024-08-25T00:14:11.555+0000] {logging_mixin.py:190} INFO - [2024-08-25T00:14:11.554+0000] {dag.py:4138} INFO - Setting next_dagrun for tutorial_taskflow_api to None, run_after=None
[2024-08-25T00:14:11.593+0000] {processor.py:208} INFO - Processing /home/airflow/.local/lib/python3.12/site-packages/airflow/example_dags/tutorial_taskflow_api.py took 0.170 seconds
[2024-08-25T00:14:44.699+0000] {processor.py:186} INFO - Started process (PID=1116) to work on /home/airflow/.local/lib/python3.12/site-packages/airflow/example_dags/tutorial_taskflow_api.py
[2024-08-25T00:14:44.702+0000] {processor.py:914} INFO - Processing file /home/airflow/.local/lib/python3.12/site-packages/airflow/example_dags/tutorial_taskflow_api.py for tasks to queue
[2024-08-25T00:14:44.719+0000] {logging_mixin.py:190} INFO - [2024-08-25T00:14:44.719+0000] {dagbag.py:587} INFO - Filling up the DagBag from /home/airflow/.local/lib/python3.12/site-packages/airflow/example_dags/tutorial_taskflow_api.py
[2024-08-25T00:14:44.768+0000] {processor.py:925} INFO - DAG(s) 'tutorial_taskflow_api' retrieved from /home/airflow/.local/lib/python3.12/site-packages/airflow/example_dags/tutorial_taskflow_api.py
[2024-08-25T00:14:44.975+0000] {logging_mixin.py:190} INFO - [2024-08-25T00:14:44.973+0000] {dag.py:3211} INFO - Sync 1 DAGs
[2024-08-25T00:14:45.110+0000] {logging_mixin.py:190} INFO - [2024-08-25T00:14:45.101+0000] {dag.py:4138} INFO - Setting next_dagrun for tutorial_taskflow_api to None, run_after=None
[2024-08-25T00:14:45.280+0000] {processor.py:208} INFO - Processing /home/airflow/.local/lib/python3.12/site-packages/airflow/example_dags/tutorial_taskflow_api.py took 0.626 seconds
[2024-08-25T00:15:19.764+0000] {processor.py:186} INFO - Started process (PID=1179) to work on /home/airflow/.local/lib/python3.12/site-packages/airflow/example_dags/tutorial_taskflow_api.py
[2024-08-25T00:15:19.766+0000] {processor.py:914} INFO - Processing file /home/airflow/.local/lib/python3.12/site-packages/airflow/example_dags/tutorial_taskflow_api.py for tasks to queue
[2024-08-25T00:15:19.774+0000] {logging_mixin.py:190} INFO - [2024-08-25T00:15:19.773+0000] {dagbag.py:587} INFO - Filling up the DagBag from /home/airflow/.local/lib/python3.12/site-packages/airflow/example_dags/tutorial_taskflow_api.py
[2024-08-25T00:15:19.809+0000] {processor.py:925} INFO - DAG(s) 'tutorial_taskflow_api' retrieved from /home/airflow/.local/lib/python3.12/site-packages/airflow/example_dags/tutorial_taskflow_api.py
[2024-08-25T00:15:19.905+0000] {logging_mixin.py:190} INFO - [2024-08-25T00:15:19.904+0000] {dag.py:3211} INFO - Sync 1 DAGs
[2024-08-25T00:15:19.977+0000] {logging_mixin.py:190} INFO - [2024-08-25T00:15:19.976+0000] {dag.py:4138} INFO - Setting next_dagrun for tutorial_taskflow_api to None, run_after=None
[2024-08-25T00:15:20.076+0000] {processor.py:208} INFO - Processing /home/airflow/.local/lib/python3.12/site-packages/airflow/example_dags/tutorial_taskflow_api.py took 0.335 seconds
[2024-08-25T00:15:50.763+0000] {processor.py:186} INFO - Started process (PID=1243) to work on /home/airflow/.local/lib/python3.12/site-packages/airflow/example_dags/tutorial_taskflow_api.py
[2024-08-25T00:15:50.765+0000] {processor.py:914} INFO - Processing file /home/airflow/.local/lib/python3.12/site-packages/airflow/example_dags/tutorial_taskflow_api.py for tasks to queue
[2024-08-25T00:15:50.772+0000] {logging_mixin.py:190} INFO - [2024-08-25T00:15:50.771+0000] {dagbag.py:587} INFO - Filling up the DagBag from /home/airflow/.local/lib/python3.12/site-packages/airflow/example_dags/tutorial_taskflow_api.py
[2024-08-25T00:15:50.795+0000] {processor.py:925} INFO - DAG(s) 'tutorial_taskflow_api' retrieved from /home/airflow/.local/lib/python3.12/site-packages/airflow/example_dags/tutorial_taskflow_api.py
[2024-08-25T00:15:50.874+0000] {logging_mixin.py:190} INFO - [2024-08-25T00:15:50.872+0000] {dag.py:3211} INFO - Sync 1 DAGs
[2024-08-25T00:15:50.917+0000] {logging_mixin.py:190} INFO - [2024-08-25T00:15:50.916+0000] {dag.py:4138} INFO - Setting next_dagrun for tutorial_taskflow_api to None, run_after=None
[2024-08-25T00:15:50.973+0000] {processor.py:208} INFO - Processing /home/airflow/.local/lib/python3.12/site-packages/airflow/example_dags/tutorial_taskflow_api.py took 0.229 seconds
[2024-08-25T00:16:23.084+0000] {processor.py:186} INFO - Started process (PID=1307) to work on /home/airflow/.local/lib/python3.12/site-packages/airflow/example_dags/tutorial_taskflow_api.py
[2024-08-25T00:16:23.092+0000] {processor.py:914} INFO - Processing file /home/airflow/.local/lib/python3.12/site-packages/airflow/example_dags/tutorial_taskflow_api.py for tasks to queue
[2024-08-25T00:16:23.108+0000] {logging_mixin.py:190} INFO - [2024-08-25T00:16:23.107+0000] {dagbag.py:587} INFO - Filling up the DagBag from /home/airflow/.local/lib/python3.12/site-packages/airflow/example_dags/tutorial_taskflow_api.py
[2024-08-25T00:16:23.181+0000] {processor.py:925} INFO - DAG(s) 'tutorial_taskflow_api' retrieved from /home/airflow/.local/lib/python3.12/site-packages/airflow/example_dags/tutorial_taskflow_api.py
[2024-08-25T00:16:23.397+0000] {logging_mixin.py:190} INFO - [2024-08-25T00:16:23.395+0000] {dag.py:3211} INFO - Sync 1 DAGs
[2024-08-25T00:16:23.635+0000] {logging_mixin.py:190} INFO - [2024-08-25T00:16:23.634+0000] {dag.py:4138} INFO - Setting next_dagrun for tutorial_taskflow_api to None, run_after=None
[2024-08-25T00:16:23.957+0000] {processor.py:208} INFO - Processing /home/airflow/.local/lib/python3.12/site-packages/airflow/example_dags/tutorial_taskflow_api.py took 0.910 seconds
[2024-08-25T00:16:54.378+0000] {processor.py:186} INFO - Started process (PID=1370) to work on /home/airflow/.local/lib/python3.12/site-packages/airflow/example_dags/tutorial_taskflow_api.py
[2024-08-25T00:16:54.391+0000] {processor.py:914} INFO - Processing file /home/airflow/.local/lib/python3.12/site-packages/airflow/example_dags/tutorial_taskflow_api.py for tasks to queue
[2024-08-25T00:16:54.426+0000] {logging_mixin.py:190} INFO - [2024-08-25T00:16:54.426+0000] {dagbag.py:587} INFO - Filling up the DagBag from /home/airflow/.local/lib/python3.12/site-packages/airflow/example_dags/tutorial_taskflow_api.py
[2024-08-25T00:16:54.506+0000] {processor.py:925} INFO - DAG(s) 'tutorial_taskflow_api' retrieved from /home/airflow/.local/lib/python3.12/site-packages/airflow/example_dags/tutorial_taskflow_api.py
[2024-08-25T00:16:54.655+0000] {logging_mixin.py:190} INFO - [2024-08-25T00:16:54.654+0000] {dag.py:3211} INFO - Sync 1 DAGs
[2024-08-25T00:16:54.769+0000] {logging_mixin.py:190} INFO - [2024-08-25T00:16:54.759+0000] {dag.py:4138} INFO - Setting next_dagrun for tutorial_taskflow_api to None, run_after=None
[2024-08-25T00:16:54.877+0000] {processor.py:208} INFO - Processing /home/airflow/.local/lib/python3.12/site-packages/airflow/example_dags/tutorial_taskflow_api.py took 0.538 seconds
[2024-08-25T00:17:25.241+0000] {processor.py:186} INFO - Started process (PID=1433) to work on /home/airflow/.local/lib/python3.12/site-packages/airflow/example_dags/tutorial_taskflow_api.py
[2024-08-25T00:17:25.249+0000] {processor.py:914} INFO - Processing file /home/airflow/.local/lib/python3.12/site-packages/airflow/example_dags/tutorial_taskflow_api.py for tasks to queue
[2024-08-25T00:17:25.257+0000] {logging_mixin.py:190} INFO - [2024-08-25T00:17:25.256+0000] {dagbag.py:587} INFO - Filling up the DagBag from /home/airflow/.local/lib/python3.12/site-packages/airflow/example_dags/tutorial_taskflow_api.py
[2024-08-25T00:17:25.293+0000] {processor.py:925} INFO - DAG(s) 'tutorial_taskflow_api' retrieved from /home/airflow/.local/lib/python3.12/site-packages/airflow/example_dags/tutorial_taskflow_api.py
[2024-08-25T00:17:25.380+0000] {logging_mixin.py:190} INFO - [2024-08-25T00:17:25.378+0000] {dag.py:3211} INFO - Sync 1 DAGs
[2024-08-25T00:17:25.423+0000] {logging_mixin.py:190} INFO - [2024-08-25T00:17:25.423+0000] {dag.py:4138} INFO - Setting next_dagrun for tutorial_taskflow_api to None, run_after=None
[2024-08-25T00:17:25.475+0000] {processor.py:208} INFO - Processing /home/airflow/.local/lib/python3.12/site-packages/airflow/example_dags/tutorial_taskflow_api.py took 0.272 seconds
[2024-08-25T00:17:58.024+0000] {processor.py:186} INFO - Started process (PID=1496) to work on /home/airflow/.local/lib/python3.12/site-packages/airflow/example_dags/tutorial_taskflow_api.py
[2024-08-25T00:17:58.028+0000] {processor.py:914} INFO - Processing file /home/airflow/.local/lib/python3.12/site-packages/airflow/example_dags/tutorial_taskflow_api.py for tasks to queue
[2024-08-25T00:17:58.040+0000] {logging_mixin.py:190} INFO - [2024-08-25T00:17:58.039+0000] {dagbag.py:587} INFO - Filling up the DagBag from /home/airflow/.local/lib/python3.12/site-packages/airflow/example_dags/tutorial_taskflow_api.py
[2024-08-25T00:17:58.074+0000] {processor.py:925} INFO - DAG(s) 'tutorial_taskflow_api' retrieved from /home/airflow/.local/lib/python3.12/site-packages/airflow/example_dags/tutorial_taskflow_api.py
[2024-08-25T00:17:58.148+0000] {logging_mixin.py:190} INFO - [2024-08-25T00:17:58.146+0000] {dag.py:3211} INFO - Sync 1 DAGs
[2024-08-25T00:17:58.196+0000] {logging_mixin.py:190} INFO - [2024-08-25T00:17:58.195+0000] {dag.py:4138} INFO - Setting next_dagrun for tutorial_taskflow_api to None, run_after=None
[2024-08-25T00:17:58.250+0000] {processor.py:208} INFO - Processing /home/airflow/.local/lib/python3.12/site-packages/airflow/example_dags/tutorial_taskflow_api.py took 0.249 seconds
[2024-08-25T00:18:30.770+0000] {processor.py:186} INFO - Started process (PID=1559) to work on /home/airflow/.local/lib/python3.12/site-packages/airflow/example_dags/tutorial_taskflow_api.py
[2024-08-25T00:18:30.774+0000] {processor.py:914} INFO - Processing file /home/airflow/.local/lib/python3.12/site-packages/airflow/example_dags/tutorial_taskflow_api.py for tasks to queue
[2024-08-25T00:18:30.782+0000] {logging_mixin.py:190} INFO - [2024-08-25T00:18:30.781+0000] {dagbag.py:587} INFO - Filling up the DagBag from /home/airflow/.local/lib/python3.12/site-packages/airflow/example_dags/tutorial_taskflow_api.py
[2024-08-25T00:18:30.817+0000] {processor.py:925} INFO - DAG(s) 'tutorial_taskflow_api' retrieved from /home/airflow/.local/lib/python3.12/site-packages/airflow/example_dags/tutorial_taskflow_api.py
[2024-08-25T00:18:30.910+0000] {logging_mixin.py:190} INFO - [2024-08-25T00:18:30.903+0000] {dag.py:3211} INFO - Sync 1 DAGs
[2024-08-25T00:18:30.991+0000] {logging_mixin.py:190} INFO - [2024-08-25T00:18:30.990+0000] {dag.py:4138} INFO - Setting next_dagrun for tutorial_taskflow_api to None, run_after=None
[2024-08-25T00:18:31.067+0000] {processor.py:208} INFO - Processing /home/airflow/.local/lib/python3.12/site-packages/airflow/example_dags/tutorial_taskflow_api.py took 0.343 seconds
[2024-08-25T00:19:01.604+0000] {processor.py:186} INFO - Started process (PID=1622) to work on /home/airflow/.local/lib/python3.12/site-packages/airflow/example_dags/tutorial_taskflow_api.py
[2024-08-25T00:19:01.607+0000] {processor.py:914} INFO - Processing file /home/airflow/.local/lib/python3.12/site-packages/airflow/example_dags/tutorial_taskflow_api.py for tasks to queue
[2024-08-25T00:19:01.615+0000] {logging_mixin.py:190} INFO - [2024-08-25T00:19:01.614+0000] {dagbag.py:587} INFO - Filling up the DagBag from /home/airflow/.local/lib/python3.12/site-packages/airflow/example_dags/tutorial_taskflow_api.py
[2024-08-25T00:19:01.642+0000] {processor.py:925} INFO - DAG(s) 'tutorial_taskflow_api' retrieved from /home/airflow/.local/lib/python3.12/site-packages/airflow/example_dags/tutorial_taskflow_api.py
[2024-08-25T00:19:01.708+0000] {logging_mixin.py:190} INFO - [2024-08-25T00:19:01.707+0000] {dag.py:3211} INFO - Sync 1 DAGs
[2024-08-25T00:19:01.772+0000] {logging_mixin.py:190} INFO - [2024-08-25T00:19:01.771+0000] {dag.py:4138} INFO - Setting next_dagrun for tutorial_taskflow_api to None, run_after=None
[2024-08-25T00:19:01.844+0000] {processor.py:208} INFO - Processing /home/airflow/.local/lib/python3.12/site-packages/airflow/example_dags/tutorial_taskflow_api.py took 0.259 seconds
[2024-08-25T00:19:32.697+0000] {processor.py:186} INFO - Started process (PID=1685) to work on /home/airflow/.local/lib/python3.12/site-packages/airflow/example_dags/tutorial_taskflow_api.py
[2024-08-25T00:19:32.700+0000] {processor.py:914} INFO - Processing file /home/airflow/.local/lib/python3.12/site-packages/airflow/example_dags/tutorial_taskflow_api.py for tasks to queue
[2024-08-25T00:19:32.713+0000] {logging_mixin.py:190} INFO - [2024-08-25T00:19:32.712+0000] {dagbag.py:587} INFO - Filling up the DagBag from /home/airflow/.local/lib/python3.12/site-packages/airflow/example_dags/tutorial_taskflow_api.py
[2024-08-25T00:19:32.759+0000] {processor.py:925} INFO - DAG(s) 'tutorial_taskflow_api' retrieved from /home/airflow/.local/lib/python3.12/site-packages/airflow/example_dags/tutorial_taskflow_api.py
[2024-08-25T00:19:32.890+0000] {logging_mixin.py:190} INFO - [2024-08-25T00:19:32.888+0000] {dag.py:3211} INFO - Sync 1 DAGs
[2024-08-25T00:19:32.994+0000] {logging_mixin.py:190} INFO - [2024-08-25T00:19:32.993+0000] {dag.py:4138} INFO - Setting next_dagrun for tutorial_taskflow_api to None, run_after=None
[2024-08-25T00:19:33.096+0000] {processor.py:208} INFO - Processing /home/airflow/.local/lib/python3.12/site-packages/airflow/example_dags/tutorial_taskflow_api.py took 0.422 seconds
[2024-08-25T00:20:03.549+0000] {processor.py:186} INFO - Started process (PID=1748) to work on /home/airflow/.local/lib/python3.12/site-packages/airflow/example_dags/tutorial_taskflow_api.py
[2024-08-25T00:20:03.552+0000] {processor.py:914} INFO - Processing file /home/airflow/.local/lib/python3.12/site-packages/airflow/example_dags/tutorial_taskflow_api.py for tasks to queue
[2024-08-25T00:20:03.560+0000] {logging_mixin.py:190} INFO - [2024-08-25T00:20:03.559+0000] {dagbag.py:587} INFO - Filling up the DagBag from /home/airflow/.local/lib/python3.12/site-packages/airflow/example_dags/tutorial_taskflow_api.py
[2024-08-25T00:20:03.596+0000] {processor.py:925} INFO - DAG(s) 'tutorial_taskflow_api' retrieved from /home/airflow/.local/lib/python3.12/site-packages/airflow/example_dags/tutorial_taskflow_api.py
[2024-08-25T00:20:03.755+0000] {logging_mixin.py:190} INFO - [2024-08-25T00:20:03.745+0000] {dag.py:3211} INFO - Sync 1 DAGs
[2024-08-25T00:20:03.872+0000] {logging_mixin.py:190} INFO - [2024-08-25T00:20:03.872+0000] {dag.py:4138} INFO - Setting next_dagrun for tutorial_taskflow_api to None, run_after=None
[2024-08-25T00:20:03.969+0000] {processor.py:208} INFO - Processing /home/airflow/.local/lib/python3.12/site-packages/airflow/example_dags/tutorial_taskflow_api.py took 0.440 seconds
[2024-08-25T00:20:35.047+0000] {processor.py:186} INFO - Started process (PID=1817) to work on /home/airflow/.local/lib/python3.12/site-packages/airflow/example_dags/tutorial_taskflow_api.py
[2024-08-25T00:20:35.049+0000] {processor.py:914} INFO - Processing file /home/airflow/.local/lib/python3.12/site-packages/airflow/example_dags/tutorial_taskflow_api.py for tasks to queue
[2024-08-25T00:20:35.056+0000] {logging_mixin.py:190} INFO - [2024-08-25T00:20:35.056+0000] {dagbag.py:587} INFO - Filling up the DagBag from /home/airflow/.local/lib/python3.12/site-packages/airflow/example_dags/tutorial_taskflow_api.py
[2024-08-25T00:20:35.085+0000] {processor.py:925} INFO - DAG(s) 'tutorial_taskflow_api' retrieved from /home/airflow/.local/lib/python3.12/site-packages/airflow/example_dags/tutorial_taskflow_api.py
[2024-08-25T00:20:35.144+0000] {logging_mixin.py:190} INFO - [2024-08-25T00:20:35.143+0000] {dag.py:3211} INFO - Sync 1 DAGs
[2024-08-25T00:20:35.205+0000] {logging_mixin.py:190} INFO - [2024-08-25T00:20:35.205+0000] {dag.py:4138} INFO - Setting next_dagrun for tutorial_taskflow_api to None, run_after=None
[2024-08-25T00:20:35.314+0000] {processor.py:208} INFO - Processing /home/airflow/.local/lib/python3.12/site-packages/airflow/example_dags/tutorial_taskflow_api.py took 0.286 seconds
[2024-08-25T00:26:38.621+0000] {processor.py:186} INFO - Started process (PID=106) to work on /home/airflow/.local/lib/python3.12/site-packages/airflow/example_dags/tutorial_taskflow_api.py
[2024-08-25T00:26:38.633+0000] {processor.py:914} INFO - Processing file /home/airflow/.local/lib/python3.12/site-packages/airflow/example_dags/tutorial_taskflow_api.py for tasks to queue
[2024-08-25T00:26:38.653+0000] {logging_mixin.py:190} INFO - [2024-08-25T00:26:38.650+0000] {dagbag.py:587} INFO - Filling up the DagBag from /home/airflow/.local/lib/python3.12/site-packages/airflow/example_dags/tutorial_taskflow_api.py
[2024-08-25T00:26:38.857+0000] {processor.py:925} INFO - DAG(s) 'tutorial_taskflow_api' retrieved from /home/airflow/.local/lib/python3.12/site-packages/airflow/example_dags/tutorial_taskflow_api.py
[2024-08-25T00:26:39.533+0000] {logging_mixin.py:190} INFO - [2024-08-25T00:26:39.527+0000] {dag.py:3211} INFO - Sync 1 DAGs
[2024-08-25T00:26:39.777+0000] {logging_mixin.py:190} INFO - [2024-08-25T00:26:39.776+0000] {dag.py:4138} INFO - Setting next_dagrun for tutorial_taskflow_api to None, run_after=None
[2024-08-25T00:26:39.991+0000] {processor.py:208} INFO - Processing /home/airflow/.local/lib/python3.12/site-packages/airflow/example_dags/tutorial_taskflow_api.py took 1.431 seconds
[2024-08-25T00:27:36.886+0000] {processor.py:186} INFO - Started process (PID=175) to work on /home/airflow/.local/lib/python3.12/site-packages/airflow/example_dags/tutorial_taskflow_api.py
[2024-08-25T00:27:36.904+0000] {processor.py:914} INFO - Processing file /home/airflow/.local/lib/python3.12/site-packages/airflow/example_dags/tutorial_taskflow_api.py for tasks to queue
[2024-08-25T00:27:36.921+0000] {logging_mixin.py:190} INFO - [2024-08-25T00:27:36.920+0000] {dagbag.py:587} INFO - Filling up the DagBag from /home/airflow/.local/lib/python3.12/site-packages/airflow/example_dags/tutorial_taskflow_api.py
[2024-08-25T00:27:37.110+0000] {processor.py:925} INFO - DAG(s) 'tutorial_taskflow_api' retrieved from /home/airflow/.local/lib/python3.12/site-packages/airflow/example_dags/tutorial_taskflow_api.py
[2024-08-25T00:27:37.296+0000] {logging_mixin.py:190} INFO - [2024-08-25T00:27:37.294+0000] {dag.py:3211} INFO - Sync 1 DAGs
[2024-08-25T00:27:37.380+0000] {logging_mixin.py:190} INFO - [2024-08-25T00:27:37.369+0000] {dag.py:4138} INFO - Setting next_dagrun for tutorial_taskflow_api to None, run_after=None
[2024-08-25T00:27:37.463+0000] {processor.py:208} INFO - Processing /home/airflow/.local/lib/python3.12/site-packages/airflow/example_dags/tutorial_taskflow_api.py took 0.682 seconds
[2024-08-25T00:28:24.756+0000] {processor.py:186} INFO - Started process (PID=238) to work on /home/airflow/.local/lib/python3.12/site-packages/airflow/example_dags/tutorial_taskflow_api.py
[2024-08-25T00:28:24.760+0000] {processor.py:914} INFO - Processing file /home/airflow/.local/lib/python3.12/site-packages/airflow/example_dags/tutorial_taskflow_api.py for tasks to queue
[2024-08-25T00:28:24.792+0000] {logging_mixin.py:190} INFO - [2024-08-25T00:28:24.791+0000] {dagbag.py:587} INFO - Filling up the DagBag from /home/airflow/.local/lib/python3.12/site-packages/airflow/example_dags/tutorial_taskflow_api.py
[2024-08-25T00:28:24.946+0000] {processor.py:925} INFO - DAG(s) 'tutorial_taskflow_api' retrieved from /home/airflow/.local/lib/python3.12/site-packages/airflow/example_dags/tutorial_taskflow_api.py
[2024-08-25T00:28:25.217+0000] {logging_mixin.py:190} INFO - [2024-08-25T00:28:25.210+0000] {dag.py:3211} INFO - Sync 1 DAGs
[2024-08-25T00:28:25.390+0000] {logging_mixin.py:190} INFO - [2024-08-25T00:28:25.389+0000] {dag.py:4138} INFO - Setting next_dagrun for tutorial_taskflow_api to None, run_after=None
[2024-08-25T00:28:25.628+0000] {processor.py:208} INFO - Processing /home/airflow/.local/lib/python3.12/site-packages/airflow/example_dags/tutorial_taskflow_api.py took 1.014 seconds
[2024-08-25T00:28:57.493+0000] {processor.py:186} INFO - Started process (PID=301) to work on /home/airflow/.local/lib/python3.12/site-packages/airflow/example_dags/tutorial_taskflow_api.py
[2024-08-25T00:28:57.496+0000] {processor.py:914} INFO - Processing file /home/airflow/.local/lib/python3.12/site-packages/airflow/example_dags/tutorial_taskflow_api.py for tasks to queue
[2024-08-25T00:28:57.506+0000] {logging_mixin.py:190} INFO - [2024-08-25T00:28:57.505+0000] {dagbag.py:587} INFO - Filling up the DagBag from /home/airflow/.local/lib/python3.12/site-packages/airflow/example_dags/tutorial_taskflow_api.py
[2024-08-25T00:28:57.557+0000] {processor.py:925} INFO - DAG(s) 'tutorial_taskflow_api' retrieved from /home/airflow/.local/lib/python3.12/site-packages/airflow/example_dags/tutorial_taskflow_api.py
[2024-08-25T00:28:57.852+0000] {logging_mixin.py:190} INFO - [2024-08-25T00:28:57.850+0000] {dag.py:3211} INFO - Sync 1 DAGs
[2024-08-25T00:28:58.085+0000] {logging_mixin.py:190} INFO - [2024-08-25T00:28:58.085+0000] {dag.py:4138} INFO - Setting next_dagrun for tutorial_taskflow_api to None, run_after=None
[2024-08-25T00:28:58.306+0000] {processor.py:208} INFO - Processing /home/airflow/.local/lib/python3.12/site-packages/airflow/example_dags/tutorial_taskflow_api.py took 0.840 seconds
[2024-08-25T00:29:29.212+0000] {processor.py:186} INFO - Started process (PID=364) to work on /home/airflow/.local/lib/python3.12/site-packages/airflow/example_dags/tutorial_taskflow_api.py
[2024-08-25T00:29:29.214+0000] {processor.py:914} INFO - Processing file /home/airflow/.local/lib/python3.12/site-packages/airflow/example_dags/tutorial_taskflow_api.py for tasks to queue
[2024-08-25T00:29:29.220+0000] {logging_mixin.py:190} INFO - [2024-08-25T00:29:29.219+0000] {dagbag.py:587} INFO - Filling up the DagBag from /home/airflow/.local/lib/python3.12/site-packages/airflow/example_dags/tutorial_taskflow_api.py
[2024-08-25T00:29:29.249+0000] {processor.py:925} INFO - DAG(s) 'tutorial_taskflow_api' retrieved from /home/airflow/.local/lib/python3.12/site-packages/airflow/example_dags/tutorial_taskflow_api.py
[2024-08-25T00:29:29.314+0000] {logging_mixin.py:190} INFO - [2024-08-25T00:29:29.311+0000] {dag.py:3211} INFO - Sync 1 DAGs
[2024-08-25T00:29:29.369+0000] {logging_mixin.py:190} INFO - [2024-08-25T00:29:29.368+0000] {dag.py:4138} INFO - Setting next_dagrun for tutorial_taskflow_api to None, run_after=None
[2024-08-25T00:29:29.426+0000] {processor.py:208} INFO - Processing /home/airflow/.local/lib/python3.12/site-packages/airflow/example_dags/tutorial_taskflow_api.py took 0.235 seconds
[2024-08-25T00:30:00.553+0000] {processor.py:186} INFO - Started process (PID=427) to work on /home/airflow/.local/lib/python3.12/site-packages/airflow/example_dags/tutorial_taskflow_api.py
[2024-08-25T00:30:00.563+0000] {processor.py:914} INFO - Processing file /home/airflow/.local/lib/python3.12/site-packages/airflow/example_dags/tutorial_taskflow_api.py for tasks to queue
[2024-08-25T00:30:00.572+0000] {logging_mixin.py:190} INFO - [2024-08-25T00:30:00.571+0000] {dagbag.py:587} INFO - Filling up the DagBag from /home/airflow/.local/lib/python3.12/site-packages/airflow/example_dags/tutorial_taskflow_api.py
[2024-08-25T00:30:00.630+0000] {processor.py:925} INFO - DAG(s) 'tutorial_taskflow_api' retrieved from /home/airflow/.local/lib/python3.12/site-packages/airflow/example_dags/tutorial_taskflow_api.py
[2024-08-25T00:30:00.789+0000] {logging_mixin.py:190} INFO - [2024-08-25T00:30:00.787+0000] {dag.py:3211} INFO - Sync 1 DAGs
[2024-08-25T00:30:00.971+0000] {logging_mixin.py:190} INFO - [2024-08-25T00:30:00.971+0000] {dag.py:4138} INFO - Setting next_dagrun for tutorial_taskflow_api to None, run_after=None
[2024-08-25T00:30:01.248+0000] {processor.py:208} INFO - Processing /home/airflow/.local/lib/python3.12/site-packages/airflow/example_dags/tutorial_taskflow_api.py took 0.732 seconds
[2024-08-25T00:30:41.163+0000] {processor.py:186} INFO - Started process (PID=497) to work on /home/airflow/.local/lib/python3.12/site-packages/airflow/example_dags/tutorial_taskflow_api.py
[2024-08-25T00:30:41.165+0000] {processor.py:914} INFO - Processing file /home/airflow/.local/lib/python3.12/site-packages/airflow/example_dags/tutorial_taskflow_api.py for tasks to queue
[2024-08-25T00:30:41.171+0000] {logging_mixin.py:190} INFO - [2024-08-25T00:30:41.171+0000] {dagbag.py:587} INFO - Filling up the DagBag from /home/airflow/.local/lib/python3.12/site-packages/airflow/example_dags/tutorial_taskflow_api.py
[2024-08-25T00:30:41.193+0000] {processor.py:925} INFO - DAG(s) 'tutorial_taskflow_api' retrieved from /home/airflow/.local/lib/python3.12/site-packages/airflow/example_dags/tutorial_taskflow_api.py
[2024-08-25T00:30:41.244+0000] {logging_mixin.py:190} INFO - [2024-08-25T00:30:41.242+0000] {dag.py:3211} INFO - Sync 1 DAGs
[2024-08-25T00:30:41.282+0000] {logging_mixin.py:190} INFO - [2024-08-25T00:30:41.282+0000] {dag.py:4138} INFO - Setting next_dagrun for tutorial_taskflow_api to None, run_after=None
[2024-08-25T00:30:41.325+0000] {processor.py:208} INFO - Processing /home/airflow/.local/lib/python3.12/site-packages/airflow/example_dags/tutorial_taskflow_api.py took 0.177 seconds
[2024-08-25T00:31:11.891+0000] {processor.py:186} INFO - Started process (PID=550) to work on /home/airflow/.local/lib/python3.12/site-packages/airflow/example_dags/tutorial_taskflow_api.py
[2024-08-25T00:31:11.894+0000] {processor.py:914} INFO - Processing file /home/airflow/.local/lib/python3.12/site-packages/airflow/example_dags/tutorial_taskflow_api.py for tasks to queue
[2024-08-25T00:31:11.907+0000] {logging_mixin.py:190} INFO - [2024-08-25T00:31:11.906+0000] {dagbag.py:587} INFO - Filling up the DagBag from /home/airflow/.local/lib/python3.12/site-packages/airflow/example_dags/tutorial_taskflow_api.py
[2024-08-25T00:31:11.959+0000] {processor.py:925} INFO - DAG(s) 'tutorial_taskflow_api' retrieved from /home/airflow/.local/lib/python3.12/site-packages/airflow/example_dags/tutorial_taskflow_api.py
[2024-08-25T00:31:12.025+0000] {logging_mixin.py:190} INFO - [2024-08-25T00:31:12.023+0000] {dag.py:3211} INFO - Sync 1 DAGs
[2024-08-25T00:31:12.117+0000] {logging_mixin.py:190} INFO - [2024-08-25T00:31:12.117+0000] {dag.py:4138} INFO - Setting next_dagrun for tutorial_taskflow_api to None, run_after=None
[2024-08-25T00:31:12.223+0000] {processor.py:208} INFO - Processing /home/airflow/.local/lib/python3.12/site-packages/airflow/example_dags/tutorial_taskflow_api.py took 0.369 seconds
[2024-08-25T00:31:59.695+0000] {processor.py:186} INFO - Started process (PID=609) to work on /home/airflow/.local/lib/python3.12/site-packages/airflow/example_dags/tutorial_taskflow_api.py
[2024-08-25T00:31:59.705+0000] {processor.py:914} INFO - Processing file /home/airflow/.local/lib/python3.12/site-packages/airflow/example_dags/tutorial_taskflow_api.py for tasks to queue
[2024-08-25T00:31:59.736+0000] {logging_mixin.py:190} INFO - [2024-08-25T00:31:59.735+0000] {dagbag.py:587} INFO - Filling up the DagBag from /home/airflow/.local/lib/python3.12/site-packages/airflow/example_dags/tutorial_taskflow_api.py
[2024-08-25T00:31:59.835+0000] {processor.py:925} INFO - DAG(s) 'tutorial_taskflow_api' retrieved from /home/airflow/.local/lib/python3.12/site-packages/airflow/example_dags/tutorial_taskflow_api.py
[2024-08-25T00:32:00.220+0000] {logging_mixin.py:190} INFO - [2024-08-25T00:32:00.219+0000] {dag.py:3211} INFO - Sync 1 DAGs
[2024-08-25T00:32:00.467+0000] {logging_mixin.py:190} INFO - [2024-08-25T00:32:00.467+0000] {dag.py:4138} INFO - Setting next_dagrun for tutorial_taskflow_api to None, run_after=None
[2024-08-25T00:32:00.833+0000] {processor.py:208} INFO - Processing /home/airflow/.local/lib/python3.12/site-packages/airflow/example_dags/tutorial_taskflow_api.py took 1.196 seconds
[2024-08-25T00:32:32.765+0000] {processor.py:186} INFO - Started process (PID=672) to work on /home/airflow/.local/lib/python3.12/site-packages/airflow/example_dags/tutorial_taskflow_api.py
[2024-08-25T00:32:32.780+0000] {processor.py:914} INFO - Processing file /home/airflow/.local/lib/python3.12/site-packages/airflow/example_dags/tutorial_taskflow_api.py for tasks to queue
[2024-08-25T00:32:32.802+0000] {logging_mixin.py:190} INFO - [2024-08-25T00:32:32.801+0000] {dagbag.py:587} INFO - Filling up the DagBag from /home/airflow/.local/lib/python3.12/site-packages/airflow/example_dags/tutorial_taskflow_api.py
[2024-08-25T00:32:32.899+0000] {processor.py:925} INFO - DAG(s) 'tutorial_taskflow_api' retrieved from /home/airflow/.local/lib/python3.12/site-packages/airflow/example_dags/tutorial_taskflow_api.py
[2024-08-25T00:32:33.068+0000] {logging_mixin.py:190} INFO - [2024-08-25T00:32:33.067+0000] {dag.py:3211} INFO - Sync 1 DAGs
[2024-08-25T00:32:33.217+0000] {logging_mixin.py:190} INFO - [2024-08-25T00:32:33.205+0000] {dag.py:4138} INFO - Setting next_dagrun for tutorial_taskflow_api to None, run_after=None
[2024-08-25T00:32:33.425+0000] {processor.py:208} INFO - Processing /home/airflow/.local/lib/python3.12/site-packages/airflow/example_dags/tutorial_taskflow_api.py took 0.701 seconds
[2024-08-25T00:33:31.780+0000] {processor.py:186} INFO - Started process (PID=748) to work on /home/airflow/.local/lib/python3.12/site-packages/airflow/example_dags/tutorial_taskflow_api.py
[2024-08-25T00:33:31.824+0000] {processor.py:914} INFO - Processing file /home/airflow/.local/lib/python3.12/site-packages/airflow/example_dags/tutorial_taskflow_api.py for tasks to queue
[2024-08-25T00:33:31.843+0000] {logging_mixin.py:190} INFO - [2024-08-25T00:33:31.842+0000] {dagbag.py:587} INFO - Filling up the DagBag from /home/airflow/.local/lib/python3.12/site-packages/airflow/example_dags/tutorial_taskflow_api.py
[2024-08-25T00:33:32.098+0000] {processor.py:925} INFO - DAG(s) 'tutorial_taskflow_api' retrieved from /home/airflow/.local/lib/python3.12/site-packages/airflow/example_dags/tutorial_taskflow_api.py
[2024-08-25T00:33:32.387+0000] {logging_mixin.py:190} INFO - [2024-08-25T00:33:32.385+0000] {dag.py:3211} INFO - Sync 1 DAGs
[2024-08-25T00:33:32.604+0000] {logging_mixin.py:190} INFO - [2024-08-25T00:33:32.603+0000] {dag.py:4138} INFO - Setting next_dagrun for tutorial_taskflow_api to None, run_after=None
[2024-08-25T00:33:32.904+0000] {processor.py:208} INFO - Processing /home/airflow/.local/lib/python3.12/site-packages/airflow/example_dags/tutorial_taskflow_api.py took 1.181 seconds
[2024-08-25T00:34:17.703+0000] {processor.py:186} INFO - Started process (PID=817) to work on /home/airflow/.local/lib/python3.12/site-packages/airflow/example_dags/tutorial_taskflow_api.py
[2024-08-25T00:34:17.706+0000] {processor.py:914} INFO - Processing file /home/airflow/.local/lib/python3.12/site-packages/airflow/example_dags/tutorial_taskflow_api.py for tasks to queue
[2024-08-25T00:34:17.716+0000] {logging_mixin.py:190} INFO - [2024-08-25T00:34:17.714+0000] {dagbag.py:587} INFO - Filling up the DagBag from /home/airflow/.local/lib/python3.12/site-packages/airflow/example_dags/tutorial_taskflow_api.py
[2024-08-25T00:34:17.778+0000] {processor.py:925} INFO - DAG(s) 'tutorial_taskflow_api' retrieved from /home/airflow/.local/lib/python3.12/site-packages/airflow/example_dags/tutorial_taskflow_api.py
[2024-08-25T00:34:17.908+0000] {logging_mixin.py:190} INFO - [2024-08-25T00:34:17.896+0000] {dag.py:3211} INFO - Sync 1 DAGs
[2024-08-25T00:34:18.029+0000] {logging_mixin.py:190} INFO - [2024-08-25T00:34:18.028+0000] {dag.py:4138} INFO - Setting next_dagrun for tutorial_taskflow_api to None, run_after=None
[2024-08-25T00:34:18.173+0000] {processor.py:208} INFO - Processing /home/airflow/.local/lib/python3.12/site-packages/airflow/example_dags/tutorial_taskflow_api.py took 0.506 seconds
[2024-08-25T00:34:51.038+0000] {processor.py:186} INFO - Started process (PID=880) to work on /home/airflow/.local/lib/python3.12/site-packages/airflow/example_dags/tutorial_taskflow_api.py
[2024-08-25T00:34:51.042+0000] {processor.py:914} INFO - Processing file /home/airflow/.local/lib/python3.12/site-packages/airflow/example_dags/tutorial_taskflow_api.py for tasks to queue
[2024-08-25T00:34:51.050+0000] {logging_mixin.py:190} INFO - [2024-08-25T00:34:51.049+0000] {dagbag.py:587} INFO - Filling up the DagBag from /home/airflow/.local/lib/python3.12/site-packages/airflow/example_dags/tutorial_taskflow_api.py
[2024-08-25T00:34:51.080+0000] {processor.py:925} INFO - DAG(s) 'tutorial_taskflow_api' retrieved from /home/airflow/.local/lib/python3.12/site-packages/airflow/example_dags/tutorial_taskflow_api.py
[2024-08-25T00:34:51.139+0000] {logging_mixin.py:190} INFO - [2024-08-25T00:34:51.137+0000] {dag.py:3211} INFO - Sync 1 DAGs
[2024-08-25T00:34:51.186+0000] {logging_mixin.py:190} INFO - [2024-08-25T00:34:51.186+0000] {dag.py:4138} INFO - Setting next_dagrun for tutorial_taskflow_api to None, run_after=None
[2024-08-25T00:34:51.274+0000] {processor.py:208} INFO - Processing /home/airflow/.local/lib/python3.12/site-packages/airflow/example_dags/tutorial_taskflow_api.py took 0.256 seconds
[2024-08-25T00:35:22.574+0000] {processor.py:186} INFO - Started process (PID=941) to work on /home/airflow/.local/lib/python3.12/site-packages/airflow/example_dags/tutorial_taskflow_api.py
[2024-08-25T00:35:22.581+0000] {processor.py:914} INFO - Processing file /home/airflow/.local/lib/python3.12/site-packages/airflow/example_dags/tutorial_taskflow_api.py for tasks to queue
[2024-08-25T00:35:22.599+0000] {logging_mixin.py:190} INFO - [2024-08-25T00:35:22.598+0000] {dagbag.py:587} INFO - Filling up the DagBag from /home/airflow/.local/lib/python3.12/site-packages/airflow/example_dags/tutorial_taskflow_api.py
[2024-08-25T00:35:22.642+0000] {processor.py:925} INFO - DAG(s) 'tutorial_taskflow_api' retrieved from /home/airflow/.local/lib/python3.12/site-packages/airflow/example_dags/tutorial_taskflow_api.py
[2024-08-25T00:35:22.965+0000] {logging_mixin.py:190} INFO - [2024-08-25T00:35:22.953+0000] {dag.py:3211} INFO - Sync 1 DAGs
[2024-08-25T00:35:23.474+0000] {logging_mixin.py:190} INFO - [2024-08-25T00:35:23.473+0000] {dag.py:4138} INFO - Setting next_dagrun for tutorial_taskflow_api to None, run_after=None
[2024-08-25T00:35:23.682+0000] {processor.py:208} INFO - Processing /home/airflow/.local/lib/python3.12/site-packages/airflow/example_dags/tutorial_taskflow_api.py took 1.142 seconds
[2024-08-25T00:35:57.246+0000] {processor.py:186} INFO - Started process (PID=1003) to work on /home/airflow/.local/lib/python3.12/site-packages/airflow/example_dags/tutorial_taskflow_api.py
[2024-08-25T00:35:57.262+0000] {processor.py:914} INFO - Processing file /home/airflow/.local/lib/python3.12/site-packages/airflow/example_dags/tutorial_taskflow_api.py for tasks to queue
[2024-08-25T00:35:57.317+0000] {logging_mixin.py:190} INFO - [2024-08-25T00:35:57.316+0000] {dagbag.py:587} INFO - Filling up the DagBag from /home/airflow/.local/lib/python3.12/site-packages/airflow/example_dags/tutorial_taskflow_api.py
[2024-08-25T00:35:57.446+0000] {processor.py:925} INFO - DAG(s) 'tutorial_taskflow_api' retrieved from /home/airflow/.local/lib/python3.12/site-packages/airflow/example_dags/tutorial_taskflow_api.py
[2024-08-25T00:35:57.812+0000] {logging_mixin.py:190} INFO - [2024-08-25T00:35:57.800+0000] {dag.py:3211} INFO - Sync 1 DAGs
[2024-08-25T00:35:58.019+0000] {logging_mixin.py:190} INFO - [2024-08-25T00:35:58.018+0000] {dag.py:4138} INFO - Setting next_dagrun for tutorial_taskflow_api to None, run_after=None
[2024-08-25T00:35:58.216+0000] {processor.py:208} INFO - Processing /home/airflow/.local/lib/python3.12/site-packages/airflow/example_dags/tutorial_taskflow_api.py took 1.015 seconds
[2024-08-25T00:36:30.101+0000] {processor.py:186} INFO - Started process (PID=1066) to work on /home/airflow/.local/lib/python3.12/site-packages/airflow/example_dags/tutorial_taskflow_api.py
[2024-08-25T00:36:30.113+0000] {processor.py:914} INFO - Processing file /home/airflow/.local/lib/python3.12/site-packages/airflow/example_dags/tutorial_taskflow_api.py for tasks to queue
[2024-08-25T00:36:30.127+0000] {logging_mixin.py:190} INFO - [2024-08-25T00:36:30.126+0000] {dagbag.py:587} INFO - Filling up the DagBag from /home/airflow/.local/lib/python3.12/site-packages/airflow/example_dags/tutorial_taskflow_api.py
[2024-08-25T00:36:30.197+0000] {processor.py:925} INFO - DAG(s) 'tutorial_taskflow_api' retrieved from /home/airflow/.local/lib/python3.12/site-packages/airflow/example_dags/tutorial_taskflow_api.py
[2024-08-25T00:36:30.346+0000] {logging_mixin.py:190} INFO - [2024-08-25T00:36:30.344+0000] {dag.py:3211} INFO - Sync 1 DAGs
[2024-08-25T00:36:30.522+0000] {logging_mixin.py:190} INFO - [2024-08-25T00:36:30.521+0000] {dag.py:4138} INFO - Setting next_dagrun for tutorial_taskflow_api to None, run_after=None
[2024-08-25T00:36:30.744+0000] {processor.py:208} INFO - Processing /home/airflow/.local/lib/python3.12/site-packages/airflow/example_dags/tutorial_taskflow_api.py took 0.668 seconds
[2024-08-25T00:37:02.106+0000] {processor.py:186} INFO - Started process (PID=1130) to work on /home/airflow/.local/lib/python3.12/site-packages/airflow/example_dags/tutorial_taskflow_api.py
[2024-08-25T00:37:02.116+0000] {processor.py:914} INFO - Processing file /home/airflow/.local/lib/python3.12/site-packages/airflow/example_dags/tutorial_taskflow_api.py for tasks to queue
[2024-08-25T00:37:02.123+0000] {logging_mixin.py:190} INFO - [2024-08-25T00:37:02.121+0000] {dagbag.py:587} INFO - Filling up the DagBag from /home/airflow/.local/lib/python3.12/site-packages/airflow/example_dags/tutorial_taskflow_api.py
[2024-08-25T00:37:02.154+0000] {processor.py:925} INFO - DAG(s) 'tutorial_taskflow_api' retrieved from /home/airflow/.local/lib/python3.12/site-packages/airflow/example_dags/tutorial_taskflow_api.py
[2024-08-25T00:37:02.256+0000] {logging_mixin.py:190} INFO - [2024-08-25T00:37:02.254+0000] {dag.py:3211} INFO - Sync 1 DAGs
[2024-08-25T00:37:02.392+0000] {logging_mixin.py:190} INFO - [2024-08-25T00:37:02.392+0000] {dag.py:4138} INFO - Setting next_dagrun for tutorial_taskflow_api to None, run_after=None
[2024-08-25T00:37:02.459+0000] {processor.py:208} INFO - Processing /home/airflow/.local/lib/python3.12/site-packages/airflow/example_dags/tutorial_taskflow_api.py took 0.391 seconds
[2024-08-25T00:37:33.690+0000] {processor.py:186} INFO - Started process (PID=1192) to work on /home/airflow/.local/lib/python3.12/site-packages/airflow/example_dags/tutorial_taskflow_api.py
[2024-08-25T00:37:33.692+0000] {processor.py:914} INFO - Processing file /home/airflow/.local/lib/python3.12/site-packages/airflow/example_dags/tutorial_taskflow_api.py for tasks to queue
[2024-08-25T00:37:33.696+0000] {logging_mixin.py:190} INFO - [2024-08-25T00:37:33.695+0000] {dagbag.py:587} INFO - Filling up the DagBag from /home/airflow/.local/lib/python3.12/site-packages/airflow/example_dags/tutorial_taskflow_api.py
[2024-08-25T00:37:33.755+0000] {processor.py:925} INFO - DAG(s) 'tutorial_taskflow_api' retrieved from /home/airflow/.local/lib/python3.12/site-packages/airflow/example_dags/tutorial_taskflow_api.py
[2024-08-25T00:37:33.904+0000] {logging_mixin.py:190} INFO - [2024-08-25T00:37:33.900+0000] {dag.py:3211} INFO - Sync 1 DAGs
[2024-08-25T00:37:34.048+0000] {logging_mixin.py:190} INFO - [2024-08-25T00:37:34.036+0000] {dag.py:4138} INFO - Setting next_dagrun for tutorial_taskflow_api to None, run_after=None
[2024-08-25T00:37:34.160+0000] {processor.py:208} INFO - Processing /home/airflow/.local/lib/python3.12/site-packages/airflow/example_dags/tutorial_taskflow_api.py took 0.489 seconds
[2024-08-25T00:38:04.777+0000] {processor.py:186} INFO - Started process (PID=1254) to work on /home/airflow/.local/lib/python3.12/site-packages/airflow/example_dags/tutorial_taskflow_api.py
[2024-08-25T00:38:04.793+0000] {processor.py:914} INFO - Processing file /home/airflow/.local/lib/python3.12/site-packages/airflow/example_dags/tutorial_taskflow_api.py for tasks to queue
[2024-08-25T00:38:04.798+0000] {logging_mixin.py:190} INFO - [2024-08-25T00:38:04.797+0000] {dagbag.py:587} INFO - Filling up the DagBag from /home/airflow/.local/lib/python3.12/site-packages/airflow/example_dags/tutorial_taskflow_api.py
[2024-08-25T00:38:04.902+0000] {processor.py:925} INFO - DAG(s) 'tutorial_taskflow_api' retrieved from /home/airflow/.local/lib/python3.12/site-packages/airflow/example_dags/tutorial_taskflow_api.py
[2024-08-25T00:38:04.987+0000] {logging_mixin.py:190} INFO - [2024-08-25T00:38:04.985+0000] {dag.py:3211} INFO - Sync 1 DAGs
[2024-08-25T00:38:05.034+0000] {logging_mixin.py:190} INFO - [2024-08-25T00:38:05.034+0000] {dag.py:4138} INFO - Setting next_dagrun for tutorial_taskflow_api to None, run_after=None
[2024-08-25T00:38:05.120+0000] {processor.py:208} INFO - Processing /home/airflow/.local/lib/python3.12/site-packages/airflow/example_dags/tutorial_taskflow_api.py took 0.380 seconds
[2024-08-25T00:38:39.351+0000] {processor.py:186} INFO - Started process (PID=1320) to work on /home/airflow/.local/lib/python3.12/site-packages/airflow/example_dags/tutorial_taskflow_api.py
[2024-08-25T00:38:39.353+0000] {processor.py:914} INFO - Processing file /home/airflow/.local/lib/python3.12/site-packages/airflow/example_dags/tutorial_taskflow_api.py for tasks to queue
[2024-08-25T00:38:39.357+0000] {logging_mixin.py:190} INFO - [2024-08-25T00:38:39.356+0000] {dagbag.py:587} INFO - Filling up the DagBag from /home/airflow/.local/lib/python3.12/site-packages/airflow/example_dags/tutorial_taskflow_api.py
[2024-08-25T00:38:39.422+0000] {processor.py:925} INFO - DAG(s) 'tutorial_taskflow_api' retrieved from /home/airflow/.local/lib/python3.12/site-packages/airflow/example_dags/tutorial_taskflow_api.py
[2024-08-25T00:38:39.575+0000] {logging_mixin.py:190} INFO - [2024-08-25T00:38:39.573+0000] {dag.py:3211} INFO - Sync 1 DAGs
[2024-08-25T00:38:39.687+0000] {logging_mixin.py:190} INFO - [2024-08-25T00:38:39.686+0000] {dag.py:4138} INFO - Setting next_dagrun for tutorial_taskflow_api to None, run_after=None
[2024-08-25T00:38:39.805+0000] {processor.py:208} INFO - Processing /home/airflow/.local/lib/python3.12/site-packages/airflow/example_dags/tutorial_taskflow_api.py took 0.489 seconds
[2024-08-25T00:39:11.638+0000] {processor.py:186} INFO - Started process (PID=1383) to work on /home/airflow/.local/lib/python3.12/site-packages/airflow/example_dags/tutorial_taskflow_api.py
[2024-08-25T00:39:11.665+0000] {processor.py:914} INFO - Processing file /home/airflow/.local/lib/python3.12/site-packages/airflow/example_dags/tutorial_taskflow_api.py for tasks to queue
[2024-08-25T00:39:11.703+0000] {logging_mixin.py:190} INFO - [2024-08-25T00:39:11.702+0000] {dagbag.py:587} INFO - Filling up the DagBag from /home/airflow/.local/lib/python3.12/site-packages/airflow/example_dags/tutorial_taskflow_api.py
[2024-08-25T00:39:11.829+0000] {processor.py:925} INFO - DAG(s) 'tutorial_taskflow_api' retrieved from /home/airflow/.local/lib/python3.12/site-packages/airflow/example_dags/tutorial_taskflow_api.py
[2024-08-25T00:39:12.170+0000] {logging_mixin.py:190} INFO - [2024-08-25T00:39:12.163+0000] {dag.py:3211} INFO - Sync 1 DAGs
[2024-08-25T00:39:12.325+0000] {logging_mixin.py:190} INFO - [2024-08-25T00:39:12.311+0000] {dag.py:4138} INFO - Setting next_dagrun for tutorial_taskflow_api to None, run_after=None
[2024-08-25T00:39:12.482+0000] {processor.py:208} INFO - Processing /home/airflow/.local/lib/python3.12/site-packages/airflow/example_dags/tutorial_taskflow_api.py took 0.918 seconds
[2024-08-25T00:39:42.633+0000] {processor.py:186} INFO - Started process (PID=1445) to work on /home/airflow/.local/lib/python3.12/site-packages/airflow/example_dags/tutorial_taskflow_api.py
[2024-08-25T00:39:42.638+0000] {processor.py:914} INFO - Processing file /home/airflow/.local/lib/python3.12/site-packages/airflow/example_dags/tutorial_taskflow_api.py for tasks to queue
[2024-08-25T00:39:42.647+0000] {logging_mixin.py:190} INFO - [2024-08-25T00:39:42.645+0000] {dagbag.py:587} INFO - Filling up the DagBag from /home/airflow/.local/lib/python3.12/site-packages/airflow/example_dags/tutorial_taskflow_api.py
[2024-08-25T00:39:42.684+0000] {processor.py:925} INFO - DAG(s) 'tutorial_taskflow_api' retrieved from /home/airflow/.local/lib/python3.12/site-packages/airflow/example_dags/tutorial_taskflow_api.py
[2024-08-25T00:39:42.754+0000] {logging_mixin.py:190} INFO - [2024-08-25T00:39:42.753+0000] {dag.py:3211} INFO - Sync 1 DAGs
[2024-08-25T00:39:42.799+0000] {logging_mixin.py:190} INFO - [2024-08-25T00:39:42.798+0000] {dag.py:4138} INFO - Setting next_dagrun for tutorial_taskflow_api to None, run_after=None
[2024-08-25T00:39:42.858+0000] {processor.py:208} INFO - Processing /home/airflow/.local/lib/python3.12/site-packages/airflow/example_dags/tutorial_taskflow_api.py took 0.245 seconds
[2024-08-25T00:40:13.203+0000] {processor.py:186} INFO - Started process (PID=1507) to work on /home/airflow/.local/lib/python3.12/site-packages/airflow/example_dags/tutorial_taskflow_api.py
[2024-08-25T00:40:13.205+0000] {processor.py:914} INFO - Processing file /home/airflow/.local/lib/python3.12/site-packages/airflow/example_dags/tutorial_taskflow_api.py for tasks to queue
[2024-08-25T00:40:13.210+0000] {logging_mixin.py:190} INFO - [2024-08-25T00:40:13.210+0000] {dagbag.py:587} INFO - Filling up the DagBag from /home/airflow/.local/lib/python3.12/site-packages/airflow/example_dags/tutorial_taskflow_api.py
[2024-08-25T00:40:13.234+0000] {processor.py:925} INFO - DAG(s) 'tutorial_taskflow_api' retrieved from /home/airflow/.local/lib/python3.12/site-packages/airflow/example_dags/tutorial_taskflow_api.py
[2024-08-25T00:40:13.300+0000] {logging_mixin.py:190} INFO - [2024-08-25T00:40:13.298+0000] {dag.py:3211} INFO - Sync 1 DAGs
[2024-08-25T00:40:13.421+0000] {logging_mixin.py:190} INFO - [2024-08-25T00:40:13.421+0000] {dag.py:4138} INFO - Setting next_dagrun for tutorial_taskflow_api to None, run_after=None
[2024-08-25T00:40:13.562+0000] {processor.py:208} INFO - Processing /home/airflow/.local/lib/python3.12/site-packages/airflow/example_dags/tutorial_taskflow_api.py took 0.376 seconds
[2024-08-25T00:40:44.153+0000] {processor.py:186} INFO - Started process (PID=1569) to work on /home/airflow/.local/lib/python3.12/site-packages/airflow/example_dags/tutorial_taskflow_api.py
[2024-08-25T00:40:44.155+0000] {processor.py:914} INFO - Processing file /home/airflow/.local/lib/python3.12/site-packages/airflow/example_dags/tutorial_taskflow_api.py for tasks to queue
[2024-08-25T00:40:44.159+0000] {logging_mixin.py:190} INFO - [2024-08-25T00:40:44.158+0000] {dagbag.py:587} INFO - Filling up the DagBag from /home/airflow/.local/lib/python3.12/site-packages/airflow/example_dags/tutorial_taskflow_api.py
[2024-08-25T00:40:44.178+0000] {processor.py:925} INFO - DAG(s) 'tutorial_taskflow_api' retrieved from /home/airflow/.local/lib/python3.12/site-packages/airflow/example_dags/tutorial_taskflow_api.py
[2024-08-25T00:40:44.232+0000] {logging_mixin.py:190} INFO - [2024-08-25T00:40:44.230+0000] {dag.py:3211} INFO - Sync 1 DAGs
[2024-08-25T00:40:44.277+0000] {logging_mixin.py:190} INFO - [2024-08-25T00:40:44.276+0000] {dag.py:4138} INFO - Setting next_dagrun for tutorial_taskflow_api to None, run_after=None
[2024-08-25T00:40:44.323+0000] {processor.py:208} INFO - Processing /home/airflow/.local/lib/python3.12/site-packages/airflow/example_dags/tutorial_taskflow_api.py took 0.186 seconds
[2024-08-25T00:41:17.239+0000] {processor.py:186} INFO - Started process (PID=1630) to work on /home/airflow/.local/lib/python3.12/site-packages/airflow/example_dags/tutorial_taskflow_api.py
[2024-08-25T00:41:17.247+0000] {processor.py:914} INFO - Processing file /home/airflow/.local/lib/python3.12/site-packages/airflow/example_dags/tutorial_taskflow_api.py for tasks to queue
[2024-08-25T00:41:17.258+0000] {logging_mixin.py:190} INFO - [2024-08-25T00:41:17.257+0000] {dagbag.py:587} INFO - Filling up the DagBag from /home/airflow/.local/lib/python3.12/site-packages/airflow/example_dags/tutorial_taskflow_api.py
[2024-08-25T00:41:17.302+0000] {processor.py:925} INFO - DAG(s) 'tutorial_taskflow_api' retrieved from /home/airflow/.local/lib/python3.12/site-packages/airflow/example_dags/tutorial_taskflow_api.py
[2024-08-25T00:41:17.446+0000] {logging_mixin.py:190} INFO - [2024-08-25T00:41:17.444+0000] {dag.py:3211} INFO - Sync 1 DAGs
[2024-08-25T00:41:17.586+0000] {logging_mixin.py:190} INFO - [2024-08-25T00:41:17.586+0000] {dag.py:4138} INFO - Setting next_dagrun for tutorial_taskflow_api to None, run_after=None
[2024-08-25T00:41:17.845+0000] {processor.py:208} INFO - Processing /home/airflow/.local/lib/python3.12/site-packages/airflow/example_dags/tutorial_taskflow_api.py took 0.633 seconds
[2024-08-25T00:41:48.506+0000] {processor.py:186} INFO - Started process (PID=1693) to work on /home/airflow/.local/lib/python3.12/site-packages/airflow/example_dags/tutorial_taskflow_api.py
[2024-08-25T00:41:48.509+0000] {processor.py:914} INFO - Processing file /home/airflow/.local/lib/python3.12/site-packages/airflow/example_dags/tutorial_taskflow_api.py for tasks to queue
[2024-08-25T00:41:48.512+0000] {logging_mixin.py:190} INFO - [2024-08-25T00:41:48.511+0000] {dagbag.py:587} INFO - Filling up the DagBag from /home/airflow/.local/lib/python3.12/site-packages/airflow/example_dags/tutorial_taskflow_api.py
[2024-08-25T00:41:48.535+0000] {processor.py:925} INFO - DAG(s) 'tutorial_taskflow_api' retrieved from /home/airflow/.local/lib/python3.12/site-packages/airflow/example_dags/tutorial_taskflow_api.py
[2024-08-25T00:41:48.619+0000] {logging_mixin.py:190} INFO - [2024-08-25T00:41:48.610+0000] {dag.py:3211} INFO - Sync 1 DAGs
[2024-08-25T00:41:48.680+0000] {logging_mixin.py:190} INFO - [2024-08-25T00:41:48.679+0000] {dag.py:4138} INFO - Setting next_dagrun for tutorial_taskflow_api to None, run_after=None
[2024-08-25T00:41:48.726+0000] {processor.py:208} INFO - Processing /home/airflow/.local/lib/python3.12/site-packages/airflow/example_dags/tutorial_taskflow_api.py took 0.237 seconds
