[2024-08-25T00:00:16.143+0000] {processor.py:186} INFO - Started process (PID=38538) to work on /home/airflow/.local/lib/python3.12/site-packages/airflow/example_dags/tutorial_dag.py
[2024-08-25T00:00:16.146+0000] {processor.py:914} INFO - Processing file /home/airflow/.local/lib/python3.12/site-packages/airflow/example_dags/tutorial_dag.py for tasks to queue
[2024-08-25T00:00:16.150+0000] {logging_mixin.py:190} INFO - [2024-08-25T00:00:16.150+0000] {dagbag.py:587} INFO - Filling up the DagBag from /home/airflow/.local/lib/python3.12/site-packages/airflow/example_dags/tutorial_dag.py
[2024-08-25T00:00:16.180+0000] {processor.py:925} INFO - DAG(s) 'tutorial_dag' retrieved from /home/airflow/.local/lib/python3.12/site-packages/airflow/example_dags/tutorial_dag.py
[2024-08-25T00:00:16.248+0000] {logging_mixin.py:190} INFO - [2024-08-25T00:00:16.246+0000] {dag.py:3211} INFO - Sync 1 DAGs
[2024-08-25T00:00:16.292+0000] {logging_mixin.py:190} INFO - [2024-08-25T00:00:16.291+0000] {dag.py:4138} INFO - Setting next_dagrun for tutorial_dag to None, run_after=None
[2024-08-25T00:00:16.343+0000] {processor.py:208} INFO - Processing /home/airflow/.local/lib/python3.12/site-packages/airflow/example_dags/tutorial_dag.py took 0.214 seconds
[2024-08-25T00:05:58.374+0000] {processor.py:186} INFO - Started process (PID=109) to work on /home/airflow/.local/lib/python3.12/site-packages/airflow/example_dags/tutorial_dag.py
[2024-08-25T00:05:58.377+0000] {processor.py:914} INFO - Processing file /home/airflow/.local/lib/python3.12/site-packages/airflow/example_dags/tutorial_dag.py for tasks to queue
[2024-08-25T00:05:58.383+0000] {logging_mixin.py:190} INFO - [2024-08-25T00:05:58.382+0000] {dagbag.py:587} INFO - Filling up the DagBag from /home/airflow/.local/lib/python3.12/site-packages/airflow/example_dags/tutorial_dag.py
[2024-08-25T00:05:58.405+0000] {processor.py:925} INFO - DAG(s) 'tutorial_dag' retrieved from /home/airflow/.local/lib/python3.12/site-packages/airflow/example_dags/tutorial_dag.py
[2024-08-25T00:05:58.464+0000] {logging_mixin.py:190} INFO - [2024-08-25T00:05:58.462+0000] {dag.py:3211} INFO - Sync 1 DAGs
[2024-08-25T00:05:58.529+0000] {logging_mixin.py:190} INFO - [2024-08-25T00:05:58.529+0000] {dag.py:4138} INFO - Setting next_dagrun for tutorial_dag to None, run_after=None
[2024-08-25T00:05:58.753+0000] {processor.py:208} INFO - Processing /home/airflow/.local/lib/python3.12/site-packages/airflow/example_dags/tutorial_dag.py took 0.426 seconds
[2024-08-25T00:06:48.747+0000] {processor.py:186} INFO - Started process (PID=173) to work on /home/airflow/.local/lib/python3.12/site-packages/airflow/example_dags/tutorial_dag.py
[2024-08-25T00:06:48.767+0000] {processor.py:914} INFO - Processing file /home/airflow/.local/lib/python3.12/site-packages/airflow/example_dags/tutorial_dag.py for tasks to queue
[2024-08-25T00:06:48.826+0000] {logging_mixin.py:190} INFO - [2024-08-25T00:06:48.825+0000] {dagbag.py:587} INFO - Filling up the DagBag from /home/airflow/.local/lib/python3.12/site-packages/airflow/example_dags/tutorial_dag.py
[2024-08-25T00:06:48.954+0000] {processor.py:925} INFO - DAG(s) 'tutorial_dag' retrieved from /home/airflow/.local/lib/python3.12/site-packages/airflow/example_dags/tutorial_dag.py
[2024-08-25T00:06:49.247+0000] {logging_mixin.py:190} INFO - [2024-08-25T00:06:49.232+0000] {dag.py:3211} INFO - Sync 1 DAGs
[2024-08-25T00:06:49.586+0000] {logging_mixin.py:190} INFO - [2024-08-25T00:06:49.585+0000] {dag.py:4138} INFO - Setting next_dagrun for tutorial_dag to None, run_after=None
[2024-08-25T00:06:50.215+0000] {processor.py:208} INFO - Processing /home/airflow/.local/lib/python3.12/site-packages/airflow/example_dags/tutorial_dag.py took 1.545 seconds
[2024-08-25T00:07:25.289+0000] {processor.py:186} INFO - Started process (PID=236) to work on /home/airflow/.local/lib/python3.12/site-packages/airflow/example_dags/tutorial_dag.py
[2024-08-25T00:07:25.291+0000] {processor.py:914} INFO - Processing file /home/airflow/.local/lib/python3.12/site-packages/airflow/example_dags/tutorial_dag.py for tasks to queue
[2024-08-25T00:07:25.300+0000] {logging_mixin.py:190} INFO - [2024-08-25T00:07:25.299+0000] {dagbag.py:587} INFO - Filling up the DagBag from /home/airflow/.local/lib/python3.12/site-packages/airflow/example_dags/tutorial_dag.py
[2024-08-25T00:07:25.325+0000] {processor.py:925} INFO - DAG(s) 'tutorial_dag' retrieved from /home/airflow/.local/lib/python3.12/site-packages/airflow/example_dags/tutorial_dag.py
[2024-08-25T00:07:25.388+0000] {logging_mixin.py:190} INFO - [2024-08-25T00:07:25.388+0000] {dag.py:3211} INFO - Sync 1 DAGs
[2024-08-25T00:07:25.458+0000] {logging_mixin.py:190} INFO - [2024-08-25T00:07:25.456+0000] {dag.py:4138} INFO - Setting next_dagrun for tutorial_dag to None, run_after=None
[2024-08-25T00:07:25.552+0000] {processor.py:208} INFO - Processing /home/airflow/.local/lib/python3.12/site-packages/airflow/example_dags/tutorial_dag.py took 0.281 seconds
[2024-08-25T00:08:00.090+0000] {processor.py:186} INFO - Started process (PID=304) to work on /home/airflow/.local/lib/python3.12/site-packages/airflow/example_dags/tutorial_dag.py
[2024-08-25T00:08:00.099+0000] {processor.py:914} INFO - Processing file /home/airflow/.local/lib/python3.12/site-packages/airflow/example_dags/tutorial_dag.py for tasks to queue
[2024-08-25T00:08:00.106+0000] {logging_mixin.py:190} INFO - [2024-08-25T00:08:00.105+0000] {dagbag.py:587} INFO - Filling up the DagBag from /home/airflow/.local/lib/python3.12/site-packages/airflow/example_dags/tutorial_dag.py
[2024-08-25T00:08:00.140+0000] {processor.py:925} INFO - DAG(s) 'tutorial_dag' retrieved from /home/airflow/.local/lib/python3.12/site-packages/airflow/example_dags/tutorial_dag.py
[2024-08-25T00:08:00.233+0000] {logging_mixin.py:190} INFO - [2024-08-25T00:08:00.231+0000] {dag.py:3211} INFO - Sync 1 DAGs
[2024-08-25T00:08:00.302+0000] {logging_mixin.py:190} INFO - [2024-08-25T00:08:00.301+0000] {dag.py:4138} INFO - Setting next_dagrun for tutorial_dag to None, run_after=None
[2024-08-25T00:08:00.367+0000] {processor.py:208} INFO - Processing /home/airflow/.local/lib/python3.12/site-packages/airflow/example_dags/tutorial_dag.py took 0.303 seconds
[2024-08-25T00:08:31.638+0000] {processor.py:186} INFO - Started process (PID=367) to work on /home/airflow/.local/lib/python3.12/site-packages/airflow/example_dags/tutorial_dag.py
[2024-08-25T00:08:31.641+0000] {processor.py:914} INFO - Processing file /home/airflow/.local/lib/python3.12/site-packages/airflow/example_dags/tutorial_dag.py for tasks to queue
[2024-08-25T00:08:31.648+0000] {logging_mixin.py:190} INFO - [2024-08-25T00:08:31.647+0000] {dagbag.py:587} INFO - Filling up the DagBag from /home/airflow/.local/lib/python3.12/site-packages/airflow/example_dags/tutorial_dag.py
[2024-08-25T00:08:31.675+0000] {processor.py:925} INFO - DAG(s) 'tutorial_dag' retrieved from /home/airflow/.local/lib/python3.12/site-packages/airflow/example_dags/tutorial_dag.py
[2024-08-25T00:08:31.810+0000] {logging_mixin.py:190} INFO - [2024-08-25T00:08:31.808+0000] {dag.py:3211} INFO - Sync 1 DAGs
[2024-08-25T00:08:32.034+0000] {logging_mixin.py:190} INFO - [2024-08-25T00:08:32.034+0000] {dag.py:4138} INFO - Setting next_dagrun for tutorial_dag to None, run_after=None
[2024-08-25T00:08:32.407+0000] {processor.py:208} INFO - Processing /home/airflow/.local/lib/python3.12/site-packages/airflow/example_dags/tutorial_dag.py took 0.786 seconds
[2024-08-25T00:09:02.799+0000] {processor.py:186} INFO - Started process (PID=429) to work on /home/airflow/.local/lib/python3.12/site-packages/airflow/example_dags/tutorial_dag.py
[2024-08-25T00:09:02.804+0000] {processor.py:914} INFO - Processing file /home/airflow/.local/lib/python3.12/site-packages/airflow/example_dags/tutorial_dag.py for tasks to queue
[2024-08-25T00:09:02.813+0000] {logging_mixin.py:190} INFO - [2024-08-25T00:09:02.812+0000] {dagbag.py:587} INFO - Filling up the DagBag from /home/airflow/.local/lib/python3.12/site-packages/airflow/example_dags/tutorial_dag.py
[2024-08-25T00:09:02.841+0000] {processor.py:925} INFO - DAG(s) 'tutorial_dag' retrieved from /home/airflow/.local/lib/python3.12/site-packages/airflow/example_dags/tutorial_dag.py
[2024-08-25T00:09:02.920+0000] {logging_mixin.py:190} INFO - [2024-08-25T00:09:02.917+0000] {dag.py:3211} INFO - Sync 1 DAGs
[2024-08-25T00:09:02.993+0000] {logging_mixin.py:190} INFO - [2024-08-25T00:09:02.993+0000] {dag.py:4138} INFO - Setting next_dagrun for tutorial_dag to None, run_after=None
[2024-08-25T00:09:03.051+0000] {processor.py:208} INFO - Processing /home/airflow/.local/lib/python3.12/site-packages/airflow/example_dags/tutorial_dag.py took 0.274 seconds
[2024-08-25T00:09:33.444+0000] {processor.py:186} INFO - Started process (PID=493) to work on /home/airflow/.local/lib/python3.12/site-packages/airflow/example_dags/tutorial_dag.py
[2024-08-25T00:09:33.446+0000] {processor.py:914} INFO - Processing file /home/airflow/.local/lib/python3.12/site-packages/airflow/example_dags/tutorial_dag.py for tasks to queue
[2024-08-25T00:09:33.451+0000] {logging_mixin.py:190} INFO - [2024-08-25T00:09:33.451+0000] {dagbag.py:587} INFO - Filling up the DagBag from /home/airflow/.local/lib/python3.12/site-packages/airflow/example_dags/tutorial_dag.py
[2024-08-25T00:09:33.471+0000] {processor.py:925} INFO - DAG(s) 'tutorial_dag' retrieved from /home/airflow/.local/lib/python3.12/site-packages/airflow/example_dags/tutorial_dag.py
[2024-08-25T00:09:33.521+0000] {logging_mixin.py:190} INFO - [2024-08-25T00:09:33.520+0000] {dag.py:3211} INFO - Sync 1 DAGs
[2024-08-25T00:09:33.553+0000] {logging_mixin.py:190} INFO - [2024-08-25T00:09:33.552+0000] {dag.py:4138} INFO - Setting next_dagrun for tutorial_dag to None, run_after=None
[2024-08-25T00:09:33.588+0000] {processor.py:208} INFO - Processing /home/airflow/.local/lib/python3.12/site-packages/airflow/example_dags/tutorial_dag.py took 0.161 seconds
[2024-08-25T00:10:03.752+0000] {processor.py:186} INFO - Started process (PID=556) to work on /home/airflow/.local/lib/python3.12/site-packages/airflow/example_dags/tutorial_dag.py
[2024-08-25T00:10:03.755+0000] {processor.py:914} INFO - Processing file /home/airflow/.local/lib/python3.12/site-packages/airflow/example_dags/tutorial_dag.py for tasks to queue
[2024-08-25T00:10:03.761+0000] {logging_mixin.py:190} INFO - [2024-08-25T00:10:03.760+0000] {dagbag.py:587} INFO - Filling up the DagBag from /home/airflow/.local/lib/python3.12/site-packages/airflow/example_dags/tutorial_dag.py
[2024-08-25T00:10:03.777+0000] {processor.py:925} INFO - DAG(s) 'tutorial_dag' retrieved from /home/airflow/.local/lib/python3.12/site-packages/airflow/example_dags/tutorial_dag.py
[2024-08-25T00:10:03.831+0000] {logging_mixin.py:190} INFO - [2024-08-25T00:10:03.830+0000] {dag.py:3211} INFO - Sync 1 DAGs
[2024-08-25T00:10:03.868+0000] {logging_mixin.py:190} INFO - [2024-08-25T00:10:03.867+0000] {dag.py:4138} INFO - Setting next_dagrun for tutorial_dag to None, run_after=None
[2024-08-25T00:10:03.909+0000] {processor.py:208} INFO - Processing /home/airflow/.local/lib/python3.12/site-packages/airflow/example_dags/tutorial_dag.py took 0.172 seconds
[2024-08-25T00:10:37.475+0000] {processor.py:186} INFO - Started process (PID=619) to work on /home/airflow/.local/lib/python3.12/site-packages/airflow/example_dags/tutorial_dag.py
[2024-08-25T00:10:37.477+0000] {processor.py:914} INFO - Processing file /home/airflow/.local/lib/python3.12/site-packages/airflow/example_dags/tutorial_dag.py for tasks to queue
[2024-08-25T00:10:37.496+0000] {logging_mixin.py:190} INFO - [2024-08-25T00:10:37.495+0000] {dagbag.py:587} INFO - Filling up the DagBag from /home/airflow/.local/lib/python3.12/site-packages/airflow/example_dags/tutorial_dag.py
[2024-08-25T00:10:37.539+0000] {processor.py:925} INFO - DAG(s) 'tutorial_dag' retrieved from /home/airflow/.local/lib/python3.12/site-packages/airflow/example_dags/tutorial_dag.py
[2024-08-25T00:10:37.682+0000] {logging_mixin.py:190} INFO - [2024-08-25T00:10:37.681+0000] {dag.py:3211} INFO - Sync 1 DAGs
[2024-08-25T00:10:37.783+0000] {logging_mixin.py:190} INFO - [2024-08-25T00:10:37.782+0000] {dag.py:4138} INFO - Setting next_dagrun for tutorial_dag to None, run_after=None
[2024-08-25T00:10:37.883+0000] {processor.py:208} INFO - Processing /home/airflow/.local/lib/python3.12/site-packages/airflow/example_dags/tutorial_dag.py took 0.447 seconds
[2024-08-25T00:11:08.467+0000] {processor.py:186} INFO - Started process (PID=681) to work on /home/airflow/.local/lib/python3.12/site-packages/airflow/example_dags/tutorial_dag.py
[2024-08-25T00:11:08.469+0000] {processor.py:914} INFO - Processing file /home/airflow/.local/lib/python3.12/site-packages/airflow/example_dags/tutorial_dag.py for tasks to queue
[2024-08-25T00:11:08.478+0000] {logging_mixin.py:190} INFO - [2024-08-25T00:11:08.477+0000] {dagbag.py:587} INFO - Filling up the DagBag from /home/airflow/.local/lib/python3.12/site-packages/airflow/example_dags/tutorial_dag.py
[2024-08-25T00:11:08.520+0000] {processor.py:925} INFO - DAG(s) 'tutorial_dag' retrieved from /home/airflow/.local/lib/python3.12/site-packages/airflow/example_dags/tutorial_dag.py
[2024-08-25T00:11:08.733+0000] {logging_mixin.py:190} INFO - [2024-08-25T00:11:08.731+0000] {dag.py:3211} INFO - Sync 1 DAGs
[2024-08-25T00:11:08.953+0000] {logging_mixin.py:190} INFO - [2024-08-25T00:11:08.952+0000] {dag.py:4138} INFO - Setting next_dagrun for tutorial_dag to None, run_after=None
[2024-08-25T00:11:09.145+0000] {processor.py:208} INFO - Processing /home/airflow/.local/lib/python3.12/site-packages/airflow/example_dags/tutorial_dag.py took 0.703 seconds
[2024-08-25T00:11:39.516+0000] {processor.py:186} INFO - Started process (PID=744) to work on /home/airflow/.local/lib/python3.12/site-packages/airflow/example_dags/tutorial_dag.py
[2024-08-25T00:11:39.519+0000] {processor.py:914} INFO - Processing file /home/airflow/.local/lib/python3.12/site-packages/airflow/example_dags/tutorial_dag.py for tasks to queue
[2024-08-25T00:11:39.527+0000] {logging_mixin.py:190} INFO - [2024-08-25T00:11:39.526+0000] {dagbag.py:587} INFO - Filling up the DagBag from /home/airflow/.local/lib/python3.12/site-packages/airflow/example_dags/tutorial_dag.py
[2024-08-25T00:11:39.560+0000] {processor.py:925} INFO - DAG(s) 'tutorial_dag' retrieved from /home/airflow/.local/lib/python3.12/site-packages/airflow/example_dags/tutorial_dag.py
[2024-08-25T00:11:39.642+0000] {logging_mixin.py:190} INFO - [2024-08-25T00:11:39.640+0000] {dag.py:3211} INFO - Sync 1 DAGs
[2024-08-25T00:11:39.693+0000] {logging_mixin.py:190} INFO - [2024-08-25T00:11:39.693+0000] {dag.py:4138} INFO - Setting next_dagrun for tutorial_dag to None, run_after=None
[2024-08-25T00:11:39.740+0000] {processor.py:208} INFO - Processing /home/airflow/.local/lib/python3.12/site-packages/airflow/example_dags/tutorial_dag.py took 0.256 seconds
[2024-08-25T00:12:10.199+0000] {processor.py:186} INFO - Started process (PID=808) to work on /home/airflow/.local/lib/python3.12/site-packages/airflow/example_dags/tutorial_dag.py
[2024-08-25T00:12:10.201+0000] {processor.py:914} INFO - Processing file /home/airflow/.local/lib/python3.12/site-packages/airflow/example_dags/tutorial_dag.py for tasks to queue
[2024-08-25T00:12:10.207+0000] {logging_mixin.py:190} INFO - [2024-08-25T00:12:10.206+0000] {dagbag.py:587} INFO - Filling up the DagBag from /home/airflow/.local/lib/python3.12/site-packages/airflow/example_dags/tutorial_dag.py
[2024-08-25T00:12:10.230+0000] {processor.py:925} INFO - DAG(s) 'tutorial_dag' retrieved from /home/airflow/.local/lib/python3.12/site-packages/airflow/example_dags/tutorial_dag.py
[2024-08-25T00:12:10.300+0000] {logging_mixin.py:190} INFO - [2024-08-25T00:12:10.298+0000] {dag.py:3211} INFO - Sync 1 DAGs
[2024-08-25T00:12:10.368+0000] {logging_mixin.py:190} INFO - [2024-08-25T00:12:10.368+0000] {dag.py:4138} INFO - Setting next_dagrun for tutorial_dag to None, run_after=None
[2024-08-25T00:12:10.407+0000] {processor.py:208} INFO - Processing /home/airflow/.local/lib/python3.12/site-packages/airflow/example_dags/tutorial_dag.py took 0.222 seconds
[2024-08-25T00:12:41.514+0000] {processor.py:186} INFO - Started process (PID=871) to work on /home/airflow/.local/lib/python3.12/site-packages/airflow/example_dags/tutorial_dag.py
[2024-08-25T00:12:41.515+0000] {processor.py:914} INFO - Processing file /home/airflow/.local/lib/python3.12/site-packages/airflow/example_dags/tutorial_dag.py for tasks to queue
[2024-08-25T00:12:41.521+0000] {logging_mixin.py:190} INFO - [2024-08-25T00:12:41.521+0000] {dagbag.py:587} INFO - Filling up the DagBag from /home/airflow/.local/lib/python3.12/site-packages/airflow/example_dags/tutorial_dag.py
[2024-08-25T00:12:41.540+0000] {processor.py:925} INFO - DAG(s) 'tutorial_dag' retrieved from /home/airflow/.local/lib/python3.12/site-packages/airflow/example_dags/tutorial_dag.py
[2024-08-25T00:12:41.591+0000] {logging_mixin.py:190} INFO - [2024-08-25T00:12:41.590+0000] {dag.py:3211} INFO - Sync 1 DAGs
[2024-08-25T00:12:41.622+0000] {logging_mixin.py:190} INFO - [2024-08-25T00:12:41.621+0000] {dag.py:4138} INFO - Setting next_dagrun for tutorial_dag to None, run_after=None
[2024-08-25T00:12:41.657+0000] {processor.py:208} INFO - Processing /home/airflow/.local/lib/python3.12/site-packages/airflow/example_dags/tutorial_dag.py took 0.157 seconds
[2024-08-25T00:13:12.461+0000] {processor.py:186} INFO - Started process (PID=934) to work on /home/airflow/.local/lib/python3.12/site-packages/airflow/example_dags/tutorial_dag.py
[2024-08-25T00:13:12.465+0000] {processor.py:914} INFO - Processing file /home/airflow/.local/lib/python3.12/site-packages/airflow/example_dags/tutorial_dag.py for tasks to queue
[2024-08-25T00:13:12.474+0000] {logging_mixin.py:190} INFO - [2024-08-25T00:13:12.473+0000] {dagbag.py:587} INFO - Filling up the DagBag from /home/airflow/.local/lib/python3.12/site-packages/airflow/example_dags/tutorial_dag.py
[2024-08-25T00:13:12.516+0000] {processor.py:925} INFO - DAG(s) 'tutorial_dag' retrieved from /home/airflow/.local/lib/python3.12/site-packages/airflow/example_dags/tutorial_dag.py
[2024-08-25T00:13:12.617+0000] {logging_mixin.py:190} INFO - [2024-08-25T00:13:12.616+0000] {dag.py:3211} INFO - Sync 1 DAGs
[2024-08-25T00:13:12.685+0000] {logging_mixin.py:190} INFO - [2024-08-25T00:13:12.685+0000] {dag.py:4138} INFO - Setting next_dagrun for tutorial_dag to None, run_after=None
[2024-08-25T00:13:12.760+0000] {processor.py:208} INFO - Processing /home/airflow/.local/lib/python3.12/site-packages/airflow/example_dags/tutorial_dag.py took 0.343 seconds
[2024-08-25T00:13:48.809+0000] {processor.py:186} INFO - Started process (PID=997) to work on /home/airflow/.local/lib/python3.12/site-packages/airflow/example_dags/tutorial_dag.py
[2024-08-25T00:13:48.821+0000] {processor.py:914} INFO - Processing file /home/airflow/.local/lib/python3.12/site-packages/airflow/example_dags/tutorial_dag.py for tasks to queue
[2024-08-25T00:13:48.829+0000] {logging_mixin.py:190} INFO - [2024-08-25T00:13:48.828+0000] {dagbag.py:587} INFO - Filling up the DagBag from /home/airflow/.local/lib/python3.12/site-packages/airflow/example_dags/tutorial_dag.py
[2024-08-25T00:13:48.868+0000] {processor.py:925} INFO - DAG(s) 'tutorial_dag' retrieved from /home/airflow/.local/lib/python3.12/site-packages/airflow/example_dags/tutorial_dag.py
[2024-08-25T00:13:49.108+0000] {logging_mixin.py:190} INFO - [2024-08-25T00:13:49.106+0000] {dag.py:3211} INFO - Sync 1 DAGs
[2024-08-25T00:13:49.228+0000] {logging_mixin.py:190} INFO - [2024-08-25T00:13:49.227+0000] {dag.py:4138} INFO - Setting next_dagrun for tutorial_dag to None, run_after=None
[2024-08-25T00:13:49.311+0000] {processor.py:208} INFO - Processing /home/airflow/.local/lib/python3.12/site-packages/airflow/example_dags/tutorial_dag.py took 0.532 seconds
[2024-08-25T00:14:20.250+0000] {processor.py:186} INFO - Started process (PID=1061) to work on /home/airflow/.local/lib/python3.12/site-packages/airflow/example_dags/tutorial_dag.py
[2024-08-25T00:14:20.253+0000] {processor.py:914} INFO - Processing file /home/airflow/.local/lib/python3.12/site-packages/airflow/example_dags/tutorial_dag.py for tasks to queue
[2024-08-25T00:14:20.267+0000] {logging_mixin.py:190} INFO - [2024-08-25T00:14:20.266+0000] {dagbag.py:587} INFO - Filling up the DagBag from /home/airflow/.local/lib/python3.12/site-packages/airflow/example_dags/tutorial_dag.py
[2024-08-25T00:14:20.363+0000] {processor.py:925} INFO - DAG(s) 'tutorial_dag' retrieved from /home/airflow/.local/lib/python3.12/site-packages/airflow/example_dags/tutorial_dag.py
[2024-08-25T00:14:20.444+0000] {logging_mixin.py:190} INFO - [2024-08-25T00:14:20.443+0000] {dag.py:3211} INFO - Sync 1 DAGs
[2024-08-25T00:14:20.488+0000] {logging_mixin.py:190} INFO - [2024-08-25T00:14:20.487+0000] {dag.py:4138} INFO - Setting next_dagrun for tutorial_dag to None, run_after=None
[2024-08-25T00:14:20.901+0000] {processor.py:208} INFO - Processing /home/airflow/.local/lib/python3.12/site-packages/airflow/example_dags/tutorial_dag.py took 0.689 seconds
[2024-08-25T00:14:51.728+0000] {processor.py:186} INFO - Started process (PID=1125) to work on /home/airflow/.local/lib/python3.12/site-packages/airflow/example_dags/tutorial_dag.py
[2024-08-25T00:14:51.731+0000] {processor.py:914} INFO - Processing file /home/airflow/.local/lib/python3.12/site-packages/airflow/example_dags/tutorial_dag.py for tasks to queue
[2024-08-25T00:14:51.738+0000] {logging_mixin.py:190} INFO - [2024-08-25T00:14:51.737+0000] {dagbag.py:587} INFO - Filling up the DagBag from /home/airflow/.local/lib/python3.12/site-packages/airflow/example_dags/tutorial_dag.py
[2024-08-25T00:14:51.760+0000] {processor.py:925} INFO - DAG(s) 'tutorial_dag' retrieved from /home/airflow/.local/lib/python3.12/site-packages/airflow/example_dags/tutorial_dag.py
[2024-08-25T00:14:51.817+0000] {logging_mixin.py:190} INFO - [2024-08-25T00:14:51.815+0000] {dag.py:3211} INFO - Sync 1 DAGs
[2024-08-25T00:14:51.856+0000] {logging_mixin.py:190} INFO - [2024-08-25T00:14:51.855+0000] {dag.py:4138} INFO - Setting next_dagrun for tutorial_dag to None, run_after=None
[2024-08-25T00:14:51.895+0000] {processor.py:208} INFO - Processing /home/airflow/.local/lib/python3.12/site-packages/airflow/example_dags/tutorial_dag.py took 0.187 seconds
[2024-08-25T00:15:22.362+0000] {processor.py:186} INFO - Started process (PID=1188) to work on /home/airflow/.local/lib/python3.12/site-packages/airflow/example_dags/tutorial_dag.py
[2024-08-25T00:15:22.365+0000] {processor.py:914} INFO - Processing file /home/airflow/.local/lib/python3.12/site-packages/airflow/example_dags/tutorial_dag.py for tasks to queue
[2024-08-25T00:15:22.371+0000] {logging_mixin.py:190} INFO - [2024-08-25T00:15:22.370+0000] {dagbag.py:587} INFO - Filling up the DagBag from /home/airflow/.local/lib/python3.12/site-packages/airflow/example_dags/tutorial_dag.py
[2024-08-25T00:15:22.403+0000] {processor.py:925} INFO - DAG(s) 'tutorial_dag' retrieved from /home/airflow/.local/lib/python3.12/site-packages/airflow/example_dags/tutorial_dag.py
[2024-08-25T00:15:22.464+0000] {logging_mixin.py:190} INFO - [2024-08-25T00:15:22.463+0000] {dag.py:3211} INFO - Sync 1 DAGs
[2024-08-25T00:15:22.505+0000] {logging_mixin.py:190} INFO - [2024-08-25T00:15:22.505+0000] {dag.py:4138} INFO - Setting next_dagrun for tutorial_dag to None, run_after=None
[2024-08-25T00:15:22.591+0000] {processor.py:208} INFO - Processing /home/airflow/.local/lib/python3.12/site-packages/airflow/example_dags/tutorial_dag.py took 0.254 seconds
[2024-08-25T00:15:54.756+0000] {processor.py:186} INFO - Started process (PID=1252) to work on /home/airflow/.local/lib/python3.12/site-packages/airflow/example_dags/tutorial_dag.py
[2024-08-25T00:15:54.758+0000] {processor.py:914} INFO - Processing file /home/airflow/.local/lib/python3.12/site-packages/airflow/example_dags/tutorial_dag.py for tasks to queue
[2024-08-25T00:15:54.776+0000] {logging_mixin.py:190} INFO - [2024-08-25T00:15:54.775+0000] {dagbag.py:587} INFO - Filling up the DagBag from /home/airflow/.local/lib/python3.12/site-packages/airflow/example_dags/tutorial_dag.py
[2024-08-25T00:15:54.839+0000] {processor.py:925} INFO - DAG(s) 'tutorial_dag' retrieved from /home/airflow/.local/lib/python3.12/site-packages/airflow/example_dags/tutorial_dag.py
[2024-08-25T00:15:54.971+0000] {logging_mixin.py:190} INFO - [2024-08-25T00:15:54.969+0000] {dag.py:3211} INFO - Sync 1 DAGs
[2024-08-25T00:15:55.113+0000] {logging_mixin.py:190} INFO - [2024-08-25T00:15:55.112+0000] {dag.py:4138} INFO - Setting next_dagrun for tutorial_dag to None, run_after=None
[2024-08-25T00:15:55.292+0000] {processor.py:208} INFO - Processing /home/airflow/.local/lib/python3.12/site-packages/airflow/example_dags/tutorial_dag.py took 0.572 seconds
[2024-08-25T00:16:28.063+0000] {processor.py:186} INFO - Started process (PID=1316) to work on /home/airflow/.local/lib/python3.12/site-packages/airflow/example_dags/tutorial_dag.py
[2024-08-25T00:16:28.067+0000] {processor.py:914} INFO - Processing file /home/airflow/.local/lib/python3.12/site-packages/airflow/example_dags/tutorial_dag.py for tasks to queue
[2024-08-25T00:16:28.075+0000] {logging_mixin.py:190} INFO - [2024-08-25T00:16:28.073+0000] {dagbag.py:587} INFO - Filling up the DagBag from /home/airflow/.local/lib/python3.12/site-packages/airflow/example_dags/tutorial_dag.py
[2024-08-25T00:16:28.105+0000] {processor.py:925} INFO - DAG(s) 'tutorial_dag' retrieved from /home/airflow/.local/lib/python3.12/site-packages/airflow/example_dags/tutorial_dag.py
[2024-08-25T00:16:28.214+0000] {logging_mixin.py:190} INFO - [2024-08-25T00:16:28.212+0000] {dag.py:3211} INFO - Sync 1 DAGs
[2024-08-25T00:16:28.276+0000] {logging_mixin.py:190} INFO - [2024-08-25T00:16:28.273+0000] {dag.py:4138} INFO - Setting next_dagrun for tutorial_dag to None, run_after=None
[2024-08-25T00:16:28.339+0000] {processor.py:208} INFO - Processing /home/airflow/.local/lib/python3.12/site-packages/airflow/example_dags/tutorial_dag.py took 0.302 seconds
[2024-08-25T00:16:58.698+0000] {processor.py:186} INFO - Started process (PID=1379) to work on /home/airflow/.local/lib/python3.12/site-packages/airflow/example_dags/tutorial_dag.py
[2024-08-25T00:16:58.701+0000] {processor.py:914} INFO - Processing file /home/airflow/.local/lib/python3.12/site-packages/airflow/example_dags/tutorial_dag.py for tasks to queue
[2024-08-25T00:16:58.713+0000] {logging_mixin.py:190} INFO - [2024-08-25T00:16:58.712+0000] {dagbag.py:587} INFO - Filling up the DagBag from /home/airflow/.local/lib/python3.12/site-packages/airflow/example_dags/tutorial_dag.py
[2024-08-25T00:16:58.739+0000] {processor.py:925} INFO - DAG(s) 'tutorial_dag' retrieved from /home/airflow/.local/lib/python3.12/site-packages/airflow/example_dags/tutorial_dag.py
[2024-08-25T00:16:58.839+0000] {logging_mixin.py:190} INFO - [2024-08-25T00:16:58.837+0000] {dag.py:3211} INFO - Sync 1 DAGs
[2024-08-25T00:16:58.900+0000] {logging_mixin.py:190} INFO - [2024-08-25T00:16:58.899+0000] {dag.py:4138} INFO - Setting next_dagrun for tutorial_dag to None, run_after=None
[2024-08-25T00:16:59.017+0000] {processor.py:208} INFO - Processing /home/airflow/.local/lib/python3.12/site-packages/airflow/example_dags/tutorial_dag.py took 0.341 seconds
[2024-08-25T00:17:29.250+0000] {processor.py:186} INFO - Started process (PID=1442) to work on /home/airflow/.local/lib/python3.12/site-packages/airflow/example_dags/tutorial_dag.py
[2024-08-25T00:17:29.253+0000] {processor.py:914} INFO - Processing file /home/airflow/.local/lib/python3.12/site-packages/airflow/example_dags/tutorial_dag.py for tasks to queue
[2024-08-25T00:17:29.259+0000] {logging_mixin.py:190} INFO - [2024-08-25T00:17:29.258+0000] {dagbag.py:587} INFO - Filling up the DagBag from /home/airflow/.local/lib/python3.12/site-packages/airflow/example_dags/tutorial_dag.py
[2024-08-25T00:17:29.278+0000] {processor.py:925} INFO - DAG(s) 'tutorial_dag' retrieved from /home/airflow/.local/lib/python3.12/site-packages/airflow/example_dags/tutorial_dag.py
[2024-08-25T00:17:29.329+0000] {logging_mixin.py:190} INFO - [2024-08-25T00:17:29.328+0000] {dag.py:3211} INFO - Sync 1 DAGs
[2024-08-25T00:17:29.377+0000] {logging_mixin.py:190} INFO - [2024-08-25T00:17:29.377+0000] {dag.py:4138} INFO - Setting next_dagrun for tutorial_dag to None, run_after=None
[2024-08-25T00:17:29.428+0000] {processor.py:208} INFO - Processing /home/airflow/.local/lib/python3.12/site-packages/airflow/example_dags/tutorial_dag.py took 0.191 seconds
[2024-08-25T00:18:00.456+0000] {processor.py:186} INFO - Started process (PID=1505) to work on /home/airflow/.local/lib/python3.12/site-packages/airflow/example_dags/tutorial_dag.py
[2024-08-25T00:18:00.459+0000] {processor.py:914} INFO - Processing file /home/airflow/.local/lib/python3.12/site-packages/airflow/example_dags/tutorial_dag.py for tasks to queue
[2024-08-25T00:18:00.468+0000] {logging_mixin.py:190} INFO - [2024-08-25T00:18:00.468+0000] {dagbag.py:587} INFO - Filling up the DagBag from /home/airflow/.local/lib/python3.12/site-packages/airflow/example_dags/tutorial_dag.py
[2024-08-25T00:18:00.498+0000] {processor.py:925} INFO - DAG(s) 'tutorial_dag' retrieved from /home/airflow/.local/lib/python3.12/site-packages/airflow/example_dags/tutorial_dag.py
[2024-08-25T00:18:00.569+0000] {logging_mixin.py:190} INFO - [2024-08-25T00:18:00.568+0000] {dag.py:3211} INFO - Sync 1 DAGs
[2024-08-25T00:18:00.628+0000] {logging_mixin.py:190} INFO - [2024-08-25T00:18:00.627+0000] {dag.py:4138} INFO - Setting next_dagrun for tutorial_dag to None, run_after=None
[2024-08-25T00:18:00.698+0000] {processor.py:208} INFO - Processing /home/airflow/.local/lib/python3.12/site-packages/airflow/example_dags/tutorial_dag.py took 0.263 seconds
[2024-08-25T00:18:34.003+0000] {processor.py:186} INFO - Started process (PID=1574) to work on /home/airflow/.local/lib/python3.12/site-packages/airflow/example_dags/tutorial_dag.py
[2024-08-25T00:18:34.006+0000] {processor.py:914} INFO - Processing file /home/airflow/.local/lib/python3.12/site-packages/airflow/example_dags/tutorial_dag.py for tasks to queue
[2024-08-25T00:18:34.023+0000] {logging_mixin.py:190} INFO - [2024-08-25T00:18:34.023+0000] {dagbag.py:587} INFO - Filling up the DagBag from /home/airflow/.local/lib/python3.12/site-packages/airflow/example_dags/tutorial_dag.py
[2024-08-25T00:18:34.113+0000] {processor.py:925} INFO - DAG(s) 'tutorial_dag' retrieved from /home/airflow/.local/lib/python3.12/site-packages/airflow/example_dags/tutorial_dag.py
[2024-08-25T00:18:34.302+0000] {logging_mixin.py:190} INFO - [2024-08-25T00:18:34.300+0000] {dag.py:3211} INFO - Sync 1 DAGs
[2024-08-25T00:18:34.415+0000] {logging_mixin.py:190} INFO - [2024-08-25T00:18:34.415+0000] {dag.py:4138} INFO - Setting next_dagrun for tutorial_dag to None, run_after=None
[2024-08-25T00:18:34.630+0000] {processor.py:208} INFO - Processing /home/airflow/.local/lib/python3.12/site-packages/airflow/example_dags/tutorial_dag.py took 0.707 seconds
[2024-08-25T00:19:05.053+0000] {processor.py:186} INFO - Started process (PID=1637) to work on /home/airflow/.local/lib/python3.12/site-packages/airflow/example_dags/tutorial_dag.py
[2024-08-25T00:19:05.056+0000] {processor.py:914} INFO - Processing file /home/airflow/.local/lib/python3.12/site-packages/airflow/example_dags/tutorial_dag.py for tasks to queue
[2024-08-25T00:19:05.062+0000] {logging_mixin.py:190} INFO - [2024-08-25T00:19:05.061+0000] {dagbag.py:587} INFO - Filling up the DagBag from /home/airflow/.local/lib/python3.12/site-packages/airflow/example_dags/tutorial_dag.py
[2024-08-25T00:19:05.087+0000] {processor.py:925} INFO - DAG(s) 'tutorial_dag' retrieved from /home/airflow/.local/lib/python3.12/site-packages/airflow/example_dags/tutorial_dag.py
[2024-08-25T00:19:05.144+0000] {logging_mixin.py:190} INFO - [2024-08-25T00:19:05.143+0000] {dag.py:3211} INFO - Sync 1 DAGs
[2024-08-25T00:19:05.191+0000] {logging_mixin.py:190} INFO - [2024-08-25T00:19:05.190+0000] {dag.py:4138} INFO - Setting next_dagrun for tutorial_dag to None, run_after=None
[2024-08-25T00:19:05.292+0000] {processor.py:208} INFO - Processing /home/airflow/.local/lib/python3.12/site-packages/airflow/example_dags/tutorial_dag.py took 0.257 seconds
[2024-08-25T00:19:35.599+0000] {processor.py:186} INFO - Started process (PID=1700) to work on /home/airflow/.local/lib/python3.12/site-packages/airflow/example_dags/tutorial_dag.py
[2024-08-25T00:19:35.600+0000] {processor.py:914} INFO - Processing file /home/airflow/.local/lib/python3.12/site-packages/airflow/example_dags/tutorial_dag.py for tasks to queue
[2024-08-25T00:19:35.606+0000] {logging_mixin.py:190} INFO - [2024-08-25T00:19:35.606+0000] {dagbag.py:587} INFO - Filling up the DagBag from /home/airflow/.local/lib/python3.12/site-packages/airflow/example_dags/tutorial_dag.py
[2024-08-25T00:19:35.632+0000] {processor.py:925} INFO - DAG(s) 'tutorial_dag' retrieved from /home/airflow/.local/lib/python3.12/site-packages/airflow/example_dags/tutorial_dag.py
[2024-08-25T00:19:35.676+0000] {logging_mixin.py:190} INFO - [2024-08-25T00:19:35.675+0000] {dag.py:3211} INFO - Sync 1 DAGs
[2024-08-25T00:19:35.719+0000] {logging_mixin.py:190} INFO - [2024-08-25T00:19:35.719+0000] {dag.py:4138} INFO - Setting next_dagrun for tutorial_dag to None, run_after=None
[2024-08-25T00:19:35.762+0000] {processor.py:208} INFO - Processing /home/airflow/.local/lib/python3.12/site-packages/airflow/example_dags/tutorial_dag.py took 0.177 seconds
[2024-08-25T00:20:06.480+0000] {processor.py:186} INFO - Started process (PID=1764) to work on /home/airflow/.local/lib/python3.12/site-packages/airflow/example_dags/tutorial_dag.py
[2024-08-25T00:20:06.483+0000] {processor.py:914} INFO - Processing file /home/airflow/.local/lib/python3.12/site-packages/airflow/example_dags/tutorial_dag.py for tasks to queue
[2024-08-25T00:20:06.488+0000] {logging_mixin.py:190} INFO - [2024-08-25T00:20:06.487+0000] {dagbag.py:587} INFO - Filling up the DagBag from /home/airflow/.local/lib/python3.12/site-packages/airflow/example_dags/tutorial_dag.py
[2024-08-25T00:20:06.511+0000] {processor.py:925} INFO - DAG(s) 'tutorial_dag' retrieved from /home/airflow/.local/lib/python3.12/site-packages/airflow/example_dags/tutorial_dag.py
[2024-08-25T00:20:06.558+0000] {logging_mixin.py:190} INFO - [2024-08-25T00:20:06.557+0000] {dag.py:3211} INFO - Sync 1 DAGs
[2024-08-25T00:20:06.588+0000] {logging_mixin.py:190} INFO - [2024-08-25T00:20:06.588+0000] {dag.py:4138} INFO - Setting next_dagrun for tutorial_dag to None, run_after=None
[2024-08-25T00:20:06.623+0000] {processor.py:208} INFO - Processing /home/airflow/.local/lib/python3.12/site-packages/airflow/example_dags/tutorial_dag.py took 0.158 seconds
[2024-08-25T00:20:38.455+0000] {processor.py:186} INFO - Started process (PID=1826) to work on /home/airflow/.local/lib/python3.12/site-packages/airflow/example_dags/tutorial_dag.py
[2024-08-25T00:20:38.467+0000] {processor.py:914} INFO - Processing file /home/airflow/.local/lib/python3.12/site-packages/airflow/example_dags/tutorial_dag.py for tasks to queue
[2024-08-25T00:20:38.476+0000] {logging_mixin.py:190} INFO - [2024-08-25T00:20:38.475+0000] {dagbag.py:587} INFO - Filling up the DagBag from /home/airflow/.local/lib/python3.12/site-packages/airflow/example_dags/tutorial_dag.py
[2024-08-25T00:20:38.535+0000] {processor.py:925} INFO - DAG(s) 'tutorial_dag' retrieved from /home/airflow/.local/lib/python3.12/site-packages/airflow/example_dags/tutorial_dag.py
[2024-08-25T00:20:38.691+0000] {logging_mixin.py:190} INFO - [2024-08-25T00:20:38.686+0000] {dag.py:3211} INFO - Sync 1 DAGs
[2024-08-25T00:20:38.884+0000] {logging_mixin.py:190} INFO - [2024-08-25T00:20:38.869+0000] {dag.py:4138} INFO - Setting next_dagrun for tutorial_dag to None, run_after=None
[2024-08-25T00:20:39.013+0000] {processor.py:208} INFO - Processing /home/airflow/.local/lib/python3.12/site-packages/airflow/example_dags/tutorial_dag.py took 0.596 seconds
[2024-08-25T00:26:50.181+0000] {processor.py:186} INFO - Started process (PID=116) to work on /home/airflow/.local/lib/python3.12/site-packages/airflow/example_dags/tutorial_dag.py
[2024-08-25T00:26:50.184+0000] {processor.py:914} INFO - Processing file /home/airflow/.local/lib/python3.12/site-packages/airflow/example_dags/tutorial_dag.py for tasks to queue
[2024-08-25T00:26:50.218+0000] {logging_mixin.py:190} INFO - [2024-08-25T00:26:50.217+0000] {dagbag.py:587} INFO - Filling up the DagBag from /home/airflow/.local/lib/python3.12/site-packages/airflow/example_dags/tutorial_dag.py
[2024-08-25T00:26:50.270+0000] {processor.py:925} INFO - DAG(s) 'tutorial_dag' retrieved from /home/airflow/.local/lib/python3.12/site-packages/airflow/example_dags/tutorial_dag.py
[2024-08-25T00:26:50.360+0000] {logging_mixin.py:190} INFO - [2024-08-25T00:26:50.358+0000] {dag.py:3211} INFO - Sync 1 DAGs
[2024-08-25T00:26:50.431+0000] {logging_mixin.py:190} INFO - [2024-08-25T00:26:50.430+0000] {dag.py:4138} INFO - Setting next_dagrun for tutorial_dag to None, run_after=None
[2024-08-25T00:26:50.511+0000] {processor.py:208} INFO - Processing /home/airflow/.local/lib/python3.12/site-packages/airflow/example_dags/tutorial_dag.py took 0.376 seconds
[2024-08-25T00:27:43.151+0000] {processor.py:186} INFO - Started process (PID=185) to work on /home/airflow/.local/lib/python3.12/site-packages/airflow/example_dags/tutorial_dag.py
[2024-08-25T00:27:43.154+0000] {processor.py:914} INFO - Processing file /home/airflow/.local/lib/python3.12/site-packages/airflow/example_dags/tutorial_dag.py for tasks to queue
[2024-08-25T00:27:43.164+0000] {logging_mixin.py:190} INFO - [2024-08-25T00:27:43.162+0000] {dagbag.py:587} INFO - Filling up the DagBag from /home/airflow/.local/lib/python3.12/site-packages/airflow/example_dags/tutorial_dag.py
[2024-08-25T00:27:43.229+0000] {processor.py:925} INFO - DAG(s) 'tutorial_dag' retrieved from /home/airflow/.local/lib/python3.12/site-packages/airflow/example_dags/tutorial_dag.py
[2024-08-25T00:27:43.332+0000] {logging_mixin.py:190} INFO - [2024-08-25T00:27:43.329+0000] {dag.py:3211} INFO - Sync 1 DAGs
[2024-08-25T00:27:43.453+0000] {logging_mixin.py:190} INFO - [2024-08-25T00:27:43.452+0000] {dag.py:4138} INFO - Setting next_dagrun for tutorial_dag to None, run_after=None
[2024-08-25T00:27:43.553+0000] {processor.py:208} INFO - Processing /home/airflow/.local/lib/python3.12/site-packages/airflow/example_dags/tutorial_dag.py took 0.426 seconds
[2024-08-25T00:28:31.785+0000] {processor.py:186} INFO - Started process (PID=254) to work on /home/airflow/.local/lib/python3.12/site-packages/airflow/example_dags/tutorial_dag.py
[2024-08-25T00:28:31.791+0000] {processor.py:914} INFO - Processing file /home/airflow/.local/lib/python3.12/site-packages/airflow/example_dags/tutorial_dag.py for tasks to queue
[2024-08-25T00:28:31.819+0000] {logging_mixin.py:190} INFO - [2024-08-25T00:28:31.818+0000] {dagbag.py:587} INFO - Filling up the DagBag from /home/airflow/.local/lib/python3.12/site-packages/airflow/example_dags/tutorial_dag.py
[2024-08-25T00:28:31.912+0000] {processor.py:925} INFO - DAG(s) 'tutorial_dag' retrieved from /home/airflow/.local/lib/python3.12/site-packages/airflow/example_dags/tutorial_dag.py
[2024-08-25T00:28:32.240+0000] {logging_mixin.py:190} INFO - [2024-08-25T00:28:32.238+0000] {dag.py:3211} INFO - Sync 1 DAGs
[2024-08-25T00:28:32.340+0000] {logging_mixin.py:190} INFO - [2024-08-25T00:28:32.340+0000] {dag.py:4138} INFO - Setting next_dagrun for tutorial_dag to None, run_after=None
[2024-08-25T00:28:32.533+0000] {processor.py:208} INFO - Processing /home/airflow/.local/lib/python3.12/site-packages/airflow/example_dags/tutorial_dag.py took 0.791 seconds
[2024-08-25T00:29:03.547+0000] {processor.py:186} INFO - Started process (PID=316) to work on /home/airflow/.local/lib/python3.12/site-packages/airflow/example_dags/tutorial_dag.py
[2024-08-25T00:29:03.551+0000] {processor.py:914} INFO - Processing file /home/airflow/.local/lib/python3.12/site-packages/airflow/example_dags/tutorial_dag.py for tasks to queue
[2024-08-25T00:29:03.566+0000] {logging_mixin.py:190} INFO - [2024-08-25T00:29:03.566+0000] {dagbag.py:587} INFO - Filling up the DagBag from /home/airflow/.local/lib/python3.12/site-packages/airflow/example_dags/tutorial_dag.py
[2024-08-25T00:29:03.594+0000] {processor.py:925} INFO - DAG(s) 'tutorial_dag' retrieved from /home/airflow/.local/lib/python3.12/site-packages/airflow/example_dags/tutorial_dag.py
[2024-08-25T00:29:03.690+0000] {logging_mixin.py:190} INFO - [2024-08-25T00:29:03.688+0000] {dag.py:3211} INFO - Sync 1 DAGs
[2024-08-25T00:29:03.767+0000] {logging_mixin.py:190} INFO - [2024-08-25T00:29:03.766+0000] {dag.py:4138} INFO - Setting next_dagrun for tutorial_dag to None, run_after=None
[2024-08-25T00:29:03.863+0000] {processor.py:208} INFO - Processing /home/airflow/.local/lib/python3.12/site-packages/airflow/example_dags/tutorial_dag.py took 0.369 seconds
[2024-08-25T00:29:34.554+0000] {processor.py:186} INFO - Started process (PID=379) to work on /home/airflow/.local/lib/python3.12/site-packages/airflow/example_dags/tutorial_dag.py
[2024-08-25T00:29:34.556+0000] {processor.py:914} INFO - Processing file /home/airflow/.local/lib/python3.12/site-packages/airflow/example_dags/tutorial_dag.py for tasks to queue
[2024-08-25T00:29:34.566+0000] {logging_mixin.py:190} INFO - [2024-08-25T00:29:34.564+0000] {dagbag.py:587} INFO - Filling up the DagBag from /home/airflow/.local/lib/python3.12/site-packages/airflow/example_dags/tutorial_dag.py
[2024-08-25T00:29:34.592+0000] {processor.py:925} INFO - DAG(s) 'tutorial_dag' retrieved from /home/airflow/.local/lib/python3.12/site-packages/airflow/example_dags/tutorial_dag.py
[2024-08-25T00:29:34.664+0000] {logging_mixin.py:190} INFO - [2024-08-25T00:29:34.661+0000] {dag.py:3211} INFO - Sync 1 DAGs
[2024-08-25T00:29:34.771+0000] {logging_mixin.py:190} INFO - [2024-08-25T00:29:34.770+0000] {dag.py:4138} INFO - Setting next_dagrun for tutorial_dag to None, run_after=None
[2024-08-25T00:29:34.872+0000] {processor.py:208} INFO - Processing /home/airflow/.local/lib/python3.12/site-packages/airflow/example_dags/tutorial_dag.py took 0.335 seconds
[2024-08-25T00:30:05.895+0000] {processor.py:186} INFO - Started process (PID=442) to work on /home/airflow/.local/lib/python3.12/site-packages/airflow/example_dags/tutorial_dag.py
[2024-08-25T00:30:05.900+0000] {processor.py:914} INFO - Processing file /home/airflow/.local/lib/python3.12/site-packages/airflow/example_dags/tutorial_dag.py for tasks to queue
[2024-08-25T00:30:05.913+0000] {logging_mixin.py:190} INFO - [2024-08-25T00:30:05.912+0000] {dagbag.py:587} INFO - Filling up the DagBag from /home/airflow/.local/lib/python3.12/site-packages/airflow/example_dags/tutorial_dag.py
[2024-08-25T00:30:05.948+0000] {processor.py:925} INFO - DAG(s) 'tutorial_dag' retrieved from /home/airflow/.local/lib/python3.12/site-packages/airflow/example_dags/tutorial_dag.py
[2024-08-25T00:30:06.020+0000] {logging_mixin.py:190} INFO - [2024-08-25T00:30:06.019+0000] {dag.py:3211} INFO - Sync 1 DAGs
[2024-08-25T00:30:06.073+0000] {logging_mixin.py:190} INFO - [2024-08-25T00:30:06.072+0000] {dag.py:4138} INFO - Setting next_dagrun for tutorial_dag to None, run_after=None
[2024-08-25T00:30:06.153+0000] {processor.py:208} INFO - Processing /home/airflow/.local/lib/python3.12/site-packages/airflow/example_dags/tutorial_dag.py took 0.282 seconds
[2024-08-25T00:30:43.173+0000] {processor.py:186} INFO - Started process (PID=506) to work on /home/airflow/.local/lib/python3.12/site-packages/airflow/example_dags/tutorial_dag.py
[2024-08-25T00:30:43.176+0000] {processor.py:914} INFO - Processing file /home/airflow/.local/lib/python3.12/site-packages/airflow/example_dags/tutorial_dag.py for tasks to queue
[2024-08-25T00:30:43.183+0000] {logging_mixin.py:190} INFO - [2024-08-25T00:30:43.182+0000] {dagbag.py:587} INFO - Filling up the DagBag from /home/airflow/.local/lib/python3.12/site-packages/airflow/example_dags/tutorial_dag.py
[2024-08-25T00:30:43.206+0000] {processor.py:925} INFO - DAG(s) 'tutorial_dag' retrieved from /home/airflow/.local/lib/python3.12/site-packages/airflow/example_dags/tutorial_dag.py
[2024-08-25T00:30:43.266+0000] {logging_mixin.py:190} INFO - [2024-08-25T00:30:43.265+0000] {dag.py:3211} INFO - Sync 1 DAGs
[2024-08-25T00:30:43.313+0000] {logging_mixin.py:190} INFO - [2024-08-25T00:30:43.312+0000] {dag.py:4138} INFO - Setting next_dagrun for tutorial_dag to None, run_after=None
[2024-08-25T00:30:43.363+0000] {processor.py:208} INFO - Processing /home/airflow/.local/lib/python3.12/site-packages/airflow/example_dags/tutorial_dag.py took 0.209 seconds
[2024-08-25T00:31:28.514+0000] {processor.py:186} INFO - Started process (PID=572) to work on /home/airflow/.local/lib/python3.12/site-packages/airflow/example_dags/tutorial_dag.py
[2024-08-25T00:31:28.569+0000] {processor.py:914} INFO - Processing file /home/airflow/.local/lib/python3.12/site-packages/airflow/example_dags/tutorial_dag.py for tasks to queue
[2024-08-25T00:31:28.648+0000] {logging_mixin.py:190} INFO - [2024-08-25T00:31:28.647+0000] {dagbag.py:587} INFO - Filling up the DagBag from /home/airflow/.local/lib/python3.12/site-packages/airflow/example_dags/tutorial_dag.py
[2024-08-25T00:31:28.759+0000] {processor.py:925} INFO - DAG(s) 'tutorial_dag' retrieved from /home/airflow/.local/lib/python3.12/site-packages/airflow/example_dags/tutorial_dag.py
[2024-08-25T00:31:28.986+0000] {logging_mixin.py:190} INFO - [2024-08-25T00:31:28.984+0000] {dag.py:3211} INFO - Sync 1 DAGs
[2024-08-25T00:31:29.179+0000] {logging_mixin.py:190} INFO - [2024-08-25T00:31:29.179+0000] {dag.py:4138} INFO - Setting next_dagrun for tutorial_dag to None, run_after=None
[2024-08-25T00:31:29.390+0000] {processor.py:208} INFO - Processing /home/airflow/.local/lib/python3.12/site-packages/airflow/example_dags/tutorial_dag.py took 0.930 seconds
[2024-08-25T00:32:13.863+0000] {processor.py:186} INFO - Started process (PID=644) to work on /home/airflow/.local/lib/python3.12/site-packages/airflow/example_dags/tutorial_dag.py
[2024-08-25T00:32:13.865+0000] {processor.py:914} INFO - Processing file /home/airflow/.local/lib/python3.12/site-packages/airflow/example_dags/tutorial_dag.py for tasks to queue
[2024-08-25T00:32:13.872+0000] {logging_mixin.py:190} INFO - [2024-08-25T00:32:13.872+0000] {dagbag.py:587} INFO - Filling up the DagBag from /home/airflow/.local/lib/python3.12/site-packages/airflow/example_dags/tutorial_dag.py
[2024-08-25T00:32:13.894+0000] {processor.py:925} INFO - DAG(s) 'tutorial_dag' retrieved from /home/airflow/.local/lib/python3.12/site-packages/airflow/example_dags/tutorial_dag.py
[2024-08-25T00:32:13.952+0000] {logging_mixin.py:190} INFO - [2024-08-25T00:32:13.950+0000] {dag.py:3211} INFO - Sync 1 DAGs
[2024-08-25T00:32:14.003+0000] {logging_mixin.py:190} INFO - [2024-08-25T00:32:14.003+0000] {dag.py:4138} INFO - Setting next_dagrun for tutorial_dag to None, run_after=None
[2024-08-25T00:32:14.059+0000] {processor.py:208} INFO - Processing /home/airflow/.local/lib/python3.12/site-packages/airflow/example_dags/tutorial_dag.py took 0.214 seconds
[2024-08-25T00:32:58.792+0000] {processor.py:186} INFO - Started process (PID=708) to work on /home/airflow/.local/lib/python3.12/site-packages/airflow/example_dags/tutorial_dag.py
[2024-08-25T00:32:58.815+0000] {processor.py:914} INFO - Processing file /home/airflow/.local/lib/python3.12/site-packages/airflow/example_dags/tutorial_dag.py for tasks to queue
[2024-08-25T00:32:58.864+0000] {logging_mixin.py:190} INFO - [2024-08-25T00:32:58.862+0000] {dagbag.py:587} INFO - Filling up the DagBag from /home/airflow/.local/lib/python3.12/site-packages/airflow/example_dags/tutorial_dag.py
[2024-08-25T00:32:58.926+0000] {processor.py:925} INFO - DAG(s) 'tutorial_dag' retrieved from /home/airflow/.local/lib/python3.12/site-packages/airflow/example_dags/tutorial_dag.py
[2024-08-25T00:32:59.080+0000] {logging_mixin.py:190} INFO - [2024-08-25T00:32:59.078+0000] {dag.py:3211} INFO - Sync 1 DAGs
[2024-08-25T00:32:59.209+0000] {logging_mixin.py:190} INFO - [2024-08-25T00:32:59.209+0000] {dag.py:4138} INFO - Setting next_dagrun for tutorial_dag to None, run_after=None
[2024-08-25T00:32:59.523+0000] {processor.py:208} INFO - Processing /home/airflow/.local/lib/python3.12/site-packages/airflow/example_dags/tutorial_dag.py took 0.784 seconds
[2024-08-25T00:34:06.942+0000] {processor.py:186} INFO - Started process (PID=796) to work on /home/airflow/.local/lib/python3.12/site-packages/airflow/example_dags/tutorial_dag.py
[2024-08-25T00:34:06.949+0000] {processor.py:914} INFO - Processing file /home/airflow/.local/lib/python3.12/site-packages/airflow/example_dags/tutorial_dag.py for tasks to queue
[2024-08-25T00:34:06.956+0000] {logging_mixin.py:190} INFO - [2024-08-25T00:34:06.955+0000] {dagbag.py:587} INFO - Filling up the DagBag from /home/airflow/.local/lib/python3.12/site-packages/airflow/example_dags/tutorial_dag.py
[2024-08-25T00:34:07.029+0000] {processor.py:925} INFO - DAG(s) 'tutorial_dag' retrieved from /home/airflow/.local/lib/python3.12/site-packages/airflow/example_dags/tutorial_dag.py
[2024-08-25T00:34:07.191+0000] {logging_mixin.py:190} INFO - [2024-08-25T00:34:07.189+0000] {dag.py:3211} INFO - Sync 1 DAGs
[2024-08-25T00:34:07.320+0000] {logging_mixin.py:190} INFO - [2024-08-25T00:34:07.320+0000] {dag.py:4138} INFO - Setting next_dagrun for tutorial_dag to None, run_after=None
[2024-08-25T00:34:07.427+0000] {processor.py:208} INFO - Processing /home/airflow/.local/lib/python3.12/site-packages/airflow/example_dags/tutorial_dag.py took 0.510 seconds
[2024-08-25T00:34:39.928+0000] {processor.py:186} INFO - Started process (PID=859) to work on /home/airflow/.local/lib/python3.12/site-packages/airflow/example_dags/tutorial_dag.py
[2024-08-25T00:34:39.939+0000] {processor.py:914} INFO - Processing file /home/airflow/.local/lib/python3.12/site-packages/airflow/example_dags/tutorial_dag.py for tasks to queue
[2024-08-25T00:34:39.960+0000] {logging_mixin.py:190} INFO - [2024-08-25T00:34:39.959+0000] {dagbag.py:587} INFO - Filling up the DagBag from /home/airflow/.local/lib/python3.12/site-packages/airflow/example_dags/tutorial_dag.py
[2024-08-25T00:34:40.046+0000] {processor.py:925} INFO - DAG(s) 'tutorial_dag' retrieved from /home/airflow/.local/lib/python3.12/site-packages/airflow/example_dags/tutorial_dag.py
[2024-08-25T00:34:40.162+0000] {logging_mixin.py:190} INFO - [2024-08-25T00:34:40.161+0000] {dag.py:3211} INFO - Sync 1 DAGs
[2024-08-25T00:34:40.286+0000] {logging_mixin.py:190} INFO - [2024-08-25T00:34:40.285+0000] {dag.py:4138} INFO - Setting next_dagrun for tutorial_dag to None, run_after=None
[2024-08-25T00:34:40.410+0000] {processor.py:208} INFO - Processing /home/airflow/.local/lib/python3.12/site-packages/airflow/example_dags/tutorial_dag.py took 0.528 seconds
[2024-08-25T00:35:11.970+0000] {processor.py:186} INFO - Started process (PID=921) to work on /home/airflow/.local/lib/python3.12/site-packages/airflow/example_dags/tutorial_dag.py
[2024-08-25T00:35:11.972+0000] {processor.py:914} INFO - Processing file /home/airflow/.local/lib/python3.12/site-packages/airflow/example_dags/tutorial_dag.py for tasks to queue
[2024-08-25T00:35:11.981+0000] {logging_mixin.py:190} INFO - [2024-08-25T00:35:11.979+0000] {dagbag.py:587} INFO - Filling up the DagBag from /home/airflow/.local/lib/python3.12/site-packages/airflow/example_dags/tutorial_dag.py
[2024-08-25T00:35:12.004+0000] {processor.py:925} INFO - DAG(s) 'tutorial_dag' retrieved from /home/airflow/.local/lib/python3.12/site-packages/airflow/example_dags/tutorial_dag.py
[2024-08-25T00:35:12.134+0000] {logging_mixin.py:190} INFO - [2024-08-25T00:35:12.132+0000] {dag.py:3211} INFO - Sync 1 DAGs
[2024-08-25T00:35:12.196+0000] {logging_mixin.py:190} INFO - [2024-08-25T00:35:12.195+0000] {dag.py:4138} INFO - Setting next_dagrun for tutorial_dag to None, run_after=None
[2024-08-25T00:35:12.322+0000] {processor.py:208} INFO - Processing /home/airflow/.local/lib/python3.12/site-packages/airflow/example_dags/tutorial_dag.py took 0.376 seconds
[2024-08-25T00:35:46.007+0000] {processor.py:186} INFO - Started process (PID=984) to work on /home/airflow/.local/lib/python3.12/site-packages/airflow/example_dags/tutorial_dag.py
[2024-08-25T00:35:46.135+0000] {processor.py:914} INFO - Processing file /home/airflow/.local/lib/python3.12/site-packages/airflow/example_dags/tutorial_dag.py for tasks to queue
[2024-08-25T00:35:46.170+0000] {logging_mixin.py:190} INFO - [2024-08-25T00:35:46.169+0000] {dagbag.py:587} INFO - Filling up the DagBag from /home/airflow/.local/lib/python3.12/site-packages/airflow/example_dags/tutorial_dag.py
[2024-08-25T00:35:46.312+0000] {processor.py:925} INFO - DAG(s) 'tutorial_dag' retrieved from /home/airflow/.local/lib/python3.12/site-packages/airflow/example_dags/tutorial_dag.py
[2024-08-25T00:35:46.642+0000] {logging_mixin.py:190} INFO - [2024-08-25T00:35:46.640+0000] {dag.py:3211} INFO - Sync 1 DAGs
[2024-08-25T00:35:46.844+0000] {logging_mixin.py:190} INFO - [2024-08-25T00:35:46.826+0000] {dag.py:4138} INFO - Setting next_dagrun for tutorial_dag to None, run_after=None
[2024-08-25T00:35:47.156+0000] {processor.py:208} INFO - Processing /home/airflow/.local/lib/python3.12/site-packages/airflow/example_dags/tutorial_dag.py took 1.262 seconds
[2024-08-25T00:36:17.570+0000] {processor.py:186} INFO - Started process (PID=1046) to work on /home/airflow/.local/lib/python3.12/site-packages/airflow/example_dags/tutorial_dag.py
[2024-08-25T00:36:17.583+0000] {processor.py:914} INFO - Processing file /home/airflow/.local/lib/python3.12/site-packages/airflow/example_dags/tutorial_dag.py for tasks to queue
[2024-08-25T00:36:17.599+0000] {logging_mixin.py:190} INFO - [2024-08-25T00:36:17.598+0000] {dagbag.py:587} INFO - Filling up the DagBag from /home/airflow/.local/lib/python3.12/site-packages/airflow/example_dags/tutorial_dag.py
[2024-08-25T00:36:17.645+0000] {processor.py:925} INFO - DAG(s) 'tutorial_dag' retrieved from /home/airflow/.local/lib/python3.12/site-packages/airflow/example_dags/tutorial_dag.py
[2024-08-25T00:36:17.764+0000] {logging_mixin.py:190} INFO - [2024-08-25T00:36:17.763+0000] {dag.py:3211} INFO - Sync 1 DAGs
[2024-08-25T00:36:17.873+0000] {logging_mixin.py:190} INFO - [2024-08-25T00:36:17.872+0000] {dag.py:4138} INFO - Setting next_dagrun for tutorial_dag to None, run_after=None
[2024-08-25T00:36:18.014+0000] {processor.py:208} INFO - Processing /home/airflow/.local/lib/python3.12/site-packages/airflow/example_dags/tutorial_dag.py took 0.474 seconds
[2024-08-25T00:36:48.445+0000] {processor.py:186} INFO - Started process (PID=1110) to work on /home/airflow/.local/lib/python3.12/site-packages/airflow/example_dags/tutorial_dag.py
[2024-08-25T00:36:48.448+0000] {processor.py:914} INFO - Processing file /home/airflow/.local/lib/python3.12/site-packages/airflow/example_dags/tutorial_dag.py for tasks to queue
[2024-08-25T00:36:48.452+0000] {logging_mixin.py:190} INFO - [2024-08-25T00:36:48.451+0000] {dagbag.py:587} INFO - Filling up the DagBag from /home/airflow/.local/lib/python3.12/site-packages/airflow/example_dags/tutorial_dag.py
[2024-08-25T00:36:48.489+0000] {processor.py:925} INFO - DAG(s) 'tutorial_dag' retrieved from /home/airflow/.local/lib/python3.12/site-packages/airflow/example_dags/tutorial_dag.py
[2024-08-25T00:36:48.601+0000] {logging_mixin.py:190} INFO - [2024-08-25T00:36:48.599+0000] {dag.py:3211} INFO - Sync 1 DAGs
[2024-08-25T00:36:48.640+0000] {logging_mixin.py:190} INFO - [2024-08-25T00:36:48.640+0000] {dag.py:4138} INFO - Setting next_dagrun for tutorial_dag to None, run_after=None
[2024-08-25T00:36:48.689+0000] {processor.py:208} INFO - Processing /home/airflow/.local/lib/python3.12/site-packages/airflow/example_dags/tutorial_dag.py took 0.270 seconds
[2024-08-25T00:37:21.586+0000] {processor.py:186} INFO - Started process (PID=1172) to work on /home/airflow/.local/lib/python3.12/site-packages/airflow/example_dags/tutorial_dag.py
[2024-08-25T00:37:21.590+0000] {processor.py:914} INFO - Processing file /home/airflow/.local/lib/python3.12/site-packages/airflow/example_dags/tutorial_dag.py for tasks to queue
[2024-08-25T00:37:21.597+0000] {logging_mixin.py:190} INFO - [2024-08-25T00:37:21.596+0000] {dagbag.py:587} INFO - Filling up the DagBag from /home/airflow/.local/lib/python3.12/site-packages/airflow/example_dags/tutorial_dag.py
[2024-08-25T00:37:21.626+0000] {processor.py:925} INFO - DAG(s) 'tutorial_dag' retrieved from /home/airflow/.local/lib/python3.12/site-packages/airflow/example_dags/tutorial_dag.py
[2024-08-25T00:37:21.718+0000] {logging_mixin.py:190} INFO - [2024-08-25T00:37:21.717+0000] {dag.py:3211} INFO - Sync 1 DAGs
[2024-08-25T00:37:21.782+0000] {logging_mixin.py:190} INFO - [2024-08-25T00:37:21.782+0000] {dag.py:4138} INFO - Setting next_dagrun for tutorial_dag to None, run_after=None
[2024-08-25T00:37:21.846+0000] {processor.py:208} INFO - Processing /home/airflow/.local/lib/python3.12/site-packages/airflow/example_dags/tutorial_dag.py took 0.286 seconds
[2024-08-25T00:37:55.196+0000] {processor.py:186} INFO - Started process (PID=1234) to work on /home/airflow/.local/lib/python3.12/site-packages/airflow/example_dags/tutorial_dag.py
[2024-08-25T00:37:55.199+0000] {processor.py:914} INFO - Processing file /home/airflow/.local/lib/python3.12/site-packages/airflow/example_dags/tutorial_dag.py for tasks to queue
[2024-08-25T00:37:55.206+0000] {logging_mixin.py:190} INFO - [2024-08-25T00:37:55.204+0000] {dagbag.py:587} INFO - Filling up the DagBag from /home/airflow/.local/lib/python3.12/site-packages/airflow/example_dags/tutorial_dag.py
[2024-08-25T00:37:55.272+0000] {processor.py:925} INFO - DAG(s) 'tutorial_dag' retrieved from /home/airflow/.local/lib/python3.12/site-packages/airflow/example_dags/tutorial_dag.py
[2024-08-25T00:37:55.487+0000] {logging_mixin.py:190} INFO - [2024-08-25T00:37:55.486+0000] {dag.py:3211} INFO - Sync 1 DAGs
[2024-08-25T00:37:55.671+0000] {logging_mixin.py:190} INFO - [2024-08-25T00:37:55.659+0000] {dag.py:4138} INFO - Setting next_dagrun for tutorial_dag to None, run_after=None
[2024-08-25T00:37:55.845+0000] {processor.py:208} INFO - Processing /home/airflow/.local/lib/python3.12/site-packages/airflow/example_dags/tutorial_dag.py took 0.712 seconds
[2024-08-25T00:38:26.795+0000] {processor.py:186} INFO - Started process (PID=1296) to work on /home/airflow/.local/lib/python3.12/site-packages/airflow/example_dags/tutorial_dag.py
[2024-08-25T00:38:26.797+0000] {processor.py:914} INFO - Processing file /home/airflow/.local/lib/python3.12/site-packages/airflow/example_dags/tutorial_dag.py for tasks to queue
[2024-08-25T00:38:26.802+0000] {logging_mixin.py:190} INFO - [2024-08-25T00:38:26.801+0000] {dagbag.py:587} INFO - Filling up the DagBag from /home/airflow/.local/lib/python3.12/site-packages/airflow/example_dags/tutorial_dag.py
[2024-08-25T00:38:26.836+0000] {processor.py:925} INFO - DAG(s) 'tutorial_dag' retrieved from /home/airflow/.local/lib/python3.12/site-packages/airflow/example_dags/tutorial_dag.py
[2024-08-25T00:38:26.930+0000] {logging_mixin.py:190} INFO - [2024-08-25T00:38:26.928+0000] {dag.py:3211} INFO - Sync 1 DAGs
[2024-08-25T00:38:26.995+0000] {logging_mixin.py:190} INFO - [2024-08-25T00:38:26.994+0000] {dag.py:4138} INFO - Setting next_dagrun for tutorial_dag to None, run_after=None
[2024-08-25T00:38:27.085+0000] {processor.py:208} INFO - Processing /home/airflow/.local/lib/python3.12/site-packages/airflow/example_dags/tutorial_dag.py took 0.338 seconds
[2024-08-25T00:38:57.468+0000] {processor.py:186} INFO - Started process (PID=1358) to work on /home/airflow/.local/lib/python3.12/site-packages/airflow/example_dags/tutorial_dag.py
[2024-08-25T00:38:57.470+0000] {processor.py:914} INFO - Processing file /home/airflow/.local/lib/python3.12/site-packages/airflow/example_dags/tutorial_dag.py for tasks to queue
[2024-08-25T00:38:57.475+0000] {logging_mixin.py:190} INFO - [2024-08-25T00:38:57.474+0000] {dagbag.py:587} INFO - Filling up the DagBag from /home/airflow/.local/lib/python3.12/site-packages/airflow/example_dags/tutorial_dag.py
[2024-08-25T00:38:57.504+0000] {processor.py:925} INFO - DAG(s) 'tutorial_dag' retrieved from /home/airflow/.local/lib/python3.12/site-packages/airflow/example_dags/tutorial_dag.py
[2024-08-25T00:38:57.570+0000] {logging_mixin.py:190} INFO - [2024-08-25T00:38:57.567+0000] {dag.py:3211} INFO - Sync 1 DAGs
[2024-08-25T00:38:57.620+0000] {logging_mixin.py:190} INFO - [2024-08-25T00:38:57.619+0000] {dag.py:4138} INFO - Setting next_dagrun for tutorial_dag to None, run_after=None
[2024-08-25T00:38:57.684+0000] {processor.py:208} INFO - Processing /home/airflow/.local/lib/python3.12/site-packages/airflow/example_dags/tutorial_dag.py took 0.242 seconds
[2024-08-25T00:39:27.864+0000] {processor.py:186} INFO - Started process (PID=1421) to work on /home/airflow/.local/lib/python3.12/site-packages/airflow/example_dags/tutorial_dag.py
[2024-08-25T00:39:27.869+0000] {processor.py:914} INFO - Processing file /home/airflow/.local/lib/python3.12/site-packages/airflow/example_dags/tutorial_dag.py for tasks to queue
[2024-08-25T00:39:27.877+0000] {logging_mixin.py:190} INFO - [2024-08-25T00:39:27.875+0000] {dagbag.py:587} INFO - Filling up the DagBag from /home/airflow/.local/lib/python3.12/site-packages/airflow/example_dags/tutorial_dag.py
[2024-08-25T00:39:27.908+0000] {processor.py:925} INFO - DAG(s) 'tutorial_dag' retrieved from /home/airflow/.local/lib/python3.12/site-packages/airflow/example_dags/tutorial_dag.py
[2024-08-25T00:39:27.984+0000] {logging_mixin.py:190} INFO - [2024-08-25T00:39:27.983+0000] {dag.py:3211} INFO - Sync 1 DAGs
[2024-08-25T00:39:28.054+0000] {logging_mixin.py:190} INFO - [2024-08-25T00:39:28.053+0000] {dag.py:4138} INFO - Setting next_dagrun for tutorial_dag to None, run_after=None
[2024-08-25T00:39:28.111+0000] {processor.py:208} INFO - Processing /home/airflow/.local/lib/python3.12/site-packages/airflow/example_dags/tutorial_dag.py took 0.268 seconds
[2024-08-25T00:39:59.168+0000] {processor.py:186} INFO - Started process (PID=1483) to work on /home/airflow/.local/lib/python3.12/site-packages/airflow/example_dags/tutorial_dag.py
[2024-08-25T00:39:59.196+0000] {processor.py:914} INFO - Processing file /home/airflow/.local/lib/python3.12/site-packages/airflow/example_dags/tutorial_dag.py for tasks to queue
[2024-08-25T00:39:59.205+0000] {logging_mixin.py:190} INFO - [2024-08-25T00:39:59.204+0000] {dagbag.py:587} INFO - Filling up the DagBag from /home/airflow/.local/lib/python3.12/site-packages/airflow/example_dags/tutorial_dag.py
[2024-08-25T00:39:59.277+0000] {processor.py:925} INFO - DAG(s) 'tutorial_dag' retrieved from /home/airflow/.local/lib/python3.12/site-packages/airflow/example_dags/tutorial_dag.py
[2024-08-25T00:39:59.404+0000] {logging_mixin.py:190} INFO - [2024-08-25T00:39:59.403+0000] {dag.py:3211} INFO - Sync 1 DAGs
[2024-08-25T00:39:59.506+0000] {logging_mixin.py:190} INFO - [2024-08-25T00:39:59.505+0000] {dag.py:4138} INFO - Setting next_dagrun for tutorial_dag to None, run_after=None
[2024-08-25T00:39:59.758+0000] {processor.py:208} INFO - Processing /home/airflow/.local/lib/python3.12/site-packages/airflow/example_dags/tutorial_dag.py took 0.630 seconds
[2024-08-25T00:40:31.970+0000] {processor.py:186} INFO - Started process (PID=1545) to work on /home/airflow/.local/lib/python3.12/site-packages/airflow/example_dags/tutorial_dag.py
[2024-08-25T00:40:31.972+0000] {processor.py:914} INFO - Processing file /home/airflow/.local/lib/python3.12/site-packages/airflow/example_dags/tutorial_dag.py for tasks to queue
[2024-08-25T00:40:31.977+0000] {logging_mixin.py:190} INFO - [2024-08-25T00:40:31.976+0000] {dagbag.py:587} INFO - Filling up the DagBag from /home/airflow/.local/lib/python3.12/site-packages/airflow/example_dags/tutorial_dag.py
[2024-08-25T00:40:32.001+0000] {processor.py:925} INFO - DAG(s) 'tutorial_dag' retrieved from /home/airflow/.local/lib/python3.12/site-packages/airflow/example_dags/tutorial_dag.py
[2024-08-25T00:40:32.121+0000] {logging_mixin.py:190} INFO - [2024-08-25T00:40:32.119+0000] {dag.py:3211} INFO - Sync 1 DAGs
[2024-08-25T00:40:32.185+0000] {logging_mixin.py:190} INFO - [2024-08-25T00:40:32.184+0000] {dag.py:4138} INFO - Setting next_dagrun for tutorial_dag to None, run_after=None
[2024-08-25T00:40:32.241+0000] {processor.py:208} INFO - Processing /home/airflow/.local/lib/python3.12/site-packages/airflow/example_dags/tutorial_dag.py took 0.293 seconds
[2024-08-25T00:41:03.890+0000] {processor.py:186} INFO - Started process (PID=1607) to work on /home/airflow/.local/lib/python3.12/site-packages/airflow/example_dags/tutorial_dag.py
[2024-08-25T00:41:03.909+0000] {processor.py:914} INFO - Processing file /home/airflow/.local/lib/python3.12/site-packages/airflow/example_dags/tutorial_dag.py for tasks to queue
[2024-08-25T00:41:03.950+0000] {logging_mixin.py:190} INFO - [2024-08-25T00:41:03.949+0000] {dagbag.py:587} INFO - Filling up the DagBag from /home/airflow/.local/lib/python3.12/site-packages/airflow/example_dags/tutorial_dag.py
[2024-08-25T00:41:04.012+0000] {processor.py:925} INFO - DAG(s) 'tutorial_dag' retrieved from /home/airflow/.local/lib/python3.12/site-packages/airflow/example_dags/tutorial_dag.py
[2024-08-25T00:41:04.158+0000] {logging_mixin.py:190} INFO - [2024-08-25T00:41:04.156+0000] {dag.py:3211} INFO - Sync 1 DAGs
[2024-08-25T00:41:04.339+0000] {logging_mixin.py:190} INFO - [2024-08-25T00:41:04.338+0000] {dag.py:4138} INFO - Setting next_dagrun for tutorial_dag to None, run_after=None
[2024-08-25T00:41:04.584+0000] {processor.py:208} INFO - Processing /home/airflow/.local/lib/python3.12/site-packages/airflow/example_dags/tutorial_dag.py took 0.741 seconds
[2024-08-25T00:41:36.716+0000] {processor.py:186} INFO - Started process (PID=1669) to work on /home/airflow/.local/lib/python3.12/site-packages/airflow/example_dags/tutorial_dag.py
[2024-08-25T00:41:36.718+0000] {processor.py:914} INFO - Processing file /home/airflow/.local/lib/python3.12/site-packages/airflow/example_dags/tutorial_dag.py for tasks to queue
[2024-08-25T00:41:36.721+0000] {logging_mixin.py:190} INFO - [2024-08-25T00:41:36.720+0000] {dagbag.py:587} INFO - Filling up the DagBag from /home/airflow/.local/lib/python3.12/site-packages/airflow/example_dags/tutorial_dag.py
[2024-08-25T00:41:36.738+0000] {processor.py:925} INFO - DAG(s) 'tutorial_dag' retrieved from /home/airflow/.local/lib/python3.12/site-packages/airflow/example_dags/tutorial_dag.py
[2024-08-25T00:41:36.792+0000] {logging_mixin.py:190} INFO - [2024-08-25T00:41:36.790+0000] {dag.py:3211} INFO - Sync 1 DAGs
[2024-08-25T00:41:36.828+0000] {logging_mixin.py:190} INFO - [2024-08-25T00:41:36.828+0000] {dag.py:4138} INFO - Setting next_dagrun for tutorial_dag to None, run_after=None
[2024-08-25T00:41:36.867+0000] {processor.py:208} INFO - Processing /home/airflow/.local/lib/python3.12/site-packages/airflow/example_dags/tutorial_dag.py took 0.165 seconds
