[2024-08-25T00:00:19.248+0000] {processor.py:186} INFO - Started process (PID=38552) to work on /home/airflow/.local/lib/python3.12/site-packages/airflow/example_dags/tutorial.py
[2024-08-25T00:00:19.251+0000] {processor.py:914} INFO - Processing file /home/airflow/.local/lib/python3.12/site-packages/airflow/example_dags/tutorial.py for tasks to queue
[2024-08-25T00:00:19.258+0000] {logging_mixin.py:190} INFO - [2024-08-25T00:00:19.257+0000] {dagbag.py:587} INFO - Filling up the DagBag from /home/airflow/.local/lib/python3.12/site-packages/airflow/example_dags/tutorial.py
[2024-08-25T00:00:19.284+0000] {processor.py:925} INFO - DAG(s) 'tutorial' retrieved from /home/airflow/.local/lib/python3.12/site-packages/airflow/example_dags/tutorial.py
[2024-08-25T00:00:19.334+0000] {logging_mixin.py:190} INFO - [2024-08-25T00:00:19.333+0000] {dag.py:3211} INFO - Sync 1 DAGs
[2024-08-25T00:00:19.406+0000] {logging_mixin.py:190} INFO - [2024-08-25T00:00:19.405+0000] {dag.py:4138} INFO - Setting next_dagrun for tutorial to 2024-08-24 00:00:00+00:00, run_after=2024-08-25 00:00:00+00:00
[2024-08-25T00:00:19.448+0000] {processor.py:208} INFO - Processing /home/airflow/.local/lib/python3.12/site-packages/airflow/example_dags/tutorial.py took 0.214 seconds
[2024-08-25T00:06:09.669+0000] {processor.py:186} INFO - Started process (PID=130) to work on /home/airflow/.local/lib/python3.12/site-packages/airflow/example_dags/tutorial.py
[2024-08-25T00:06:09.699+0000] {processor.py:914} INFO - Processing file /home/airflow/.local/lib/python3.12/site-packages/airflow/example_dags/tutorial.py for tasks to queue
[2024-08-25T00:06:09.722+0000] {logging_mixin.py:190} INFO - [2024-08-25T00:06:09.721+0000] {dagbag.py:587} INFO - Filling up the DagBag from /home/airflow/.local/lib/python3.12/site-packages/airflow/example_dags/tutorial.py
[2024-08-25T00:06:09.841+0000] {processor.py:925} INFO - DAG(s) 'tutorial' retrieved from /home/airflow/.local/lib/python3.12/site-packages/airflow/example_dags/tutorial.py
[2024-08-25T00:06:09.988+0000] {logging_mixin.py:190} INFO - [2024-08-25T00:06:09.987+0000] {dag.py:3211} INFO - Sync 1 DAGs
[2024-08-25T00:06:10.228+0000] {logging_mixin.py:190} INFO - [2024-08-25T00:06:10.228+0000] {dag.py:4138} INFO - Setting next_dagrun for tutorial to 2024-08-24 00:00:00+00:00, run_after=2024-08-25 00:00:00+00:00
[2024-08-25T00:06:10.447+0000] {processor.py:208} INFO - Processing /home/airflow/.local/lib/python3.12/site-packages/airflow/example_dags/tutorial.py took 0.839 seconds
[2024-08-25T00:07:03.311+0000] {processor.py:186} INFO - Started process (PID=200) to work on /home/airflow/.local/lib/python3.12/site-packages/airflow/example_dags/tutorial.py
[2024-08-25T00:07:03.326+0000] {processor.py:914} INFO - Processing file /home/airflow/.local/lib/python3.12/site-packages/airflow/example_dags/tutorial.py for tasks to queue
[2024-08-25T00:07:03.353+0000] {logging_mixin.py:190} INFO - [2024-08-25T00:07:03.351+0000] {dagbag.py:587} INFO - Filling up the DagBag from /home/airflow/.local/lib/python3.12/site-packages/airflow/example_dags/tutorial.py
[2024-08-25T00:07:03.421+0000] {processor.py:925} INFO - DAG(s) 'tutorial' retrieved from /home/airflow/.local/lib/python3.12/site-packages/airflow/example_dags/tutorial.py
[2024-08-25T00:07:03.552+0000] {logging_mixin.py:190} INFO - [2024-08-25T00:07:03.551+0000] {dag.py:3211} INFO - Sync 1 DAGs
[2024-08-25T00:07:03.726+0000] {logging_mixin.py:190} INFO - [2024-08-25T00:07:03.726+0000] {dag.py:4138} INFO - Setting next_dagrun for tutorial to 2024-08-24 00:00:00+00:00, run_after=2024-08-25 00:00:00+00:00
[2024-08-25T00:07:03.849+0000] {processor.py:208} INFO - Processing /home/airflow/.local/lib/python3.12/site-packages/airflow/example_dags/tutorial.py took 0.592 seconds
[2024-08-25T00:07:34.156+0000] {processor.py:186} INFO - Started process (PID=262) to work on /home/airflow/.local/lib/python3.12/site-packages/airflow/example_dags/tutorial.py
[2024-08-25T00:07:34.160+0000] {processor.py:914} INFO - Processing file /home/airflow/.local/lib/python3.12/site-packages/airflow/example_dags/tutorial.py for tasks to queue
[2024-08-25T00:07:34.183+0000] {logging_mixin.py:190} INFO - [2024-08-25T00:07:34.183+0000] {dagbag.py:587} INFO - Filling up the DagBag from /home/airflow/.local/lib/python3.12/site-packages/airflow/example_dags/tutorial.py
[2024-08-25T00:07:34.259+0000] {processor.py:925} INFO - DAG(s) 'tutorial' retrieved from /home/airflow/.local/lib/python3.12/site-packages/airflow/example_dags/tutorial.py
[2024-08-25T00:07:34.465+0000] {logging_mixin.py:190} INFO - [2024-08-25T00:07:34.462+0000] {dag.py:3211} INFO - Sync 1 DAGs
[2024-08-25T00:07:34.550+0000] {logging_mixin.py:190} INFO - [2024-08-25T00:07:34.550+0000] {dag.py:4138} INFO - Setting next_dagrun for tutorial to 2024-08-24 00:00:00+00:00, run_after=2024-08-25 00:00:00+00:00
[2024-08-25T00:07:34.616+0000] {processor.py:208} INFO - Processing /home/airflow/.local/lib/python3.12/site-packages/airflow/example_dags/tutorial.py took 0.511 seconds
[2024-08-25T00:08:11.073+0000] {processor.py:186} INFO - Started process (PID=325) to work on /home/airflow/.local/lib/python3.12/site-packages/airflow/example_dags/tutorial.py
[2024-08-25T00:08:11.085+0000] {processor.py:914} INFO - Processing file /home/airflow/.local/lib/python3.12/site-packages/airflow/example_dags/tutorial.py for tasks to queue
[2024-08-25T00:08:11.092+0000] {logging_mixin.py:190} INFO - [2024-08-25T00:08:11.092+0000] {dagbag.py:587} INFO - Filling up the DagBag from /home/airflow/.local/lib/python3.12/site-packages/airflow/example_dags/tutorial.py
[2024-08-25T00:08:11.143+0000] {processor.py:925} INFO - DAG(s) 'tutorial' retrieved from /home/airflow/.local/lib/python3.12/site-packages/airflow/example_dags/tutorial.py
[2024-08-25T00:08:11.212+0000] {logging_mixin.py:190} INFO - [2024-08-25T00:08:11.212+0000] {dag.py:3211} INFO - Sync 1 DAGs
[2024-08-25T00:08:11.296+0000] {logging_mixin.py:190} INFO - [2024-08-25T00:08:11.295+0000] {dag.py:4138} INFO - Setting next_dagrun for tutorial to 2024-08-24 00:00:00+00:00, run_after=2024-08-25 00:00:00+00:00
[2024-08-25T00:08:11.362+0000] {processor.py:208} INFO - Processing /home/airflow/.local/lib/python3.12/site-packages/airflow/example_dags/tutorial.py took 0.319 seconds
[2024-08-25T00:08:43.214+0000] {processor.py:186} INFO - Started process (PID=388) to work on /home/airflow/.local/lib/python3.12/site-packages/airflow/example_dags/tutorial.py
[2024-08-25T00:08:43.218+0000] {processor.py:914} INFO - Processing file /home/airflow/.local/lib/python3.12/site-packages/airflow/example_dags/tutorial.py for tasks to queue
[2024-08-25T00:08:43.227+0000] {logging_mixin.py:190} INFO - [2024-08-25T00:08:43.226+0000] {dagbag.py:587} INFO - Filling up the DagBag from /home/airflow/.local/lib/python3.12/site-packages/airflow/example_dags/tutorial.py
[2024-08-25T00:08:43.254+0000] {processor.py:925} INFO - DAG(s) 'tutorial' retrieved from /home/airflow/.local/lib/python3.12/site-packages/airflow/example_dags/tutorial.py
[2024-08-25T00:08:43.313+0000] {logging_mixin.py:190} INFO - [2024-08-25T00:08:43.312+0000] {dag.py:3211} INFO - Sync 1 DAGs
[2024-08-25T00:08:43.422+0000] {logging_mixin.py:190} INFO - [2024-08-25T00:08:43.421+0000] {dag.py:4138} INFO - Setting next_dagrun for tutorial to 2024-08-24 00:00:00+00:00, run_after=2024-08-25 00:00:00+00:00
[2024-08-25T00:08:43.468+0000] {processor.py:208} INFO - Processing /home/airflow/.local/lib/python3.12/site-packages/airflow/example_dags/tutorial.py took 0.275 seconds
[2024-08-25T00:09:14.402+0000] {processor.py:186} INFO - Started process (PID=451) to work on /home/airflow/.local/lib/python3.12/site-packages/airflow/example_dags/tutorial.py
[2024-08-25T00:09:14.404+0000] {processor.py:914} INFO - Processing file /home/airflow/.local/lib/python3.12/site-packages/airflow/example_dags/tutorial.py for tasks to queue
[2024-08-25T00:09:14.411+0000] {logging_mixin.py:190} INFO - [2024-08-25T00:09:14.410+0000] {dagbag.py:587} INFO - Filling up the DagBag from /home/airflow/.local/lib/python3.12/site-packages/airflow/example_dags/tutorial.py
[2024-08-25T00:09:14.450+0000] {processor.py:925} INFO - DAG(s) 'tutorial' retrieved from /home/airflow/.local/lib/python3.12/site-packages/airflow/example_dags/tutorial.py
[2024-08-25T00:09:14.530+0000] {logging_mixin.py:190} INFO - [2024-08-25T00:09:14.530+0000] {dag.py:3211} INFO - Sync 1 DAGs
[2024-08-25T00:09:14.597+0000] {logging_mixin.py:190} INFO - [2024-08-25T00:09:14.597+0000] {dag.py:4138} INFO - Setting next_dagrun for tutorial to 2024-08-24 00:00:00+00:00, run_after=2024-08-25 00:00:00+00:00
[2024-08-25T00:09:14.650+0000] {processor.py:208} INFO - Processing /home/airflow/.local/lib/python3.12/site-packages/airflow/example_dags/tutorial.py took 0.277 seconds
[2024-08-25T00:09:45.974+0000] {processor.py:186} INFO - Started process (PID=515) to work on /home/airflow/.local/lib/python3.12/site-packages/airflow/example_dags/tutorial.py
[2024-08-25T00:09:45.977+0000] {processor.py:914} INFO - Processing file /home/airflow/.local/lib/python3.12/site-packages/airflow/example_dags/tutorial.py for tasks to queue
[2024-08-25T00:09:45.984+0000] {logging_mixin.py:190} INFO - [2024-08-25T00:09:45.983+0000] {dagbag.py:587} INFO - Filling up the DagBag from /home/airflow/.local/lib/python3.12/site-packages/airflow/example_dags/tutorial.py
[2024-08-25T00:09:46.005+0000] {processor.py:925} INFO - DAG(s) 'tutorial' retrieved from /home/airflow/.local/lib/python3.12/site-packages/airflow/example_dags/tutorial.py
[2024-08-25T00:09:46.057+0000] {logging_mixin.py:190} INFO - [2024-08-25T00:09:46.057+0000] {dag.py:3211} INFO - Sync 1 DAGs
[2024-08-25T00:09:46.151+0000] {logging_mixin.py:190} INFO - [2024-08-25T00:09:46.150+0000] {dag.py:4138} INFO - Setting next_dagrun for tutorial to 2024-08-24 00:00:00+00:00, run_after=2024-08-25 00:00:00+00:00
[2024-08-25T00:09:46.220+0000] {processor.py:208} INFO - Processing /home/airflow/.local/lib/python3.12/site-packages/airflow/example_dags/tutorial.py took 0.272 seconds
[2024-08-25T00:10:16.891+0000] {processor.py:186} INFO - Started process (PID=579) to work on /home/airflow/.local/lib/python3.12/site-packages/airflow/example_dags/tutorial.py
[2024-08-25T00:10:16.893+0000] {processor.py:914} INFO - Processing file /home/airflow/.local/lib/python3.12/site-packages/airflow/example_dags/tutorial.py for tasks to queue
[2024-08-25T00:10:16.898+0000] {logging_mixin.py:190} INFO - [2024-08-25T00:10:16.897+0000] {dagbag.py:587} INFO - Filling up the DagBag from /home/airflow/.local/lib/python3.12/site-packages/airflow/example_dags/tutorial.py
[2024-08-25T00:10:16.926+0000] {processor.py:925} INFO - DAG(s) 'tutorial' retrieved from /home/airflow/.local/lib/python3.12/site-packages/airflow/example_dags/tutorial.py
[2024-08-25T00:10:16.995+0000] {logging_mixin.py:190} INFO - [2024-08-25T00:10:16.994+0000] {dag.py:3211} INFO - Sync 1 DAGs
[2024-08-25T00:10:17.079+0000] {logging_mixin.py:190} INFO - [2024-08-25T00:10:17.078+0000] {dag.py:4138} INFO - Setting next_dagrun for tutorial to 2024-08-24 00:00:00+00:00, run_after=2024-08-25 00:00:00+00:00
[2024-08-25T00:10:17.151+0000] {processor.py:208} INFO - Processing /home/airflow/.local/lib/python3.12/site-packages/airflow/example_dags/tutorial.py took 0.274 seconds
[2024-08-25T00:10:48.385+0000] {processor.py:186} INFO - Started process (PID=642) to work on /home/airflow/.local/lib/python3.12/site-packages/airflow/example_dags/tutorial.py
[2024-08-25T00:10:48.391+0000] {processor.py:914} INFO - Processing file /home/airflow/.local/lib/python3.12/site-packages/airflow/example_dags/tutorial.py for tasks to queue
[2024-08-25T00:10:48.399+0000] {logging_mixin.py:190} INFO - [2024-08-25T00:10:48.398+0000] {dagbag.py:587} INFO - Filling up the DagBag from /home/airflow/.local/lib/python3.12/site-packages/airflow/example_dags/tutorial.py
[2024-08-25T00:10:48.436+0000] {processor.py:925} INFO - DAG(s) 'tutorial' retrieved from /home/airflow/.local/lib/python3.12/site-packages/airflow/example_dags/tutorial.py
[2024-08-25T00:10:48.533+0000] {logging_mixin.py:190} INFO - [2024-08-25T00:10:48.530+0000] {dag.py:3211} INFO - Sync 1 DAGs
[2024-08-25T00:10:48.628+0000] {logging_mixin.py:190} INFO - [2024-08-25T00:10:48.628+0000] {dag.py:4138} INFO - Setting next_dagrun for tutorial to 2024-08-24 00:00:00+00:00, run_after=2024-08-25 00:00:00+00:00
[2024-08-25T00:10:48.675+0000] {processor.py:208} INFO - Processing /home/airflow/.local/lib/python3.12/site-packages/airflow/example_dags/tutorial.py took 0.327 seconds
[2024-08-25T00:11:19.058+0000] {processor.py:186} INFO - Started process (PID=704) to work on /home/airflow/.local/lib/python3.12/site-packages/airflow/example_dags/tutorial.py
[2024-08-25T00:11:19.060+0000] {processor.py:914} INFO - Processing file /home/airflow/.local/lib/python3.12/site-packages/airflow/example_dags/tutorial.py for tasks to queue
[2024-08-25T00:11:19.067+0000] {logging_mixin.py:190} INFO - [2024-08-25T00:11:19.066+0000] {dagbag.py:587} INFO - Filling up the DagBag from /home/airflow/.local/lib/python3.12/site-packages/airflow/example_dags/tutorial.py
[2024-08-25T00:11:19.091+0000] {processor.py:925} INFO - DAG(s) 'tutorial' retrieved from /home/airflow/.local/lib/python3.12/site-packages/airflow/example_dags/tutorial.py
[2024-08-25T00:11:19.141+0000] {logging_mixin.py:190} INFO - [2024-08-25T00:11:19.141+0000] {dag.py:3211} INFO - Sync 1 DAGs
[2024-08-25T00:11:19.209+0000] {logging_mixin.py:190} INFO - [2024-08-25T00:11:19.208+0000] {dag.py:4138} INFO - Setting next_dagrun for tutorial to 2024-08-24 00:00:00+00:00, run_after=2024-08-25 00:00:00+00:00
[2024-08-25T00:11:19.248+0000] {processor.py:208} INFO - Processing /home/airflow/.local/lib/python3.12/site-packages/airflow/example_dags/tutorial.py took 0.204 seconds
[2024-08-25T00:11:59.462+0000] {processor.py:186} INFO - Started process (PID=768) to work on /home/airflow/.local/lib/python3.12/site-packages/airflow/example_dags/tutorial.py
[2024-08-25T00:11:59.470+0000] {processor.py:914} INFO - Processing file /home/airflow/.local/lib/python3.12/site-packages/airflow/example_dags/tutorial.py for tasks to queue
[2024-08-25T00:11:59.476+0000] {logging_mixin.py:190} INFO - [2024-08-25T00:11:59.475+0000] {dagbag.py:587} INFO - Filling up the DagBag from /home/airflow/.local/lib/python3.12/site-packages/airflow/example_dags/tutorial.py
[2024-08-25T00:11:59.548+0000] {processor.py:925} INFO - DAG(s) 'tutorial' retrieved from /home/airflow/.local/lib/python3.12/site-packages/airflow/example_dags/tutorial.py
[2024-08-25T00:11:59.673+0000] {logging_mixin.py:190} INFO - [2024-08-25T00:11:59.672+0000] {dag.py:3211} INFO - Sync 1 DAGs
[2024-08-25T00:11:59.811+0000] {logging_mixin.py:190} INFO - [2024-08-25T00:11:59.810+0000] {dag.py:4138} INFO - Setting next_dagrun for tutorial to 2024-08-24 00:00:00+00:00, run_after=2024-08-25 00:00:00+00:00
[2024-08-25T00:11:59.904+0000] {processor.py:208} INFO - Processing /home/airflow/.local/lib/python3.12/site-packages/airflow/example_dags/tutorial.py took 0.472 seconds
[2024-08-25T00:12:30.339+0000] {processor.py:186} INFO - Started process (PID=832) to work on /home/airflow/.local/lib/python3.12/site-packages/airflow/example_dags/tutorial.py
[2024-08-25T00:12:30.342+0000] {processor.py:914} INFO - Processing file /home/airflow/.local/lib/python3.12/site-packages/airflow/example_dags/tutorial.py for tasks to queue
[2024-08-25T00:12:30.348+0000] {logging_mixin.py:190} INFO - [2024-08-25T00:12:30.347+0000] {dagbag.py:587} INFO - Filling up the DagBag from /home/airflow/.local/lib/python3.12/site-packages/airflow/example_dags/tutorial.py
[2024-08-25T00:12:30.372+0000] {processor.py:925} INFO - DAG(s) 'tutorial' retrieved from /home/airflow/.local/lib/python3.12/site-packages/airflow/example_dags/tutorial.py
[2024-08-25T00:12:30.435+0000] {logging_mixin.py:190} INFO - [2024-08-25T00:12:30.435+0000] {dag.py:3211} INFO - Sync 1 DAGs
[2024-08-25T00:12:30.508+0000] {logging_mixin.py:190} INFO - [2024-08-25T00:12:30.507+0000] {dag.py:4138} INFO - Setting next_dagrun for tutorial to 2024-08-24 00:00:00+00:00, run_after=2024-08-25 00:00:00+00:00
[2024-08-25T00:12:30.548+0000] {processor.py:208} INFO - Processing /home/airflow/.local/lib/python3.12/site-packages/airflow/example_dags/tutorial.py took 0.225 seconds
[2024-08-25T00:13:01.243+0000] {processor.py:186} INFO - Started process (PID=901) to work on /home/airflow/.local/lib/python3.12/site-packages/airflow/example_dags/tutorial.py
[2024-08-25T00:13:01.245+0000] {processor.py:914} INFO - Processing file /home/airflow/.local/lib/python3.12/site-packages/airflow/example_dags/tutorial.py for tasks to queue
[2024-08-25T00:13:01.250+0000] {logging_mixin.py:190} INFO - [2024-08-25T00:13:01.250+0000] {dagbag.py:587} INFO - Filling up the DagBag from /home/airflow/.local/lib/python3.12/site-packages/airflow/example_dags/tutorial.py
[2024-08-25T00:13:01.287+0000] {processor.py:925} INFO - DAG(s) 'tutorial' retrieved from /home/airflow/.local/lib/python3.12/site-packages/airflow/example_dags/tutorial.py
[2024-08-25T00:13:01.385+0000] {logging_mixin.py:190} INFO - [2024-08-25T00:13:01.385+0000] {dag.py:3211} INFO - Sync 1 DAGs
[2024-08-25T00:13:01.584+0000] {logging_mixin.py:190} INFO - [2024-08-25T00:13:01.583+0000] {dag.py:4138} INFO - Setting next_dagrun for tutorial to 2024-08-24 00:00:00+00:00, run_after=2024-08-25 00:00:00+00:00
[2024-08-25T00:13:01.674+0000] {processor.py:208} INFO - Processing /home/airflow/.local/lib/python3.12/site-packages/airflow/example_dags/tutorial.py took 0.449 seconds
[2024-08-25T00:13:31.867+0000] {processor.py:186} INFO - Started process (PID=964) to work on /home/airflow/.local/lib/python3.12/site-packages/airflow/example_dags/tutorial.py
[2024-08-25T00:13:31.870+0000] {processor.py:914} INFO - Processing file /home/airflow/.local/lib/python3.12/site-packages/airflow/example_dags/tutorial.py for tasks to queue
[2024-08-25T00:13:31.878+0000] {logging_mixin.py:190} INFO - [2024-08-25T00:13:31.877+0000] {dagbag.py:587} INFO - Filling up the DagBag from /home/airflow/.local/lib/python3.12/site-packages/airflow/example_dags/tutorial.py
[2024-08-25T00:13:31.902+0000] {processor.py:925} INFO - DAG(s) 'tutorial' retrieved from /home/airflow/.local/lib/python3.12/site-packages/airflow/example_dags/tutorial.py
[2024-08-25T00:13:31.963+0000] {logging_mixin.py:190} INFO - [2024-08-25T00:13:31.962+0000] {dag.py:3211} INFO - Sync 1 DAGs
[2024-08-25T00:13:32.029+0000] {logging_mixin.py:190} INFO - [2024-08-25T00:13:32.028+0000] {dag.py:4138} INFO - Setting next_dagrun for tutorial to 2024-08-24 00:00:00+00:00, run_after=2024-08-25 00:00:00+00:00
[2024-08-25T00:13:32.075+0000] {processor.py:208} INFO - Processing /home/airflow/.local/lib/python3.12/site-packages/airflow/example_dags/tutorial.py took 0.267 seconds
[2024-08-25T00:14:02.263+0000] {processor.py:186} INFO - Started process (PID=1028) to work on /home/airflow/.local/lib/python3.12/site-packages/airflow/example_dags/tutorial.py
[2024-08-25T00:14:02.265+0000] {processor.py:914} INFO - Processing file /home/airflow/.local/lib/python3.12/site-packages/airflow/example_dags/tutorial.py for tasks to queue
[2024-08-25T00:14:02.271+0000] {logging_mixin.py:190} INFO - [2024-08-25T00:14:02.270+0000] {dagbag.py:587} INFO - Filling up the DagBag from /home/airflow/.local/lib/python3.12/site-packages/airflow/example_dags/tutorial.py
[2024-08-25T00:14:02.293+0000] {processor.py:925} INFO - DAG(s) 'tutorial' retrieved from /home/airflow/.local/lib/python3.12/site-packages/airflow/example_dags/tutorial.py
[2024-08-25T00:14:02.341+0000] {logging_mixin.py:190} INFO - [2024-08-25T00:14:02.340+0000] {dag.py:3211} INFO - Sync 1 DAGs
[2024-08-25T00:14:02.440+0000] {logging_mixin.py:190} INFO - [2024-08-25T00:14:02.439+0000] {dag.py:4138} INFO - Setting next_dagrun for tutorial to 2024-08-24 00:00:00+00:00, run_after=2024-08-25 00:00:00+00:00
[2024-08-25T00:14:02.566+0000] {processor.py:208} INFO - Processing /home/airflow/.local/lib/python3.12/site-packages/airflow/example_dags/tutorial.py took 0.315 seconds
[2024-08-25T00:14:32.906+0000] {processor.py:186} INFO - Started process (PID=1092) to work on /home/airflow/.local/lib/python3.12/site-packages/airflow/example_dags/tutorial.py
[2024-08-25T00:14:32.909+0000] {processor.py:914} INFO - Processing file /home/airflow/.local/lib/python3.12/site-packages/airflow/example_dags/tutorial.py for tasks to queue
[2024-08-25T00:14:32.919+0000] {logging_mixin.py:190} INFO - [2024-08-25T00:14:32.917+0000] {dagbag.py:587} INFO - Filling up the DagBag from /home/airflow/.local/lib/python3.12/site-packages/airflow/example_dags/tutorial.py
[2024-08-25T00:14:32.948+0000] {processor.py:925} INFO - DAG(s) 'tutorial' retrieved from /home/airflow/.local/lib/python3.12/site-packages/airflow/example_dags/tutorial.py
[2024-08-25T00:14:33.098+0000] {logging_mixin.py:190} INFO - [2024-08-25T00:14:33.098+0000] {dag.py:3211} INFO - Sync 1 DAGs
[2024-08-25T00:14:33.298+0000] {logging_mixin.py:190} INFO - [2024-08-25T00:14:33.297+0000] {dag.py:4138} INFO - Setting next_dagrun for tutorial to 2024-08-24 00:00:00+00:00, run_after=2024-08-25 00:00:00+00:00
[2024-08-25T00:14:33.490+0000] {processor.py:208} INFO - Processing /home/airflow/.local/lib/python3.12/site-packages/airflow/example_dags/tutorial.py took 0.610 seconds
[2024-08-25T00:15:05.686+0000] {processor.py:186} INFO - Started process (PID=1155) to work on /home/airflow/.local/lib/python3.12/site-packages/airflow/example_dags/tutorial.py
[2024-08-25T00:15:05.691+0000] {processor.py:914} INFO - Processing file /home/airflow/.local/lib/python3.12/site-packages/airflow/example_dags/tutorial.py for tasks to queue
[2024-08-25T00:15:05.702+0000] {logging_mixin.py:190} INFO - [2024-08-25T00:15:05.701+0000] {dagbag.py:587} INFO - Filling up the DagBag from /home/airflow/.local/lib/python3.12/site-packages/airflow/example_dags/tutorial.py
[2024-08-25T00:15:05.756+0000] {processor.py:925} INFO - DAG(s) 'tutorial' retrieved from /home/airflow/.local/lib/python3.12/site-packages/airflow/example_dags/tutorial.py
[2024-08-25T00:15:05.856+0000] {logging_mixin.py:190} INFO - [2024-08-25T00:15:05.855+0000] {dag.py:3211} INFO - Sync 1 DAGs
[2024-08-25T00:15:06.041+0000] {logging_mixin.py:190} INFO - [2024-08-25T00:15:06.040+0000] {dag.py:4138} INFO - Setting next_dagrun for tutorial to 2024-08-24 00:00:00+00:00, run_after=2024-08-25 00:00:00+00:00
[2024-08-25T00:15:06.165+0000] {processor.py:208} INFO - Processing /home/airflow/.local/lib/python3.12/site-packages/airflow/example_dags/tutorial.py took 0.505 seconds
[2024-08-25T00:15:36.809+0000] {processor.py:186} INFO - Started process (PID=1219) to work on /home/airflow/.local/lib/python3.12/site-packages/airflow/example_dags/tutorial.py
[2024-08-25T00:15:36.811+0000] {processor.py:914} INFO - Processing file /home/airflow/.local/lib/python3.12/site-packages/airflow/example_dags/tutorial.py for tasks to queue
[2024-08-25T00:15:36.817+0000] {logging_mixin.py:190} INFO - [2024-08-25T00:15:36.816+0000] {dagbag.py:587} INFO - Filling up the DagBag from /home/airflow/.local/lib/python3.12/site-packages/airflow/example_dags/tutorial.py
[2024-08-25T00:15:36.843+0000] {processor.py:925} INFO - DAG(s) 'tutorial' retrieved from /home/airflow/.local/lib/python3.12/site-packages/airflow/example_dags/tutorial.py
[2024-08-25T00:15:36.903+0000] {logging_mixin.py:190} INFO - [2024-08-25T00:15:36.903+0000] {dag.py:3211} INFO - Sync 1 DAGs
[2024-08-25T00:15:36.978+0000] {logging_mixin.py:190} INFO - [2024-08-25T00:15:36.977+0000] {dag.py:4138} INFO - Setting next_dagrun for tutorial to 2024-08-24 00:00:00+00:00, run_after=2024-08-25 00:00:00+00:00
[2024-08-25T00:15:37.027+0000] {processor.py:208} INFO - Processing /home/airflow/.local/lib/python3.12/site-packages/airflow/example_dags/tutorial.py took 0.235 seconds
[2024-08-25T00:16:12.881+0000] {processor.py:186} INFO - Started process (PID=1286) to work on /home/airflow/.local/lib/python3.12/site-packages/airflow/example_dags/tutorial.py
[2024-08-25T00:16:12.896+0000] {processor.py:914} INFO - Processing file /home/airflow/.local/lib/python3.12/site-packages/airflow/example_dags/tutorial.py for tasks to queue
[2024-08-25T00:16:12.920+0000] {logging_mixin.py:190} INFO - [2024-08-25T00:16:12.919+0000] {dagbag.py:587} INFO - Filling up the DagBag from /home/airflow/.local/lib/python3.12/site-packages/airflow/example_dags/tutorial.py
[2024-08-25T00:16:13.023+0000] {processor.py:925} INFO - DAG(s) 'tutorial' retrieved from /home/airflow/.local/lib/python3.12/site-packages/airflow/example_dags/tutorial.py
[2024-08-25T00:16:13.271+0000] {logging_mixin.py:190} INFO - [2024-08-25T00:16:13.269+0000] {dag.py:3211} INFO - Sync 1 DAGs
[2024-08-25T00:16:13.632+0000] {logging_mixin.py:190} INFO - [2024-08-25T00:16:13.631+0000] {dag.py:4138} INFO - Setting next_dagrun for tutorial to 2024-08-24 00:00:00+00:00, run_after=2024-08-25 00:00:00+00:00
[2024-08-25T00:16:13.873+0000] {processor.py:208} INFO - Processing /home/airflow/.local/lib/python3.12/site-packages/airflow/example_dags/tutorial.py took 1.044 seconds
[2024-08-25T00:16:44.586+0000] {processor.py:186} INFO - Started process (PID=1350) to work on /home/airflow/.local/lib/python3.12/site-packages/airflow/example_dags/tutorial.py
[2024-08-25T00:16:44.592+0000] {processor.py:914} INFO - Processing file /home/airflow/.local/lib/python3.12/site-packages/airflow/example_dags/tutorial.py for tasks to queue
[2024-08-25T00:16:44.655+0000] {logging_mixin.py:190} INFO - [2024-08-25T00:16:44.654+0000] {dagbag.py:587} INFO - Filling up the DagBag from /home/airflow/.local/lib/python3.12/site-packages/airflow/example_dags/tutorial.py
[2024-08-25T00:16:44.738+0000] {processor.py:925} INFO - DAG(s) 'tutorial' retrieved from /home/airflow/.local/lib/python3.12/site-packages/airflow/example_dags/tutorial.py
[2024-08-25T00:16:44.896+0000] {logging_mixin.py:190} INFO - [2024-08-25T00:16:44.895+0000] {dag.py:3211} INFO - Sync 1 DAGs
[2024-08-25T00:16:45.042+0000] {logging_mixin.py:190} INFO - [2024-08-25T00:16:45.041+0000] {dag.py:4138} INFO - Setting next_dagrun for tutorial to 2024-08-24 00:00:00+00:00, run_after=2024-08-25 00:00:00+00:00
[2024-08-25T00:16:45.147+0000] {processor.py:208} INFO - Processing /home/airflow/.local/lib/python3.12/site-packages/airflow/example_dags/tutorial.py took 0.615 seconds
[2024-08-25T00:17:19.298+0000] {processor.py:186} INFO - Started process (PID=1414) to work on /home/airflow/.local/lib/python3.12/site-packages/airflow/example_dags/tutorial.py
[2024-08-25T00:17:19.300+0000] {processor.py:914} INFO - Processing file /home/airflow/.local/lib/python3.12/site-packages/airflow/example_dags/tutorial.py for tasks to queue
[2024-08-25T00:17:19.307+0000] {logging_mixin.py:190} INFO - [2024-08-25T00:17:19.306+0000] {dagbag.py:587} INFO - Filling up the DagBag from /home/airflow/.local/lib/python3.12/site-packages/airflow/example_dags/tutorial.py
[2024-08-25T00:17:19.339+0000] {processor.py:925} INFO - DAG(s) 'tutorial' retrieved from /home/airflow/.local/lib/python3.12/site-packages/airflow/example_dags/tutorial.py
[2024-08-25T00:17:19.414+0000] {logging_mixin.py:190} INFO - [2024-08-25T00:17:19.413+0000] {dag.py:3211} INFO - Sync 1 DAGs
[2024-08-25T00:17:19.512+0000] {logging_mixin.py:190} INFO - [2024-08-25T00:17:19.511+0000] {dag.py:4138} INFO - Setting next_dagrun for tutorial to 2024-08-24 00:00:00+00:00, run_after=2024-08-25 00:00:00+00:00
[2024-08-25T00:17:19.582+0000] {processor.py:208} INFO - Processing /home/airflow/.local/lib/python3.12/site-packages/airflow/example_dags/tutorial.py took 0.303 seconds
[2024-08-25T00:17:52.385+0000] {processor.py:186} INFO - Started process (PID=1477) to work on /home/airflow/.local/lib/python3.12/site-packages/airflow/example_dags/tutorial.py
[2024-08-25T00:17:52.395+0000] {processor.py:914} INFO - Processing file /home/airflow/.local/lib/python3.12/site-packages/airflow/example_dags/tutorial.py for tasks to queue
[2024-08-25T00:17:52.424+0000] {logging_mixin.py:190} INFO - [2024-08-25T00:17:52.423+0000] {dagbag.py:587} INFO - Filling up the DagBag from /home/airflow/.local/lib/python3.12/site-packages/airflow/example_dags/tutorial.py
[2024-08-25T00:17:52.465+0000] {processor.py:925} INFO - DAG(s) 'tutorial' retrieved from /home/airflow/.local/lib/python3.12/site-packages/airflow/example_dags/tutorial.py
[2024-08-25T00:17:52.590+0000] {logging_mixin.py:190} INFO - [2024-08-25T00:17:52.589+0000] {dag.py:3211} INFO - Sync 1 DAGs
[2024-08-25T00:17:52.799+0000] {logging_mixin.py:190} INFO - [2024-08-25T00:17:52.798+0000] {dag.py:4138} INFO - Setting next_dagrun for tutorial to 2024-08-24 00:00:00+00:00, run_after=2024-08-25 00:00:00+00:00
[2024-08-25T00:17:52.943+0000] {processor.py:208} INFO - Processing /home/airflow/.local/lib/python3.12/site-packages/airflow/example_dags/tutorial.py took 0.594 seconds
[2024-08-25T00:18:25.263+0000] {processor.py:186} INFO - Started process (PID=1543) to work on /home/airflow/.local/lib/python3.12/site-packages/airflow/example_dags/tutorial.py
[2024-08-25T00:18:25.275+0000] {processor.py:914} INFO - Processing file /home/airflow/.local/lib/python3.12/site-packages/airflow/example_dags/tutorial.py for tasks to queue
[2024-08-25T00:18:25.287+0000] {logging_mixin.py:190} INFO - [2024-08-25T00:18:25.286+0000] {dagbag.py:587} INFO - Filling up the DagBag from /home/airflow/.local/lib/python3.12/site-packages/airflow/example_dags/tutorial.py
[2024-08-25T00:18:25.364+0000] {processor.py:925} INFO - DAG(s) 'tutorial' retrieved from /home/airflow/.local/lib/python3.12/site-packages/airflow/example_dags/tutorial.py
[2024-08-25T00:18:25.564+0000] {logging_mixin.py:190} INFO - [2024-08-25T00:18:25.564+0000] {dag.py:3211} INFO - Sync 1 DAGs
[2024-08-25T00:18:25.739+0000] {logging_mixin.py:190} INFO - [2024-08-25T00:18:25.739+0000] {dag.py:4138} INFO - Setting next_dagrun for tutorial to 2024-08-24 00:00:00+00:00, run_after=2024-08-25 00:00:00+00:00
[2024-08-25T00:18:25.806+0000] {processor.py:208} INFO - Processing /home/airflow/.local/lib/python3.12/site-packages/airflow/example_dags/tutorial.py took 0.571 seconds
[2024-08-25T00:18:56.446+0000] {processor.py:186} INFO - Started process (PID=1607) to work on /home/airflow/.local/lib/python3.12/site-packages/airflow/example_dags/tutorial.py
[2024-08-25T00:18:56.448+0000] {processor.py:914} INFO - Processing file /home/airflow/.local/lib/python3.12/site-packages/airflow/example_dags/tutorial.py for tasks to queue
[2024-08-25T00:18:56.454+0000] {logging_mixin.py:190} INFO - [2024-08-25T00:18:56.454+0000] {dagbag.py:587} INFO - Filling up the DagBag from /home/airflow/.local/lib/python3.12/site-packages/airflow/example_dags/tutorial.py
[2024-08-25T00:18:56.484+0000] {processor.py:925} INFO - DAG(s) 'tutorial' retrieved from /home/airflow/.local/lib/python3.12/site-packages/airflow/example_dags/tutorial.py
[2024-08-25T00:18:56.575+0000] {logging_mixin.py:190} INFO - [2024-08-25T00:18:56.574+0000] {dag.py:3211} INFO - Sync 1 DAGs
[2024-08-25T00:18:56.736+0000] {logging_mixin.py:190} INFO - [2024-08-25T00:18:56.735+0000] {dag.py:4138} INFO - Setting next_dagrun for tutorial to 2024-08-24 00:00:00+00:00, run_after=2024-08-25 00:00:00+00:00
[2024-08-25T00:18:56.834+0000] {processor.py:208} INFO - Processing /home/airflow/.local/lib/python3.12/site-packages/airflow/example_dags/tutorial.py took 0.404 seconds
[2024-08-25T00:19:27.098+0000] {processor.py:186} INFO - Started process (PID=1669) to work on /home/airflow/.local/lib/python3.12/site-packages/airflow/example_dags/tutorial.py
[2024-08-25T00:19:27.101+0000] {processor.py:914} INFO - Processing file /home/airflow/.local/lib/python3.12/site-packages/airflow/example_dags/tutorial.py for tasks to queue
[2024-08-25T00:19:27.108+0000] {logging_mixin.py:190} INFO - [2024-08-25T00:19:27.107+0000] {dagbag.py:587} INFO - Filling up the DagBag from /home/airflow/.local/lib/python3.12/site-packages/airflow/example_dags/tutorial.py
[2024-08-25T00:19:27.134+0000] {processor.py:925} INFO - DAG(s) 'tutorial' retrieved from /home/airflow/.local/lib/python3.12/site-packages/airflow/example_dags/tutorial.py
[2024-08-25T00:19:27.200+0000] {logging_mixin.py:190} INFO - [2024-08-25T00:19:27.200+0000] {dag.py:3211} INFO - Sync 1 DAGs
[2024-08-25T00:19:27.300+0000] {logging_mixin.py:190} INFO - [2024-08-25T00:19:27.299+0000] {dag.py:4138} INFO - Setting next_dagrun for tutorial to 2024-08-24 00:00:00+00:00, run_after=2024-08-25 00:00:00+00:00
[2024-08-25T00:19:27.418+0000] {processor.py:208} INFO - Processing /home/airflow/.local/lib/python3.12/site-packages/airflow/example_dags/tutorial.py took 0.348 seconds
[2024-08-25T00:19:57.553+0000] {processor.py:186} INFO - Started process (PID=1732) to work on /home/airflow/.local/lib/python3.12/site-packages/airflow/example_dags/tutorial.py
[2024-08-25T00:19:57.556+0000] {processor.py:914} INFO - Processing file /home/airflow/.local/lib/python3.12/site-packages/airflow/example_dags/tutorial.py for tasks to queue
[2024-08-25T00:19:57.564+0000] {logging_mixin.py:190} INFO - [2024-08-25T00:19:57.564+0000] {dagbag.py:587} INFO - Filling up the DagBag from /home/airflow/.local/lib/python3.12/site-packages/airflow/example_dags/tutorial.py
[2024-08-25T00:19:57.584+0000] {processor.py:925} INFO - DAG(s) 'tutorial' retrieved from /home/airflow/.local/lib/python3.12/site-packages/airflow/example_dags/tutorial.py
[2024-08-25T00:19:57.640+0000] {logging_mixin.py:190} INFO - [2024-08-25T00:19:57.639+0000] {dag.py:3211} INFO - Sync 1 DAGs
[2024-08-25T00:19:57.700+0000] {logging_mixin.py:190} INFO - [2024-08-25T00:19:57.699+0000] {dag.py:4138} INFO - Setting next_dagrun for tutorial to 2024-08-24 00:00:00+00:00, run_after=2024-08-25 00:00:00+00:00
[2024-08-25T00:19:57.742+0000] {processor.py:208} INFO - Processing /home/airflow/.local/lib/python3.12/site-packages/airflow/example_dags/tutorial.py took 0.207 seconds
[2024-08-25T00:20:29.799+0000] {processor.py:186} INFO - Started process (PID=1796) to work on /home/airflow/.local/lib/python3.12/site-packages/airflow/example_dags/tutorial.py
[2024-08-25T00:20:29.809+0000] {processor.py:914} INFO - Processing file /home/airflow/.local/lib/python3.12/site-packages/airflow/example_dags/tutorial.py for tasks to queue
[2024-08-25T00:20:29.816+0000] {logging_mixin.py:190} INFO - [2024-08-25T00:20:29.815+0000] {dagbag.py:587} INFO - Filling up the DagBag from /home/airflow/.local/lib/python3.12/site-packages/airflow/example_dags/tutorial.py
[2024-08-25T00:20:29.855+0000] {processor.py:925} INFO - DAG(s) 'tutorial' retrieved from /home/airflow/.local/lib/python3.12/site-packages/airflow/example_dags/tutorial.py
[2024-08-25T00:20:29.956+0000] {logging_mixin.py:190} INFO - [2024-08-25T00:20:29.955+0000] {dag.py:3211} INFO - Sync 1 DAGs
[2024-08-25T00:20:30.149+0000] {logging_mixin.py:190} INFO - [2024-08-25T00:20:30.149+0000] {dag.py:4138} INFO - Setting next_dagrun for tutorial to 2024-08-24 00:00:00+00:00, run_after=2024-08-25 00:00:00+00:00
[2024-08-25T00:20:30.320+0000] {processor.py:208} INFO - Processing /home/airflow/.local/lib/python3.12/site-packages/airflow/example_dags/tutorial.py took 0.548 seconds
[2024-08-25T00:21:01.922+0000] {processor.py:186} INFO - Started process (PID=1858) to work on /home/airflow/.local/lib/python3.12/site-packages/airflow/example_dags/tutorial.py
[2024-08-25T00:21:01.924+0000] {processor.py:914} INFO - Processing file /home/airflow/.local/lib/python3.12/site-packages/airflow/example_dags/tutorial.py for tasks to queue
[2024-08-25T00:21:01.947+0000] {logging_mixin.py:190} INFO - [2024-08-25T00:21:01.931+0000] {dagbag.py:587} INFO - Filling up the DagBag from /home/airflow/.local/lib/python3.12/site-packages/airflow/example_dags/tutorial.py
[2024-08-25T00:21:01.986+0000] {processor.py:925} INFO - DAG(s) 'tutorial' retrieved from /home/airflow/.local/lib/python3.12/site-packages/airflow/example_dags/tutorial.py
[2024-08-25T00:21:02.047+0000] {logging_mixin.py:190} INFO - [2024-08-25T00:21:02.046+0000] {dag.py:3211} INFO - Sync 1 DAGs
[2024-08-25T00:21:02.142+0000] {logging_mixin.py:190} INFO - [2024-08-25T00:21:02.141+0000] {dag.py:4138} INFO - Setting next_dagrun for tutorial to 2024-08-24 00:00:00+00:00, run_after=2024-08-25 00:00:00+00:00
[2024-08-25T00:21:02.240+0000] {processor.py:208} INFO - Processing /home/airflow/.local/lib/python3.12/site-packages/airflow/example_dags/tutorial.py took 0.338 seconds
[2024-08-25T00:27:15.807+0000] {processor.py:186} INFO - Started process (PID=142) to work on /home/airflow/.local/lib/python3.12/site-packages/airflow/example_dags/tutorial.py
[2024-08-25T00:27:15.810+0000] {processor.py:914} INFO - Processing file /home/airflow/.local/lib/python3.12/site-packages/airflow/example_dags/tutorial.py for tasks to queue
[2024-08-25T00:27:15.900+0000] {logging_mixin.py:190} INFO - [2024-08-25T00:27:15.899+0000] {dagbag.py:587} INFO - Filling up the DagBag from /home/airflow/.local/lib/python3.12/site-packages/airflow/example_dags/tutorial.py
[2024-08-25T00:27:16.018+0000] {processor.py:925} INFO - DAG(s) 'tutorial' retrieved from /home/airflow/.local/lib/python3.12/site-packages/airflow/example_dags/tutorial.py
[2024-08-25T00:27:16.414+0000] {logging_mixin.py:190} INFO - [2024-08-25T00:27:16.413+0000] {dag.py:3211} INFO - Sync 1 DAGs
[2024-08-25T00:27:17.188+0000] {logging_mixin.py:190} INFO - [2024-08-25T00:27:17.186+0000] {dag.py:4138} INFO - Setting next_dagrun for tutorial to 2024-08-24 00:00:00+00:00, run_after=2024-08-25 00:00:00+00:00
[2024-08-25T00:27:17.305+0000] {processor.py:208} INFO - Processing /home/airflow/.local/lib/python3.12/site-packages/airflow/example_dags/tutorial.py took 1.635 seconds
[2024-08-25T00:28:18.020+0000] {processor.py:186} INFO - Started process (PID=226) to work on /home/airflow/.local/lib/python3.12/site-packages/airflow/example_dags/tutorial.py
[2024-08-25T00:28:18.024+0000] {processor.py:914} INFO - Processing file /home/airflow/.local/lib/python3.12/site-packages/airflow/example_dags/tutorial.py for tasks to queue
[2024-08-25T00:28:18.037+0000] {logging_mixin.py:190} INFO - [2024-08-25T00:28:18.036+0000] {dagbag.py:587} INFO - Filling up the DagBag from /home/airflow/.local/lib/python3.12/site-packages/airflow/example_dags/tutorial.py
[2024-08-25T00:28:18.090+0000] {processor.py:925} INFO - DAG(s) 'tutorial' retrieved from /home/airflow/.local/lib/python3.12/site-packages/airflow/example_dags/tutorial.py
[2024-08-25T00:28:18.234+0000] {logging_mixin.py:190} INFO - [2024-08-25T00:28:18.233+0000] {dag.py:3211} INFO - Sync 1 DAGs
[2024-08-25T00:28:18.435+0000] {logging_mixin.py:190} INFO - [2024-08-25T00:28:18.432+0000] {dag.py:4138} INFO - Setting next_dagrun for tutorial to 2024-08-24 00:00:00+00:00, run_after=2024-08-25 00:00:00+00:00
[2024-08-25T00:28:18.597+0000] {processor.py:208} INFO - Processing /home/airflow/.local/lib/python3.12/site-packages/airflow/example_dags/tutorial.py took 0.614 seconds
[2024-08-25T00:28:53.312+0000] {processor.py:186} INFO - Started process (PID=289) to work on /home/airflow/.local/lib/python3.12/site-packages/airflow/example_dags/tutorial.py
[2024-08-25T00:28:53.317+0000] {processor.py:914} INFO - Processing file /home/airflow/.local/lib/python3.12/site-packages/airflow/example_dags/tutorial.py for tasks to queue
[2024-08-25T00:28:53.324+0000] {logging_mixin.py:190} INFO - [2024-08-25T00:28:53.323+0000] {dagbag.py:587} INFO - Filling up the DagBag from /home/airflow/.local/lib/python3.12/site-packages/airflow/example_dags/tutorial.py
[2024-08-25T00:28:53.364+0000] {processor.py:925} INFO - DAG(s) 'tutorial' retrieved from /home/airflow/.local/lib/python3.12/site-packages/airflow/example_dags/tutorial.py
[2024-08-25T00:28:53.457+0000] {logging_mixin.py:190} INFO - [2024-08-25T00:28:53.457+0000] {dag.py:3211} INFO - Sync 1 DAGs
[2024-08-25T00:28:53.582+0000] {logging_mixin.py:190} INFO - [2024-08-25T00:28:53.580+0000] {dag.py:4138} INFO - Setting next_dagrun for tutorial to 2024-08-24 00:00:00+00:00, run_after=2024-08-25 00:00:00+00:00
[2024-08-25T00:28:53.670+0000] {processor.py:208} INFO - Processing /home/airflow/.local/lib/python3.12/site-packages/airflow/example_dags/tutorial.py took 0.383 seconds
[2024-08-25T00:29:23.833+0000] {processor.py:186} INFO - Started process (PID=352) to work on /home/airflow/.local/lib/python3.12/site-packages/airflow/example_dags/tutorial.py
[2024-08-25T00:29:23.835+0000] {processor.py:914} INFO - Processing file /home/airflow/.local/lib/python3.12/site-packages/airflow/example_dags/tutorial.py for tasks to queue
[2024-08-25T00:29:23.840+0000] {logging_mixin.py:190} INFO - [2024-08-25T00:29:23.839+0000] {dagbag.py:587} INFO - Filling up the DagBag from /home/airflow/.local/lib/python3.12/site-packages/airflow/example_dags/tutorial.py
[2024-08-25T00:29:23.867+0000] {processor.py:925} INFO - DAG(s) 'tutorial' retrieved from /home/airflow/.local/lib/python3.12/site-packages/airflow/example_dags/tutorial.py
[2024-08-25T00:29:23.919+0000] {logging_mixin.py:190} INFO - [2024-08-25T00:29:23.918+0000] {dag.py:3211} INFO - Sync 1 DAGs
[2024-08-25T00:29:23.986+0000] {logging_mixin.py:190} INFO - [2024-08-25T00:29:23.985+0000] {dag.py:4138} INFO - Setting next_dagrun for tutorial to 2024-08-24 00:00:00+00:00, run_after=2024-08-25 00:00:00+00:00
[2024-08-25T00:29:24.030+0000] {processor.py:208} INFO - Processing /home/airflow/.local/lib/python3.12/site-packages/airflow/example_dags/tutorial.py took 0.212 seconds
[2024-08-25T00:29:57.844+0000] {processor.py:186} INFO - Started process (PID=415) to work on /home/airflow/.local/lib/python3.12/site-packages/airflow/example_dags/tutorial.py
[2024-08-25T00:29:57.846+0000] {processor.py:914} INFO - Processing file /home/airflow/.local/lib/python3.12/site-packages/airflow/example_dags/tutorial.py for tasks to queue
[2024-08-25T00:29:57.852+0000] {logging_mixin.py:190} INFO - [2024-08-25T00:29:57.851+0000] {dagbag.py:587} INFO - Filling up the DagBag from /home/airflow/.local/lib/python3.12/site-packages/airflow/example_dags/tutorial.py
[2024-08-25T00:29:57.885+0000] {processor.py:925} INFO - DAG(s) 'tutorial' retrieved from /home/airflow/.local/lib/python3.12/site-packages/airflow/example_dags/tutorial.py
[2024-08-25T00:29:57.962+0000] {logging_mixin.py:190} INFO - [2024-08-25T00:29:57.961+0000] {dag.py:3211} INFO - Sync 1 DAGs
[2024-08-25T00:29:58.035+0000] {logging_mixin.py:190} INFO - [2024-08-25T00:29:58.035+0000] {dag.py:4138} INFO - Setting next_dagrun for tutorial to 2024-08-24 00:00:00+00:00, run_after=2024-08-25 00:00:00+00:00
[2024-08-25T00:29:58.130+0000] {processor.py:208} INFO - Processing /home/airflow/.local/lib/python3.12/site-packages/airflow/example_dags/tutorial.py took 0.303 seconds
[2024-08-25T00:30:40.548+0000] {processor.py:186} INFO - Started process (PID=491) to work on /home/airflow/.local/lib/python3.12/site-packages/airflow/example_dags/tutorial.py
[2024-08-25T00:30:40.551+0000] {processor.py:914} INFO - Processing file /home/airflow/.local/lib/python3.12/site-packages/airflow/example_dags/tutorial.py for tasks to queue
[2024-08-25T00:30:40.569+0000] {logging_mixin.py:190} INFO - [2024-08-25T00:30:40.568+0000] {dagbag.py:587} INFO - Filling up the DagBag from /home/airflow/.local/lib/python3.12/site-packages/airflow/example_dags/tutorial.py
[2024-08-25T00:30:40.599+0000] {processor.py:925} INFO - DAG(s) 'tutorial' retrieved from /home/airflow/.local/lib/python3.12/site-packages/airflow/example_dags/tutorial.py
[2024-08-25T00:30:40.665+0000] {logging_mixin.py:190} INFO - [2024-08-25T00:30:40.664+0000] {dag.py:3211} INFO - Sync 1 DAGs
[2024-08-25T00:30:40.754+0000] {logging_mixin.py:190} INFO - [2024-08-25T00:30:40.753+0000] {dag.py:4138} INFO - Setting next_dagrun for tutorial to 2024-08-24 00:00:00+00:00, run_after=2024-08-25 00:00:00+00:00
[2024-08-25T00:30:40.806+0000] {processor.py:208} INFO - Processing /home/airflow/.local/lib/python3.12/site-packages/airflow/example_dags/tutorial.py took 0.278 seconds
[2024-08-25T00:31:15.907+0000] {processor.py:186} INFO - Started process (PID=556) to work on /home/airflow/.local/lib/python3.12/site-packages/airflow/example_dags/tutorial.py
[2024-08-25T00:31:15.917+0000] {processor.py:914} INFO - Processing file /home/airflow/.local/lib/python3.12/site-packages/airflow/example_dags/tutorial.py for tasks to queue
[2024-08-25T00:31:15.939+0000] {logging_mixin.py:190} INFO - [2024-08-25T00:31:15.938+0000] {dagbag.py:587} INFO - Filling up the DagBag from /home/airflow/.local/lib/python3.12/site-packages/airflow/example_dags/tutorial.py
[2024-08-25T00:31:16.052+0000] {processor.py:925} INFO - DAG(s) 'tutorial' retrieved from /home/airflow/.local/lib/python3.12/site-packages/airflow/example_dags/tutorial.py
[2024-08-25T00:31:16.259+0000] {logging_mixin.py:190} INFO - [2024-08-25T00:31:16.258+0000] {dag.py:3211} INFO - Sync 1 DAGs
[2024-08-25T00:31:16.651+0000] {logging_mixin.py:190} INFO - [2024-08-25T00:31:16.644+0000] {dag.py:4138} INFO - Setting next_dagrun for tutorial to 2024-08-24 00:00:00+00:00, run_after=2024-08-25 00:00:00+00:00
[2024-08-25T00:31:16.833+0000] {processor.py:208} INFO - Processing /home/airflow/.local/lib/python3.12/site-packages/airflow/example_dags/tutorial.py took 0.953 seconds
[2024-08-25T00:32:08.382+0000] {processor.py:186} INFO - Started process (PID=626) to work on /home/airflow/.local/lib/python3.12/site-packages/airflow/example_dags/tutorial.py
[2024-08-25T00:32:08.389+0000] {processor.py:914} INFO - Processing file /home/airflow/.local/lib/python3.12/site-packages/airflow/example_dags/tutorial.py for tasks to queue
[2024-08-25T00:32:08.401+0000] {logging_mixin.py:190} INFO - [2024-08-25T00:32:08.400+0000] {dagbag.py:587} INFO - Filling up the DagBag from /home/airflow/.local/lib/python3.12/site-packages/airflow/example_dags/tutorial.py
[2024-08-25T00:32:08.504+0000] {processor.py:925} INFO - DAG(s) 'tutorial' retrieved from /home/airflow/.local/lib/python3.12/site-packages/airflow/example_dags/tutorial.py
[2024-08-25T00:32:08.689+0000] {logging_mixin.py:190} INFO - [2024-08-25T00:32:08.688+0000] {dag.py:3211} INFO - Sync 1 DAGs
[2024-08-25T00:32:08.870+0000] {logging_mixin.py:190} INFO - [2024-08-25T00:32:08.869+0000] {dag.py:4138} INFO - Setting next_dagrun for tutorial to 2024-08-24 00:00:00+00:00, run_after=2024-08-25 00:00:00+00:00
[2024-08-25T00:32:08.969+0000] {processor.py:208} INFO - Processing /home/airflow/.local/lib/python3.12/site-packages/airflow/example_dags/tutorial.py took 0.626 seconds
[2024-08-25T00:32:44.853+0000] {processor.py:186} INFO - Started process (PID=691) to work on /home/airflow/.local/lib/python3.12/site-packages/airflow/example_dags/tutorial.py
[2024-08-25T00:32:44.855+0000] {processor.py:914} INFO - Processing file /home/airflow/.local/lib/python3.12/site-packages/airflow/example_dags/tutorial.py for tasks to queue
[2024-08-25T00:32:44.863+0000] {logging_mixin.py:190} INFO - [2024-08-25T00:32:44.862+0000] {dagbag.py:587} INFO - Filling up the DagBag from /home/airflow/.local/lib/python3.12/site-packages/airflow/example_dags/tutorial.py
[2024-08-25T00:32:44.897+0000] {processor.py:925} INFO - DAG(s) 'tutorial' retrieved from /home/airflow/.local/lib/python3.12/site-packages/airflow/example_dags/tutorial.py
[2024-08-25T00:32:44.968+0000] {logging_mixin.py:190} INFO - [2024-08-25T00:32:44.967+0000] {dag.py:3211} INFO - Sync 1 DAGs
[2024-08-25T00:32:45.068+0000] {logging_mixin.py:190} INFO - [2024-08-25T00:32:45.067+0000] {dag.py:4138} INFO - Setting next_dagrun for tutorial to 2024-08-24 00:00:00+00:00, run_after=2024-08-25 00:00:00+00:00
[2024-08-25T00:32:45.184+0000] {processor.py:208} INFO - Processing /home/airflow/.local/lib/python3.12/site-packages/airflow/example_dags/tutorial.py took 0.361 seconds
[2024-08-25T00:33:52.397+0000] {processor.py:186} INFO - Started process (PID=769) to work on /home/airflow/.local/lib/python3.12/site-packages/airflow/example_dags/tutorial.py
[2024-08-25T00:33:52.401+0000] {processor.py:914} INFO - Processing file /home/airflow/.local/lib/python3.12/site-packages/airflow/example_dags/tutorial.py for tasks to queue
[2024-08-25T00:33:52.417+0000] {logging_mixin.py:190} INFO - [2024-08-25T00:33:52.413+0000] {dagbag.py:587} INFO - Filling up the DagBag from /home/airflow/.local/lib/python3.12/site-packages/airflow/example_dags/tutorial.py
[2024-08-25T00:33:52.534+0000] {processor.py:925} INFO - DAG(s) 'tutorial' retrieved from /home/airflow/.local/lib/python3.12/site-packages/airflow/example_dags/tutorial.py
[2024-08-25T00:33:52.816+0000] {logging_mixin.py:190} INFO - [2024-08-25T00:33:52.815+0000] {dag.py:3211} INFO - Sync 1 DAGs
[2024-08-25T00:33:53.222+0000] {logging_mixin.py:190} INFO - [2024-08-25T00:33:53.221+0000] {dag.py:4138} INFO - Setting next_dagrun for tutorial to 2024-08-24 00:00:00+00:00, run_after=2024-08-25 00:00:00+00:00
[2024-08-25T00:33:53.440+0000] {processor.py:208} INFO - Processing /home/airflow/.local/lib/python3.12/site-packages/airflow/example_dags/tutorial.py took 1.065 seconds
[2024-08-25T00:34:24.394+0000] {processor.py:186} INFO - Started process (PID=834) to work on /home/airflow/.local/lib/python3.12/site-packages/airflow/example_dags/tutorial.py
[2024-08-25T00:34:24.406+0000] {processor.py:914} INFO - Processing file /home/airflow/.local/lib/python3.12/site-packages/airflow/example_dags/tutorial.py for tasks to queue
[2024-08-25T00:34:24.450+0000] {logging_mixin.py:190} INFO - [2024-08-25T00:34:24.449+0000] {dagbag.py:587} INFO - Filling up the DagBag from /home/airflow/.local/lib/python3.12/site-packages/airflow/example_dags/tutorial.py
[2024-08-25T00:34:24.519+0000] {processor.py:925} INFO - DAG(s) 'tutorial' retrieved from /home/airflow/.local/lib/python3.12/site-packages/airflow/example_dags/tutorial.py
[2024-08-25T00:34:24.599+0000] {logging_mixin.py:190} INFO - [2024-08-25T00:34:24.598+0000] {dag.py:3211} INFO - Sync 1 DAGs
[2024-08-25T00:34:24.743+0000] {logging_mixin.py:190} INFO - [2024-08-25T00:34:24.743+0000] {dag.py:4138} INFO - Setting next_dagrun for tutorial to 2024-08-24 00:00:00+00:00, run_after=2024-08-25 00:00:00+00:00
[2024-08-25T00:34:24.822+0000] {processor.py:208} INFO - Processing /home/airflow/.local/lib/python3.12/site-packages/airflow/example_dags/tutorial.py took 0.473 seconds
[2024-08-25T00:34:55.805+0000] {processor.py:186} INFO - Started process (PID=899) to work on /home/airflow/.local/lib/python3.12/site-packages/airflow/example_dags/tutorial.py
[2024-08-25T00:34:55.807+0000] {processor.py:914} INFO - Processing file /home/airflow/.local/lib/python3.12/site-packages/airflow/example_dags/tutorial.py for tasks to queue
[2024-08-25T00:34:55.816+0000] {logging_mixin.py:190} INFO - [2024-08-25T00:34:55.815+0000] {dagbag.py:587} INFO - Filling up the DagBag from /home/airflow/.local/lib/python3.12/site-packages/airflow/example_dags/tutorial.py
[2024-08-25T00:34:55.844+0000] {processor.py:925} INFO - DAG(s) 'tutorial' retrieved from /home/airflow/.local/lib/python3.12/site-packages/airflow/example_dags/tutorial.py
[2024-08-25T00:34:55.890+0000] {logging_mixin.py:190} INFO - [2024-08-25T00:34:55.889+0000] {dag.py:3211} INFO - Sync 1 DAGs
[2024-08-25T00:34:55.956+0000] {logging_mixin.py:190} INFO - [2024-08-25T00:34:55.956+0000] {dag.py:4138} INFO - Setting next_dagrun for tutorial to 2024-08-24 00:00:00+00:00, run_after=2024-08-25 00:00:00+00:00
[2024-08-25T00:34:56.014+0000] {processor.py:208} INFO - Processing /home/airflow/.local/lib/python3.12/site-packages/airflow/example_dags/tutorial.py took 0.226 seconds
[2024-08-25T00:35:36.292+0000] {processor.py:186} INFO - Started process (PID=960) to work on /home/airflow/.local/lib/python3.12/site-packages/airflow/example_dags/tutorial.py
[2024-08-25T00:35:36.321+0000] {processor.py:914} INFO - Processing file /home/airflow/.local/lib/python3.12/site-packages/airflow/example_dags/tutorial.py for tasks to queue
[2024-08-25T00:35:36.358+0000] {logging_mixin.py:190} INFO - [2024-08-25T00:35:36.357+0000] {dagbag.py:587} INFO - Filling up the DagBag from /home/airflow/.local/lib/python3.12/site-packages/airflow/example_dags/tutorial.py
[2024-08-25T00:35:36.465+0000] {processor.py:925} INFO - DAG(s) 'tutorial' retrieved from /home/airflow/.local/lib/python3.12/site-packages/airflow/example_dags/tutorial.py
[2024-08-25T00:35:36.566+0000] {logging_mixin.py:190} INFO - [2024-08-25T00:35:36.566+0000] {dag.py:3211} INFO - Sync 1 DAGs
[2024-08-25T00:35:36.703+0000] {logging_mixin.py:190} INFO - [2024-08-25T00:35:36.702+0000] {dag.py:4138} INFO - Setting next_dagrun for tutorial to 2024-08-24 00:00:00+00:00, run_after=2024-08-25 00:00:00+00:00
[2024-08-25T00:35:36.794+0000] {processor.py:208} INFO - Processing /home/airflow/.local/lib/python3.12/site-packages/airflow/example_dags/tutorial.py took 0.558 seconds
[2024-08-25T00:36:09.152+0000] {processor.py:186} INFO - Started process (PID=1031) to work on /home/airflow/.local/lib/python3.12/site-packages/airflow/example_dags/tutorial.py
[2024-08-25T00:36:09.155+0000] {processor.py:914} INFO - Processing file /home/airflow/.local/lib/python3.12/site-packages/airflow/example_dags/tutorial.py for tasks to queue
[2024-08-25T00:36:09.172+0000] {logging_mixin.py:190} INFO - [2024-08-25T00:36:09.171+0000] {dagbag.py:587} INFO - Filling up the DagBag from /home/airflow/.local/lib/python3.12/site-packages/airflow/example_dags/tutorial.py
[2024-08-25T00:36:09.219+0000] {processor.py:925} INFO - DAG(s) 'tutorial' retrieved from /home/airflow/.local/lib/python3.12/site-packages/airflow/example_dags/tutorial.py
[2024-08-25T00:36:09.356+0000] {logging_mixin.py:190} INFO - [2024-08-25T00:36:09.355+0000] {dag.py:3211} INFO - Sync 1 DAGs
[2024-08-25T00:36:09.467+0000] {logging_mixin.py:190} INFO - [2024-08-25T00:36:09.466+0000] {dag.py:4138} INFO - Setting next_dagrun for tutorial to 2024-08-24 00:00:00+00:00, run_after=2024-08-25 00:00:00+00:00
[2024-08-25T00:36:09.591+0000] {processor.py:208} INFO - Processing /home/airflow/.local/lib/python3.12/site-packages/airflow/example_dags/tutorial.py took 0.464 seconds
[2024-08-25T00:36:40.431+0000] {processor.py:186} INFO - Started process (PID=1096) to work on /home/airflow/.local/lib/python3.12/site-packages/airflow/example_dags/tutorial.py
[2024-08-25T00:36:40.439+0000] {processor.py:914} INFO - Processing file /home/airflow/.local/lib/python3.12/site-packages/airflow/example_dags/tutorial.py for tasks to queue
[2024-08-25T00:36:40.451+0000] {logging_mixin.py:190} INFO - [2024-08-25T00:36:40.447+0000] {dagbag.py:587} INFO - Filling up the DagBag from /home/airflow/.local/lib/python3.12/site-packages/airflow/example_dags/tutorial.py
[2024-08-25T00:36:40.504+0000] {processor.py:925} INFO - DAG(s) 'tutorial' retrieved from /home/airflow/.local/lib/python3.12/site-packages/airflow/example_dags/tutorial.py
[2024-08-25T00:36:40.633+0000] {logging_mixin.py:190} INFO - [2024-08-25T00:36:40.632+0000] {dag.py:3211} INFO - Sync 1 DAGs
[2024-08-25T00:36:40.788+0000] {logging_mixin.py:190} INFO - [2024-08-25T00:36:40.787+0000] {dag.py:4138} INFO - Setting next_dagrun for tutorial to 2024-08-24 00:00:00+00:00, run_after=2024-08-25 00:00:00+00:00
[2024-08-25T00:36:40.874+0000] {processor.py:208} INFO - Processing /home/airflow/.local/lib/python3.12/site-packages/airflow/example_dags/tutorial.py took 0.477 seconds
[2024-08-25T00:37:19.069+0000] {processor.py:186} INFO - Started process (PID=1164) to work on /home/airflow/.local/lib/python3.12/site-packages/airflow/example_dags/tutorial.py
[2024-08-25T00:37:19.071+0000] {processor.py:914} INFO - Processing file /home/airflow/.local/lib/python3.12/site-packages/airflow/example_dags/tutorial.py for tasks to queue
[2024-08-25T00:37:19.084+0000] {logging_mixin.py:190} INFO - [2024-08-25T00:37:19.082+0000] {dagbag.py:587} INFO - Filling up the DagBag from /home/airflow/.local/lib/python3.12/site-packages/airflow/example_dags/tutorial.py
[2024-08-25T00:37:19.132+0000] {processor.py:925} INFO - DAG(s) 'tutorial' retrieved from /home/airflow/.local/lib/python3.12/site-packages/airflow/example_dags/tutorial.py
[2024-08-25T00:37:19.259+0000] {logging_mixin.py:190} INFO - [2024-08-25T00:37:19.258+0000] {dag.py:3211} INFO - Sync 1 DAGs
[2024-08-25T00:37:19.370+0000] {logging_mixin.py:190} INFO - [2024-08-25T00:37:19.369+0000] {dag.py:4138} INFO - Setting next_dagrun for tutorial to 2024-08-24 00:00:00+00:00, run_after=2024-08-25 00:00:00+00:00
[2024-08-25T00:37:19.446+0000] {processor.py:208} INFO - Processing /home/airflow/.local/lib/python3.12/site-packages/airflow/example_dags/tutorial.py took 0.412 seconds
[2024-08-25T00:37:50.443+0000] {processor.py:186} INFO - Started process (PID=1226) to work on /home/airflow/.local/lib/python3.12/site-packages/airflow/example_dags/tutorial.py
[2024-08-25T00:37:50.447+0000] {processor.py:914} INFO - Processing file /home/airflow/.local/lib/python3.12/site-packages/airflow/example_dags/tutorial.py for tasks to queue
[2024-08-25T00:37:50.452+0000] {logging_mixin.py:190} INFO - [2024-08-25T00:37:50.451+0000] {dagbag.py:587} INFO - Filling up the DagBag from /home/airflow/.local/lib/python3.12/site-packages/airflow/example_dags/tutorial.py
[2024-08-25T00:37:50.501+0000] {processor.py:925} INFO - DAG(s) 'tutorial' retrieved from /home/airflow/.local/lib/python3.12/site-packages/airflow/example_dags/tutorial.py
[2024-08-25T00:37:50.689+0000] {logging_mixin.py:190} INFO - [2024-08-25T00:37:50.681+0000] {dag.py:3211} INFO - Sync 1 DAGs
[2024-08-25T00:37:50.920+0000] {logging_mixin.py:190} INFO - [2024-08-25T00:37:50.919+0000] {dag.py:4138} INFO - Setting next_dagrun for tutorial to 2024-08-24 00:00:00+00:00, run_after=2024-08-25 00:00:00+00:00
[2024-08-25T00:37:51.061+0000] {processor.py:208} INFO - Processing /home/airflow/.local/lib/python3.12/site-packages/airflow/example_dags/tutorial.py took 0.659 seconds
[2024-08-25T00:38:21.492+0000] {processor.py:186} INFO - Started process (PID=1288) to work on /home/airflow/.local/lib/python3.12/site-packages/airflow/example_dags/tutorial.py
[2024-08-25T00:38:21.495+0000] {processor.py:914} INFO - Processing file /home/airflow/.local/lib/python3.12/site-packages/airflow/example_dags/tutorial.py for tasks to queue
[2024-08-25T00:38:21.500+0000] {logging_mixin.py:190} INFO - [2024-08-25T00:38:21.499+0000] {dagbag.py:587} INFO - Filling up the DagBag from /home/airflow/.local/lib/python3.12/site-packages/airflow/example_dags/tutorial.py
[2024-08-25T00:38:21.542+0000] {processor.py:925} INFO - DAG(s) 'tutorial' retrieved from /home/airflow/.local/lib/python3.12/site-packages/airflow/example_dags/tutorial.py
[2024-08-25T00:38:21.609+0000] {logging_mixin.py:190} INFO - [2024-08-25T00:38:21.608+0000] {dag.py:3211} INFO - Sync 1 DAGs
[2024-08-25T00:38:21.688+0000] {logging_mixin.py:190} INFO - [2024-08-25T00:38:21.688+0000] {dag.py:4138} INFO - Setting next_dagrun for tutorial to 2024-08-24 00:00:00+00:00, run_after=2024-08-25 00:00:00+00:00
[2024-08-25T00:38:21.744+0000] {processor.py:208} INFO - Processing /home/airflow/.local/lib/python3.12/site-packages/airflow/example_dags/tutorial.py took 0.278 seconds
[2024-08-25T00:38:52.316+0000] {processor.py:186} INFO - Started process (PID=1350) to work on /home/airflow/.local/lib/python3.12/site-packages/airflow/example_dags/tutorial.py
[2024-08-25T00:38:52.320+0000] {processor.py:914} INFO - Processing file /home/airflow/.local/lib/python3.12/site-packages/airflow/example_dags/tutorial.py for tasks to queue
[2024-08-25T00:38:52.326+0000] {logging_mixin.py:190} INFO - [2024-08-25T00:38:52.324+0000] {dagbag.py:587} INFO - Filling up the DagBag from /home/airflow/.local/lib/python3.12/site-packages/airflow/example_dags/tutorial.py
[2024-08-25T00:38:52.358+0000] {processor.py:925} INFO - DAG(s) 'tutorial' retrieved from /home/airflow/.local/lib/python3.12/site-packages/airflow/example_dags/tutorial.py
[2024-08-25T00:38:52.437+0000] {logging_mixin.py:190} INFO - [2024-08-25T00:38:52.435+0000] {dag.py:3211} INFO - Sync 1 DAGs
[2024-08-25T00:38:52.522+0000] {logging_mixin.py:190} INFO - [2024-08-25T00:38:52.520+0000] {dag.py:4138} INFO - Setting next_dagrun for tutorial to 2024-08-24 00:00:00+00:00, run_after=2024-08-25 00:00:00+00:00
[2024-08-25T00:38:52.577+0000] {processor.py:208} INFO - Processing /home/airflow/.local/lib/python3.12/site-packages/airflow/example_dags/tutorial.py took 0.285 seconds
[2024-08-25T00:39:23.317+0000] {processor.py:186} INFO - Started process (PID=1413) to work on /home/airflow/.local/lib/python3.12/site-packages/airflow/example_dags/tutorial.py
[2024-08-25T00:39:23.320+0000] {processor.py:914} INFO - Processing file /home/airflow/.local/lib/python3.12/site-packages/airflow/example_dags/tutorial.py for tasks to queue
[2024-08-25T00:39:23.327+0000] {logging_mixin.py:190} INFO - [2024-08-25T00:39:23.326+0000] {dagbag.py:587} INFO - Filling up the DagBag from /home/airflow/.local/lib/python3.12/site-packages/airflow/example_dags/tutorial.py
[2024-08-25T00:39:23.371+0000] {processor.py:925} INFO - DAG(s) 'tutorial' retrieved from /home/airflow/.local/lib/python3.12/site-packages/airflow/example_dags/tutorial.py
[2024-08-25T00:39:23.515+0000] {logging_mixin.py:190} INFO - [2024-08-25T00:39:23.514+0000] {dag.py:3211} INFO - Sync 1 DAGs
[2024-08-25T00:39:23.697+0000] {logging_mixin.py:190} INFO - [2024-08-25T00:39:23.696+0000] {dag.py:4138} INFO - Setting next_dagrun for tutorial to 2024-08-24 00:00:00+00:00, run_after=2024-08-25 00:00:00+00:00
[2024-08-25T00:39:23.854+0000] {processor.py:208} INFO - Processing /home/airflow/.local/lib/python3.12/site-packages/airflow/example_dags/tutorial.py took 0.560 seconds
[2024-08-25T00:39:55.089+0000] {processor.py:186} INFO - Started process (PID=1475) to work on /home/airflow/.local/lib/python3.12/site-packages/airflow/example_dags/tutorial.py
[2024-08-25T00:39:55.091+0000] {processor.py:914} INFO - Processing file /home/airflow/.local/lib/python3.12/site-packages/airflow/example_dags/tutorial.py for tasks to queue
[2024-08-25T00:39:55.095+0000] {logging_mixin.py:190} INFO - [2024-08-25T00:39:55.094+0000] {dagbag.py:587} INFO - Filling up the DagBag from /home/airflow/.local/lib/python3.12/site-packages/airflow/example_dags/tutorial.py
[2024-08-25T00:39:55.124+0000] {processor.py:925} INFO - DAG(s) 'tutorial' retrieved from /home/airflow/.local/lib/python3.12/site-packages/airflow/example_dags/tutorial.py
[2024-08-25T00:39:55.194+0000] {logging_mixin.py:190} INFO - [2024-08-25T00:39:55.194+0000] {dag.py:3211} INFO - Sync 1 DAGs
[2024-08-25T00:39:55.275+0000] {logging_mixin.py:190} INFO - [2024-08-25T00:39:55.274+0000] {dag.py:4138} INFO - Setting next_dagrun for tutorial to 2024-08-24 00:00:00+00:00, run_after=2024-08-25 00:00:00+00:00
[2024-08-25T00:39:55.326+0000] {processor.py:208} INFO - Processing /home/airflow/.local/lib/python3.12/site-packages/airflow/example_dags/tutorial.py took 0.254 seconds
[2024-08-25T00:40:30.557+0000] {processor.py:186} INFO - Started process (PID=1540) to work on /home/airflow/.local/lib/python3.12/site-packages/airflow/example_dags/tutorial.py
[2024-08-25T00:40:30.561+0000] {processor.py:914} INFO - Processing file /home/airflow/.local/lib/python3.12/site-packages/airflow/example_dags/tutorial.py for tasks to queue
[2024-08-25T00:40:30.565+0000] {logging_mixin.py:190} INFO - [2024-08-25T00:40:30.564+0000] {dagbag.py:587} INFO - Filling up the DagBag from /home/airflow/.local/lib/python3.12/site-packages/airflow/example_dags/tutorial.py
[2024-08-25T00:40:30.599+0000] {processor.py:925} INFO - DAG(s) 'tutorial' retrieved from /home/airflow/.local/lib/python3.12/site-packages/airflow/example_dags/tutorial.py
[2024-08-25T00:40:30.661+0000] {logging_mixin.py:190} INFO - [2024-08-25T00:40:30.660+0000] {dag.py:3211} INFO - Sync 1 DAGs
[2024-08-25T00:40:30.789+0000] {logging_mixin.py:190} INFO - [2024-08-25T00:40:30.788+0000] {dag.py:4138} INFO - Setting next_dagrun for tutorial to 2024-08-24 00:00:00+00:00, run_after=2024-08-25 00:00:00+00:00
[2024-08-25T00:40:30.877+0000] {processor.py:208} INFO - Processing /home/airflow/.local/lib/python3.12/site-packages/airflow/example_dags/tutorial.py took 0.342 seconds
[2024-08-25T00:41:01.470+0000] {processor.py:186} INFO - Started process (PID=1602) to work on /home/airflow/.local/lib/python3.12/site-packages/airflow/example_dags/tutorial.py
[2024-08-25T00:41:01.473+0000] {processor.py:914} INFO - Processing file /home/airflow/.local/lib/python3.12/site-packages/airflow/example_dags/tutorial.py for tasks to queue
[2024-08-25T00:41:01.477+0000] {logging_mixin.py:190} INFO - [2024-08-25T00:41:01.476+0000] {dagbag.py:587} INFO - Filling up the DagBag from /home/airflow/.local/lib/python3.12/site-packages/airflow/example_dags/tutorial.py
[2024-08-25T00:41:01.509+0000] {processor.py:925} INFO - DAG(s) 'tutorial' retrieved from /home/airflow/.local/lib/python3.12/site-packages/airflow/example_dags/tutorial.py
[2024-08-25T00:41:01.568+0000] {logging_mixin.py:190} INFO - [2024-08-25T00:41:01.568+0000] {dag.py:3211} INFO - Sync 1 DAGs
[2024-08-25T00:41:01.641+0000] {logging_mixin.py:190} INFO - [2024-08-25T00:41:01.641+0000] {dag.py:4138} INFO - Setting next_dagrun for tutorial to 2024-08-24 00:00:00+00:00, run_after=2024-08-25 00:00:00+00:00
[2024-08-25T00:41:01.687+0000] {processor.py:208} INFO - Processing /home/airflow/.local/lib/python3.12/site-packages/airflow/example_dags/tutorial.py took 0.236 seconds
[2024-08-25T00:41:31.996+0000] {processor.py:186} INFO - Started process (PID=1664) to work on /home/airflow/.local/lib/python3.12/site-packages/airflow/example_dags/tutorial.py
[2024-08-25T00:41:31.998+0000] {processor.py:914} INFO - Processing file /home/airflow/.local/lib/python3.12/site-packages/airflow/example_dags/tutorial.py for tasks to queue
[2024-08-25T00:41:32.001+0000] {logging_mixin.py:190} INFO - [2024-08-25T00:41:32.000+0000] {dagbag.py:587} INFO - Filling up the DagBag from /home/airflow/.local/lib/python3.12/site-packages/airflow/example_dags/tutorial.py
[2024-08-25T00:41:32.026+0000] {processor.py:925} INFO - DAG(s) 'tutorial' retrieved from /home/airflow/.local/lib/python3.12/site-packages/airflow/example_dags/tutorial.py
[2024-08-25T00:41:32.083+0000] {logging_mixin.py:190} INFO - [2024-08-25T00:41:32.082+0000] {dag.py:3211} INFO - Sync 1 DAGs
[2024-08-25T00:41:32.154+0000] {logging_mixin.py:190} INFO - [2024-08-25T00:41:32.154+0000] {dag.py:4138} INFO - Setting next_dagrun for tutorial to 2024-08-24 00:00:00+00:00, run_after=2024-08-25 00:00:00+00:00
[2024-08-25T00:41:32.197+0000] {processor.py:208} INFO - Processing /home/airflow/.local/lib/python3.12/site-packages/airflow/example_dags/tutorial.py took 0.214 seconds
