[2024-08-24T19:02:41.344+0000] {processor.py:186} INFO - Started process (PID=4127) to work on /opt/airflow/dags/exampledag.py
[2024-08-24T19:02:41.347+0000] {processor.py:914} INFO - Processing file /opt/airflow/dags/exampledag.py for tasks to queue
[2024-08-24T19:02:41.361+0000] {logging_mixin.py:190} INFO - [2024-08-24T19:02:41.352+0000] {dagbag.py:587} INFO - Filling up the DagBag from /opt/airflow/dags/exampledag.py
[2024-08-24T19:02:41.455+0000] {processor.py:925} INFO - DAG(s) 'example_astronauts' retrieved from /opt/airflow/dags/exampledag.py
[2024-08-24T19:02:41.864+0000] {logging_mixin.py:190} INFO - [2024-08-24T19:02:41.862+0000] {override.py:1858} INFO - Created Permission View: can read on DAG:example_astronauts
[2024-08-24T19:02:41.930+0000] {logging_mixin.py:190} INFO - [2024-08-24T19:02:41.929+0000] {override.py:1858} INFO - Created Permission View: can delete on DAG:example_astronauts
[2024-08-24T19:02:41.969+0000] {logging_mixin.py:190} INFO - [2024-08-24T19:02:41.969+0000] {override.py:1858} INFO - Created Permission View: can edit on DAG:example_astronauts
[2024-08-24T19:02:41.979+0000] {logging_mixin.py:190} INFO - [2024-08-24T19:02:41.978+0000] {dag.py:3211} INFO - Sync 1 DAGs
[2024-08-24T19:02:42.038+0000] {logging_mixin.py:190} INFO - [2024-08-24T19:02:42.037+0000] {dag.py:3234} INFO - Creating ORM DAG for example_astronauts
[2024-08-24T19:02:42.076+0000] {logging_mixin.py:190} INFO - [2024-08-24T19:02:42.075+0000] {dag.py:4138} INFO - Setting next_dagrun for example_astronauts to 2024-08-23 00:00:00+00:00, run_after=2024-08-24 00:00:00+00:00
[2024-08-24T19:02:42.159+0000] {processor.py:208} INFO - Processing /opt/airflow/dags/exampledag.py took 0.856 seconds
[2024-08-24T19:03:12.353+0000] {processor.py:186} INFO - Started process (PID=4191) to work on /opt/airflow/dags/exampledag.py
[2024-08-24T19:03:12.355+0000] {processor.py:914} INFO - Processing file /opt/airflow/dags/exampledag.py for tasks to queue
[2024-08-24T19:03:12.359+0000] {logging_mixin.py:190} INFO - [2024-08-24T19:03:12.359+0000] {dagbag.py:587} INFO - Filling up the DagBag from /opt/airflow/dags/exampledag.py
[2024-08-24T19:03:12.397+0000] {processor.py:925} INFO - DAG(s) 'example_astronauts' retrieved from /opt/airflow/dags/exampledag.py
[2024-08-24T19:03:12.440+0000] {logging_mixin.py:190} INFO - [2024-08-24T19:03:12.440+0000] {dag.py:3211} INFO - Sync 1 DAGs
[2024-08-24T19:03:12.507+0000] {logging_mixin.py:190} INFO - [2024-08-24T19:03:12.505+0000] {dag.py:4138} INFO - Setting next_dagrun for example_astronauts to 2024-08-23 00:00:00+00:00, run_after=2024-08-24 00:00:00+00:00
[2024-08-24T19:03:12.571+0000] {processor.py:208} INFO - Processing /opt/airflow/dags/exampledag.py took 0.231 seconds
[2024-08-24T19:03:42.819+0000] {processor.py:186} INFO - Started process (PID=4254) to work on /opt/airflow/dags/exampledag.py
[2024-08-24T19:03:42.821+0000] {processor.py:914} INFO - Processing file /opt/airflow/dags/exampledag.py for tasks to queue
[2024-08-24T19:03:42.826+0000] {logging_mixin.py:190} INFO - [2024-08-24T19:03:42.826+0000] {dagbag.py:587} INFO - Filling up the DagBag from /opt/airflow/dags/exampledag.py
[2024-08-24T19:03:42.861+0000] {processor.py:925} INFO - DAG(s) 'example_astronauts' retrieved from /opt/airflow/dags/exampledag.py
[2024-08-24T19:03:42.897+0000] {logging_mixin.py:190} INFO - [2024-08-24T19:03:42.896+0000] {dag.py:3211} INFO - Sync 1 DAGs
[2024-08-24T19:03:42.941+0000] {logging_mixin.py:190} INFO - [2024-08-24T19:03:42.940+0000] {dag.py:4138} INFO - Setting next_dagrun for example_astronauts to 2024-08-23 00:00:00+00:00, run_after=2024-08-24 00:00:00+00:00
[2024-08-24T19:03:42.984+0000] {processor.py:208} INFO - Processing /opt/airflow/dags/exampledag.py took 0.178 seconds
[2024-08-24T19:04:14.968+0000] {processor.py:186} INFO - Started process (PID=4317) to work on /opt/airflow/dags/exampledag.py
[2024-08-24T19:04:14.971+0000] {processor.py:914} INFO - Processing file /opt/airflow/dags/exampledag.py for tasks to queue
[2024-08-24T19:04:14.975+0000] {logging_mixin.py:190} INFO - [2024-08-24T19:04:14.975+0000] {dagbag.py:587} INFO - Filling up the DagBag from /opt/airflow/dags/exampledag.py
[2024-08-24T19:04:15.064+0000] {processor.py:925} INFO - DAG(s) 'example_astronauts' retrieved from /opt/airflow/dags/exampledag.py
[2024-08-24T19:04:15.144+0000] {logging_mixin.py:190} INFO - [2024-08-24T19:04:15.143+0000] {dag.py:3211} INFO - Sync 1 DAGs
[2024-08-24T19:04:15.308+0000] {logging_mixin.py:190} INFO - [2024-08-24T19:04:15.307+0000] {dag.py:4138} INFO - Setting next_dagrun for example_astronauts to 2024-08-23 00:00:00+00:00, run_after=2024-08-24 00:00:00+00:00
[2024-08-24T19:04:15.485+0000] {processor.py:208} INFO - Processing /opt/airflow/dags/exampledag.py took 0.533 seconds
[2024-08-24T19:04:46.206+0000] {processor.py:186} INFO - Started process (PID=4376) to work on /opt/airflow/dags/exampledag.py
[2024-08-24T19:04:46.208+0000] {processor.py:914} INFO - Processing file /opt/airflow/dags/exampledag.py for tasks to queue
[2024-08-24T19:04:46.219+0000] {logging_mixin.py:190} INFO - [2024-08-24T19:04:46.218+0000] {dagbag.py:587} INFO - Filling up the DagBag from /opt/airflow/dags/exampledag.py
[2024-08-24T19:04:46.262+0000] {processor.py:925} INFO - DAG(s) 'example_astronauts' retrieved from /opt/airflow/dags/exampledag.py
[2024-08-24T19:04:46.335+0000] {logging_mixin.py:190} INFO - [2024-08-24T19:04:46.334+0000] {dag.py:3211} INFO - Sync 1 DAGs
[2024-08-24T19:04:46.440+0000] {logging_mixin.py:190} INFO - [2024-08-24T19:04:46.439+0000] {dag.py:4138} INFO - Setting next_dagrun for example_astronauts to 2024-08-23 00:00:00+00:00, run_after=2024-08-24 00:00:00+00:00
[2024-08-24T19:04:46.525+0000] {processor.py:208} INFO - Processing /opt/airflow/dags/exampledag.py took 0.336 seconds
[2024-08-24T19:05:39.156+0000] {processor.py:186} INFO - Started process (PID=4429) to work on /opt/airflow/dags/exampledag.py
[2024-08-24T19:05:39.234+0000] {processor.py:914} INFO - Processing file /opt/airflow/dags/exampledag.py for tasks to queue
[2024-08-24T19:05:39.364+0000] {logging_mixin.py:190} INFO - [2024-08-24T19:05:39.364+0000] {dagbag.py:587} INFO - Filling up the DagBag from /opt/airflow/dags/exampledag.py
[2024-08-24T19:05:41.892+0000] {processor.py:925} INFO - DAG(s) 'example_astronauts' retrieved from /opt/airflow/dags/exampledag.py
[2024-08-24T19:05:42.321+0000] {logging_mixin.py:190} INFO - [2024-08-24T19:05:42.320+0000] {dag.py:3211} INFO - Sync 1 DAGs
[2024-08-24T19:05:43.163+0000] {logging_mixin.py:190} INFO - [2024-08-24T19:05:43.162+0000] {dag.py:4138} INFO - Setting next_dagrun for example_astronauts to 2024-08-23 00:00:00+00:00, run_after=2024-08-24 00:00:00+00:00
[2024-08-24T19:05:43.971+0000] {processor.py:208} INFO - Processing /opt/airflow/dags/exampledag.py took 4.914 seconds
[2024-08-24T19:07:54.484+0000] {processor.py:186} INFO - Started process (PID=4498) to work on /opt/airflow/dags/exampledag.py
[2024-08-24T19:07:54.515+0000] {processor.py:914} INFO - Processing file /opt/airflow/dags/exampledag.py for tasks to queue
[2024-08-24T19:07:54.596+0000] {logging_mixin.py:190} INFO - [2024-08-24T19:07:54.567+0000] {dagbag.py:587} INFO - Filling up the DagBag from /opt/airflow/dags/exampledag.py
[2024-08-24T19:08:03.128+0000] {processor.py:925} INFO - DAG(s) 'example_astronauts' retrieved from /opt/airflow/dags/exampledag.py
[2024-08-24T19:08:04.395+0000] {logging_mixin.py:190} INFO - [2024-08-24T19:08:04.242+0000] {dag.py:3211} INFO - Sync 1 DAGs
[2024-08-24T19:08:06.220+0000] {logging_mixin.py:190} INFO - [2024-08-24T19:08:06.219+0000] {dag.py:4138} INFO - Setting next_dagrun for example_astronauts to 2024-08-23 00:00:00+00:00, run_after=2024-08-24 00:00:00+00:00
[2024-08-24T19:08:09.726+0000] {processor.py:208} INFO - Processing /opt/airflow/dags/exampledag.py took 15.403 seconds
[2024-08-24T19:09:38.174+0000] {processor.py:186} INFO - Started process (PID=4568) to work on /opt/airflow/dags/exampledag.py
[2024-08-24T19:09:38.253+0000] {processor.py:914} INFO - Processing file /opt/airflow/dags/exampledag.py for tasks to queue
[2024-08-24T19:09:38.303+0000] {logging_mixin.py:190} INFO - [2024-08-24T19:09:38.302+0000] {dagbag.py:587} INFO - Filling up the DagBag from /opt/airflow/dags/exampledag.py
[2024-08-24T19:09:39.912+0000] {processor.py:925} INFO - DAG(s) 'example_astronauts' retrieved from /opt/airflow/dags/exampledag.py
[2024-08-24T19:09:40.360+0000] {logging_mixin.py:190} INFO - [2024-08-24T19:09:40.359+0000] {dag.py:3211} INFO - Sync 1 DAGs
[2024-08-24T19:09:41.037+0000] {logging_mixin.py:190} INFO - [2024-08-24T19:09:41.009+0000] {dag.py:4138} INFO - Setting next_dagrun for example_astronauts to 2024-08-23 00:00:00+00:00, run_after=2024-08-24 00:00:00+00:00
[2024-08-24T19:09:41.638+0000] {processor.py:208} INFO - Processing /opt/airflow/dags/exampledag.py took 3.567 seconds
[2024-08-24T19:10:30.544+0000] {processor.py:186} INFO - Started process (PID=4611) to work on /opt/airflow/dags/exampledag.py
[2024-08-24T19:10:30.547+0000] {processor.py:914} INFO - Processing file /opt/airflow/dags/exampledag.py for tasks to queue
[2024-08-24T19:10:30.566+0000] {logging_mixin.py:190} INFO - [2024-08-24T19:10:30.565+0000] {dagbag.py:587} INFO - Filling up the DagBag from /opt/airflow/dags/exampledag.py
[2024-08-24T19:10:33.300+0000] {processor.py:925} INFO - DAG(s) 'example_astronauts' retrieved from /opt/airflow/dags/exampledag.py
[2024-08-24T19:10:33.533+0000] {logging_mixin.py:190} INFO - [2024-08-24T19:10:33.532+0000] {dag.py:3211} INFO - Sync 1 DAGs
[2024-08-24T19:10:33.816+0000] {logging_mixin.py:190} INFO - [2024-08-24T19:10:33.815+0000] {dag.py:4138} INFO - Setting next_dagrun for example_astronauts to 2024-08-23 00:00:00+00:00, run_after=2024-08-24 00:00:00+00:00
[2024-08-24T19:10:34.339+0000] {processor.py:208} INFO - Processing /opt/airflow/dags/exampledag.py took 3.830 seconds
[2024-08-24T19:12:07.154+0000] {processor.py:186} INFO - Started process (PID=4663) to work on /opt/airflow/dags/exampledag.py
[2024-08-24T19:12:07.354+0000] {processor.py:914} INFO - Processing file /opt/airflow/dags/exampledag.py for tasks to queue
[2024-08-24T19:12:07.520+0000] {logging_mixin.py:190} INFO - [2024-08-24T19:12:07.519+0000] {dagbag.py:587} INFO - Filling up the DagBag from /opt/airflow/dags/exampledag.py
[2024-08-24T19:12:16.054+0000] {processor.py:925} INFO - DAG(s) 'example_astronauts' retrieved from /opt/airflow/dags/exampledag.py
[2024-08-24T19:12:16.772+0000] {logging_mixin.py:190} INFO - [2024-08-24T19:12:16.771+0000] {dag.py:3211} INFO - Sync 1 DAGs
[2024-08-24T19:12:17.365+0000] {logging_mixin.py:190} INFO - [2024-08-24T19:12:17.365+0000] {dag.py:4138} INFO - Setting next_dagrun for example_astronauts to 2024-08-23 00:00:00+00:00, run_after=2024-08-24 00:00:00+00:00
[2024-08-24T19:12:18.150+0000] {processor.py:208} INFO - Processing /opt/airflow/dags/exampledag.py took 11.060 seconds
[2024-08-24T19:14:20.418+0000] {processor.py:186} INFO - Started process (PID=4739) to work on /opt/airflow/dags/exampledag.py
[2024-08-24T19:14:20.430+0000] {processor.py:914} INFO - Processing file /opt/airflow/dags/exampledag.py for tasks to queue
[2024-08-24T19:14:20.448+0000] {logging_mixin.py:190} INFO - [2024-08-24T19:14:20.447+0000] {dagbag.py:587} INFO - Filling up the DagBag from /opt/airflow/dags/exampledag.py
[2024-08-24T19:14:20.914+0000] {processor.py:925} INFO - DAG(s) 'example_astronauts' retrieved from /opt/airflow/dags/exampledag.py
[2024-08-24T19:14:21.167+0000] {logging_mixin.py:190} INFO - [2024-08-24T19:14:21.166+0000] {dag.py:3211} INFO - Sync 1 DAGs
[2024-08-24T19:14:21.436+0000] {logging_mixin.py:190} INFO - [2024-08-24T19:14:21.435+0000] {dag.py:4138} INFO - Setting next_dagrun for example_astronauts to 2024-08-23 00:00:00+00:00, run_after=2024-08-24 00:00:00+00:00
[2024-08-24T19:14:21.920+0000] {processor.py:208} INFO - Processing /opt/airflow/dags/exampledag.py took 1.540 seconds
[2024-08-24T19:14:55.615+0000] {processor.py:186} INFO - Started process (PID=4799) to work on /opt/airflow/dags/exampledag.py
[2024-08-24T19:14:55.632+0000] {processor.py:914} INFO - Processing file /opt/airflow/dags/exampledag.py for tasks to queue
[2024-08-24T19:14:55.664+0000] {logging_mixin.py:190} INFO - [2024-08-24T19:14:55.663+0000] {dagbag.py:587} INFO - Filling up the DagBag from /opt/airflow/dags/exampledag.py
[2024-08-24T19:14:55.862+0000] {processor.py:925} INFO - DAG(s) 'example_astronauts' retrieved from /opt/airflow/dags/exampledag.py
[2024-08-24T19:14:56.105+0000] {logging_mixin.py:190} INFO - [2024-08-24T19:14:56.104+0000] {dag.py:3211} INFO - Sync 1 DAGs
[2024-08-24T19:14:56.269+0000] {logging_mixin.py:190} INFO - [2024-08-24T19:14:56.269+0000] {dag.py:4138} INFO - Setting next_dagrun for example_astronauts to 2024-08-23 00:00:00+00:00, run_after=2024-08-24 00:00:00+00:00
[2024-08-24T19:14:56.504+0000] {processor.py:208} INFO - Processing /opt/airflow/dags/exampledag.py took 0.934 seconds
[2024-08-24T19:15:43.971+0000] {processor.py:186} INFO - Started process (PID=4839) to work on /opt/airflow/dags/exampledag.py
[2024-08-24T19:15:44.284+0000] {processor.py:914} INFO - Processing file /opt/airflow/dags/exampledag.py for tasks to queue
[2024-08-24T19:15:44.624+0000] {logging_mixin.py:190} INFO - [2024-08-24T19:15:44.608+0000] {dagbag.py:587} INFO - Filling up the DagBag from /opt/airflow/dags/exampledag.py
[2024-08-24T19:15:48.863+0000] {processor.py:925} INFO - DAG(s) 'example_astronauts' retrieved from /opt/airflow/dags/exampledag.py
[2024-08-24T19:15:49.186+0000] {logging_mixin.py:190} INFO - [2024-08-24T19:15:49.169+0000] {dag.py:3211} INFO - Sync 1 DAGs
[2024-08-24T19:15:49.674+0000] {logging_mixin.py:190} INFO - [2024-08-24T19:15:49.673+0000] {dag.py:4138} INFO - Setting next_dagrun for example_astronauts to 2024-08-23 00:00:00+00:00, run_after=2024-08-24 00:00:00+00:00
[2024-08-24T19:15:51.061+0000] {processor.py:208} INFO - Processing /opt/airflow/dags/exampledag.py took 7.299 seconds
[2024-08-24T19:16:44.445+0000] {processor.py:186} INFO - Started process (PID=4888) to work on /opt/airflow/dags/exampledag.py
[2024-08-24T19:16:44.462+0000] {processor.py:914} INFO - Processing file /opt/airflow/dags/exampledag.py for tasks to queue
[2024-08-24T19:16:44.477+0000] {logging_mixin.py:190} INFO - [2024-08-24T19:16:44.476+0000] {dagbag.py:587} INFO - Filling up the DagBag from /opt/airflow/dags/exampledag.py
[2024-08-24T19:16:44.688+0000] {processor.py:925} INFO - DAG(s) 'example_astronauts' retrieved from /opt/airflow/dags/exampledag.py
[2024-08-24T19:16:44.788+0000] {logging_mixin.py:190} INFO - [2024-08-24T19:16:44.788+0000] {dag.py:3211} INFO - Sync 1 DAGs
[2024-08-24T19:16:44.932+0000] {logging_mixin.py:190} INFO - [2024-08-24T19:16:44.931+0000] {dag.py:4138} INFO - Setting next_dagrun for example_astronauts to 2024-08-23 00:00:00+00:00, run_after=2024-08-24 00:00:00+00:00
[2024-08-24T19:16:45.060+0000] {processor.py:208} INFO - Processing /opt/airflow/dags/exampledag.py took 0.663 seconds
[2024-08-24T19:17:17.603+0000] {processor.py:186} INFO - Started process (PID=4951) to work on /opt/airflow/dags/exampledag.py
[2024-08-24T19:17:17.606+0000] {processor.py:914} INFO - Processing file /opt/airflow/dags/exampledag.py for tasks to queue
[2024-08-24T19:17:17.613+0000] {logging_mixin.py:190} INFO - [2024-08-24T19:17:17.612+0000] {dagbag.py:587} INFO - Filling up the DagBag from /opt/airflow/dags/exampledag.py
[2024-08-24T19:17:17.815+0000] {processor.py:925} INFO - DAG(s) 'example_astronauts' retrieved from /opt/airflow/dags/exampledag.py
[2024-08-24T19:17:17.883+0000] {logging_mixin.py:190} INFO - [2024-08-24T19:17:17.882+0000] {dag.py:3211} INFO - Sync 1 DAGs
[2024-08-24T19:17:17.980+0000] {logging_mixin.py:190} INFO - [2024-08-24T19:17:17.979+0000] {dag.py:4138} INFO - Setting next_dagrun for example_astronauts to 2024-08-23 00:00:00+00:00, run_after=2024-08-24 00:00:00+00:00
[2024-08-24T19:17:18.118+0000] {processor.py:208} INFO - Processing /opt/airflow/dags/exampledag.py took 0.530 seconds
[2024-08-24T19:17:48.529+0000] {processor.py:186} INFO - Started process (PID=5013) to work on /opt/airflow/dags/exampledag.py
[2024-08-24T19:17:48.531+0000] {processor.py:914} INFO - Processing file /opt/airflow/dags/exampledag.py for tasks to queue
[2024-08-24T19:17:48.542+0000] {logging_mixin.py:190} INFO - [2024-08-24T19:17:48.541+0000] {dagbag.py:587} INFO - Filling up the DagBag from /opt/airflow/dags/exampledag.py
[2024-08-24T19:17:48.604+0000] {processor.py:925} INFO - DAG(s) 'example_astronauts' retrieved from /opt/airflow/dags/exampledag.py
[2024-08-24T19:17:48.650+0000] {logging_mixin.py:190} INFO - [2024-08-24T19:17:48.649+0000] {dag.py:3211} INFO - Sync 1 DAGs
[2024-08-24T19:17:48.705+0000] {logging_mixin.py:190} INFO - [2024-08-24T19:17:48.704+0000] {dag.py:4138} INFO - Setting next_dagrun for example_astronauts to 2024-08-23 00:00:00+00:00, run_after=2024-08-24 00:00:00+00:00
[2024-08-24T19:17:48.774+0000] {processor.py:208} INFO - Processing /opt/airflow/dags/exampledag.py took 0.261 seconds
[2024-08-24T19:18:19.106+0000] {processor.py:186} INFO - Started process (PID=5075) to work on /opt/airflow/dags/exampledag.py
[2024-08-24T19:18:19.108+0000] {processor.py:914} INFO - Processing file /opt/airflow/dags/exampledag.py for tasks to queue
[2024-08-24T19:18:19.115+0000] {logging_mixin.py:190} INFO - [2024-08-24T19:18:19.114+0000] {dagbag.py:587} INFO - Filling up the DagBag from /opt/airflow/dags/exampledag.py
[2024-08-24T19:18:19.176+0000] {processor.py:925} INFO - DAG(s) 'example_astronauts' retrieved from /opt/airflow/dags/exampledag.py
[2024-08-24T19:18:19.246+0000] {logging_mixin.py:190} INFO - [2024-08-24T19:18:19.245+0000] {dag.py:3211} INFO - Sync 1 DAGs
[2024-08-24T19:18:19.319+0000] {logging_mixin.py:190} INFO - [2024-08-24T19:18:19.318+0000] {dag.py:4138} INFO - Setting next_dagrun for example_astronauts to 2024-08-23 00:00:00+00:00, run_after=2024-08-24 00:00:00+00:00
[2024-08-24T19:18:19.387+0000] {processor.py:208} INFO - Processing /opt/airflow/dags/exampledag.py took 0.301 seconds
[2024-08-24T19:18:49.530+0000] {processor.py:186} INFO - Started process (PID=5133) to work on /opt/airflow/dags/exampledag.py
[2024-08-24T19:18:49.533+0000] {processor.py:914} INFO - Processing file /opt/airflow/dags/exampledag.py for tasks to queue
[2024-08-24T19:18:49.540+0000] {logging_mixin.py:190} INFO - [2024-08-24T19:18:49.539+0000] {dagbag.py:587} INFO - Filling up the DagBag from /opt/airflow/dags/exampledag.py
[2024-08-24T19:18:49.597+0000] {processor.py:925} INFO - DAG(s) 'example_astronauts' retrieved from /opt/airflow/dags/exampledag.py
[2024-08-24T19:18:49.646+0000] {logging_mixin.py:190} INFO - [2024-08-24T19:18:49.645+0000] {dag.py:3211} INFO - Sync 1 DAGs
[2024-08-24T19:18:49.713+0000] {logging_mixin.py:190} INFO - [2024-08-24T19:18:49.712+0000] {dag.py:4138} INFO - Setting next_dagrun for example_astronauts to 2024-08-23 00:00:00+00:00, run_after=2024-08-24 00:00:00+00:00
[2024-08-24T19:18:49.775+0000] {processor.py:208} INFO - Processing /opt/airflow/dags/exampledag.py took 0.262 seconds
[2024-08-24T19:19:20.030+0000] {processor.py:186} INFO - Started process (PID=5193) to work on /opt/airflow/dags/exampledag.py
[2024-08-24T19:19:20.033+0000] {processor.py:914} INFO - Processing file /opt/airflow/dags/exampledag.py for tasks to queue
[2024-08-24T19:19:20.041+0000] {logging_mixin.py:190} INFO - [2024-08-24T19:19:20.040+0000] {dagbag.py:587} INFO - Filling up the DagBag from /opt/airflow/dags/exampledag.py
[2024-08-24T19:19:20.089+0000] {processor.py:925} INFO - DAG(s) 'example_astronauts' retrieved from /opt/airflow/dags/exampledag.py
[2024-08-24T19:19:20.146+0000] {logging_mixin.py:190} INFO - [2024-08-24T19:19:20.145+0000] {dag.py:3211} INFO - Sync 1 DAGs
[2024-08-24T19:19:20.256+0000] {logging_mixin.py:190} INFO - [2024-08-24T19:19:20.255+0000] {dag.py:4138} INFO - Setting next_dagrun for example_astronauts to 2024-08-23 00:00:00+00:00, run_after=2024-08-24 00:00:00+00:00
[2024-08-24T19:19:20.358+0000] {processor.py:208} INFO - Processing /opt/airflow/dags/exampledag.py took 0.347 seconds
[2024-08-24T19:19:51.144+0000] {processor.py:186} INFO - Started process (PID=5256) to work on /opt/airflow/dags/exampledag.py
[2024-08-24T19:19:51.147+0000] {processor.py:914} INFO - Processing file /opt/airflow/dags/exampledag.py for tasks to queue
[2024-08-24T19:19:51.151+0000] {logging_mixin.py:190} INFO - [2024-08-24T19:19:51.151+0000] {dagbag.py:587} INFO - Filling up the DagBag from /opt/airflow/dags/exampledag.py
[2024-08-24T19:19:51.194+0000] {processor.py:925} INFO - DAG(s) 'example_astronauts' retrieved from /opt/airflow/dags/exampledag.py
[2024-08-24T19:19:51.236+0000] {logging_mixin.py:190} INFO - [2024-08-24T19:19:51.236+0000] {dag.py:3211} INFO - Sync 1 DAGs
[2024-08-24T19:19:51.315+0000] {logging_mixin.py:190} INFO - [2024-08-24T19:19:51.315+0000] {dag.py:4138} INFO - Setting next_dagrun for example_astronauts to 2024-08-23 00:00:00+00:00, run_after=2024-08-24 00:00:00+00:00
[2024-08-24T19:19:51.410+0000] {processor.py:208} INFO - Processing /opt/airflow/dags/exampledag.py took 0.285 seconds
[2024-08-24T19:20:22.117+0000] {processor.py:186} INFO - Started process (PID=5315) to work on /opt/airflow/dags/exampledag.py
[2024-08-24T19:20:22.126+0000] {processor.py:914} INFO - Processing file /opt/airflow/dags/exampledag.py for tasks to queue
[2024-08-24T19:20:22.132+0000] {logging_mixin.py:190} INFO - [2024-08-24T19:20:22.131+0000] {dagbag.py:587} INFO - Filling up the DagBag from /opt/airflow/dags/exampledag.py
[2024-08-24T19:20:22.193+0000] {processor.py:925} INFO - DAG(s) 'example_astronauts' retrieved from /opt/airflow/dags/exampledag.py
[2024-08-24T19:20:22.247+0000] {logging_mixin.py:190} INFO - [2024-08-24T19:20:22.246+0000] {dag.py:3211} INFO - Sync 1 DAGs
[2024-08-24T19:20:22.333+0000] {logging_mixin.py:190} INFO - [2024-08-24T19:20:22.332+0000] {dag.py:4138} INFO - Setting next_dagrun for example_astronauts to 2024-08-23 00:00:00+00:00, run_after=2024-08-24 00:00:00+00:00
[2024-08-24T19:20:22.416+0000] {processor.py:208} INFO - Processing /opt/airflow/dags/exampledag.py took 0.318 seconds
[2024-08-24T19:20:53.762+0000] {processor.py:186} INFO - Started process (PID=5376) to work on /opt/airflow/dags/exampledag.py
[2024-08-24T19:20:53.765+0000] {processor.py:914} INFO - Processing file /opt/airflow/dags/exampledag.py for tasks to queue
[2024-08-24T19:20:53.773+0000] {logging_mixin.py:190} INFO - [2024-08-24T19:20:53.772+0000] {dagbag.py:587} INFO - Filling up the DagBag from /opt/airflow/dags/exampledag.py
[2024-08-24T19:20:53.875+0000] {processor.py:925} INFO - DAG(s) 'example_astronauts' retrieved from /opt/airflow/dags/exampledag.py
[2024-08-24T19:20:54.022+0000] {logging_mixin.py:190} INFO - [2024-08-24T19:20:54.021+0000] {dag.py:3211} INFO - Sync 1 DAGs
[2024-08-24T19:20:54.216+0000] {logging_mixin.py:190} INFO - [2024-08-24T19:20:54.215+0000] {dag.py:4138} INFO - Setting next_dagrun for example_astronauts to 2024-08-23 00:00:00+00:00, run_after=2024-08-24 00:00:00+00:00
[2024-08-24T19:20:54.368+0000] {processor.py:208} INFO - Processing /opt/airflow/dags/exampledag.py took 0.625 seconds
[2024-08-24T19:21:26.097+0000] {processor.py:186} INFO - Started process (PID=5440) to work on /opt/airflow/dags/exampledag.py
[2024-08-24T19:21:26.109+0000] {processor.py:914} INFO - Processing file /opt/airflow/dags/exampledag.py for tasks to queue
[2024-08-24T19:21:26.116+0000] {logging_mixin.py:190} INFO - [2024-08-24T19:21:26.115+0000] {dagbag.py:587} INFO - Filling up the DagBag from /opt/airflow/dags/exampledag.py
[2024-08-24T19:21:26.304+0000] {processor.py:925} INFO - DAG(s) 'example_astronauts' retrieved from /opt/airflow/dags/exampledag.py
[2024-08-24T19:21:26.596+0000] {logging_mixin.py:190} INFO - [2024-08-24T19:21:26.596+0000] {dag.py:3211} INFO - Sync 1 DAGs
[2024-08-24T19:21:26.809+0000] {logging_mixin.py:190} INFO - [2024-08-24T19:21:26.807+0000] {dag.py:4138} INFO - Setting next_dagrun for example_astronauts to 2024-08-23 00:00:00+00:00, run_after=2024-08-24 00:00:00+00:00
[2024-08-24T19:21:26.964+0000] {processor.py:208} INFO - Processing /opt/airflow/dags/exampledag.py took 0.902 seconds
[2024-08-24T19:21:58.970+0000] {processor.py:186} INFO - Started process (PID=5503) to work on /opt/airflow/dags/exampledag.py
[2024-08-24T19:21:58.973+0000] {processor.py:914} INFO - Processing file /opt/airflow/dags/exampledag.py for tasks to queue
[2024-08-24T19:21:58.986+0000] {logging_mixin.py:190} INFO - [2024-08-24T19:21:58.985+0000] {dagbag.py:587} INFO - Filling up the DagBag from /opt/airflow/dags/exampledag.py
[2024-08-24T19:21:59.085+0000] {processor.py:925} INFO - DAG(s) 'example_astronauts' retrieved from /opt/airflow/dags/exampledag.py
[2024-08-24T19:21:59.157+0000] {logging_mixin.py:190} INFO - [2024-08-24T19:21:59.156+0000] {dag.py:3211} INFO - Sync 1 DAGs
[2024-08-24T19:21:59.358+0000] {logging_mixin.py:190} INFO - [2024-08-24T19:21:59.356+0000] {dag.py:4138} INFO - Setting next_dagrun for example_astronauts to 2024-08-23 00:00:00+00:00, run_after=2024-08-24 00:00:00+00:00
[2024-08-24T19:21:59.527+0000] {processor.py:208} INFO - Processing /opt/airflow/dags/exampledag.py took 0.591 seconds
[2024-08-24T19:22:30.372+0000] {processor.py:186} INFO - Started process (PID=5567) to work on /opt/airflow/dags/exampledag.py
[2024-08-24T19:22:30.376+0000] {processor.py:914} INFO - Processing file /opt/airflow/dags/exampledag.py for tasks to queue
[2024-08-24T19:22:30.383+0000] {logging_mixin.py:190} INFO - [2024-08-24T19:22:30.382+0000] {dagbag.py:587} INFO - Filling up the DagBag from /opt/airflow/dags/exampledag.py
[2024-08-24T19:22:30.457+0000] {processor.py:925} INFO - DAG(s) 'example_astronauts' retrieved from /opt/airflow/dags/exampledag.py
[2024-08-24T19:22:30.575+0000] {logging_mixin.py:190} INFO - [2024-08-24T19:22:30.574+0000] {dag.py:3211} INFO - Sync 1 DAGs
[2024-08-24T19:22:30.748+0000] {logging_mixin.py:190} INFO - [2024-08-24T19:22:30.747+0000] {dag.py:4138} INFO - Setting next_dagrun for example_astronauts to 2024-08-23 00:00:00+00:00, run_after=2024-08-24 00:00:00+00:00
[2024-08-24T19:22:30.927+0000] {processor.py:208} INFO - Processing /opt/airflow/dags/exampledag.py took 0.573 seconds
[2024-08-24T19:23:01.481+0000] {processor.py:186} INFO - Started process (PID=5629) to work on /opt/airflow/dags/exampledag.py
[2024-08-24T19:23:01.484+0000] {processor.py:914} INFO - Processing file /opt/airflow/dags/exampledag.py for tasks to queue
[2024-08-24T19:23:01.497+0000] {logging_mixin.py:190} INFO - [2024-08-24T19:23:01.496+0000] {dagbag.py:587} INFO - Filling up the DagBag from /opt/airflow/dags/exampledag.py
[2024-08-24T19:23:01.578+0000] {processor.py:925} INFO - DAG(s) 'example_astronauts' retrieved from /opt/airflow/dags/exampledag.py
[2024-08-24T19:23:01.629+0000] {logging_mixin.py:190} INFO - [2024-08-24T19:23:01.629+0000] {dag.py:3211} INFO - Sync 1 DAGs
[2024-08-24T19:23:01.712+0000] {logging_mixin.py:190} INFO - [2024-08-24T19:23:01.710+0000] {dag.py:4138} INFO - Setting next_dagrun for example_astronauts to 2024-08-23 00:00:00+00:00, run_after=2024-08-24 00:00:00+00:00
[2024-08-24T19:23:01.776+0000] {processor.py:208} INFO - Processing /opt/airflow/dags/exampledag.py took 0.316 seconds
[2024-08-24T19:23:32.031+0000] {processor.py:186} INFO - Started process (PID=5692) to work on /opt/airflow/dags/exampledag.py
[2024-08-24T19:23:32.033+0000] {processor.py:914} INFO - Processing file /opt/airflow/dags/exampledag.py for tasks to queue
[2024-08-24T19:23:32.039+0000] {logging_mixin.py:190} INFO - [2024-08-24T19:23:32.038+0000] {dagbag.py:587} INFO - Filling up the DagBag from /opt/airflow/dags/exampledag.py
[2024-08-24T19:23:32.079+0000] {processor.py:925} INFO - DAG(s) 'example_astronauts' retrieved from /opt/airflow/dags/exampledag.py
[2024-08-24T19:23:32.130+0000] {logging_mixin.py:190} INFO - [2024-08-24T19:23:32.129+0000] {dag.py:3211} INFO - Sync 1 DAGs
[2024-08-24T19:23:32.210+0000] {logging_mixin.py:190} INFO - [2024-08-24T19:23:32.209+0000] {dag.py:4138} INFO - Setting next_dagrun for example_astronauts to 2024-08-23 00:00:00+00:00, run_after=2024-08-24 00:00:00+00:00
[2024-08-24T19:23:32.290+0000] {processor.py:208} INFO - Processing /opt/airflow/dags/exampledag.py took 0.272 seconds
[2024-08-24T19:24:03.028+0000] {processor.py:186} INFO - Started process (PID=5754) to work on /opt/airflow/dags/exampledag.py
[2024-08-24T19:24:03.034+0000] {processor.py:914} INFO - Processing file /opt/airflow/dags/exampledag.py for tasks to queue
[2024-08-24T19:24:03.041+0000] {logging_mixin.py:190} INFO - [2024-08-24T19:24:03.040+0000] {dagbag.py:587} INFO - Filling up the DagBag from /opt/airflow/dags/exampledag.py
[2024-08-24T19:24:03.124+0000] {processor.py:925} INFO - DAG(s) 'example_astronauts' retrieved from /opt/airflow/dags/exampledag.py
[2024-08-24T19:24:03.187+0000] {logging_mixin.py:190} INFO - [2024-08-24T19:24:03.186+0000] {dag.py:3211} INFO - Sync 1 DAGs
[2024-08-24T19:24:03.269+0000] {logging_mixin.py:190} INFO - [2024-08-24T19:24:03.268+0000] {dag.py:4138} INFO - Setting next_dagrun for example_astronauts to 2024-08-23 00:00:00+00:00, run_after=2024-08-24 00:00:00+00:00
[2024-08-24T19:24:03.341+0000] {processor.py:208} INFO - Processing /opt/airflow/dags/exampledag.py took 0.331 seconds
[2024-08-24T19:24:33.531+0000] {processor.py:186} INFO - Started process (PID=5817) to work on /opt/airflow/dags/exampledag.py
[2024-08-24T19:24:33.533+0000] {processor.py:914} INFO - Processing file /opt/airflow/dags/exampledag.py for tasks to queue
[2024-08-24T19:24:33.539+0000] {logging_mixin.py:190} INFO - [2024-08-24T19:24:33.538+0000] {dagbag.py:587} INFO - Filling up the DagBag from /opt/airflow/dags/exampledag.py
[2024-08-24T19:24:33.583+0000] {processor.py:925} INFO - DAG(s) 'example_astronauts' retrieved from /opt/airflow/dags/exampledag.py
[2024-08-24T19:24:33.640+0000] {logging_mixin.py:190} INFO - [2024-08-24T19:24:33.639+0000] {dag.py:3211} INFO - Sync 1 DAGs
[2024-08-24T19:24:33.775+0000] {logging_mixin.py:190} INFO - [2024-08-24T19:24:33.775+0000] {dag.py:4138} INFO - Setting next_dagrun for example_astronauts to 2024-08-23 00:00:00+00:00, run_after=2024-08-24 00:00:00+00:00
[2024-08-24T19:24:33.900+0000] {processor.py:208} INFO - Processing /opt/airflow/dags/exampledag.py took 0.381 seconds
[2024-08-24T19:25:04.300+0000] {processor.py:186} INFO - Started process (PID=5880) to work on /opt/airflow/dags/exampledag.py
[2024-08-24T19:25:04.303+0000] {processor.py:914} INFO - Processing file /opt/airflow/dags/exampledag.py for tasks to queue
[2024-08-24T19:25:04.309+0000] {logging_mixin.py:190} INFO - [2024-08-24T19:25:04.308+0000] {dagbag.py:587} INFO - Filling up the DagBag from /opt/airflow/dags/exampledag.py
[2024-08-24T19:25:04.351+0000] {processor.py:925} INFO - DAG(s) 'example_astronauts' retrieved from /opt/airflow/dags/exampledag.py
[2024-08-24T19:25:04.398+0000] {logging_mixin.py:190} INFO - [2024-08-24T19:25:04.398+0000] {dag.py:3211} INFO - Sync 1 DAGs
[2024-08-24T19:25:04.457+0000] {logging_mixin.py:190} INFO - [2024-08-24T19:25:04.457+0000] {dag.py:4138} INFO - Setting next_dagrun for example_astronauts to 2024-08-23 00:00:00+00:00, run_after=2024-08-24 00:00:00+00:00
[2024-08-24T19:25:04.514+0000] {processor.py:208} INFO - Processing /opt/airflow/dags/exampledag.py took 0.227 seconds
[2024-08-24T19:25:35.358+0000] {processor.py:186} INFO - Started process (PID=5943) to work on /opt/airflow/dags/exampledag.py
[2024-08-24T19:25:35.360+0000] {processor.py:914} INFO - Processing file /opt/airflow/dags/exampledag.py for tasks to queue
[2024-08-24T19:25:35.366+0000] {logging_mixin.py:190} INFO - [2024-08-24T19:25:35.365+0000] {dagbag.py:587} INFO - Filling up the DagBag from /opt/airflow/dags/exampledag.py
[2024-08-24T19:25:35.407+0000] {processor.py:925} INFO - DAG(s) 'example_astronauts' retrieved from /opt/airflow/dags/exampledag.py
[2024-08-24T19:25:35.451+0000] {logging_mixin.py:190} INFO - [2024-08-24T19:25:35.451+0000] {dag.py:3211} INFO - Sync 1 DAGs
[2024-08-24T19:25:35.515+0000] {logging_mixin.py:190} INFO - [2024-08-24T19:25:35.515+0000] {dag.py:4138} INFO - Setting next_dagrun for example_astronauts to 2024-08-23 00:00:00+00:00, run_after=2024-08-24 00:00:00+00:00
[2024-08-24T19:25:35.571+0000] {processor.py:208} INFO - Processing /opt/airflow/dags/exampledag.py took 0.230 seconds
[2024-08-24T19:26:06.136+0000] {processor.py:186} INFO - Started process (PID=6006) to work on /opt/airflow/dags/exampledag.py
[2024-08-24T19:26:06.143+0000] {processor.py:914} INFO - Processing file /opt/airflow/dags/exampledag.py for tasks to queue
[2024-08-24T19:26:06.172+0000] {logging_mixin.py:190} INFO - [2024-08-24T19:26:06.161+0000] {dagbag.py:587} INFO - Filling up the DagBag from /opt/airflow/dags/exampledag.py
[2024-08-24T19:26:06.666+0000] {processor.py:925} INFO - DAG(s) 'example_astronauts' retrieved from /opt/airflow/dags/exampledag.py
[2024-08-24T19:26:06.841+0000] {logging_mixin.py:190} INFO - [2024-08-24T19:26:06.841+0000] {dag.py:3211} INFO - Sync 1 DAGs
[2024-08-24T19:26:07.029+0000] {logging_mixin.py:190} INFO - [2024-08-24T19:26:07.029+0000] {dag.py:4138} INFO - Setting next_dagrun for example_astronauts to 2024-08-23 00:00:00+00:00, run_after=2024-08-24 00:00:00+00:00
[2024-08-24T19:26:07.287+0000] {processor.py:208} INFO - Processing /opt/airflow/dags/exampledag.py took 1.176 seconds
[2024-08-24T19:26:37.555+0000] {processor.py:186} INFO - Started process (PID=6069) to work on /opt/airflow/dags/exampledag.py
[2024-08-24T19:26:37.560+0000] {processor.py:914} INFO - Processing file /opt/airflow/dags/exampledag.py for tasks to queue
[2024-08-24T19:26:37.566+0000] {logging_mixin.py:190} INFO - [2024-08-24T19:26:37.565+0000] {dagbag.py:587} INFO - Filling up the DagBag from /opt/airflow/dags/exampledag.py
[2024-08-24T19:26:37.616+0000] {processor.py:925} INFO - DAG(s) 'example_astronauts' retrieved from /opt/airflow/dags/exampledag.py
[2024-08-24T19:26:37.707+0000] {logging_mixin.py:190} INFO - [2024-08-24T19:26:37.706+0000] {dag.py:3211} INFO - Sync 1 DAGs
[2024-08-24T19:26:37.782+0000] {logging_mixin.py:190} INFO - [2024-08-24T19:26:37.781+0000] {dag.py:4138} INFO - Setting next_dagrun for example_astronauts to 2024-08-23 00:00:00+00:00, run_after=2024-08-24 00:00:00+00:00
[2024-08-24T19:26:37.830+0000] {processor.py:208} INFO - Processing /opt/airflow/dags/exampledag.py took 0.290 seconds
[2024-08-24T19:27:08.175+0000] {processor.py:186} INFO - Started process (PID=6132) to work on /opt/airflow/dags/exampledag.py
[2024-08-24T19:27:08.177+0000] {processor.py:914} INFO - Processing file /opt/airflow/dags/exampledag.py for tasks to queue
[2024-08-24T19:27:08.181+0000] {logging_mixin.py:190} INFO - [2024-08-24T19:27:08.181+0000] {dagbag.py:587} INFO - Filling up the DagBag from /opt/airflow/dags/exampledag.py
[2024-08-24T19:27:08.243+0000] {processor.py:925} INFO - DAG(s) 'example_astronauts' retrieved from /opt/airflow/dags/exampledag.py
[2024-08-24T19:27:08.311+0000] {logging_mixin.py:190} INFO - [2024-08-24T19:27:08.311+0000] {dag.py:3211} INFO - Sync 1 DAGs
[2024-08-24T19:27:08.367+0000] {logging_mixin.py:190} INFO - [2024-08-24T19:27:08.366+0000] {dag.py:4138} INFO - Setting next_dagrun for example_astronauts to 2024-08-23 00:00:00+00:00, run_after=2024-08-24 00:00:00+00:00
[2024-08-24T19:27:08.417+0000] {processor.py:208} INFO - Processing /opt/airflow/dags/exampledag.py took 0.259 seconds
[2024-08-24T19:27:38.908+0000] {processor.py:186} INFO - Started process (PID=6195) to work on /opt/airflow/dags/exampledag.py
[2024-08-24T19:27:38.939+0000] {processor.py:914} INFO - Processing file /opt/airflow/dags/exampledag.py for tasks to queue
[2024-08-24T19:27:38.948+0000] {logging_mixin.py:190} INFO - [2024-08-24T19:27:38.947+0000] {dagbag.py:587} INFO - Filling up the DagBag from /opt/airflow/dags/exampledag.py
[2024-08-24T19:27:39.103+0000] {processor.py:925} INFO - DAG(s) 'example_astronauts' retrieved from /opt/airflow/dags/exampledag.py
[2024-08-24T19:27:39.179+0000] {logging_mixin.py:190} INFO - [2024-08-24T19:27:39.178+0000] {dag.py:3211} INFO - Sync 1 DAGs
[2024-08-24T19:27:39.265+0000] {logging_mixin.py:190} INFO - [2024-08-24T19:27:39.264+0000] {dag.py:4138} INFO - Setting next_dagrun for example_astronauts to 2024-08-23 00:00:00+00:00, run_after=2024-08-24 00:00:00+00:00
[2024-08-24T19:27:39.321+0000] {processor.py:208} INFO - Processing /opt/airflow/dags/exampledag.py took 0.441 seconds
[2024-08-24T19:28:09.617+0000] {processor.py:186} INFO - Started process (PID=6258) to work on /opt/airflow/dags/exampledag.py
[2024-08-24T19:28:09.619+0000] {processor.py:914} INFO - Processing file /opt/airflow/dags/exampledag.py for tasks to queue
[2024-08-24T19:28:09.624+0000] {logging_mixin.py:190} INFO - [2024-08-24T19:28:09.623+0000] {dagbag.py:587} INFO - Filling up the DagBag from /opt/airflow/dags/exampledag.py
[2024-08-24T19:28:09.667+0000] {processor.py:925} INFO - DAG(s) 'example_astronauts' retrieved from /opt/airflow/dags/exampledag.py
[2024-08-24T19:28:09.717+0000] {logging_mixin.py:190} INFO - [2024-08-24T19:28:09.716+0000] {dag.py:3211} INFO - Sync 1 DAGs
[2024-08-24T19:28:09.788+0000] {logging_mixin.py:190} INFO - [2024-08-24T19:28:09.788+0000] {dag.py:4138} INFO - Setting next_dagrun for example_astronauts to 2024-08-23 00:00:00+00:00, run_after=2024-08-24 00:00:00+00:00
[2024-08-24T19:28:09.840+0000] {processor.py:208} INFO - Processing /opt/airflow/dags/exampledag.py took 0.241 seconds
[2024-08-24T19:28:40.342+0000] {processor.py:186} INFO - Started process (PID=6321) to work on /opt/airflow/dags/exampledag.py
[2024-08-24T19:28:40.344+0000] {processor.py:914} INFO - Processing file /opt/airflow/dags/exampledag.py for tasks to queue
[2024-08-24T19:28:40.350+0000] {logging_mixin.py:190} INFO - [2024-08-24T19:28:40.349+0000] {dagbag.py:587} INFO - Filling up the DagBag from /opt/airflow/dags/exampledag.py
[2024-08-24T19:28:40.400+0000] {processor.py:925} INFO - DAG(s) 'example_astronauts' retrieved from /opt/airflow/dags/exampledag.py
[2024-08-24T19:28:40.459+0000] {logging_mixin.py:190} INFO - [2024-08-24T19:28:40.459+0000] {dag.py:3211} INFO - Sync 1 DAGs
[2024-08-24T19:28:40.533+0000] {logging_mixin.py:190} INFO - [2024-08-24T19:28:40.533+0000] {dag.py:4138} INFO - Setting next_dagrun for example_astronauts to 2024-08-23 00:00:00+00:00, run_after=2024-08-24 00:00:00+00:00
[2024-08-24T19:28:40.594+0000] {processor.py:208} INFO - Processing /opt/airflow/dags/exampledag.py took 0.269 seconds
[2024-08-24T19:29:13.311+0000] {processor.py:186} INFO - Started process (PID=6384) to work on /opt/airflow/dags/exampledag.py
[2024-08-24T19:29:13.314+0000] {processor.py:914} INFO - Processing file /opt/airflow/dags/exampledag.py for tasks to queue
[2024-08-24T19:29:13.320+0000] {logging_mixin.py:190} INFO - [2024-08-24T19:29:13.320+0000] {dagbag.py:587} INFO - Filling up the DagBag from /opt/airflow/dags/exampledag.py
[2024-08-24T19:29:13.386+0000] {processor.py:925} INFO - DAG(s) 'example_astronauts' retrieved from /opt/airflow/dags/exampledag.py
[2024-08-24T19:29:13.485+0000] {logging_mixin.py:190} INFO - [2024-08-24T19:29:13.484+0000] {dag.py:3211} INFO - Sync 1 DAGs
[2024-08-24T19:29:13.616+0000] {logging_mixin.py:190} INFO - [2024-08-24T19:29:13.616+0000] {dag.py:4138} INFO - Setting next_dagrun for example_astronauts to 2024-08-23 00:00:00+00:00, run_after=2024-08-24 00:00:00+00:00
[2024-08-24T19:29:13.755+0000] {processor.py:208} INFO - Processing /opt/airflow/dags/exampledag.py took 0.470 seconds
[2024-08-24T19:29:50.608+0000] {processor.py:186} INFO - Started process (PID=6451) to work on /opt/airflow/dags/exampledag.py
[2024-08-24T19:29:50.621+0000] {processor.py:914} INFO - Processing file /opt/airflow/dags/exampledag.py for tasks to queue
[2024-08-24T19:29:50.638+0000] {logging_mixin.py:190} INFO - [2024-08-24T19:29:50.638+0000] {dagbag.py:587} INFO - Filling up the DagBag from /opt/airflow/dags/exampledag.py
[2024-08-24T19:29:50.803+0000] {processor.py:925} INFO - DAG(s) 'example_astronauts' retrieved from /opt/airflow/dags/exampledag.py
[2024-08-24T19:29:50.913+0000] {logging_mixin.py:190} INFO - [2024-08-24T19:29:50.912+0000] {dag.py:3211} INFO - Sync 1 DAGs
[2024-08-24T19:29:51.028+0000] {logging_mixin.py:190} INFO - [2024-08-24T19:29:51.027+0000] {dag.py:4138} INFO - Setting next_dagrun for example_astronauts to 2024-08-23 00:00:00+00:00, run_after=2024-08-24 00:00:00+00:00
[2024-08-24T19:29:51.128+0000] {processor.py:208} INFO - Processing /opt/airflow/dags/exampledag.py took 0.558 seconds
[2024-08-24T19:30:24.232+0000] {processor.py:186} INFO - Started process (PID=6510) to work on /opt/airflow/dags/exampledag.py
[2024-08-24T19:30:24.235+0000] {processor.py:914} INFO - Processing file /opt/airflow/dags/exampledag.py for tasks to queue
[2024-08-24T19:30:24.250+0000] {logging_mixin.py:190} INFO - [2024-08-24T19:30:24.249+0000] {dagbag.py:587} INFO - Filling up the DagBag from /opt/airflow/dags/exampledag.py
[2024-08-24T19:30:24.480+0000] {processor.py:925} INFO - DAG(s) 'example_astronauts' retrieved from /opt/airflow/dags/exampledag.py
[2024-08-24T19:30:25.153+0000] {logging_mixin.py:190} INFO - [2024-08-24T19:30:25.151+0000] {dag.py:3211} INFO - Sync 1 DAGs
[2024-08-24T19:30:25.491+0000] {logging_mixin.py:190} INFO - [2024-08-24T19:30:25.490+0000] {dag.py:4138} INFO - Setting next_dagrun for example_astronauts to 2024-08-23 00:00:00+00:00, run_after=2024-08-24 00:00:00+00:00
[2024-08-24T19:30:26.385+0000] {processor.py:208} INFO - Processing /opt/airflow/dags/exampledag.py took 2.201 seconds
[2024-08-24T19:31:33.922+0000] {processor.py:186} INFO - Started process (PID=6579) to work on /opt/airflow/dags/exampledag.py
[2024-08-24T19:31:33.936+0000] {processor.py:914} INFO - Processing file /opt/airflow/dags/exampledag.py for tasks to queue
[2024-08-24T19:31:33.999+0000] {logging_mixin.py:190} INFO - [2024-08-24T19:31:33.987+0000] {dagbag.py:587} INFO - Filling up the DagBag from /opt/airflow/dags/exampledag.py
[2024-08-24T19:31:34.257+0000] {processor.py:925} INFO - DAG(s) 'example_astronauts' retrieved from /opt/airflow/dags/exampledag.py
[2024-08-24T19:31:34.652+0000] {logging_mixin.py:190} INFO - [2024-08-24T19:31:34.651+0000] {dag.py:3211} INFO - Sync 1 DAGs
[2024-08-24T19:31:34.956+0000] {logging_mixin.py:190} INFO - [2024-08-24T19:31:34.956+0000] {dag.py:4138} INFO - Setting next_dagrun for example_astronauts to 2024-08-23 00:00:00+00:00, run_after=2024-08-24 00:00:00+00:00
[2024-08-24T19:31:35.475+0000] {processor.py:208} INFO - Processing /opt/airflow/dags/exampledag.py took 1.650 seconds
[2024-08-24T19:32:28.775+0000] {processor.py:186} INFO - Started process (PID=6648) to work on /opt/airflow/dags/exampledag.py
[2024-08-24T19:32:28.778+0000] {processor.py:914} INFO - Processing file /opt/airflow/dags/exampledag.py for tasks to queue
[2024-08-24T19:32:28.797+0000] {logging_mixin.py:190} INFO - [2024-08-24T19:32:28.796+0000] {dagbag.py:587} INFO - Filling up the DagBag from /opt/airflow/dags/exampledag.py
[2024-08-24T19:32:28.885+0000] {processor.py:925} INFO - DAG(s) 'example_astronauts' retrieved from /opt/airflow/dags/exampledag.py
[2024-08-24T19:32:28.991+0000] {logging_mixin.py:190} INFO - [2024-08-24T19:32:28.990+0000] {dag.py:3211} INFO - Sync 1 DAGs
[2024-08-24T19:32:29.157+0000] {logging_mixin.py:190} INFO - [2024-08-24T19:32:29.156+0000] {dag.py:4138} INFO - Setting next_dagrun for example_astronauts to 2024-08-23 00:00:00+00:00, run_after=2024-08-24 00:00:00+00:00
[2024-08-24T19:32:29.311+0000] {processor.py:208} INFO - Processing /opt/airflow/dags/exampledag.py took 0.572 seconds
[2024-08-24T19:33:00.496+0000] {processor.py:186} INFO - Started process (PID=6710) to work on /opt/airflow/dags/exampledag.py
[2024-08-24T19:33:00.499+0000] {processor.py:914} INFO - Processing file /opt/airflow/dags/exampledag.py for tasks to queue
[2024-08-24T19:33:00.506+0000] {logging_mixin.py:190} INFO - [2024-08-24T19:33:00.505+0000] {dagbag.py:587} INFO - Filling up the DagBag from /opt/airflow/dags/exampledag.py
[2024-08-24T19:33:00.621+0000] {processor.py:925} INFO - DAG(s) 'example_astronauts' retrieved from /opt/airflow/dags/exampledag.py
[2024-08-24T19:33:00.764+0000] {logging_mixin.py:190} INFO - [2024-08-24T19:33:00.763+0000] {dag.py:3211} INFO - Sync 1 DAGs
[2024-08-24T19:33:01.017+0000] {logging_mixin.py:190} INFO - [2024-08-24T19:33:01.017+0000] {dag.py:4138} INFO - Setting next_dagrun for example_astronauts to 2024-08-23 00:00:00+00:00, run_after=2024-08-24 00:00:00+00:00
[2024-08-24T19:33:01.204+0000] {processor.py:208} INFO - Processing /opt/airflow/dags/exampledag.py took 0.766 seconds
[2024-08-24T19:33:31.686+0000] {processor.py:186} INFO - Started process (PID=6770) to work on /opt/airflow/dags/exampledag.py
[2024-08-24T19:33:31.699+0000] {processor.py:914} INFO - Processing file /opt/airflow/dags/exampledag.py for tasks to queue
[2024-08-24T19:33:31.717+0000] {logging_mixin.py:190} INFO - [2024-08-24T19:33:31.715+0000] {dagbag.py:587} INFO - Filling up the DagBag from /opt/airflow/dags/exampledag.py
[2024-08-24T19:33:31.870+0000] {processor.py:925} INFO - DAG(s) 'example_astronauts' retrieved from /opt/airflow/dags/exampledag.py
[2024-08-24T19:33:32.017+0000] {logging_mixin.py:190} INFO - [2024-08-24T19:33:32.017+0000] {dag.py:3211} INFO - Sync 1 DAGs
[2024-08-24T19:33:32.223+0000] {logging_mixin.py:190} INFO - [2024-08-24T19:33:32.222+0000] {dag.py:4138} INFO - Setting next_dagrun for example_astronauts to 2024-08-23 00:00:00+00:00, run_after=2024-08-24 00:00:00+00:00
[2024-08-24T19:33:32.431+0000] {processor.py:208} INFO - Processing /opt/airflow/dags/exampledag.py took 0.784 seconds
[2024-08-24T19:34:02.882+0000] {processor.py:186} INFO - Started process (PID=6834) to work on /opt/airflow/dags/exampledag.py
[2024-08-24T19:34:02.884+0000] {processor.py:914} INFO - Processing file /opt/airflow/dags/exampledag.py for tasks to queue
[2024-08-24T19:34:02.893+0000] {logging_mixin.py:190} INFO - [2024-08-24T19:34:02.891+0000] {dagbag.py:587} INFO - Filling up the DagBag from /opt/airflow/dags/exampledag.py
[2024-08-24T19:34:02.965+0000] {processor.py:925} INFO - DAG(s) 'example_astronauts' retrieved from /opt/airflow/dags/exampledag.py
[2024-08-24T19:34:03.049+0000] {logging_mixin.py:190} INFO - [2024-08-24T19:34:03.048+0000] {dag.py:3211} INFO - Sync 1 DAGs
[2024-08-24T19:34:03.125+0000] {logging_mixin.py:190} INFO - [2024-08-24T19:34:03.124+0000] {dag.py:4138} INFO - Setting next_dagrun for example_astronauts to 2024-08-23 00:00:00+00:00, run_after=2024-08-24 00:00:00+00:00
[2024-08-24T19:34:03.309+0000] {processor.py:208} INFO - Processing /opt/airflow/dags/exampledag.py took 0.450 seconds
[2024-08-24T19:34:33.770+0000] {processor.py:186} INFO - Started process (PID=6897) to work on /opt/airflow/dags/exampledag.py
[2024-08-24T19:34:33.772+0000] {processor.py:914} INFO - Processing file /opt/airflow/dags/exampledag.py for tasks to queue
[2024-08-24T19:34:33.776+0000] {logging_mixin.py:190} INFO - [2024-08-24T19:34:33.776+0000] {dagbag.py:587} INFO - Filling up the DagBag from /opt/airflow/dags/exampledag.py
[2024-08-24T19:34:33.819+0000] {processor.py:925} INFO - DAG(s) 'example_astronauts' retrieved from /opt/airflow/dags/exampledag.py
[2024-08-24T19:34:33.877+0000] {logging_mixin.py:190} INFO - [2024-08-24T19:34:33.876+0000] {dag.py:3211} INFO - Sync 1 DAGs
[2024-08-24T19:34:33.986+0000] {logging_mixin.py:190} INFO - [2024-08-24T19:34:33.986+0000] {dag.py:4138} INFO - Setting next_dagrun for example_astronauts to 2024-08-23 00:00:00+00:00, run_after=2024-08-24 00:00:00+00:00
[2024-08-24T19:34:34.069+0000] {processor.py:208} INFO - Processing /opt/airflow/dags/exampledag.py took 0.316 seconds
[2024-08-24T19:35:04.506+0000] {processor.py:186} INFO - Started process (PID=6959) to work on /opt/airflow/dags/exampledag.py
[2024-08-24T19:35:04.507+0000] {processor.py:914} INFO - Processing file /opt/airflow/dags/exampledag.py for tasks to queue
[2024-08-24T19:35:04.513+0000] {logging_mixin.py:190} INFO - [2024-08-24T19:35:04.512+0000] {dagbag.py:587} INFO - Filling up the DagBag from /opt/airflow/dags/exampledag.py
[2024-08-24T19:35:04.576+0000] {processor.py:925} INFO - DAG(s) 'example_astronauts' retrieved from /opt/airflow/dags/exampledag.py
[2024-08-24T19:35:04.634+0000] {logging_mixin.py:190} INFO - [2024-08-24T19:35:04.633+0000] {dag.py:3211} INFO - Sync 1 DAGs
[2024-08-24T19:35:04.715+0000] {logging_mixin.py:190} INFO - [2024-08-24T19:35:04.715+0000] {dag.py:4138} INFO - Setting next_dagrun for example_astronauts to 2024-08-23 00:00:00+00:00, run_after=2024-08-24 00:00:00+00:00
[2024-08-24T19:35:04.796+0000] {processor.py:208} INFO - Processing /opt/airflow/dags/exampledag.py took 0.307 seconds
[2024-08-24T19:35:35.529+0000] {processor.py:186} INFO - Started process (PID=7022) to work on /opt/airflow/dags/exampledag.py
[2024-08-24T19:35:35.535+0000] {processor.py:914} INFO - Processing file /opt/airflow/dags/exampledag.py for tasks to queue
[2024-08-24T19:35:35.559+0000] {logging_mixin.py:190} INFO - [2024-08-24T19:35:35.556+0000] {dagbag.py:587} INFO - Filling up the DagBag from /opt/airflow/dags/exampledag.py
[2024-08-24T19:35:35.741+0000] {processor.py:925} INFO - DAG(s) 'example_astronauts' retrieved from /opt/airflow/dags/exampledag.py
[2024-08-24T19:35:35.883+0000] {logging_mixin.py:190} INFO - [2024-08-24T19:35:35.882+0000] {dag.py:3211} INFO - Sync 1 DAGs
[2024-08-24T19:35:36.089+0000] {logging_mixin.py:190} INFO - [2024-08-24T19:35:36.088+0000] {dag.py:4138} INFO - Setting next_dagrun for example_astronauts to 2024-08-23 00:00:00+00:00, run_after=2024-08-24 00:00:00+00:00
[2024-08-24T19:35:36.244+0000] {processor.py:208} INFO - Processing /opt/airflow/dags/exampledag.py took 0.757 seconds
[2024-08-24T19:36:12.867+0000] {processor.py:186} INFO - Started process (PID=7081) to work on /opt/airflow/dags/exampledag.py
[2024-08-24T19:36:12.870+0000] {processor.py:914} INFO - Processing file /opt/airflow/dags/exampledag.py for tasks to queue
[2024-08-24T19:36:12.878+0000] {logging_mixin.py:190} INFO - [2024-08-24T19:36:12.877+0000] {dagbag.py:587} INFO - Filling up the DagBag from /opt/airflow/dags/exampledag.py
[2024-08-24T19:36:12.964+0000] {processor.py:925} INFO - DAG(s) 'example_astronauts' retrieved from /opt/airflow/dags/exampledag.py
[2024-08-24T19:36:13.121+0000] {logging_mixin.py:190} INFO - [2024-08-24T19:36:13.121+0000] {dag.py:3211} INFO - Sync 1 DAGs
[2024-08-24T19:36:13.356+0000] {logging_mixin.py:190} INFO - [2024-08-24T19:36:13.354+0000] {dag.py:4138} INFO - Setting next_dagrun for example_astronauts to 2024-08-23 00:00:00+00:00, run_after=2024-08-24 00:00:00+00:00
[2024-08-24T19:36:13.573+0000] {processor.py:208} INFO - Processing /opt/airflow/dags/exampledag.py took 0.725 seconds
[2024-08-24T19:36:44.189+0000] {processor.py:186} INFO - Started process (PID=7144) to work on /opt/airflow/dags/exampledag.py
[2024-08-24T19:36:44.191+0000] {processor.py:914} INFO - Processing file /opt/airflow/dags/exampledag.py for tasks to queue
[2024-08-24T19:36:44.208+0000] {logging_mixin.py:190} INFO - [2024-08-24T19:36:44.198+0000] {dagbag.py:587} INFO - Filling up the DagBag from /opt/airflow/dags/exampledag.py
[2024-08-24T19:36:44.333+0000] {processor.py:925} INFO - DAG(s) 'example_astronauts' retrieved from /opt/airflow/dags/exampledag.py
[2024-08-24T19:36:44.497+0000] {logging_mixin.py:190} INFO - [2024-08-24T19:36:44.496+0000] {dag.py:3211} INFO - Sync 1 DAGs
[2024-08-24T19:36:44.655+0000] {logging_mixin.py:190} INFO - [2024-08-24T19:36:44.655+0000] {dag.py:4138} INFO - Setting next_dagrun for example_astronauts to 2024-08-23 00:00:00+00:00, run_after=2024-08-24 00:00:00+00:00
[2024-08-24T19:36:44.768+0000] {processor.py:208} INFO - Processing /opt/airflow/dags/exampledag.py took 0.611 seconds
[2024-08-24T19:37:14.988+0000] {processor.py:186} INFO - Started process (PID=7206) to work on /opt/airflow/dags/exampledag.py
[2024-08-24T19:37:14.991+0000] {processor.py:914} INFO - Processing file /opt/airflow/dags/exampledag.py for tasks to queue
[2024-08-24T19:37:14.996+0000] {logging_mixin.py:190} INFO - [2024-08-24T19:37:14.996+0000] {dagbag.py:587} INFO - Filling up the DagBag from /opt/airflow/dags/exampledag.py
[2024-08-24T19:37:15.032+0000] {processor.py:925} INFO - DAG(s) 'example_astronauts' retrieved from /opt/airflow/dags/exampledag.py
[2024-08-24T19:37:15.070+0000] {logging_mixin.py:190} INFO - [2024-08-24T19:37:15.070+0000] {dag.py:3211} INFO - Sync 1 DAGs
[2024-08-24T19:37:15.119+0000] {logging_mixin.py:190} INFO - [2024-08-24T19:37:15.119+0000] {dag.py:4138} INFO - Setting next_dagrun for example_astronauts to 2024-08-23 00:00:00+00:00, run_after=2024-08-24 00:00:00+00:00
[2024-08-24T19:37:15.162+0000] {processor.py:208} INFO - Processing /opt/airflow/dags/exampledag.py took 0.188 seconds
[2024-08-24T19:37:45.537+0000] {processor.py:186} INFO - Started process (PID=7266) to work on /opt/airflow/dags/exampledag.py
[2024-08-24T19:37:45.539+0000] {processor.py:914} INFO - Processing file /opt/airflow/dags/exampledag.py for tasks to queue
[2024-08-24T19:37:45.544+0000] {logging_mixin.py:190} INFO - [2024-08-24T19:37:45.543+0000] {dagbag.py:587} INFO - Filling up the DagBag from /opt/airflow/dags/exampledag.py
[2024-08-24T19:37:45.591+0000] {processor.py:925} INFO - DAG(s) 'example_astronauts' retrieved from /opt/airflow/dags/exampledag.py
[2024-08-24T19:37:45.643+0000] {logging_mixin.py:190} INFO - [2024-08-24T19:37:45.643+0000] {dag.py:3211} INFO - Sync 1 DAGs
[2024-08-24T19:37:45.713+0000] {logging_mixin.py:190} INFO - [2024-08-24T19:37:45.713+0000] {dag.py:4138} INFO - Setting next_dagrun for example_astronauts to 2024-08-23 00:00:00+00:00, run_after=2024-08-24 00:00:00+00:00
[2024-08-24T19:37:45.820+0000] {processor.py:208} INFO - Processing /opt/airflow/dags/exampledag.py took 0.301 seconds
[2024-08-24T19:38:17.737+0000] {processor.py:186} INFO - Started process (PID=7329) to work on /opt/airflow/dags/exampledag.py
[2024-08-24T19:38:17.740+0000] {processor.py:914} INFO - Processing file /opt/airflow/dags/exampledag.py for tasks to queue
[2024-08-24T19:38:17.749+0000] {logging_mixin.py:190} INFO - [2024-08-24T19:38:17.748+0000] {dagbag.py:587} INFO - Filling up the DagBag from /opt/airflow/dags/exampledag.py
[2024-08-24T19:38:17.817+0000] {processor.py:925} INFO - DAG(s) 'example_astronauts' retrieved from /opt/airflow/dags/exampledag.py
[2024-08-24T19:38:17.896+0000] {logging_mixin.py:190} INFO - [2024-08-24T19:38:17.895+0000] {dag.py:3211} INFO - Sync 1 DAGs
[2024-08-24T19:38:18.002+0000] {logging_mixin.py:190} INFO - [2024-08-24T19:38:18.001+0000] {dag.py:4138} INFO - Setting next_dagrun for example_astronauts to 2024-08-23 00:00:00+00:00, run_after=2024-08-24 00:00:00+00:00
[2024-08-24T19:38:18.099+0000] {processor.py:208} INFO - Processing /opt/airflow/dags/exampledag.py took 0.382 seconds
[2024-08-24T19:38:48.207+0000] {processor.py:186} INFO - Started process (PID=7392) to work on /opt/airflow/dags/exampledag.py
[2024-08-24T19:38:48.209+0000] {processor.py:914} INFO - Processing file /opt/airflow/dags/exampledag.py for tasks to queue
[2024-08-24T19:38:48.217+0000] {logging_mixin.py:190} INFO - [2024-08-24T19:38:48.216+0000] {dagbag.py:587} INFO - Filling up the DagBag from /opt/airflow/dags/exampledag.py
[2024-08-24T19:38:48.288+0000] {processor.py:925} INFO - DAG(s) 'example_astronauts' retrieved from /opt/airflow/dags/exampledag.py
[2024-08-24T19:38:48.405+0000] {logging_mixin.py:190} INFO - [2024-08-24T19:38:48.403+0000] {dag.py:3211} INFO - Sync 1 DAGs
[2024-08-24T19:38:48.582+0000] {logging_mixin.py:190} INFO - [2024-08-24T19:38:48.581+0000] {dag.py:4138} INFO - Setting next_dagrun for example_astronauts to 2024-08-23 00:00:00+00:00, run_after=2024-08-24 00:00:00+00:00
[2024-08-24T19:38:48.731+0000] {processor.py:208} INFO - Processing /opt/airflow/dags/exampledag.py took 0.547 seconds
[2024-08-24T19:39:18.945+0000] {processor.py:186} INFO - Started process (PID=7454) to work on /opt/airflow/dags/exampledag.py
[2024-08-24T19:39:18.947+0000] {processor.py:914} INFO - Processing file /opt/airflow/dags/exampledag.py for tasks to queue
[2024-08-24T19:39:18.953+0000] {logging_mixin.py:190} INFO - [2024-08-24T19:39:18.952+0000] {dagbag.py:587} INFO - Filling up the DagBag from /opt/airflow/dags/exampledag.py
[2024-08-24T19:39:18.991+0000] {processor.py:925} INFO - DAG(s) 'example_astronauts' retrieved from /opt/airflow/dags/exampledag.py
[2024-08-24T19:39:19.032+0000] {logging_mixin.py:190} INFO - [2024-08-24T19:39:19.032+0000] {dag.py:3211} INFO - Sync 1 DAGs
[2024-08-24T19:39:19.091+0000] {logging_mixin.py:190} INFO - [2024-08-24T19:39:19.090+0000] {dag.py:4138} INFO - Setting next_dagrun for example_astronauts to 2024-08-23 00:00:00+00:00, run_after=2024-08-24 00:00:00+00:00
[2024-08-24T19:39:19.161+0000] {processor.py:208} INFO - Processing /opt/airflow/dags/exampledag.py took 0.230 seconds
[2024-08-24T19:39:49.303+0000] {processor.py:186} INFO - Started process (PID=7515) to work on /opt/airflow/dags/exampledag.py
[2024-08-24T19:39:49.305+0000] {processor.py:914} INFO - Processing file /opt/airflow/dags/exampledag.py for tasks to queue
[2024-08-24T19:39:49.309+0000] {logging_mixin.py:190} INFO - [2024-08-24T19:39:49.309+0000] {dagbag.py:587} INFO - Filling up the DagBag from /opt/airflow/dags/exampledag.py
[2024-08-24T19:39:49.360+0000] {processor.py:925} INFO - DAG(s) 'example_astronauts' retrieved from /opt/airflow/dags/exampledag.py
[2024-08-24T19:39:49.462+0000] {logging_mixin.py:190} INFO - [2024-08-24T19:39:49.462+0000] {dag.py:3211} INFO - Sync 1 DAGs
[2024-08-24T19:39:49.527+0000] {logging_mixin.py:190} INFO - [2024-08-24T19:39:49.527+0000] {dag.py:4138} INFO - Setting next_dagrun for example_astronauts to 2024-08-23 00:00:00+00:00, run_after=2024-08-24 00:00:00+00:00
[2024-08-24T19:39:49.595+0000] {processor.py:208} INFO - Processing /opt/airflow/dags/exampledag.py took 0.310 seconds
[2024-08-24T19:40:24.943+0000] {processor.py:186} INFO - Started process (PID=7586) to work on /opt/airflow/dags/exampledag.py
[2024-08-24T19:40:24.973+0000] {processor.py:914} INFO - Processing file /opt/airflow/dags/exampledag.py for tasks to queue
[2024-08-24T19:40:24.990+0000] {logging_mixin.py:190} INFO - [2024-08-24T19:40:24.989+0000] {dagbag.py:587} INFO - Filling up the DagBag from /opt/airflow/dags/exampledag.py
[2024-08-24T19:40:25.123+0000] {processor.py:925} INFO - DAG(s) 'example_astronauts' retrieved from /opt/airflow/dags/exampledag.py
[2024-08-24T19:40:25.279+0000] {logging_mixin.py:190} INFO - [2024-08-24T19:40:25.279+0000] {dag.py:3211} INFO - Sync 1 DAGs
[2024-08-24T19:40:25.487+0000] {logging_mixin.py:190} INFO - [2024-08-24T19:40:25.486+0000] {dag.py:4138} INFO - Setting next_dagrun for example_astronauts to 2024-08-23 00:00:00+00:00, run_after=2024-08-24 00:00:00+00:00
[2024-08-24T19:40:25.617+0000] {processor.py:208} INFO - Processing /opt/airflow/dags/exampledag.py took 0.721 seconds
[2024-08-24T19:40:56.026+0000] {processor.py:186} INFO - Started process (PID=7648) to work on /opt/airflow/dags/exampledag.py
[2024-08-24T19:40:56.033+0000] {processor.py:914} INFO - Processing file /opt/airflow/dags/exampledag.py for tasks to queue
[2024-08-24T19:40:56.044+0000] {logging_mixin.py:190} INFO - [2024-08-24T19:40:56.043+0000] {dagbag.py:587} INFO - Filling up the DagBag from /opt/airflow/dags/exampledag.py
[2024-08-24T19:40:56.142+0000] {processor.py:925} INFO - DAG(s) 'example_astronauts' retrieved from /opt/airflow/dags/exampledag.py
[2024-08-24T19:40:56.247+0000] {logging_mixin.py:190} INFO - [2024-08-24T19:40:56.235+0000] {dag.py:3211} INFO - Sync 1 DAGs
[2024-08-24T19:40:56.370+0000] {logging_mixin.py:190} INFO - [2024-08-24T19:40:56.369+0000] {dag.py:4138} INFO - Setting next_dagrun for example_astronauts to 2024-08-23 00:00:00+00:00, run_after=2024-08-24 00:00:00+00:00
[2024-08-24T19:40:56.489+0000] {processor.py:208} INFO - Processing /opt/airflow/dags/exampledag.py took 0.502 seconds
[2024-08-24T19:41:26.773+0000] {processor.py:186} INFO - Started process (PID=7711) to work on /opt/airflow/dags/exampledag.py
[2024-08-24T19:41:26.774+0000] {processor.py:914} INFO - Processing file /opt/airflow/dags/exampledag.py for tasks to queue
[2024-08-24T19:41:26.780+0000] {logging_mixin.py:190} INFO - [2024-08-24T19:41:26.779+0000] {dagbag.py:587} INFO - Filling up the DagBag from /opt/airflow/dags/exampledag.py
[2024-08-24T19:41:26.819+0000] {processor.py:925} INFO - DAG(s) 'example_astronauts' retrieved from /opt/airflow/dags/exampledag.py
[2024-08-24T19:41:26.862+0000] {logging_mixin.py:190} INFO - [2024-08-24T19:41:26.862+0000] {dag.py:3211} INFO - Sync 1 DAGs
[2024-08-24T19:41:26.916+0000] {logging_mixin.py:190} INFO - [2024-08-24T19:41:26.915+0000] {dag.py:4138} INFO - Setting next_dagrun for example_astronauts to 2024-08-23 00:00:00+00:00, run_after=2024-08-24 00:00:00+00:00
[2024-08-24T19:41:26.963+0000] {processor.py:208} INFO - Processing /opt/airflow/dags/exampledag.py took 0.204 seconds
[2024-08-24T19:41:58.310+0000] {processor.py:186} INFO - Started process (PID=7774) to work on /opt/airflow/dags/exampledag.py
[2024-08-24T19:41:58.315+0000] {processor.py:914} INFO - Processing file /opt/airflow/dags/exampledag.py for tasks to queue
[2024-08-24T19:41:58.392+0000] {logging_mixin.py:190} INFO - [2024-08-24T19:41:58.392+0000] {dagbag.py:587} INFO - Filling up the DagBag from /opt/airflow/dags/exampledag.py
[2024-08-24T19:42:00.976+0000] {processor.py:925} INFO - DAG(s) 'example_astronauts' retrieved from /opt/airflow/dags/exampledag.py
[2024-08-24T19:42:01.286+0000] {logging_mixin.py:190} INFO - [2024-08-24T19:42:01.286+0000] {dag.py:3211} INFO - Sync 1 DAGs
[2024-08-24T19:42:01.541+0000] {logging_mixin.py:190} INFO - [2024-08-24T19:42:01.540+0000] {dag.py:4138} INFO - Setting next_dagrun for example_astronauts to 2024-08-23 00:00:00+00:00, run_after=2024-08-24 00:00:00+00:00
[2024-08-24T19:42:01.860+0000] {processor.py:208} INFO - Processing /opt/airflow/dags/exampledag.py took 3.623 seconds
[2024-08-24T19:42:32.251+0000] {processor.py:186} INFO - Started process (PID=7838) to work on /opt/airflow/dags/exampledag.py
[2024-08-24T19:42:32.253+0000] {processor.py:914} INFO - Processing file /opt/airflow/dags/exampledag.py for tasks to queue
[2024-08-24T19:42:32.259+0000] {logging_mixin.py:190} INFO - [2024-08-24T19:42:32.258+0000] {dagbag.py:587} INFO - Filling up the DagBag from /opt/airflow/dags/exampledag.py
[2024-08-24T19:42:32.377+0000] {processor.py:925} INFO - DAG(s) 'example_astronauts' retrieved from /opt/airflow/dags/exampledag.py
[2024-08-24T19:42:32.438+0000] {logging_mixin.py:190} INFO - [2024-08-24T19:42:32.437+0000] {dag.py:3211} INFO - Sync 1 DAGs
[2024-08-24T19:42:32.526+0000] {logging_mixin.py:190} INFO - [2024-08-24T19:42:32.521+0000] {dag.py:4138} INFO - Setting next_dagrun for example_astronauts to 2024-08-23 00:00:00+00:00, run_after=2024-08-24 00:00:00+00:00
[2024-08-24T19:42:32.626+0000] {processor.py:208} INFO - Processing /opt/airflow/dags/exampledag.py took 0.389 seconds
[2024-08-24T19:43:03.357+0000] {processor.py:186} INFO - Started process (PID=7900) to work on /opt/airflow/dags/exampledag.py
[2024-08-24T19:43:03.359+0000] {processor.py:914} INFO - Processing file /opt/airflow/dags/exampledag.py for tasks to queue
[2024-08-24T19:43:03.365+0000] {logging_mixin.py:190} INFO - [2024-08-24T19:43:03.364+0000] {dagbag.py:587} INFO - Filling up the DagBag from /opt/airflow/dags/exampledag.py
[2024-08-24T19:43:03.409+0000] {processor.py:925} INFO - DAG(s) 'example_astronauts' retrieved from /opt/airflow/dags/exampledag.py
[2024-08-24T19:43:03.479+0000] {logging_mixin.py:190} INFO - [2024-08-24T19:43:03.478+0000] {dag.py:3211} INFO - Sync 1 DAGs
[2024-08-24T19:43:03.546+0000] {logging_mixin.py:190} INFO - [2024-08-24T19:43:03.546+0000] {dag.py:4138} INFO - Setting next_dagrun for example_astronauts to 2024-08-23 00:00:00+00:00, run_after=2024-08-24 00:00:00+00:00
[2024-08-24T19:43:03.629+0000] {processor.py:208} INFO - Processing /opt/airflow/dags/exampledag.py took 0.290 seconds
[2024-08-24T19:43:34.070+0000] {processor.py:186} INFO - Started process (PID=7963) to work on /opt/airflow/dags/exampledag.py
[2024-08-24T19:43:34.080+0000] {processor.py:914} INFO - Processing file /opt/airflow/dags/exampledag.py for tasks to queue
[2024-08-24T19:43:34.088+0000] {logging_mixin.py:190} INFO - [2024-08-24T19:43:34.087+0000] {dagbag.py:587} INFO - Filling up the DagBag from /opt/airflow/dags/exampledag.py
[2024-08-24T19:43:34.193+0000] {processor.py:925} INFO - DAG(s) 'example_astronauts' retrieved from /opt/airflow/dags/exampledag.py
[2024-08-24T19:43:34.235+0000] {logging_mixin.py:190} INFO - [2024-08-24T19:43:34.234+0000] {dag.py:3211} INFO - Sync 1 DAGs
[2024-08-24T19:43:34.301+0000] {logging_mixin.py:190} INFO - [2024-08-24T19:43:34.298+0000] {dag.py:4138} INFO - Setting next_dagrun for example_astronauts to 2024-08-23 00:00:00+00:00, run_after=2024-08-24 00:00:00+00:00
[2024-08-24T19:43:34.350+0000] {processor.py:208} INFO - Processing /opt/airflow/dags/exampledag.py took 0.295 seconds
[2024-08-24T19:44:04.701+0000] {processor.py:186} INFO - Started process (PID=8026) to work on /opt/airflow/dags/exampledag.py
[2024-08-24T19:44:04.704+0000] {processor.py:914} INFO - Processing file /opt/airflow/dags/exampledag.py for tasks to queue
[2024-08-24T19:44:04.710+0000] {logging_mixin.py:190} INFO - [2024-08-24T19:44:04.710+0000] {dagbag.py:587} INFO - Filling up the DagBag from /opt/airflow/dags/exampledag.py
[2024-08-24T19:44:04.781+0000] {processor.py:925} INFO - DAG(s) 'example_astronauts' retrieved from /opt/airflow/dags/exampledag.py
[2024-08-24T19:44:04.862+0000] {logging_mixin.py:190} INFO - [2024-08-24T19:44:04.861+0000] {dag.py:3211} INFO - Sync 1 DAGs
[2024-08-24T19:44:04.943+0000] {logging_mixin.py:190} INFO - [2024-08-24T19:44:04.943+0000] {dag.py:4138} INFO - Setting next_dagrun for example_astronauts to 2024-08-23 00:00:00+00:00, run_after=2024-08-24 00:00:00+00:00
[2024-08-24T19:44:05.027+0000] {processor.py:208} INFO - Processing /opt/airflow/dags/exampledag.py took 0.343 seconds
[2024-08-24T19:44:39.859+0000] {processor.py:186} INFO - Started process (PID=8089) to work on /opt/airflow/dags/exampledag.py
[2024-08-24T19:44:39.862+0000] {processor.py:914} INFO - Processing file /opt/airflow/dags/exampledag.py for tasks to queue
[2024-08-24T19:44:39.870+0000] {logging_mixin.py:190} INFO - [2024-08-24T19:44:39.869+0000] {dagbag.py:587} INFO - Filling up the DagBag from /opt/airflow/dags/exampledag.py
[2024-08-24T19:44:39.917+0000] {processor.py:925} INFO - DAG(s) 'example_astronauts' retrieved from /opt/airflow/dags/exampledag.py
[2024-08-24T19:44:39.978+0000] {logging_mixin.py:190} INFO - [2024-08-24T19:44:39.977+0000] {dag.py:3211} INFO - Sync 1 DAGs
[2024-08-24T19:44:40.048+0000] {logging_mixin.py:190} INFO - [2024-08-24T19:44:40.047+0000] {dag.py:4138} INFO - Setting next_dagrun for example_astronauts to 2024-08-23 00:00:00+00:00, run_after=2024-08-24 00:00:00+00:00
[2024-08-24T19:44:40.230+0000] {processor.py:208} INFO - Processing /opt/airflow/dags/exampledag.py took 0.389 seconds
[2024-08-24T19:45:12.754+0000] {processor.py:186} INFO - Started process (PID=8145) to work on /opt/airflow/dags/exampledag.py
[2024-08-24T19:45:12.764+0000] {processor.py:914} INFO - Processing file /opt/airflow/dags/exampledag.py for tasks to queue
[2024-08-24T19:45:12.772+0000] {logging_mixin.py:190} INFO - [2024-08-24T19:45:12.771+0000] {dagbag.py:587} INFO - Filling up the DagBag from /opt/airflow/dags/exampledag.py
[2024-08-24T19:45:12.877+0000] {processor.py:925} INFO - DAG(s) 'example_astronauts' retrieved from /opt/airflow/dags/exampledag.py
[2024-08-24T19:45:13.027+0000] {logging_mixin.py:190} INFO - [2024-08-24T19:45:13.027+0000] {dag.py:3211} INFO - Sync 1 DAGs
[2024-08-24T19:45:13.198+0000] {logging_mixin.py:190} INFO - [2024-08-24T19:45:13.198+0000] {dag.py:4138} INFO - Setting next_dagrun for example_astronauts to 2024-08-23 00:00:00+00:00, run_after=2024-08-24 00:00:00+00:00
[2024-08-24T19:45:13.312+0000] {processor.py:208} INFO - Processing /opt/airflow/dags/exampledag.py took 0.580 seconds
[2024-08-24T19:45:43.892+0000] {processor.py:186} INFO - Started process (PID=8208) to work on /opt/airflow/dags/exampledag.py
[2024-08-24T19:45:43.894+0000] {processor.py:914} INFO - Processing file /opt/airflow/dags/exampledag.py for tasks to queue
[2024-08-24T19:45:43.899+0000] {logging_mixin.py:190} INFO - [2024-08-24T19:45:43.898+0000] {dagbag.py:587} INFO - Filling up the DagBag from /opt/airflow/dags/exampledag.py
[2024-08-24T19:45:43.940+0000] {processor.py:925} INFO - DAG(s) 'example_astronauts' retrieved from /opt/airflow/dags/exampledag.py
[2024-08-24T19:45:43.999+0000] {logging_mixin.py:190} INFO - [2024-08-24T19:45:43.999+0000] {dag.py:3211} INFO - Sync 1 DAGs
[2024-08-24T19:45:44.178+0000] {logging_mixin.py:190} INFO - [2024-08-24T19:45:44.167+0000] {dag.py:4138} INFO - Setting next_dagrun for example_astronauts to 2024-08-23 00:00:00+00:00, run_after=2024-08-24 00:00:00+00:00
[2024-08-24T19:45:44.345+0000] {processor.py:208} INFO - Processing /opt/airflow/dags/exampledag.py took 0.466 seconds
[2024-08-24T19:46:14.902+0000] {processor.py:186} INFO - Started process (PID=8271) to work on /opt/airflow/dags/exampledag.py
[2024-08-24T19:46:14.905+0000] {processor.py:914} INFO - Processing file /opt/airflow/dags/exampledag.py for tasks to queue
[2024-08-24T19:46:14.917+0000] {logging_mixin.py:190} INFO - [2024-08-24T19:46:14.916+0000] {dagbag.py:587} INFO - Filling up the DagBag from /opt/airflow/dags/exampledag.py
[2024-08-24T19:46:14.979+0000] {processor.py:925} INFO - DAG(s) 'example_astronauts' retrieved from /opt/airflow/dags/exampledag.py
[2024-08-24T19:46:15.057+0000] {logging_mixin.py:190} INFO - [2024-08-24T19:46:15.057+0000] {dag.py:3211} INFO - Sync 1 DAGs
[2024-08-24T19:46:15.178+0000] {logging_mixin.py:190} INFO - [2024-08-24T19:46:15.177+0000] {dag.py:4138} INFO - Setting next_dagrun for example_astronauts to 2024-08-23 00:00:00+00:00, run_after=2024-08-24 00:00:00+00:00
[2024-08-24T19:46:15.247+0000] {processor.py:208} INFO - Processing /opt/airflow/dags/exampledag.py took 0.371 seconds
[2024-08-24T19:46:45.867+0000] {processor.py:186} INFO - Started process (PID=8334) to work on /opt/airflow/dags/exampledag.py
[2024-08-24T19:46:45.876+0000] {processor.py:914} INFO - Processing file /opt/airflow/dags/exampledag.py for tasks to queue
[2024-08-24T19:46:45.883+0000] {logging_mixin.py:190} INFO - [2024-08-24T19:46:45.882+0000] {dagbag.py:587} INFO - Filling up the DagBag from /opt/airflow/dags/exampledag.py
[2024-08-24T19:46:45.933+0000] {processor.py:925} INFO - DAG(s) 'example_astronauts' retrieved from /opt/airflow/dags/exampledag.py
[2024-08-24T19:46:45.995+0000] {logging_mixin.py:190} INFO - [2024-08-24T19:46:45.995+0000] {dag.py:3211} INFO - Sync 1 DAGs
[2024-08-24T19:46:46.059+0000] {logging_mixin.py:190} INFO - [2024-08-24T19:46:46.058+0000] {dag.py:4138} INFO - Setting next_dagrun for example_astronauts to 2024-08-23 00:00:00+00:00, run_after=2024-08-24 00:00:00+00:00
[2024-08-24T19:46:46.114+0000] {processor.py:208} INFO - Processing /opt/airflow/dags/exampledag.py took 0.270 seconds
[2024-08-24T19:47:16.269+0000] {processor.py:186} INFO - Started process (PID=8397) to work on /opt/airflow/dags/exampledag.py
[2024-08-24T19:47:16.272+0000] {processor.py:914} INFO - Processing file /opt/airflow/dags/exampledag.py for tasks to queue
[2024-08-24T19:47:16.279+0000] {logging_mixin.py:190} INFO - [2024-08-24T19:47:16.278+0000] {dagbag.py:587} INFO - Filling up the DagBag from /opt/airflow/dags/exampledag.py
[2024-08-24T19:47:16.345+0000] {processor.py:925} INFO - DAG(s) 'example_astronauts' retrieved from /opt/airflow/dags/exampledag.py
[2024-08-24T19:47:16.424+0000] {logging_mixin.py:190} INFO - [2024-08-24T19:47:16.423+0000] {dag.py:3211} INFO - Sync 1 DAGs
[2024-08-24T19:47:16.530+0000] {logging_mixin.py:190} INFO - [2024-08-24T19:47:16.529+0000] {dag.py:4138} INFO - Setting next_dagrun for example_astronauts to 2024-08-23 00:00:00+00:00, run_after=2024-08-24 00:00:00+00:00
[2024-08-24T19:47:16.688+0000] {processor.py:208} INFO - Processing /opt/airflow/dags/exampledag.py took 0.440 seconds
[2024-08-24T19:47:46.948+0000] {processor.py:186} INFO - Started process (PID=8459) to work on /opt/airflow/dags/exampledag.py
[2024-08-24T19:47:46.950+0000] {processor.py:914} INFO - Processing file /opt/airflow/dags/exampledag.py for tasks to queue
[2024-08-24T19:47:46.958+0000] {logging_mixin.py:190} INFO - [2024-08-24T19:47:46.957+0000] {dagbag.py:587} INFO - Filling up the DagBag from /opt/airflow/dags/exampledag.py
[2024-08-24T19:47:47.006+0000] {processor.py:925} INFO - DAG(s) 'example_astronauts' retrieved from /opt/airflow/dags/exampledag.py
[2024-08-24T19:47:47.080+0000] {logging_mixin.py:190} INFO - [2024-08-24T19:47:47.079+0000] {dag.py:3211} INFO - Sync 1 DAGs
[2024-08-24T19:47:47.273+0000] {logging_mixin.py:190} INFO - [2024-08-24T19:47:47.272+0000] {dag.py:4138} INFO - Setting next_dagrun for example_astronauts to 2024-08-23 00:00:00+00:00, run_after=2024-08-24 00:00:00+00:00
[2024-08-24T19:47:47.601+0000] {processor.py:208} INFO - Processing /opt/airflow/dags/exampledag.py took 0.658 seconds
[2024-08-24T19:48:18.153+0000] {processor.py:186} INFO - Started process (PID=8522) to work on /opt/airflow/dags/exampledag.py
[2024-08-24T19:48:18.155+0000] {processor.py:914} INFO - Processing file /opt/airflow/dags/exampledag.py for tasks to queue
[2024-08-24T19:48:18.171+0000] {logging_mixin.py:190} INFO - [2024-08-24T19:48:18.171+0000] {dagbag.py:587} INFO - Filling up the DagBag from /opt/airflow/dags/exampledag.py
[2024-08-24T19:48:18.242+0000] {processor.py:925} INFO - DAG(s) 'example_astronauts' retrieved from /opt/airflow/dags/exampledag.py
[2024-08-24T19:48:18.306+0000] {logging_mixin.py:190} INFO - [2024-08-24T19:48:18.305+0000] {dag.py:3211} INFO - Sync 1 DAGs
[2024-08-24T19:48:18.363+0000] {logging_mixin.py:190} INFO - [2024-08-24T19:48:18.363+0000] {dag.py:4138} INFO - Setting next_dagrun for example_astronauts to 2024-08-23 00:00:00+00:00, run_after=2024-08-24 00:00:00+00:00
[2024-08-24T19:48:18.415+0000] {processor.py:208} INFO - Processing /opt/airflow/dags/exampledag.py took 0.280 seconds
[2024-08-24T19:49:02.647+0000] {processor.py:186} INFO - Started process (PID=8564) to work on /opt/airflow/dags/exampledag.py
[2024-08-24T19:49:02.667+0000] {processor.py:914} INFO - Processing file /opt/airflow/dags/exampledag.py for tasks to queue
[2024-08-24T19:49:02.709+0000] {logging_mixin.py:190} INFO - [2024-08-24T19:49:02.708+0000] {dagbag.py:587} INFO - Filling up the DagBag from /opt/airflow/dags/exampledag.py
[2024-08-24T19:49:02.963+0000] {processor.py:925} INFO - DAG(s) 'example_astronauts' retrieved from /opt/airflow/dags/exampledag.py
[2024-08-24T19:49:03.141+0000] {logging_mixin.py:190} INFO - [2024-08-24T19:49:03.140+0000] {dag.py:3211} INFO - Sync 1 DAGs
[2024-08-24T19:49:03.630+0000] {logging_mixin.py:190} INFO - [2024-08-24T19:49:03.629+0000] {dag.py:4138} INFO - Setting next_dagrun for example_astronauts to 2024-08-23 00:00:00+00:00, run_after=2024-08-24 00:00:00+00:00
[2024-08-24T19:49:03.950+0000] {processor.py:208} INFO - Processing /opt/airflow/dags/exampledag.py took 1.356 seconds
[2024-08-24T19:49:45.180+0000] {processor.py:186} INFO - Started process (PID=8606) to work on /opt/airflow/dags/exampledag.py
[2024-08-24T19:49:45.189+0000] {processor.py:914} INFO - Processing file /opt/airflow/dags/exampledag.py for tasks to queue
[2024-08-24T19:49:45.231+0000] {logging_mixin.py:190} INFO - [2024-08-24T19:49:45.231+0000] {dagbag.py:587} INFO - Filling up the DagBag from /opt/airflow/dags/exampledag.py
[2024-08-24T19:49:45.592+0000] {processor.py:925} INFO - DAG(s) 'example_astronauts' retrieved from /opt/airflow/dags/exampledag.py
[2024-08-24T19:49:45.943+0000] {logging_mixin.py:190} INFO - [2024-08-24T19:49:45.931+0000] {dag.py:3211} INFO - Sync 1 DAGs
[2024-08-24T19:49:46.257+0000] {logging_mixin.py:190} INFO - [2024-08-24T19:49:46.256+0000] {dag.py:4138} INFO - Setting next_dagrun for example_astronauts to 2024-08-23 00:00:00+00:00, run_after=2024-08-24 00:00:00+00:00
[2024-08-24T19:49:46.559+0000] {processor.py:208} INFO - Processing /opt/airflow/dags/exampledag.py took 1.474 seconds
[2024-08-24T19:50:44.567+0000] {processor.py:186} INFO - Started process (PID=8675) to work on /opt/airflow/dags/exampledag.py
[2024-08-24T19:50:44.577+0000] {processor.py:914} INFO - Processing file /opt/airflow/dags/exampledag.py for tasks to queue
[2024-08-24T19:50:44.605+0000] {logging_mixin.py:190} INFO - [2024-08-24T19:50:44.604+0000] {dagbag.py:587} INFO - Filling up the DagBag from /opt/airflow/dags/exampledag.py
[2024-08-24T19:50:44.925+0000] {processor.py:925} INFO - DAG(s) 'example_astronauts' retrieved from /opt/airflow/dags/exampledag.py
[2024-08-24T19:50:45.161+0000] {logging_mixin.py:190} INFO - [2024-08-24T19:50:45.161+0000] {dag.py:3211} INFO - Sync 1 DAGs
[2024-08-24T19:50:45.454+0000] {logging_mixin.py:190} INFO - [2024-08-24T19:50:45.454+0000] {dag.py:4138} INFO - Setting next_dagrun for example_astronauts to 2024-08-23 00:00:00+00:00, run_after=2024-08-24 00:00:00+00:00
[2024-08-24T19:50:45.843+0000] {processor.py:208} INFO - Processing /opt/airflow/dags/exampledag.py took 1.318 seconds
[2024-08-24T19:51:47.848+0000] {processor.py:186} INFO - Started process (PID=8742) to work on /opt/airflow/dags/exampledag.py
[2024-08-24T19:51:47.851+0000] {processor.py:914} INFO - Processing file /opt/airflow/dags/exampledag.py for tasks to queue
[2024-08-24T19:51:47.880+0000] {logging_mixin.py:190} INFO - [2024-08-24T19:51:47.879+0000] {dagbag.py:587} INFO - Filling up the DagBag from /opt/airflow/dags/exampledag.py
[2024-08-24T19:51:48.173+0000] {processor.py:925} INFO - DAG(s) 'example_astronauts' retrieved from /opt/airflow/dags/exampledag.py
[2024-08-24T19:51:48.440+0000] {logging_mixin.py:190} INFO - [2024-08-24T19:51:48.439+0000] {dag.py:3211} INFO - Sync 1 DAGs
[2024-08-24T19:51:48.943+0000] {logging_mixin.py:190} INFO - [2024-08-24T19:51:48.943+0000] {dag.py:4138} INFO - Setting next_dagrun for example_astronauts to 2024-08-23 00:00:00+00:00, run_after=2024-08-24 00:00:00+00:00
[2024-08-24T19:51:49.347+0000] {processor.py:208} INFO - Processing /opt/airflow/dags/exampledag.py took 1.560 seconds
[2024-08-24T19:52:40.485+0000] {processor.py:186} INFO - Started process (PID=8808) to work on /opt/airflow/dags/exampledag.py
[2024-08-24T19:52:40.533+0000] {processor.py:914} INFO - Processing file /opt/airflow/dags/exampledag.py for tasks to queue
[2024-08-24T19:52:40.586+0000] {logging_mixin.py:190} INFO - [2024-08-24T19:52:40.585+0000] {dagbag.py:587} INFO - Filling up the DagBag from /opt/airflow/dags/exampledag.py
[2024-08-24T19:52:41.684+0000] {processor.py:925} INFO - DAG(s) 'example_astronauts' retrieved from /opt/airflow/dags/exampledag.py
[2024-08-24T19:52:42.022+0000] {logging_mixin.py:190} INFO - [2024-08-24T19:52:42.021+0000] {dag.py:3211} INFO - Sync 1 DAGs
[2024-08-24T19:52:42.346+0000] {logging_mixin.py:190} INFO - [2024-08-24T19:52:42.345+0000] {dag.py:4138} INFO - Setting next_dagrun for example_astronauts to 2024-08-23 00:00:00+00:00, run_after=2024-08-24 00:00:00+00:00
[2024-08-24T19:52:43.311+0000] {processor.py:208} INFO - Processing /opt/airflow/dags/exampledag.py took 2.895 seconds
[2024-08-24T19:53:28.842+0000] {processor.py:186} INFO - Started process (PID=8870) to work on /opt/airflow/dags/exampledag.py
[2024-08-24T19:53:28.849+0000] {processor.py:914} INFO - Processing file /opt/airflow/dags/exampledag.py for tasks to queue
[2024-08-24T19:53:28.857+0000] {logging_mixin.py:190} INFO - [2024-08-24T19:53:28.856+0000] {dagbag.py:587} INFO - Filling up the DagBag from /opt/airflow/dags/exampledag.py
[2024-08-24T19:53:28.903+0000] {processor.py:925} INFO - DAG(s) 'example_astronauts' retrieved from /opt/airflow/dags/exampledag.py
[2024-08-24T19:53:28.958+0000] {logging_mixin.py:190} INFO - [2024-08-24T19:53:28.958+0000] {dag.py:3211} INFO - Sync 1 DAGs
[2024-08-24T19:53:29.080+0000] {logging_mixin.py:190} INFO - [2024-08-24T19:53:29.079+0000] {dag.py:4138} INFO - Setting next_dagrun for example_astronauts to 2024-08-23 00:00:00+00:00, run_after=2024-08-24 00:00:00+00:00
[2024-08-24T19:53:29.168+0000] {processor.py:208} INFO - Processing /opt/airflow/dags/exampledag.py took 0.362 seconds
[2024-08-24T19:53:59.421+0000] {processor.py:186} INFO - Started process (PID=8931) to work on /opt/airflow/dags/exampledag.py
[2024-08-24T19:53:59.424+0000] {processor.py:914} INFO - Processing file /opt/airflow/dags/exampledag.py for tasks to queue
[2024-08-24T19:53:59.431+0000] {logging_mixin.py:190} INFO - [2024-08-24T19:53:59.429+0000] {dagbag.py:587} INFO - Filling up the DagBag from /opt/airflow/dags/exampledag.py
[2024-08-24T19:53:59.513+0000] {processor.py:925} INFO - DAG(s) 'example_astronauts' retrieved from /opt/airflow/dags/exampledag.py
[2024-08-24T19:53:59.625+0000] {logging_mixin.py:190} INFO - [2024-08-24T19:53:59.624+0000] {dag.py:3211} INFO - Sync 1 DAGs
[2024-08-24T19:54:00.340+0000] {logging_mixin.py:190} INFO - [2024-08-24T19:54:00.340+0000] {dag.py:4138} INFO - Setting next_dagrun for example_astronauts to 2024-08-23 00:00:00+00:00, run_after=2024-08-24 00:00:00+00:00
[2024-08-24T19:54:00.398+0000] {processor.py:208} INFO - Processing /opt/airflow/dags/exampledag.py took 1.019 seconds
[2024-08-24T19:54:30.693+0000] {processor.py:186} INFO - Started process (PID=8995) to work on /opt/airflow/dags/exampledag.py
[2024-08-24T19:54:30.695+0000] {processor.py:914} INFO - Processing file /opt/airflow/dags/exampledag.py for tasks to queue
[2024-08-24T19:54:30.700+0000] {logging_mixin.py:190} INFO - [2024-08-24T19:54:30.700+0000] {dagbag.py:587} INFO - Filling up the DagBag from /opt/airflow/dags/exampledag.py
[2024-08-24T19:54:30.755+0000] {processor.py:925} INFO - DAG(s) 'example_astronauts' retrieved from /opt/airflow/dags/exampledag.py
[2024-08-24T19:54:30.807+0000] {logging_mixin.py:190} INFO - [2024-08-24T19:54:30.807+0000] {dag.py:3211} INFO - Sync 1 DAGs
[2024-08-24T19:54:31.194+0000] {logging_mixin.py:190} INFO - [2024-08-24T19:54:31.194+0000] {dag.py:4138} INFO - Setting next_dagrun for example_astronauts to 2024-08-23 00:00:00+00:00, run_after=2024-08-24 00:00:00+00:00
[2024-08-24T19:54:31.252+0000] {processor.py:208} INFO - Processing /opt/airflow/dags/exampledag.py took 0.572 seconds
[2024-08-24T19:55:01.527+0000] {processor.py:186} INFO - Started process (PID=9056) to work on /opt/airflow/dags/exampledag.py
[2024-08-24T19:55:01.530+0000] {processor.py:914} INFO - Processing file /opt/airflow/dags/exampledag.py for tasks to queue
[2024-08-24T19:55:01.536+0000] {logging_mixin.py:190} INFO - [2024-08-24T19:55:01.535+0000] {dagbag.py:587} INFO - Filling up the DagBag from /opt/airflow/dags/exampledag.py
[2024-08-24T19:55:01.587+0000] {processor.py:925} INFO - DAG(s) 'example_astronauts' retrieved from /opt/airflow/dags/exampledag.py
[2024-08-24T19:55:01.651+0000] {logging_mixin.py:190} INFO - [2024-08-24T19:55:01.650+0000] {dag.py:3211} INFO - Sync 1 DAGs
[2024-08-24T19:55:01.764+0000] {logging_mixin.py:190} INFO - [2024-08-24T19:55:01.763+0000] {dag.py:4138} INFO - Setting next_dagrun for example_astronauts to 2024-08-23 00:00:00+00:00, run_after=2024-08-24 00:00:00+00:00
[2024-08-24T19:55:01.883+0000] {processor.py:208} INFO - Processing /opt/airflow/dags/exampledag.py took 0.375 seconds
