[2024-08-24T16:32:37.123+0000] {processor.py:186} INFO - Started process (PID=107) to work on /home/airflow/.local/lib/python3.12/site-packages/airflow/example_dags/example_task_group.py
[2024-08-24T16:32:37.185+0000] {processor.py:914} INFO - Processing file /home/airflow/.local/lib/python3.12/site-packages/airflow/example_dags/example_task_group.py for tasks to queue
[2024-08-24T16:32:37.268+0000] {logging_mixin.py:190} INFO - [2024-08-24T16:32:37.266+0000] {dagbag.py:587} INFO - Filling up the DagBag from /home/airflow/.local/lib/python3.12/site-packages/airflow/example_dags/example_task_group.py
[2024-08-24T16:32:37.530+0000] {processor.py:925} INFO - DAG(s) 'example_task_group' retrieved from /home/airflow/.local/lib/python3.12/site-packages/airflow/example_dags/example_task_group.py
[2024-08-24T16:32:40.173+0000] {logging_mixin.py:190} INFO - [2024-08-24T16:32:40.171+0000] {override.py:1858} INFO - Created Permission View: can delete on DAG:example_task_group
[2024-08-24T16:32:40.541+0000] {logging_mixin.py:190} INFO - [2024-08-24T16:32:40.540+0000] {override.py:1858} INFO - Created Permission View: can read on DAG:example_task_group
[2024-08-24T16:32:40.753+0000] {logging_mixin.py:190} INFO - [2024-08-24T16:32:40.752+0000] {override.py:1858} INFO - Created Permission View: can edit on DAG:example_task_group
[2024-08-24T16:32:40.798+0000] {logging_mixin.py:190} INFO - [2024-08-24T16:32:40.797+0000] {dag.py:3211} INFO - Sync 1 DAGs
[2024-08-24T16:32:41.024+0000] {logging_mixin.py:190} INFO - [2024-08-24T16:32:41.024+0000] {dag.py:3234} INFO - Creating ORM DAG for example_task_group
[2024-08-24T16:32:41.167+0000] {logging_mixin.py:190} INFO - [2024-08-24T16:32:41.166+0000] {dag.py:4138} INFO - Setting next_dagrun for example_task_group to 2024-08-23 00:00:00+00:00, run_after=2024-08-24 00:00:00+00:00
[2024-08-24T16:32:41.391+0000] {processor.py:208} INFO - Processing /home/airflow/.local/lib/python3.12/site-packages/airflow/example_dags/example_task_group.py took 4.414 seconds
[2024-08-24T16:33:43.788+0000] {processor.py:186} INFO - Started process (PID=175) to work on /home/airflow/.local/lib/python3.12/site-packages/airflow/example_dags/example_task_group.py
[2024-08-24T16:33:43.808+0000] {processor.py:914} INFO - Processing file /home/airflow/.local/lib/python3.12/site-packages/airflow/example_dags/example_task_group.py for tasks to queue
[2024-08-24T16:33:43.824+0000] {logging_mixin.py:190} INFO - [2024-08-24T16:33:43.823+0000] {dagbag.py:587} INFO - Filling up the DagBag from /home/airflow/.local/lib/python3.12/site-packages/airflow/example_dags/example_task_group.py
[2024-08-24T16:33:43.920+0000] {processor.py:925} INFO - DAG(s) 'example_task_group' retrieved from /home/airflow/.local/lib/python3.12/site-packages/airflow/example_dags/example_task_group.py
[2024-08-24T16:33:44.159+0000] {logging_mixin.py:190} INFO - [2024-08-24T16:33:44.158+0000] {dag.py:3211} INFO - Sync 1 DAGs
[2024-08-24T16:33:44.356+0000] {logging_mixin.py:190} INFO - [2024-08-24T16:33:44.356+0000] {dag.py:4138} INFO - Setting next_dagrun for example_task_group to 2024-08-23 00:00:00+00:00, run_after=2024-08-24 00:00:00+00:00
[2024-08-24T16:33:44.445+0000] {processor.py:208} INFO - Processing /home/airflow/.local/lib/python3.12/site-packages/airflow/example_dags/example_task_group.py took 0.687 seconds
[2024-08-24T16:34:26.233+0000] {processor.py:186} INFO - Started process (PID=237) to work on /home/airflow/.local/lib/python3.12/site-packages/airflow/example_dags/example_task_group.py
[2024-08-24T16:34:26.296+0000] {processor.py:914} INFO - Processing file /home/airflow/.local/lib/python3.12/site-packages/airflow/example_dags/example_task_group.py for tasks to queue
[2024-08-24T16:34:26.326+0000] {logging_mixin.py:190} INFO - [2024-08-24T16:34:26.324+0000] {dagbag.py:587} INFO - Filling up the DagBag from /home/airflow/.local/lib/python3.12/site-packages/airflow/example_dags/example_task_group.py
[2024-08-24T16:34:26.517+0000] {processor.py:925} INFO - DAG(s) 'example_task_group' retrieved from /home/airflow/.local/lib/python3.12/site-packages/airflow/example_dags/example_task_group.py
[2024-08-24T16:34:26.721+0000] {logging_mixin.py:190} INFO - [2024-08-24T16:34:26.721+0000] {dag.py:3211} INFO - Sync 1 DAGs
[2024-08-24T16:34:27.061+0000] {logging_mixin.py:190} INFO - [2024-08-24T16:34:27.060+0000] {dag.py:4138} INFO - Setting next_dagrun for example_task_group to 2024-08-23 00:00:00+00:00, run_after=2024-08-24 00:00:00+00:00
[2024-08-24T16:34:27.269+0000] {processor.py:208} INFO - Processing /home/airflow/.local/lib/python3.12/site-packages/airflow/example_dags/example_task_group.py took 1.204 seconds
[2024-08-24T16:34:58.388+0000] {processor.py:186} INFO - Started process (PID=300) to work on /home/airflow/.local/lib/python3.12/site-packages/airflow/example_dags/example_task_group.py
[2024-08-24T16:34:58.391+0000] {processor.py:914} INFO - Processing file /home/airflow/.local/lib/python3.12/site-packages/airflow/example_dags/example_task_group.py for tasks to queue
[2024-08-24T16:34:58.406+0000] {logging_mixin.py:190} INFO - [2024-08-24T16:34:58.404+0000] {dagbag.py:587} INFO - Filling up the DagBag from /home/airflow/.local/lib/python3.12/site-packages/airflow/example_dags/example_task_group.py
[2024-08-24T16:34:58.458+0000] {processor.py:925} INFO - DAG(s) 'example_task_group' retrieved from /home/airflow/.local/lib/python3.12/site-packages/airflow/example_dags/example_task_group.py
[2024-08-24T16:34:58.646+0000] {logging_mixin.py:190} INFO - [2024-08-24T16:34:58.645+0000] {dag.py:3211} INFO - Sync 1 DAGs
[2024-08-24T16:34:58.805+0000] {logging_mixin.py:190} INFO - [2024-08-24T16:34:58.804+0000] {dag.py:4138} INFO - Setting next_dagrun for example_task_group to 2024-08-23 00:00:00+00:00, run_after=2024-08-24 00:00:00+00:00
[2024-08-24T16:34:58.873+0000] {processor.py:208} INFO - Processing /home/airflow/.local/lib/python3.12/site-packages/airflow/example_dags/example_task_group.py took 0.536 seconds
[2024-08-24T16:35:49.794+0000] {processor.py:186} INFO - Started process (PID=364) to work on /home/airflow/.local/lib/python3.12/site-packages/airflow/example_dags/example_task_group.py
[2024-08-24T16:35:49.810+0000] {processor.py:914} INFO - Processing file /home/airflow/.local/lib/python3.12/site-packages/airflow/example_dags/example_task_group.py for tasks to queue
[2024-08-24T16:35:49.876+0000] {logging_mixin.py:190} INFO - [2024-08-24T16:35:49.875+0000] {dagbag.py:587} INFO - Filling up the DagBag from /home/airflow/.local/lib/python3.12/site-packages/airflow/example_dags/example_task_group.py
[2024-08-24T16:35:49.975+0000] {processor.py:925} INFO - DAG(s) 'example_task_group' retrieved from /home/airflow/.local/lib/python3.12/site-packages/airflow/example_dags/example_task_group.py
[2024-08-24T16:35:50.231+0000] {logging_mixin.py:190} INFO - [2024-08-24T16:35:50.230+0000] {dag.py:3211} INFO - Sync 1 DAGs
[2024-08-24T16:35:50.558+0000] {logging_mixin.py:190} INFO - [2024-08-24T16:35:50.557+0000] {dag.py:4138} INFO - Setting next_dagrun for example_task_group to 2024-08-23 00:00:00+00:00, run_after=2024-08-24 00:00:00+00:00
[2024-08-24T16:35:50.867+0000] {processor.py:208} INFO - Processing /home/airflow/.local/lib/python3.12/site-packages/airflow/example_dags/example_task_group.py took 1.123 seconds
[2024-08-24T16:37:34.897+0000] {processor.py:186} INFO - Started process (PID=457) to work on /home/airflow/.local/lib/python3.12/site-packages/airflow/example_dags/example_task_group.py
[2024-08-24T16:37:34.923+0000] {processor.py:914} INFO - Processing file /home/airflow/.local/lib/python3.12/site-packages/airflow/example_dags/example_task_group.py for tasks to queue
[2024-08-24T16:37:34.953+0000] {logging_mixin.py:190} INFO - [2024-08-24T16:37:34.952+0000] {dagbag.py:587} INFO - Filling up the DagBag from /home/airflow/.local/lib/python3.12/site-packages/airflow/example_dags/example_task_group.py
[2024-08-24T16:37:35.025+0000] {processor.py:925} INFO - DAG(s) 'example_task_group' retrieved from /home/airflow/.local/lib/python3.12/site-packages/airflow/example_dags/example_task_group.py
[2024-08-24T16:37:35.388+0000] {logging_mixin.py:190} INFO - [2024-08-24T16:37:35.379+0000] {dag.py:3211} INFO - Sync 1 DAGs
[2024-08-24T16:37:36.518+0000] {logging_mixin.py:190} INFO - [2024-08-24T16:37:36.517+0000] {dag.py:4138} INFO - Setting next_dagrun for example_task_group to 2024-08-23 00:00:00+00:00, run_after=2024-08-24 00:00:00+00:00
[2024-08-24T16:37:36.928+0000] {processor.py:208} INFO - Processing /home/airflow/.local/lib/python3.12/site-packages/airflow/example_dags/example_task_group.py took 2.087 seconds
