[2024-08-24T16:32:57.306+0000] {processor.py:186} INFO - Started process (PID=117) to work on /home/airflow/.local/lib/python3.12/site-packages/airflow/example_dags/example_dataset_alias.py
[2024-08-24T16:32:57.321+0000] {processor.py:914} INFO - Processing file /home/airflow/.local/lib/python3.12/site-packages/airflow/example_dags/example_dataset_alias.py for tasks to queue
[2024-08-24T16:32:57.338+0000] {logging_mixin.py:190} INFO - [2024-08-24T16:32:57.337+0000] {dagbag.py:587} INFO - Filling up the DagBag from /home/airflow/.local/lib/python3.12/site-packages/airflow/example_dags/example_dataset_alias.py
[2024-08-24T16:32:59.137+0000] {processor.py:925} INFO - DAG(s) 'dataset_alias_example_alias_producer', 'dataset_s3_bucket_producer', 'dataset_alias_example_alias_consumer', 'dataset_s3_bucket_consumer' retrieved from /home/airflow/.local/lib/python3.12/site-packages/airflow/example_dags/example_dataset_alias.py
[2024-08-24T16:33:01.135+0000] {logging_mixin.py:190} INFO - [2024-08-24T16:33:01.134+0000] {override.py:1858} INFO - Created Permission View: can delete on DAG:dataset_alias_example_alias_producer
[2024-08-24T16:33:01.288+0000] {logging_mixin.py:190} INFO - [2024-08-24T16:33:01.287+0000] {override.py:1858} INFO - Created Permission View: can read on DAG:dataset_alias_example_alias_producer
[2024-08-24T16:33:01.544+0000] {logging_mixin.py:190} INFO - [2024-08-24T16:33:01.543+0000] {override.py:1858} INFO - Created Permission View: can edit on DAG:dataset_alias_example_alias_producer
[2024-08-24T16:33:01.850+0000] {logging_mixin.py:190} INFO - [2024-08-24T16:33:01.849+0000] {override.py:1858} INFO - Created Permission View: can delete on DAG:dataset_s3_bucket_producer
[2024-08-24T16:33:02.048+0000] {logging_mixin.py:190} INFO - [2024-08-24T16:33:02.048+0000] {override.py:1858} INFO - Created Permission View: can read on DAG:dataset_s3_bucket_producer
[2024-08-24T16:33:02.160+0000] {logging_mixin.py:190} INFO - [2024-08-24T16:33:02.159+0000] {override.py:1858} INFO - Created Permission View: can edit on DAG:dataset_s3_bucket_producer
[2024-08-24T16:33:02.350+0000] {logging_mixin.py:190} INFO - [2024-08-24T16:33:02.349+0000] {override.py:1858} INFO - Created Permission View: can delete on DAG:dataset_alias_example_alias_consumer
[2024-08-24T16:33:02.416+0000] {logging_mixin.py:190} INFO - [2024-08-24T16:33:02.416+0000] {override.py:1858} INFO - Created Permission View: can read on DAG:dataset_alias_example_alias_consumer
[2024-08-24T16:33:02.502+0000] {logging_mixin.py:190} INFO - [2024-08-24T16:33:02.495+0000] {override.py:1858} INFO - Created Permission View: can edit on DAG:dataset_alias_example_alias_consumer
[2024-08-24T16:33:02.745+0000] {logging_mixin.py:190} INFO - [2024-08-24T16:33:02.745+0000] {override.py:1858} INFO - Created Permission View: can delete on DAG:dataset_s3_bucket_consumer
[2024-08-24T16:33:02.828+0000] {logging_mixin.py:190} INFO - [2024-08-24T16:33:02.828+0000] {override.py:1858} INFO - Created Permission View: can read on DAG:dataset_s3_bucket_consumer
[2024-08-24T16:33:02.943+0000] {logging_mixin.py:190} INFO - [2024-08-24T16:33:02.939+0000] {override.py:1858} INFO - Created Permission View: can edit on DAG:dataset_s3_bucket_consumer
[2024-08-24T16:33:02.945+0000] {logging_mixin.py:190} INFO - [2024-08-24T16:33:02.945+0000] {dag.py:3211} INFO - Sync 4 DAGs
[2024-08-24T16:33:03.155+0000] {logging_mixin.py:190} INFO - [2024-08-24T16:33:03.155+0000] {dag.py:3234} INFO - Creating ORM DAG for dataset_s3_bucket_consumer
[2024-08-24T16:33:03.174+0000] {logging_mixin.py:190} INFO - [2024-08-24T16:33:03.173+0000] {dag.py:3234} INFO - Creating ORM DAG for dataset_alias_example_alias_producer
[2024-08-24T16:33:03.197+0000] {logging_mixin.py:190} INFO - [2024-08-24T16:33:03.197+0000] {dag.py:3234} INFO - Creating ORM DAG for dataset_s3_bucket_producer
[2024-08-24T16:33:03.224+0000] {logging_mixin.py:190} INFO - [2024-08-24T16:33:03.223+0000] {dag.py:3234} INFO - Creating ORM DAG for dataset_alias_example_alias_consumer
[2024-08-24T16:33:03.300+0000] {logging_mixin.py:190} INFO - [2024-08-24T16:33:03.299+0000] {dag.py:4138} INFO - Setting next_dagrun for dataset_alias_example_alias_consumer to None, run_after=None
[2024-08-24T16:33:03.303+0000] {logging_mixin.py:190} INFO - [2024-08-24T16:33:03.303+0000] {dag.py:4138} INFO - Setting next_dagrun for dataset_alias_example_alias_producer to None, run_after=None
[2024-08-24T16:33:03.313+0000] {logging_mixin.py:190} INFO - [2024-08-24T16:33:03.312+0000] {dag.py:4138} INFO - Setting next_dagrun for dataset_s3_bucket_consumer to None, run_after=None
[2024-08-24T16:33:03.320+0000] {logging_mixin.py:190} INFO - [2024-08-24T16:33:03.319+0000] {dag.py:4138} INFO - Setting next_dagrun for dataset_s3_bucket_producer to None, run_after=None
[2024-08-24T16:33:03.674+0000] {processor.py:208} INFO - Processing /home/airflow/.local/lib/python3.12/site-packages/airflow/example_dags/example_dataset_alias.py took 6.492 seconds
[2024-08-24T16:33:48.959+0000] {processor.py:186} INFO - Started process (PID=185) to work on /home/airflow/.local/lib/python3.12/site-packages/airflow/example_dags/example_dataset_alias.py
[2024-08-24T16:33:48.971+0000] {processor.py:914} INFO - Processing file /home/airflow/.local/lib/python3.12/site-packages/airflow/example_dags/example_dataset_alias.py for tasks to queue
[2024-08-24T16:33:49.003+0000] {logging_mixin.py:190} INFO - [2024-08-24T16:33:49.002+0000] {dagbag.py:587} INFO - Filling up the DagBag from /home/airflow/.local/lib/python3.12/site-packages/airflow/example_dags/example_dataset_alias.py
[2024-08-24T16:33:50.601+0000] {processor.py:925} INFO - DAG(s) 'dataset_alias_example_alias_producer', 'dataset_s3_bucket_consumer', 'dataset_alias_example_alias_consumer', 'dataset_s3_bucket_producer' retrieved from /home/airflow/.local/lib/python3.12/site-packages/airflow/example_dags/example_dataset_alias.py
[2024-08-24T16:33:50.783+0000] {logging_mixin.py:190} INFO - [2024-08-24T16:33:50.783+0000] {dag.py:3211} INFO - Sync 4 DAGs
[2024-08-24T16:33:50.993+0000] {logging_mixin.py:190} INFO - [2024-08-24T16:33:50.992+0000] {dag.py:4138} INFO - Setting next_dagrun for dataset_alias_example_alias_consumer to None, run_after=None
[2024-08-24T16:33:51.024+0000] {logging_mixin.py:190} INFO - [2024-08-24T16:33:51.023+0000] {dag.py:4138} INFO - Setting next_dagrun for dataset_alias_example_alias_producer to None, run_after=None
[2024-08-24T16:33:51.039+0000] {logging_mixin.py:190} INFO - [2024-08-24T16:33:51.038+0000] {dag.py:4138} INFO - Setting next_dagrun for dataset_s3_bucket_consumer to None, run_after=None
[2024-08-24T16:33:51.056+0000] {logging_mixin.py:190} INFO - [2024-08-24T16:33:51.055+0000] {dag.py:4138} INFO - Setting next_dagrun for dataset_s3_bucket_producer to None, run_after=None
[2024-08-24T16:33:51.309+0000] {processor.py:208} INFO - Processing /home/airflow/.local/lib/python3.12/site-packages/airflow/example_dags/example_dataset_alias.py took 2.400 seconds
[2024-08-24T16:34:34.207+0000] {processor.py:186} INFO - Started process (PID=254) to work on /home/airflow/.local/lib/python3.12/site-packages/airflow/example_dags/example_dataset_alias.py
[2024-08-24T16:34:34.230+0000] {processor.py:914} INFO - Processing file /home/airflow/.local/lib/python3.12/site-packages/airflow/example_dags/example_dataset_alias.py for tasks to queue
[2024-08-24T16:34:34.237+0000] {logging_mixin.py:190} INFO - [2024-08-24T16:34:34.236+0000] {dagbag.py:587} INFO - Filling up the DagBag from /home/airflow/.local/lib/python3.12/site-packages/airflow/example_dags/example_dataset_alias.py
[2024-08-24T16:34:35.778+0000] {processor.py:925} INFO - DAG(s) 'dataset_s3_bucket_consumer', 'dataset_alias_example_alias_producer', 'dataset_alias_example_alias_consumer', 'dataset_s3_bucket_producer' retrieved from /home/airflow/.local/lib/python3.12/site-packages/airflow/example_dags/example_dataset_alias.py
[2024-08-24T16:34:36.005+0000] {logging_mixin.py:190} INFO - [2024-08-24T16:34:36.001+0000] {dag.py:3211} INFO - Sync 4 DAGs
[2024-08-24T16:34:36.157+0000] {logging_mixin.py:190} INFO - [2024-08-24T16:34:36.156+0000] {dag.py:4138} INFO - Setting next_dagrun for dataset_alias_example_alias_consumer to None, run_after=None
[2024-08-24T16:34:36.184+0000] {logging_mixin.py:190} INFO - [2024-08-24T16:34:36.183+0000] {dag.py:4138} INFO - Setting next_dagrun for dataset_alias_example_alias_producer to None, run_after=None
[2024-08-24T16:34:36.201+0000] {logging_mixin.py:190} INFO - [2024-08-24T16:34:36.200+0000] {dag.py:4138} INFO - Setting next_dagrun for dataset_s3_bucket_consumer to None, run_after=None
[2024-08-24T16:34:36.223+0000] {logging_mixin.py:190} INFO - [2024-08-24T16:34:36.223+0000] {dag.py:4138} INFO - Setting next_dagrun for dataset_s3_bucket_producer to None, run_after=None
[2024-08-24T16:34:36.441+0000] {processor.py:208} INFO - Processing /home/airflow/.local/lib/python3.12/site-packages/airflow/example_dags/example_dataset_alias.py took 2.287 seconds
[2024-08-24T16:35:06.928+0000] {processor.py:186} INFO - Started process (PID=316) to work on /home/airflow/.local/lib/python3.12/site-packages/airflow/example_dags/example_dataset_alias.py
[2024-08-24T16:35:06.930+0000] {processor.py:914} INFO - Processing file /home/airflow/.local/lib/python3.12/site-packages/airflow/example_dags/example_dataset_alias.py for tasks to queue
[2024-08-24T16:35:06.955+0000] {logging_mixin.py:190} INFO - [2024-08-24T16:35:06.950+0000] {dagbag.py:587} INFO - Filling up the DagBag from /home/airflow/.local/lib/python3.12/site-packages/airflow/example_dags/example_dataset_alias.py
[2024-08-24T16:35:09.304+0000] {processor.py:925} INFO - DAG(s) 'dataset_alias_example_alias_producer', 'dataset_s3_bucket_producer', 'dataset_s3_bucket_consumer', 'dataset_alias_example_alias_consumer' retrieved from /home/airflow/.local/lib/python3.12/site-packages/airflow/example_dags/example_dataset_alias.py
[2024-08-24T16:35:09.965+0000] {logging_mixin.py:190} INFO - [2024-08-24T16:35:09.965+0000] {dag.py:3211} INFO - Sync 4 DAGs
[2024-08-24T16:35:10.560+0000] {logging_mixin.py:190} INFO - [2024-08-24T16:35:10.558+0000] {dag.py:4138} INFO - Setting next_dagrun for dataset_alias_example_alias_consumer to None, run_after=None
[2024-08-24T16:35:10.612+0000] {logging_mixin.py:190} INFO - [2024-08-24T16:35:10.611+0000] {dag.py:4138} INFO - Setting next_dagrun for dataset_alias_example_alias_producer to None, run_after=None
[2024-08-24T16:35:10.638+0000] {logging_mixin.py:190} INFO - [2024-08-24T16:35:10.638+0000] {dag.py:4138} INFO - Setting next_dagrun for dataset_s3_bucket_consumer to None, run_after=None
[2024-08-24T16:35:10.685+0000] {logging_mixin.py:190} INFO - [2024-08-24T16:35:10.684+0000] {dag.py:4138} INFO - Setting next_dagrun for dataset_s3_bucket_producer to None, run_after=None
[2024-08-24T16:35:11.424+0000] {processor.py:208} INFO - Processing /home/airflow/.local/lib/python3.12/site-packages/airflow/example_dags/example_dataset_alias.py took 4.564 seconds
[2024-08-24T16:36:49.948+0000] {processor.py:186} INFO - Started process (PID=408) to work on /home/airflow/.local/lib/python3.12/site-packages/airflow/example_dags/example_dataset_alias.py
[2024-08-24T16:36:50.048+0000] {processor.py:914} INFO - Processing file /home/airflow/.local/lib/python3.12/site-packages/airflow/example_dags/example_dataset_alias.py for tasks to queue
[2024-08-24T16:36:50.184+0000] {logging_mixin.py:190} INFO - [2024-08-24T16:36:50.182+0000] {dagbag.py:587} INFO - Filling up the DagBag from /home/airflow/.local/lib/python3.12/site-packages/airflow/example_dags/example_dataset_alias.py
[2024-08-24T16:36:52.989+0000] {processor.py:925} INFO - DAG(s) 'dataset_alias_example_alias_consumer', 'dataset_s3_bucket_producer', 'dataset_alias_example_alias_producer', 'dataset_s3_bucket_consumer' retrieved from /home/airflow/.local/lib/python3.12/site-packages/airflow/example_dags/example_dataset_alias.py
[2024-08-24T16:36:53.384+0000] {logging_mixin.py:190} INFO - [2024-08-24T16:36:53.384+0000] {dag.py:3211} INFO - Sync 4 DAGs
[2024-08-24T16:36:53.691+0000] {logging_mixin.py:190} INFO - [2024-08-24T16:36:53.691+0000] {dag.py:4138} INFO - Setting next_dagrun for dataset_alias_example_alias_consumer to None, run_after=None
[2024-08-24T16:36:53.733+0000] {logging_mixin.py:190} INFO - [2024-08-24T16:36:53.732+0000] {dag.py:4138} INFO - Setting next_dagrun for dataset_alias_example_alias_producer to None, run_after=None
[2024-08-24T16:36:53.754+0000] {logging_mixin.py:190} INFO - [2024-08-24T16:36:53.753+0000] {dag.py:4138} INFO - Setting next_dagrun for dataset_s3_bucket_consumer to None, run_after=None
[2024-08-24T16:36:53.772+0000] {logging_mixin.py:190} INFO - [2024-08-24T16:36:53.772+0000] {dag.py:4138} INFO - Setting next_dagrun for dataset_s3_bucket_producer to None, run_after=None
[2024-08-24T16:36:53.983+0000] {processor.py:208} INFO - Processing /home/airflow/.local/lib/python3.12/site-packages/airflow/example_dags/example_dataset_alias.py took 4.080 seconds
[2024-08-24T16:37:55.215+0000] {processor.py:186} INFO - Started process (PID=475) to work on /home/airflow/.local/lib/python3.12/site-packages/airflow/example_dags/example_dataset_alias.py
[2024-08-24T16:37:55.234+0000] {processor.py:914} INFO - Processing file /home/airflow/.local/lib/python3.12/site-packages/airflow/example_dags/example_dataset_alias.py for tasks to queue
[2024-08-24T16:37:55.267+0000] {logging_mixin.py:190} INFO - [2024-08-24T16:37:55.266+0000] {dagbag.py:587} INFO - Filling up the DagBag from /home/airflow/.local/lib/python3.12/site-packages/airflow/example_dags/example_dataset_alias.py
[2024-08-24T16:37:58.272+0000] {processor.py:925} INFO - DAG(s) 'dataset_s3_bucket_consumer', 'dataset_alias_example_alias_consumer', 'dataset_s3_bucket_producer', 'dataset_alias_example_alias_producer' retrieved from /home/airflow/.local/lib/python3.12/site-packages/airflow/example_dags/example_dataset_alias.py
[2024-08-24T16:37:58.658+0000] {logging_mixin.py:190} INFO - [2024-08-24T16:37:58.657+0000] {dag.py:3211} INFO - Sync 4 DAGs
[2024-08-24T16:37:59.399+0000] {logging_mixin.py:190} INFO - [2024-08-24T16:37:59.397+0000] {dag.py:4138} INFO - Setting next_dagrun for dataset_alias_example_alias_consumer to None, run_after=None
[2024-08-24T16:37:59.450+0000] {logging_mixin.py:190} INFO - [2024-08-24T16:37:59.450+0000] {dag.py:4138} INFO - Setting next_dagrun for dataset_alias_example_alias_producer to None, run_after=None
[2024-08-24T16:37:59.467+0000] {logging_mixin.py:190} INFO - [2024-08-24T16:37:59.467+0000] {dag.py:4138} INFO - Setting next_dagrun for dataset_s3_bucket_consumer to None, run_after=None
[2024-08-24T16:37:59.476+0000] {logging_mixin.py:190} INFO - [2024-08-24T16:37:59.475+0000] {dag.py:4138} INFO - Setting next_dagrun for dataset_s3_bucket_producer to None, run_after=None
[2024-08-24T16:37:59.703+0000] {processor.py:208} INFO - Processing /home/airflow/.local/lib/python3.12/site-packages/airflow/example_dags/example_dataset_alias.py took 4.581 seconds
[2024-08-24T16:39:22.149+0000] {processor.py:186} INFO - Started process (PID=544) to work on /home/airflow/.local/lib/python3.12/site-packages/airflow/example_dags/example_dataset_alias.py
[2024-08-24T16:39:22.178+0000] {processor.py:914} INFO - Processing file /home/airflow/.local/lib/python3.12/site-packages/airflow/example_dags/example_dataset_alias.py for tasks to queue
[2024-08-24T16:39:22.197+0000] {logging_mixin.py:190} INFO - [2024-08-24T16:39:22.196+0000] {dagbag.py:587} INFO - Filling up the DagBag from /home/airflow/.local/lib/python3.12/site-packages/airflow/example_dags/example_dataset_alias.py
[2024-08-24T16:39:24.674+0000] {processor.py:925} INFO - DAG(s) 'dataset_s3_bucket_producer', 'dataset_s3_bucket_consumer', 'dataset_alias_example_alias_producer', 'dataset_alias_example_alias_consumer' retrieved from /home/airflow/.local/lib/python3.12/site-packages/airflow/example_dags/example_dataset_alias.py
[2024-08-24T16:39:24.996+0000] {logging_mixin.py:190} INFO - [2024-08-24T16:39:24.995+0000] {dag.py:3211} INFO - Sync 4 DAGs
[2024-08-24T16:39:25.471+0000] {logging_mixin.py:190} INFO - [2024-08-24T16:39:25.458+0000] {dag.py:4138} INFO - Setting next_dagrun for dataset_alias_example_alias_consumer to None, run_after=None
[2024-08-24T16:39:25.556+0000] {logging_mixin.py:190} INFO - [2024-08-24T16:39:25.556+0000] {dag.py:4138} INFO - Setting next_dagrun for dataset_alias_example_alias_producer to None, run_after=None
[2024-08-24T16:39:25.589+0000] {logging_mixin.py:190} INFO - [2024-08-24T16:39:25.588+0000] {dag.py:4138} INFO - Setting next_dagrun for dataset_s3_bucket_consumer to None, run_after=None
[2024-08-24T16:39:25.640+0000] {logging_mixin.py:190} INFO - [2024-08-24T16:39:25.623+0000] {dag.py:4138} INFO - Setting next_dagrun for dataset_s3_bucket_producer to None, run_after=None
[2024-08-24T16:39:26.056+0000] {processor.py:208} INFO - Processing /home/airflow/.local/lib/python3.12/site-packages/airflow/example_dags/example_dataset_alias.py took 3.958 seconds
[2024-08-24T16:39:56.712+0000] {processor.py:186} INFO - Started process (PID=607) to work on /home/airflow/.local/lib/python3.12/site-packages/airflow/example_dags/example_dataset_alias.py
[2024-08-24T16:39:56.724+0000] {processor.py:914} INFO - Processing file /home/airflow/.local/lib/python3.12/site-packages/airflow/example_dags/example_dataset_alias.py for tasks to queue
[2024-08-24T16:39:56.740+0000] {logging_mixin.py:190} INFO - [2024-08-24T16:39:56.739+0000] {dagbag.py:587} INFO - Filling up the DagBag from /home/airflow/.local/lib/python3.12/site-packages/airflow/example_dags/example_dataset_alias.py
[2024-08-24T16:39:57.480+0000] {processor.py:925} INFO - DAG(s) 'dataset_s3_bucket_producer', 'dataset_alias_example_alias_producer', 'dataset_alias_example_alias_consumer', 'dataset_s3_bucket_consumer' retrieved from /home/airflow/.local/lib/python3.12/site-packages/airflow/example_dags/example_dataset_alias.py
[2024-08-24T16:39:57.574+0000] {logging_mixin.py:190} INFO - [2024-08-24T16:39:57.573+0000] {dag.py:3211} INFO - Sync 4 DAGs
[2024-08-24T16:39:57.664+0000] {logging_mixin.py:190} INFO - [2024-08-24T16:39:57.663+0000] {dag.py:4138} INFO - Setting next_dagrun for dataset_alias_example_alias_consumer to None, run_after=None
[2024-08-24T16:39:57.676+0000] {logging_mixin.py:190} INFO - [2024-08-24T16:39:57.676+0000] {dag.py:4138} INFO - Setting next_dagrun for dataset_alias_example_alias_producer to None, run_after=None
[2024-08-24T16:39:57.684+0000] {logging_mixin.py:190} INFO - [2024-08-24T16:39:57.680+0000] {dag.py:4138} INFO - Setting next_dagrun for dataset_s3_bucket_consumer to None, run_after=None
[2024-08-24T16:39:57.695+0000] {logging_mixin.py:190} INFO - [2024-08-24T16:39:57.694+0000] {dag.py:4138} INFO - Setting next_dagrun for dataset_s3_bucket_producer to None, run_after=None
[2024-08-24T16:39:57.793+0000] {processor.py:208} INFO - Processing /home/airflow/.local/lib/python3.12/site-packages/airflow/example_dags/example_dataset_alias.py took 1.115 seconds
[2024-08-24T16:40:28.015+0000] {processor.py:186} INFO - Started process (PID=669) to work on /home/airflow/.local/lib/python3.12/site-packages/airflow/example_dags/example_dataset_alias.py
[2024-08-24T16:40:28.018+0000] {processor.py:914} INFO - Processing file /home/airflow/.local/lib/python3.12/site-packages/airflow/example_dags/example_dataset_alias.py for tasks to queue
[2024-08-24T16:40:28.024+0000] {logging_mixin.py:190} INFO - [2024-08-24T16:40:28.023+0000] {dagbag.py:587} INFO - Filling up the DagBag from /home/airflow/.local/lib/python3.12/site-packages/airflow/example_dags/example_dataset_alias.py
[2024-08-24T16:40:28.418+0000] {processor.py:925} INFO - DAG(s) 'dataset_s3_bucket_consumer', 'dataset_alias_example_alias_consumer', 'dataset_alias_example_alias_producer', 'dataset_s3_bucket_producer' retrieved from /home/airflow/.local/lib/python3.12/site-packages/airflow/example_dags/example_dataset_alias.py
[2024-08-24T16:40:28.473+0000] {logging_mixin.py:190} INFO - [2024-08-24T16:40:28.473+0000] {dag.py:3211} INFO - Sync 4 DAGs
[2024-08-24T16:40:28.535+0000] {logging_mixin.py:190} INFO - [2024-08-24T16:40:28.534+0000] {dag.py:4138} INFO - Setting next_dagrun for dataset_alias_example_alias_consumer to None, run_after=None
[2024-08-24T16:40:28.541+0000] {logging_mixin.py:190} INFO - [2024-08-24T16:40:28.540+0000] {dag.py:4138} INFO - Setting next_dagrun for dataset_alias_example_alias_producer to None, run_after=None
[2024-08-24T16:40:28.547+0000] {logging_mixin.py:190} INFO - [2024-08-24T16:40:28.546+0000] {dag.py:4138} INFO - Setting next_dagrun for dataset_s3_bucket_consumer to None, run_after=None
[2024-08-24T16:40:28.550+0000] {logging_mixin.py:190} INFO - [2024-08-24T16:40:28.549+0000] {dag.py:4138} INFO - Setting next_dagrun for dataset_s3_bucket_producer to None, run_after=None
[2024-08-24T16:40:28.605+0000] {processor.py:208} INFO - Processing /home/airflow/.local/lib/python3.12/site-packages/airflow/example_dags/example_dataset_alias.py took 0.607 seconds
