[2024-08-24T16:32:03.183+0000] {processor.py:186} INFO - Started process (PID=89) to work on /home/airflow/.local/lib/python3.12/site-packages/airflow/example_dags/example_inlet_event_extra.py
[2024-08-24T16:32:03.191+0000] {processor.py:914} INFO - Processing file /home/airflow/.local/lib/python3.12/site-packages/airflow/example_dags/example_inlet_event_extra.py for tasks to queue
[2024-08-24T16:32:03.234+0000] {logging_mixin.py:190} INFO - [2024-08-24T16:32:03.233+0000] {dagbag.py:587} INFO - Filling up the DagBag from /home/airflow/.local/lib/python3.12/site-packages/airflow/example_dags/example_inlet_event_extra.py
[2024-08-24T16:32:11.587+0000] {processor.py:925} INFO - DAG(s) 'read_dataset_event_from_classic', 'read_dataset_event' retrieved from /home/airflow/.local/lib/python3.12/site-packages/airflow/example_dags/example_inlet_event_extra.py
[2024-08-24T16:32:13.424+0000] {logging_mixin.py:190} INFO - [2024-08-24T16:32:13.420+0000] {override.py:1858} INFO - Created Permission View: can delete on DAG:read_dataset_event_from_classic
[2024-08-24T16:32:13.540+0000] {logging_mixin.py:190} INFO - [2024-08-24T16:32:13.538+0000] {override.py:1858} INFO - Created Permission View: can read on DAG:read_dataset_event_from_classic
[2024-08-24T16:32:13.706+0000] {logging_mixin.py:190} INFO - [2024-08-24T16:32:13.703+0000] {override.py:1858} INFO - Created Permission View: can edit on DAG:read_dataset_event_from_classic
[2024-08-24T16:32:13.936+0000] {logging_mixin.py:190} INFO - [2024-08-24T16:32:13.935+0000] {override.py:1858} INFO - Created Permission View: can delete on DAG:read_dataset_event
[2024-08-24T16:32:14.144+0000] {logging_mixin.py:190} INFO - [2024-08-24T16:32:14.143+0000] {override.py:1858} INFO - Created Permission View: can read on DAG:read_dataset_event
[2024-08-24T16:32:14.304+0000] {logging_mixin.py:190} INFO - [2024-08-24T16:32:14.303+0000] {override.py:1858} INFO - Created Permission View: can edit on DAG:read_dataset_event
[2024-08-24T16:32:14.356+0000] {logging_mixin.py:190} INFO - [2024-08-24T16:32:14.318+0000] {dag.py:3211} INFO - Sync 2 DAGs
[2024-08-24T16:32:14.724+0000] {logging_mixin.py:190} INFO - [2024-08-24T16:32:14.721+0000] {dag.py:3234} INFO - Creating ORM DAG for read_dataset_event
[2024-08-24T16:32:14.757+0000] {logging_mixin.py:190} INFO - [2024-08-24T16:32:14.754+0000] {dag.py:3234} INFO - Creating ORM DAG for read_dataset_event_from_classic
[2024-08-24T16:32:15.124+0000] {logging_mixin.py:190} INFO - [2024-08-24T16:32:15.121+0000] {dag.py:4138} INFO - Setting next_dagrun for read_dataset_event to 2024-08-23 00:00:00+00:00, run_after=2024-08-24 00:00:00+00:00
[2024-08-24T16:32:15.188+0000] {logging_mixin.py:190} INFO - [2024-08-24T16:32:15.184+0000] {dag.py:4138} INFO - Setting next_dagrun for read_dataset_event_from_classic to 2024-08-23 00:00:00+00:00, run_after=2024-08-24 00:00:00+00:00
[2024-08-24T16:32:15.593+0000] {processor.py:208} INFO - Processing /home/airflow/.local/lib/python3.12/site-packages/airflow/example_dags/example_inlet_event_extra.py took 12.497 seconds
[2024-08-24T16:33:38.279+0000] {processor.py:186} INFO - Started process (PID=162) to work on /home/airflow/.local/lib/python3.12/site-packages/airflow/example_dags/example_inlet_event_extra.py
[2024-08-24T16:33:38.284+0000] {processor.py:914} INFO - Processing file /home/airflow/.local/lib/python3.12/site-packages/airflow/example_dags/example_inlet_event_extra.py for tasks to queue
[2024-08-24T16:33:38.302+0000] {logging_mixin.py:190} INFO - [2024-08-24T16:33:38.301+0000] {dagbag.py:587} INFO - Filling up the DagBag from /home/airflow/.local/lib/python3.12/site-packages/airflow/example_dags/example_inlet_event_extra.py
[2024-08-24T16:33:39.113+0000] {processor.py:925} INFO - DAG(s) 'read_dataset_event', 'read_dataset_event_from_classic' retrieved from /home/airflow/.local/lib/python3.12/site-packages/airflow/example_dags/example_inlet_event_extra.py
[2024-08-24T16:33:39.228+0000] {logging_mixin.py:190} INFO - [2024-08-24T16:33:39.228+0000] {dag.py:3211} INFO - Sync 2 DAGs
[2024-08-24T16:33:39.440+0000] {logging_mixin.py:190} INFO - [2024-08-24T16:33:39.439+0000] {dag.py:4138} INFO - Setting next_dagrun for read_dataset_event to 2024-08-23 00:00:00+00:00, run_after=2024-08-24 00:00:00+00:00
[2024-08-24T16:33:39.472+0000] {logging_mixin.py:190} INFO - [2024-08-24T16:33:39.471+0000] {dag.py:4138} INFO - Setting next_dagrun for read_dataset_event_from_classic to 2024-08-23 00:00:00+00:00, run_after=2024-08-24 00:00:00+00:00
[2024-08-24T16:33:39.535+0000] {processor.py:208} INFO - Processing /home/airflow/.local/lib/python3.12/site-packages/airflow/example_dags/example_inlet_event_extra.py took 1.287 seconds
[2024-08-24T16:34:19.331+0000] {processor.py:186} INFO - Started process (PID=224) to work on /home/airflow/.local/lib/python3.12/site-packages/airflow/example_dags/example_inlet_event_extra.py
[2024-08-24T16:34:19.334+0000] {processor.py:914} INFO - Processing file /home/airflow/.local/lib/python3.12/site-packages/airflow/example_dags/example_inlet_event_extra.py for tasks to queue
[2024-08-24T16:34:19.341+0000] {logging_mixin.py:190} INFO - [2024-08-24T16:34:19.339+0000] {dagbag.py:587} INFO - Filling up the DagBag from /home/airflow/.local/lib/python3.12/site-packages/airflow/example_dags/example_inlet_event_extra.py
[2024-08-24T16:34:19.930+0000] {processor.py:925} INFO - DAG(s) 'read_dataset_event', 'read_dataset_event_from_classic' retrieved from /home/airflow/.local/lib/python3.12/site-packages/airflow/example_dags/example_inlet_event_extra.py
[2024-08-24T16:34:20.021+0000] {logging_mixin.py:190} INFO - [2024-08-24T16:34:20.021+0000] {dag.py:3211} INFO - Sync 2 DAGs
[2024-08-24T16:34:20.113+0000] {logging_mixin.py:190} INFO - [2024-08-24T16:34:20.112+0000] {dag.py:4138} INFO - Setting next_dagrun for read_dataset_event to 2024-08-23 00:00:00+00:00, run_after=2024-08-24 00:00:00+00:00
[2024-08-24T16:34:20.130+0000] {logging_mixin.py:190} INFO - [2024-08-24T16:34:20.130+0000] {dag.py:4138} INFO - Setting next_dagrun for read_dataset_event_from_classic to 2024-08-23 00:00:00+00:00, run_after=2024-08-24 00:00:00+00:00
[2024-08-24T16:34:20.205+0000] {processor.py:208} INFO - Processing /home/airflow/.local/lib/python3.12/site-packages/airflow/example_dags/example_inlet_event_extra.py took 0.891 seconds
[2024-08-24T16:34:52.204+0000] {processor.py:186} INFO - Started process (PID=283) to work on /home/airflow/.local/lib/python3.12/site-packages/airflow/example_dags/example_inlet_event_extra.py
[2024-08-24T16:34:52.219+0000] {processor.py:914} INFO - Processing file /home/airflow/.local/lib/python3.12/site-packages/airflow/example_dags/example_inlet_event_extra.py for tasks to queue
[2024-08-24T16:34:52.241+0000] {logging_mixin.py:190} INFO - [2024-08-24T16:34:52.239+0000] {dagbag.py:587} INFO - Filling up the DagBag from /home/airflow/.local/lib/python3.12/site-packages/airflow/example_dags/example_inlet_event_extra.py
[2024-08-24T16:34:52.832+0000] {processor.py:925} INFO - DAG(s) 'read_dataset_event', 'read_dataset_event_from_classic' retrieved from /home/airflow/.local/lib/python3.12/site-packages/airflow/example_dags/example_inlet_event_extra.py
[2024-08-24T16:34:52.906+0000] {logging_mixin.py:190} INFO - [2024-08-24T16:34:52.905+0000] {dag.py:3211} INFO - Sync 2 DAGs
[2024-08-24T16:34:53.027+0000] {logging_mixin.py:190} INFO - [2024-08-24T16:34:53.026+0000] {dag.py:4138} INFO - Setting next_dagrun for read_dataset_event to 2024-08-23 00:00:00+00:00, run_after=2024-08-24 00:00:00+00:00
[2024-08-24T16:34:53.049+0000] {logging_mixin.py:190} INFO - [2024-08-24T16:34:53.049+0000] {dag.py:4138} INFO - Setting next_dagrun for read_dataset_event_from_classic to 2024-08-23 00:00:00+00:00, run_after=2024-08-24 00:00:00+00:00
[2024-08-24T16:34:53.113+0000] {processor.py:208} INFO - Processing /home/airflow/.local/lib/python3.12/site-packages/airflow/example_dags/example_inlet_event_extra.py took 0.938 seconds
[2024-08-24T16:35:38.247+0000] {processor.py:186} INFO - Started process (PID=351) to work on /home/airflow/.local/lib/python3.12/site-packages/airflow/example_dags/example_inlet_event_extra.py
[2024-08-24T16:35:38.258+0000] {processor.py:914} INFO - Processing file /home/airflow/.local/lib/python3.12/site-packages/airflow/example_dags/example_inlet_event_extra.py for tasks to queue
[2024-08-24T16:35:38.280+0000] {logging_mixin.py:190} INFO - [2024-08-24T16:35:38.279+0000] {dagbag.py:587} INFO - Filling up the DagBag from /home/airflow/.local/lib/python3.12/site-packages/airflow/example_dags/example_inlet_event_extra.py
[2024-08-24T16:35:39.911+0000] {processor.py:925} INFO - DAG(s) 'read_dataset_event', 'read_dataset_event_from_classic' retrieved from /home/airflow/.local/lib/python3.12/site-packages/airflow/example_dags/example_inlet_event_extra.py
[2024-08-24T16:35:40.057+0000] {logging_mixin.py:190} INFO - [2024-08-24T16:35:40.056+0000] {dag.py:3211} INFO - Sync 2 DAGs
[2024-08-24T16:35:40.260+0000] {logging_mixin.py:190} INFO - [2024-08-24T16:35:40.259+0000] {dag.py:4138} INFO - Setting next_dagrun for read_dataset_event to 2024-08-23 00:00:00+00:00, run_after=2024-08-24 00:00:00+00:00
[2024-08-24T16:35:40.286+0000] {logging_mixin.py:190} INFO - [2024-08-24T16:35:40.280+0000] {dag.py:4138} INFO - Setting next_dagrun for read_dataset_event_from_classic to 2024-08-23 00:00:00+00:00, run_after=2024-08-24 00:00:00+00:00
[2024-08-24T16:35:40.344+0000] {processor.py:208} INFO - Processing /home/airflow/.local/lib/python3.12/site-packages/airflow/example_dags/example_inlet_event_extra.py took 2.151 seconds
[2024-08-24T16:36:40.017+0000] {processor.py:186} INFO - Started process (PID=395) to work on /home/airflow/.local/lib/python3.12/site-packages/airflow/example_dags/example_inlet_event_extra.py
[2024-08-24T16:36:40.047+0000] {processor.py:914} INFO - Processing file /home/airflow/.local/lib/python3.12/site-packages/airflow/example_dags/example_inlet_event_extra.py for tasks to queue
[2024-08-24T16:36:40.070+0000] {logging_mixin.py:190} INFO - [2024-08-24T16:36:40.069+0000] {dagbag.py:587} INFO - Filling up the DagBag from /home/airflow/.local/lib/python3.12/site-packages/airflow/example_dags/example_inlet_event_extra.py
[2024-08-24T16:36:42.219+0000] {processor.py:925} INFO - DAG(s) 'read_dataset_event', 'read_dataset_event_from_classic' retrieved from /home/airflow/.local/lib/python3.12/site-packages/airflow/example_dags/example_inlet_event_extra.py
[2024-08-24T16:36:42.503+0000] {logging_mixin.py:190} INFO - [2024-08-24T16:36:42.503+0000] {dag.py:3211} INFO - Sync 2 DAGs
[2024-08-24T16:36:42.697+0000] {logging_mixin.py:190} INFO - [2024-08-24T16:36:42.696+0000] {dag.py:4138} INFO - Setting next_dagrun for read_dataset_event to 2024-08-23 00:00:00+00:00, run_after=2024-08-24 00:00:00+00:00
[2024-08-24T16:36:42.732+0000] {logging_mixin.py:190} INFO - [2024-08-24T16:36:42.731+0000] {dag.py:4138} INFO - Setting next_dagrun for read_dataset_event_from_classic to 2024-08-23 00:00:00+00:00, run_after=2024-08-24 00:00:00+00:00
[2024-08-24T16:36:42.814+0000] {processor.py:208} INFO - Processing /home/airflow/.local/lib/python3.12/site-packages/airflow/example_dags/example_inlet_event_extra.py took 2.847 seconds
[2024-08-24T16:37:26.864+0000] {processor.py:186} INFO - Started process (PID=442) to work on /home/airflow/.local/lib/python3.12/site-packages/airflow/example_dags/example_inlet_event_extra.py
[2024-08-24T16:37:26.878+0000] {processor.py:914} INFO - Processing file /home/airflow/.local/lib/python3.12/site-packages/airflow/example_dags/example_inlet_event_extra.py for tasks to queue
[2024-08-24T16:37:26.898+0000] {logging_mixin.py:190} INFO - [2024-08-24T16:37:26.896+0000] {dagbag.py:587} INFO - Filling up the DagBag from /home/airflow/.local/lib/python3.12/site-packages/airflow/example_dags/example_inlet_event_extra.py
[2024-08-24T16:37:28.765+0000] {processor.py:925} INFO - DAG(s) 'read_dataset_event_from_classic', 'read_dataset_event' retrieved from /home/airflow/.local/lib/python3.12/site-packages/airflow/example_dags/example_inlet_event_extra.py
[2024-08-24T16:37:28.840+0000] {logging_mixin.py:190} INFO - [2024-08-24T16:37:28.839+0000] {dag.py:3211} INFO - Sync 2 DAGs
[2024-08-24T16:37:28.953+0000] {logging_mixin.py:190} INFO - [2024-08-24T16:37:28.952+0000] {dag.py:4138} INFO - Setting next_dagrun for read_dataset_event to 2024-08-23 00:00:00+00:00, run_after=2024-08-24 00:00:00+00:00
[2024-08-24T16:37:28.972+0000] {logging_mixin.py:190} INFO - [2024-08-24T16:37:28.971+0000] {dag.py:4138} INFO - Setting next_dagrun for read_dataset_event_from_classic to 2024-08-23 00:00:00+00:00, run_after=2024-08-24 00:00:00+00:00
[2024-08-24T16:37:29.075+0000] {processor.py:208} INFO - Processing /home/airflow/.local/lib/python3.12/site-packages/airflow/example_dags/example_inlet_event_extra.py took 2.257 seconds
[2024-08-24T16:38:44.594+0000] {processor.py:186} INFO - Started process (PID=514) to work on /home/airflow/.local/lib/python3.12/site-packages/airflow/example_dags/example_inlet_event_extra.py
[2024-08-24T16:38:44.834+0000] {processor.py:914} INFO - Processing file /home/airflow/.local/lib/python3.12/site-packages/airflow/example_dags/example_inlet_event_extra.py for tasks to queue
[2024-08-24T16:38:44.939+0000] {logging_mixin.py:190} INFO - [2024-08-24T16:38:44.938+0000] {dagbag.py:587} INFO - Filling up the DagBag from /home/airflow/.local/lib/python3.12/site-packages/airflow/example_dags/example_inlet_event_extra.py
[2024-08-24T16:38:48.596+0000] {processor.py:925} INFO - DAG(s) 'read_dataset_event_from_classic', 'read_dataset_event' retrieved from /home/airflow/.local/lib/python3.12/site-packages/airflow/example_dags/example_inlet_event_extra.py
[2024-08-24T16:38:49.086+0000] {logging_mixin.py:190} INFO - [2024-08-24T16:38:49.086+0000] {dag.py:3211} INFO - Sync 2 DAGs
[2024-08-24T16:38:49.580+0000] {logging_mixin.py:190} INFO - [2024-08-24T16:38:49.580+0000] {dag.py:4138} INFO - Setting next_dagrun for read_dataset_event to 2024-08-23 00:00:00+00:00, run_after=2024-08-24 00:00:00+00:00
[2024-08-24T16:38:49.806+0000] {logging_mixin.py:190} INFO - [2024-08-24T16:38:49.805+0000] {dag.py:4138} INFO - Setting next_dagrun for read_dataset_event_from_classic to 2024-08-23 00:00:00+00:00, run_after=2024-08-24 00:00:00+00:00
[2024-08-24T16:38:50.380+0000] {processor.py:208} INFO - Processing /home/airflow/.local/lib/python3.12/site-packages/airflow/example_dags/example_inlet_event_extra.py took 5.860 seconds
[2024-08-24T16:39:36.900+0000] {processor.py:186} INFO - Started process (PID=566) to work on /home/airflow/.local/lib/python3.12/site-packages/airflow/example_dags/example_inlet_event_extra.py
[2024-08-24T16:39:36.903+0000] {processor.py:914} INFO - Processing file /home/airflow/.local/lib/python3.12/site-packages/airflow/example_dags/example_inlet_event_extra.py for tasks to queue
[2024-08-24T16:39:36.917+0000] {logging_mixin.py:190} INFO - [2024-08-24T16:39:36.916+0000] {dagbag.py:587} INFO - Filling up the DagBag from /home/airflow/.local/lib/python3.12/site-packages/airflow/example_dags/example_inlet_event_extra.py
[2024-08-24T16:39:37.736+0000] {processor.py:925} INFO - DAG(s) 'read_dataset_event_from_classic', 'read_dataset_event' retrieved from /home/airflow/.local/lib/python3.12/site-packages/airflow/example_dags/example_inlet_event_extra.py
[2024-08-24T16:39:38.047+0000] {logging_mixin.py:190} INFO - [2024-08-24T16:39:38.046+0000] {dag.py:3211} INFO - Sync 2 DAGs
[2024-08-24T16:39:38.238+0000] {logging_mixin.py:190} INFO - [2024-08-24T16:39:38.237+0000] {dag.py:4138} INFO - Setting next_dagrun for read_dataset_event to 2024-08-23 00:00:00+00:00, run_after=2024-08-24 00:00:00+00:00
[2024-08-24T16:39:38.267+0000] {logging_mixin.py:190} INFO - [2024-08-24T16:39:38.266+0000] {dag.py:4138} INFO - Setting next_dagrun for read_dataset_event_from_classic to 2024-08-23 00:00:00+00:00, run_after=2024-08-24 00:00:00+00:00
[2024-08-24T16:39:38.340+0000] {processor.py:208} INFO - Processing /home/airflow/.local/lib/python3.12/site-packages/airflow/example_dags/example_inlet_event_extra.py took 1.465 seconds
[2024-08-24T16:40:08.462+0000] {processor.py:186} INFO - Started process (PID=628) to work on /home/airflow/.local/lib/python3.12/site-packages/airflow/example_dags/example_inlet_event_extra.py
[2024-08-24T16:40:08.465+0000] {processor.py:914} INFO - Processing file /home/airflow/.local/lib/python3.12/site-packages/airflow/example_dags/example_inlet_event_extra.py for tasks to queue
[2024-08-24T16:40:08.474+0000] {logging_mixin.py:190} INFO - [2024-08-24T16:40:08.473+0000] {dagbag.py:587} INFO - Filling up the DagBag from /home/airflow/.local/lib/python3.12/site-packages/airflow/example_dags/example_inlet_event_extra.py
[2024-08-24T16:40:09.015+0000] {processor.py:925} INFO - DAG(s) 'read_dataset_event_from_classic', 'read_dataset_event' retrieved from /home/airflow/.local/lib/python3.12/site-packages/airflow/example_dags/example_inlet_event_extra.py
[2024-08-24T16:40:09.095+0000] {logging_mixin.py:190} INFO - [2024-08-24T16:40:09.095+0000] {dag.py:3211} INFO - Sync 2 DAGs
[2024-08-24T16:40:09.208+0000] {logging_mixin.py:190} INFO - [2024-08-24T16:40:09.204+0000] {dag.py:4138} INFO - Setting next_dagrun for read_dataset_event to 2024-08-23 00:00:00+00:00, run_after=2024-08-24 00:00:00+00:00
[2024-08-24T16:40:09.232+0000] {logging_mixin.py:190} INFO - [2024-08-24T16:40:09.232+0000] {dag.py:4138} INFO - Setting next_dagrun for read_dataset_event_from_classic to 2024-08-23 00:00:00+00:00, run_after=2024-08-24 00:00:00+00:00
[2024-08-24T16:40:09.348+0000] {processor.py:208} INFO - Processing /home/airflow/.local/lib/python3.12/site-packages/airflow/example_dags/example_inlet_event_extra.py took 0.908 seconds
