[2024-08-24T16:32:53.126+0000] {processor.py:186} INFO - Started process (PID=114) to work on /home/airflow/.local/lib/python3.12/site-packages/airflow/example_dags/example_trigger_controller_dag.py
[2024-08-24T16:32:53.152+0000] {processor.py:914} INFO - Processing file /home/airflow/.local/lib/python3.12/site-packages/airflow/example_dags/example_trigger_controller_dag.py for tasks to queue
[2024-08-24T16:32:53.176+0000] {logging_mixin.py:190} INFO - [2024-08-24T16:32:53.172+0000] {dagbag.py:587} INFO - Filling up the DagBag from /home/airflow/.local/lib/python3.12/site-packages/airflow/example_dags/example_trigger_controller_dag.py
[2024-08-24T16:32:53.302+0000] {processor.py:925} INFO - DAG(s) 'example_trigger_controller_dag' retrieved from /home/airflow/.local/lib/python3.12/site-packages/airflow/example_dags/example_trigger_controller_dag.py
[2024-08-24T16:32:54.518+0000] {logging_mixin.py:190} INFO - [2024-08-24T16:32:54.517+0000] {override.py:1858} INFO - Created Permission View: can delete on DAG:example_trigger_controller_dag
[2024-08-24T16:32:54.612+0000] {logging_mixin.py:190} INFO - [2024-08-24T16:32:54.606+0000] {override.py:1858} INFO - Created Permission View: can read on DAG:example_trigger_controller_dag
[2024-08-24T16:32:54.687+0000] {logging_mixin.py:190} INFO - [2024-08-24T16:32:54.686+0000] {override.py:1858} INFO - Created Permission View: can edit on DAG:example_trigger_controller_dag
[2024-08-24T16:32:54.690+0000] {logging_mixin.py:190} INFO - [2024-08-24T16:32:54.689+0000] {dag.py:3211} INFO - Sync 1 DAGs
[2024-08-24T16:32:54.810+0000] {logging_mixin.py:190} INFO - [2024-08-24T16:32:54.808+0000] {dag.py:3234} INFO - Creating ORM DAG for example_trigger_controller_dag
[2024-08-24T16:32:54.880+0000] {logging_mixin.py:190} INFO - [2024-08-24T16:32:54.879+0000] {dag.py:4138} INFO - Setting next_dagrun for example_trigger_controller_dag to 2021-01-01 00:00:00+00:00, run_after=2021-01-01 00:00:00+00:00
[2024-08-24T16:32:55.037+0000] {processor.py:208} INFO - Processing /home/airflow/.local/lib/python3.12/site-packages/airflow/example_dags/example_trigger_controller_dag.py took 1.956 seconds
[2024-08-24T16:33:46.943+0000] {processor.py:186} INFO - Started process (PID=182) to work on /home/airflow/.local/lib/python3.12/site-packages/airflow/example_dags/example_trigger_controller_dag.py
[2024-08-24T16:33:46.957+0000] {processor.py:914} INFO - Processing file /home/airflow/.local/lib/python3.12/site-packages/airflow/example_dags/example_trigger_controller_dag.py for tasks to queue
[2024-08-24T16:33:46.977+0000] {logging_mixin.py:190} INFO - [2024-08-24T16:33:46.975+0000] {dagbag.py:587} INFO - Filling up the DagBag from /home/airflow/.local/lib/python3.12/site-packages/airflow/example_dags/example_trigger_controller_dag.py
[2024-08-24T16:33:47.018+0000] {processor.py:925} INFO - DAG(s) 'example_trigger_controller_dag' retrieved from /home/airflow/.local/lib/python3.12/site-packages/airflow/example_dags/example_trigger_controller_dag.py
[2024-08-24T16:33:47.268+0000] {logging_mixin.py:190} INFO - [2024-08-24T16:33:47.268+0000] {dag.py:3211} INFO - Sync 1 DAGs
[2024-08-24T16:33:47.498+0000] {logging_mixin.py:190} INFO - [2024-08-24T16:33:47.497+0000] {dag.py:4138} INFO - Setting next_dagrun for example_trigger_controller_dag to 2021-01-01 00:00:00+00:00, run_after=2021-01-01 00:00:00+00:00
[2024-08-24T16:33:47.670+0000] {processor.py:208} INFO - Processing /home/airflow/.local/lib/python3.12/site-packages/airflow/example_dags/example_trigger_controller_dag.py took 0.785 seconds
[2024-08-24T16:34:32.720+0000] {processor.py:186} INFO - Started process (PID=251) to work on /home/airflow/.local/lib/python3.12/site-packages/airflow/example_dags/example_trigger_controller_dag.py
[2024-08-24T16:34:32.730+0000] {processor.py:914} INFO - Processing file /home/airflow/.local/lib/python3.12/site-packages/airflow/example_dags/example_trigger_controller_dag.py for tasks to queue
[2024-08-24T16:34:32.775+0000] {logging_mixin.py:190} INFO - [2024-08-24T16:34:32.759+0000] {dagbag.py:587} INFO - Filling up the DagBag from /home/airflow/.local/lib/python3.12/site-packages/airflow/example_dags/example_trigger_controller_dag.py
[2024-08-24T16:34:32.867+0000] {processor.py:925} INFO - DAG(s) 'example_trigger_controller_dag' retrieved from /home/airflow/.local/lib/python3.12/site-packages/airflow/example_dags/example_trigger_controller_dag.py
[2024-08-24T16:34:33.035+0000] {logging_mixin.py:190} INFO - [2024-08-24T16:34:33.034+0000] {dag.py:3211} INFO - Sync 1 DAGs
[2024-08-24T16:34:33.127+0000] {logging_mixin.py:190} INFO - [2024-08-24T16:34:33.127+0000] {dag.py:4138} INFO - Setting next_dagrun for example_trigger_controller_dag to 2021-01-01 00:00:00+00:00, run_after=2021-01-01 00:00:00+00:00
[2024-08-24T16:34:33.299+0000] {processor.py:208} INFO - Processing /home/airflow/.local/lib/python3.12/site-packages/airflow/example_dags/example_trigger_controller_dag.py took 0.843 seconds
[2024-08-24T16:35:04.189+0000] {processor.py:186} INFO - Started process (PID=313) to work on /home/airflow/.local/lib/python3.12/site-packages/airflow/example_dags/example_trigger_controller_dag.py
[2024-08-24T16:35:04.203+0000] {processor.py:914} INFO - Processing file /home/airflow/.local/lib/python3.12/site-packages/airflow/example_dags/example_trigger_controller_dag.py for tasks to queue
[2024-08-24T16:35:04.221+0000] {logging_mixin.py:190} INFO - [2024-08-24T16:35:04.220+0000] {dagbag.py:587} INFO - Filling up the DagBag from /home/airflow/.local/lib/python3.12/site-packages/airflow/example_dags/example_trigger_controller_dag.py
[2024-08-24T16:35:04.327+0000] {processor.py:925} INFO - DAG(s) 'example_trigger_controller_dag' retrieved from /home/airflow/.local/lib/python3.12/site-packages/airflow/example_dags/example_trigger_controller_dag.py
[2024-08-24T16:35:04.521+0000] {logging_mixin.py:190} INFO - [2024-08-24T16:35:04.519+0000] {dag.py:3211} INFO - Sync 1 DAGs
[2024-08-24T16:35:04.701+0000] {logging_mixin.py:190} INFO - [2024-08-24T16:35:04.700+0000] {dag.py:4138} INFO - Setting next_dagrun for example_trigger_controller_dag to 2021-01-01 00:00:00+00:00, run_after=2021-01-01 00:00:00+00:00
[2024-08-24T16:35:04.836+0000] {processor.py:208} INFO - Processing /home/airflow/.local/lib/python3.12/site-packages/airflow/example_dags/example_trigger_controller_dag.py took 0.702 seconds
[2024-08-24T16:36:05.157+0000] {processor.py:186} INFO - Started process (PID=378) to work on /home/airflow/.local/lib/python3.12/site-packages/airflow/example_dags/example_trigger_controller_dag.py
[2024-08-24T16:36:05.192+0000] {processor.py:914} INFO - Processing file /home/airflow/.local/lib/python3.12/site-packages/airflow/example_dags/example_trigger_controller_dag.py for tasks to queue
[2024-08-24T16:36:05.346+0000] {logging_mixin.py:190} INFO - [2024-08-24T16:36:05.345+0000] {dagbag.py:587} INFO - Filling up the DagBag from /home/airflow/.local/lib/python3.12/site-packages/airflow/example_dags/example_trigger_controller_dag.py
[2024-08-24T16:36:05.413+0000] {processor.py:925} INFO - DAG(s) 'example_trigger_controller_dag' retrieved from /home/airflow/.local/lib/python3.12/site-packages/airflow/example_dags/example_trigger_controller_dag.py
[2024-08-24T16:36:05.715+0000] {logging_mixin.py:190} INFO - [2024-08-24T16:36:05.715+0000] {dag.py:3211} INFO - Sync 1 DAGs
[2024-08-24T16:36:06.177+0000] {logging_mixin.py:190} INFO - [2024-08-24T16:36:06.176+0000] {dag.py:4138} INFO - Setting next_dagrun for example_trigger_controller_dag to 2021-01-01 00:00:00+00:00, run_after=2021-01-01 00:00:00+00:00
[2024-08-24T16:36:06.663+0000] {processor.py:208} INFO - Processing /home/airflow/.local/lib/python3.12/site-packages/airflow/example_dags/example_trigger_controller_dag.py took 1.545 seconds
