[2024-08-24T16:33:24.707+0000] {processor.py:186} INFO - Started process (PID=138) to work on /home/airflow/.local/lib/python3.12/site-packages/airflow/example_dags/example_params_trigger_ui.py
[2024-08-24T16:33:24.727+0000] {processor.py:914} INFO - Processing file /home/airflow/.local/lib/python3.12/site-packages/airflow/example_dags/example_params_trigger_ui.py for tasks to queue
[2024-08-24T16:33:24.740+0000] {logging_mixin.py:190} INFO - [2024-08-24T16:33:24.739+0000] {dagbag.py:587} INFO - Filling up the DagBag from /home/airflow/.local/lib/python3.12/site-packages/airflow/example_dags/example_params_trigger_ui.py
[2024-08-24T16:33:24.857+0000] {processor.py:925} INFO - DAG(s) 'example_params_trigger_ui' retrieved from /home/airflow/.local/lib/python3.12/site-packages/airflow/example_dags/example_params_trigger_ui.py
[2024-08-24T16:33:26.864+0000] {logging_mixin.py:190} INFO - [2024-08-24T16:33:26.863+0000] {override.py:1858} INFO - Created Permission View: can delete on DAG:example_params_trigger_ui
[2024-08-24T16:33:26.964+0000] {logging_mixin.py:190} INFO - [2024-08-24T16:33:26.963+0000] {override.py:1858} INFO - Created Permission View: can read on DAG:example_params_trigger_ui
[2024-08-24T16:33:27.040+0000] {logging_mixin.py:190} INFO - [2024-08-24T16:33:27.040+0000] {override.py:1858} INFO - Created Permission View: can edit on DAG:example_params_trigger_ui
[2024-08-24T16:33:27.047+0000] {logging_mixin.py:190} INFO - [2024-08-24T16:33:27.047+0000] {dag.py:3211} INFO - Sync 1 DAGs
[2024-08-24T16:33:27.171+0000] {logging_mixin.py:190} INFO - [2024-08-24T16:33:27.171+0000] {dag.py:3234} INFO - Creating ORM DAG for example_params_trigger_ui
[2024-08-24T16:33:27.185+0000] {logging_mixin.py:190} INFO - [2024-08-24T16:33:27.184+0000] {dag.py:4138} INFO - Setting next_dagrun for example_params_trigger_ui to None, run_after=None
[2024-08-24T16:33:27.337+0000] {processor.py:208} INFO - Processing /home/airflow/.local/lib/python3.12/site-packages/airflow/example_dags/example_params_trigger_ui.py took 2.690 seconds
[2024-08-24T16:34:08.125+0000] {processor.py:186} INFO - Started process (PID=206) to work on /home/airflow/.local/lib/python3.12/site-packages/airflow/example_dags/example_params_trigger_ui.py
[2024-08-24T16:34:08.132+0000] {processor.py:914} INFO - Processing file /home/airflow/.local/lib/python3.12/site-packages/airflow/example_dags/example_params_trigger_ui.py for tasks to queue
[2024-08-24T16:34:08.165+0000] {logging_mixin.py:190} INFO - [2024-08-24T16:34:08.164+0000] {dagbag.py:587} INFO - Filling up the DagBag from /home/airflow/.local/lib/python3.12/site-packages/airflow/example_dags/example_params_trigger_ui.py
[2024-08-24T16:34:08.249+0000] {processor.py:925} INFO - DAG(s) 'example_params_trigger_ui' retrieved from /home/airflow/.local/lib/python3.12/site-packages/airflow/example_dags/example_params_trigger_ui.py
[2024-08-24T16:34:08.529+0000] {logging_mixin.py:190} INFO - [2024-08-24T16:34:08.529+0000] {dag.py:3211} INFO - Sync 1 DAGs
[2024-08-24T16:34:08.681+0000] {logging_mixin.py:190} INFO - [2024-08-24T16:34:08.680+0000] {dag.py:4138} INFO - Setting next_dagrun for example_params_trigger_ui to None, run_after=None
[2024-08-24T16:34:08.869+0000] {processor.py:208} INFO - Processing /home/airflow/.local/lib/python3.12/site-packages/airflow/example_dags/example_params_trigger_ui.py took 0.826 seconds
[2024-08-24T16:34:47.788+0000] {processor.py:186} INFO - Started process (PID=271) to work on /home/airflow/.local/lib/python3.12/site-packages/airflow/example_dags/example_params_trigger_ui.py
[2024-08-24T16:34:47.799+0000] {processor.py:914} INFO - Processing file /home/airflow/.local/lib/python3.12/site-packages/airflow/example_dags/example_params_trigger_ui.py for tasks to queue
[2024-08-24T16:34:47.810+0000] {logging_mixin.py:190} INFO - [2024-08-24T16:34:47.808+0000] {dagbag.py:587} INFO - Filling up the DagBag from /home/airflow/.local/lib/python3.12/site-packages/airflow/example_dags/example_params_trigger_ui.py
[2024-08-24T16:34:47.901+0000] {processor.py:925} INFO - DAG(s) 'example_params_trigger_ui' retrieved from /home/airflow/.local/lib/python3.12/site-packages/airflow/example_dags/example_params_trigger_ui.py
[2024-08-24T16:34:48.180+0000] {logging_mixin.py:190} INFO - [2024-08-24T16:34:48.179+0000] {dag.py:3211} INFO - Sync 1 DAGs
[2024-08-24T16:34:48.236+0000] {logging_mixin.py:190} INFO - [2024-08-24T16:34:48.235+0000] {dag.py:4138} INFO - Setting next_dagrun for example_params_trigger_ui to None, run_after=None
[2024-08-24T16:34:48.322+0000] {processor.py:208} INFO - Processing /home/airflow/.local/lib/python3.12/site-packages/airflow/example_dags/example_params_trigger_ui.py took 0.567 seconds
[2024-08-24T16:35:30.685+0000] {processor.py:186} INFO - Started process (PID=342) to work on /home/airflow/.local/lib/python3.12/site-packages/airflow/example_dags/example_params_trigger_ui.py
[2024-08-24T16:35:30.781+0000] {processor.py:914} INFO - Processing file /home/airflow/.local/lib/python3.12/site-packages/airflow/example_dags/example_params_trigger_ui.py for tasks to queue
[2024-08-24T16:35:30.833+0000] {logging_mixin.py:190} INFO - [2024-08-24T16:35:30.832+0000] {dagbag.py:587} INFO - Filling up the DagBag from /home/airflow/.local/lib/python3.12/site-packages/airflow/example_dags/example_params_trigger_ui.py
[2024-08-24T16:35:30.995+0000] {processor.py:925} INFO - DAG(s) 'example_params_trigger_ui' retrieved from /home/airflow/.local/lib/python3.12/site-packages/airflow/example_dags/example_params_trigger_ui.py
[2024-08-24T16:35:32.058+0000] {logging_mixin.py:190} INFO - [2024-08-24T16:35:32.058+0000] {dag.py:3211} INFO - Sync 1 DAGs
[2024-08-24T16:35:32.199+0000] {logging_mixin.py:190} INFO - [2024-08-24T16:35:32.198+0000] {dag.py:4138} INFO - Setting next_dagrun for example_params_trigger_ui to None, run_after=None
[2024-08-24T16:35:32.386+0000] {processor.py:208} INFO - Processing /home/airflow/.local/lib/python3.12/site-packages/airflow/example_dags/example_params_trigger_ui.py took 1.766 seconds
[2024-08-24T16:37:03.989+0000] {processor.py:186} INFO - Started process (PID=428) to work on /home/airflow/.local/lib/python3.12/site-packages/airflow/example_dags/example_params_trigger_ui.py
[2024-08-24T16:37:03.992+0000] {processor.py:914} INFO - Processing file /home/airflow/.local/lib/python3.12/site-packages/airflow/example_dags/example_params_trigger_ui.py for tasks to queue
[2024-08-24T16:37:03.998+0000] {logging_mixin.py:190} INFO - [2024-08-24T16:37:03.997+0000] {dagbag.py:587} INFO - Filling up the DagBag from /home/airflow/.local/lib/python3.12/site-packages/airflow/example_dags/example_params_trigger_ui.py
[2024-08-24T16:37:04.053+0000] {processor.py:925} INFO - DAG(s) 'example_params_trigger_ui' retrieved from /home/airflow/.local/lib/python3.12/site-packages/airflow/example_dags/example_params_trigger_ui.py
[2024-08-24T16:37:04.500+0000] {logging_mixin.py:190} INFO - [2024-08-24T16:37:04.499+0000] {dag.py:3211} INFO - Sync 1 DAGs
[2024-08-24T16:37:04.681+0000] {logging_mixin.py:190} INFO - [2024-08-24T16:37:04.680+0000] {dag.py:4138} INFO - Setting next_dagrun for example_params_trigger_ui to None, run_after=None
[2024-08-24T16:37:05.067+0000] {processor.py:208} INFO - Processing /home/airflow/.local/lib/python3.12/site-packages/airflow/example_dags/example_params_trigger_ui.py took 1.099 seconds
[2024-08-24T16:38:25.802+0000] {processor.py:186} INFO - Started process (PID=496) to work on /home/airflow/.local/lib/python3.12/site-packages/airflow/example_dags/example_params_trigger_ui.py
[2024-08-24T16:38:25.831+0000] {processor.py:914} INFO - Processing file /home/airflow/.local/lib/python3.12/site-packages/airflow/example_dags/example_params_trigger_ui.py for tasks to queue
[2024-08-24T16:38:25.876+0000] {logging_mixin.py:190} INFO - [2024-08-24T16:38:25.875+0000] {dagbag.py:587} INFO - Filling up the DagBag from /home/airflow/.local/lib/python3.12/site-packages/airflow/example_dags/example_params_trigger_ui.py
[2024-08-24T16:38:26.230+0000] {processor.py:925} INFO - DAG(s) 'example_params_trigger_ui' retrieved from /home/airflow/.local/lib/python3.12/site-packages/airflow/example_dags/example_params_trigger_ui.py
[2024-08-24T16:38:27.248+0000] {logging_mixin.py:190} INFO - [2024-08-24T16:38:27.247+0000] {dag.py:3211} INFO - Sync 1 DAGs
[2024-08-24T16:38:27.599+0000] {logging_mixin.py:190} INFO - [2024-08-24T16:38:27.599+0000] {dag.py:4138} INFO - Setting next_dagrun for example_params_trigger_ui to None, run_after=None
[2024-08-24T16:38:28.470+0000] {processor.py:208} INFO - Processing /home/airflow/.local/lib/python3.12/site-packages/airflow/example_dags/example_params_trigger_ui.py took 2.800 seconds
