[2024-08-24T16:32:21.288+0000] {processor.py:186} INFO - Started process (PID=96) to work on /home/airflow/.local/lib/python3.12/site-packages/airflow/example_dags/example_sla_dag.py
[2024-08-24T16:32:21.305+0000] {processor.py:914} INFO - Processing file /home/airflow/.local/lib/python3.12/site-packages/airflow/example_dags/example_sla_dag.py for tasks to queue
[2024-08-24T16:32:21.348+0000] {logging_mixin.py:190} INFO - [2024-08-24T16:32:21.347+0000] {dagbag.py:587} INFO - Filling up the DagBag from /home/airflow/.local/lib/python3.12/site-packages/airflow/example_dags/example_sla_dag.py
[2024-08-24T16:32:21.741+0000] {processor.py:925} INFO - DAG(s) 'example_sla_dag' retrieved from /home/airflow/.local/lib/python3.12/site-packages/airflow/example_dags/example_sla_dag.py
[2024-08-24T16:32:24.252+0000] {logging_mixin.py:190} INFO - [2024-08-24T16:32:24.250+0000] {override.py:1858} INFO - Created Permission View: can delete on DAG:example_sla_dag
[2024-08-24T16:32:24.372+0000] {logging_mixin.py:190} INFO - [2024-08-24T16:32:24.371+0000] {override.py:1858} INFO - Created Permission View: can read on DAG:example_sla_dag
[2024-08-24T16:32:24.483+0000] {logging_mixin.py:190} INFO - [2024-08-24T16:32:24.482+0000] {override.py:1858} INFO - Created Permission View: can edit on DAG:example_sla_dag
[2024-08-24T16:32:24.485+0000] {logging_mixin.py:190} INFO - [2024-08-24T16:32:24.484+0000] {dag.py:3211} INFO - Sync 1 DAGs
[2024-08-24T16:32:24.631+0000] {logging_mixin.py:190} INFO - [2024-08-24T16:32:24.616+0000] {dag.py:3234} INFO - Creating ORM DAG for example_sla_dag
[2024-08-24T16:32:24.839+0000] {logging_mixin.py:190} INFO - [2024-08-24T16:32:24.839+0000] {dag.py:4138} INFO - Setting next_dagrun for example_sla_dag to 2024-08-24 16:30:00+00:00, run_after=2024-08-24 16:32:00+00:00
[2024-08-24T16:32:25.401+0000] {processor.py:208} INFO - Processing /home/airflow/.local/lib/python3.12/site-packages/airflow/example_dags/example_sla_dag.py took 4.146 seconds
[2024-08-24T16:33:41.149+0000] {processor.py:186} INFO - Started process (PID=169) to work on /home/airflow/.local/lib/python3.12/site-packages/airflow/example_dags/example_sla_dag.py
[2024-08-24T16:33:41.160+0000] {processor.py:914} INFO - Processing file /home/airflow/.local/lib/python3.12/site-packages/airflow/example_dags/example_sla_dag.py for tasks to queue
[2024-08-24T16:33:41.167+0000] {logging_mixin.py:190} INFO - [2024-08-24T16:33:41.166+0000] {dagbag.py:587} INFO - Filling up the DagBag from /home/airflow/.local/lib/python3.12/site-packages/airflow/example_dags/example_sla_dag.py
[2024-08-24T16:33:41.216+0000] {processor.py:925} INFO - DAG(s) 'example_sla_dag' retrieved from /home/airflow/.local/lib/python3.12/site-packages/airflow/example_dags/example_sla_dag.py
[2024-08-24T16:33:41.320+0000] {logging_mixin.py:190} INFO - [2024-08-24T16:33:41.319+0000] {dag.py:3211} INFO - Sync 1 DAGs
[2024-08-24T16:33:41.493+0000] {logging_mixin.py:190} INFO - [2024-08-24T16:33:41.473+0000] {dag.py:4138} INFO - Setting next_dagrun for example_sla_dag to 2024-08-24 16:30:00+00:00, run_after=2024-08-24 16:32:00+00:00
[2024-08-24T16:33:41.693+0000] {processor.py:208} INFO - Processing /home/airflow/.local/lib/python3.12/site-packages/airflow/example_dags/example_sla_dag.py took 0.564 seconds
[2024-08-24T16:34:21.736+0000] {processor.py:186} INFO - Started process (PID=231) to work on /home/airflow/.local/lib/python3.12/site-packages/airflow/example_dags/example_sla_dag.py
[2024-08-24T16:34:21.743+0000] {processor.py:914} INFO - Processing file /home/airflow/.local/lib/python3.12/site-packages/airflow/example_dags/example_sla_dag.py for tasks to queue
[2024-08-24T16:34:21.759+0000] {logging_mixin.py:190} INFO - [2024-08-24T16:34:21.758+0000] {dagbag.py:587} INFO - Filling up the DagBag from /home/airflow/.local/lib/python3.12/site-packages/airflow/example_dags/example_sla_dag.py
[2024-08-24T16:34:21.862+0000] {processor.py:925} INFO - DAG(s) 'example_sla_dag' retrieved from /home/airflow/.local/lib/python3.12/site-packages/airflow/example_dags/example_sla_dag.py
[2024-08-24T16:34:21.946+0000] {logging_mixin.py:190} INFO - [2024-08-24T16:34:21.945+0000] {dag.py:3211} INFO - Sync 1 DAGs
[2024-08-24T16:34:22.066+0000] {logging_mixin.py:190} INFO - [2024-08-24T16:34:22.066+0000] {dag.py:4138} INFO - Setting next_dagrun for example_sla_dag to 2024-08-24 16:32:00+00:00, run_after=2024-08-24 16:34:00+00:00
[2024-08-24T16:34:22.179+0000] {processor.py:208} INFO - Processing /home/airflow/.local/lib/python3.12/site-packages/airflow/example_dags/example_sla_dag.py took 0.491 seconds
[2024-08-24T16:34:56.466+0000] {processor.py:186} INFO - Started process (PID=294) to work on /home/airflow/.local/lib/python3.12/site-packages/airflow/example_dags/example_sla_dag.py
[2024-08-24T16:34:56.480+0000] {processor.py:914} INFO - Processing file /home/airflow/.local/lib/python3.12/site-packages/airflow/example_dags/example_sla_dag.py for tasks to queue
[2024-08-24T16:34:56.528+0000] {logging_mixin.py:190} INFO - [2024-08-24T16:34:56.515+0000] {dagbag.py:587} INFO - Filling up the DagBag from /home/airflow/.local/lib/python3.12/site-packages/airflow/example_dags/example_sla_dag.py
[2024-08-24T16:34:56.608+0000] {processor.py:925} INFO - DAG(s) 'example_sla_dag' retrieved from /home/airflow/.local/lib/python3.12/site-packages/airflow/example_dags/example_sla_dag.py
[2024-08-24T16:34:56.741+0000] {logging_mixin.py:190} INFO - [2024-08-24T16:34:56.740+0000] {dag.py:3211} INFO - Sync 1 DAGs
[2024-08-24T16:34:56.994+0000] {logging_mixin.py:190} INFO - [2024-08-24T16:34:56.994+0000] {dag.py:4138} INFO - Setting next_dagrun for example_sla_dag to 2024-08-24 16:32:00+00:00, run_after=2024-08-24 16:34:00+00:00
[2024-08-24T16:34:57.078+0000] {processor.py:208} INFO - Processing /home/airflow/.local/lib/python3.12/site-packages/airflow/example_dags/example_sla_dag.py took 0.668 seconds
[2024-08-24T16:35:42.348+0000] {processor.py:186} INFO - Started process (PID=358) to work on /home/airflow/.local/lib/python3.12/site-packages/airflow/example_dags/example_sla_dag.py
[2024-08-24T16:35:42.354+0000] {processor.py:914} INFO - Processing file /home/airflow/.local/lib/python3.12/site-packages/airflow/example_dags/example_sla_dag.py for tasks to queue
[2024-08-24T16:35:42.381+0000] {logging_mixin.py:190} INFO - [2024-08-24T16:35:42.380+0000] {dagbag.py:587} INFO - Filling up the DagBag from /home/airflow/.local/lib/python3.12/site-packages/airflow/example_dags/example_sla_dag.py
[2024-08-24T16:35:42.438+0000] {processor.py:925} INFO - DAG(s) 'example_sla_dag' retrieved from /home/airflow/.local/lib/python3.12/site-packages/airflow/example_dags/example_sla_dag.py
[2024-08-24T16:35:42.561+0000] {logging_mixin.py:190} INFO - [2024-08-24T16:35:42.561+0000] {dag.py:3211} INFO - Sync 1 DAGs
[2024-08-24T16:35:42.684+0000] {logging_mixin.py:190} INFO - [2024-08-24T16:35:42.681+0000] {dag.py:4138} INFO - Setting next_dagrun for example_sla_dag to 2024-08-24 16:32:00+00:00, run_after=2024-08-24 16:34:00+00:00
[2024-08-24T16:35:42.854+0000] {processor.py:208} INFO - Processing /home/airflow/.local/lib/python3.12/site-packages/airflow/example_dags/example_sla_dag.py took 0.575 seconds
[2024-08-24T16:36:44.588+0000] {processor.py:186} INFO - Started process (PID=402) to work on /home/airflow/.local/lib/python3.12/site-packages/airflow/example_dags/example_sla_dag.py
[2024-08-24T16:36:44.591+0000] {processor.py:914} INFO - Processing file /home/airflow/.local/lib/python3.12/site-packages/airflow/example_dags/example_sla_dag.py for tasks to queue
[2024-08-24T16:36:44.602+0000] {logging_mixin.py:190} INFO - [2024-08-24T16:36:44.601+0000] {dagbag.py:587} INFO - Filling up the DagBag from /home/airflow/.local/lib/python3.12/site-packages/airflow/example_dags/example_sla_dag.py
[2024-08-24T16:36:44.662+0000] {processor.py:925} INFO - DAG(s) 'example_sla_dag' retrieved from /home/airflow/.local/lib/python3.12/site-packages/airflow/example_dags/example_sla_dag.py
[2024-08-24T16:36:44.815+0000] {logging_mixin.py:190} INFO - [2024-08-24T16:36:44.814+0000] {dag.py:3211} INFO - Sync 1 DAGs
[2024-08-24T16:36:45.170+0000] {logging_mixin.py:190} INFO - [2024-08-24T16:36:45.169+0000] {dag.py:4138} INFO - Setting next_dagrun for example_sla_dag to 2024-08-24 16:34:00+00:00, run_after=2024-08-24 16:36:00+00:00
[2024-08-24T16:36:45.530+0000] {processor.py:208} INFO - Processing /home/airflow/.local/lib/python3.12/site-packages/airflow/example_dags/example_sla_dag.py took 0.979 seconds
[2024-08-24T16:37:34.070+0000] {processor.py:186} INFO - Started process (PID=455) to work on /home/airflow/.local/lib/python3.12/site-packages/airflow/example_dags/example_sla_dag.py
[2024-08-24T16:37:34.079+0000] {processor.py:914} INFO - Processing file /home/airflow/.local/lib/python3.12/site-packages/airflow/example_dags/example_sla_dag.py for tasks to queue
[2024-08-24T16:37:34.110+0000] {logging_mixin.py:190} INFO - [2024-08-24T16:37:34.108+0000] {dagbag.py:587} INFO - Filling up the DagBag from /home/airflow/.local/lib/python3.12/site-packages/airflow/example_dags/example_sla_dag.py
[2024-08-24T16:37:34.234+0000] {processor.py:925} INFO - DAG(s) 'example_sla_dag' retrieved from /home/airflow/.local/lib/python3.12/site-packages/airflow/example_dags/example_sla_dag.py
[2024-08-24T16:37:34.370+0000] {logging_mixin.py:190} INFO - [2024-08-24T16:37:34.369+0000] {dag.py:3211} INFO - Sync 1 DAGs
[2024-08-24T16:37:34.493+0000] {logging_mixin.py:190} INFO - [2024-08-24T16:37:34.492+0000] {dag.py:4138} INFO - Setting next_dagrun for example_sla_dag to 2024-08-24 16:34:00+00:00, run_after=2024-08-24 16:36:00+00:00
[2024-08-24T16:37:34.669+0000] {processor.py:208} INFO - Processing /home/airflow/.local/lib/python3.12/site-packages/airflow/example_dags/example_sla_dag.py took 0.638 seconds
