[2024-08-24T16:32:54.324+0000] {processor.py:186} INFO - Started process (PID=115) to work on /home/airflow/.local/lib/python3.12/site-packages/airflow/example_dags/example_branch_operator.py
[2024-08-24T16:32:54.336+0000] {processor.py:914} INFO - Processing file /home/airflow/.local/lib/python3.12/site-packages/airflow/example_dags/example_branch_operator.py for tasks to queue
[2024-08-24T16:32:54.389+0000] {logging_mixin.py:190} INFO - [2024-08-24T16:32:54.388+0000] {dagbag.py:587} INFO - Filling up the DagBag from /home/airflow/.local/lib/python3.12/site-packages/airflow/example_dags/example_branch_operator.py
[2024-08-24T16:32:54.676+0000] {processor.py:925} INFO - DAG(s) 'example_branch_operator' retrieved from /home/airflow/.local/lib/python3.12/site-packages/airflow/example_dags/example_branch_operator.py
[2024-08-24T16:32:55.760+0000] {logging_mixin.py:190} INFO - [2024-08-24T16:32:55.758+0000] {override.py:1858} INFO - Created Permission View: can delete on DAG:example_branch_operator
[2024-08-24T16:32:56.032+0000] {logging_mixin.py:190} INFO - [2024-08-24T16:32:56.030+0000] {override.py:1858} INFO - Created Permission View: can read on DAG:example_branch_operator
[2024-08-24T16:32:56.266+0000] {logging_mixin.py:190} INFO - [2024-08-24T16:32:56.264+0000] {override.py:1858} INFO - Created Permission View: can edit on DAG:example_branch_operator
[2024-08-24T16:32:56.289+0000] {logging_mixin.py:190} INFO - [2024-08-24T16:32:56.288+0000] {dag.py:3211} INFO - Sync 1 DAGs
[2024-08-24T16:32:56.442+0000] {logging_mixin.py:190} INFO - [2024-08-24T16:32:56.441+0000] {dag.py:3234} INFO - Creating ORM DAG for example_branch_operator
[2024-08-24T16:32:56.602+0000] {logging_mixin.py:190} INFO - [2024-08-24T16:32:56.601+0000] {dag.py:4138} INFO - Setting next_dagrun for example_branch_operator to 2024-08-23 00:00:00+00:00, run_after=2024-08-24 00:00:00+00:00
[2024-08-24T16:32:56.879+0000] {processor.py:208} INFO - Processing /home/airflow/.local/lib/python3.12/site-packages/airflow/example_dags/example_branch_operator.py took 2.605 seconds
[2024-08-24T16:33:47.677+0000] {processor.py:186} INFO - Started process (PID=183) to work on /home/airflow/.local/lib/python3.12/site-packages/airflow/example_dags/example_branch_operator.py
[2024-08-24T16:33:47.709+0000] {processor.py:914} INFO - Processing file /home/airflow/.local/lib/python3.12/site-packages/airflow/example_dags/example_branch_operator.py for tasks to queue
[2024-08-24T16:33:47.728+0000] {logging_mixin.py:190} INFO - [2024-08-24T16:33:47.727+0000] {dagbag.py:587} INFO - Filling up the DagBag from /home/airflow/.local/lib/python3.12/site-packages/airflow/example_dags/example_branch_operator.py
[2024-08-24T16:33:47.826+0000] {processor.py:925} INFO - DAG(s) 'example_branch_operator' retrieved from /home/airflow/.local/lib/python3.12/site-packages/airflow/example_dags/example_branch_operator.py
[2024-08-24T16:33:48.101+0000] {logging_mixin.py:190} INFO - [2024-08-24T16:33:48.100+0000] {dag.py:3211} INFO - Sync 1 DAGs
[2024-08-24T16:33:48.390+0000] {logging_mixin.py:190} INFO - [2024-08-24T16:33:48.389+0000] {dag.py:4138} INFO - Setting next_dagrun for example_branch_operator to 2024-08-23 00:00:00+00:00, run_after=2024-08-24 00:00:00+00:00
[2024-08-24T16:33:48.650+0000] {processor.py:208} INFO - Processing /home/airflow/.local/lib/python3.12/site-packages/airflow/example_dags/example_branch_operator.py took 1.018 seconds
[2024-08-24T16:34:33.423+0000] {processor.py:186} INFO - Started process (PID=252) to work on /home/airflow/.local/lib/python3.12/site-packages/airflow/example_dags/example_branch_operator.py
[2024-08-24T16:34:33.426+0000] {processor.py:914} INFO - Processing file /home/airflow/.local/lib/python3.12/site-packages/airflow/example_dags/example_branch_operator.py for tasks to queue
[2024-08-24T16:34:33.434+0000] {logging_mixin.py:190} INFO - [2024-08-24T16:34:33.433+0000] {dagbag.py:587} INFO - Filling up the DagBag from /home/airflow/.local/lib/python3.12/site-packages/airflow/example_dags/example_branch_operator.py
[2024-08-24T16:34:33.564+0000] {processor.py:925} INFO - DAG(s) 'example_branch_operator' retrieved from /home/airflow/.local/lib/python3.12/site-packages/airflow/example_dags/example_branch_operator.py
[2024-08-24T16:34:33.761+0000] {logging_mixin.py:190} INFO - [2024-08-24T16:34:33.760+0000] {dag.py:3211} INFO - Sync 1 DAGs
[2024-08-24T16:34:33.968+0000] {logging_mixin.py:190} INFO - [2024-08-24T16:34:33.967+0000] {dag.py:4138} INFO - Setting next_dagrun for example_branch_operator to 2024-08-23 00:00:00+00:00, run_after=2024-08-24 00:00:00+00:00
[2024-08-24T16:34:34.049+0000] {processor.py:208} INFO - Processing /home/airflow/.local/lib/python3.12/site-packages/airflow/example_dags/example_branch_operator.py took 0.648 seconds
[2024-08-24T16:35:04.848+0000] {processor.py:186} INFO - Started process (PID=314) to work on /home/airflow/.local/lib/python3.12/site-packages/airflow/example_dags/example_branch_operator.py
[2024-08-24T16:35:04.850+0000] {processor.py:914} INFO - Processing file /home/airflow/.local/lib/python3.12/site-packages/airflow/example_dags/example_branch_operator.py for tasks to queue
[2024-08-24T16:35:04.858+0000] {logging_mixin.py:190} INFO - [2024-08-24T16:35:04.857+0000] {dagbag.py:587} INFO - Filling up the DagBag from /home/airflow/.local/lib/python3.12/site-packages/airflow/example_dags/example_branch_operator.py
[2024-08-24T16:35:04.940+0000] {processor.py:925} INFO - DAG(s) 'example_branch_operator' retrieved from /home/airflow/.local/lib/python3.12/site-packages/airflow/example_dags/example_branch_operator.py
[2024-08-24T16:35:05.047+0000] {logging_mixin.py:190} INFO - [2024-08-24T16:35:05.046+0000] {dag.py:3211} INFO - Sync 1 DAGs
[2024-08-24T16:35:05.135+0000] {logging_mixin.py:190} INFO - [2024-08-24T16:35:05.134+0000] {dag.py:4138} INFO - Setting next_dagrun for example_branch_operator to 2024-08-23 00:00:00+00:00, run_after=2024-08-24 00:00:00+00:00
[2024-08-24T16:35:05.202+0000] {processor.py:208} INFO - Processing /home/airflow/.local/lib/python3.12/site-packages/airflow/example_dags/example_branch_operator.py took 0.374 seconds
[2024-08-24T16:36:11.793+0000] {processor.py:186} INFO - Started process (PID=379) to work on /home/airflow/.local/lib/python3.12/site-packages/airflow/example_dags/example_branch_operator.py
[2024-08-24T16:36:11.884+0000] {processor.py:914} INFO - Processing file /home/airflow/.local/lib/python3.12/site-packages/airflow/example_dags/example_branch_operator.py for tasks to queue
[2024-08-24T16:36:12.063+0000] {logging_mixin.py:190} INFO - [2024-08-24T16:36:12.062+0000] {dagbag.py:587} INFO - Filling up the DagBag from /home/airflow/.local/lib/python3.12/site-packages/airflow/example_dags/example_branch_operator.py
[2024-08-24T16:36:12.261+0000] {processor.py:925} INFO - DAG(s) 'example_branch_operator' retrieved from /home/airflow/.local/lib/python3.12/site-packages/airflow/example_dags/example_branch_operator.py
[2024-08-24T16:36:13.019+0000] {logging_mixin.py:190} INFO - [2024-08-24T16:36:13.018+0000] {dag.py:3211} INFO - Sync 1 DAGs
[2024-08-24T16:36:13.666+0000] {logging_mixin.py:190} INFO - [2024-08-24T16:36:13.654+0000] {dag.py:4138} INFO - Setting next_dagrun for example_branch_operator to 2024-08-23 00:00:00+00:00, run_after=2024-08-24 00:00:00+00:00
[2024-08-24T16:36:14.018+0000] {processor.py:208} INFO - Processing /home/airflow/.local/lib/python3.12/site-packages/airflow/example_dags/example_branch_operator.py took 2.263 seconds
