[2024-08-24T16:32:48.630+0000] {processor.py:186} INFO - Started process (PID=111) to work on /home/airflow/.local/lib/python3.12/site-packages/airflow/example_dags/example_xcomargs.py
[2024-08-24T16:32:48.662+0000] {processor.py:914} INFO - Processing file /home/airflow/.local/lib/python3.12/site-packages/airflow/example_dags/example_xcomargs.py for tasks to queue
[2024-08-24T16:32:48.759+0000] {logging_mixin.py:190} INFO - [2024-08-24T16:32:48.745+0000] {dagbag.py:587} INFO - Filling up the DagBag from /home/airflow/.local/lib/python3.12/site-packages/airflow/example_dags/example_xcomargs.py
[2024-08-24T16:32:48.952+0000] {processor.py:925} INFO - DAG(s) 'example_xcom_args', 'example_xcom_args_with_operators' retrieved from /home/airflow/.local/lib/python3.12/site-packages/airflow/example_dags/example_xcomargs.py
[2024-08-24T16:32:50.212+0000] {logging_mixin.py:190} INFO - [2024-08-24T16:32:50.210+0000] {override.py:1858} INFO - Created Permission View: can delete on DAG:example_xcom_args
[2024-08-24T16:32:50.328+0000] {logging_mixin.py:190} INFO - [2024-08-24T16:32:50.327+0000] {override.py:1858} INFO - Created Permission View: can read on DAG:example_xcom_args
[2024-08-24T16:32:50.548+0000] {logging_mixin.py:190} INFO - [2024-08-24T16:32:50.547+0000] {override.py:1858} INFO - Created Permission View: can edit on DAG:example_xcom_args
[2024-08-24T16:32:50.954+0000] {logging_mixin.py:190} INFO - [2024-08-24T16:32:50.952+0000] {override.py:1858} INFO - Created Permission View: can delete on DAG:example_xcom_args_with_operators
[2024-08-24T16:32:51.108+0000] {logging_mixin.py:190} INFO - [2024-08-24T16:32:51.107+0000] {override.py:1858} INFO - Created Permission View: can read on DAG:example_xcom_args_with_operators
[2024-08-24T16:32:51.220+0000] {logging_mixin.py:190} INFO - [2024-08-24T16:32:51.218+0000] {override.py:1858} INFO - Created Permission View: can edit on DAG:example_xcom_args_with_operators
[2024-08-24T16:32:51.229+0000] {logging_mixin.py:190} INFO - [2024-08-24T16:32:51.228+0000] {dag.py:3211} INFO - Sync 2 DAGs
[2024-08-24T16:32:51.329+0000] {logging_mixin.py:190} INFO - [2024-08-24T16:32:51.329+0000] {dag.py:3234} INFO - Creating ORM DAG for example_xcom_args_with_operators
[2024-08-24T16:32:51.344+0000] {logging_mixin.py:190} INFO - [2024-08-24T16:32:51.344+0000] {dag.py:3234} INFO - Creating ORM DAG for example_xcom_args
[2024-08-24T16:32:51.351+0000] {logging_mixin.py:190} INFO - [2024-08-24T16:32:51.350+0000] {dag.py:4138} INFO - Setting next_dagrun for example_xcom_args to None, run_after=None
[2024-08-24T16:32:51.362+0000] {logging_mixin.py:190} INFO - [2024-08-24T16:32:51.361+0000] {dag.py:4138} INFO - Setting next_dagrun for example_xcom_args_with_operators to None, run_after=None
[2024-08-24T16:32:51.525+0000] {processor.py:208} INFO - Processing /home/airflow/.local/lib/python3.12/site-packages/airflow/example_dags/example_xcomargs.py took 3.024 seconds
[2024-08-24T16:33:45.844+0000] {processor.py:186} INFO - Started process (PID=179) to work on /home/airflow/.local/lib/python3.12/site-packages/airflow/example_dags/example_xcomargs.py
[2024-08-24T16:33:45.861+0000] {processor.py:914} INFO - Processing file /home/airflow/.local/lib/python3.12/site-packages/airflow/example_dags/example_xcomargs.py for tasks to queue
[2024-08-24T16:33:45.901+0000] {logging_mixin.py:190} INFO - [2024-08-24T16:33:45.900+0000] {dagbag.py:587} INFO - Filling up the DagBag from /home/airflow/.local/lib/python3.12/site-packages/airflow/example_dags/example_xcomargs.py
[2024-08-24T16:33:45.968+0000] {processor.py:925} INFO - DAG(s) 'example_xcom_args', 'example_xcom_args_with_operators' retrieved from /home/airflow/.local/lib/python3.12/site-packages/airflow/example_dags/example_xcomargs.py
[2024-08-24T16:33:46.051+0000] {logging_mixin.py:190} INFO - [2024-08-24T16:33:46.050+0000] {dag.py:3211} INFO - Sync 2 DAGs
[2024-08-24T16:33:46.114+0000] {logging_mixin.py:190} INFO - [2024-08-24T16:33:46.113+0000] {dag.py:4138} INFO - Setting next_dagrun for example_xcom_args to None, run_after=None
[2024-08-24T16:33:46.127+0000] {logging_mixin.py:190} INFO - [2024-08-24T16:33:46.126+0000] {dag.py:4138} INFO - Setting next_dagrun for example_xcom_args_with_operators to None, run_after=None
[2024-08-24T16:33:46.180+0000] {processor.py:208} INFO - Processing /home/airflow/.local/lib/python3.12/site-packages/airflow/example_dags/example_xcomargs.py took 0.404 seconds
[2024-08-24T16:34:29.926+0000] {processor.py:186} INFO - Started process (PID=248) to work on /home/airflow/.local/lib/python3.12/site-packages/airflow/example_dags/example_xcomargs.py
[2024-08-24T16:34:29.980+0000] {processor.py:914} INFO - Processing file /home/airflow/.local/lib/python3.12/site-packages/airflow/example_dags/example_xcomargs.py for tasks to queue
[2024-08-24T16:34:30.051+0000] {logging_mixin.py:190} INFO - [2024-08-24T16:34:30.050+0000] {dagbag.py:587} INFO - Filling up the DagBag from /home/airflow/.local/lib/python3.12/site-packages/airflow/example_dags/example_xcomargs.py
[2024-08-24T16:34:30.282+0000] {processor.py:925} INFO - DAG(s) 'example_xcom_args_with_operators', 'example_xcom_args' retrieved from /home/airflow/.local/lib/python3.12/site-packages/airflow/example_dags/example_xcomargs.py
[2024-08-24T16:34:30.519+0000] {logging_mixin.py:190} INFO - [2024-08-24T16:34:30.518+0000] {dag.py:3211} INFO - Sync 2 DAGs
[2024-08-24T16:34:30.720+0000] {logging_mixin.py:190} INFO - [2024-08-24T16:34:30.719+0000] {dag.py:4138} INFO - Setting next_dagrun for example_xcom_args to None, run_after=None
[2024-08-24T16:34:30.839+0000] {logging_mixin.py:190} INFO - [2024-08-24T16:34:30.839+0000] {dag.py:4138} INFO - Setting next_dagrun for example_xcom_args_with_operators to None, run_after=None
[2024-08-24T16:34:31.181+0000] {processor.py:208} INFO - Processing /home/airflow/.local/lib/python3.12/site-packages/airflow/example_dags/example_xcomargs.py took 1.374 seconds
[2024-08-24T16:35:01.574+0000] {processor.py:186} INFO - Started process (PID=310) to work on /home/airflow/.local/lib/python3.12/site-packages/airflow/example_dags/example_xcomargs.py
[2024-08-24T16:35:01.577+0000] {processor.py:914} INFO - Processing file /home/airflow/.local/lib/python3.12/site-packages/airflow/example_dags/example_xcomargs.py for tasks to queue
[2024-08-24T16:35:01.586+0000] {logging_mixin.py:190} INFO - [2024-08-24T16:35:01.585+0000] {dagbag.py:587} INFO - Filling up the DagBag from /home/airflow/.local/lib/python3.12/site-packages/airflow/example_dags/example_xcomargs.py
[2024-08-24T16:35:01.619+0000] {processor.py:925} INFO - DAG(s) 'example_xcom_args', 'example_xcom_args_with_operators' retrieved from /home/airflow/.local/lib/python3.12/site-packages/airflow/example_dags/example_xcomargs.py
[2024-08-24T16:35:01.689+0000] {logging_mixin.py:190} INFO - [2024-08-24T16:35:01.689+0000] {dag.py:3211} INFO - Sync 2 DAGs
[2024-08-24T16:35:01.734+0000] {logging_mixin.py:190} INFO - [2024-08-24T16:35:01.734+0000] {dag.py:4138} INFO - Setting next_dagrun for example_xcom_args to None, run_after=None
[2024-08-24T16:35:01.761+0000] {logging_mixin.py:190} INFO - [2024-08-24T16:35:01.760+0000] {dag.py:4138} INFO - Setting next_dagrun for example_xcom_args_with_operators to None, run_after=None
[2024-08-24T16:35:01.825+0000] {processor.py:208} INFO - Processing /home/airflow/.local/lib/python3.12/site-packages/airflow/example_dags/example_xcomargs.py took 0.276 seconds
[2024-08-24T16:36:01.584+0000] {processor.py:186} INFO - Started process (PID=368) to work on /home/airflow/.local/lib/python3.12/site-packages/airflow/example_dags/example_xcomargs.py
[2024-08-24T16:36:01.620+0000] {processor.py:914} INFO - Processing file /home/airflow/.local/lib/python3.12/site-packages/airflow/example_dags/example_xcomargs.py for tasks to queue
[2024-08-24T16:36:01.648+0000] {logging_mixin.py:190} INFO - [2024-08-24T16:36:01.647+0000] {dagbag.py:587} INFO - Filling up the DagBag from /home/airflow/.local/lib/python3.12/site-packages/airflow/example_dags/example_xcomargs.py
[2024-08-24T16:36:01.751+0000] {processor.py:925} INFO - DAG(s) 'example_xcom_args_with_operators', 'example_xcom_args' retrieved from /home/airflow/.local/lib/python3.12/site-packages/airflow/example_dags/example_xcomargs.py
[2024-08-24T16:36:01.970+0000] {logging_mixin.py:190} INFO - [2024-08-24T16:36:01.969+0000] {dag.py:3211} INFO - Sync 2 DAGs
[2024-08-24T16:36:02.115+0000] {logging_mixin.py:190} INFO - [2024-08-24T16:36:02.114+0000] {dag.py:4138} INFO - Setting next_dagrun for example_xcom_args to None, run_after=None
[2024-08-24T16:36:02.163+0000] {logging_mixin.py:190} INFO - [2024-08-24T16:36:02.162+0000] {dag.py:4138} INFO - Setting next_dagrun for example_xcom_args_with_operators to None, run_after=None
[2024-08-24T16:36:02.451+0000] {processor.py:208} INFO - Processing /home/airflow/.local/lib/python3.12/site-packages/airflow/example_dags/example_xcomargs.py took 0.915 seconds
