[2024-08-24T16:32:51.195+0000] {processor.py:186} INFO - Started process (PID=112) to work on /home/airflow/.local/lib/python3.12/site-packages/airflow/example_dags/example_bash_decorator.py
[2024-08-24T16:32:51.216+0000] {processor.py:914} INFO - Processing file /home/airflow/.local/lib/python3.12/site-packages/airflow/example_dags/example_bash_decorator.py for tasks to queue
[2024-08-24T16:32:51.254+0000] {logging_mixin.py:190} INFO - [2024-08-24T16:32:51.251+0000] {dagbag.py:587} INFO - Filling up the DagBag from /home/airflow/.local/lib/python3.12/site-packages/airflow/example_dags/example_bash_decorator.py
[2024-08-24T16:32:51.415+0000] {processor.py:925} INFO - DAG(s) 'example_bash_decorator' retrieved from /home/airflow/.local/lib/python3.12/site-packages/airflow/example_dags/example_bash_decorator.py
[2024-08-24T16:32:52.322+0000] {logging_mixin.py:190} INFO - [2024-08-24T16:32:52.320+0000] {override.py:1858} INFO - Created Permission View: can delete on DAG:example_bash_decorator
[2024-08-24T16:32:52.446+0000] {logging_mixin.py:190} INFO - [2024-08-24T16:32:52.437+0000] {override.py:1858} INFO - Created Permission View: can read on DAG:example_bash_decorator
[2024-08-24T16:32:52.512+0000] {logging_mixin.py:190} INFO - [2024-08-24T16:32:52.509+0000] {override.py:1858} INFO - Created Permission View: can edit on DAG:example_bash_decorator
[2024-08-24T16:32:52.529+0000] {logging_mixin.py:190} INFO - [2024-08-24T16:32:52.528+0000] {dag.py:3211} INFO - Sync 1 DAGs
[2024-08-24T16:32:52.673+0000] {logging_mixin.py:190} INFO - [2024-08-24T16:32:52.672+0000] {dag.py:3234} INFO - Creating ORM DAG for example_bash_decorator
[2024-08-24T16:32:52.683+0000] {logging_mixin.py:190} INFO - [2024-08-24T16:32:52.682+0000] {dag.py:4138} INFO - Setting next_dagrun for example_bash_decorator to None, run_after=None
[2024-08-24T16:32:52.857+0000] {processor.py:208} INFO - Processing /home/airflow/.local/lib/python3.12/site-packages/airflow/example_dags/example_bash_decorator.py took 1.701 seconds
[2024-08-24T16:33:46.326+0000] {processor.py:186} INFO - Started process (PID=180) to work on /home/airflow/.local/lib/python3.12/site-packages/airflow/example_dags/example_bash_decorator.py
[2024-08-24T16:33:46.329+0000] {processor.py:914} INFO - Processing file /home/airflow/.local/lib/python3.12/site-packages/airflow/example_dags/example_bash_decorator.py for tasks to queue
[2024-08-24T16:33:46.338+0000] {logging_mixin.py:190} INFO - [2024-08-24T16:33:46.335+0000] {dagbag.py:587} INFO - Filling up the DagBag from /home/airflow/.local/lib/python3.12/site-packages/airflow/example_dags/example_bash_decorator.py
[2024-08-24T16:33:46.395+0000] {processor.py:925} INFO - DAG(s) 'example_bash_decorator' retrieved from /home/airflow/.local/lib/python3.12/site-packages/airflow/example_dags/example_bash_decorator.py
[2024-08-24T16:33:46.486+0000] {logging_mixin.py:190} INFO - [2024-08-24T16:33:46.485+0000] {dag.py:3211} INFO - Sync 1 DAGs
[2024-08-24T16:33:46.578+0000] {logging_mixin.py:190} INFO - [2024-08-24T16:33:46.577+0000] {dag.py:4138} INFO - Setting next_dagrun for example_bash_decorator to None, run_after=None
[2024-08-24T16:33:46.707+0000] {processor.py:208} INFO - Processing /home/airflow/.local/lib/python3.12/site-packages/airflow/example_dags/example_bash_decorator.py took 0.402 seconds
[2024-08-24T16:34:30.417+0000] {processor.py:186} INFO - Started process (PID=249) to work on /home/airflow/.local/lib/python3.12/site-packages/airflow/example_dags/example_bash_decorator.py
[2024-08-24T16:34:30.430+0000] {processor.py:914} INFO - Processing file /home/airflow/.local/lib/python3.12/site-packages/airflow/example_dags/example_bash_decorator.py for tasks to queue
[2024-08-24T16:34:30.453+0000] {logging_mixin.py:190} INFO - [2024-08-24T16:34:30.452+0000] {dagbag.py:587} INFO - Filling up the DagBag from /home/airflow/.local/lib/python3.12/site-packages/airflow/example_dags/example_bash_decorator.py
[2024-08-24T16:34:30.618+0000] {processor.py:925} INFO - DAG(s) 'example_bash_decorator' retrieved from /home/airflow/.local/lib/python3.12/site-packages/airflow/example_dags/example_bash_decorator.py
[2024-08-24T16:34:31.103+0000] {logging_mixin.py:190} INFO - [2024-08-24T16:34:31.102+0000] {dag.py:3211} INFO - Sync 1 DAGs
[2024-08-24T16:34:31.608+0000] {logging_mixin.py:190} INFO - [2024-08-24T16:34:31.607+0000] {dag.py:4138} INFO - Setting next_dagrun for example_bash_decorator to None, run_after=None
[2024-08-24T16:34:31.904+0000] {processor.py:208} INFO - Processing /home/airflow/.local/lib/python3.12/site-packages/airflow/example_dags/example_bash_decorator.py took 1.534 seconds
[2024-08-24T16:35:02.596+0000] {processor.py:186} INFO - Started process (PID=311) to work on /home/airflow/.local/lib/python3.12/site-packages/airflow/example_dags/example_bash_decorator.py
[2024-08-24T16:35:02.601+0000] {processor.py:914} INFO - Processing file /home/airflow/.local/lib/python3.12/site-packages/airflow/example_dags/example_bash_decorator.py for tasks to queue
[2024-08-24T16:35:02.614+0000] {logging_mixin.py:190} INFO - [2024-08-24T16:35:02.613+0000] {dagbag.py:587} INFO - Filling up the DagBag from /home/airflow/.local/lib/python3.12/site-packages/airflow/example_dags/example_bash_decorator.py
[2024-08-24T16:35:02.675+0000] {processor.py:925} INFO - DAG(s) 'example_bash_decorator' retrieved from /home/airflow/.local/lib/python3.12/site-packages/airflow/example_dags/example_bash_decorator.py
[2024-08-24T16:35:02.763+0000] {logging_mixin.py:190} INFO - [2024-08-24T16:35:02.763+0000] {dag.py:3211} INFO - Sync 1 DAGs
[2024-08-24T16:35:02.819+0000] {logging_mixin.py:190} INFO - [2024-08-24T16:35:02.819+0000] {dag.py:4138} INFO - Setting next_dagrun for example_bash_decorator to None, run_after=None
[2024-08-24T16:35:02.888+0000] {processor.py:208} INFO - Processing /home/airflow/.local/lib/python3.12/site-packages/airflow/example_dags/example_bash_decorator.py took 0.312 seconds
[2024-08-24T16:36:01.756+0000] {processor.py:186} INFO - Started process (PID=369) to work on /home/airflow/.local/lib/python3.12/site-packages/airflow/example_dags/example_bash_decorator.py
[2024-08-24T16:36:01.770+0000] {processor.py:914} INFO - Processing file /home/airflow/.local/lib/python3.12/site-packages/airflow/example_dags/example_bash_decorator.py for tasks to queue
[2024-08-24T16:36:01.978+0000] {logging_mixin.py:190} INFO - [2024-08-24T16:36:01.977+0000] {dagbag.py:587} INFO - Filling up the DagBag from /home/airflow/.local/lib/python3.12/site-packages/airflow/example_dags/example_bash_decorator.py
[2024-08-24T16:36:02.155+0000] {processor.py:925} INFO - DAG(s) 'example_bash_decorator' retrieved from /home/airflow/.local/lib/python3.12/site-packages/airflow/example_dags/example_bash_decorator.py
[2024-08-24T16:36:02.606+0000] {logging_mixin.py:190} INFO - [2024-08-24T16:36:02.605+0000] {dag.py:3211} INFO - Sync 1 DAGs
[2024-08-24T16:36:02.804+0000] {logging_mixin.py:190} INFO - [2024-08-24T16:36:02.803+0000] {dag.py:4138} INFO - Setting next_dagrun for example_bash_decorator to None, run_after=None
[2024-08-24T16:36:03.249+0000] {processor.py:208} INFO - Processing /home/airflow/.local/lib/python3.12/site-packages/airflow/example_dags/example_bash_decorator.py took 1.546 seconds
[2024-08-24T16:37:42.654+0000] {processor.py:186} INFO - Started process (PID=462) to work on /home/airflow/.local/lib/python3.12/site-packages/airflow/example_dags/example_bash_decorator.py
[2024-08-24T16:37:42.731+0000] {processor.py:914} INFO - Processing file /home/airflow/.local/lib/python3.12/site-packages/airflow/example_dags/example_bash_decorator.py for tasks to queue
[2024-08-24T16:37:42.829+0000] {logging_mixin.py:190} INFO - [2024-08-24T16:37:42.828+0000] {dagbag.py:587} INFO - Filling up the DagBag from /home/airflow/.local/lib/python3.12/site-packages/airflow/example_dags/example_bash_decorator.py
[2024-08-24T16:37:43.044+0000] {processor.py:925} INFO - DAG(s) 'example_bash_decorator' retrieved from /home/airflow/.local/lib/python3.12/site-packages/airflow/example_dags/example_bash_decorator.py
[2024-08-24T16:37:43.406+0000] {logging_mixin.py:190} INFO - [2024-08-24T16:37:43.405+0000] {dag.py:3211} INFO - Sync 1 DAGs
[2024-08-24T16:37:43.601+0000] {logging_mixin.py:190} INFO - [2024-08-24T16:37:43.600+0000] {dag.py:4138} INFO - Setting next_dagrun for example_bash_decorator to None, run_after=None
[2024-08-24T16:37:43.815+0000] {processor.py:208} INFO - Processing /home/airflow/.local/lib/python3.12/site-packages/airflow/example_dags/example_bash_decorator.py took 1.219 seconds
