[2024-08-24T16:31:49.231+0000] {processor.py:186} INFO - Started process (PID=80) to work on /home/airflow/.local/lib/python3.12/site-packages/airflow/example_dags/example_branch_operator_decorator.py
[2024-08-24T16:31:49.499+0000] {processor.py:914} INFO - Processing file /home/airflow/.local/lib/python3.12/site-packages/airflow/example_dags/example_branch_operator_decorator.py for tasks to queue
[2024-08-24T16:31:49.549+0000] {logging_mixin.py:190} INFO - [2024-08-24T16:31:49.548+0000] {dagbag.py:587} INFO - Filling up the DagBag from /home/airflow/.local/lib/python3.12/site-packages/airflow/example_dags/example_branch_operator_decorator.py
[2024-08-24T16:31:51.017+0000] {processor.py:925} INFO - DAG(s) 'example_branch_python_operator_decorator' retrieved from /home/airflow/.local/lib/python3.12/site-packages/airflow/example_dags/example_branch_operator_decorator.py
[2024-08-24T16:31:54.041+0000] {logging_mixin.py:190} INFO - [2024-08-24T16:31:54.039+0000] {override.py:1858} INFO - Created Permission View: can delete on DAG:example_branch_python_operator_decorator
[2024-08-24T16:31:54.653+0000] {logging_mixin.py:190} INFO - [2024-08-24T16:31:54.652+0000] {override.py:1858} INFO - Created Permission View: can read on DAG:example_branch_python_operator_decorator
[2024-08-24T16:31:54.870+0000] {logging_mixin.py:190} INFO - [2024-08-24T16:31:54.829+0000] {override.py:1858} INFO - Created Permission View: can edit on DAG:example_branch_python_operator_decorator
[2024-08-24T16:31:54.873+0000] {logging_mixin.py:190} INFO - [2024-08-24T16:31:54.872+0000] {dag.py:3211} INFO - Sync 1 DAGs
[2024-08-24T16:31:55.085+0000] {logging_mixin.py:190} INFO - [2024-08-24T16:31:55.084+0000] {dag.py:3234} INFO - Creating ORM DAG for example_branch_python_operator_decorator
[2024-08-24T16:31:55.411+0000] {logging_mixin.py:190} INFO - [2024-08-24T16:31:55.402+0000] {dag.py:4138} INFO - Setting next_dagrun for example_branch_python_operator_decorator to 2024-08-23 00:00:00+00:00, run_after=2024-08-24 00:00:00+00:00
[2024-08-24T16:31:55.768+0000] {processor.py:208} INFO - Processing /home/airflow/.local/lib/python3.12/site-packages/airflow/example_dags/example_branch_operator_decorator.py took 6.652 seconds
[2024-08-24T16:33:36.492+0000] {processor.py:186} INFO - Started process (PID=158) to work on /home/airflow/.local/lib/python3.12/site-packages/airflow/example_dags/example_branch_operator_decorator.py
[2024-08-24T16:33:36.495+0000] {processor.py:914} INFO - Processing file /home/airflow/.local/lib/python3.12/site-packages/airflow/example_dags/example_branch_operator_decorator.py for tasks to queue
[2024-08-24T16:33:36.502+0000] {logging_mixin.py:190} INFO - [2024-08-24T16:33:36.501+0000] {dagbag.py:587} INFO - Filling up the DagBag from /home/airflow/.local/lib/python3.12/site-packages/airflow/example_dags/example_branch_operator_decorator.py
[2024-08-24T16:33:36.642+0000] {processor.py:925} INFO - DAG(s) 'example_branch_python_operator_decorator' retrieved from /home/airflow/.local/lib/python3.12/site-packages/airflow/example_dags/example_branch_operator_decorator.py
[2024-08-24T16:33:36.846+0000] {logging_mixin.py:190} INFO - [2024-08-24T16:33:36.846+0000] {dag.py:3211} INFO - Sync 1 DAGs
[2024-08-24T16:33:37.079+0000] {logging_mixin.py:190} INFO - [2024-08-24T16:33:37.074+0000] {dag.py:4138} INFO - Setting next_dagrun for example_branch_python_operator_decorator to 2024-08-23 00:00:00+00:00, run_after=2024-08-24 00:00:00+00:00
[2024-08-24T16:33:37.239+0000] {processor.py:208} INFO - Processing /home/airflow/.local/lib/python3.12/site-packages/airflow/example_dags/example_branch_operator_decorator.py took 0.770 seconds
[2024-08-24T16:34:10.190+0000] {processor.py:186} INFO - Started process (PID=209) to work on /home/airflow/.local/lib/python3.12/site-packages/airflow/example_dags/example_branch_operator_decorator.py
[2024-08-24T16:34:10.207+0000] {processor.py:914} INFO - Processing file /home/airflow/.local/lib/python3.12/site-packages/airflow/example_dags/example_branch_operator_decorator.py for tasks to queue
[2024-08-24T16:34:10.258+0000] {logging_mixin.py:190} INFO - [2024-08-24T16:34:10.257+0000] {dagbag.py:587} INFO - Filling up the DagBag from /home/airflow/.local/lib/python3.12/site-packages/airflow/example_dags/example_branch_operator_decorator.py
[2024-08-24T16:34:10.630+0000] {processor.py:925} INFO - DAG(s) 'example_branch_python_operator_decorator' retrieved from /home/airflow/.local/lib/python3.12/site-packages/airflow/example_dags/example_branch_operator_decorator.py
[2024-08-24T16:34:11.208+0000] {logging_mixin.py:190} INFO - [2024-08-24T16:34:11.208+0000] {dag.py:3211} INFO - Sync 1 DAGs
[2024-08-24T16:34:11.782+0000] {logging_mixin.py:190} INFO - [2024-08-24T16:34:11.779+0000] {dag.py:4138} INFO - Setting next_dagrun for example_branch_python_operator_decorator to 2024-08-23 00:00:00+00:00, run_after=2024-08-24 00:00:00+00:00
[2024-08-24T16:34:12.080+0000] {processor.py:208} INFO - Processing /home/airflow/.local/lib/python3.12/site-packages/airflow/example_dags/example_branch_operator_decorator.py took 2.000 seconds
[2024-08-24T16:34:44.087+0000] {processor.py:186} INFO - Started process (PID=264) to work on /home/airflow/.local/lib/python3.12/site-packages/airflow/example_dags/example_branch_operator_decorator.py
[2024-08-24T16:34:44.119+0000] {processor.py:914} INFO - Processing file /home/airflow/.local/lib/python3.12/site-packages/airflow/example_dags/example_branch_operator_decorator.py for tasks to queue
[2024-08-24T16:34:44.169+0000] {logging_mixin.py:190} INFO - [2024-08-24T16:34:44.151+0000] {dagbag.py:587} INFO - Filling up the DagBag from /home/airflow/.local/lib/python3.12/site-packages/airflow/example_dags/example_branch_operator_decorator.py
[2024-08-24T16:34:44.397+0000] {processor.py:925} INFO - DAG(s) 'example_branch_python_operator_decorator' retrieved from /home/airflow/.local/lib/python3.12/site-packages/airflow/example_dags/example_branch_operator_decorator.py
[2024-08-24T16:34:44.669+0000] {logging_mixin.py:190} INFO - [2024-08-24T16:34:44.665+0000] {dag.py:3211} INFO - Sync 1 DAGs
[2024-08-24T16:34:44.977+0000] {logging_mixin.py:190} INFO - [2024-08-24T16:34:44.970+0000] {dag.py:4138} INFO - Setting next_dagrun for example_branch_python_operator_decorator to 2024-08-23 00:00:00+00:00, run_after=2024-08-24 00:00:00+00:00
[2024-08-24T16:34:45.228+0000] {processor.py:208} INFO - Processing /home/airflow/.local/lib/python3.12/site-packages/airflow/example_dags/example_branch_operator_decorator.py took 1.278 seconds
[2024-08-24T16:35:23.041+0000] {processor.py:186} INFO - Started process (PID=326) to work on /home/airflow/.local/lib/python3.12/site-packages/airflow/example_dags/example_branch_operator_decorator.py
[2024-08-24T16:35:23.055+0000] {processor.py:914} INFO - Processing file /home/airflow/.local/lib/python3.12/site-packages/airflow/example_dags/example_branch_operator_decorator.py for tasks to queue
[2024-08-24T16:35:23.062+0000] {logging_mixin.py:190} INFO - [2024-08-24T16:35:23.061+0000] {dagbag.py:587} INFO - Filling up the DagBag from /home/airflow/.local/lib/python3.12/site-packages/airflow/example_dags/example_branch_operator_decorator.py
[2024-08-24T16:35:23.178+0000] {processor.py:925} INFO - DAG(s) 'example_branch_python_operator_decorator' retrieved from /home/airflow/.local/lib/python3.12/site-packages/airflow/example_dags/example_branch_operator_decorator.py
[2024-08-24T16:35:23.303+0000] {logging_mixin.py:190} INFO - [2024-08-24T16:35:23.303+0000] {dag.py:3211} INFO - Sync 1 DAGs
[2024-08-24T16:35:23.402+0000] {logging_mixin.py:190} INFO - [2024-08-24T16:35:23.401+0000] {dag.py:4138} INFO - Setting next_dagrun for example_branch_python_operator_decorator to 2024-08-23 00:00:00+00:00, run_after=2024-08-24 00:00:00+00:00
[2024-08-24T16:35:23.575+0000] {processor.py:208} INFO - Processing /home/airflow/.local/lib/python3.12/site-packages/airflow/example_dags/example_branch_operator_decorator.py took 0.555 seconds
[2024-08-24T16:36:23.949+0000] {processor.py:186} INFO - Started process (PID=386) to work on /home/airflow/.local/lib/python3.12/site-packages/airflow/example_dags/example_branch_operator_decorator.py
[2024-08-24T16:36:24.100+0000] {processor.py:914} INFO - Processing file /home/airflow/.local/lib/python3.12/site-packages/airflow/example_dags/example_branch_operator_decorator.py for tasks to queue
[2024-08-24T16:36:24.172+0000] {logging_mixin.py:190} INFO - [2024-08-24T16:36:24.169+0000] {dagbag.py:587} INFO - Filling up the DagBag from /home/airflow/.local/lib/python3.12/site-packages/airflow/example_dags/example_branch_operator_decorator.py
[2024-08-24T16:36:24.621+0000] {processor.py:925} INFO - DAG(s) 'example_branch_python_operator_decorator' retrieved from /home/airflow/.local/lib/python3.12/site-packages/airflow/example_dags/example_branch_operator_decorator.py
[2024-08-24T16:36:25.179+0000] {logging_mixin.py:190} INFO - [2024-08-24T16:36:25.179+0000] {dag.py:3211} INFO - Sync 1 DAGs
[2024-08-24T16:36:26.096+0000] {logging_mixin.py:190} INFO - [2024-08-24T16:36:26.095+0000] {dag.py:4138} INFO - Setting next_dagrun for example_branch_python_operator_decorator to 2024-08-23 00:00:00+00:00, run_after=2024-08-24 00:00:00+00:00
[2024-08-24T16:36:26.764+0000] {processor.py:208} INFO - Processing /home/airflow/.local/lib/python3.12/site-packages/airflow/example_dags/example_branch_operator_decorator.py took 2.865 seconds
[2024-08-24T16:37:19.767+0000] {processor.py:186} INFO - Started process (PID=438) to work on /home/airflow/.local/lib/python3.12/site-packages/airflow/example_dags/example_branch_operator_decorator.py
[2024-08-24T16:37:19.771+0000] {processor.py:914} INFO - Processing file /home/airflow/.local/lib/python3.12/site-packages/airflow/example_dags/example_branch_operator_decorator.py for tasks to queue
[2024-08-24T16:37:19.786+0000] {logging_mixin.py:190} INFO - [2024-08-24T16:37:19.785+0000] {dagbag.py:587} INFO - Filling up the DagBag from /home/airflow/.local/lib/python3.12/site-packages/airflow/example_dags/example_branch_operator_decorator.py
[2024-08-24T16:37:20.067+0000] {processor.py:925} INFO - DAG(s) 'example_branch_python_operator_decorator' retrieved from /home/airflow/.local/lib/python3.12/site-packages/airflow/example_dags/example_branch_operator_decorator.py
[2024-08-24T16:37:20.362+0000] {logging_mixin.py:190} INFO - [2024-08-24T16:37:20.362+0000] {dag.py:3211} INFO - Sync 1 DAGs
[2024-08-24T16:37:20.790+0000] {logging_mixin.py:190} INFO - [2024-08-24T16:37:20.789+0000] {dag.py:4138} INFO - Setting next_dagrun for example_branch_python_operator_decorator to 2024-08-23 00:00:00+00:00, run_after=2024-08-24 00:00:00+00:00
[2024-08-24T16:37:21.113+0000] {processor.py:208} INFO - Processing /home/airflow/.local/lib/python3.12/site-packages/airflow/example_dags/example_branch_operator_decorator.py took 1.411 seconds
[2024-08-24T16:38:39.931+0000] {processor.py:186} INFO - Started process (PID=510) to work on /home/airflow/.local/lib/python3.12/site-packages/airflow/example_dags/example_branch_operator_decorator.py
[2024-08-24T16:38:40.088+0000] {processor.py:914} INFO - Processing file /home/airflow/.local/lib/python3.12/site-packages/airflow/example_dags/example_branch_operator_decorator.py for tasks to queue
[2024-08-24T16:38:40.189+0000] {logging_mixin.py:190} INFO - [2024-08-24T16:38:40.188+0000] {dagbag.py:587} INFO - Filling up the DagBag from /home/airflow/.local/lib/python3.12/site-packages/airflow/example_dags/example_branch_operator_decorator.py
[2024-08-24T16:38:40.988+0000] {processor.py:925} INFO - DAG(s) 'example_branch_python_operator_decorator' retrieved from /home/airflow/.local/lib/python3.12/site-packages/airflow/example_dags/example_branch_operator_decorator.py
[2024-08-24T16:38:42.002+0000] {logging_mixin.py:190} INFO - [2024-08-24T16:38:42.001+0000] {dag.py:3211} INFO - Sync 1 DAGs
[2024-08-24T16:38:42.545+0000] {logging_mixin.py:190} INFO - [2024-08-24T16:38:42.545+0000] {dag.py:4138} INFO - Setting next_dagrun for example_branch_python_operator_decorator to 2024-08-23 00:00:00+00:00, run_after=2024-08-24 00:00:00+00:00
[2024-08-24T16:38:42.709+0000] {processor.py:208} INFO - Processing /home/airflow/.local/lib/python3.12/site-packages/airflow/example_dags/example_branch_operator_decorator.py took 2.925 seconds
[2024-08-24T16:39:35.081+0000] {processor.py:186} INFO - Started process (PID=556) to work on /home/airflow/.local/lib/python3.12/site-packages/airflow/example_dags/example_branch_operator_decorator.py
[2024-08-24T16:39:35.085+0000] {processor.py:914} INFO - Processing file /home/airflow/.local/lib/python3.12/site-packages/airflow/example_dags/example_branch_operator_decorator.py for tasks to queue
[2024-08-24T16:39:35.122+0000] {logging_mixin.py:190} INFO - [2024-08-24T16:39:35.095+0000] {dagbag.py:587} INFO - Filling up the DagBag from /home/airflow/.local/lib/python3.12/site-packages/airflow/example_dags/example_branch_operator_decorator.py
[2024-08-24T16:39:35.425+0000] {processor.py:925} INFO - DAG(s) 'example_branch_python_operator_decorator' retrieved from /home/airflow/.local/lib/python3.12/site-packages/airflow/example_dags/example_branch_operator_decorator.py
[2024-08-24T16:39:35.740+0000] {logging_mixin.py:190} INFO - [2024-08-24T16:39:35.739+0000] {dag.py:3211} INFO - Sync 1 DAGs
[2024-08-24T16:39:35.915+0000] {logging_mixin.py:190} INFO - [2024-08-24T16:39:35.914+0000] {dag.py:4138} INFO - Setting next_dagrun for example_branch_python_operator_decorator to 2024-08-23 00:00:00+00:00, run_after=2024-08-24 00:00:00+00:00
[2024-08-24T16:39:36.062+0000] {processor.py:208} INFO - Processing /home/airflow/.local/lib/python3.12/site-packages/airflow/example_dags/example_branch_operator_decorator.py took 1.056 seconds
[2024-08-24T16:40:06.411+0000] {processor.py:186} INFO - Started process (PID=624) to work on /home/airflow/.local/lib/python3.12/site-packages/airflow/example_dags/example_branch_operator_decorator.py
[2024-08-24T16:40:06.414+0000] {processor.py:914} INFO - Processing file /home/airflow/.local/lib/python3.12/site-packages/airflow/example_dags/example_branch_operator_decorator.py for tasks to queue
[2024-08-24T16:40:06.421+0000] {logging_mixin.py:190} INFO - [2024-08-24T16:40:06.419+0000] {dagbag.py:587} INFO - Filling up the DagBag from /home/airflow/.local/lib/python3.12/site-packages/airflow/example_dags/example_branch_operator_decorator.py
[2024-08-24T16:40:06.482+0000] {processor.py:925} INFO - DAG(s) 'example_branch_python_operator_decorator' retrieved from /home/airflow/.local/lib/python3.12/site-packages/airflow/example_dags/example_branch_operator_decorator.py
[2024-08-24T16:40:06.584+0000] {logging_mixin.py:190} INFO - [2024-08-24T16:40:06.584+0000] {dag.py:3211} INFO - Sync 1 DAGs
[2024-08-24T16:40:06.657+0000] {logging_mixin.py:190} INFO - [2024-08-24T16:40:06.656+0000] {dag.py:4138} INFO - Setting next_dagrun for example_branch_python_operator_decorator to 2024-08-23 00:00:00+00:00, run_after=2024-08-24 00:00:00+00:00
[2024-08-24T16:40:06.708+0000] {processor.py:208} INFO - Processing /home/airflow/.local/lib/python3.12/site-packages/airflow/example_dags/example_branch_operator_decorator.py took 0.314 seconds
