[2024-08-24T16:31:47.463+0000] {processor.py:186} INFO - Started process (PID=79) to work on /home/airflow/.local/lib/python3.12/site-packages/airflow/example_dags/example_external_task_marker_dag.py
[2024-08-24T16:31:47.479+0000] {processor.py:914} INFO - Processing file /home/airflow/.local/lib/python3.12/site-packages/airflow/example_dags/example_external_task_marker_dag.py for tasks to queue
[2024-08-24T16:31:47.495+0000] {logging_mixin.py:190} INFO - [2024-08-24T16:31:47.494+0000] {dagbag.py:587} INFO - Filling up the DagBag from /home/airflow/.local/lib/python3.12/site-packages/airflow/example_dags/example_external_task_marker_dag.py
[2024-08-24T16:31:47.824+0000] {processor.py:925} INFO - DAG(s) 'example_external_task_marker_child', 'example_external_task_marker_parent' retrieved from /home/airflow/.local/lib/python3.12/site-packages/airflow/example_dags/example_external_task_marker_dag.py
[2024-08-24T16:31:52.677+0000] {logging_mixin.py:190} INFO - [2024-08-24T16:31:52.675+0000] {override.py:1858} INFO - Created Permission View: can delete on DAG:example_external_task_marker_child
[2024-08-24T16:31:53.013+0000] {logging_mixin.py:190} INFO - [2024-08-24T16:31:53.013+0000] {override.py:1858} INFO - Created Permission View: can read on DAG:example_external_task_marker_child
[2024-08-24T16:31:53.141+0000] {logging_mixin.py:190} INFO - [2024-08-24T16:31:53.140+0000] {override.py:1858} INFO - Created Permission View: can edit on DAG:example_external_task_marker_child
[2024-08-24T16:31:53.514+0000] {logging_mixin.py:190} INFO - [2024-08-24T16:31:53.514+0000] {override.py:1858} INFO - Created Permission View: can delete on DAG:example_external_task_marker_parent
[2024-08-24T16:31:53.692+0000] {logging_mixin.py:190} INFO - [2024-08-24T16:31:53.692+0000] {override.py:1858} INFO - Created Permission View: can read on DAG:example_external_task_marker_parent
[2024-08-24T16:31:53.917+0000] {logging_mixin.py:190} INFO - [2024-08-24T16:31:53.916+0000] {override.py:1858} INFO - Created Permission View: can edit on DAG:example_external_task_marker_parent
[2024-08-24T16:31:53.936+0000] {logging_mixin.py:190} INFO - [2024-08-24T16:31:53.935+0000] {dag.py:3211} INFO - Sync 2 DAGs
[2024-08-24T16:31:54.546+0000] {logging_mixin.py:190} INFO - [2024-08-24T16:31:54.546+0000] {dag.py:3234} INFO - Creating ORM DAG for example_external_task_marker_parent
[2024-08-24T16:31:54.562+0000] {logging_mixin.py:190} INFO - [2024-08-24T16:31:54.561+0000] {dag.py:3234} INFO - Creating ORM DAG for example_external_task_marker_child
[2024-08-24T16:31:54.587+0000] {logging_mixin.py:190} INFO - [2024-08-24T16:31:54.586+0000] {dag.py:4138} INFO - Setting next_dagrun for example_external_task_marker_child to None, run_after=None
[2024-08-24T16:31:54.603+0000] {logging_mixin.py:190} INFO - [2024-08-24T16:31:54.602+0000] {dag.py:4138} INFO - Setting next_dagrun for example_external_task_marker_parent to None, run_after=None
[2024-08-24T16:31:55.255+0000] {processor.py:208} INFO - Processing /home/airflow/.local/lib/python3.12/site-packages/airflow/example_dags/example_external_task_marker_dag.py took 7.875 seconds
[2024-08-24T16:33:36.347+0000] {processor.py:186} INFO - Started process (PID=157) to work on /home/airflow/.local/lib/python3.12/site-packages/airflow/example_dags/example_external_task_marker_dag.py
[2024-08-24T16:33:36.350+0000] {processor.py:914} INFO - Processing file /home/airflow/.local/lib/python3.12/site-packages/airflow/example_dags/example_external_task_marker_dag.py for tasks to queue
[2024-08-24T16:33:36.368+0000] {logging_mixin.py:190} INFO - [2024-08-24T16:33:36.367+0000] {dagbag.py:587} INFO - Filling up the DagBag from /home/airflow/.local/lib/python3.12/site-packages/airflow/example_dags/example_external_task_marker_dag.py
[2024-08-24T16:33:36.407+0000] {processor.py:925} INFO - DAG(s) 'example_external_task_marker_parent', 'example_external_task_marker_child' retrieved from /home/airflow/.local/lib/python3.12/site-packages/airflow/example_dags/example_external_task_marker_dag.py
[2024-08-24T16:33:36.509+0000] {logging_mixin.py:190} INFO - [2024-08-24T16:33:36.508+0000] {dag.py:3211} INFO - Sync 2 DAGs
[2024-08-24T16:33:36.602+0000] {logging_mixin.py:190} INFO - [2024-08-24T16:33:36.601+0000] {dag.py:4138} INFO - Setting next_dagrun for example_external_task_marker_child to None, run_after=None
[2024-08-24T16:33:36.619+0000] {logging_mixin.py:190} INFO - [2024-08-24T16:33:36.619+0000] {dag.py:4138} INFO - Setting next_dagrun for example_external_task_marker_parent to None, run_after=None
[2024-08-24T16:33:36.678+0000] {processor.py:208} INFO - Processing /home/airflow/.local/lib/python3.12/site-packages/airflow/example_dags/example_external_task_marker_dag.py took 0.369 seconds
[2024-08-24T16:34:09.460+0000] {processor.py:186} INFO - Started process (PID=208) to work on /home/airflow/.local/lib/python3.12/site-packages/airflow/example_dags/example_external_task_marker_dag.py
[2024-08-24T16:34:09.476+0000] {processor.py:914} INFO - Processing file /home/airflow/.local/lib/python3.12/site-packages/airflow/example_dags/example_external_task_marker_dag.py for tasks to queue
[2024-08-24T16:34:09.505+0000] {logging_mixin.py:190} INFO - [2024-08-24T16:34:09.503+0000] {dagbag.py:587} INFO - Filling up the DagBag from /home/airflow/.local/lib/python3.12/site-packages/airflow/example_dags/example_external_task_marker_dag.py
[2024-08-24T16:34:09.640+0000] {processor.py:925} INFO - DAG(s) 'example_external_task_marker_child', 'example_external_task_marker_parent' retrieved from /home/airflow/.local/lib/python3.12/site-packages/airflow/example_dags/example_external_task_marker_dag.py
[2024-08-24T16:34:09.933+0000] {logging_mixin.py:190} INFO - [2024-08-24T16:34:09.933+0000] {dag.py:3211} INFO - Sync 2 DAGs
[2024-08-24T16:34:10.121+0000] {logging_mixin.py:190} INFO - [2024-08-24T16:34:10.087+0000] {dag.py:4138} INFO - Setting next_dagrun for example_external_task_marker_child to None, run_after=None
[2024-08-24T16:34:10.175+0000] {logging_mixin.py:190} INFO - [2024-08-24T16:34:10.174+0000] {dag.py:4138} INFO - Setting next_dagrun for example_external_task_marker_parent to None, run_after=None
[2024-08-24T16:34:10.432+0000] {processor.py:208} INFO - Processing /home/airflow/.local/lib/python3.12/site-packages/airflow/example_dags/example_external_task_marker_dag.py took 1.123 seconds
[2024-08-24T16:34:42.806+0000] {processor.py:186} INFO - Started process (PID=263) to work on /home/airflow/.local/lib/python3.12/site-packages/airflow/example_dags/example_external_task_marker_dag.py
[2024-08-24T16:34:42.810+0000] {processor.py:914} INFO - Processing file /home/airflow/.local/lib/python3.12/site-packages/airflow/example_dags/example_external_task_marker_dag.py for tasks to queue
[2024-08-24T16:34:42.818+0000] {logging_mixin.py:190} INFO - [2024-08-24T16:34:42.816+0000] {dagbag.py:587} INFO - Filling up the DagBag from /home/airflow/.local/lib/python3.12/site-packages/airflow/example_dags/example_external_task_marker_dag.py
[2024-08-24T16:34:42.905+0000] {processor.py:925} INFO - DAG(s) 'example_external_task_marker_parent', 'example_external_task_marker_child' retrieved from /home/airflow/.local/lib/python3.12/site-packages/airflow/example_dags/example_external_task_marker_dag.py
[2024-08-24T16:34:43.281+0000] {logging_mixin.py:190} INFO - [2024-08-24T16:34:43.281+0000] {dag.py:3211} INFO - Sync 2 DAGs
[2024-08-24T16:34:43.659+0000] {logging_mixin.py:190} INFO - [2024-08-24T16:34:43.658+0000] {dag.py:4138} INFO - Setting next_dagrun for example_external_task_marker_child to None, run_after=None
[2024-08-24T16:34:43.766+0000] {logging_mixin.py:190} INFO - [2024-08-24T16:34:43.752+0000] {dag.py:4138} INFO - Setting next_dagrun for example_external_task_marker_parent to None, run_after=None
[2024-08-24T16:34:43.972+0000] {processor.py:208} INFO - Processing /home/airflow/.local/lib/python3.12/site-packages/airflow/example_dags/example_external_task_marker_dag.py took 1.187 seconds
[2024-08-24T16:35:17.432+0000] {processor.py:186} INFO - Started process (PID=321) to work on /home/airflow/.local/lib/python3.12/site-packages/airflow/example_dags/example_external_task_marker_dag.py
[2024-08-24T16:35:17.450+0000] {processor.py:914} INFO - Processing file /home/airflow/.local/lib/python3.12/site-packages/airflow/example_dags/example_external_task_marker_dag.py for tasks to queue
[2024-08-24T16:35:17.459+0000] {logging_mixin.py:190} INFO - [2024-08-24T16:35:17.457+0000] {dagbag.py:587} INFO - Filling up the DagBag from /home/airflow/.local/lib/python3.12/site-packages/airflow/example_dags/example_external_task_marker_dag.py
[2024-08-24T16:35:17.573+0000] {processor.py:925} INFO - DAG(s) 'example_external_task_marker_parent', 'example_external_task_marker_child' retrieved from /home/airflow/.local/lib/python3.12/site-packages/airflow/example_dags/example_external_task_marker_dag.py
[2024-08-24T16:35:17.858+0000] {logging_mixin.py:190} INFO - [2024-08-24T16:35:17.857+0000] {dag.py:3211} INFO - Sync 2 DAGs
[2024-08-24T16:35:18.156+0000] {logging_mixin.py:190} INFO - [2024-08-24T16:35:18.155+0000] {dag.py:4138} INFO - Setting next_dagrun for example_external_task_marker_child to None, run_after=None
[2024-08-24T16:35:18.251+0000] {logging_mixin.py:190} INFO - [2024-08-24T16:35:18.251+0000] {dag.py:4138} INFO - Setting next_dagrun for example_external_task_marker_parent to None, run_after=None
[2024-08-24T16:35:18.656+0000] {processor.py:208} INFO - Processing /home/airflow/.local/lib/python3.12/site-packages/airflow/example_dags/example_external_task_marker_dag.py took 1.350 seconds
[2024-08-24T16:36:24.049+0000] {processor.py:186} INFO - Started process (PID=385) to work on /home/airflow/.local/lib/python3.12/site-packages/airflow/example_dags/example_external_task_marker_dag.py
[2024-08-24T16:36:24.164+0000] {processor.py:914} INFO - Processing file /home/airflow/.local/lib/python3.12/site-packages/airflow/example_dags/example_external_task_marker_dag.py for tasks to queue
[2024-08-24T16:36:24.198+0000] {logging_mixin.py:190} INFO - [2024-08-24T16:36:24.197+0000] {dagbag.py:587} INFO - Filling up the DagBag from /home/airflow/.local/lib/python3.12/site-packages/airflow/example_dags/example_external_task_marker_dag.py
[2024-08-24T16:36:24.426+0000] {processor.py:925} INFO - DAG(s) 'example_external_task_marker_parent', 'example_external_task_marker_child' retrieved from /home/airflow/.local/lib/python3.12/site-packages/airflow/example_dags/example_external_task_marker_dag.py
[2024-08-24T16:36:25.038+0000] {logging_mixin.py:190} INFO - [2024-08-24T16:36:25.035+0000] {dag.py:3211} INFO - Sync 2 DAGs
[2024-08-24T16:36:25.832+0000] {logging_mixin.py:190} INFO - [2024-08-24T16:36:25.831+0000] {dag.py:4138} INFO - Setting next_dagrun for example_external_task_marker_child to None, run_after=None
[2024-08-24T16:36:26.184+0000] {logging_mixin.py:190} INFO - [2024-08-24T16:36:26.184+0000] {dag.py:4138} INFO - Setting next_dagrun for example_external_task_marker_parent to None, run_after=None
[2024-08-24T16:36:26.601+0000] {processor.py:208} INFO - Processing /home/airflow/.local/lib/python3.12/site-packages/airflow/example_dags/example_external_task_marker_dag.py took 2.604 seconds
[2024-08-24T16:37:19.346+0000] {processor.py:186} INFO - Started process (PID=437) to work on /home/airflow/.local/lib/python3.12/site-packages/airflow/example_dags/example_external_task_marker_dag.py
[2024-08-24T16:37:19.379+0000] {processor.py:914} INFO - Processing file /home/airflow/.local/lib/python3.12/site-packages/airflow/example_dags/example_external_task_marker_dag.py for tasks to queue
[2024-08-24T16:37:19.482+0000] {logging_mixin.py:190} INFO - [2024-08-24T16:37:19.481+0000] {dagbag.py:587} INFO - Filling up the DagBag from /home/airflow/.local/lib/python3.12/site-packages/airflow/example_dags/example_external_task_marker_dag.py
[2024-08-24T16:37:19.585+0000] {processor.py:925} INFO - DAG(s) 'example_external_task_marker_child', 'example_external_task_marker_parent' retrieved from /home/airflow/.local/lib/python3.12/site-packages/airflow/example_dags/example_external_task_marker_dag.py
[2024-08-24T16:37:19.940+0000] {logging_mixin.py:190} INFO - [2024-08-24T16:37:19.939+0000] {dag.py:3211} INFO - Sync 2 DAGs
[2024-08-24T16:37:20.154+0000] {logging_mixin.py:190} INFO - [2024-08-24T16:37:20.153+0000] {dag.py:4138} INFO - Setting next_dagrun for example_external_task_marker_child to None, run_after=None
[2024-08-24T16:37:20.216+0000] {logging_mixin.py:190} INFO - [2024-08-24T16:37:20.215+0000] {dag.py:4138} INFO - Setting next_dagrun for example_external_task_marker_parent to None, run_after=None
[2024-08-24T16:37:20.368+0000] {processor.py:208} INFO - Processing /home/airflow/.local/lib/python3.12/site-packages/airflow/example_dags/example_external_task_marker_dag.py took 1.121 seconds
[2024-08-24T16:38:39.890+0000] {processor.py:186} INFO - Started process (PID=509) to work on /home/airflow/.local/lib/python3.12/site-packages/airflow/example_dags/example_external_task_marker_dag.py
[2024-08-24T16:38:40.000+0000] {processor.py:914} INFO - Processing file /home/airflow/.local/lib/python3.12/site-packages/airflow/example_dags/example_external_task_marker_dag.py for tasks to queue
[2024-08-24T16:38:40.131+0000] {logging_mixin.py:190} INFO - [2024-08-24T16:38:40.130+0000] {dagbag.py:587} INFO - Filling up the DagBag from /home/airflow/.local/lib/python3.12/site-packages/airflow/example_dags/example_external_task_marker_dag.py
[2024-08-24T16:38:40.652+0000] {processor.py:925} INFO - DAG(s) 'example_external_task_marker_child', 'example_external_task_marker_parent' retrieved from /home/airflow/.local/lib/python3.12/site-packages/airflow/example_dags/example_external_task_marker_dag.py
[2024-08-24T16:38:41.426+0000] {logging_mixin.py:190} INFO - [2024-08-24T16:38:41.425+0000] {dag.py:3211} INFO - Sync 2 DAGs
[2024-08-24T16:38:41.786+0000] {logging_mixin.py:190} INFO - [2024-08-24T16:38:41.785+0000] {dag.py:4138} INFO - Setting next_dagrun for example_external_task_marker_child to None, run_after=None
[2024-08-24T16:38:41.948+0000] {logging_mixin.py:190} INFO - [2024-08-24T16:38:41.899+0000] {dag.py:4138} INFO - Setting next_dagrun for example_external_task_marker_parent to None, run_after=None
[2024-08-24T16:38:42.281+0000] {processor.py:208} INFO - Processing /home/airflow/.local/lib/python3.12/site-packages/airflow/example_dags/example_external_task_marker_dag.py took 2.561 seconds
[2024-08-24T16:39:35.052+0000] {processor.py:186} INFO - Started process (PID=555) to work on /home/airflow/.local/lib/python3.12/site-packages/airflow/example_dags/example_external_task_marker_dag.py
[2024-08-24T16:39:35.073+0000] {processor.py:914} INFO - Processing file /home/airflow/.local/lib/python3.12/site-packages/airflow/example_dags/example_external_task_marker_dag.py for tasks to queue
[2024-08-24T16:39:35.092+0000] {logging_mixin.py:190} INFO - [2024-08-24T16:39:35.091+0000] {dagbag.py:587} INFO - Filling up the DagBag from /home/airflow/.local/lib/python3.12/site-packages/airflow/example_dags/example_external_task_marker_dag.py
[2024-08-24T16:39:35.159+0000] {processor.py:925} INFO - DAG(s) 'example_external_task_marker_child', 'example_external_task_marker_parent' retrieved from /home/airflow/.local/lib/python3.12/site-packages/airflow/example_dags/example_external_task_marker_dag.py
[2024-08-24T16:39:35.459+0000] {logging_mixin.py:190} INFO - [2024-08-24T16:39:35.458+0000] {dag.py:3211} INFO - Sync 2 DAGs
[2024-08-24T16:39:35.599+0000] {logging_mixin.py:190} INFO - [2024-08-24T16:39:35.598+0000] {dag.py:4138} INFO - Setting next_dagrun for example_external_task_marker_child to None, run_after=None
[2024-08-24T16:39:35.649+0000] {logging_mixin.py:190} INFO - [2024-08-24T16:39:35.623+0000] {dag.py:4138} INFO - Setting next_dagrun for example_external_task_marker_parent to None, run_after=None
[2024-08-24T16:39:35.811+0000] {processor.py:208} INFO - Processing /home/airflow/.local/lib/python3.12/site-packages/airflow/example_dags/example_external_task_marker_dag.py took 0.850 seconds
[2024-08-24T16:40:06.097+0000] {processor.py:186} INFO - Started process (PID=623) to work on /home/airflow/.local/lib/python3.12/site-packages/airflow/example_dags/example_external_task_marker_dag.py
[2024-08-24T16:40:06.099+0000] {processor.py:914} INFO - Processing file /home/airflow/.local/lib/python3.12/site-packages/airflow/example_dags/example_external_task_marker_dag.py for tasks to queue
[2024-08-24T16:40:06.109+0000] {logging_mixin.py:190} INFO - [2024-08-24T16:40:06.108+0000] {dagbag.py:587} INFO - Filling up the DagBag from /home/airflow/.local/lib/python3.12/site-packages/airflow/example_dags/example_external_task_marker_dag.py
[2024-08-24T16:40:06.133+0000] {processor.py:925} INFO - DAG(s) 'example_external_task_marker_child', 'example_external_task_marker_parent' retrieved from /home/airflow/.local/lib/python3.12/site-packages/airflow/example_dags/example_external_task_marker_dag.py
[2024-08-24T16:40:06.208+0000] {logging_mixin.py:190} INFO - [2024-08-24T16:40:06.208+0000] {dag.py:3211} INFO - Sync 2 DAGs
[2024-08-24T16:40:06.262+0000] {logging_mixin.py:190} INFO - [2024-08-24T16:40:06.261+0000] {dag.py:4138} INFO - Setting next_dagrun for example_external_task_marker_child to None, run_after=None
[2024-08-24T16:40:06.274+0000] {logging_mixin.py:190} INFO - [2024-08-24T16:40:06.273+0000] {dag.py:4138} INFO - Setting next_dagrun for example_external_task_marker_parent to None, run_after=None
[2024-08-24T16:40:06.315+0000] {processor.py:208} INFO - Processing /home/airflow/.local/lib/python3.12/site-packages/airflow/example_dags/example_external_task_marker_dag.py took 0.239 seconds
