[2024-08-24T16:33:14.339+0000] {processor.py:186} INFO - Started process (PID=131) to work on /home/airflow/.local/lib/python3.12/site-packages/airflow/example_dags/example_dataset_alias_with_no_taskflow.py
[2024-08-24T16:33:14.343+0000] {processor.py:914} INFO - Processing file /home/airflow/.local/lib/python3.12/site-packages/airflow/example_dags/example_dataset_alias_with_no_taskflow.py for tasks to queue
[2024-08-24T16:33:14.377+0000] {logging_mixin.py:190} INFO - [2024-08-24T16:33:14.376+0000] {dagbag.py:587} INFO - Filling up the DagBag from /home/airflow/.local/lib/python3.12/site-packages/airflow/example_dags/example_dataset_alias_with_no_taskflow.py
[2024-08-24T16:33:16.398+0000] {processor.py:925} INFO - DAG(s) 'dataset_alias_example_alias_consumer_with_no_taskflow', 'dataset_alias_example_alias_producer_with_no_taskflow', 'dataset_s3_bucket_consumer_with_no_taskflow', 'dataset_s3_bucket_producer_with_no_taskflow' retrieved from /home/airflow/.local/lib/python3.12/site-packages/airflow/example_dags/example_dataset_alias_with_no_taskflow.py
[2024-08-24T16:33:17.180+0000] {logging_mixin.py:190} INFO - [2024-08-24T16:33:17.177+0000] {override.py:1858} INFO - Created Permission View: can delete on DAG:dataset_alias_example_alias_consumer_with_no_taskflow
[2024-08-24T16:33:17.306+0000] {logging_mixin.py:190} INFO - [2024-08-24T16:33:17.305+0000] {override.py:1858} INFO - Created Permission View: can read on DAG:dataset_alias_example_alias_consumer_with_no_taskflow
[2024-08-24T16:33:17.469+0000] {logging_mixin.py:190} INFO - [2024-08-24T16:33:17.468+0000] {override.py:1858} INFO - Created Permission View: can edit on DAG:dataset_alias_example_alias_consumer_with_no_taskflow
[2024-08-24T16:33:17.646+0000] {logging_mixin.py:190} INFO - [2024-08-24T16:33:17.645+0000] {override.py:1858} INFO - Created Permission View: can delete on DAG:dataset_alias_example_alias_producer_with_no_taskflow
[2024-08-24T16:33:17.730+0000] {logging_mixin.py:190} INFO - [2024-08-24T16:33:17.729+0000] {override.py:1858} INFO - Created Permission View: can read on DAG:dataset_alias_example_alias_producer_with_no_taskflow
[2024-08-24T16:33:17.783+0000] {logging_mixin.py:190} INFO - [2024-08-24T16:33:17.782+0000] {override.py:1858} INFO - Created Permission View: can edit on DAG:dataset_alias_example_alias_producer_with_no_taskflow
[2024-08-24T16:33:17.985+0000] {logging_mixin.py:190} INFO - [2024-08-24T16:33:17.984+0000] {override.py:1858} INFO - Created Permission View: can delete on DAG:dataset_s3_bucket_consumer_with_no_taskflow
[2024-08-24T16:33:18.035+0000] {logging_mixin.py:190} INFO - [2024-08-24T16:33:18.034+0000] {override.py:1858} INFO - Created Permission View: can read on DAG:dataset_s3_bucket_consumer_with_no_taskflow
[2024-08-24T16:33:18.128+0000] {logging_mixin.py:190} INFO - [2024-08-24T16:33:18.126+0000] {override.py:1858} INFO - Created Permission View: can edit on DAG:dataset_s3_bucket_consumer_with_no_taskflow
[2024-08-24T16:33:18.330+0000] {logging_mixin.py:190} INFO - [2024-08-24T16:33:18.329+0000] {override.py:1858} INFO - Created Permission View: can delete on DAG:dataset_s3_bucket_producer_with_no_taskflow
[2024-08-24T16:33:18.446+0000] {logging_mixin.py:190} INFO - [2024-08-24T16:33:18.445+0000] {override.py:1858} INFO - Created Permission View: can read on DAG:dataset_s3_bucket_producer_with_no_taskflow
[2024-08-24T16:33:18.656+0000] {logging_mixin.py:190} INFO - [2024-08-24T16:33:18.656+0000] {override.py:1858} INFO - Created Permission View: can edit on DAG:dataset_s3_bucket_producer_with_no_taskflow
[2024-08-24T16:33:18.660+0000] {logging_mixin.py:190} INFO - [2024-08-24T16:33:18.659+0000] {dag.py:3211} INFO - Sync 4 DAGs
[2024-08-24T16:33:19.022+0000] {logging_mixin.py:190} INFO - [2024-08-24T16:33:19.022+0000] {dag.py:3234} INFO - Creating ORM DAG for dataset_alias_example_alias_consumer_with_no_taskflow
[2024-08-24T16:33:19.043+0000] {logging_mixin.py:190} INFO - [2024-08-24T16:33:19.042+0000] {dag.py:3234} INFO - Creating ORM DAG for dataset_alias_example_alias_producer_with_no_taskflow
[2024-08-24T16:33:19.106+0000] {logging_mixin.py:190} INFO - [2024-08-24T16:33:19.106+0000] {dag.py:3234} INFO - Creating ORM DAG for dataset_s3_bucket_consumer_with_no_taskflow
[2024-08-24T16:33:19.122+0000] {logging_mixin.py:190} INFO - [2024-08-24T16:33:19.122+0000] {dag.py:3234} INFO - Creating ORM DAG for dataset_s3_bucket_producer_with_no_taskflow
[2024-08-24T16:33:19.313+0000] {logging_mixin.py:190} INFO - [2024-08-24T16:33:19.312+0000] {dag.py:4138} INFO - Setting next_dagrun for dataset_alias_example_alias_consumer_with_no_taskflow to None, run_after=None
[2024-08-24T16:33:19.333+0000] {logging_mixin.py:190} INFO - [2024-08-24T16:33:19.333+0000] {dag.py:4138} INFO - Setting next_dagrun for dataset_alias_example_alias_producer_with_no_taskflow to None, run_after=None
[2024-08-24T16:33:19.381+0000] {logging_mixin.py:190} INFO - [2024-08-24T16:33:19.381+0000] {dag.py:4138} INFO - Setting next_dagrun for dataset_s3_bucket_consumer_with_no_taskflow to None, run_after=None
[2024-08-24T16:33:19.384+0000] {logging_mixin.py:190} INFO - [2024-08-24T16:33:19.384+0000] {dag.py:4138} INFO - Setting next_dagrun for dataset_s3_bucket_producer_with_no_taskflow to None, run_after=None
[2024-08-24T16:33:19.862+0000] {processor.py:208} INFO - Processing /home/airflow/.local/lib/python3.12/site-packages/airflow/example_dags/example_dataset_alias_with_no_taskflow.py took 5.593 seconds
[2024-08-24T16:34:01.726+0000] {processor.py:186} INFO - Started process (PID=200) to work on /home/airflow/.local/lib/python3.12/site-packages/airflow/example_dags/example_dataset_alias_with_no_taskflow.py
[2024-08-24T16:34:01.740+0000] {processor.py:914} INFO - Processing file /home/airflow/.local/lib/python3.12/site-packages/airflow/example_dags/example_dataset_alias_with_no_taskflow.py for tasks to queue
[2024-08-24T16:34:01.758+0000] {logging_mixin.py:190} INFO - [2024-08-24T16:34:01.757+0000] {dagbag.py:587} INFO - Filling up the DagBag from /home/airflow/.local/lib/python3.12/site-packages/airflow/example_dags/example_dataset_alias_with_no_taskflow.py
[2024-08-24T16:34:04.081+0000] {processor.py:925} INFO - DAG(s) 'dataset_alias_example_alias_consumer_with_no_taskflow', 'dataset_s3_bucket_consumer_with_no_taskflow', 'dataset_alias_example_alias_producer_with_no_taskflow', 'dataset_s3_bucket_producer_with_no_taskflow' retrieved from /home/airflow/.local/lib/python3.12/site-packages/airflow/example_dags/example_dataset_alias_with_no_taskflow.py
[2024-08-24T16:34:04.432+0000] {logging_mixin.py:190} INFO - [2024-08-24T16:34:04.431+0000] {dag.py:3211} INFO - Sync 4 DAGs
[2024-08-24T16:34:04.704+0000] {logging_mixin.py:190} INFO - [2024-08-24T16:34:04.692+0000] {dag.py:4138} INFO - Setting next_dagrun for dataset_alias_example_alias_consumer_with_no_taskflow to None, run_after=None
[2024-08-24T16:34:04.774+0000] {logging_mixin.py:190} INFO - [2024-08-24T16:34:04.773+0000] {dag.py:4138} INFO - Setting next_dagrun for dataset_alias_example_alias_producer_with_no_taskflow to None, run_after=None
[2024-08-24T16:34:04.841+0000] {logging_mixin.py:190} INFO - [2024-08-24T16:34:04.841+0000] {dag.py:4138} INFO - Setting next_dagrun for dataset_s3_bucket_consumer_with_no_taskflow to None, run_after=None
[2024-08-24T16:34:04.875+0000] {logging_mixin.py:190} INFO - [2024-08-24T16:34:04.874+0000] {dag.py:4138} INFO - Setting next_dagrun for dataset_s3_bucket_producer_with_no_taskflow to None, run_after=None
[2024-08-24T16:34:05.079+0000] {processor.py:208} INFO - Processing /home/airflow/.local/lib/python3.12/site-packages/airflow/example_dags/example_dataset_alias_with_no_taskflow.py took 3.464 seconds
[2024-08-24T16:34:44.421+0000] {processor.py:186} INFO - Started process (PID=265) to work on /home/airflow/.local/lib/python3.12/site-packages/airflow/example_dags/example_dataset_alias_with_no_taskflow.py
[2024-08-24T16:34:44.427+0000] {processor.py:914} INFO - Processing file /home/airflow/.local/lib/python3.12/site-packages/airflow/example_dags/example_dataset_alias_with_no_taskflow.py for tasks to queue
[2024-08-24T16:34:44.438+0000] {logging_mixin.py:190} INFO - [2024-08-24T16:34:44.436+0000] {dagbag.py:587} INFO - Filling up the DagBag from /home/airflow/.local/lib/python3.12/site-packages/airflow/example_dags/example_dataset_alias_with_no_taskflow.py
[2024-08-24T16:34:46.212+0000] {processor.py:925} INFO - DAG(s) 'dataset_s3_bucket_producer_with_no_taskflow', 'dataset_alias_example_alias_producer_with_no_taskflow', 'dataset_alias_example_alias_consumer_with_no_taskflow', 'dataset_s3_bucket_consumer_with_no_taskflow' retrieved from /home/airflow/.local/lib/python3.12/site-packages/airflow/example_dags/example_dataset_alias_with_no_taskflow.py
[2024-08-24T16:34:46.537+0000] {logging_mixin.py:190} INFO - [2024-08-24T16:34:46.537+0000] {dag.py:3211} INFO - Sync 4 DAGs
[2024-08-24T16:34:46.653+0000] {logging_mixin.py:190} INFO - [2024-08-24T16:34:46.653+0000] {dag.py:4138} INFO - Setting next_dagrun for dataset_alias_example_alias_consumer_with_no_taskflow to None, run_after=None
[2024-08-24T16:34:46.664+0000] {logging_mixin.py:190} INFO - [2024-08-24T16:34:46.663+0000] {dag.py:4138} INFO - Setting next_dagrun for dataset_alias_example_alias_producer_with_no_taskflow to None, run_after=None
[2024-08-24T16:34:46.683+0000] {logging_mixin.py:190} INFO - [2024-08-24T16:34:46.683+0000] {dag.py:4138} INFO - Setting next_dagrun for dataset_s3_bucket_consumer_with_no_taskflow to None, run_after=None
[2024-08-24T16:34:46.703+0000] {logging_mixin.py:190} INFO - [2024-08-24T16:34:46.702+0000] {dag.py:4138} INFO - Setting next_dagrun for dataset_s3_bucket_producer_with_no_taskflow to None, run_after=None
[2024-08-24T16:34:46.844+0000] {processor.py:208} INFO - Processing /home/airflow/.local/lib/python3.12/site-packages/airflow/example_dags/example_dataset_alias_with_no_taskflow.py took 2.469 seconds
[2024-08-24T16:35:25.835+0000] {processor.py:186} INFO - Started process (PID=330) to work on /home/airflow/.local/lib/python3.12/site-packages/airflow/example_dags/example_dataset_alias_with_no_taskflow.py
[2024-08-24T16:35:25.839+0000] {processor.py:914} INFO - Processing file /home/airflow/.local/lib/python3.12/site-packages/airflow/example_dags/example_dataset_alias_with_no_taskflow.py for tasks to queue
[2024-08-24T16:35:25.859+0000] {logging_mixin.py:190} INFO - [2024-08-24T16:35:25.858+0000] {dagbag.py:587} INFO - Filling up the DagBag from /home/airflow/.local/lib/python3.12/site-packages/airflow/example_dags/example_dataset_alias_with_no_taskflow.py
[2024-08-24T16:35:27.475+0000] {processor.py:925} INFO - DAG(s) 'dataset_s3_bucket_consumer_with_no_taskflow', 'dataset_alias_example_alias_producer_with_no_taskflow', 'dataset_s3_bucket_producer_with_no_taskflow', 'dataset_alias_example_alias_consumer_with_no_taskflow' retrieved from /home/airflow/.local/lib/python3.12/site-packages/airflow/example_dags/example_dataset_alias_with_no_taskflow.py
[2024-08-24T16:35:27.862+0000] {logging_mixin.py:190} INFO - [2024-08-24T16:35:27.861+0000] {dag.py:3211} INFO - Sync 4 DAGs
[2024-08-24T16:35:28.299+0000] {logging_mixin.py:190} INFO - [2024-08-24T16:35:28.299+0000] {dag.py:4138} INFO - Setting next_dagrun for dataset_alias_example_alias_consumer_with_no_taskflow to None, run_after=None
[2024-08-24T16:35:28.333+0000] {logging_mixin.py:190} INFO - [2024-08-24T16:35:28.333+0000] {dag.py:4138} INFO - Setting next_dagrun for dataset_alias_example_alias_producer_with_no_taskflow to None, run_after=None
[2024-08-24T16:35:28.349+0000] {logging_mixin.py:190} INFO - [2024-08-24T16:35:28.348+0000] {dag.py:4138} INFO - Setting next_dagrun for dataset_s3_bucket_consumer_with_no_taskflow to None, run_after=None
[2024-08-24T16:35:28.396+0000] {logging_mixin.py:190} INFO - [2024-08-24T16:35:28.395+0000] {dag.py:4138} INFO - Setting next_dagrun for dataset_s3_bucket_producer_with_no_taskflow to None, run_after=None
[2024-08-24T16:35:28.811+0000] {processor.py:208} INFO - Processing /home/airflow/.local/lib/python3.12/site-packages/airflow/example_dags/example_dataset_alias_with_no_taskflow.py took 3.016 seconds
[2024-08-24T16:36:59.626+0000] {processor.py:186} INFO - Started process (PID=416) to work on /home/airflow/.local/lib/python3.12/site-packages/airflow/example_dags/example_dataset_alias_with_no_taskflow.py
[2024-08-24T16:36:59.677+0000] {processor.py:914} INFO - Processing file /home/airflow/.local/lib/python3.12/site-packages/airflow/example_dags/example_dataset_alias_with_no_taskflow.py for tasks to queue
[2024-08-24T16:36:59.704+0000] {logging_mixin.py:190} INFO - [2024-08-24T16:36:59.702+0000] {dagbag.py:587} INFO - Filling up the DagBag from /home/airflow/.local/lib/python3.12/site-packages/airflow/example_dags/example_dataset_alias_with_no_taskflow.py
[2024-08-24T16:37:01.697+0000] {processor.py:925} INFO - DAG(s) 'dataset_s3_bucket_consumer_with_no_taskflow', 'dataset_alias_example_alias_consumer_with_no_taskflow', 'dataset_alias_example_alias_producer_with_no_taskflow', 'dataset_s3_bucket_producer_with_no_taskflow' retrieved from /home/airflow/.local/lib/python3.12/site-packages/airflow/example_dags/example_dataset_alias_with_no_taskflow.py
[2024-08-24T16:37:02.015+0000] {logging_mixin.py:190} INFO - [2024-08-24T16:37:02.014+0000] {dag.py:3211} INFO - Sync 4 DAGs
[2024-08-24T16:37:02.257+0000] {logging_mixin.py:190} INFO - [2024-08-24T16:37:02.256+0000] {dag.py:4138} INFO - Setting next_dagrun for dataset_alias_example_alias_consumer_with_no_taskflow to None, run_after=None
[2024-08-24T16:37:02.266+0000] {logging_mixin.py:190} INFO - [2024-08-24T16:37:02.265+0000] {dag.py:4138} INFO - Setting next_dagrun for dataset_alias_example_alias_producer_with_no_taskflow to None, run_after=None
[2024-08-24T16:37:02.270+0000] {logging_mixin.py:190} INFO - [2024-08-24T16:37:02.270+0000] {dag.py:4138} INFO - Setting next_dagrun for dataset_s3_bucket_consumer_with_no_taskflow to None, run_after=None
[2024-08-24T16:37:02.274+0000] {logging_mixin.py:190} INFO - [2024-08-24T16:37:02.274+0000] {dag.py:4138} INFO - Setting next_dagrun for dataset_s3_bucket_producer_with_no_taskflow to None, run_after=None
[2024-08-24T16:37:02.348+0000] {processor.py:208} INFO - Processing /home/airflow/.local/lib/python3.12/site-packages/airflow/example_dags/example_dataset_alias_with_no_taskflow.py took 2.775 seconds
[2024-08-24T16:38:11.996+0000] {processor.py:186} INFO - Started process (PID=489) to work on /home/airflow/.local/lib/python3.12/site-packages/airflow/example_dags/example_dataset_alias_with_no_taskflow.py
[2024-08-24T16:38:12.042+0000] {processor.py:914} INFO - Processing file /home/airflow/.local/lib/python3.12/site-packages/airflow/example_dags/example_dataset_alias_with_no_taskflow.py for tasks to queue
[2024-08-24T16:38:12.147+0000] {logging_mixin.py:190} INFO - [2024-08-24T16:38:12.146+0000] {dagbag.py:587} INFO - Filling up the DagBag from /home/airflow/.local/lib/python3.12/site-packages/airflow/example_dags/example_dataset_alias_with_no_taskflow.py
[2024-08-24T16:38:14.721+0000] {processor.py:925} INFO - DAG(s) 'dataset_s3_bucket_consumer_with_no_taskflow', 'dataset_alias_example_alias_consumer_with_no_taskflow', 'dataset_s3_bucket_producer_with_no_taskflow', 'dataset_alias_example_alias_producer_with_no_taskflow' retrieved from /home/airflow/.local/lib/python3.12/site-packages/airflow/example_dags/example_dataset_alias_with_no_taskflow.py
[2024-08-24T16:38:15.118+0000] {logging_mixin.py:190} INFO - [2024-08-24T16:38:15.117+0000] {dag.py:3211} INFO - Sync 4 DAGs
[2024-08-24T16:38:15.432+0000] {logging_mixin.py:190} INFO - [2024-08-24T16:38:15.431+0000] {dag.py:4138} INFO - Setting next_dagrun for dataset_alias_example_alias_consumer_with_no_taskflow to None, run_after=None
[2024-08-24T16:38:15.474+0000] {logging_mixin.py:190} INFO - [2024-08-24T16:38:15.474+0000] {dag.py:4138} INFO - Setting next_dagrun for dataset_alias_example_alias_producer_with_no_taskflow to None, run_after=None
[2024-08-24T16:38:15.527+0000] {logging_mixin.py:190} INFO - [2024-08-24T16:38:15.527+0000] {dag.py:4138} INFO - Setting next_dagrun for dataset_s3_bucket_consumer_with_no_taskflow to None, run_after=None
[2024-08-24T16:38:15.592+0000] {logging_mixin.py:190} INFO - [2024-08-24T16:38:15.591+0000] {dag.py:4138} INFO - Setting next_dagrun for dataset_s3_bucket_producer_with_no_taskflow to None, run_after=None
[2024-08-24T16:38:17.404+0000] {processor.py:208} INFO - Processing /home/airflow/.local/lib/python3.12/site-packages/airflow/example_dags/example_dataset_alias_with_no_taskflow.py took 5.461 seconds
