[2024-08-24T16:33:31.662+0000] {processor.py:186} INFO - Started process (PID=148) to work on /home/airflow/.local/lib/python3.12/site-packages/airflow/example_dags/example_python_operator.py
[2024-08-24T16:33:31.684+0000] {processor.py:914} INFO - Processing file /home/airflow/.local/lib/python3.12/site-packages/airflow/example_dags/example_python_operator.py for tasks to queue
[2024-08-24T16:33:31.701+0000] {logging_mixin.py:190} INFO - [2024-08-24T16:33:31.700+0000] {dagbag.py:587} INFO - Filling up the DagBag from /home/airflow/.local/lib/python3.12/site-packages/airflow/example_dags/example_python_operator.py
[2024-08-24T16:33:31.827+0000] {processor.py:925} INFO - DAG(s) 'example_python_operator' retrieved from /home/airflow/.local/lib/python3.12/site-packages/airflow/example_dags/example_python_operator.py
[2024-08-24T16:33:32.388+0000] {logging_mixin.py:190} INFO - [2024-08-24T16:33:32.385+0000] {override.py:1858} INFO - Created Permission View: can delete on DAG:example_python_operator
[2024-08-24T16:33:32.498+0000] {logging_mixin.py:190} INFO - [2024-08-24T16:33:32.497+0000] {override.py:1858} INFO - Created Permission View: can read on DAG:example_python_operator
[2024-08-24T16:33:32.596+0000] {logging_mixin.py:190} INFO - [2024-08-24T16:33:32.594+0000] {override.py:1858} INFO - Created Permission View: can edit on DAG:example_python_operator
[2024-08-24T16:33:32.599+0000] {logging_mixin.py:190} INFO - [2024-08-24T16:33:32.597+0000] {dag.py:3211} INFO - Sync 1 DAGs
[2024-08-24T16:33:32.746+0000] {logging_mixin.py:190} INFO - [2024-08-24T16:33:32.744+0000] {dag.py:3234} INFO - Creating ORM DAG for example_python_operator
[2024-08-24T16:33:32.749+0000] {logging_mixin.py:190} INFO - [2024-08-24T16:33:32.748+0000] {dag.py:4138} INFO - Setting next_dagrun for example_python_operator to None, run_after=None
[2024-08-24T16:33:32.974+0000] {processor.py:208} INFO - Processing /home/airflow/.local/lib/python3.12/site-packages/airflow/example_dags/example_python_operator.py took 1.409 seconds
[2024-08-24T16:34:15.437+0000] {processor.py:186} INFO - Started process (PID=215) to work on /home/airflow/.local/lib/python3.12/site-packages/airflow/example_dags/example_python_operator.py
[2024-08-24T16:34:15.449+0000] {processor.py:914} INFO - Processing file /home/airflow/.local/lib/python3.12/site-packages/airflow/example_dags/example_python_operator.py for tasks to queue
[2024-08-24T16:34:15.466+0000] {logging_mixin.py:190} INFO - [2024-08-24T16:34:15.465+0000] {dagbag.py:587} INFO - Filling up the DagBag from /home/airflow/.local/lib/python3.12/site-packages/airflow/example_dags/example_python_operator.py
[2024-08-24T16:34:15.543+0000] {processor.py:925} INFO - DAG(s) 'example_python_operator' retrieved from /home/airflow/.local/lib/python3.12/site-packages/airflow/example_dags/example_python_operator.py
[2024-08-24T16:34:15.655+0000] {logging_mixin.py:190} INFO - [2024-08-24T16:34:15.655+0000] {dag.py:3211} INFO - Sync 1 DAGs
[2024-08-24T16:34:15.750+0000] {logging_mixin.py:190} INFO - [2024-08-24T16:34:15.749+0000] {dag.py:4138} INFO - Setting next_dagrun for example_python_operator to None, run_after=None
[2024-08-24T16:34:15.903+0000] {processor.py:208} INFO - Processing /home/airflow/.local/lib/python3.12/site-packages/airflow/example_dags/example_python_operator.py took 0.603 seconds
[2024-08-24T16:34:50.344+0000] {processor.py:186} INFO - Started process (PID=278) to work on /home/airflow/.local/lib/python3.12/site-packages/airflow/example_dags/example_python_operator.py
[2024-08-24T16:34:50.347+0000] {processor.py:914} INFO - Processing file /home/airflow/.local/lib/python3.12/site-packages/airflow/example_dags/example_python_operator.py for tasks to queue
[2024-08-24T16:34:50.371+0000] {logging_mixin.py:190} INFO - [2024-08-24T16:34:50.368+0000] {dagbag.py:587} INFO - Filling up the DagBag from /home/airflow/.local/lib/python3.12/site-packages/airflow/example_dags/example_python_operator.py
[2024-08-24T16:34:50.426+0000] {processor.py:925} INFO - DAG(s) 'example_python_operator' retrieved from /home/airflow/.local/lib/python3.12/site-packages/airflow/example_dags/example_python_operator.py
[2024-08-24T16:34:50.548+0000] {logging_mixin.py:190} INFO - [2024-08-24T16:34:50.547+0000] {dag.py:3211} INFO - Sync 1 DAGs
[2024-08-24T16:34:50.599+0000] {logging_mixin.py:190} INFO - [2024-08-24T16:34:50.599+0000] {dag.py:4138} INFO - Setting next_dagrun for example_python_operator to None, run_after=None
[2024-08-24T16:34:50.759+0000] {processor.py:208} INFO - Processing /home/airflow/.local/lib/python3.12/site-packages/airflow/example_dags/example_python_operator.py took 0.463 seconds
[2024-08-24T16:35:35.227+0000] {processor.py:186} INFO - Started process (PID=346) to work on /home/airflow/.local/lib/python3.12/site-packages/airflow/example_dags/example_python_operator.py
[2024-08-24T16:35:35.242+0000] {processor.py:914} INFO - Processing file /home/airflow/.local/lib/python3.12/site-packages/airflow/example_dags/example_python_operator.py for tasks to queue
[2024-08-24T16:35:35.259+0000] {logging_mixin.py:190} INFO - [2024-08-24T16:35:35.258+0000] {dagbag.py:587} INFO - Filling up the DagBag from /home/airflow/.local/lib/python3.12/site-packages/airflow/example_dags/example_python_operator.py
[2024-08-24T16:35:35.362+0000] {processor.py:925} INFO - DAG(s) 'example_python_operator' retrieved from /home/airflow/.local/lib/python3.12/site-packages/airflow/example_dags/example_python_operator.py
[2024-08-24T16:35:35.571+0000] {logging_mixin.py:190} INFO - [2024-08-24T16:35:35.570+0000] {dag.py:3211} INFO - Sync 1 DAGs
[2024-08-24T16:35:35.746+0000] {logging_mixin.py:190} INFO - [2024-08-24T16:35:35.745+0000] {dag.py:4138} INFO - Setting next_dagrun for example_python_operator to None, run_after=None
[2024-08-24T16:35:35.941+0000] {processor.py:208} INFO - Processing /home/airflow/.local/lib/python3.12/site-packages/airflow/example_dags/example_python_operator.py took 0.759 seconds
