[2024-08-24T16:32:35.204+0000] {processor.py:186} INFO - Started process (PID=106) to work on /home/airflow/.local/lib/python3.12/site-packages/airflow/example_dags/example_branch_datetime_operator.py
[2024-08-24T16:32:35.224+0000] {processor.py:914} INFO - Processing file /home/airflow/.local/lib/python3.12/site-packages/airflow/example_dags/example_branch_datetime_operator.py for tasks to queue
[2024-08-24T16:32:35.271+0000] {logging_mixin.py:190} INFO - [2024-08-24T16:32:35.243+0000] {dagbag.py:587} INFO - Filling up the DagBag from /home/airflow/.local/lib/python3.12/site-packages/airflow/example_dags/example_branch_datetime_operator.py
[2024-08-24T16:32:35.495+0000] {processor.py:925} INFO - DAG(s) 'example_branch_datetime_operator_3', 'example_branch_datetime_operator_2', 'example_branch_datetime_operator' retrieved from /home/airflow/.local/lib/python3.12/site-packages/airflow/example_dags/example_branch_datetime_operator.py
[2024-08-24T16:32:38.766+0000] {logging_mixin.py:190} INFO - [2024-08-24T16:32:38.764+0000] {override.py:1858} INFO - Created Permission View: can delete on DAG:example_branch_datetime_operator_3
[2024-08-24T16:32:39.046+0000] {logging_mixin.py:190} INFO - [2024-08-24T16:32:39.018+0000] {override.py:1858} INFO - Created Permission View: can read on DAG:example_branch_datetime_operator_3
[2024-08-24T16:32:39.194+0000] {logging_mixin.py:190} INFO - [2024-08-24T16:32:39.193+0000] {override.py:1858} INFO - Created Permission View: can edit on DAG:example_branch_datetime_operator_3
[2024-08-24T16:32:39.690+0000] {logging_mixin.py:190} INFO - [2024-08-24T16:32:39.689+0000] {override.py:1858} INFO - Created Permission View: can delete on DAG:example_branch_datetime_operator_2
[2024-08-24T16:32:39.982+0000] {logging_mixin.py:190} INFO - [2024-08-24T16:32:39.981+0000] {override.py:1858} INFO - Created Permission View: can read on DAG:example_branch_datetime_operator_2
[2024-08-24T16:32:40.220+0000] {logging_mixin.py:190} INFO - [2024-08-24T16:32:40.218+0000] {override.py:1858} INFO - Created Permission View: can edit on DAG:example_branch_datetime_operator_2
[2024-08-24T16:32:40.605+0000] {logging_mixin.py:190} INFO - [2024-08-24T16:32:40.604+0000] {override.py:1858} INFO - Created Permission View: can delete on DAG:example_branch_datetime_operator
[2024-08-24T16:32:40.918+0000] {logging_mixin.py:190} INFO - [2024-08-24T16:32:40.918+0000] {override.py:1858} INFO - Created Permission View: can read on DAG:example_branch_datetime_operator
[2024-08-24T16:32:41.129+0000] {logging_mixin.py:190} INFO - [2024-08-24T16:32:41.128+0000] {override.py:1858} INFO - Created Permission View: can edit on DAG:example_branch_datetime_operator
[2024-08-24T16:32:41.145+0000] {logging_mixin.py:190} INFO - [2024-08-24T16:32:41.144+0000] {dag.py:3211} INFO - Sync 3 DAGs
[2024-08-24T16:32:41.279+0000] {logging_mixin.py:190} INFO - [2024-08-24T16:32:41.278+0000] {dag.py:3234} INFO - Creating ORM DAG for example_branch_datetime_operator_2
[2024-08-24T16:32:41.295+0000] {logging_mixin.py:190} INFO - [2024-08-24T16:32:41.295+0000] {dag.py:3234} INFO - Creating ORM DAG for example_branch_datetime_operator_3
[2024-08-24T16:32:41.299+0000] {logging_mixin.py:190} INFO - [2024-08-24T16:32:41.298+0000] {dag.py:3234} INFO - Creating ORM DAG for example_branch_datetime_operator
[2024-08-24T16:32:41.461+0000] {logging_mixin.py:190} INFO - [2024-08-24T16:32:41.417+0000] {dag.py:4138} INFO - Setting next_dagrun for example_branch_datetime_operator to 2024-08-23 00:00:00+00:00, run_after=2024-08-24 00:00:00+00:00
[2024-08-24T16:32:41.531+0000] {logging_mixin.py:190} INFO - [2024-08-24T16:32:41.516+0000] {dag.py:4138} INFO - Setting next_dagrun for example_branch_datetime_operator_2 to 2024-08-23 00:00:00+00:00, run_after=2024-08-24 00:00:00+00:00
[2024-08-24T16:32:41.557+0000] {logging_mixin.py:190} INFO - [2024-08-24T16:32:41.556+0000] {dag.py:4138} INFO - Setting next_dagrun for example_branch_datetime_operator_3 to 2024-08-23 00:00:00+00:00, run_after=2024-08-24 00:00:00+00:00
[2024-08-24T16:32:41.874+0000] {processor.py:208} INFO - Processing /home/airflow/.local/lib/python3.12/site-packages/airflow/example_dags/example_branch_datetime_operator.py took 6.763 seconds
[2024-08-24T16:33:43.501+0000] {processor.py:186} INFO - Started process (PID=174) to work on /home/airflow/.local/lib/python3.12/site-packages/airflow/example_dags/example_branch_datetime_operator.py
[2024-08-24T16:33:43.512+0000] {processor.py:914} INFO - Processing file /home/airflow/.local/lib/python3.12/site-packages/airflow/example_dags/example_branch_datetime_operator.py for tasks to queue
[2024-08-24T16:33:43.532+0000] {logging_mixin.py:190} INFO - [2024-08-24T16:33:43.531+0000] {dagbag.py:587} INFO - Filling up the DagBag from /home/airflow/.local/lib/python3.12/site-packages/airflow/example_dags/example_branch_datetime_operator.py
[2024-08-24T16:33:43.590+0000] {processor.py:925} INFO - DAG(s) 'example_branch_datetime_operator', 'example_branch_datetime_operator_2', 'example_branch_datetime_operator_3' retrieved from /home/airflow/.local/lib/python3.12/site-packages/airflow/example_dags/example_branch_datetime_operator.py
[2024-08-24T16:33:43.695+0000] {logging_mixin.py:190} INFO - [2024-08-24T16:33:43.695+0000] {dag.py:3211} INFO - Sync 3 DAGs
[2024-08-24T16:33:43.917+0000] {logging_mixin.py:190} INFO - [2024-08-24T16:33:43.916+0000] {dag.py:4138} INFO - Setting next_dagrun for example_branch_datetime_operator to 2024-08-23 00:00:00+00:00, run_after=2024-08-24 00:00:00+00:00
[2024-08-24T16:33:43.975+0000] {logging_mixin.py:190} INFO - [2024-08-24T16:33:43.974+0000] {dag.py:4138} INFO - Setting next_dagrun for example_branch_datetime_operator_2 to 2024-08-23 00:00:00+00:00, run_after=2024-08-24 00:00:00+00:00
[2024-08-24T16:33:43.992+0000] {logging_mixin.py:190} INFO - [2024-08-24T16:33:43.992+0000] {dag.py:4138} INFO - Setting next_dagrun for example_branch_datetime_operator_3 to 2024-08-23 00:00:00+00:00, run_after=2024-08-24 00:00:00+00:00
[2024-08-24T16:33:44.345+0000] {processor.py:208} INFO - Processing /home/airflow/.local/lib/python3.12/site-packages/airflow/example_dags/example_branch_datetime_operator.py took 0.889 seconds
[2024-08-24T16:34:24.785+0000] {processor.py:186} INFO - Started process (PID=236) to work on /home/airflow/.local/lib/python3.12/site-packages/airflow/example_dags/example_branch_datetime_operator.py
[2024-08-24T16:34:24.805+0000] {processor.py:914} INFO - Processing file /home/airflow/.local/lib/python3.12/site-packages/airflow/example_dags/example_branch_datetime_operator.py for tasks to queue
[2024-08-24T16:34:24.825+0000] {logging_mixin.py:190} INFO - [2024-08-24T16:34:24.824+0000] {dagbag.py:587} INFO - Filling up the DagBag from /home/airflow/.local/lib/python3.12/site-packages/airflow/example_dags/example_branch_datetime_operator.py
[2024-08-24T16:34:25.094+0000] {processor.py:925} INFO - DAG(s) 'example_branch_datetime_operator', 'example_branch_datetime_operator_3', 'example_branch_datetime_operator_2' retrieved from /home/airflow/.local/lib/python3.12/site-packages/airflow/example_dags/example_branch_datetime_operator.py
[2024-08-24T16:34:25.443+0000] {logging_mixin.py:190} INFO - [2024-08-24T16:34:25.442+0000] {dag.py:3211} INFO - Sync 3 DAGs
[2024-08-24T16:34:25.843+0000] {logging_mixin.py:190} INFO - [2024-08-24T16:34:25.842+0000] {dag.py:4138} INFO - Setting next_dagrun for example_branch_datetime_operator to 2024-08-23 00:00:00+00:00, run_after=2024-08-24 00:00:00+00:00
[2024-08-24T16:34:25.892+0000] {logging_mixin.py:190} INFO - [2024-08-24T16:34:25.892+0000] {dag.py:4138} INFO - Setting next_dagrun for example_branch_datetime_operator_2 to 2024-08-23 00:00:00+00:00, run_after=2024-08-24 00:00:00+00:00
[2024-08-24T16:34:25.958+0000] {logging_mixin.py:190} INFO - [2024-08-24T16:34:25.957+0000] {dag.py:4138} INFO - Setting next_dagrun for example_branch_datetime_operator_3 to 2024-08-23 00:00:00+00:00, run_after=2024-08-24 00:00:00+00:00
[2024-08-24T16:34:26.309+0000] {processor.py:208} INFO - Processing /home/airflow/.local/lib/python3.12/site-packages/airflow/example_dags/example_branch_datetime_operator.py took 1.650 seconds
[2024-08-24T16:34:58.199+0000] {processor.py:186} INFO - Started process (PID=299) to work on /home/airflow/.local/lib/python3.12/site-packages/airflow/example_dags/example_branch_datetime_operator.py
[2024-08-24T16:34:58.202+0000] {processor.py:914} INFO - Processing file /home/airflow/.local/lib/python3.12/site-packages/airflow/example_dags/example_branch_datetime_operator.py for tasks to queue
[2024-08-24T16:34:58.212+0000] {logging_mixin.py:190} INFO - [2024-08-24T16:34:58.210+0000] {dagbag.py:587} INFO - Filling up the DagBag from /home/airflow/.local/lib/python3.12/site-packages/airflow/example_dags/example_branch_datetime_operator.py
[2024-08-24T16:34:58.257+0000] {processor.py:925} INFO - DAG(s) 'example_branch_datetime_operator_3', 'example_branch_datetime_operator_2', 'example_branch_datetime_operator' retrieved from /home/airflow/.local/lib/python3.12/site-packages/airflow/example_dags/example_branch_datetime_operator.py
[2024-08-24T16:34:58.385+0000] {logging_mixin.py:190} INFO - [2024-08-24T16:34:58.373+0000] {dag.py:3211} INFO - Sync 3 DAGs
[2024-08-24T16:34:58.511+0000] {logging_mixin.py:190} INFO - [2024-08-24T16:34:58.511+0000] {dag.py:4138} INFO - Setting next_dagrun for example_branch_datetime_operator to 2024-08-23 00:00:00+00:00, run_after=2024-08-24 00:00:00+00:00
[2024-08-24T16:34:58.538+0000] {logging_mixin.py:190} INFO - [2024-08-24T16:34:58.536+0000] {dag.py:4138} INFO - Setting next_dagrun for example_branch_datetime_operator_2 to 2024-08-23 00:00:00+00:00, run_after=2024-08-24 00:00:00+00:00
[2024-08-24T16:34:58.561+0000] {logging_mixin.py:190} INFO - [2024-08-24T16:34:58.561+0000] {dag.py:4138} INFO - Setting next_dagrun for example_branch_datetime_operator_3 to 2024-08-23 00:00:00+00:00, run_after=2024-08-24 00:00:00+00:00
[2024-08-24T16:34:58.708+0000] {processor.py:208} INFO - Processing /home/airflow/.local/lib/python3.12/site-packages/airflow/example_dags/example_branch_datetime_operator.py took 0.529 seconds
[2024-08-24T16:35:45.516+0000] {processor.py:186} INFO - Started process (PID=363) to work on /home/airflow/.local/lib/python3.12/site-packages/airflow/example_dags/example_branch_datetime_operator.py
[2024-08-24T16:35:45.549+0000] {processor.py:914} INFO - Processing file /home/airflow/.local/lib/python3.12/site-packages/airflow/example_dags/example_branch_datetime_operator.py for tasks to queue
[2024-08-24T16:35:45.569+0000] {logging_mixin.py:190} INFO - [2024-08-24T16:35:45.566+0000] {dagbag.py:587} INFO - Filling up the DagBag from /home/airflow/.local/lib/python3.12/site-packages/airflow/example_dags/example_branch_datetime_operator.py
[2024-08-24T16:35:45.746+0000] {processor.py:925} INFO - DAG(s) 'example_branch_datetime_operator', 'example_branch_datetime_operator_3', 'example_branch_datetime_operator_2' retrieved from /home/airflow/.local/lib/python3.12/site-packages/airflow/example_dags/example_branch_datetime_operator.py
[2024-08-24T16:35:46.211+0000] {logging_mixin.py:190} INFO - [2024-08-24T16:35:46.210+0000] {dag.py:3211} INFO - Sync 3 DAGs
[2024-08-24T16:35:47.762+0000] {logging_mixin.py:190} INFO - [2024-08-24T16:35:47.761+0000] {dag.py:4138} INFO - Setting next_dagrun for example_branch_datetime_operator to 2024-08-23 00:00:00+00:00, run_after=2024-08-24 00:00:00+00:00
[2024-08-24T16:35:47.840+0000] {logging_mixin.py:190} INFO - [2024-08-24T16:35:47.840+0000] {dag.py:4138} INFO - Setting next_dagrun for example_branch_datetime_operator_2 to 2024-08-23 00:00:00+00:00, run_after=2024-08-24 00:00:00+00:00
[2024-08-24T16:35:49.017+0000] {logging_mixin.py:190} INFO - [2024-08-24T16:35:48.988+0000] {dag.py:4138} INFO - Setting next_dagrun for example_branch_datetime_operator_3 to 2024-08-23 00:00:00+00:00, run_after=2024-08-24 00:00:00+00:00
[2024-08-24T16:35:49.429+0000] {processor.py:208} INFO - Processing /home/airflow/.local/lib/python3.12/site-packages/airflow/example_dags/example_branch_datetime_operator.py took 3.978 seconds
[2024-08-24T16:36:49.596+0000] {processor.py:186} INFO - Started process (PID=407) to work on /home/airflow/.local/lib/python3.12/site-packages/airflow/example_dags/example_branch_datetime_operator.py
[2024-08-24T16:36:49.612+0000] {processor.py:914} INFO - Processing file /home/airflow/.local/lib/python3.12/site-packages/airflow/example_dags/example_branch_datetime_operator.py for tasks to queue
[2024-08-24T16:36:49.618+0000] {logging_mixin.py:190} INFO - [2024-08-24T16:36:49.617+0000] {dagbag.py:587} INFO - Filling up the DagBag from /home/airflow/.local/lib/python3.12/site-packages/airflow/example_dags/example_branch_datetime_operator.py
[2024-08-24T16:36:49.781+0000] {processor.py:925} INFO - DAG(s) 'example_branch_datetime_operator', 'example_branch_datetime_operator_2', 'example_branch_datetime_operator_3' retrieved from /home/airflow/.local/lib/python3.12/site-packages/airflow/example_dags/example_branch_datetime_operator.py
[2024-08-24T16:36:50.126+0000] {logging_mixin.py:190} INFO - [2024-08-24T16:36:50.125+0000] {dag.py:3211} INFO - Sync 3 DAGs
[2024-08-24T16:36:50.605+0000] {logging_mixin.py:190} INFO - [2024-08-24T16:36:50.604+0000] {dag.py:4138} INFO - Setting next_dagrun for example_branch_datetime_operator to 2024-08-23 00:00:00+00:00, run_after=2024-08-24 00:00:00+00:00
[2024-08-24T16:36:50.662+0000] {logging_mixin.py:190} INFO - [2024-08-24T16:36:50.660+0000] {dag.py:4138} INFO - Setting next_dagrun for example_branch_datetime_operator_2 to 2024-08-23 00:00:00+00:00, run_after=2024-08-24 00:00:00+00:00
[2024-08-24T16:36:50.689+0000] {logging_mixin.py:190} INFO - [2024-08-24T16:36:50.688+0000] {dag.py:4138} INFO - Setting next_dagrun for example_branch_datetime_operator_3 to 2024-08-23 00:00:00+00:00, run_after=2024-08-24 00:00:00+00:00
[2024-08-24T16:36:50.813+0000] {processor.py:208} INFO - Processing /home/airflow/.local/lib/python3.12/site-packages/airflow/example_dags/example_branch_datetime_operator.py took 1.295 seconds
