[2024-08-24T16:32:09.648+0000] {processor.py:186} INFO - Started process (PID=91) to work on /home/airflow/.local/lib/python3.12/site-packages/airflow/example_dags/example_branch_python_dop_operator_3.py
[2024-08-24T16:32:09.682+0000] {processor.py:914} INFO - Processing file /home/airflow/.local/lib/python3.12/site-packages/airflow/example_dags/example_branch_python_dop_operator_3.py for tasks to queue
[2024-08-24T16:32:09.731+0000] {logging_mixin.py:190} INFO - [2024-08-24T16:32:09.730+0000] {dagbag.py:587} INFO - Filling up the DagBag from /home/airflow/.local/lib/python3.12/site-packages/airflow/example_dags/example_branch_python_dop_operator_3.py
[2024-08-24T16:32:09.980+0000] {processor.py:925} INFO - DAG(s) 'example_branch_dop_operator_v3' retrieved from /home/airflow/.local/lib/python3.12/site-packages/airflow/example_dags/example_branch_python_dop_operator_3.py
[2024-08-24T16:32:12.154+0000] {logging_mixin.py:190} INFO - [2024-08-24T16:32:12.152+0000] {override.py:1858} INFO - Created Permission View: can delete on DAG:example_branch_dop_operator_v3
[2024-08-24T16:32:12.455+0000] {logging_mixin.py:190} INFO - [2024-08-24T16:32:12.453+0000] {override.py:1858} INFO - Created Permission View: can read on DAG:example_branch_dop_operator_v3
[2024-08-24T16:32:12.536+0000] {logging_mixin.py:190} INFO - [2024-08-24T16:32:12.535+0000] {override.py:1858} INFO - Created Permission View: can edit on DAG:example_branch_dop_operator_v3
[2024-08-24T16:32:12.556+0000] {logging_mixin.py:190} INFO - [2024-08-24T16:32:12.553+0000] {dag.py:3211} INFO - Sync 1 DAGs
[2024-08-24T16:32:12.809+0000] {logging_mixin.py:190} INFO - [2024-08-24T16:32:12.797+0000] {dag.py:3234} INFO - Creating ORM DAG for example_branch_dop_operator_v3
[2024-08-24T16:32:13.082+0000] {logging_mixin.py:190} INFO - [2024-08-24T16:32:13.039+0000] {dag.py:4138} INFO - Setting next_dagrun for example_branch_dop_operator_v3 to 2024-08-24 16:31:00+00:00, run_after=2024-08-24 16:32:00+00:00
[2024-08-24T16:32:13.351+0000] {processor.py:208} INFO - Processing /home/airflow/.local/lib/python3.12/site-packages/airflow/example_dags/example_branch_python_dop_operator_3.py took 3.760 seconds
[2024-08-24T16:33:39.634+0000] {processor.py:186} INFO - Started process (PID=164) to work on /home/airflow/.local/lib/python3.12/site-packages/airflow/example_dags/example_branch_python_dop_operator_3.py
[2024-08-24T16:33:39.637+0000] {processor.py:914} INFO - Processing file /home/airflow/.local/lib/python3.12/site-packages/airflow/example_dags/example_branch_python_dop_operator_3.py for tasks to queue
[2024-08-24T16:33:39.645+0000] {logging_mixin.py:190} INFO - [2024-08-24T16:33:39.643+0000] {dagbag.py:587} INFO - Filling up the DagBag from /home/airflow/.local/lib/python3.12/site-packages/airflow/example_dags/example_branch_python_dop_operator_3.py
[2024-08-24T16:33:39.685+0000] {processor.py:925} INFO - DAG(s) 'example_branch_dop_operator_v3' retrieved from /home/airflow/.local/lib/python3.12/site-packages/airflow/example_dags/example_branch_python_dop_operator_3.py
[2024-08-24T16:33:39.764+0000] {logging_mixin.py:190} INFO - [2024-08-24T16:33:39.763+0000] {dag.py:3211} INFO - Sync 1 DAGs
[2024-08-24T16:33:39.874+0000] {logging_mixin.py:190} INFO - [2024-08-24T16:33:39.874+0000] {dag.py:4138} INFO - Setting next_dagrun for example_branch_dop_operator_v3 to 2024-08-24 16:32:00+00:00, run_after=2024-08-24 16:33:00+00:00
[2024-08-24T16:33:39.941+0000] {processor.py:208} INFO - Processing /home/airflow/.local/lib/python3.12/site-packages/airflow/example_dags/example_branch_python_dop_operator_3.py took 0.327 seconds
[2024-08-24T16:34:19.746+0000] {processor.py:186} INFO - Started process (PID=226) to work on /home/airflow/.local/lib/python3.12/site-packages/airflow/example_dags/example_branch_python_dop_operator_3.py
[2024-08-24T16:34:19.751+0000] {processor.py:914} INFO - Processing file /home/airflow/.local/lib/python3.12/site-packages/airflow/example_dags/example_branch_python_dop_operator_3.py for tasks to queue
[2024-08-24T16:34:19.760+0000] {logging_mixin.py:190} INFO - [2024-08-24T16:34:19.759+0000] {dagbag.py:587} INFO - Filling up the DagBag from /home/airflow/.local/lib/python3.12/site-packages/airflow/example_dags/example_branch_python_dop_operator_3.py
[2024-08-24T16:34:19.791+0000] {processor.py:925} INFO - DAG(s) 'example_branch_dop_operator_v3' retrieved from /home/airflow/.local/lib/python3.12/site-packages/airflow/example_dags/example_branch_python_dop_operator_3.py
[2024-08-24T16:34:19.860+0000] {logging_mixin.py:190} INFO - [2024-08-24T16:34:19.860+0000] {dag.py:3211} INFO - Sync 1 DAGs
[2024-08-24T16:34:19.987+0000] {logging_mixin.py:190} INFO - [2024-08-24T16:34:19.987+0000] {dag.py:4138} INFO - Setting next_dagrun for example_branch_dop_operator_v3 to 2024-08-24 16:33:00+00:00, run_after=2024-08-24 16:34:00+00:00
[2024-08-24T16:34:20.076+0000] {processor.py:208} INFO - Processing /home/airflow/.local/lib/python3.12/site-packages/airflow/example_dags/example_branch_python_dop_operator_3.py took 0.366 seconds
[2024-08-24T16:34:53.195+0000] {processor.py:186} INFO - Started process (PID=285) to work on /home/airflow/.local/lib/python3.12/site-packages/airflow/example_dags/example_branch_python_dop_operator_3.py
[2024-08-24T16:34:53.328+0000] {processor.py:914} INFO - Processing file /home/airflow/.local/lib/python3.12/site-packages/airflow/example_dags/example_branch_python_dop_operator_3.py for tasks to queue
[2024-08-24T16:34:53.423+0000] {logging_mixin.py:190} INFO - [2024-08-24T16:34:53.421+0000] {dagbag.py:587} INFO - Filling up the DagBag from /home/airflow/.local/lib/python3.12/site-packages/airflow/example_dags/example_branch_python_dop_operator_3.py
[2024-08-24T16:34:53.511+0000] {processor.py:925} INFO - DAG(s) 'example_branch_dop_operator_v3' retrieved from /home/airflow/.local/lib/python3.12/site-packages/airflow/example_dags/example_branch_python_dop_operator_3.py
[2024-08-24T16:34:53.656+0000] {logging_mixin.py:190} INFO - [2024-08-24T16:34:53.655+0000] {dag.py:3211} INFO - Sync 1 DAGs
[2024-08-24T16:34:53.764+0000] {logging_mixin.py:190} INFO - [2024-08-24T16:34:53.763+0000] {dag.py:4138} INFO - Setting next_dagrun for example_branch_dop_operator_v3 to 2024-08-24 16:33:00+00:00, run_after=2024-08-24 16:34:00+00:00
[2024-08-24T16:34:53.831+0000] {processor.py:208} INFO - Processing /home/airflow/.local/lib/python3.12/site-packages/airflow/example_dags/example_branch_python_dop_operator_3.py took 0.703 seconds
[2024-08-24T16:35:39.264+0000] {processor.py:186} INFO - Started process (PID=353) to work on /home/airflow/.local/lib/python3.12/site-packages/airflow/example_dags/example_branch_python_dop_operator_3.py
[2024-08-24T16:35:39.277+0000] {processor.py:914} INFO - Processing file /home/airflow/.local/lib/python3.12/site-packages/airflow/example_dags/example_branch_python_dop_operator_3.py for tasks to queue
[2024-08-24T16:35:39.294+0000] {logging_mixin.py:190} INFO - [2024-08-24T16:35:39.293+0000] {dagbag.py:587} INFO - Filling up the DagBag from /home/airflow/.local/lib/python3.12/site-packages/airflow/example_dags/example_branch_python_dop_operator_3.py
[2024-08-24T16:35:39.380+0000] {processor.py:925} INFO - DAG(s) 'example_branch_dop_operator_v3' retrieved from /home/airflow/.local/lib/python3.12/site-packages/airflow/example_dags/example_branch_python_dop_operator_3.py
[2024-08-24T16:35:39.558+0000] {logging_mixin.py:190} INFO - [2024-08-24T16:35:39.557+0000] {dag.py:3211} INFO - Sync 1 DAGs
[2024-08-24T16:35:39.891+0000] {logging_mixin.py:190} INFO - [2024-08-24T16:35:39.891+0000] {dag.py:4138} INFO - Setting next_dagrun for example_branch_dop_operator_v3 to 2024-08-24 16:34:00+00:00, run_after=2024-08-24 16:35:00+00:00
[2024-08-24T16:35:40.011+0000] {processor.py:208} INFO - Processing /home/airflow/.local/lib/python3.12/site-packages/airflow/example_dags/example_branch_python_dop_operator_3.py took 0.798 seconds
[2024-08-24T16:36:42.673+0000] {processor.py:186} INFO - Started process (PID=397) to work on /home/airflow/.local/lib/python3.12/site-packages/airflow/example_dags/example_branch_python_dop_operator_3.py
[2024-08-24T16:36:42.676+0000] {processor.py:914} INFO - Processing file /home/airflow/.local/lib/python3.12/site-packages/airflow/example_dags/example_branch_python_dop_operator_3.py for tasks to queue
[2024-08-24T16:36:42.686+0000] {logging_mixin.py:190} INFO - [2024-08-24T16:36:42.685+0000] {dagbag.py:587} INFO - Filling up the DagBag from /home/airflow/.local/lib/python3.12/site-packages/airflow/example_dags/example_branch_python_dop_operator_3.py
[2024-08-24T16:36:42.725+0000] {processor.py:925} INFO - DAG(s) 'example_branch_dop_operator_v3' retrieved from /home/airflow/.local/lib/python3.12/site-packages/airflow/example_dags/example_branch_python_dop_operator_3.py
[2024-08-24T16:36:42.866+0000] {logging_mixin.py:190} INFO - [2024-08-24T16:36:42.865+0000] {dag.py:3211} INFO - Sync 1 DAGs
[2024-08-24T16:36:43.034+0000] {logging_mixin.py:190} INFO - [2024-08-24T16:36:43.033+0000] {dag.py:4138} INFO - Setting next_dagrun for example_branch_dop_operator_v3 to 2024-08-24 16:35:00+00:00, run_after=2024-08-24 16:36:00+00:00
[2024-08-24T16:36:43.150+0000] {processor.py:208} INFO - Processing /home/airflow/.local/lib/python3.12/site-packages/airflow/example_dags/example_branch_python_dop_operator_3.py took 0.498 seconds
