[2024-08-24T16:33:16.097+0000] {processor.py:186} INFO - Started process (PID=132) to work on /home/airflow/.local/lib/python3.12/site-packages/airflow/example_dags/example_time_delta_sensor_async.py
[2024-08-24T16:33:16.105+0000] {processor.py:914} INFO - Processing file /home/airflow/.local/lib/python3.12/site-packages/airflow/example_dags/example_time_delta_sensor_async.py for tasks to queue
[2024-08-24T16:33:16.127+0000] {logging_mixin.py:190} INFO - [2024-08-24T16:33:16.125+0000] {dagbag.py:587} INFO - Filling up the DagBag from /home/airflow/.local/lib/python3.12/site-packages/airflow/example_dags/example_time_delta_sensor_async.py
[2024-08-24T16:33:16.300+0000] {processor.py:925} INFO - DAG(s) 'example_time_delta_sensor_async' retrieved from /home/airflow/.local/lib/python3.12/site-packages/airflow/example_dags/example_time_delta_sensor_async.py
[2024-08-24T16:33:17.044+0000] {logging_mixin.py:190} INFO - [2024-08-24T16:33:17.043+0000] {override.py:1858} INFO - Created Permission View: can delete on DAG:example_time_delta_sensor_async
[2024-08-24T16:33:17.204+0000] {logging_mixin.py:190} INFO - [2024-08-24T16:33:17.198+0000] {override.py:1858} INFO - Created Permission View: can read on DAG:example_time_delta_sensor_async
[2024-08-24T16:33:17.327+0000] {logging_mixin.py:190} INFO - [2024-08-24T16:33:17.326+0000] {override.py:1858} INFO - Created Permission View: can edit on DAG:example_time_delta_sensor_async
[2024-08-24T16:33:17.329+0000] {logging_mixin.py:190} INFO - [2024-08-24T16:33:17.328+0000] {dag.py:3211} INFO - Sync 1 DAGs
[2024-08-24T16:33:17.529+0000] {logging_mixin.py:190} INFO - [2024-08-24T16:33:17.529+0000] {dag.py:3234} INFO - Creating ORM DAG for example_time_delta_sensor_async
[2024-08-24T16:33:17.536+0000] {logging_mixin.py:190} INFO - [2024-08-24T16:33:17.535+0000] {dag.py:4138} INFO - Setting next_dagrun for example_time_delta_sensor_async to None, run_after=None
[2024-08-24T16:33:17.696+0000] {processor.py:208} INFO - Processing /home/airflow/.local/lib/python3.12/site-packages/airflow/example_dags/example_time_delta_sensor_async.py took 1.809 seconds
[2024-08-24T16:34:01.270+0000] {processor.py:186} INFO - Started process (PID=199) to work on /home/airflow/.local/lib/python3.12/site-packages/airflow/example_dags/example_time_delta_sensor_async.py
[2024-08-24T16:34:01.317+0000] {processor.py:914} INFO - Processing file /home/airflow/.local/lib/python3.12/site-packages/airflow/example_dags/example_time_delta_sensor_async.py for tasks to queue
[2024-08-24T16:34:01.368+0000] {logging_mixin.py:190} INFO - [2024-08-24T16:34:01.366+0000] {dagbag.py:587} INFO - Filling up the DagBag from /home/airflow/.local/lib/python3.12/site-packages/airflow/example_dags/example_time_delta_sensor_async.py
[2024-08-24T16:34:01.483+0000] {processor.py:925} INFO - DAG(s) 'example_time_delta_sensor_async' retrieved from /home/airflow/.local/lib/python3.12/site-packages/airflow/example_dags/example_time_delta_sensor_async.py
[2024-08-24T16:34:01.720+0000] {logging_mixin.py:190} INFO - [2024-08-24T16:34:01.720+0000] {dag.py:3211} INFO - Sync 1 DAGs
[2024-08-24T16:34:02.019+0000] {logging_mixin.py:190} INFO - [2024-08-24T16:34:02.018+0000] {dag.py:4138} INFO - Setting next_dagrun for example_time_delta_sensor_async to None, run_after=None
[2024-08-24T16:34:02.234+0000] {processor.py:208} INFO - Processing /home/airflow/.local/lib/python3.12/site-packages/airflow/example_dags/example_time_delta_sensor_async.py took 1.032 seconds
[2024-08-24T16:34:42.085+0000] {processor.py:186} INFO - Started process (PID=262) to work on /home/airflow/.local/lib/python3.12/site-packages/airflow/example_dags/example_time_delta_sensor_async.py
[2024-08-24T16:34:42.134+0000] {processor.py:914} INFO - Processing file /home/airflow/.local/lib/python3.12/site-packages/airflow/example_dags/example_time_delta_sensor_async.py for tasks to queue
[2024-08-24T16:34:42.174+0000] {logging_mixin.py:190} INFO - [2024-08-24T16:34:42.173+0000] {dagbag.py:587} INFO - Filling up the DagBag from /home/airflow/.local/lib/python3.12/site-packages/airflow/example_dags/example_time_delta_sensor_async.py
[2024-08-24T16:34:42.278+0000] {processor.py:925} INFO - DAG(s) 'example_time_delta_sensor_async' retrieved from /home/airflow/.local/lib/python3.12/site-packages/airflow/example_dags/example_time_delta_sensor_async.py
[2024-08-24T16:34:42.431+0000] {logging_mixin.py:190} INFO - [2024-08-24T16:34:42.421+0000] {dag.py:3211} INFO - Sync 1 DAGs
[2024-08-24T16:34:42.546+0000] {logging_mixin.py:190} INFO - [2024-08-24T16:34:42.545+0000] {dag.py:4138} INFO - Setting next_dagrun for example_time_delta_sensor_async to None, run_after=None
[2024-08-24T16:34:42.639+0000] {processor.py:208} INFO - Processing /home/airflow/.local/lib/python3.12/site-packages/airflow/example_dags/example_time_delta_sensor_async.py took 0.641 seconds
[2024-08-24T16:35:22.209+0000] {processor.py:186} INFO - Started process (PID=325) to work on /home/airflow/.local/lib/python3.12/site-packages/airflow/example_dags/example_time_delta_sensor_async.py
[2024-08-24T16:35:22.241+0000] {processor.py:914} INFO - Processing file /home/airflow/.local/lib/python3.12/site-packages/airflow/example_dags/example_time_delta_sensor_async.py for tasks to queue
[2024-08-24T16:35:22.268+0000] {logging_mixin.py:190} INFO - [2024-08-24T16:35:22.267+0000] {dagbag.py:587} INFO - Filling up the DagBag from /home/airflow/.local/lib/python3.12/site-packages/airflow/example_dags/example_time_delta_sensor_async.py
[2024-08-24T16:35:22.334+0000] {processor.py:925} INFO - DAG(s) 'example_time_delta_sensor_async' retrieved from /home/airflow/.local/lib/python3.12/site-packages/airflow/example_dags/example_time_delta_sensor_async.py
[2024-08-24T16:35:22.507+0000] {logging_mixin.py:190} INFO - [2024-08-24T16:35:22.506+0000] {dag.py:3211} INFO - Sync 1 DAGs
[2024-08-24T16:35:22.632+0000] {logging_mixin.py:190} INFO - [2024-08-24T16:35:22.632+0000] {dag.py:4138} INFO - Setting next_dagrun for example_time_delta_sensor_async to None, run_after=None
[2024-08-24T16:35:22.807+0000] {processor.py:208} INFO - Processing /home/airflow/.local/lib/python3.12/site-packages/airflow/example_dags/example_time_delta_sensor_async.py took 0.637 seconds
[2024-08-24T16:36:59.974+0000] {processor.py:186} INFO - Started process (PID=417) to work on /home/airflow/.local/lib/python3.12/site-packages/airflow/example_dags/example_time_delta_sensor_async.py
[2024-08-24T16:37:00.003+0000] {processor.py:914} INFO - Processing file /home/airflow/.local/lib/python3.12/site-packages/airflow/example_dags/example_time_delta_sensor_async.py for tasks to queue
[2024-08-24T16:37:00.022+0000] {logging_mixin.py:190} INFO - [2024-08-24T16:37:00.020+0000] {dagbag.py:587} INFO - Filling up the DagBag from /home/airflow/.local/lib/python3.12/site-packages/airflow/example_dags/example_time_delta_sensor_async.py
[2024-08-24T16:37:00.159+0000] {processor.py:925} INFO - DAG(s) 'example_time_delta_sensor_async' retrieved from /home/airflow/.local/lib/python3.12/site-packages/airflow/example_dags/example_time_delta_sensor_async.py
[2024-08-24T16:37:00.453+0000] {logging_mixin.py:190} INFO - [2024-08-24T16:37:00.452+0000] {dag.py:3211} INFO - Sync 1 DAGs
[2024-08-24T16:37:00.660+0000] {logging_mixin.py:190} INFO - [2024-08-24T16:37:00.660+0000] {dag.py:4138} INFO - Setting next_dagrun for example_time_delta_sensor_async to None, run_after=None
[2024-08-24T16:37:00.872+0000] {processor.py:208} INFO - Processing /home/airflow/.local/lib/python3.12/site-packages/airflow/example_dags/example_time_delta_sensor_async.py took 1.012 seconds
[2024-08-24T16:38:15.295+0000] {processor.py:186} INFO - Started process (PID=490) to work on /home/airflow/.local/lib/python3.12/site-packages/airflow/example_dags/example_time_delta_sensor_async.py
[2024-08-24T16:38:15.343+0000] {processor.py:914} INFO - Processing file /home/airflow/.local/lib/python3.12/site-packages/airflow/example_dags/example_time_delta_sensor_async.py for tasks to queue
[2024-08-24T16:38:15.362+0000] {logging_mixin.py:190} INFO - [2024-08-24T16:38:15.361+0000] {dagbag.py:587} INFO - Filling up the DagBag from /home/airflow/.local/lib/python3.12/site-packages/airflow/example_dags/example_time_delta_sensor_async.py
[2024-08-24T16:38:15.443+0000] {processor.py:925} INFO - DAG(s) 'example_time_delta_sensor_async' retrieved from /home/airflow/.local/lib/python3.12/site-packages/airflow/example_dags/example_time_delta_sensor_async.py
[2024-08-24T16:38:15.906+0000] {logging_mixin.py:190} INFO - [2024-08-24T16:38:15.905+0000] {dag.py:3211} INFO - Sync 1 DAGs
[2024-08-24T16:38:16.262+0000] {logging_mixin.py:190} INFO - [2024-08-24T16:38:16.262+0000] {dag.py:4138} INFO - Setting next_dagrun for example_time_delta_sensor_async to None, run_after=None
[2024-08-24T16:38:17.502+0000] {processor.py:208} INFO - Processing /home/airflow/.local/lib/python3.12/site-packages/airflow/example_dags/example_time_delta_sensor_async.py took 2.302 seconds
[2024-08-24T16:39:42.158+0000] {processor.py:186} INFO - Started process (PID=581) to work on /home/airflow/.local/lib/python3.12/site-packages/airflow/example_dags/example_time_delta_sensor_async.py
[2024-08-24T16:39:42.161+0000] {processor.py:914} INFO - Processing file /home/airflow/.local/lib/python3.12/site-packages/airflow/example_dags/example_time_delta_sensor_async.py for tasks to queue
[2024-08-24T16:39:42.176+0000] {logging_mixin.py:190} INFO - [2024-08-24T16:39:42.175+0000] {dagbag.py:587} INFO - Filling up the DagBag from /home/airflow/.local/lib/python3.12/site-packages/airflow/example_dags/example_time_delta_sensor_async.py
[2024-08-24T16:39:42.220+0000] {processor.py:925} INFO - DAG(s) 'example_time_delta_sensor_async' retrieved from /home/airflow/.local/lib/python3.12/site-packages/airflow/example_dags/example_time_delta_sensor_async.py
[2024-08-24T16:39:42.332+0000] {logging_mixin.py:190} INFO - [2024-08-24T16:39:42.330+0000] {dag.py:3211} INFO - Sync 1 DAGs
[2024-08-24T16:39:42.385+0000] {logging_mixin.py:190} INFO - [2024-08-24T16:39:42.385+0000] {dag.py:4138} INFO - Setting next_dagrun for example_time_delta_sensor_async to None, run_after=None
[2024-08-24T16:39:42.444+0000] {processor.py:208} INFO - Processing /home/airflow/.local/lib/python3.12/site-packages/airflow/example_dags/example_time_delta_sensor_async.py took 0.319 seconds
[2024-08-24T16:40:13.377+0000] {processor.py:186} INFO - Started process (PID=643) to work on /home/airflow/.local/lib/python3.12/site-packages/airflow/example_dags/example_time_delta_sensor_async.py
[2024-08-24T16:40:13.379+0000] {processor.py:914} INFO - Processing file /home/airflow/.local/lib/python3.12/site-packages/airflow/example_dags/example_time_delta_sensor_async.py for tasks to queue
[2024-08-24T16:40:13.385+0000] {logging_mixin.py:190} INFO - [2024-08-24T16:40:13.384+0000] {dagbag.py:587} INFO - Filling up the DagBag from /home/airflow/.local/lib/python3.12/site-packages/airflow/example_dags/example_time_delta_sensor_async.py
[2024-08-24T16:40:13.412+0000] {processor.py:925} INFO - DAG(s) 'example_time_delta_sensor_async' retrieved from /home/airflow/.local/lib/python3.12/site-packages/airflow/example_dags/example_time_delta_sensor_async.py
[2024-08-24T16:40:13.494+0000] {logging_mixin.py:190} INFO - [2024-08-24T16:40:13.493+0000] {dag.py:3211} INFO - Sync 1 DAGs
[2024-08-24T16:40:13.543+0000] {logging_mixin.py:190} INFO - [2024-08-24T16:40:13.543+0000] {dag.py:4138} INFO - Setting next_dagrun for example_time_delta_sensor_async to None, run_after=None
[2024-08-24T16:40:13.602+0000] {processor.py:208} INFO - Processing /home/airflow/.local/lib/python3.12/site-packages/airflow/example_dags/example_time_delta_sensor_async.py took 0.242 seconds
