[2024-08-24T16:33:26.945+0000] {processor.py:186} INFO - Started process (PID=139) to work on /home/airflow/.local/lib/python3.12/site-packages/airflow/example_dags/example_outlet_event_extra.py
[2024-08-24T16:33:26.990+0000] {processor.py:914} INFO - Processing file /home/airflow/.local/lib/python3.12/site-packages/airflow/example_dags/example_outlet_event_extra.py for tasks to queue
[2024-08-24T16:33:27.004+0000] {logging_mixin.py:190} INFO - [2024-08-24T16:33:27.003+0000] {dagbag.py:587} INFO - Filling up the DagBag from /home/airflow/.local/lib/python3.12/site-packages/airflow/example_dags/example_outlet_event_extra.py
[2024-08-24T16:33:28.647+0000] {processor.py:925} INFO - DAG(s) 'dataset_with_extra_by_yield', 'dataset_with_extra_by_context', 'dataset_with_extra_from_classic_operator' retrieved from /home/airflow/.local/lib/python3.12/site-packages/airflow/example_dags/example_outlet_event_extra.py
[2024-08-24T16:33:29.596+0000] {logging_mixin.py:190} INFO - [2024-08-24T16:33:29.594+0000] {override.py:1858} INFO - Created Permission View: can delete on DAG:dataset_with_extra_by_yield
[2024-08-24T16:33:29.734+0000] {logging_mixin.py:190} INFO - [2024-08-24T16:33:29.733+0000] {override.py:1858} INFO - Created Permission View: can read on DAG:dataset_with_extra_by_yield
[2024-08-24T16:33:29.824+0000] {logging_mixin.py:190} INFO - [2024-08-24T16:33:29.822+0000] {override.py:1858} INFO - Created Permission View: can edit on DAG:dataset_with_extra_by_yield
[2024-08-24T16:33:30.115+0000] {logging_mixin.py:190} INFO - [2024-08-24T16:33:30.114+0000] {override.py:1858} INFO - Created Permission View: can delete on DAG:dataset_with_extra_by_context
[2024-08-24T16:33:30.231+0000] {logging_mixin.py:190} INFO - [2024-08-24T16:33:30.230+0000] {override.py:1858} INFO - Created Permission View: can read on DAG:dataset_with_extra_by_context
[2024-08-24T16:33:30.316+0000] {logging_mixin.py:190} INFO - [2024-08-24T16:33:30.315+0000] {override.py:1858} INFO - Created Permission View: can edit on DAG:dataset_with_extra_by_context
[2024-08-24T16:33:30.456+0000] {logging_mixin.py:190} INFO - [2024-08-24T16:33:30.454+0000] {override.py:1858} INFO - Created Permission View: can delete on DAG:dataset_with_extra_from_classic_operator
[2024-08-24T16:33:30.568+0000] {logging_mixin.py:190} INFO - [2024-08-24T16:33:30.567+0000] {override.py:1858} INFO - Created Permission View: can read on DAG:dataset_with_extra_from_classic_operator
[2024-08-24T16:33:30.650+0000] {logging_mixin.py:190} INFO - [2024-08-24T16:33:30.649+0000] {override.py:1858} INFO - Created Permission View: can edit on DAG:dataset_with_extra_from_classic_operator
[2024-08-24T16:33:30.652+0000] {logging_mixin.py:190} INFO - [2024-08-24T16:33:30.651+0000] {dag.py:3211} INFO - Sync 3 DAGs
[2024-08-24T16:33:30.854+0000] {logging_mixin.py:190} INFO - [2024-08-24T16:33:30.854+0000] {dag.py:3234} INFO - Creating ORM DAG for dataset_with_extra_from_classic_operator
[2024-08-24T16:33:30.871+0000] {logging_mixin.py:190} INFO - [2024-08-24T16:33:30.871+0000] {dag.py:3234} INFO - Creating ORM DAG for dataset_with_extra_by_yield
[2024-08-24T16:33:30.887+0000] {logging_mixin.py:190} INFO - [2024-08-24T16:33:30.887+0000] {dag.py:3234} INFO - Creating ORM DAG for dataset_with_extra_by_context
[2024-08-24T16:33:30.996+0000] {logging_mixin.py:190} INFO - [2024-08-24T16:33:30.995+0000] {dag.py:4138} INFO - Setting next_dagrun for dataset_with_extra_by_context to 2024-08-23 00:00:00+00:00, run_after=2024-08-24 00:00:00+00:00
[2024-08-24T16:33:31.022+0000] {logging_mixin.py:190} INFO - [2024-08-24T16:33:31.022+0000] {dag.py:4138} INFO - Setting next_dagrun for dataset_with_extra_by_yield to 2024-08-23 00:00:00+00:00, run_after=2024-08-24 00:00:00+00:00
[2024-08-24T16:33:31.084+0000] {logging_mixin.py:190} INFO - [2024-08-24T16:33:31.056+0000] {dag.py:4138} INFO - Setting next_dagrun for dataset_with_extra_from_classic_operator to 2024-08-23 00:00:00+00:00, run_after=2024-08-24 00:00:00+00:00
[2024-08-24T16:33:31.335+0000] {processor.py:208} INFO - Processing /home/airflow/.local/lib/python3.12/site-packages/airflow/example_dags/example_outlet_event_extra.py took 4.454 seconds
[2024-08-24T16:34:13.426+0000] {processor.py:186} INFO - Started process (PID=213) to work on /home/airflow/.local/lib/python3.12/site-packages/airflow/example_dags/example_outlet_event_extra.py
[2024-08-24T16:34:13.442+0000] {processor.py:914} INFO - Processing file /home/airflow/.local/lib/python3.12/site-packages/airflow/example_dags/example_outlet_event_extra.py for tasks to queue
[2024-08-24T16:34:13.455+0000] {logging_mixin.py:190} INFO - [2024-08-24T16:34:13.455+0000] {dagbag.py:587} INFO - Filling up the DagBag from /home/airflow/.local/lib/python3.12/site-packages/airflow/example_dags/example_outlet_event_extra.py
[2024-08-24T16:34:14.688+0000] {processor.py:925} INFO - DAG(s) 'dataset_with_extra_by_yield', 'dataset_with_extra_from_classic_operator', 'dataset_with_extra_by_context' retrieved from /home/airflow/.local/lib/python3.12/site-packages/airflow/example_dags/example_outlet_event_extra.py
[2024-08-24T16:34:14.786+0000] {logging_mixin.py:190} INFO - [2024-08-24T16:34:14.786+0000] {dag.py:3211} INFO - Sync 3 DAGs
[2024-08-24T16:34:14.992+0000] {logging_mixin.py:190} INFO - [2024-08-24T16:34:14.992+0000] {dag.py:4138} INFO - Setting next_dagrun for dataset_with_extra_by_context to 2024-08-23 00:00:00+00:00, run_after=2024-08-24 00:00:00+00:00
[2024-08-24T16:34:15.033+0000] {logging_mixin.py:190} INFO - [2024-08-24T16:34:15.032+0000] {dag.py:4138} INFO - Setting next_dagrun for dataset_with_extra_by_yield to 2024-08-23 00:00:00+00:00, run_after=2024-08-24 00:00:00+00:00
[2024-08-24T16:34:15.063+0000] {logging_mixin.py:190} INFO - [2024-08-24T16:34:15.062+0000] {dag.py:4138} INFO - Setting next_dagrun for dataset_with_extra_from_classic_operator to 2024-08-23 00:00:00+00:00, run_after=2024-08-24 00:00:00+00:00
[2024-08-24T16:34:15.172+0000] {processor.py:208} INFO - Processing /home/airflow/.local/lib/python3.12/site-packages/airflow/example_dags/example_outlet_event_extra.py took 1.796 seconds
[2024-08-24T16:34:49.242+0000] {processor.py:186} INFO - Started process (PID=276) to work on /home/airflow/.local/lib/python3.12/site-packages/airflow/example_dags/example_outlet_event_extra.py
[2024-08-24T16:34:49.245+0000] {processor.py:914} INFO - Processing file /home/airflow/.local/lib/python3.12/site-packages/airflow/example_dags/example_outlet_event_extra.py for tasks to queue
[2024-08-24T16:34:49.259+0000] {logging_mixin.py:190} INFO - [2024-08-24T16:34:49.258+0000] {dagbag.py:587} INFO - Filling up the DagBag from /home/airflow/.local/lib/python3.12/site-packages/airflow/example_dags/example_outlet_event_extra.py
[2024-08-24T16:34:50.045+0000] {processor.py:925} INFO - DAG(s) 'dataset_with_extra_by_yield', 'dataset_with_extra_by_context', 'dataset_with_extra_from_classic_operator' retrieved from /home/airflow/.local/lib/python3.12/site-packages/airflow/example_dags/example_outlet_event_extra.py
[2024-08-24T16:34:50.163+0000] {logging_mixin.py:190} INFO - [2024-08-24T16:34:50.163+0000] {dag.py:3211} INFO - Sync 3 DAGs
[2024-08-24T16:34:50.278+0000] {logging_mixin.py:190} INFO - [2024-08-24T16:34:50.278+0000] {dag.py:4138} INFO - Setting next_dagrun for dataset_with_extra_by_context to 2024-08-23 00:00:00+00:00, run_after=2024-08-24 00:00:00+00:00
[2024-08-24T16:34:50.300+0000] {logging_mixin.py:190} INFO - [2024-08-24T16:34:50.299+0000] {dag.py:4138} INFO - Setting next_dagrun for dataset_with_extra_by_yield to 2024-08-23 00:00:00+00:00, run_after=2024-08-24 00:00:00+00:00
[2024-08-24T16:34:50.314+0000] {logging_mixin.py:190} INFO - [2024-08-24T16:34:50.312+0000] {dag.py:4138} INFO - Setting next_dagrun for dataset_with_extra_from_classic_operator to 2024-08-23 00:00:00+00:00, run_after=2024-08-24 00:00:00+00:00
[2024-08-24T16:34:50.411+0000] {processor.py:208} INFO - Processing /home/airflow/.local/lib/python3.12/site-packages/airflow/example_dags/example_outlet_event_extra.py took 1.206 seconds
[2024-08-24T16:35:32.237+0000] {processor.py:186} INFO - Started process (PID=343) to work on /home/airflow/.local/lib/python3.12/site-packages/airflow/example_dags/example_outlet_event_extra.py
[2024-08-24T16:35:32.240+0000] {processor.py:914} INFO - Processing file /home/airflow/.local/lib/python3.12/site-packages/airflow/example_dags/example_outlet_event_extra.py for tasks to queue
[2024-08-24T16:35:32.257+0000] {logging_mixin.py:190} INFO - [2024-08-24T16:35:32.256+0000] {dagbag.py:587} INFO - Filling up the DagBag from /home/airflow/.local/lib/python3.12/site-packages/airflow/example_dags/example_outlet_event_extra.py
[2024-08-24T16:35:33.892+0000] {processor.py:925} INFO - DAG(s) 'dataset_with_extra_by_yield', 'dataset_with_extra_by_context', 'dataset_with_extra_from_classic_operator' retrieved from /home/airflow/.local/lib/python3.12/site-packages/airflow/example_dags/example_outlet_event_extra.py
[2024-08-24T16:35:34.309+0000] {logging_mixin.py:190} INFO - [2024-08-24T16:35:34.308+0000] {dag.py:3211} INFO - Sync 3 DAGs
[2024-08-24T16:35:34.600+0000] {logging_mixin.py:190} INFO - [2024-08-24T16:35:34.599+0000] {dag.py:4138} INFO - Setting next_dagrun for dataset_with_extra_by_context to 2024-08-23 00:00:00+00:00, run_after=2024-08-24 00:00:00+00:00
[2024-08-24T16:35:34.661+0000] {logging_mixin.py:190} INFO - [2024-08-24T16:35:34.649+0000] {dag.py:4138} INFO - Setting next_dagrun for dataset_with_extra_by_yield to 2024-08-23 00:00:00+00:00, run_after=2024-08-24 00:00:00+00:00
[2024-08-24T16:35:34.694+0000] {logging_mixin.py:190} INFO - [2024-08-24T16:35:34.681+0000] {dag.py:4138} INFO - Setting next_dagrun for dataset_with_extra_from_classic_operator to 2024-08-23 00:00:00+00:00, run_after=2024-08-24 00:00:00+00:00
[2024-08-24T16:35:34.941+0000] {processor.py:208} INFO - Processing /home/airflow/.local/lib/python3.12/site-packages/airflow/example_dags/example_outlet_event_extra.py took 2.736 seconds
[2024-08-24T16:37:05.620+0000] {processor.py:186} INFO - Started process (PID=429) to work on /home/airflow/.local/lib/python3.12/site-packages/airflow/example_dags/example_outlet_event_extra.py
[2024-08-24T16:37:05.650+0000] {processor.py:914} INFO - Processing file /home/airflow/.local/lib/python3.12/site-packages/airflow/example_dags/example_outlet_event_extra.py for tasks to queue
[2024-08-24T16:37:05.684+0000] {logging_mixin.py:190} INFO - [2024-08-24T16:37:05.683+0000] {dagbag.py:587} INFO - Filling up the DagBag from /home/airflow/.local/lib/python3.12/site-packages/airflow/example_dags/example_outlet_event_extra.py
[2024-08-24T16:37:07.700+0000] {processor.py:925} INFO - DAG(s) 'dataset_with_extra_by_context', 'dataset_with_extra_by_yield', 'dataset_with_extra_from_classic_operator' retrieved from /home/airflow/.local/lib/python3.12/site-packages/airflow/example_dags/example_outlet_event_extra.py
[2024-08-24T16:37:08.126+0000] {logging_mixin.py:190} INFO - [2024-08-24T16:37:08.111+0000] {dag.py:3211} INFO - Sync 3 DAGs
[2024-08-24T16:37:08.760+0000] {logging_mixin.py:190} INFO - [2024-08-24T16:37:08.759+0000] {dag.py:4138} INFO - Setting next_dagrun for dataset_with_extra_by_context to 2024-08-23 00:00:00+00:00, run_after=2024-08-24 00:00:00+00:00
[2024-08-24T16:37:08.858+0000] {logging_mixin.py:190} INFO - [2024-08-24T16:37:08.857+0000] {dag.py:4138} INFO - Setting next_dagrun for dataset_with_extra_by_yield to 2024-08-23 00:00:00+00:00, run_after=2024-08-24 00:00:00+00:00
[2024-08-24T16:37:08.954+0000] {logging_mixin.py:190} INFO - [2024-08-24T16:37:08.952+0000] {dag.py:4138} INFO - Setting next_dagrun for dataset_with_extra_from_classic_operator to 2024-08-23 00:00:00+00:00, run_after=2024-08-24 00:00:00+00:00
[2024-08-24T16:37:09.542+0000] {processor.py:208} INFO - Processing /home/airflow/.local/lib/python3.12/site-packages/airflow/example_dags/example_outlet_event_extra.py took 3.973 seconds
[2024-08-24T16:38:29.176+0000] {processor.py:186} INFO - Started process (PID=497) to work on /home/airflow/.local/lib/python3.12/site-packages/airflow/example_dags/example_outlet_event_extra.py
[2024-08-24T16:38:29.190+0000] {processor.py:914} INFO - Processing file /home/airflow/.local/lib/python3.12/site-packages/airflow/example_dags/example_outlet_event_extra.py for tasks to queue
[2024-08-24T16:38:29.338+0000] {logging_mixin.py:190} INFO - [2024-08-24T16:38:29.336+0000] {dagbag.py:587} INFO - Filling up the DagBag from /home/airflow/.local/lib/python3.12/site-packages/airflow/example_dags/example_outlet_event_extra.py
[2024-08-24T16:38:33.035+0000] {processor.py:925} INFO - DAG(s) 'dataset_with_extra_by_yield', 'dataset_with_extra_from_classic_operator', 'dataset_with_extra_by_context' retrieved from /home/airflow/.local/lib/python3.12/site-packages/airflow/example_dags/example_outlet_event_extra.py
[2024-08-24T16:38:33.757+0000] {logging_mixin.py:190} INFO - [2024-08-24T16:38:33.743+0000] {dag.py:3211} INFO - Sync 3 DAGs
[2024-08-24T16:38:34.433+0000] {logging_mixin.py:190} INFO - [2024-08-24T16:38:34.432+0000] {dag.py:4138} INFO - Setting next_dagrun for dataset_with_extra_by_context to 2024-08-23 00:00:00+00:00, run_after=2024-08-24 00:00:00+00:00
[2024-08-24T16:38:34.616+0000] {logging_mixin.py:190} INFO - [2024-08-24T16:38:34.615+0000] {dag.py:4138} INFO - Setting next_dagrun for dataset_with_extra_by_yield to 2024-08-23 00:00:00+00:00, run_after=2024-08-24 00:00:00+00:00
[2024-08-24T16:38:34.717+0000] {logging_mixin.py:190} INFO - [2024-08-24T16:38:34.716+0000] {dag.py:4138} INFO - Setting next_dagrun for dataset_with_extra_from_classic_operator to 2024-08-23 00:00:00+00:00, run_after=2024-08-24 00:00:00+00:00
[2024-08-24T16:38:35.149+0000] {processor.py:208} INFO - Processing /home/airflow/.local/lib/python3.12/site-packages/airflow/example_dags/example_outlet_event_extra.py took 6.054 seconds
