[2024-08-24T16:33:02.113+0000] {processor.py:186} INFO - Started process (PID=125) to work on /home/airflow/.local/lib/python3.12/site-packages/airflow/example_dags/example_datasets.py
[2024-08-24T16:33:02.128+0000] {processor.py:914} INFO - Processing file /home/airflow/.local/lib/python3.12/site-packages/airflow/example_dags/example_datasets.py for tasks to queue
[2024-08-24T16:33:02.146+0000] {logging_mixin.py:190} INFO - [2024-08-24T16:33:02.145+0000] {dagbag.py:587} INFO - Filling up the DagBag from /home/airflow/.local/lib/python3.12/site-packages/airflow/example_dags/example_datasets.py
[2024-08-24T16:33:04.104+0000] {processor.py:925} INFO - DAG(s) 'conditional_dataset_and_time_based_timetable', 'dataset_consumes_unknown_never_scheduled', 'consume_1_and_2_with_dataset_expressions', 'dataset_consumes_1_never_scheduled', 'dataset_produces_2', 'dataset_consumes_1', 'dataset_consumes_1_and_2', 'consume_1_or_2_with_dataset_expressions', 'dataset_produces_1', 'consume_1_or_both_2_and_3_with_dataset_expressions' retrieved from /home/airflow/.local/lib/python3.12/site-packages/airflow/example_dags/example_datasets.py
[2024-08-24T16:33:04.925+0000] {logging_mixin.py:190} INFO - [2024-08-24T16:33:04.923+0000] {override.py:1858} INFO - Created Permission View: can delete on DAG:conditional_dataset_and_time_based_timetable
[2024-08-24T16:33:05.120+0000] {logging_mixin.py:190} INFO - [2024-08-24T16:33:05.119+0000] {override.py:1858} INFO - Created Permission View: can read on DAG:conditional_dataset_and_time_based_timetable
[2024-08-24T16:33:05.201+0000] {logging_mixin.py:190} INFO - [2024-08-24T16:33:05.196+0000] {override.py:1858} INFO - Created Permission View: can edit on DAG:conditional_dataset_and_time_based_timetable
[2024-08-24T16:33:05.475+0000] {logging_mixin.py:190} INFO - [2024-08-24T16:33:05.474+0000] {override.py:1858} INFO - Created Permission View: can delete on DAG:dataset_consumes_unknown_never_scheduled
[2024-08-24T16:33:05.772+0000] {logging_mixin.py:190} INFO - [2024-08-24T16:33:05.771+0000] {override.py:1858} INFO - Created Permission View: can read on DAG:dataset_consumes_unknown_never_scheduled
[2024-08-24T16:33:05.980+0000] {logging_mixin.py:190} INFO - [2024-08-24T16:33:05.979+0000] {override.py:1858} INFO - Created Permission View: can edit on DAG:dataset_consumes_unknown_never_scheduled
[2024-08-24T16:33:06.142+0000] {logging_mixin.py:190} INFO - [2024-08-24T16:33:06.141+0000] {override.py:1858} INFO - Created Permission View: can delete on DAG:consume_1_and_2_with_dataset_expressions
[2024-08-24T16:33:06.485+0000] {logging_mixin.py:190} INFO - [2024-08-24T16:33:06.484+0000] {override.py:1858} INFO - Created Permission View: can read on DAG:consume_1_and_2_with_dataset_expressions
[2024-08-24T16:33:06.588+0000] {logging_mixin.py:190} INFO - [2024-08-24T16:33:06.587+0000] {override.py:1858} INFO - Created Permission View: can edit on DAG:consume_1_and_2_with_dataset_expressions
[2024-08-24T16:33:06.714+0000] {logging_mixin.py:190} INFO - [2024-08-24T16:33:06.713+0000] {override.py:1858} INFO - Created Permission View: can delete on DAG:dataset_consumes_1_never_scheduled
[2024-08-24T16:33:06.767+0000] {logging_mixin.py:190} INFO - [2024-08-24T16:33:06.767+0000] {override.py:1858} INFO - Created Permission View: can read on DAG:dataset_consumes_1_never_scheduled
[2024-08-24T16:33:06.844+0000] {logging_mixin.py:190} INFO - [2024-08-24T16:33:06.843+0000] {override.py:1858} INFO - Created Permission View: can edit on DAG:dataset_consumes_1_never_scheduled
[2024-08-24T16:33:07.024+0000] {logging_mixin.py:190} INFO - [2024-08-24T16:33:07.024+0000] {override.py:1858} INFO - Created Permission View: can delete on DAG:dataset_produces_2
[2024-08-24T16:33:07.119+0000] {logging_mixin.py:190} INFO - [2024-08-24T16:33:07.118+0000] {override.py:1858} INFO - Created Permission View: can read on DAG:dataset_produces_2
[2024-08-24T16:33:07.254+0000] {logging_mixin.py:190} INFO - [2024-08-24T16:33:07.253+0000] {override.py:1858} INFO - Created Permission View: can edit on DAG:dataset_produces_2
[2024-08-24T16:33:07.379+0000] {logging_mixin.py:190} INFO - [2024-08-24T16:33:07.374+0000] {override.py:1858} INFO - Created Permission View: can delete on DAG:dataset_consumes_1
[2024-08-24T16:33:07.466+0000] {logging_mixin.py:190} INFO - [2024-08-24T16:33:07.465+0000] {override.py:1858} INFO - Created Permission View: can read on DAG:dataset_consumes_1
[2024-08-24T16:33:07.534+0000] {logging_mixin.py:190} INFO - [2024-08-24T16:33:07.534+0000] {override.py:1858} INFO - Created Permission View: can edit on DAG:dataset_consumes_1
[2024-08-24T16:33:07.657+0000] {logging_mixin.py:190} INFO - [2024-08-24T16:33:07.656+0000] {override.py:1858} INFO - Created Permission View: can delete on DAG:dataset_consumes_1_and_2
[2024-08-24T16:33:07.740+0000] {logging_mixin.py:190} INFO - [2024-08-24T16:33:07.739+0000] {override.py:1858} INFO - Created Permission View: can read on DAG:dataset_consumes_1_and_2
[2024-08-24T16:33:07.832+0000] {logging_mixin.py:190} INFO - [2024-08-24T16:33:07.832+0000] {override.py:1858} INFO - Created Permission View: can edit on DAG:dataset_consumes_1_and_2
[2024-08-24T16:33:07.928+0000] {logging_mixin.py:190} INFO - [2024-08-24T16:33:07.927+0000] {override.py:1858} INFO - Created Permission View: can delete on DAG:consume_1_or_2_with_dataset_expressions
[2024-08-24T16:33:07.999+0000] {logging_mixin.py:190} INFO - [2024-08-24T16:33:07.998+0000] {override.py:1858} INFO - Created Permission View: can read on DAG:consume_1_or_2_with_dataset_expressions
[2024-08-24T16:33:08.053+0000] {logging_mixin.py:190} INFO - [2024-08-24T16:33:08.052+0000] {override.py:1858} INFO - Created Permission View: can edit on DAG:consume_1_or_2_with_dataset_expressions
[2024-08-24T16:33:08.207+0000] {logging_mixin.py:190} INFO - [2024-08-24T16:33:08.205+0000] {override.py:1858} INFO - Created Permission View: can delete on DAG:dataset_produces_1
[2024-08-24T16:33:08.357+0000] {logging_mixin.py:190} INFO - [2024-08-24T16:33:08.356+0000] {override.py:1858} INFO - Created Permission View: can read on DAG:dataset_produces_1
[2024-08-24T16:33:08.426+0000] {logging_mixin.py:190} INFO - [2024-08-24T16:33:08.426+0000] {override.py:1858} INFO - Created Permission View: can edit on DAG:dataset_produces_1
[2024-08-24T16:33:08.649+0000] {logging_mixin.py:190} INFO - [2024-08-24T16:33:08.648+0000] {override.py:1858} INFO - Created Permission View: can delete on DAG:consume_1_or_both_2_and_3_with_dataset_expressions
[2024-08-24T16:33:08.766+0000] {logging_mixin.py:190} INFO - [2024-08-24T16:33:08.765+0000] {override.py:1858} INFO - Created Permission View: can read on DAG:consume_1_or_both_2_and_3_with_dataset_expressions
[2024-08-24T16:33:08.945+0000] {logging_mixin.py:190} INFO - [2024-08-24T16:33:08.945+0000] {override.py:1858} INFO - Created Permission View: can edit on DAG:consume_1_or_both_2_and_3_with_dataset_expressions
[2024-08-24T16:33:08.961+0000] {logging_mixin.py:190} INFO - [2024-08-24T16:33:08.960+0000] {dag.py:3211} INFO - Sync 10 DAGs
[2024-08-24T16:33:09.232+0000] {logging_mixin.py:190} INFO - [2024-08-24T16:33:09.231+0000] {dag.py:3234} INFO - Creating ORM DAG for dataset_consumes_1_and_2
[2024-08-24T16:33:09.235+0000] {logging_mixin.py:190} INFO - [2024-08-24T16:33:09.234+0000] {dag.py:3234} INFO - Creating ORM DAG for dataset_consumes_1_never_scheduled
[2024-08-24T16:33:09.258+0000] {logging_mixin.py:190} INFO - [2024-08-24T16:33:09.258+0000] {dag.py:3234} INFO - Creating ORM DAG for consume_1_and_2_with_dataset_expressions
[2024-08-24T16:33:09.270+0000] {logging_mixin.py:190} INFO - [2024-08-24T16:33:09.269+0000] {dag.py:3234} INFO - Creating ORM DAG for dataset_produces_1
[2024-08-24T16:33:09.290+0000] {logging_mixin.py:190} INFO - [2024-08-24T16:33:09.276+0000] {dag.py:3234} INFO - Creating ORM DAG for conditional_dataset_and_time_based_timetable
[2024-08-24T16:33:09.324+0000] {logging_mixin.py:190} INFO - [2024-08-24T16:33:09.323+0000] {dag.py:3234} INFO - Creating ORM DAG for dataset_consumes_1
[2024-08-24T16:33:09.326+0000] {logging_mixin.py:190} INFO - [2024-08-24T16:33:09.326+0000] {dag.py:3234} INFO - Creating ORM DAG for consume_1_or_2_with_dataset_expressions
[2024-08-24T16:33:09.329+0000] {logging_mixin.py:190} INFO - [2024-08-24T16:33:09.328+0000] {dag.py:3234} INFO - Creating ORM DAG for dataset_produces_2
[2024-08-24T16:33:09.342+0000] {logging_mixin.py:190} INFO - [2024-08-24T16:33:09.341+0000] {dag.py:3234} INFO - Creating ORM DAG for dataset_consumes_unknown_never_scheduled
[2024-08-24T16:33:09.344+0000] {logging_mixin.py:190} INFO - [2024-08-24T16:33:09.344+0000] {dag.py:3234} INFO - Creating ORM DAG for consume_1_or_both_2_and_3_with_dataset_expressions
[2024-08-24T16:33:09.522+0000] {logging_mixin.py:190} INFO - [2024-08-24T16:33:09.522+0000] {dag.py:4138} INFO - Setting next_dagrun for conditional_dataset_and_time_based_timetable to 2024-08-21 01:00:00+00:00, run_after=2024-08-21 01:00:00+00:00
[2024-08-24T16:33:09.525+0000] {logging_mixin.py:190} INFO - [2024-08-24T16:33:09.524+0000] {dag.py:4138} INFO - Setting next_dagrun for consume_1_and_2_with_dataset_expressions to None, run_after=None
[2024-08-24T16:33:09.538+0000] {logging_mixin.py:190} INFO - [2024-08-24T16:33:09.527+0000] {dag.py:4138} INFO - Setting next_dagrun for consume_1_or_2_with_dataset_expressions to None, run_after=None
[2024-08-24T16:33:09.550+0000] {logging_mixin.py:190} INFO - [2024-08-24T16:33:09.549+0000] {dag.py:4138} INFO - Setting next_dagrun for consume_1_or_both_2_and_3_with_dataset_expressions to None, run_after=None
[2024-08-24T16:33:09.556+0000] {logging_mixin.py:190} INFO - [2024-08-24T16:33:09.555+0000] {dag.py:4138} INFO - Setting next_dagrun for dataset_consumes_1 to None, run_after=None
[2024-08-24T16:33:09.559+0000] {logging_mixin.py:190} INFO - [2024-08-24T16:33:09.559+0000] {dag.py:4138} INFO - Setting next_dagrun for dataset_consumes_1_and_2 to None, run_after=None
[2024-08-24T16:33:09.602+0000] {logging_mixin.py:190} INFO - [2024-08-24T16:33:09.598+0000] {dag.py:4138} INFO - Setting next_dagrun for dataset_consumes_1_never_scheduled to None, run_after=None
[2024-08-24T16:33:09.621+0000] {logging_mixin.py:190} INFO - [2024-08-24T16:33:09.620+0000] {dag.py:4138} INFO - Setting next_dagrun for dataset_consumes_unknown_never_scheduled to None, run_after=None
[2024-08-24T16:33:09.633+0000] {logging_mixin.py:190} INFO - [2024-08-24T16:33:09.633+0000] {dag.py:4138} INFO - Setting next_dagrun for dataset_produces_1 to 2024-08-23 00:00:00+00:00, run_after=2024-08-24 00:00:00+00:00
[2024-08-24T16:33:09.639+0000] {logging_mixin.py:190} INFO - [2024-08-24T16:33:09.639+0000] {dag.py:4138} INFO - Setting next_dagrun for dataset_produces_2 to None, run_after=None
[2024-08-24T16:33:10.289+0000] {processor.py:208} INFO - Processing /home/airflow/.local/lib/python3.12/site-packages/airflow/example_dags/example_datasets.py took 8.257 seconds
[2024-08-24T16:33:50.166+0000] {processor.py:186} INFO - Started process (PID=187) to work on /home/airflow/.local/lib/python3.12/site-packages/airflow/example_dags/example_datasets.py
[2024-08-24T16:33:50.171+0000] {processor.py:914} INFO - Processing file /home/airflow/.local/lib/python3.12/site-packages/airflow/example_dags/example_datasets.py for tasks to queue
[2024-08-24T16:33:50.184+0000] {logging_mixin.py:190} INFO - [2024-08-24T16:33:50.183+0000] {dagbag.py:587} INFO - Filling up the DagBag from /home/airflow/.local/lib/python3.12/site-packages/airflow/example_dags/example_datasets.py
[2024-08-24T16:33:52.062+0000] {processor.py:925} INFO - DAG(s) 'dataset_consumes_1', 'dataset_produces_1', 'dataset_consumes_1_and_2', 'dataset_consumes_1_never_scheduled', 'consume_1_or_2_with_dataset_expressions', 'conditional_dataset_and_time_based_timetable', 'dataset_consumes_unknown_never_scheduled', 'consume_1_and_2_with_dataset_expressions', 'dataset_produces_2', 'consume_1_or_both_2_and_3_with_dataset_expressions' retrieved from /home/airflow/.local/lib/python3.12/site-packages/airflow/example_dags/example_datasets.py
[2024-08-24T16:33:53.331+0000] {logging_mixin.py:190} INFO - [2024-08-24T16:33:53.330+0000] {dag.py:3211} INFO - Sync 10 DAGs
[2024-08-24T16:33:53.791+0000] {logging_mixin.py:190} INFO - [2024-08-24T16:33:53.790+0000] {dag.py:4138} INFO - Setting next_dagrun for conditional_dataset_and_time_based_timetable to 2024-08-21 01:00:00+00:00, run_after=2024-08-21 01:00:00+00:00
[2024-08-24T16:33:53.874+0000] {logging_mixin.py:190} INFO - [2024-08-24T16:33:53.873+0000] {dag.py:4138} INFO - Setting next_dagrun for consume_1_and_2_with_dataset_expressions to None, run_after=None
[2024-08-24T16:33:53.891+0000] {logging_mixin.py:190} INFO - [2024-08-24T16:33:53.890+0000] {dag.py:4138} INFO - Setting next_dagrun for consume_1_or_2_with_dataset_expressions to None, run_after=None
[2024-08-24T16:33:53.907+0000] {logging_mixin.py:190} INFO - [2024-08-24T16:33:53.907+0000] {dag.py:4138} INFO - Setting next_dagrun for consume_1_or_both_2_and_3_with_dataset_expressions to None, run_after=None
[2024-08-24T16:33:53.942+0000] {logging_mixin.py:190} INFO - [2024-08-24T16:33:53.941+0000] {dag.py:4138} INFO - Setting next_dagrun for dataset_consumes_1 to None, run_after=None
[2024-08-24T16:33:53.966+0000] {logging_mixin.py:190} INFO - [2024-08-24T16:33:53.965+0000] {dag.py:4138} INFO - Setting next_dagrun for dataset_consumes_1_and_2 to None, run_after=None
[2024-08-24T16:33:53.987+0000] {logging_mixin.py:190} INFO - [2024-08-24T16:33:53.986+0000] {dag.py:4138} INFO - Setting next_dagrun for dataset_consumes_1_never_scheduled to None, run_after=None
[2024-08-24T16:33:54.005+0000] {logging_mixin.py:190} INFO - [2024-08-24T16:33:54.004+0000] {dag.py:4138} INFO - Setting next_dagrun for dataset_consumes_unknown_never_scheduled to None, run_after=None
[2024-08-24T16:33:54.092+0000] {logging_mixin.py:190} INFO - [2024-08-24T16:33:54.091+0000] {dag.py:4138} INFO - Setting next_dagrun for dataset_produces_1 to 2024-08-23 00:00:00+00:00, run_after=2024-08-24 00:00:00+00:00
[2024-08-24T16:33:54.114+0000] {logging_mixin.py:190} INFO - [2024-08-24T16:33:54.113+0000] {dag.py:4138} INFO - Setting next_dagrun for dataset_produces_2 to None, run_after=None
[2024-08-24T16:33:54.484+0000] {processor.py:208} INFO - Processing /home/airflow/.local/lib/python3.12/site-packages/airflow/example_dags/example_datasets.py took 4.370 seconds
[2024-08-24T16:34:36.723+0000] {processor.py:186} INFO - Started process (PID=256) to work on /home/airflow/.local/lib/python3.12/site-packages/airflow/example_dags/example_datasets.py
[2024-08-24T16:34:36.740+0000] {processor.py:914} INFO - Processing file /home/airflow/.local/lib/python3.12/site-packages/airflow/example_dags/example_datasets.py for tasks to queue
[2024-08-24T16:34:36.758+0000] {logging_mixin.py:190} INFO - [2024-08-24T16:34:36.756+0000] {dagbag.py:587} INFO - Filling up the DagBag from /home/airflow/.local/lib/python3.12/site-packages/airflow/example_dags/example_datasets.py
[2024-08-24T16:34:38.473+0000] {processor.py:925} INFO - DAG(s) 'conditional_dataset_and_time_based_timetable', 'dataset_consumes_1_never_scheduled', 'dataset_consumes_unknown_never_scheduled', 'dataset_produces_1', 'consume_1_or_both_2_and_3_with_dataset_expressions', 'dataset_consumes_1', 'consume_1_and_2_with_dataset_expressions', 'dataset_produces_2', 'consume_1_or_2_with_dataset_expressions', 'dataset_consumes_1_and_2' retrieved from /home/airflow/.local/lib/python3.12/site-packages/airflow/example_dags/example_datasets.py
[2024-08-24T16:34:38.880+0000] {logging_mixin.py:190} INFO - [2024-08-24T16:34:38.880+0000] {dag.py:3211} INFO - Sync 10 DAGs
[2024-08-24T16:34:39.093+0000] {logging_mixin.py:190} INFO - [2024-08-24T16:34:39.092+0000] {dag.py:4138} INFO - Setting next_dagrun for conditional_dataset_and_time_based_timetable to 2024-08-21 01:00:00+00:00, run_after=2024-08-21 01:00:00+00:00
[2024-08-24T16:34:39.132+0000] {logging_mixin.py:190} INFO - [2024-08-24T16:34:39.131+0000] {dag.py:4138} INFO - Setting next_dagrun for consume_1_and_2_with_dataset_expressions to None, run_after=None
[2024-08-24T16:34:39.153+0000] {logging_mixin.py:190} INFO - [2024-08-24T16:34:39.153+0000] {dag.py:4138} INFO - Setting next_dagrun for consume_1_or_2_with_dataset_expressions to None, run_after=None
[2024-08-24T16:34:39.173+0000] {logging_mixin.py:190} INFO - [2024-08-24T16:34:39.172+0000] {dag.py:4138} INFO - Setting next_dagrun for consume_1_or_both_2_and_3_with_dataset_expressions to None, run_after=None
[2024-08-24T16:34:39.193+0000] {logging_mixin.py:190} INFO - [2024-08-24T16:34:39.192+0000] {dag.py:4138} INFO - Setting next_dagrun for dataset_consumes_1 to None, run_after=None
[2024-08-24T16:34:39.213+0000] {logging_mixin.py:190} INFO - [2024-08-24T16:34:39.213+0000] {dag.py:4138} INFO - Setting next_dagrun for dataset_consumes_1_and_2 to None, run_after=None
[2024-08-24T16:34:39.227+0000] {logging_mixin.py:190} INFO - [2024-08-24T16:34:39.227+0000] {dag.py:4138} INFO - Setting next_dagrun for dataset_consumes_1_never_scheduled to None, run_after=None
[2024-08-24T16:34:39.243+0000] {logging_mixin.py:190} INFO - [2024-08-24T16:34:39.243+0000] {dag.py:4138} INFO - Setting next_dagrun for dataset_consumes_unknown_never_scheduled to None, run_after=None
[2024-08-24T16:34:39.268+0000] {logging_mixin.py:190} INFO - [2024-08-24T16:34:39.268+0000] {dag.py:4138} INFO - Setting next_dagrun for dataset_produces_1 to 2024-08-23 00:00:00+00:00, run_after=2024-08-24 00:00:00+00:00
[2024-08-24T16:34:39.281+0000] {logging_mixin.py:190} INFO - [2024-08-24T16:34:39.281+0000] {dag.py:4138} INFO - Setting next_dagrun for dataset_produces_2 to None, run_after=None
[2024-08-24T16:34:39.636+0000] {processor.py:208} INFO - Processing /home/airflow/.local/lib/python3.12/site-packages/airflow/example_dags/example_datasets.py took 2.971 seconds
[2024-08-24T16:35:12.294+0000] {processor.py:186} INFO - Started process (PID=319) to work on /home/airflow/.local/lib/python3.12/site-packages/airflow/example_dags/example_datasets.py
[2024-08-24T16:35:12.311+0000] {processor.py:914} INFO - Processing file /home/airflow/.local/lib/python3.12/site-packages/airflow/example_dags/example_datasets.py for tasks to queue
[2024-08-24T16:35:12.330+0000] {logging_mixin.py:190} INFO - [2024-08-24T16:35:12.329+0000] {dagbag.py:587} INFO - Filling up the DagBag from /home/airflow/.local/lib/python3.12/site-packages/airflow/example_dags/example_datasets.py
[2024-08-24T16:35:16.319+0000] {processor.py:925} INFO - DAG(s) 'dataset_produces_1', 'consume_1_or_2_with_dataset_expressions', 'consume_1_or_both_2_and_3_with_dataset_expressions', 'dataset_consumes_1_never_scheduled', 'dataset_consumes_1_and_2', 'consume_1_and_2_with_dataset_expressions', 'dataset_consumes_1', 'dataset_produces_2', 'dataset_consumes_unknown_never_scheduled', 'conditional_dataset_and_time_based_timetable' retrieved from /home/airflow/.local/lib/python3.12/site-packages/airflow/example_dags/example_datasets.py
[2024-08-24T16:35:17.308+0000] {logging_mixin.py:190} INFO - [2024-08-24T16:35:17.308+0000] {dag.py:3211} INFO - Sync 10 DAGs
[2024-08-24T16:35:17.673+0000] {logging_mixin.py:190} INFO - [2024-08-24T16:35:17.672+0000] {dag.py:4138} INFO - Setting next_dagrun for conditional_dataset_and_time_based_timetable to 2024-08-21 01:00:00+00:00, run_after=2024-08-21 01:00:00+00:00
[2024-08-24T16:35:17.732+0000] {logging_mixin.py:190} INFO - [2024-08-24T16:35:17.731+0000] {dag.py:4138} INFO - Setting next_dagrun for consume_1_and_2_with_dataset_expressions to None, run_after=None
[2024-08-24T16:35:17.747+0000] {logging_mixin.py:190} INFO - [2024-08-24T16:35:17.747+0000] {dag.py:4138} INFO - Setting next_dagrun for consume_1_or_2_with_dataset_expressions to None, run_after=None
[2024-08-24T16:35:17.781+0000] {logging_mixin.py:190} INFO - [2024-08-24T16:35:17.780+0000] {dag.py:4138} INFO - Setting next_dagrun for consume_1_or_both_2_and_3_with_dataset_expressions to None, run_after=None
[2024-08-24T16:35:17.810+0000] {logging_mixin.py:190} INFO - [2024-08-24T16:35:17.803+0000] {dag.py:4138} INFO - Setting next_dagrun for dataset_consumes_1 to None, run_after=None
[2024-08-24T16:35:17.855+0000] {logging_mixin.py:190} INFO - [2024-08-24T16:35:17.855+0000] {dag.py:4138} INFO - Setting next_dagrun for dataset_consumes_1_and_2 to None, run_after=None
[2024-08-24T16:35:17.868+0000] {logging_mixin.py:190} INFO - [2024-08-24T16:35:17.867+0000] {dag.py:4138} INFO - Setting next_dagrun for dataset_consumes_1_never_scheduled to None, run_after=None
[2024-08-24T16:35:17.926+0000] {logging_mixin.py:190} INFO - [2024-08-24T16:35:17.925+0000] {dag.py:4138} INFO - Setting next_dagrun for dataset_consumes_unknown_never_scheduled to None, run_after=None
[2024-08-24T16:35:17.983+0000] {logging_mixin.py:190} INFO - [2024-08-24T16:35:17.983+0000] {dag.py:4138} INFO - Setting next_dagrun for dataset_produces_1 to 2024-08-23 00:00:00+00:00, run_after=2024-08-24 00:00:00+00:00
[2024-08-24T16:35:18.002+0000] {logging_mixin.py:190} INFO - [2024-08-24T16:35:18.001+0000] {dag.py:4138} INFO - Setting next_dagrun for dataset_produces_2 to None, run_after=None
[2024-08-24T16:35:18.710+0000] {processor.py:208} INFO - Processing /home/airflow/.local/lib/python3.12/site-packages/airflow/example_dags/example_datasets.py took 6.578 seconds
[2024-08-24T16:36:52.788+0000] {processor.py:186} INFO - Started process (PID=410) to work on /home/airflow/.local/lib/python3.12/site-packages/airflow/example_dags/example_datasets.py
[2024-08-24T16:36:52.803+0000] {processor.py:914} INFO - Processing file /home/airflow/.local/lib/python3.12/site-packages/airflow/example_dags/example_datasets.py for tasks to queue
[2024-08-24T16:36:52.881+0000] {logging_mixin.py:190} INFO - [2024-08-24T16:36:52.880+0000] {dagbag.py:587} INFO - Filling up the DagBag from /home/airflow/.local/lib/python3.12/site-packages/airflow/example_dags/example_datasets.py
[2024-08-24T16:36:54.936+0000] {processor.py:925} INFO - DAG(s) 'dataset_produces_1', 'dataset_consumes_1_and_2', 'dataset_produces_2', 'conditional_dataset_and_time_based_timetable', 'consume_1_or_both_2_and_3_with_dataset_expressions', 'consume_1_and_2_with_dataset_expressions', 'dataset_consumes_1', 'dataset_consumes_1_never_scheduled', 'consume_1_or_2_with_dataset_expressions', 'dataset_consumes_unknown_never_scheduled' retrieved from /home/airflow/.local/lib/python3.12/site-packages/airflow/example_dags/example_datasets.py
[2024-08-24T16:36:55.574+0000] {logging_mixin.py:190} INFO - [2024-08-24T16:36:55.572+0000] {dag.py:3211} INFO - Sync 10 DAGs
[2024-08-24T16:36:55.894+0000] {logging_mixin.py:190} INFO - [2024-08-24T16:36:55.893+0000] {dag.py:4138} INFO - Setting next_dagrun for conditional_dataset_and_time_based_timetable to 2024-08-21 01:00:00+00:00, run_after=2024-08-21 01:00:00+00:00
[2024-08-24T16:36:55.979+0000] {logging_mixin.py:190} INFO - [2024-08-24T16:36:55.978+0000] {dag.py:4138} INFO - Setting next_dagrun for consume_1_and_2_with_dataset_expressions to None, run_after=None
[2024-08-24T16:36:55.996+0000] {logging_mixin.py:190} INFO - [2024-08-24T16:36:55.996+0000] {dag.py:4138} INFO - Setting next_dagrun for consume_1_or_2_with_dataset_expressions to None, run_after=None
[2024-08-24T16:36:56.007+0000] {logging_mixin.py:190} INFO - [2024-08-24T16:36:56.007+0000] {dag.py:4138} INFO - Setting next_dagrun for consume_1_or_both_2_and_3_with_dataset_expressions to None, run_after=None
[2024-08-24T16:36:56.015+0000] {logging_mixin.py:190} INFO - [2024-08-24T16:36:56.014+0000] {dag.py:4138} INFO - Setting next_dagrun for dataset_consumes_1 to None, run_after=None
[2024-08-24T16:36:56.034+0000] {logging_mixin.py:190} INFO - [2024-08-24T16:36:56.034+0000] {dag.py:4138} INFO - Setting next_dagrun for dataset_consumes_1_and_2 to None, run_after=None
[2024-08-24T16:36:56.039+0000] {logging_mixin.py:190} INFO - [2024-08-24T16:36:56.038+0000] {dag.py:4138} INFO - Setting next_dagrun for dataset_consumes_1_never_scheduled to None, run_after=None
[2024-08-24T16:36:56.064+0000] {logging_mixin.py:190} INFO - [2024-08-24T16:36:56.063+0000] {dag.py:4138} INFO - Setting next_dagrun for dataset_consumes_unknown_never_scheduled to None, run_after=None
[2024-08-24T16:36:56.073+0000] {logging_mixin.py:190} INFO - [2024-08-24T16:36:56.072+0000] {dag.py:4138} INFO - Setting next_dagrun for dataset_produces_1 to 2024-08-23 00:00:00+00:00, run_after=2024-08-24 00:00:00+00:00
[2024-08-24T16:36:56.095+0000] {logging_mixin.py:190} INFO - [2024-08-24T16:36:56.094+0000] {dag.py:4138} INFO - Setting next_dagrun for dataset_produces_2 to None, run_after=None
[2024-08-24T16:36:56.281+0000] {processor.py:208} INFO - Processing /home/airflow/.local/lib/python3.12/site-packages/airflow/example_dags/example_datasets.py took 3.585 seconds
