[2024-08-24T16:33:09.880+0000] {processor.py:186} INFO - Started process (PID=128) to work on /home/airflow/.local/lib/python3.12/site-packages/airflow/example_dags/example_short_circuit_operator.py
[2024-08-24T16:33:09.910+0000] {processor.py:914} INFO - Processing file /home/airflow/.local/lib/python3.12/site-packages/airflow/example_dags/example_short_circuit_operator.py for tasks to queue
[2024-08-24T16:33:09.960+0000] {logging_mixin.py:190} INFO - [2024-08-24T16:33:09.959+0000] {dagbag.py:587} INFO - Filling up the DagBag from /home/airflow/.local/lib/python3.12/site-packages/airflow/example_dags/example_short_circuit_operator.py
[2024-08-24T16:33:10.109+0000] {processor.py:925} INFO - DAG(s) 'example_short_circuit_operator' retrieved from /home/airflow/.local/lib/python3.12/site-packages/airflow/example_dags/example_short_circuit_operator.py
[2024-08-24T16:33:11.363+0000] {logging_mixin.py:190} INFO - [2024-08-24T16:33:11.361+0000] {override.py:1858} INFO - Created Permission View: can delete on DAG:example_short_circuit_operator
[2024-08-24T16:33:11.542+0000] {logging_mixin.py:190} INFO - [2024-08-24T16:33:11.542+0000] {override.py:1858} INFO - Created Permission View: can read on DAG:example_short_circuit_operator
[2024-08-24T16:33:11.653+0000] {logging_mixin.py:190} INFO - [2024-08-24T16:33:11.652+0000] {override.py:1858} INFO - Created Permission View: can edit on DAG:example_short_circuit_operator
[2024-08-24T16:33:11.655+0000] {logging_mixin.py:190} INFO - [2024-08-24T16:33:11.655+0000] {dag.py:3211} INFO - Sync 1 DAGs
[2024-08-24T16:33:11.856+0000] {logging_mixin.py:190} INFO - [2024-08-24T16:33:11.856+0000] {dag.py:3234} INFO - Creating ORM DAG for example_short_circuit_operator
[2024-08-24T16:33:11.910+0000] {logging_mixin.py:190} INFO - [2024-08-24T16:33:11.909+0000] {dag.py:4138} INFO - Setting next_dagrun for example_short_circuit_operator to 2024-08-23 00:00:00+00:00, run_after=2024-08-24 00:00:00+00:00
[2024-08-24T16:33:12.072+0000] {processor.py:208} INFO - Processing /home/airflow/.local/lib/python3.12/site-packages/airflow/example_dags/example_short_circuit_operator.py took 2.278 seconds
[2024-08-24T16:33:55.215+0000] {processor.py:186} INFO - Started process (PID=190) to work on /home/airflow/.local/lib/python3.12/site-packages/airflow/example_dags/example_short_circuit_operator.py
[2024-08-24T16:33:55.252+0000] {processor.py:914} INFO - Processing file /home/airflow/.local/lib/python3.12/site-packages/airflow/example_dags/example_short_circuit_operator.py for tasks to queue
[2024-08-24T16:33:55.290+0000] {logging_mixin.py:190} INFO - [2024-08-24T16:33:55.289+0000] {dagbag.py:587} INFO - Filling up the DagBag from /home/airflow/.local/lib/python3.12/site-packages/airflow/example_dags/example_short_circuit_operator.py
[2024-08-24T16:33:55.484+0000] {processor.py:925} INFO - DAG(s) 'example_short_circuit_operator' retrieved from /home/airflow/.local/lib/python3.12/site-packages/airflow/example_dags/example_short_circuit_operator.py
[2024-08-24T16:33:56.598+0000] {logging_mixin.py:190} INFO - [2024-08-24T16:33:56.598+0000] {dag.py:3211} INFO - Sync 1 DAGs
[2024-08-24T16:33:57.067+0000] {logging_mixin.py:190} INFO - [2024-08-24T16:33:57.067+0000] {dag.py:4138} INFO - Setting next_dagrun for example_short_circuit_operator to 2024-08-23 00:00:00+00:00, run_after=2024-08-24 00:00:00+00:00
[2024-08-24T16:33:57.587+0000] {processor.py:208} INFO - Processing /home/airflow/.local/lib/python3.12/site-packages/airflow/example_dags/example_short_circuit_operator.py took 2.424 seconds
[2024-08-24T16:34:39.622+0000] {processor.py:186} INFO - Started process (PID=259) to work on /home/airflow/.local/lib/python3.12/site-packages/airflow/example_dags/example_short_circuit_operator.py
[2024-08-24T16:34:39.624+0000] {processor.py:914} INFO - Processing file /home/airflow/.local/lib/python3.12/site-packages/airflow/example_dags/example_short_circuit_operator.py for tasks to queue
[2024-08-24T16:34:39.632+0000] {logging_mixin.py:190} INFO - [2024-08-24T16:34:39.631+0000] {dagbag.py:587} INFO - Filling up the DagBag from /home/airflow/.local/lib/python3.12/site-packages/airflow/example_dags/example_short_circuit_operator.py
[2024-08-24T16:34:39.667+0000] {processor.py:925} INFO - DAG(s) 'example_short_circuit_operator' retrieved from /home/airflow/.local/lib/python3.12/site-packages/airflow/example_dags/example_short_circuit_operator.py
[2024-08-24T16:34:39.985+0000] {logging_mixin.py:190} INFO - [2024-08-24T16:34:39.977+0000] {dag.py:3211} INFO - Sync 1 DAGs
[2024-08-24T16:34:40.415+0000] {logging_mixin.py:190} INFO - [2024-08-24T16:34:40.415+0000] {dag.py:4138} INFO - Setting next_dagrun for example_short_circuit_operator to 2024-08-23 00:00:00+00:00, run_after=2024-08-24 00:00:00+00:00
[2024-08-24T16:34:40.824+0000] {processor.py:208} INFO - Processing /home/airflow/.local/lib/python3.12/site-packages/airflow/example_dags/example_short_circuit_operator.py took 1.232 seconds
[2024-08-24T16:35:19.430+0000] {processor.py:186} INFO - Started process (PID=322) to work on /home/airflow/.local/lib/python3.12/site-packages/airflow/example_dags/example_short_circuit_operator.py
[2024-08-24T16:35:19.444+0000] {processor.py:914} INFO - Processing file /home/airflow/.local/lib/python3.12/site-packages/airflow/example_dags/example_short_circuit_operator.py for tasks to queue
[2024-08-24T16:35:19.482+0000] {logging_mixin.py:190} INFO - [2024-08-24T16:35:19.481+0000] {dagbag.py:587} INFO - Filling up the DagBag from /home/airflow/.local/lib/python3.12/site-packages/airflow/example_dags/example_short_circuit_operator.py
[2024-08-24T16:35:19.619+0000] {processor.py:925} INFO - DAG(s) 'example_short_circuit_operator' retrieved from /home/airflow/.local/lib/python3.12/site-packages/airflow/example_dags/example_short_circuit_operator.py
[2024-08-24T16:35:20.184+0000] {logging_mixin.py:190} INFO - [2024-08-24T16:35:20.183+0000] {dag.py:3211} INFO - Sync 1 DAGs
[2024-08-24T16:35:20.620+0000] {logging_mixin.py:190} INFO - [2024-08-24T16:35:20.619+0000] {dag.py:4138} INFO - Setting next_dagrun for example_short_circuit_operator to 2024-08-23 00:00:00+00:00, run_after=2024-08-24 00:00:00+00:00
[2024-08-24T16:35:21.110+0000] {processor.py:208} INFO - Processing /home/airflow/.local/lib/python3.12/site-packages/airflow/example_dags/example_short_circuit_operator.py took 1.851 seconds
[2024-08-24T16:36:56.477+0000] {processor.py:186} INFO - Started process (PID=413) to work on /home/airflow/.local/lib/python3.12/site-packages/airflow/example_dags/example_short_circuit_operator.py
[2024-08-24T16:36:56.492+0000] {processor.py:914} INFO - Processing file /home/airflow/.local/lib/python3.12/site-packages/airflow/example_dags/example_short_circuit_operator.py for tasks to queue
[2024-08-24T16:36:56.508+0000] {logging_mixin.py:190} INFO - [2024-08-24T16:36:56.507+0000] {dagbag.py:587} INFO - Filling up the DagBag from /home/airflow/.local/lib/python3.12/site-packages/airflow/example_dags/example_short_circuit_operator.py
[2024-08-24T16:36:56.595+0000] {processor.py:925} INFO - DAG(s) 'example_short_circuit_operator' retrieved from /home/airflow/.local/lib/python3.12/site-packages/airflow/example_dags/example_short_circuit_operator.py
[2024-08-24T16:36:56.825+0000] {logging_mixin.py:190} INFO - [2024-08-24T16:36:56.824+0000] {dag.py:3211} INFO - Sync 1 DAGs
[2024-08-24T16:36:57.078+0000] {logging_mixin.py:190} INFO - [2024-08-24T16:36:57.077+0000] {dag.py:4138} INFO - Setting next_dagrun for example_short_circuit_operator to 2024-08-23 00:00:00+00:00, run_after=2024-08-24 00:00:00+00:00
[2024-08-24T16:36:57.208+0000] {processor.py:208} INFO - Processing /home/airflow/.local/lib/python3.12/site-packages/airflow/example_dags/example_short_circuit_operator.py took 0.750 seconds
[2024-08-24T16:38:05.712+0000] {processor.py:186} INFO - Started process (PID=486) to work on /home/airflow/.local/lib/python3.12/site-packages/airflow/example_dags/example_short_circuit_operator.py
[2024-08-24T16:38:05.728+0000] {processor.py:914} INFO - Processing file /home/airflow/.local/lib/python3.12/site-packages/airflow/example_dags/example_short_circuit_operator.py for tasks to queue
[2024-08-24T16:38:05.749+0000] {logging_mixin.py:190} INFO - [2024-08-24T16:38:05.747+0000] {dagbag.py:587} INFO - Filling up the DagBag from /home/airflow/.local/lib/python3.12/site-packages/airflow/example_dags/example_short_circuit_operator.py
[2024-08-24T16:38:06.028+0000] {processor.py:925} INFO - DAG(s) 'example_short_circuit_operator' retrieved from /home/airflow/.local/lib/python3.12/site-packages/airflow/example_dags/example_short_circuit_operator.py
[2024-08-24T16:38:06.343+0000] {logging_mixin.py:190} INFO - [2024-08-24T16:38:06.342+0000] {dag.py:3211} INFO - Sync 1 DAGs
[2024-08-24T16:38:07.027+0000] {logging_mixin.py:190} INFO - [2024-08-24T16:38:07.026+0000] {dag.py:4138} INFO - Setting next_dagrun for example_short_circuit_operator to 2024-08-23 00:00:00+00:00, run_after=2024-08-24 00:00:00+00:00
[2024-08-24T16:38:07.811+0000] {processor.py:208} INFO - Processing /home/airflow/.local/lib/python3.12/site-packages/airflow/example_dags/example_short_circuit_operator.py took 2.218 seconds
[2024-08-24T16:39:41.034+0000] {processor.py:186} INFO - Started process (PID=577) to work on /home/airflow/.local/lib/python3.12/site-packages/airflow/example_dags/example_short_circuit_operator.py
[2024-08-24T16:39:41.040+0000] {processor.py:914} INFO - Processing file /home/airflow/.local/lib/python3.12/site-packages/airflow/example_dags/example_short_circuit_operator.py for tasks to queue
[2024-08-24T16:39:41.054+0000] {logging_mixin.py:190} INFO - [2024-08-24T16:39:41.053+0000] {dagbag.py:587} INFO - Filling up the DagBag from /home/airflow/.local/lib/python3.12/site-packages/airflow/example_dags/example_short_circuit_operator.py
[2024-08-24T16:39:41.084+0000] {processor.py:925} INFO - DAG(s) 'example_short_circuit_operator' retrieved from /home/airflow/.local/lib/python3.12/site-packages/airflow/example_dags/example_short_circuit_operator.py
[2024-08-24T16:39:41.189+0000] {logging_mixin.py:190} INFO - [2024-08-24T16:39:41.188+0000] {dag.py:3211} INFO - Sync 1 DAGs
[2024-08-24T16:39:41.286+0000] {logging_mixin.py:190} INFO - [2024-08-24T16:39:41.286+0000] {dag.py:4138} INFO - Setting next_dagrun for example_short_circuit_operator to 2024-08-23 00:00:00+00:00, run_after=2024-08-24 00:00:00+00:00
[2024-08-24T16:39:41.378+0000] {processor.py:208} INFO - Processing /home/airflow/.local/lib/python3.12/site-packages/airflow/example_dags/example_short_circuit_operator.py took 0.367 seconds
[2024-08-24T16:40:11.595+0000] {processor.py:186} INFO - Started process (PID=639) to work on /home/airflow/.local/lib/python3.12/site-packages/airflow/example_dags/example_short_circuit_operator.py
[2024-08-24T16:40:11.598+0000] {processor.py:914} INFO - Processing file /home/airflow/.local/lib/python3.12/site-packages/airflow/example_dags/example_short_circuit_operator.py for tasks to queue
[2024-08-24T16:40:11.608+0000] {logging_mixin.py:190} INFO - [2024-08-24T16:40:11.607+0000] {dagbag.py:587} INFO - Filling up the DagBag from /home/airflow/.local/lib/python3.12/site-packages/airflow/example_dags/example_short_circuit_operator.py
[2024-08-24T16:40:11.635+0000] {processor.py:925} INFO - DAG(s) 'example_short_circuit_operator' retrieved from /home/airflow/.local/lib/python3.12/site-packages/airflow/example_dags/example_short_circuit_operator.py
[2024-08-24T16:40:11.719+0000] {logging_mixin.py:190} INFO - [2024-08-24T16:40:11.718+0000] {dag.py:3211} INFO - Sync 1 DAGs
[2024-08-24T16:40:11.854+0000] {logging_mixin.py:190} INFO - [2024-08-24T16:40:11.853+0000] {dag.py:4138} INFO - Setting next_dagrun for example_short_circuit_operator to 2024-08-23 00:00:00+00:00, run_after=2024-08-24 00:00:00+00:00
[2024-08-24T16:40:11.974+0000] {processor.py:208} INFO - Processing /home/airflow/.local/lib/python3.12/site-packages/airflow/example_dags/example_short_circuit_operator.py took 0.401 seconds
