[2024-08-24T16:33:11.123+0000] {processor.py:186} INFO - Started process (PID=129) to work on /home/airflow/.local/lib/python3.12/site-packages/airflow/example_dags/example_short_circuit_decorator.py
[2024-08-24T16:33:11.154+0000] {processor.py:914} INFO - Processing file /home/airflow/.local/lib/python3.12/site-packages/airflow/example_dags/example_short_circuit_decorator.py for tasks to queue
[2024-08-24T16:33:11.209+0000] {logging_mixin.py:190} INFO - [2024-08-24T16:33:11.208+0000] {dagbag.py:587} INFO - Filling up the DagBag from /home/airflow/.local/lib/python3.12/site-packages/airflow/example_dags/example_short_circuit_decorator.py
[2024-08-24T16:33:11.472+0000] {processor.py:925} INFO - DAG(s) 'example_short_circuit_decorator' retrieved from /home/airflow/.local/lib/python3.12/site-packages/airflow/example_dags/example_short_circuit_decorator.py
[2024-08-24T16:33:12.655+0000] {logging_mixin.py:190} INFO - [2024-08-24T16:33:12.652+0000] {override.py:1858} INFO - Created Permission View: can delete on DAG:example_short_circuit_decorator
[2024-08-24T16:33:12.780+0000] {logging_mixin.py:190} INFO - [2024-08-24T16:33:12.779+0000] {override.py:1858} INFO - Created Permission View: can read on DAG:example_short_circuit_decorator
[2024-08-24T16:33:12.903+0000] {logging_mixin.py:190} INFO - [2024-08-24T16:33:12.902+0000] {override.py:1858} INFO - Created Permission View: can edit on DAG:example_short_circuit_decorator
[2024-08-24T16:33:12.917+0000] {logging_mixin.py:190} INFO - [2024-08-24T16:33:12.917+0000] {dag.py:3211} INFO - Sync 1 DAGs
[2024-08-24T16:33:13.202+0000] {logging_mixin.py:190} INFO - [2024-08-24T16:33:13.201+0000] {dag.py:3234} INFO - Creating ORM DAG for example_short_circuit_decorator
[2024-08-24T16:33:13.466+0000] {logging_mixin.py:190} INFO - [2024-08-24T16:33:13.466+0000] {dag.py:4138} INFO - Setting next_dagrun for example_short_circuit_decorator to 2024-08-23 00:00:00+00:00, run_after=2024-08-24 00:00:00+00:00
[2024-08-24T16:33:13.833+0000] {processor.py:208} INFO - Processing /home/airflow/.local/lib/python3.12/site-packages/airflow/example_dags/example_short_circuit_decorator.py took 2.842 seconds
[2024-08-24T16:33:58.123+0000] {processor.py:186} INFO - Started process (PID=191) to work on /home/airflow/.local/lib/python3.12/site-packages/airflow/example_dags/example_short_circuit_decorator.py
[2024-08-24T16:33:58.201+0000] {processor.py:914} INFO - Processing file /home/airflow/.local/lib/python3.12/site-packages/airflow/example_dags/example_short_circuit_decorator.py for tasks to queue
[2024-08-24T16:33:58.267+0000] {logging_mixin.py:190} INFO - [2024-08-24T16:33:58.266+0000] {dagbag.py:587} INFO - Filling up the DagBag from /home/airflow/.local/lib/python3.12/site-packages/airflow/example_dags/example_short_circuit_decorator.py
[2024-08-24T16:33:58.610+0000] {processor.py:925} INFO - DAG(s) 'example_short_circuit_decorator' retrieved from /home/airflow/.local/lib/python3.12/site-packages/airflow/example_dags/example_short_circuit_decorator.py
[2024-08-24T16:33:59.110+0000] {logging_mixin.py:190} INFO - [2024-08-24T16:33:59.109+0000] {dag.py:3211} INFO - Sync 1 DAGs
[2024-08-24T16:33:59.753+0000] {logging_mixin.py:190} INFO - [2024-08-24T16:33:59.752+0000] {dag.py:4138} INFO - Setting next_dagrun for example_short_circuit_decorator to 2024-08-23 00:00:00+00:00, run_after=2024-08-24 00:00:00+00:00
[2024-08-24T16:34:00.361+0000] {processor.py:208} INFO - Processing /home/airflow/.local/lib/python3.12/site-packages/airflow/example_dags/example_short_circuit_decorator.py took 2.371 seconds
[2024-08-24T16:34:39.916+0000] {processor.py:186} INFO - Started process (PID=260) to work on /home/airflow/.local/lib/python3.12/site-packages/airflow/example_dags/example_short_circuit_decorator.py
[2024-08-24T16:34:39.929+0000] {processor.py:914} INFO - Processing file /home/airflow/.local/lib/python3.12/site-packages/airflow/example_dags/example_short_circuit_decorator.py for tasks to queue
[2024-08-24T16:34:39.953+0000] {logging_mixin.py:190} INFO - [2024-08-24T16:34:39.952+0000] {dagbag.py:587} INFO - Filling up the DagBag from /home/airflow/.local/lib/python3.12/site-packages/airflow/example_dags/example_short_circuit_decorator.py
[2024-08-24T16:34:40.169+0000] {processor.py:925} INFO - DAG(s) 'example_short_circuit_decorator' retrieved from /home/airflow/.local/lib/python3.12/site-packages/airflow/example_dags/example_short_circuit_decorator.py
[2024-08-24T16:34:40.572+0000] {logging_mixin.py:190} INFO - [2024-08-24T16:34:40.570+0000] {dag.py:3211} INFO - Sync 1 DAGs
[2024-08-24T16:34:41.110+0000] {logging_mixin.py:190} INFO - [2024-08-24T16:34:41.110+0000] {dag.py:4138} INFO - Setting next_dagrun for example_short_circuit_decorator to 2024-08-23 00:00:00+00:00, run_after=2024-08-24 00:00:00+00:00
[2024-08-24T16:34:41.536+0000] {processor.py:208} INFO - Processing /home/airflow/.local/lib/python3.12/site-packages/airflow/example_dags/example_short_circuit_decorator.py took 1.685 seconds
[2024-08-24T16:35:19.674+0000] {processor.py:186} INFO - Started process (PID=323) to work on /home/airflow/.local/lib/python3.12/site-packages/airflow/example_dags/example_short_circuit_decorator.py
[2024-08-24T16:35:19.702+0000] {processor.py:914} INFO - Processing file /home/airflow/.local/lib/python3.12/site-packages/airflow/example_dags/example_short_circuit_decorator.py for tasks to queue
[2024-08-24T16:35:19.727+0000] {logging_mixin.py:190} INFO - [2024-08-24T16:35:19.726+0000] {dagbag.py:587} INFO - Filling up the DagBag from /home/airflow/.local/lib/python3.12/site-packages/airflow/example_dags/example_short_circuit_decorator.py
[2024-08-24T16:35:19.892+0000] {processor.py:925} INFO - DAG(s) 'example_short_circuit_decorator' retrieved from /home/airflow/.local/lib/python3.12/site-packages/airflow/example_dags/example_short_circuit_decorator.py
[2024-08-24T16:35:20.269+0000] {logging_mixin.py:190} INFO - [2024-08-24T16:35:20.266+0000] {dag.py:3211} INFO - Sync 1 DAGs
[2024-08-24T16:35:20.613+0000] {logging_mixin.py:190} INFO - [2024-08-24T16:35:20.607+0000] {dag.py:4138} INFO - Setting next_dagrun for example_short_circuit_decorator to 2024-08-23 00:00:00+00:00, run_after=2024-08-24 00:00:00+00:00
[2024-08-24T16:35:21.028+0000] {processor.py:208} INFO - Processing /home/airflow/.local/lib/python3.12/site-packages/airflow/example_dags/example_short_circuit_decorator.py took 1.476 seconds
[2024-08-24T16:36:57.242+0000] {processor.py:186} INFO - Started process (PID=414) to work on /home/airflow/.local/lib/python3.12/site-packages/airflow/example_dags/example_short_circuit_decorator.py
[2024-08-24T16:36:57.245+0000] {processor.py:914} INFO - Processing file /home/airflow/.local/lib/python3.12/site-packages/airflow/example_dags/example_short_circuit_decorator.py for tasks to queue
[2024-08-24T16:36:57.260+0000] {logging_mixin.py:190} INFO - [2024-08-24T16:36:57.259+0000] {dagbag.py:587} INFO - Filling up the DagBag from /home/airflow/.local/lib/python3.12/site-packages/airflow/example_dags/example_short_circuit_decorator.py
[2024-08-24T16:36:57.372+0000] {processor.py:925} INFO - DAG(s) 'example_short_circuit_decorator' retrieved from /home/airflow/.local/lib/python3.12/site-packages/airflow/example_dags/example_short_circuit_decorator.py
[2024-08-24T16:36:57.502+0000] {logging_mixin.py:190} INFO - [2024-08-24T16:36:57.501+0000] {dag.py:3211} INFO - Sync 1 DAGs
[2024-08-24T16:36:57.919+0000] {logging_mixin.py:190} INFO - [2024-08-24T16:36:57.919+0000] {dag.py:4138} INFO - Setting next_dagrun for example_short_circuit_decorator to 2024-08-23 00:00:00+00:00, run_after=2024-08-24 00:00:00+00:00
[2024-08-24T16:36:58.456+0000] {processor.py:208} INFO - Processing /home/airflow/.local/lib/python3.12/site-packages/airflow/example_dags/example_short_circuit_decorator.py took 1.344 seconds
[2024-08-24T16:38:06.331+0000] {processor.py:186} INFO - Started process (PID=487) to work on /home/airflow/.local/lib/python3.12/site-packages/airflow/example_dags/example_short_circuit_decorator.py
[2024-08-24T16:38:06.343+0000] {processor.py:914} INFO - Processing file /home/airflow/.local/lib/python3.12/site-packages/airflow/example_dags/example_short_circuit_decorator.py for tasks to queue
[2024-08-24T16:38:06.375+0000] {logging_mixin.py:190} INFO - [2024-08-24T16:38:06.374+0000] {dagbag.py:587} INFO - Filling up the DagBag from /home/airflow/.local/lib/python3.12/site-packages/airflow/example_dags/example_short_circuit_decorator.py
[2024-08-24T16:38:06.538+0000] {processor.py:925} INFO - DAG(s) 'example_short_circuit_decorator' retrieved from /home/airflow/.local/lib/python3.12/site-packages/airflow/example_dags/example_short_circuit_decorator.py
[2024-08-24T16:38:06.963+0000] {logging_mixin.py:190} INFO - [2024-08-24T16:38:06.963+0000] {dag.py:3211} INFO - Sync 1 DAGs
[2024-08-24T16:38:07.428+0000] {logging_mixin.py:190} INFO - [2024-08-24T16:38:07.428+0000] {dag.py:4138} INFO - Setting next_dagrun for example_short_circuit_decorator to 2024-08-23 00:00:00+00:00, run_after=2024-08-24 00:00:00+00:00
[2024-08-24T16:38:08.004+0000] {processor.py:208} INFO - Processing /home/airflow/.local/lib/python3.12/site-packages/airflow/example_dags/example_short_circuit_decorator.py took 1.732 seconds
