[2024-08-24T16:33:32.464+0000] {processor.py:186} INFO - Started process (PID=149) to work on /home/airflow/.local/lib/python3.12/site-packages/airflow/example_dags/example_task_group_decorator.py
[2024-08-24T16:33:32.483+0000] {processor.py:914} INFO - Processing file /home/airflow/.local/lib/python3.12/site-packages/airflow/example_dags/example_task_group_decorator.py for tasks to queue
[2024-08-24T16:33:32.523+0000] {logging_mixin.py:190} INFO - [2024-08-24T16:33:32.521+0000] {dagbag.py:587} INFO - Filling up the DagBag from /home/airflow/.local/lib/python3.12/site-packages/airflow/example_dags/example_task_group_decorator.py
[2024-08-24T16:33:32.663+0000] {processor.py:925} INFO - DAG(s) 'example_task_group_decorator' retrieved from /home/airflow/.local/lib/python3.12/site-packages/airflow/example_dags/example_task_group_decorator.py
[2024-08-24T16:33:33.575+0000] {logging_mixin.py:190} INFO - [2024-08-24T16:33:33.573+0000] {override.py:1858} INFO - Created Permission View: can delete on DAG:example_task_group_decorator
[2024-08-24T16:33:33.708+0000] {logging_mixin.py:190} INFO - [2024-08-24T16:33:33.689+0000] {override.py:1858} INFO - Created Permission View: can read on DAG:example_task_group_decorator
[2024-08-24T16:33:33.815+0000] {logging_mixin.py:190} INFO - [2024-08-24T16:33:33.814+0000] {override.py:1858} INFO - Created Permission View: can edit on DAG:example_task_group_decorator
[2024-08-24T16:33:33.817+0000] {logging_mixin.py:190} INFO - [2024-08-24T16:33:33.817+0000] {dag.py:3211} INFO - Sync 1 DAGs
[2024-08-24T16:33:33.938+0000] {logging_mixin.py:190} INFO - [2024-08-24T16:33:33.938+0000] {dag.py:3234} INFO - Creating ORM DAG for example_task_group_decorator
[2024-08-24T16:33:33.999+0000] {logging_mixin.py:190} INFO - [2024-08-24T16:33:33.998+0000] {dag.py:4138} INFO - Setting next_dagrun for example_task_group_decorator to 2024-08-23 00:00:00+00:00, run_after=2024-08-24 00:00:00+00:00
[2024-08-24T16:33:34.126+0000] {processor.py:208} INFO - Processing /home/airflow/.local/lib/python3.12/site-packages/airflow/example_dags/example_task_group_decorator.py took 1.689 seconds
[2024-08-24T16:34:15.614+0000] {processor.py:186} INFO - Started process (PID=216) to work on /home/airflow/.local/lib/python3.12/site-packages/airflow/example_dags/example_task_group_decorator.py
[2024-08-24T16:34:15.624+0000] {processor.py:914} INFO - Processing file /home/airflow/.local/lib/python3.12/site-packages/airflow/example_dags/example_task_group_decorator.py for tasks to queue
[2024-08-24T16:34:15.645+0000] {logging_mixin.py:190} INFO - [2024-08-24T16:34:15.644+0000] {dagbag.py:587} INFO - Filling up the DagBag from /home/airflow/.local/lib/python3.12/site-packages/airflow/example_dags/example_task_group_decorator.py
[2024-08-24T16:34:15.838+0000] {processor.py:925} INFO - DAG(s) 'example_task_group_decorator' retrieved from /home/airflow/.local/lib/python3.12/site-packages/airflow/example_dags/example_task_group_decorator.py
[2024-08-24T16:34:16.129+0000] {logging_mixin.py:190} INFO - [2024-08-24T16:34:16.128+0000] {dag.py:3211} INFO - Sync 1 DAGs
[2024-08-24T16:34:16.480+0000] {logging_mixin.py:190} INFO - [2024-08-24T16:34:16.479+0000] {dag.py:4138} INFO - Setting next_dagrun for example_task_group_decorator to 2024-08-23 00:00:00+00:00, run_after=2024-08-24 00:00:00+00:00
[2024-08-24T16:34:16.786+0000] {processor.py:208} INFO - Processing /home/airflow/.local/lib/python3.12/site-packages/airflow/example_dags/example_task_group_decorator.py took 1.245 seconds
[2024-08-24T16:34:50.595+0000] {processor.py:186} INFO - Started process (PID=279) to work on /home/airflow/.local/lib/python3.12/site-packages/airflow/example_dags/example_task_group_decorator.py
[2024-08-24T16:34:50.599+0000] {processor.py:914} INFO - Processing file /home/airflow/.local/lib/python3.12/site-packages/airflow/example_dags/example_task_group_decorator.py for tasks to queue
[2024-08-24T16:34:50.606+0000] {logging_mixin.py:190} INFO - [2024-08-24T16:34:50.605+0000] {dagbag.py:587} INFO - Filling up the DagBag from /home/airflow/.local/lib/python3.12/site-packages/airflow/example_dags/example_task_group_decorator.py
[2024-08-24T16:34:50.773+0000] {processor.py:925} INFO - DAG(s) 'example_task_group_decorator' retrieved from /home/airflow/.local/lib/python3.12/site-packages/airflow/example_dags/example_task_group_decorator.py
[2024-08-24T16:34:51.129+0000] {logging_mixin.py:190} INFO - [2024-08-24T16:34:51.129+0000] {dag.py:3211} INFO - Sync 1 DAGs
[2024-08-24T16:34:51.296+0000] {logging_mixin.py:190} INFO - [2024-08-24T16:34:51.295+0000] {dag.py:4138} INFO - Setting next_dagrun for example_task_group_decorator to 2024-08-23 00:00:00+00:00, run_after=2024-08-24 00:00:00+00:00
[2024-08-24T16:34:51.360+0000] {processor.py:208} INFO - Processing /home/airflow/.local/lib/python3.12/site-packages/airflow/example_dags/example_task_group_decorator.py took 0.787 seconds
[2024-08-24T16:35:36.078+0000] {processor.py:186} INFO - Started process (PID=347) to work on /home/airflow/.local/lib/python3.12/site-packages/airflow/example_dags/example_task_group_decorator.py
[2024-08-24T16:35:36.085+0000] {processor.py:914} INFO - Processing file /home/airflow/.local/lib/python3.12/site-packages/airflow/example_dags/example_task_group_decorator.py for tasks to queue
[2024-08-24T16:35:36.113+0000] {logging_mixin.py:190} INFO - [2024-08-24T16:35:36.111+0000] {dagbag.py:587} INFO - Filling up the DagBag from /home/airflow/.local/lib/python3.12/site-packages/airflow/example_dags/example_task_group_decorator.py
[2024-08-24T16:35:36.327+0000] {processor.py:925} INFO - DAG(s) 'example_task_group_decorator' retrieved from /home/airflow/.local/lib/python3.12/site-packages/airflow/example_dags/example_task_group_decorator.py
[2024-08-24T16:35:36.583+0000] {logging_mixin.py:190} INFO - [2024-08-24T16:35:36.571+0000] {dag.py:3211} INFO - Sync 1 DAGs
[2024-08-24T16:35:36.800+0000] {logging_mixin.py:190} INFO - [2024-08-24T16:35:36.800+0000] {dag.py:4138} INFO - Setting next_dagrun for example_task_group_decorator to 2024-08-23 00:00:00+00:00, run_after=2024-08-24 00:00:00+00:00
[2024-08-24T16:35:36.958+0000] {processor.py:208} INFO - Processing /home/airflow/.local/lib/python3.12/site-packages/airflow/example_dags/example_task_group_decorator.py took 0.971 seconds
[2024-08-24T16:37:11.507+0000] {processor.py:186} INFO - Started process (PID=433) to work on /home/airflow/.local/lib/python3.12/site-packages/airflow/example_dags/example_task_group_decorator.py
[2024-08-24T16:37:11.537+0000] {processor.py:914} INFO - Processing file /home/airflow/.local/lib/python3.12/site-packages/airflow/example_dags/example_task_group_decorator.py for tasks to queue
[2024-08-24T16:37:11.652+0000] {logging_mixin.py:190} INFO - [2024-08-24T16:37:11.651+0000] {dagbag.py:587} INFO - Filling up the DagBag from /home/airflow/.local/lib/python3.12/site-packages/airflow/example_dags/example_task_group_decorator.py
[2024-08-24T16:37:12.037+0000] {processor.py:925} INFO - DAG(s) 'example_task_group_decorator' retrieved from /home/airflow/.local/lib/python3.12/site-packages/airflow/example_dags/example_task_group_decorator.py
[2024-08-24T16:37:12.906+0000] {logging_mixin.py:190} INFO - [2024-08-24T16:37:12.906+0000] {dag.py:3211} INFO - Sync 1 DAGs
[2024-08-24T16:37:13.563+0000] {logging_mixin.py:190} INFO - [2024-08-24T16:37:13.562+0000] {dag.py:4138} INFO - Setting next_dagrun for example_task_group_decorator to 2024-08-23 00:00:00+00:00, run_after=2024-08-24 00:00:00+00:00
[2024-08-24T16:37:13.974+0000] {processor.py:208} INFO - Processing /home/airflow/.local/lib/python3.12/site-packages/airflow/example_dags/example_task_group_decorator.py took 2.660 seconds
[2024-08-24T16:38:36.975+0000] {processor.py:186} INFO - Started process (PID=507) to work on /home/airflow/.local/lib/python3.12/site-packages/airflow/example_dags/example_task_group_decorator.py
[2024-08-24T16:38:36.999+0000] {processor.py:914} INFO - Processing file /home/airflow/.local/lib/python3.12/site-packages/airflow/example_dags/example_task_group_decorator.py for tasks to queue
[2024-08-24T16:38:37.012+0000] {logging_mixin.py:190} INFO - [2024-08-24T16:38:37.007+0000] {dagbag.py:587} INFO - Filling up the DagBag from /home/airflow/.local/lib/python3.12/site-packages/airflow/example_dags/example_task_group_decorator.py
[2024-08-24T16:38:37.223+0000] {processor.py:925} INFO - DAG(s) 'example_task_group_decorator' retrieved from /home/airflow/.local/lib/python3.12/site-packages/airflow/example_dags/example_task_group_decorator.py
[2024-08-24T16:38:37.553+0000] {logging_mixin.py:190} INFO - [2024-08-24T16:38:37.552+0000] {dag.py:3211} INFO - Sync 1 DAGs
[2024-08-24T16:38:37.833+0000] {logging_mixin.py:190} INFO - [2024-08-24T16:38:37.833+0000] {dag.py:4138} INFO - Setting next_dagrun for example_task_group_decorator to 2024-08-23 00:00:00+00:00, run_after=2024-08-24 00:00:00+00:00
[2024-08-24T16:38:38.102+0000] {processor.py:208} INFO - Processing /home/airflow/.local/lib/python3.12/site-packages/airflow/example_dags/example_task_group_decorator.py took 1.170 seconds
[2024-08-24T16:39:45.571+0000] {processor.py:186} INFO - Started process (PID=592) to work on /home/airflow/.local/lib/python3.12/site-packages/airflow/example_dags/example_task_group_decorator.py
[2024-08-24T16:39:45.574+0000] {processor.py:914} INFO - Processing file /home/airflow/.local/lib/python3.12/site-packages/airflow/example_dags/example_task_group_decorator.py for tasks to queue
[2024-08-24T16:39:45.581+0000] {logging_mixin.py:190} INFO - [2024-08-24T16:39:45.580+0000] {dagbag.py:587} INFO - Filling up the DagBag from /home/airflow/.local/lib/python3.12/site-packages/airflow/example_dags/example_task_group_decorator.py
[2024-08-24T16:39:45.641+0000] {processor.py:925} INFO - DAG(s) 'example_task_group_decorator' retrieved from /home/airflow/.local/lib/python3.12/site-packages/airflow/example_dags/example_task_group_decorator.py
[2024-08-24T16:39:45.737+0000] {logging_mixin.py:190} INFO - [2024-08-24T16:39:45.736+0000] {dag.py:3211} INFO - Sync 1 DAGs
[2024-08-24T16:39:45.825+0000] {logging_mixin.py:190} INFO - [2024-08-24T16:39:45.825+0000] {dag.py:4138} INFO - Setting next_dagrun for example_task_group_decorator to 2024-08-23 00:00:00+00:00, run_after=2024-08-24 00:00:00+00:00
[2024-08-24T16:39:45.885+0000] {processor.py:208} INFO - Processing /home/airflow/.local/lib/python3.12/site-packages/airflow/example_dags/example_task_group_decorator.py took 0.340 seconds
[2024-08-24T16:40:16.642+0000] {processor.py:186} INFO - Started process (PID=655) to work on /home/airflow/.local/lib/python3.12/site-packages/airflow/example_dags/example_task_group_decorator.py
[2024-08-24T16:40:16.645+0000] {processor.py:914} INFO - Processing file /home/airflow/.local/lib/python3.12/site-packages/airflow/example_dags/example_task_group_decorator.py for tasks to queue
[2024-08-24T16:40:16.653+0000] {logging_mixin.py:190} INFO - [2024-08-24T16:40:16.651+0000] {dagbag.py:587} INFO - Filling up the DagBag from /home/airflow/.local/lib/python3.12/site-packages/airflow/example_dags/example_task_group_decorator.py
[2024-08-24T16:40:16.757+0000] {processor.py:925} INFO - DAG(s) 'example_task_group_decorator' retrieved from /home/airflow/.local/lib/python3.12/site-packages/airflow/example_dags/example_task_group_decorator.py
[2024-08-24T16:40:16.887+0000] {logging_mixin.py:190} INFO - [2024-08-24T16:40:16.886+0000] {dag.py:3211} INFO - Sync 1 DAGs
[2024-08-24T16:40:17.021+0000] {logging_mixin.py:190} INFO - [2024-08-24T16:40:17.021+0000] {dag.py:4138} INFO - Setting next_dagrun for example_task_group_decorator to 2024-08-23 00:00:00+00:00, run_after=2024-08-24 00:00:00+00:00
[2024-08-24T16:40:17.097+0000] {processor.py:208} INFO - Processing /home/airflow/.local/lib/python3.12/site-packages/airflow/example_dags/example_task_group_decorator.py took 0.476 seconds
