[2024-08-24T16:32:17.339+0000] {processor.py:186} INFO - Started process (PID=94) to work on /home/airflow/.local/lib/python3.12/site-packages/airflow/example_dags/example_bash_operator.py
[2024-08-24T16:32:17.355+0000] {processor.py:914} INFO - Processing file /home/airflow/.local/lib/python3.12/site-packages/airflow/example_dags/example_bash_operator.py for tasks to queue
[2024-08-24T16:32:17.365+0000] {logging_mixin.py:190} INFO - [2024-08-24T16:32:17.364+0000] {dagbag.py:587} INFO - Filling up the DagBag from /home/airflow/.local/lib/python3.12/site-packages/airflow/example_dags/example_bash_operator.py
[2024-08-24T16:32:17.542+0000] {processor.py:925} INFO - DAG(s) 'example_bash_operator' retrieved from /home/airflow/.local/lib/python3.12/site-packages/airflow/example_dags/example_bash_operator.py
[2024-08-24T16:32:19.067+0000] {logging_mixin.py:190} INFO - [2024-08-24T16:32:19.065+0000] {override.py:1858} INFO - Created Permission View: can delete on DAG:example_bash_operator
[2024-08-24T16:32:19.294+0000] {logging_mixin.py:190} INFO - [2024-08-24T16:32:19.292+0000] {override.py:1858} INFO - Created Permission View: can read on DAG:example_bash_operator
[2024-08-24T16:32:19.538+0000] {logging_mixin.py:190} INFO - [2024-08-24T16:32:19.538+0000] {override.py:1858} INFO - Created Permission View: can edit on DAG:example_bash_operator
[2024-08-24T16:32:19.585+0000] {logging_mixin.py:190} INFO - [2024-08-24T16:32:19.584+0000] {dag.py:3211} INFO - Sync 1 DAGs
[2024-08-24T16:32:19.893+0000] {logging_mixin.py:190} INFO - [2024-08-24T16:32:19.893+0000] {dag.py:3234} INFO - Creating ORM DAG for example_bash_operator
[2024-08-24T16:32:20.213+0000] {logging_mixin.py:190} INFO - [2024-08-24T16:32:20.213+0000] {dag.py:4138} INFO - Setting next_dagrun for example_bash_operator to 2024-08-23 00:00:00+00:00, run_after=2024-08-24 00:00:00+00:00
[2024-08-24T16:32:20.502+0000] {processor.py:208} INFO - Processing /home/airflow/.local/lib/python3.12/site-packages/airflow/example_dags/example_bash_operator.py took 3.222 seconds
[2024-08-24T16:33:40.464+0000] {processor.py:186} INFO - Started process (PID=167) to work on /home/airflow/.local/lib/python3.12/site-packages/airflow/example_dags/example_bash_operator.py
[2024-08-24T16:33:40.482+0000] {processor.py:914} INFO - Processing file /home/airflow/.local/lib/python3.12/site-packages/airflow/example_dags/example_bash_operator.py for tasks to queue
[2024-08-24T16:33:40.502+0000] {logging_mixin.py:190} INFO - [2024-08-24T16:33:40.501+0000] {dagbag.py:587} INFO - Filling up the DagBag from /home/airflow/.local/lib/python3.12/site-packages/airflow/example_dags/example_bash_operator.py
[2024-08-24T16:33:40.605+0000] {processor.py:925} INFO - DAG(s) 'example_bash_operator' retrieved from /home/airflow/.local/lib/python3.12/site-packages/airflow/example_dags/example_bash_operator.py
[2024-08-24T16:33:40.755+0000] {logging_mixin.py:190} INFO - [2024-08-24T16:33:40.754+0000] {dag.py:3211} INFO - Sync 1 DAGs
[2024-08-24T16:33:40.874+0000] {logging_mixin.py:190} INFO - [2024-08-24T16:33:40.871+0000] {dag.py:4138} INFO - Setting next_dagrun for example_bash_operator to 2024-08-23 00:00:00+00:00, run_after=2024-08-24 00:00:00+00:00
[2024-08-24T16:33:40.995+0000] {processor.py:208} INFO - Processing /home/airflow/.local/lib/python3.12/site-packages/airflow/example_dags/example_bash_operator.py took 0.581 seconds
[2024-08-24T16:34:20.632+0000] {processor.py:186} INFO - Started process (PID=229) to work on /home/airflow/.local/lib/python3.12/site-packages/airflow/example_dags/example_bash_operator.py
[2024-08-24T16:34:20.690+0000] {processor.py:914} INFO - Processing file /home/airflow/.local/lib/python3.12/site-packages/airflow/example_dags/example_bash_operator.py for tasks to queue
[2024-08-24T16:34:20.708+0000] {logging_mixin.py:190} INFO - [2024-08-24T16:34:20.707+0000] {dagbag.py:587} INFO - Filling up the DagBag from /home/airflow/.local/lib/python3.12/site-packages/airflow/example_dags/example_bash_operator.py
[2024-08-24T16:34:20.839+0000] {processor.py:925} INFO - DAG(s) 'example_bash_operator' retrieved from /home/airflow/.local/lib/python3.12/site-packages/airflow/example_dags/example_bash_operator.py
[2024-08-24T16:34:21.151+0000] {logging_mixin.py:190} INFO - [2024-08-24T16:34:21.149+0000] {dag.py:3211} INFO - Sync 1 DAGs
[2024-08-24T16:34:21.379+0000] {logging_mixin.py:190} INFO - [2024-08-24T16:34:21.379+0000] {dag.py:4138} INFO - Setting next_dagrun for example_bash_operator to 2024-08-23 00:00:00+00:00, run_after=2024-08-24 00:00:00+00:00
[2024-08-24T16:34:21.465+0000] {processor.py:208} INFO - Processing /home/airflow/.local/lib/python3.12/site-packages/airflow/example_dags/example_bash_operator.py took 0.883 seconds
[2024-08-24T16:34:54.380+0000] {processor.py:186} INFO - Started process (PID=288) to work on /home/airflow/.local/lib/python3.12/site-packages/airflow/example_dags/example_bash_operator.py
[2024-08-24T16:34:54.384+0000] {processor.py:914} INFO - Processing file /home/airflow/.local/lib/python3.12/site-packages/airflow/example_dags/example_bash_operator.py for tasks to queue
[2024-08-24T16:34:54.401+0000] {logging_mixin.py:190} INFO - [2024-08-24T16:34:54.400+0000] {dagbag.py:587} INFO - Filling up the DagBag from /home/airflow/.local/lib/python3.12/site-packages/airflow/example_dags/example_bash_operator.py
[2024-08-24T16:34:54.462+0000] {processor.py:925} INFO - DAG(s) 'example_bash_operator' retrieved from /home/airflow/.local/lib/python3.12/site-packages/airflow/example_dags/example_bash_operator.py
[2024-08-24T16:34:54.597+0000] {logging_mixin.py:190} INFO - [2024-08-24T16:34:54.596+0000] {dag.py:3211} INFO - Sync 1 DAGs
[2024-08-24T16:34:54.688+0000] {logging_mixin.py:190} INFO - [2024-08-24T16:34:54.687+0000] {dag.py:4138} INFO - Setting next_dagrun for example_bash_operator to 2024-08-23 00:00:00+00:00, run_after=2024-08-24 00:00:00+00:00
[2024-08-24T16:34:54.747+0000] {processor.py:208} INFO - Processing /home/airflow/.local/lib/python3.12/site-packages/airflow/example_dags/example_bash_operator.py took 0.390 seconds
[2024-08-24T16:35:40.616+0000] {processor.py:186} INFO - Started process (PID=356) to work on /home/airflow/.local/lib/python3.12/site-packages/airflow/example_dags/example_bash_operator.py
[2024-08-24T16:35:40.621+0000] {processor.py:914} INFO - Processing file /home/airflow/.local/lib/python3.12/site-packages/airflow/example_dags/example_bash_operator.py for tasks to queue
[2024-08-24T16:35:40.631+0000] {logging_mixin.py:190} INFO - [2024-08-24T16:35:40.630+0000] {dagbag.py:587} INFO - Filling up the DagBag from /home/airflow/.local/lib/python3.12/site-packages/airflow/example_dags/example_bash_operator.py
[2024-08-24T16:35:40.750+0000] {processor.py:925} INFO - DAG(s) 'example_bash_operator' retrieved from /home/airflow/.local/lib/python3.12/site-packages/airflow/example_dags/example_bash_operator.py
[2024-08-24T16:35:41.019+0000] {logging_mixin.py:190} INFO - [2024-08-24T16:35:41.019+0000] {dag.py:3211} INFO - Sync 1 DAGs
[2024-08-24T16:35:41.246+0000] {logging_mixin.py:190} INFO - [2024-08-24T16:35:41.245+0000] {dag.py:4138} INFO - Setting next_dagrun for example_bash_operator to 2024-08-23 00:00:00+00:00, run_after=2024-08-24 00:00:00+00:00
[2024-08-24T16:35:41.375+0000] {processor.py:208} INFO - Processing /home/airflow/.local/lib/python3.12/site-packages/airflow/example_dags/example_bash_operator.py took 0.781 seconds
