[2024-08-24T16:32:13.709+0000] {processor.py:186} INFO - Started process (PID=92) to work on /home/airflow/.local/lib/python3.12/site-packages/airflow/example_dags/tutorial_objectstorage.py
[2024-08-24T16:32:13.725+0000] {processor.py:914} INFO - Processing file /home/airflow/.local/lib/python3.12/site-packages/airflow/example_dags/tutorial_objectstorage.py for tasks to queue
[2024-08-24T16:32:13.764+0000] {logging_mixin.py:190} INFO - [2024-08-24T16:32:13.763+0000] {dagbag.py:587} INFO - Filling up the DagBag from /home/airflow/.local/lib/python3.12/site-packages/airflow/example_dags/tutorial_objectstorage.py
[2024-08-24T16:32:13.886+0000] {processor.py:925} INFO - DAG(s) 'tutorial_objectstorage' retrieved from /home/airflow/.local/lib/python3.12/site-packages/airflow/example_dags/tutorial_objectstorage.py
[2024-08-24T16:32:16.176+0000] {logging_mixin.py:190} INFO - [2024-08-24T16:32:16.175+0000] {override.py:1858} INFO - Created Permission View: can delete on DAG:tutorial_objectstorage
[2024-08-24T16:32:16.295+0000] {logging_mixin.py:190} INFO - [2024-08-24T16:32:16.294+0000] {override.py:1858} INFO - Created Permission View: can read on DAG:tutorial_objectstorage
[2024-08-24T16:32:16.398+0000] {logging_mixin.py:190} INFO - [2024-08-24T16:32:16.397+0000] {override.py:1858} INFO - Created Permission View: can edit on DAG:tutorial_objectstorage
[2024-08-24T16:32:16.401+0000] {logging_mixin.py:190} INFO - [2024-08-24T16:32:16.401+0000] {dag.py:3211} INFO - Sync 1 DAGs
[2024-08-24T16:32:16.714+0000] {logging_mixin.py:190} INFO - [2024-08-24T16:32:16.714+0000] {dag.py:3234} INFO - Creating ORM DAG for tutorial_objectstorage
[2024-08-24T16:32:16.731+0000] {logging_mixin.py:190} INFO - [2024-08-24T16:32:16.731+0000] {dag.py:4138} INFO - Setting next_dagrun for tutorial_objectstorage to None, run_after=None
[2024-08-24T16:32:16.942+0000] {processor.py:208} INFO - Processing /home/airflow/.local/lib/python3.12/site-packages/airflow/example_dags/tutorial_objectstorage.py took 3.306 seconds
[2024-08-24T16:33:39.758+0000] {processor.py:186} INFO - Started process (PID=165) to work on /home/airflow/.local/lib/python3.12/site-packages/airflow/example_dags/tutorial_objectstorage.py
[2024-08-24T16:33:39.761+0000] {processor.py:914} INFO - Processing file /home/airflow/.local/lib/python3.12/site-packages/airflow/example_dags/tutorial_objectstorage.py for tasks to queue
[2024-08-24T16:33:39.769+0000] {logging_mixin.py:190} INFO - [2024-08-24T16:33:39.768+0000] {dagbag.py:587} INFO - Filling up the DagBag from /home/airflow/.local/lib/python3.12/site-packages/airflow/example_dags/tutorial_objectstorage.py
[2024-08-24T16:33:39.799+0000] {processor.py:925} INFO - DAG(s) 'tutorial_objectstorage' retrieved from /home/airflow/.local/lib/python3.12/site-packages/airflow/example_dags/tutorial_objectstorage.py
[2024-08-24T16:33:39.869+0000] {logging_mixin.py:190} INFO - [2024-08-24T16:33:39.869+0000] {dag.py:3211} INFO - Sync 1 DAGs
[2024-08-24T16:33:39.927+0000] {logging_mixin.py:190} INFO - [2024-08-24T16:33:39.926+0000] {dag.py:4138} INFO - Setting next_dagrun for tutorial_objectstorage to None, run_after=None
[2024-08-24T16:33:39.992+0000] {processor.py:208} INFO - Processing /home/airflow/.local/lib/python3.12/site-packages/airflow/example_dags/tutorial_objectstorage.py took 0.266 seconds
[2024-08-24T16:34:20.228+0000] {processor.py:186} INFO - Started process (PID=227) to work on /home/airflow/.local/lib/python3.12/site-packages/airflow/example_dags/tutorial_objectstorage.py
[2024-08-24T16:34:20.231+0000] {processor.py:914} INFO - Processing file /home/airflow/.local/lib/python3.12/site-packages/airflow/example_dags/tutorial_objectstorage.py for tasks to queue
[2024-08-24T16:34:20.240+0000] {logging_mixin.py:190} INFO - [2024-08-24T16:34:20.239+0000] {dagbag.py:587} INFO - Filling up the DagBag from /home/airflow/.local/lib/python3.12/site-packages/airflow/example_dags/tutorial_objectstorage.py
[2024-08-24T16:34:20.278+0000] {processor.py:925} INFO - DAG(s) 'tutorial_objectstorage' retrieved from /home/airflow/.local/lib/python3.12/site-packages/airflow/example_dags/tutorial_objectstorage.py
[2024-08-24T16:34:20.346+0000] {logging_mixin.py:190} INFO - [2024-08-24T16:34:20.345+0000] {dag.py:3211} INFO - Sync 1 DAGs
[2024-08-24T16:34:20.408+0000] {logging_mixin.py:190} INFO - [2024-08-24T16:34:20.407+0000] {dag.py:4138} INFO - Setting next_dagrun for tutorial_objectstorage to None, run_after=None
[2024-08-24T16:34:20.485+0000] {processor.py:208} INFO - Processing /home/airflow/.local/lib/python3.12/site-packages/airflow/example_dags/tutorial_objectstorage.py took 0.297 seconds
[2024-08-24T16:34:53.613+0000] {processor.py:186} INFO - Started process (PID=286) to work on /home/airflow/.local/lib/python3.12/site-packages/airflow/example_dags/tutorial_objectstorage.py
[2024-08-24T16:34:53.619+0000] {processor.py:914} INFO - Processing file /home/airflow/.local/lib/python3.12/site-packages/airflow/example_dags/tutorial_objectstorage.py for tasks to queue
[2024-08-24T16:34:53.628+0000] {logging_mixin.py:190} INFO - [2024-08-24T16:34:53.627+0000] {dagbag.py:587} INFO - Filling up the DagBag from /home/airflow/.local/lib/python3.12/site-packages/airflow/example_dags/tutorial_objectstorage.py
[2024-08-24T16:34:53.659+0000] {processor.py:925} INFO - DAG(s) 'tutorial_objectstorage' retrieved from /home/airflow/.local/lib/python3.12/site-packages/airflow/example_dags/tutorial_objectstorage.py
[2024-08-24T16:34:53.746+0000] {logging_mixin.py:190} INFO - [2024-08-24T16:34:53.746+0000] {dag.py:3211} INFO - Sync 1 DAGs
[2024-08-24T16:34:53.806+0000] {logging_mixin.py:190} INFO - [2024-08-24T16:34:53.805+0000] {dag.py:4138} INFO - Setting next_dagrun for tutorial_objectstorage to None, run_after=None
[2024-08-24T16:34:53.859+0000] {processor.py:208} INFO - Processing /home/airflow/.local/lib/python3.12/site-packages/airflow/example_dags/tutorial_objectstorage.py took 0.286 seconds
[2024-08-24T16:35:40.185+0000] {processor.py:186} INFO - Started process (PID=354) to work on /home/airflow/.local/lib/python3.12/site-packages/airflow/example_dags/tutorial_objectstorage.py
[2024-08-24T16:35:40.192+0000] {processor.py:914} INFO - Processing file /home/airflow/.local/lib/python3.12/site-packages/airflow/example_dags/tutorial_objectstorage.py for tasks to queue
[2024-08-24T16:35:40.217+0000] {logging_mixin.py:190} INFO - [2024-08-24T16:35:40.216+0000] {dagbag.py:587} INFO - Filling up the DagBag from /home/airflow/.local/lib/python3.12/site-packages/airflow/example_dags/tutorial_objectstorage.py
[2024-08-24T16:35:40.271+0000] {processor.py:925} INFO - DAG(s) 'tutorial_objectstorage' retrieved from /home/airflow/.local/lib/python3.12/site-packages/airflow/example_dags/tutorial_objectstorage.py
[2024-08-24T16:35:40.341+0000] {logging_mixin.py:190} INFO - [2024-08-24T16:35:40.340+0000] {dag.py:3211} INFO - Sync 1 DAGs
[2024-08-24T16:35:40.421+0000] {logging_mixin.py:190} INFO - [2024-08-24T16:35:40.420+0000] {dag.py:4138} INFO - Setting next_dagrun for tutorial_objectstorage to None, run_after=None
[2024-08-24T16:35:40.498+0000] {processor.py:208} INFO - Processing /home/airflow/.local/lib/python3.12/site-packages/airflow/example_dags/tutorial_objectstorage.py took 0.365 seconds
[2024-08-24T16:36:42.942+0000] {processor.py:186} INFO - Started process (PID=398) to work on /home/airflow/.local/lib/python3.12/site-packages/airflow/example_dags/tutorial_objectstorage.py
[2024-08-24T16:36:42.944+0000] {processor.py:914} INFO - Processing file /home/airflow/.local/lib/python3.12/site-packages/airflow/example_dags/tutorial_objectstorage.py for tasks to queue
[2024-08-24T16:36:42.953+0000] {logging_mixin.py:190} INFO - [2024-08-24T16:36:42.952+0000] {dagbag.py:587} INFO - Filling up the DagBag from /home/airflow/.local/lib/python3.12/site-packages/airflow/example_dags/tutorial_objectstorage.py
[2024-08-24T16:36:42.980+0000] {processor.py:925} INFO - DAG(s) 'tutorial_objectstorage' retrieved from /home/airflow/.local/lib/python3.12/site-packages/airflow/example_dags/tutorial_objectstorage.py
[2024-08-24T16:36:43.104+0000] {logging_mixin.py:190} INFO - [2024-08-24T16:36:43.103+0000] {dag.py:3211} INFO - Sync 1 DAGs
[2024-08-24T16:36:43.154+0000] {logging_mixin.py:190} INFO - [2024-08-24T16:36:43.153+0000] {dag.py:4138} INFO - Setting next_dagrun for tutorial_objectstorage to None, run_after=None
[2024-08-24T16:36:43.288+0000] {processor.py:208} INFO - Processing /home/airflow/.local/lib/python3.12/site-packages/airflow/example_dags/tutorial_objectstorage.py took 0.366 seconds
[2024-08-24T16:37:29.201+0000] {processor.py:186} INFO - Started process (PID=445) to work on /home/airflow/.local/lib/python3.12/site-packages/airflow/example_dags/tutorial_objectstorage.py
[2024-08-24T16:37:29.218+0000] {processor.py:914} INFO - Processing file /home/airflow/.local/lib/python3.12/site-packages/airflow/example_dags/tutorial_objectstorage.py for tasks to queue
[2024-08-24T16:37:29.248+0000] {logging_mixin.py:190} INFO - [2024-08-24T16:37:29.227+0000] {dagbag.py:587} INFO - Filling up the DagBag from /home/airflow/.local/lib/python3.12/site-packages/airflow/example_dags/tutorial_objectstorage.py
[2024-08-24T16:37:29.356+0000] {processor.py:925} INFO - DAG(s) 'tutorial_objectstorage' retrieved from /home/airflow/.local/lib/python3.12/site-packages/airflow/example_dags/tutorial_objectstorage.py
[2024-08-24T16:37:29.917+0000] {logging_mixin.py:190} INFO - [2024-08-24T16:37:29.889+0000] {dag.py:3211} INFO - Sync 1 DAGs
[2024-08-24T16:37:30.328+0000] {logging_mixin.py:190} INFO - [2024-08-24T16:37:30.327+0000] {dag.py:4138} INFO - Setting next_dagrun for tutorial_objectstorage to None, run_after=None
[2024-08-24T16:37:30.666+0000] {processor.py:208} INFO - Processing /home/airflow/.local/lib/python3.12/site-packages/airflow/example_dags/tutorial_objectstorage.py took 1.526 seconds
[2024-08-24T16:38:53.040+0000] {processor.py:186} INFO - Started process (PID=517) to work on /home/airflow/.local/lib/python3.12/site-packages/airflow/example_dags/tutorial_objectstorage.py
[2024-08-24T16:38:53.167+0000] {processor.py:914} INFO - Processing file /home/airflow/.local/lib/python3.12/site-packages/airflow/example_dags/tutorial_objectstorage.py for tasks to queue
[2024-08-24T16:38:53.186+0000] {logging_mixin.py:190} INFO - [2024-08-24T16:38:53.185+0000] {dagbag.py:587} INFO - Filling up the DagBag from /home/airflow/.local/lib/python3.12/site-packages/airflow/example_dags/tutorial_objectstorage.py
[2024-08-24T16:38:53.392+0000] {processor.py:925} INFO - DAG(s) 'tutorial_objectstorage' retrieved from /home/airflow/.local/lib/python3.12/site-packages/airflow/example_dags/tutorial_objectstorage.py
[2024-08-24T16:38:53.716+0000] {logging_mixin.py:190} INFO - [2024-08-24T16:38:53.715+0000] {dag.py:3211} INFO - Sync 1 DAGs
[2024-08-24T16:38:54.344+0000] {logging_mixin.py:190} INFO - [2024-08-24T16:38:54.343+0000] {dag.py:4138} INFO - Setting next_dagrun for tutorial_objectstorage to None, run_after=None
[2024-08-24T16:38:55.149+0000] {processor.py:208} INFO - Processing /home/airflow/.local/lib/python3.12/site-packages/airflow/example_dags/tutorial_objectstorage.py took 2.253 seconds
[2024-08-24T16:39:38.482+0000] {processor.py:186} INFO - Started process (PID=569) to work on /home/airflow/.local/lib/python3.12/site-packages/airflow/example_dags/tutorial_objectstorage.py
[2024-08-24T16:39:38.486+0000] {processor.py:914} INFO - Processing file /home/airflow/.local/lib/python3.12/site-packages/airflow/example_dags/tutorial_objectstorage.py for tasks to queue
[2024-08-24T16:39:38.493+0000] {logging_mixin.py:190} INFO - [2024-08-24T16:39:38.492+0000] {dagbag.py:587} INFO - Filling up the DagBag from /home/airflow/.local/lib/python3.12/site-packages/airflow/example_dags/tutorial_objectstorage.py
[2024-08-24T16:39:38.533+0000] {processor.py:925} INFO - DAG(s) 'tutorial_objectstorage' retrieved from /home/airflow/.local/lib/python3.12/site-packages/airflow/example_dags/tutorial_objectstorage.py
[2024-08-24T16:39:38.621+0000] {logging_mixin.py:190} INFO - [2024-08-24T16:39:38.620+0000] {dag.py:3211} INFO - Sync 1 DAGs
[2024-08-24T16:39:38.682+0000] {logging_mixin.py:190} INFO - [2024-08-24T16:39:38.681+0000] {dag.py:4138} INFO - Setting next_dagrun for tutorial_objectstorage to None, run_after=None
[2024-08-24T16:39:38.771+0000] {processor.py:208} INFO - Processing /home/airflow/.local/lib/python3.12/site-packages/airflow/example_dags/tutorial_objectstorage.py took 0.315 seconds
[2024-08-24T16:40:09.148+0000] {processor.py:186} INFO - Started process (PID=631) to work on /home/airflow/.local/lib/python3.12/site-packages/airflow/example_dags/tutorial_objectstorage.py
[2024-08-24T16:40:09.151+0000] {processor.py:914} INFO - Processing file /home/airflow/.local/lib/python3.12/site-packages/airflow/example_dags/tutorial_objectstorage.py for tasks to queue
[2024-08-24T16:40:09.164+0000] {logging_mixin.py:190} INFO - [2024-08-24T16:40:09.163+0000] {dagbag.py:587} INFO - Filling up the DagBag from /home/airflow/.local/lib/python3.12/site-packages/airflow/example_dags/tutorial_objectstorage.py
[2024-08-24T16:40:09.195+0000] {processor.py:925} INFO - DAG(s) 'tutorial_objectstorage' retrieved from /home/airflow/.local/lib/python3.12/site-packages/airflow/example_dags/tutorial_objectstorage.py
[2024-08-24T16:40:09.299+0000] {logging_mixin.py:190} INFO - [2024-08-24T16:40:09.297+0000] {dag.py:3211} INFO - Sync 1 DAGs
[2024-08-24T16:40:09.382+0000] {logging_mixin.py:190} INFO - [2024-08-24T16:40:09.382+0000] {dag.py:4138} INFO - Setting next_dagrun for tutorial_objectstorage to None, run_after=None
[2024-08-24T16:40:09.551+0000] {processor.py:208} INFO - Processing /home/airflow/.local/lib/python3.12/site-packages/airflow/example_dags/tutorial_objectstorage.py took 0.425 seconds
