[2024-08-24T16:32:58.806+0000] {processor.py:186} INFO - Started process (PID=124) to work on /home/airflow/.local/lib/python3.12/site-packages/airflow/example_dags/tutorial_dag.py
[2024-08-24T16:32:58.830+0000] {processor.py:914} INFO - Processing file /home/airflow/.local/lib/python3.12/site-packages/airflow/example_dags/tutorial_dag.py for tasks to queue
[2024-08-24T16:32:58.836+0000] {logging_mixin.py:190} INFO - [2024-08-24T16:32:58.835+0000] {dagbag.py:587} INFO - Filling up the DagBag from /home/airflow/.local/lib/python3.12/site-packages/airflow/example_dags/tutorial_dag.py
[2024-08-24T16:32:58.888+0000] {processor.py:925} INFO - DAG(s) 'tutorial_dag' retrieved from /home/airflow/.local/lib/python3.12/site-packages/airflow/example_dags/tutorial_dag.py
[2024-08-24T16:33:00.224+0000] {logging_mixin.py:190} INFO - [2024-08-24T16:33:00.223+0000] {override.py:1858} INFO - Created Permission View: can delete on DAG:tutorial_dag
[2024-08-24T16:33:00.340+0000] {logging_mixin.py:190} INFO - [2024-08-24T16:33:00.340+0000] {override.py:1858} INFO - Created Permission View: can read on DAG:tutorial_dag
[2024-08-24T16:33:00.401+0000] {logging_mixin.py:190} INFO - [2024-08-24T16:33:00.400+0000] {override.py:1858} INFO - Created Permission View: can edit on DAG:tutorial_dag
[2024-08-24T16:33:00.403+0000] {logging_mixin.py:190} INFO - [2024-08-24T16:33:00.402+0000] {dag.py:3211} INFO - Sync 1 DAGs
[2024-08-24T16:33:00.629+0000] {logging_mixin.py:190} INFO - [2024-08-24T16:33:00.628+0000] {dag.py:3234} INFO - Creating ORM DAG for tutorial_dag
[2024-08-24T16:33:00.722+0000] {logging_mixin.py:190} INFO - [2024-08-24T16:33:00.721+0000] {dag.py:4138} INFO - Setting next_dagrun for tutorial_dag to None, run_after=None
[2024-08-24T16:33:01.021+0000] {processor.py:208} INFO - Processing /home/airflow/.local/lib/python3.12/site-packages/airflow/example_dags/tutorial_dag.py took 2.261 seconds
[2024-08-24T16:33:49.123+0000] {processor.py:186} INFO - Started process (PID=186) to work on /home/airflow/.local/lib/python3.12/site-packages/airflow/example_dags/tutorial_dag.py
[2024-08-24T16:33:49.152+0000] {processor.py:914} INFO - Processing file /home/airflow/.local/lib/python3.12/site-packages/airflow/example_dags/tutorial_dag.py for tasks to queue
[2024-08-24T16:33:49.178+0000] {logging_mixin.py:190} INFO - [2024-08-24T16:33:49.177+0000] {dagbag.py:587} INFO - Filling up the DagBag from /home/airflow/.local/lib/python3.12/site-packages/airflow/example_dags/tutorial_dag.py
[2024-08-24T16:33:49.386+0000] {processor.py:925} INFO - DAG(s) 'tutorial_dag' retrieved from /home/airflow/.local/lib/python3.12/site-packages/airflow/example_dags/tutorial_dag.py
[2024-08-24T16:33:49.537+0000] {logging_mixin.py:190} INFO - [2024-08-24T16:33:49.536+0000] {dag.py:3211} INFO - Sync 1 DAGs
[2024-08-24T16:33:49.706+0000] {logging_mixin.py:190} INFO - [2024-08-24T16:33:49.705+0000] {dag.py:4138} INFO - Setting next_dagrun for tutorial_dag to None, run_after=None
[2024-08-24T16:33:49.817+0000] {processor.py:208} INFO - Processing /home/airflow/.local/lib/python3.12/site-packages/airflow/example_dags/tutorial_dag.py took 0.789 seconds
[2024-08-24T16:34:36.146+0000] {processor.py:186} INFO - Started process (PID=255) to work on /home/airflow/.local/lib/python3.12/site-packages/airflow/example_dags/tutorial_dag.py
[2024-08-24T16:34:36.151+0000] {processor.py:914} INFO - Processing file /home/airflow/.local/lib/python3.12/site-packages/airflow/example_dags/tutorial_dag.py for tasks to queue
[2024-08-24T16:34:36.160+0000] {logging_mixin.py:190} INFO - [2024-08-24T16:34:36.159+0000] {dagbag.py:587} INFO - Filling up the DagBag from /home/airflow/.local/lib/python3.12/site-packages/airflow/example_dags/tutorial_dag.py
[2024-08-24T16:34:36.248+0000] {processor.py:925} INFO - DAG(s) 'tutorial_dag' retrieved from /home/airflow/.local/lib/python3.12/site-packages/airflow/example_dags/tutorial_dag.py
[2024-08-24T16:34:36.441+0000] {logging_mixin.py:190} INFO - [2024-08-24T16:34:36.441+0000] {dag.py:3211} INFO - Sync 1 DAGs
[2024-08-24T16:34:36.589+0000] {logging_mixin.py:190} INFO - [2024-08-24T16:34:36.589+0000] {dag.py:4138} INFO - Setting next_dagrun for tutorial_dag to None, run_after=None
[2024-08-24T16:34:36.772+0000] {processor.py:208} INFO - Processing /home/airflow/.local/lib/python3.12/site-packages/airflow/example_dags/tutorial_dag.py took 0.645 seconds
[2024-08-24T16:35:08.076+0000] {processor.py:186} INFO - Started process (PID=317) to work on /home/airflow/.local/lib/python3.12/site-packages/airflow/example_dags/tutorial_dag.py
[2024-08-24T16:35:08.107+0000] {processor.py:914} INFO - Processing file /home/airflow/.local/lib/python3.12/site-packages/airflow/example_dags/tutorial_dag.py for tasks to queue
[2024-08-24T16:35:08.163+0000] {logging_mixin.py:190} INFO - [2024-08-24T16:35:08.133+0000] {dagbag.py:587} INFO - Filling up the DagBag from /home/airflow/.local/lib/python3.12/site-packages/airflow/example_dags/tutorial_dag.py
[2024-08-24T16:35:08.544+0000] {processor.py:925} INFO - DAG(s) 'tutorial_dag' retrieved from /home/airflow/.local/lib/python3.12/site-packages/airflow/example_dags/tutorial_dag.py
[2024-08-24T16:35:08.933+0000] {logging_mixin.py:190} INFO - [2024-08-24T16:35:08.932+0000] {dag.py:3211} INFO - Sync 1 DAGs
[2024-08-24T16:35:09.282+0000] {logging_mixin.py:190} INFO - [2024-08-24T16:35:09.281+0000] {dag.py:4138} INFO - Setting next_dagrun for tutorial_dag to None, run_after=None
[2024-08-24T16:35:09.702+0000] {processor.py:208} INFO - Processing /home/airflow/.local/lib/python3.12/site-packages/airflow/example_dags/tutorial_dag.py took 1.734 seconds
[2024-08-24T16:36:51.260+0000] {processor.py:186} INFO - Started process (PID=409) to work on /home/airflow/.local/lib/python3.12/site-packages/airflow/example_dags/tutorial_dag.py
[2024-08-24T16:36:51.274+0000] {processor.py:914} INFO - Processing file /home/airflow/.local/lib/python3.12/site-packages/airflow/example_dags/tutorial_dag.py for tasks to queue
[2024-08-24T16:36:51.291+0000] {logging_mixin.py:190} INFO - [2024-08-24T16:36:51.290+0000] {dagbag.py:587} INFO - Filling up the DagBag from /home/airflow/.local/lib/python3.12/site-packages/airflow/example_dags/tutorial_dag.py
[2024-08-24T16:36:51.441+0000] {processor.py:925} INFO - DAG(s) 'tutorial_dag' retrieved from /home/airflow/.local/lib/python3.12/site-packages/airflow/example_dags/tutorial_dag.py
[2024-08-24T16:36:51.832+0000] {logging_mixin.py:190} INFO - [2024-08-24T16:36:51.831+0000] {dag.py:3211} INFO - Sync 1 DAGs
[2024-08-24T16:36:52.138+0000] {logging_mixin.py:190} INFO - [2024-08-24T16:36:52.137+0000] {dag.py:4138} INFO - Setting next_dagrun for tutorial_dag to None, run_after=None
[2024-08-24T16:36:52.336+0000] {processor.py:208} INFO - Processing /home/airflow/.local/lib/python3.12/site-packages/airflow/example_dags/tutorial_dag.py took 1.243 seconds
[2024-08-24T16:37:55.651+0000] {processor.py:186} INFO - Started process (PID=476) to work on /home/airflow/.local/lib/python3.12/site-packages/airflow/example_dags/tutorial_dag.py
[2024-08-24T16:37:55.669+0000] {processor.py:914} INFO - Processing file /home/airflow/.local/lib/python3.12/site-packages/airflow/example_dags/tutorial_dag.py for tasks to queue
[2024-08-24T16:37:55.727+0000] {logging_mixin.py:190} INFO - [2024-08-24T16:37:55.726+0000] {dagbag.py:587} INFO - Filling up the DagBag from /home/airflow/.local/lib/python3.12/site-packages/airflow/example_dags/tutorial_dag.py
[2024-08-24T16:37:55.854+0000] {processor.py:925} INFO - DAG(s) 'tutorial_dag' retrieved from /home/airflow/.local/lib/python3.12/site-packages/airflow/example_dags/tutorial_dag.py
[2024-08-24T16:37:56.049+0000] {logging_mixin.py:190} INFO - [2024-08-24T16:37:56.049+0000] {dag.py:3211} INFO - Sync 1 DAGs
[2024-08-24T16:37:56.202+0000] {logging_mixin.py:190} INFO - [2024-08-24T16:37:56.201+0000] {dag.py:4138} INFO - Setting next_dagrun for tutorial_dag to None, run_after=None
[2024-08-24T16:37:56.520+0000] {processor.py:208} INFO - Processing /home/airflow/.local/lib/python3.12/site-packages/airflow/example_dags/tutorial_dag.py took 0.956 seconds
